        0.0000000000         2.5000000000         0.0013862202
        0.0050000000         2.5125650477        -0.0011613933
        0.0100000000         2.5251221591        -0.0037090069
        0.0150000000         2.5376634028        -0.0037090069
        0.0200000000         2.5501808574         0.0039338338
        0.0250000000         2.5626666168         0.0052076406
        0.0300000000         2.5751127946         0.0077552542
        0.0350000000         2.5875115295         0.0052076406
        0.0400000000         2.5998549903         0.0115766745
        0.0450000000         2.6121353805         0.0064814474
        0.0500000000         2.6243449436         0.0153980949
        0.0550000000         2.6364759678         0.0128504813
        0.0600000000         2.6485207908         0.0281361627
        0.0650000000         2.6604718049         0.0204933220
        0.0700000000         2.6723214616         0.0370528102
        0.0750000000         2.6840622763         0.0332313898
        0.0800000000         2.6956868334         0.0319575831
        0.0850000000         2.7071877905         0.0357790034
        0.0900000000         2.7185578833         0.0396004238
        0.0950000000         2.7297899303         0.0408742305
        0.1000000000         2.7408768371         0.0459694577
        0.1050000000         2.7518116008         0.0485170713
        0.1100000000         2.7625873150         0.0497908780
        0.1150000000         2.7731971734         0.0510646848
        0.1200000000         2.7836344746         0.0574337187
        0.1250000000         2.7938926261         0.0561599120
        0.1300000000         2.8039651488         0.0587075255
        0.1350000000         2.8138456806         0.0650765595
        0.1400000000         2.8235279808         0.0676241730
        0.1450000000         2.8330059337         0.0676241730
        0.1500000000         2.8422735530         0.0727194002
        0.1550000000         2.8513249849         0.0739932069
        0.1600000000         2.8601545124         0.0841836612
        0.1650000000         2.8687565587         0.0778146273
        0.1700000000         2.8771256904         0.0816360476
        0.1750000000         2.8852566214         0.0765408205
        0.1800000000         2.8931442161         0.0867312748
        0.1850000000         2.9007834924         0.0867312748
        0.1900000000         2.9081696254         0.0892788884
        0.1950000000         2.9152979496         0.0956479223
        0.2000000000         2.9221639628         0.0918265019
        0.2050000000         2.9287633281         0.0943741155
        0.2100000000         2.9350918773         0.0956479223
        0.2150000000         2.9411456132         0.1007431494
        0.2200000000         2.9469207121         0.0994693426
        0.2250000000         2.9524135262         0.0994693426
        0.2300000000         2.9576205863         0.1045645698
        0.2350000000         2.9625386034         0.1083859901
        0.2400000000         2.9671644712         0.1096597969
        0.2450000000         2.9714952679         0.1096597969
        0.2500000000         2.9755282581         0.1134812173
        0.2550000000         2.9792608945         0.1109336037
        0.2600000000         2.9826908194         0.1109336037
        0.2650000000         2.9858158665         0.1160288308
        0.2700000000         2.9886340618         0.1198502512
        0.2750000000         2.9911436254         0.1109336037
        0.2800000000         2.9933429721         0.1198502512
        0.2850000000         2.9952307128         0.1185764444
        0.2900000000         2.9968056553         0.1211240580
        0.2950000000         2.9980668046         0.1236716715
        0.3000000000         2.9990133642         0.1262192851
        0.3050000000         2.9996447363         0.1274930919
        0.3100000000         2.9999605221         0.1274930919
        0.3150000000         2.9999605221         0.1262192851
        0.3200000000         2.9996447363         0.1313145122
        0.3250000000         2.9990133642         0.1262192851
        0.3300000000         2.9980668046         0.1427787733
        0.3350000000         2.9968056553         0.1338621258
        0.3400000000         2.9952307128         0.1351359326
        0.3450000000         2.9933429721         0.1300407055
        0.3500000000         2.9911436254         0.1300407055
        0.3550000000         2.9886340618         0.1300407055
        0.3600000000         2.9858158665         0.1313145122
        0.3650000000         2.9826908194         0.1338621258
        0.3700000000         2.9792608945         0.1300407055
        0.3750000000         2.9755282581         0.1440525801
        0.3800000000         2.9714952679         0.1313145122
        0.3850000000         2.9671644712         0.1453263869
        0.3900000000         2.9625386034         0.1313145122
        0.3950000000         2.9576205863         0.1287668987
        0.4000000000         2.9524135262         0.1338621258
        0.4050000000         2.9469207121         0.1593382615
        0.4100000000         2.9411456132         0.1389573529
        0.4150000000         2.9350918773         0.1338621258
        0.4200000000         2.9287633281         0.1402311597
        0.4250000000         2.9221639628         0.1287668987
        0.4300000000         2.9152979496         0.1364097394
        0.4350000000         2.9081696254         0.1262192851
        0.4400000000         2.9007834924         0.1287668987
        0.4450000000         2.8931442161         0.1300407055
        0.4500000000         2.8852566214         0.1300407055
        0.4550000000         2.8771256904         0.1325883190
        0.4600000000         2.8687565587         0.1325883190
        0.4650000000         2.8601545124         0.1325883190
        0.4700000000         2.8513249849         0.1249454783
        0.4750000000         2.8422735530         0.1287668987
        0.4800000000         2.8330059337         0.1274930919
        0.4850000000         2.8235279808         0.1287668987
        0.4900000000         2.8138456806         0.1249454783
        0.4950000000         2.8039651488         0.1313145122
        0.5000000000         2.7938926261         0.1325883190
        0.5050000000         2.7836344746         0.1249454783
        0.5100000000         2.7731971734         0.1198502512
        0.5150000000         2.7625873150         0.1198502512
        0.5200000000         2.7518116008         0.1236716715
        0.5250000000         2.7408768371         0.1211240580
        0.5300000000         2.7297899303         0.1134812173
        0.5350000000         2.7185578833         0.1122074105
        0.5400000000         2.7071877905         0.1173026376
        0.5450000000         2.6956868334         0.1007431494
        0.5500000000         2.6840622763         0.0867312748
        0.5550000000         2.6723214616         0.1032907630
        0.5600000000         2.6604718049         0.1096597969
        0.5650000000         2.6485207908         0.0943741155
        0.5700000000         2.6364759678         0.1020169562
        0.5750000000         2.6243449436         0.0943741155
        0.5800000000         2.6121353805         0.0994693426
        0.5850000000         2.5998549903         0.0931003087
        0.5900000000         2.5875115295         0.0931003087
        0.5950000000         2.5751127946         0.0880050816
        0.6000000000         2.5626666168         0.0829098544
        0.6050000000         2.5501808574         0.0765408205
        0.6100000000         2.5376634028         0.0778146273
        0.6150000000         2.5251221591         0.0650765595
        0.6200000000         2.5125650477         0.0650765595
        0.6250000000         2.5000000000         0.0561599120
        0.6300000000         2.4874349523         0.0408742305
        0.6350000000         2.4748778409         0.0383266170
        0.6400000000         2.4623365972         0.0383266170
        0.6450000000         2.4498191426         0.0319575831
        0.6500000000         2.4373333832         0.0179457084
        0.6550000000         2.4248872054        -0.0062566205
        0.6600000000         2.4124884705        -0.0037090069
        0.6650000000         2.4001450097         0.0026600270
        0.6700000000         2.3878646195        -0.0011613933
        0.6750000000         2.3756550564         0.0013862202
        0.6800000000         2.3635240322         0.0026600270
        0.6850000000         2.3514792092         0.0039338338
        0.6900000000         2.3395281951         0.0052076406
        0.6950000000         2.3276785384         0.0039338338
        0.7000000000         2.3159377237        -0.0011613933
        0.7050000000         2.3043131666        -0.0444708240
        0.7100000000         2.2928122095        -0.0393755969
        0.7150000000         2.2814421167        -0.0317327562
        0.7200000000         2.2702100697        -0.0444708240
        0.7250000000         2.2591231629        -0.0431970172
        0.7300000000         2.2481883992        -0.0419232104
        0.7350000000         2.2374126850        -0.0482922444
        0.7400000000         2.2268028266        -0.0431970172
        0.7450000000         2.2163655254        -0.0431970172
        0.7500000000         2.2061073739        -0.0559350851
        0.7550000000         2.1960348512        -0.0482922444
        0.7600000000         2.1861543194        -0.0495660511
        0.7650000000         2.1764720192        -0.0521136647
        0.7700000000         2.1669940663        -0.0482922444
        0.7750000000         2.1577264470        -0.0533874715
        0.7800000000         2.1486750151        -0.0508398579
        0.7850000000         2.1398454876        -0.0533874715
        0.7900000000         2.1312434413        -0.0610303122
        0.7950000000         2.1228743096        -0.0635779258
        0.8000000000         2.1147433786        -0.0610303122
        0.8050000000         2.1068557839        -0.0673993461
        0.8100000000         2.0992165076        -0.0686731529
        0.8150000000         2.0918303746        -0.0724945733
        0.8200000000         2.0847020504        -0.0661255393
        0.8250000000         2.0778360372        -0.0712207665
        0.8300000000         2.0712366719        -0.0699469597
        0.8350000000         2.0649081227        -0.0763159936
        0.8400000000         2.0588543868        -0.0750421868
        0.8450000000         2.0530792879        -0.0724945733
        0.8500000000         2.0475864738        -0.0814112207
        0.8550000000         2.0423794137        -0.0814112207
        0.8600000000         2.0374613966        -0.0865064479
        0.8650000000         2.0328355288        -0.0865064479
        0.8700000000         2.0285047321        -0.0801374140
        0.8750000000         2.0244717419        -0.0890540615
        0.8800000000         2.0207391055        -0.0928754818
        0.8850000000         2.0173091806        -0.0852326411
        0.8900000000         2.0141841335        -0.0852326411
        0.8950000000         2.0113659382        -0.0992445157
        0.9000000000         2.0088563746        -0.0826850275
        0.9050000000         2.0066570279        -0.0966969022
        0.9100000000         2.0047692872        -0.0928754818
        0.9150000000         2.0031943447        -0.0979707089
        0.9200000000         2.0019331954        -0.0979707089
        0.9250000000         2.0009866358        -0.1030659361
        0.9300000000         2.0003552637        -0.1043397429
        0.9350000000         2.0000394779        -0.0992445157
        0.9400000000         2.0000394779        -0.1145301971
        0.9450000000         2.0003552637        -0.1094349700
        0.9500000000         2.0009866358        -0.1056135497
        0.9550000000         2.0019331954        -0.1068873564
        0.9600000000         2.0031943447        -0.1081611632
        0.9650000000         2.0047692872        -0.1119825836
        0.9700000000         2.0066570279        -0.1132563904
        0.9750000000         2.0088563746        -0.1145301971
        0.9800000000         2.0113659382        -0.1196254243
        0.9850000000         2.0141841335        -0.1145301971
        0.9900000000         2.0173091806        -0.1158040039
        0.9950000000         2.0207391055        -0.1183516175
        1.0000000000         2.0244717419        -0.1145301971
        1.0050000000         2.0285047321        -0.1158040039
        1.0100000000         2.0328355288        -0.1158040039
        1.0150000000         2.0374613966        -0.1221730378
        1.0200000000         2.0423794137        -0.1170778107
        1.0250000000         2.0475864738        -0.1259944582
        1.0300000000         2.0530792879        -0.1221730378
        1.0350000000         2.0588543868        -0.1119825836
        1.0400000000         2.0649081227        -0.1183516175
        1.0450000000         2.0712366719        -0.1298158786
        1.0500000000         2.0778360372        -0.1183516175
        1.0550000000         2.0847020504        -0.1259944582
        1.0600000000         2.0918303746        -0.1196254243
        1.0650000000         2.0992165076        -0.1170778107
        1.0700000000         2.1068557839        -0.1158040039
        1.0750000000         2.1147433786        -0.1221730378
        1.0800000000         2.1228743096        -0.1196254243
        1.0850000000         2.1312434413        -0.1170778107
        1.0900000000         2.1398454876        -0.1068873564
        1.0950000000         2.1486750151        -0.1170778107
        1.1000000000         2.1577264470        -0.1132563904
        1.1050000000         2.1669940663        -0.1183516175
        1.1100000000         2.1764720192        -0.1145301971
        1.1150000000         2.1861543194        -0.1119825836
        1.1200000000         2.1960348512        -0.1068873564
        1.1250000000         2.2061073739        -0.1145301971
        1.1300000000         2.2163655254        -0.1094349700
        1.1350000000         2.2268028266        -0.1056135497
        1.1400000000         2.2374126850        -0.1081611632
        1.1450000000         2.2481883992        -0.1056135497
        1.1500000000         2.2591231629        -0.1017921293
        1.1550000000         2.2702100697        -0.1017921293
        1.1600000000         2.2814421167        -0.1170778107
        1.1650000000         2.2928122095        -0.0992445157
        1.1700000000         2.3043131666        -0.0941492886
        1.1750000000         2.3159377237        -0.0903278682
        1.1800000000         2.3276785384        -0.0928754818
        1.1850000000         2.3395281951        -0.0941492886
        1.1900000000         2.3514792092        -0.0865064479
        1.1950000000         2.3635240322        -0.0839588343
        1.2000000000         2.3756550564        -0.0750421868
        1.2050000000         2.3878646195        -0.0775898004
        1.2100000000         2.4001450097        -0.0788636072
        1.2150000000         2.4124884705        -0.0686731529
        1.2200000000         2.4248872054        -0.0686731529
        1.2250000000         2.4373333832        -0.0699469597
        1.2300000000         2.4498191426        -0.0648517326
        1.2350000000         2.4623365972        -0.0623041190
        1.2400000000         2.4748778409        -0.0572088918
        1.2450000000         2.4874349523        -0.0431970172
        1.2500000000         2.5000000000        -0.0431970172
        1.2550000000         2.5125650477        -0.0304589494
        1.2600000000         2.5251221591        -0.0279113358
        1.2650000000         2.5376634028        -0.0202684951
        1.2700000000         2.5501808574        -0.0126256544
        1.2750000000         2.5626666168        -0.0075304273
        1.2800000000         2.5751127946         0.0090290609
        1.2850000000         2.5875115295        -0.0011613933
        1.2900000000         2.5998549903         0.0039338338
        1.2950000000         2.6121353805         0.0026600270
        1.3000000000         2.6243449436        -0.0037090069
        1.3050000000         2.6364759678        -0.0037090069
        1.3100000000         2.6485207908         0.0039338338
        1.3150000000         2.6604718049         0.0013862202
        1.3200000000         2.6723214616         0.0306837763
        1.3250000000         2.6840622763         0.0650765595
        1.3300000000         2.6956868334         0.0332313898
        1.3350000000         2.7071877905         0.0536122984
        1.3400000000         2.7185578833         0.0383266170
        1.3450000000         2.7297899303         0.0510646848
        1.3500000000         2.7408768371         0.0383266170
        1.3550000000         2.7518116008         0.0485170713
        1.3600000000         2.7625873150         0.0497908780
        1.3650000000         2.7731971734         0.0497908780
        1.3700000000         2.7836344746         0.0574337187
        1.3750000000         2.7938926261         0.0574337187
        1.3800000000         2.8039651488         0.0663503662
        1.3850000000         2.8138456806         0.0638027527
        1.3900000000         2.8235279808         0.0765408205
        1.3950000000         2.8330059337         0.0727194002
        1.4000000000         2.8422735530         0.0727194002
        1.4050000000         2.8513249849         0.0739932069
        1.4100000000         2.8601545124         0.0739932069
        1.4150000000         2.8687565587         0.0739932069
        1.4200000000         2.8771256904         0.0752670137
        1.4250000000         2.8852566214         0.0778146273
        1.4300000000         2.8931442161         0.0880050816
        1.4350000000         2.9007834924         0.0803622409
        1.4400000000         2.9081696254         0.0892788884
        1.4450000000         2.9152979496         0.0905526951
        1.4500000000         2.9221639628         0.0905526951
        1.4550000000         2.9287633281         0.0918265019
        1.4600000000         2.9350918773         0.0892788884
        1.4650000000         2.9411456132         0.0969217291
        1.4700000000         2.9469207121         0.0943741155
        1.4750000000         2.9524135262         0.0981955358
        1.4800000000         2.9576205863         0.1058383765
        1.4850000000         2.9625386034         0.0943741155
        1.4900000000         2.9671644712         0.1045645698
        1.4950000000         2.9714952679         0.1032907630
        1.5000000000         2.9755282581         0.1020169562
        1.5050000000         2.9792608945         0.1058383765
        1.5100000000         2.9826908194         0.1071121833
        1.5150000000         2.9858158665         0.1020169562
        1.5200000000         2.9886340618         0.1071121833
        1.5250000000         2.9911436254         0.1096597969
        1.5300000000         2.9933429721         0.1058383765
        1.5350000000         2.9952307128         0.1109336037
        1.5400000000         2.9968056553         0.1096597969
        1.5450000000         2.9980668046         0.1173026376
        1.5500000000         2.9990133642         0.1109336037
        1.5550000000         2.9996447363         0.1173026376
        1.5600000000         2.9999605221         0.1223978647
        1.5650000000         2.9999605221         0.1236716715
        1.5700000000         2.9996447363         0.1198502512
        1.5750000000         2.9990133642         0.1313145122
        1.5800000000         2.9980668046         0.1249454783
        1.5850000000         2.9968056553         0.1223978647
        1.5900000000         2.9952307128         0.1262192851
        1.5950000000         2.9933429721         0.1287668987
        1.6000000000         2.9911436254         0.1274930919
        1.6050000000         2.9886340618         0.1045645698
        1.6100000000         2.9858158665         0.1325883190
        1.6150000000         2.9826908194         0.1249454783
        1.6200000000         2.9792608945         0.1351359326
        1.6250000000         2.9755282581         0.1351359326
        1.6300000000         2.9714952679         0.1300407055
        1.6350000000         2.9671644712         0.1325883190
        1.6400000000         2.9625386034         0.1300407055
        1.6450000000         2.9576205863         0.1389573529
        1.6500000000         2.9524135262         0.1440525801
        1.6550000000         2.9469207121         0.1427787733
        1.6600000000         2.9411456132         0.1376835462
        1.6650000000         2.9350918773         0.1313145122
        1.6700000000         2.9287633281         0.1351359326
        1.6750000000         2.9221639628         0.1300407055
        1.6800000000         2.9152979496         0.1351359326
        1.6850000000         2.9081696254         0.1402311597
        1.6900000000         2.9007834924         0.1364097394
        1.6950000000         2.8931442161         0.1351359326
        1.7000000000         2.8852566214         0.1287668987
        1.7050000000         2.8771256904         0.1287668987
        1.7100000000         2.8687565587         0.1427787733
        1.7150000000         2.8601545124         0.1325883190
        1.7200000000         2.8513249849         0.1491478072
        1.7250000000         2.8422735530         0.1313145122
        1.7300000000         2.8330059337         0.1287668987
        1.7350000000         2.8235279808         0.1262192851
        1.7400000000         2.8138456806         0.1300407055
        1.7450000000         2.8039651488         0.1274930919
        1.7500000000         2.7938926261         0.1185764444
        1.7550000000         2.7836344746         0.1236716715
        1.7600000000         2.7731971734         0.1274930919
        1.7650000000         2.7625873150         0.1185764444
        1.7700000000         2.7518116008         0.1262192851
        1.7750000000         2.7408768371         0.1147550240
        1.7800000000         2.7297899303         0.1185764444
        1.7850000000         2.7185578833         0.0880050816
        1.7900000000         2.7071877905         0.1198502512
        1.7950000000         2.6956868334         0.1083859901
        1.8000000000         2.6840622763         0.1160288308
        1.8050000000         2.6723214616         0.1071121833
        1.8100000000         2.6604718049         0.1071121833
        1.8150000000         2.6485207908         0.1007431494
        1.8200000000         2.6364759678         0.1032907630
        1.8250000000         2.6243449436         0.0969217291
        1.8300000000         2.6121353805         0.1083859901
        1.8350000000         2.5998549903         0.0943741155
        1.8400000000         2.5875115295         0.0918265019
        1.8450000000         2.5751127946         0.0892788884
        1.8500000000         2.5626666168         0.0854574680
        1.8550000000         2.5501808574         0.0765408205
        1.8600000000         2.5376634028         0.0803622409
        1.8650000000         2.5251221591         0.0714455934
        1.8700000000         2.5125650477         0.0638027527
        1.8750000000         2.5000000000         0.0485170713
        1.8800000000         2.4874349523         0.0485170713
        1.8850000000         2.4748778409         0.0396004238
        1.8900000000         2.4623365972         0.0319575831
        1.8950000000         2.4498191426         0.0294099695
        1.9000000000         2.4373333832         0.0179457084
        1.9050000000         2.4248872054         0.0013862202
        1.9100000000         2.4124884705        -0.0011613933
        1.9150000000         2.4001450097        -0.0011613933
        1.9200000000         2.3878646195         0.0026600270
        1.9250000000         2.3756550564         0.0001124134
        1.9300000000         2.3635240322         0.0026600270
        1.9350000000         2.3514792092         0.0001124134
        1.9400000000         2.3395281951        -0.0011613933
        1.9450000000         2.3276785384         0.0039338338
        1.9500000000         2.3159377237        -0.0037090069
        1.9550000000         2.3043131666        -0.0355541765
        1.9600000000         2.2928122095        -0.0482922444
        1.9650000000         2.2814421167        -0.0330065629
        1.9700000000         2.2702100697        -0.0431970172
        1.9750000000         2.2591231629        -0.0406494037
        1.9800000000         2.2481883992        -0.0431970172
        1.9850000000         2.2374126850        -0.0431970172
        1.9900000000         2.2268028266        -0.0508398579
        1.9950000000         2.2163655254        -0.0406494037
        2.0000000000         2.2061073739        -0.0482922444
        2.0050000000         2.1960348512        -0.0610303122
        2.0100000000         2.1861543194        -0.0521136647
        2.0150000000         2.1764720192        -0.0533874715
        2.0200000000         2.1669940663        -0.0482922444
        2.0250000000         2.1577264470        -0.0546612783
        2.0300000000         2.1486750151        -0.0610303122
        2.0350000000         2.1398454876        -0.0597565054
        2.0400000000         2.1312434413        -0.0610303122
        2.0450000000         2.1228743096        -0.0635779258
        2.0500000000         2.1147433786        -0.0814112207
        2.0550000000         2.1068557839        -0.0623041190
        2.0600000000         2.0992165076        -0.0712207665
        2.0650000000         2.0918303746        -0.0686731529
        2.0700000000         2.0847020504        -0.0673993461
        2.0750000000         2.0778360372        -0.0699469597
        2.0800000000         2.0712366719        -0.0699469597
        2.0850000000         2.0649081227        -0.0903278682
        2.0900000000         2.0588543868        -0.0724945733
        2.0950000000         2.0530792879        -0.0801374140
        2.1000000000         2.0475864738        -0.0775898004
        2.1050000000         2.0423794137        -0.0814112207
        2.1100000000         2.0374613966        -0.0788636072
        2.1150000000         2.0328355288        -0.0916016750
        2.1200000000         2.0285047321        -0.0852326411
        2.1250000000         2.0244717419        -0.0839588343
        2.1300000000         2.0207391055        -0.0890540615
        2.1350000000         2.0173091806        -0.1005183225
        2.1400000000         2.0141841335        -0.0890540615
        2.1450000000         2.0113659382        -0.0954230954
        2.1500000000         2.0088563746        -0.0941492886
        2.1550000000         2.0066570279        -0.1081611632
        2.1600000000         2.0047692872        -0.0979707089
        2.1650000000         2.0031943447        -0.1005183225
        2.1700000000         2.0019331954        -0.0992445157
        2.1750000000         2.0009866358        -0.0966969022
        2.1800000000         2.0003552637        -0.1005183225
        2.1850000000         2.0000394779        -0.1005183225
        2.1900000000         2.0000394779        -0.1043397429
        2.1950000000         2.0003552637        -0.1094349700
        2.2000000000         2.0009866358        -0.0992445157
        2.2050000000         2.0019331954        -0.1017921293
        2.2100000000         2.0031943447        -0.1132563904
        2.2150000000         2.0047692872        -0.1081611632
        2.2200000000         2.0066570279        -0.1107087768
        2.2250000000         2.0088563746        -0.1158040039
        2.2300000000         2.0113659382        -0.1043397429
        2.2350000000         2.0141841335        -0.1145301971
        2.2400000000         2.0173091806        -0.1068873564
        2.2450000000         2.0207391055        -0.1132563904
        2.2500000000         2.0244717419        -0.1196254243
        2.2550000000         2.0285047321        -0.1081611632
        2.2600000000         2.0328355288        -0.1094349700
        2.2650000000         2.0374613966        -0.1208992311
        2.2700000000         2.0423794137        -0.1030659361
        2.2750000000         2.0475864738        -0.1221730378
        2.2800000000         2.0530792879        -0.1132563904
        2.2850000000         2.0588543868        -0.1107087768
        2.2900000000         2.0649081227        -0.1132563904
        2.2950000000         2.0712366719        -0.1132563904
        2.3000000000         2.0778360372        -0.1208992311
        2.3050000000         2.0847020504        -0.1081611632
        2.3100000000         2.0918303746        -0.1132563904
        2.3150000000         2.0992165076        -0.1119825836
        2.3200000000         2.1068557839        -0.1183516175
        2.3250000000         2.1147433786        -0.1158040039
        2.3300000000         2.1228743096        -0.1094349700
        2.3350000000         2.1312434413        -0.1132563904
        2.3400000000         2.1398454876        -0.1132563904
        2.3450000000         2.1486750151        -0.1119825836
        2.3500000000         2.1577264470        -0.1170778107
        2.3550000000         2.1669940663        -0.1068873564
        2.3600000000         2.1764720192        -0.1043397429
        2.3650000000         2.1861543194        -0.1094349700
        2.3700000000         2.1960348512        -0.1132563904
        2.3750000000         2.2061073739        -0.1094349700
        2.3800000000         2.2163655254        -0.1107087768
        2.3850000000         2.2268028266        -0.1005183225
        2.3900000000         2.2374126850        -0.0966969022
        2.3950000000         2.2481883992        -0.0992445157
        2.4000000000         2.2591231629        -0.0852326411
        2.4050000000         2.2702100697        -0.1043397429
        2.4100000000         2.2814421167        -0.0890540615
        2.4150000000         2.2928122095        -0.1005183225
        2.4200000000         2.3043131666        -0.0852326411
        2.4250000000         2.3159377237        -0.0954230954
        2.4300000000         2.3276785384        -0.0890540615
        2.4350000000         2.3395281951        -0.0839588343
        2.4400000000         2.3514792092        -0.0865064479
        2.4450000000         2.3635240322        -0.0750421868
        2.4500000000         2.3756550564        -0.0826850275
        2.4550000000         2.3878646195        -0.0763159936
        2.4600000000         2.4001450097        -0.0775898004
        2.4650000000         2.4124884705        -0.0686731529
        2.4700000000         2.4248872054        -0.0673993461
        2.4750000000         2.4373333832        -0.0712207665
        2.4800000000         2.4498191426        -0.0635779258
        2.4850000000         2.4623365972        -0.0648517326
        2.4900000000         2.4748778409        -0.0470184376
        2.4950000000         2.4874349523        -0.0495660511
        2.5000000000         2.5000000000        -0.0431970172
        2.5050000000         2.5125650477        -0.0342803697
        2.5100000000         2.5251221591        -0.0253637222
        2.5150000000         2.5376634028        -0.0240899155
        2.5200000000         2.5501808574        -0.0126256544
        2.5250000000         2.5626666168         0.0001124134
        2.5300000000         2.5751127946         0.0077552542
        2.5350000000         2.5875115295         0.0013862202
        2.5400000000         2.5998549903         0.0013862202
        2.5450000000         2.6121353805         0.0128504813
        2.5500000000         2.6243449436         0.0052076406
        2.5550000000         2.6364759678         0.0013862202
        2.5600000000         2.6485207908         0.0052076406
        2.5650000000         2.6604718049         0.0026600270
        2.5700000000         2.6723214616         0.0192195152
        2.5750000000         2.6840622763         0.0676241730
        2.5800000000         2.6956868334         0.0357790034
        2.5850000000         2.7071877905         0.0523384916
        2.5900000000         2.7185578833         0.0255885491
        2.5950000000         2.7297899303         0.0561599120
        2.6000000000         2.7408768371         0.0510646848
        2.6050000000         2.7518116008         0.0587075255
        2.6100000000         2.7625873150         0.0536122984
        2.6150000000         2.7731971734         0.0523384916
        2.6200000000         2.7836344746         0.0497908780
        2.6250000000         2.7938926261         0.0574337187
        2.6300000000         2.8039651488         0.0574337187
        2.6350000000         2.8138456806         0.0587075255
        2.6400000000         2.8235279808         0.0574337187
        2.6450000000         2.8330059337         0.0638027527
        2.6500000000         2.8422735530         0.0701717866
        2.6550000000         2.8513249849         0.0714455934
        2.6600000000         2.8601545124         0.0778146273
        2.6650000000         2.8687565587         0.0765408205
        2.6700000000         2.8771256904         0.0739932069
        2.6750000000         2.8852566214         0.0778146273
        2.6800000000         2.8931442161         0.0778146273
        2.6850000000         2.9007834924         0.0778146273
        2.6900000000         2.9081696254         0.0803622409
        2.6950000000         2.9152979496         0.0803622409
        2.7000000000         2.9221639628         0.0905526951
        2.7050000000         2.9287633281         0.0892788884
        2.7100000000         2.9350918773         0.0943741155
        2.7150000000         2.9411456132         0.0880050816
        2.7200000000         2.9469207121         0.0956479223
        2.7250000000         2.9524135262         0.0931003087
        2.7300000000         2.9576205863         0.1045645698
        2.7350000000         2.9625386034         0.0994693426
        2.7400000000         2.9671644712         0.1071121833
        2.7450000000         2.9714952679         0.1020169562
        2.7500000000         2.9755282581         0.1083859901
        2.7550000000         2.9792608945         0.1032907630
        2.7600000000         2.9826908194         0.1032907630
        2.7650000000         2.9858158665         0.1096597969
        2.7700000000         2.9886340618         0.1096597969
        2.7750000000         2.9911436254         0.1071121833
        2.7800000000         2.9933429721         0.1096597969
        2.7850000000         2.9952307128         0.1147550240
        2.7900000000         2.9968056553         0.1109336037
        2.7950000000         2.9980668046         0.1096597969
        2.8000000000         2.9990133642         0.1236716715
        2.8050000000         2.9996447363         0.1338621258
        2.8100000000         2.9999605221         0.1236716715
        2.8150000000         2.9999605221         0.1211240580
        2.8200000000         2.9996447363         0.1262192851
        2.8250000000         2.9990133642         0.1262192851
        2.8300000000         2.9980668046         0.1287668987
        2.8350000000         2.9968056553         0.1415049665
        2.8400000000         2.9952307128         0.1300407055
        2.8450000000         2.9933429721         0.1325883190
        2.8500000000         2.9911436254         0.1415049665
        2.8550000000         2.9886340618         0.1351359326
        2.8600000000         2.9858158665         0.1262192851
        2.8650000000         2.9826908194         0.1453263869
        2.8700000000         2.9792608945         0.1351359326
        2.8750000000         2.9755282581         0.1402311597
        2.8800000000         2.9714952679         0.1300407055
        2.8850000000         2.9671644712         0.1325883190
        2.8900000000         2.9625386034         0.1427787733
        2.8950000000         2.9576205863         0.1376835462
        2.9000000000         2.9524135262         0.1351359326
        2.9050000000         2.9469207121         0.1427787733
        2.9100000000         2.9411456132         0.1287668987
        2.9150000000         2.9350918773         0.1338621258
        2.9200000000         2.9287633281         0.1440525801
        2.9250000000         2.9221639628         0.1338621258
        2.9300000000         2.9152979496         0.1338621258
        2.9350000000         2.9081696254         0.1440525801
        2.9400000000         2.9007834924         0.1364097394
        2.9450000000         2.8931442161         0.1402311597
        2.9500000000         2.8852566214         0.1389573529
        2.9550000000         2.8771256904         0.1313145122
        2.9600000000         2.8687565587         0.1351359326
        2.9650000000         2.8601545124         0.1402311597
        2.9700000000         2.8513249849         0.1415049665
        2.9750000000         2.8422735530         0.1427787733
        2.9800000000         2.8330059337         0.1402311597
        2.9850000000         2.8235279808         0.1313145122
        2.9900000000         2.8138456806         0.1313145122
        2.9950000000         2.8039651488         0.1415049665
        3.0000000000         2.7938926261         0.1249454783
        3.0050000000         2.7836344746         0.1313145122
        3.0100000000         2.7731971734         0.1211240580
        3.0150000000         2.7625873150         0.1198502512
        3.0200000000         2.7518116008         0.1287668987
        3.0250000000         2.7408768371         0.1223978647
        3.0300000000         2.7297899303         0.1223978647
        3.0350000000         2.7185578833         0.1147550240
        3.0400000000         2.7071877905         0.1211240580
        3.0450000000         2.6956868334         0.1211240580
        3.0500000000         2.6840622763         0.1211240580
        3.0550000000         2.6723214616         0.1096597969
        3.0600000000         2.6604718049         0.1058383765
        3.0650000000         2.6485207908         0.1096597969
        3.0700000000         2.6364759678         0.1007431494
        3.0750000000         2.6243449436         0.1134812173
        3.0800000000         2.6121353805         0.0956479223
        3.0850000000         2.5998549903         0.1032907630
        3.0900000000         2.5875115295         0.0956479223
        3.0950000000         2.5751127946         0.0994693426
        3.1000000000         2.5626666168         0.0918265019
        3.1050000000         2.5501808574         0.0943741155
        3.1100000000         2.5376634028         0.0841836612
        3.1150000000         2.5251221591         0.0688979798
        3.1200000000         2.5125650477         0.0676241730
        3.1250000000         2.5000000000         0.0561599120
        3.1300000000         2.4874349523         0.0446956509
        3.1350000000         2.4748778409         0.0370528102
        3.1400000000         2.4623365972         0.0408742305
        3.1450000000         2.4498191426         0.0281361627
        3.1500000000         2.4373333832         0.0204933220
        3.1550000000         2.4248872054        -0.0062566205
        3.1600000000         2.4124884705        -0.0049828137
        3.1650000000         2.4001450097         0.0001124134
        3.1700000000         2.3878646195        -0.0011613933
        3.1750000000         2.3756550564         0.0013862202
        3.1800000000         2.3635240322        -0.0011613933
        3.1850000000         2.3514792092         0.0026600270
        3.1900000000         2.3395281951         0.0026600270
        3.1950000000         2.3276785384         0.0013862202
        3.2000000000         2.3159377237        -0.0138994612
        3.2050000000         2.3043131666        -0.0291851426
        3.2100000000         2.2928122095        -0.0470184376
        3.2150000000         2.2814421167        -0.0393755969
        3.2200000000         2.2702100697        -0.0393755969
        3.2250000000         2.2591231629        -0.0431970172
        3.2300000000         2.2481883992        -0.0444708240
        3.2350000000         2.2374126850        -0.0482922444
        3.2400000000         2.2268028266        -0.0610303122
        3.2450000000         2.2163655254        -0.0546612783
        3.2500000000         2.2061073739        -0.0584826986
        3.2550000000         2.1960348512        -0.0572088918
        3.2600000000         2.1861543194        -0.0572088918
        3.2650000000         2.1764720192        -0.0546612783
        3.2700000000         2.1669940663        -0.0559350851
        3.2750000000         2.1577264470        -0.0597565054
        3.2800000000         2.1486750151        -0.0559350851
        3.2850000000         2.1398454876        -0.0623041190
        3.2900000000         2.1312434413        -0.0648517326
        3.2950000000         2.1228743096        -0.0559350851
        3.3000000000         2.1147433786        -0.0648517326
        3.3050000000         2.1068557839        -0.0648517326
        3.3100000000         2.0992165076        -0.0635779258
        3.3150000000         2.0918303746        -0.0635779258
        3.3200000000         2.0847020504        -0.0686731529
        3.3250000000         2.0778360372        -0.0686731529
        3.3300000000         2.0712366719        -0.0801374140
        3.3350000000         2.0649081227        -0.0775898004
        3.3400000000         2.0588543868        -0.0814112207
        3.3450000000         2.0530792879        -0.0852326411
        3.3500000000         2.0475864738        -0.0788636072
        3.3550000000         2.0423794137        -0.0865064479
        3.3600000000         2.0374613966        -0.0826850275
        3.3650000000         2.0328355288        -0.0826850275
        3.3700000000         2.0285047321        -0.0903278682
        3.3750000000         2.0244717419        -0.0890540615
        3.3800000000         2.0207391055        -0.0954230954
        3.3850000000         2.0173091806        -0.0852326411
        3.3900000000         2.0141841335        -0.0979707089
        3.3950000000         2.0113659382        -0.0941492886
        3.4000000000         2.0088563746        -0.0992445157
        3.4050000000         2.0066570279        -0.0928754818
        3.4100000000         2.0047692872        -0.0954230954
        3.4150000000         2.0031943447        -0.0954230954
        3.4200000000         2.0019331954        -0.0992445157
        3.4250000000         2.0009866358        -0.0992445157
        3.4300000000         2.0003552637        -0.1107087768
        3.4350000000         2.0000394779        -0.0979707089
        3.4400000000         2.0000394779        -0.1005183225
        3.4450000000         2.0003552637        -0.1094349700
        3.4500000000         2.0009866358        -0.1017921293
        3.4550000000         2.0019331954        -0.1081611632
        3.4600000000         2.0031943447        -0.1094349700
        3.4650000000         2.0047692872        -0.1094349700
        3.4700000000         2.0066570279        -0.1132563904
        3.4750000000         2.0088563746        -0.1043397429
        3.4800000000         2.0113659382        -0.1119825836
        3.4850000000         2.0141841335        -0.1132563904
        3.4900000000         2.0173091806        -0.1107087768
        3.4950000000         2.0207391055        -0.1119825836
        3.5000000000         2.0244717419        -0.1208992311
        3.5050000000         2.0285047321        -0.1145301971
        3.5100000000         2.0328355288        -0.1107087768
        3.5150000000         2.0374613966        -0.1183516175
        3.5200000000         2.0423794137        -0.1119825836
        3.5250000000         2.0475864738        -0.1158040039
        3.5300000000         2.0530792879        -0.1081611632
        3.5350000000         2.0588543868        -0.1107087768
        3.5400000000         2.0649081227        -0.1145301971
        3.5450000000         2.0712366719        -0.1043397429
        3.5500000000         2.0778360372        -0.1183516175
        3.5550000000         2.0847020504        -0.1158040039
        3.5600000000         2.0918303746        -0.1158040039
        3.5650000000         2.0992165076        -0.1158040039
        3.5700000000         2.1068557839        -0.1107087768
        3.5750000000         2.1147433786        -0.1119825836
        3.5800000000         2.1228743096        -0.1056135497
        3.5850000000         2.1312434413        -0.1132563904
        3.5900000000         2.1398454876        -0.1094349700
        3.5950000000         2.1486750151        -0.1056135497
        3.6000000000         2.1577264470        -0.0992445157
        3.6050000000         2.1669940663        -0.1094349700
        3.6100000000         2.1764720192        -0.0992445157
        3.6150000000         2.1861543194        -0.1068873564
        3.6200000000         2.1960348512        -0.0966969022
        3.6250000000         2.2061073739        -0.1056135497
        3.6300000000         2.2163655254        -0.1043397429
        3.6350000000         2.2268028266        -0.1043397429
        3.6400000000         2.2374126850        -0.0954230954
        3.6450000000         2.2481883992        -0.0966969022
        3.6500000000         2.2591231629        -0.0916016750
        3.6550000000         2.2702100697        -0.0954230954
        3.6600000000         2.2814421167        -0.0865064479
        3.6650000000         2.2928122095        -0.0916016750
        3.6700000000         2.3043131666        -0.0826850275
        3.6750000000         2.3159377237        -0.0839588343
        3.6800000000         2.3276785384        -0.0801374140
        3.6850000000         2.3395281951        -0.0801374140
        3.6900000000         2.3514792092        -0.0801374140
        3.6950000000         2.3635240322        -0.0775898004
        3.7000000000         2.3756550564        -0.0724945733
        3.7050000000         2.3878646195        -0.0724945733
        3.7100000000         2.4001450097        -0.0673993461
        3.7150000000         2.4124884705        -0.0699469597
        3.7200000000         2.4248872054        -0.0623041190
        3.7250000000         2.4373333832        -0.0610303122
        3.7300000000         2.4498191426        -0.0546612783
        3.7350000000         2.4623365972        -0.0572088918
        3.7400000000         2.4748778409        -0.0533874715
        3.7450000000         2.4874349523        -0.0431970172
        3.7500000000         2.5000000000        -0.0406494037
        3.7550000000         2.5125650477        -0.0291851426
        3.7600000000         2.5251221591        -0.0228161087
        3.7650000000         2.5376634028        -0.0151732680
        3.7700000000         2.5501808574        -0.0100780408
        3.7750000000         2.5626666168         0.0052076406
        3.7800000000         2.5751127946         0.0026600270
        3.7850000000         2.5875115295         0.0039338338
        3.7900000000         2.5998549903        -0.0037090069
        3.7950000000         2.6121353805        -0.0011613933
        3.8000000000         2.6243449436        -0.0177208815
        3.8050000000         2.6364759678         0.0026600270
        3.8100000000         2.6485207908         0.0052076406
        3.8150000000         2.6604718049         0.0103028677
        3.8200000000         2.6723214616         0.0574337187
        3.8250000000         2.6840622763         0.0421480373
        3.8300000000         2.6956868334         0.0408742305
        3.8350000000         2.7071877905         0.0561599120
        3.8400000000         2.7185578833         0.0497908780
        3.8450000000         2.7297899303         0.0485170713
        3.8500000000         2.7408768371         0.0472432645
        3.8550000000         2.7518116008         0.0536122984
        3.8600000000         2.7625873150         0.0472432645
        3.8650000000         2.7731971734         0.0599813323
        3.8700000000         2.7836344746         0.0548861052
        3.8750000000         2.7938926261         0.0599813323
        3.8800000000         2.8039651488         0.0599813323
        3.8850000000         2.8138456806         0.0599813323
        3.8900000000         2.8235279808         0.0370528102
        3.8950000000         2.8330059337         0.0638027527
        3.9000000000         2.8422735530         0.0587075255
        3.9050000000         2.8513249849         0.0663503662
        3.9100000000         2.8601545124         0.0727194002
        3.9150000000         2.8687565587         0.0688979798
        3.9200000000         2.8771256904         0.0727194002
        3.9250000000         2.8852566214         0.0663503662
        3.9300000000         2.8931442161         0.0752670137
        3.9350000000         2.9007834924         0.0816360476
        3.9400000000         2.9081696254         0.0867312748
        3.9450000000         2.9152979496         0.0829098544
        3.9500000000         2.9221639628         0.0867312748
        3.9550000000         2.9287633281         0.0892788884
        3.9600000000         2.9350918773         0.0867312748
        3.9650000000         2.9411456132         0.0931003087
        3.9700000000         2.9469207121         0.0943741155
        3.9750000000         2.9524135262         0.0981955358
        3.9800000000         2.9576205863         0.0994693426
        3.9850000000         2.9625386034         0.1007431494
        3.9900000000         2.9671644712         0.1032907630
        3.9950000000         2.9714952679         0.1236716715
        4.0000000000         2.9755282581         0.1071121833
        4.0050000000         2.9792608945         0.0994693426
        4.0100000000         2.9826908194         0.1096597969
        4.0150000000         2.9858158665         0.1096597969
        4.0200000000         2.9886340618         0.1147550240
        4.0250000000         2.9911436254         0.1185764444
        4.0300000000         2.9933429721         0.1173026376
        4.0350000000         2.9952307128         0.1236716715
        4.0400000000         2.9968056553         0.1160288308
        4.0450000000         2.9980668046         0.1198502512
        4.0500000000         2.9990133642         0.1300407055
        4.0550000000         2.9996447363         0.1287668987
        4.0600000000         2.9999605221         0.1198502512
        4.0650000000         2.9999605221         0.1300407055
        4.0700000000         2.9996447363         0.1300407055
        4.0750000000         2.9990133642         0.1236716715
        4.0800000000         2.9980668046         0.1300407055
        4.0850000000         2.9968056553         0.1376835462
        4.0900000000         2.9952307128         0.1249454783
        4.0950000000         2.9933429721         0.1313145122
        4.1000000000         2.9911436254         0.1351359326
        4.1050000000         2.9886340618         0.1364097394
        4.1100000000         2.9858158665         0.1427787733
        4.1150000000         2.9826908194         0.1351359326
        4.1200000000         2.9792608945         0.1351359326
        4.1250000000         2.9755282581         0.1351359326
        4.1300000000         2.9714952679         0.1211240580
        4.1350000000         2.9671644712         0.1466001936
        4.1400000000         2.9625386034         0.1453263869
        4.1450000000         2.9576205863         0.1491478072
        4.1500000000         2.9524135262         0.1364097394
        4.1550000000         2.9469207121         0.1440525801
        4.1600000000         2.9411456132         0.1274930919
        4.1650000000         2.9350918773         0.1402311597
        4.1700000000         2.9287633281         0.1478740004
        4.1750000000         2.9221639628         0.1389573529
        4.1800000000         2.9152979496         0.1453263869
        4.1850000000         2.9081696254         0.1504216140
        4.1900000000         2.9007834924         0.1402311597
        4.1950000000         2.8931442161         0.1478740004
        4.2000000000         2.8852566214         0.1529692276
        4.2050000000         2.8771256904         0.1389573529
        4.2100000000         2.8687565587         0.1504216140
        4.2150000000         2.8601545124         0.1325883190
        4.2200000000         2.8513249849         0.1415049665
        4.2250000000         2.8422735530         0.1427787733
        4.2300000000         2.8330059337         0.1415049665
        4.2350000000         2.8235279808         0.1351359326
        4.2400000000         2.8138456806         0.1415049665
        4.2450000000         2.8039651488         0.1364097394
        4.2500000000         2.7938926261         0.1427787733
        4.2550000000         2.7836344746         0.1351359326
        4.2600000000         2.7731971734         0.1338621258
        4.2650000000         2.7625873150         0.1262192851
        4.2700000000         2.7518116008         0.1351359326
        4.2750000000         2.7408768371         0.1185764444
        4.2800000000         2.7297899303         0.1274930919
        4.2850000000         2.7185578833         0.1249454783
        4.2900000000         2.7071877905         0.1173026376
        4.2950000000         2.6956868334         0.1236716715
        4.3000000000         2.6840622763         0.1185764444
        4.3050000000         2.6723214616         0.1198502512
        4.3100000000         2.6604718049         0.1147550240
        4.3150000000         2.6485207908         0.1173026376
        4.3200000000         2.6364759678         0.1096597969
        4.3250000000         2.6243449436         0.1096597969
        4.3300000000         2.6121353805         0.1147550240
        4.3350000000         2.5998549903         0.1071121833
        4.3400000000         2.5875115295         0.1007431494
        4.3450000000         2.5751127946         0.0931003087
        4.3500000000         2.5626666168         0.0994693426
        4.3550000000         2.5501808574         0.0943741155
        4.3600000000         2.5376634028         0.0880050816
        4.3650000000         2.5251221591         0.0803622409
        4.3700000000         2.5125650477         0.0688979798
        4.3750000000         2.5000000000         0.0688979798
        4.3800000000         2.4874349523         0.0523384916
        4.3850000000         2.4748778409         0.0472432645
        4.3900000000         2.4623365972         0.0383266170
        4.3950000000         2.4498191426         0.0332313898
        4.4000000000         2.4373333832         0.0230409356
        4.4050000000         2.4248872054         0.0001124134
        4.4100000000         2.4124884705        -0.0075304273
        4.4150000000         2.4001450097         0.0001124134
        4.4200000000         2.3878646195         0.0013862202
        4.4250000000         2.3756550564         0.0013862202
        4.4300000000         2.3635240322         0.0001124134
        4.4350000000         2.3514792092         0.0026600270
        4.4400000000         2.3395281951        -0.0215423019
        4.4450000000         2.3276785384        -0.0049828137
        4.4500000000         2.3159377237         0.0001124134
        4.4550000000         2.3043131666        -0.0495660511
        4.4600000000         2.2928122095        -0.0559350851
        4.4650000000         2.2814421167        -0.0317327562
        4.4700000000         2.2702100697        -0.0419232104
        4.4750000000         2.2591231629        -0.0330065629
        4.4800000000         2.2481883992        -0.0419232104
        4.4850000000         2.2374126850        -0.0368279833
        4.4900000000         2.2268028266        -0.0482922444
        4.4950000000         2.2163655254        -0.0546612783
