        0.0000000000         2.5000000000         0.0077552542
        0.0050000000         2.5204146760         0.0013862202
        0.0100000000         2.5407953058         0.0026600270
        0.0150000000         2.5611079000         0.0064814474
        0.0200000000         2.5813185826         0.0013862202
        0.0250000000         2.6013936477        -0.0037090069
        0.0300000000         2.6212996154        -0.0011613933
        0.0350000000         2.6410032880         0.0013862202
        0.0400000000         2.6604718049         0.0026600270
        0.0450000000         2.6796726980        -0.0228161087
        0.0500000000         2.6985739453         0.0650765595
        0.0550000000         2.7171440246         0.0166719016
        0.0600000000         2.7353519661         0.0446956509
        0.0650000000         2.7531674037         0.0306837763
        0.0700000000         2.7705606261         0.0446956509
        0.0750000000         2.7875026260         0.0421480373
        0.0800000000         2.8039651488         0.0548861052
        0.0850000000         2.8199207395         0.0357790034
        0.0900000000         2.8353427883         0.0510646848
        0.0950000000         2.8502055754         0.0612551391
        0.1000000000         2.8644843137         0.0587075255
        0.1050000000         2.8781551901         0.0867312748
        0.1100000000         2.8911954053         0.0688979798
        0.1150000000         2.9035832116         0.0739932069
        0.1200000000         2.9152979496         0.0790884341
        0.1250000000         2.9263200822         0.0790884341
        0.1300000000         2.9366312274         0.0867312748
        0.1350000000         2.9462141891         0.0816360476
        0.1400000000         2.9550529853         0.0880050816
        0.1450000000         2.9631328755         0.0841836612
        0.1500000000         2.9704403845         0.0943741155
        0.1550000000         2.9769633253         0.0918265019
        0.1600000000         2.9826908194         0.0880050816
        0.1650000000         2.9876133150         0.0943741155
        0.1700000000         2.9917226025         0.0981955358
        0.1750000000         2.9950118289         0.1032907630
        0.1800000000         2.9974755085         0.1096597969
        0.1850000000         2.9991095326         0.1122074105
        0.1900000000         2.9999111762         0.1007431494
        0.1950000000         2.9998791022         0.1173026376
        0.2000000000         2.9990133642         0.0854574680
        0.2050000000         2.9973154060         0.1122074105
        0.2100000000         2.9947880593         0.1122074105
        0.2150000000         2.9914355391         0.1198502512
        0.2200000000         2.9872634364         0.1185764444
        0.2250000000         2.9822787092         0.1211240580
        0.2300000000         2.9764896708         0.1211240580
        0.2350000000         2.9699059755         0.1211240580
        0.2400000000         2.9625386034         0.1160288308
        0.2450000000         2.9543998412         0.1364097394
        0.2500000000         2.9455032621         0.1071121833
        0.2550000000         2.9358637033         0.1300407055
        0.2600000000         2.9254972409         0.1313145122
        0.2650000000         2.9144211635         0.1262192851
        0.2700000000         2.9026539429         0.1211240580
        0.2750000000         2.8902152037         0.1211240580
        0.2800000000         2.8771256904         0.1287668987
        0.2850000000         2.8634072327         0.1198502512
        0.2900000000         2.8490827095         0.1147550240
        0.2950000000         2.8341760101         0.1173026376
        0.3000000000         2.8187119949         0.1109336037
        0.3050000000         2.8027164537         0.1262192851
        0.3100000000         2.7862160628         0.1096597969
        0.3150000000         2.7692383404         0.1211240580
        0.3200000000         2.7518116008         0.1198502512
        0.3250000000         2.7339649071         0.1109336037
        0.3300000000         2.7157280228         0.1160288308
        0.3350000000         2.6971313622         0.1071121833
        0.3400000000         2.6782059394         0.1083859901
        0.3450000000         2.6589833169         0.1032907630
        0.3500000000         2.6394955530         0.0969217291
        0.3550000000         2.6197751480         0.0956479223
        0.3600000000         2.5998549903         0.1020169562
        0.3650000000         2.5797683012         0.0943741155
        0.3700000000         2.5595485800         0.0880050816
        0.3750000000         2.5392295479         0.0905526951
        0.3800000000         2.5188450913         0.0701717866
        0.3850000000         2.4984292063         0.0663503662
        0.3900000000         2.4780159408         0.0587075255
        0.3950000000         2.4576393389         0.0485170713
        0.4000000000         2.4373333832         0.0434218441
        0.4050000000         2.4171319386         0.0217671288
        0.4100000000         2.3970686956         0.0013862202
        0.4150000000         2.3771771144         0.0052076406
        0.4200000000         2.3574903688         0.0064814474
        0.4250000000         2.3380412909         0.0026600270
        0.4300000000         2.3188623166         0.0052076406
        0.4350000000         2.2999854314         0.0013862202
        0.4400000000         2.2814421167         0.0001124134
        0.4450000000         2.2632632978         0.0013862202
        0.4500000000         2.2454792921         0.0001124134
        0.4550000000         2.2281197586        -0.0228161087
        0.4600000000         2.2112136483        -0.0750421868
        0.4650000000         2.1947891560        -0.0457446308
        0.4700000000         2.1788736734        -0.0419232104
        0.4750000000         2.1634937432        -0.0559350851
        0.4800000000         2.1486750151        -0.0661255393
        0.4850000000         2.1344422026        -0.0572088918
        0.4900000000         2.1208190424        -0.0699469597
        0.4950000000         2.1078282540        -0.0661255393
        0.5000000000         2.0954915028        -0.0661255393
        0.5050000000         2.0838293631        -0.0724945733
        0.5100000000         2.0728612842        -0.0814112207
        0.5150000000         2.0626055578        -0.0699469597
        0.5200000000         2.0530792879        -0.0775898004
        0.5250000000         2.0442983617        -0.0737683800
        0.5300000000         2.0362774233        -0.0814112207
        0.5350000000         2.0290298496        -0.0890540615
        0.5400000000         2.0225677276        -0.0814112207
        0.5450000000         2.0169018344        -0.0941492886
        0.5500000000         2.0120416190        -0.0877802547
        0.5550000000         2.0079951872        -0.1170778107
        0.5600000000         2.0047692872        -0.0966969022
        0.5650000000         2.0023692989        -0.0979707089
        0.5700000000         2.0007992249        -0.0992445157
        0.5750000000         2.0000616838        -0.0966969022
        0.5800000000         2.0001579054        -0.1056135497
        0.5850000000         2.0010877293        -0.1043397429
        0.5900000000         2.0028496048        -0.1132563904
        0.5950000000         2.0054405936        -0.1068873564
        0.6000000000         2.0088563746        -0.1119825836
        0.6050000000         2.0130912513        -0.1056135497
        0.6100000000         2.0181381609        -0.1196254243
        0.6150000000         2.0239886865        -0.1119825836
        0.6200000000         2.0306330712        -0.1145301971
        0.6250000000         2.0380602337        -0.1145301971
        0.6300000000         2.0462577877        -0.1196254243
        0.6350000000         2.0552120618        -0.1132563904
        0.6400000000         2.0649081227        -0.1158040039
        0.6450000000         2.0753297999        -0.1196254243
        0.6500000000         2.0864597129        -0.1170778107
        0.6550000000         2.0982792999        -0.1208992311
        0.6600000000         2.1107688492        -0.1132563904
        0.6650000000         2.1239075315        -0.1158040039
        0.6700000000         2.1376734349        -0.1005183225
        0.6750000000         2.1520436017        -0.1170778107
        0.6800000000         2.1669940663        -0.1056135497
        0.6850000000         2.1824998953        -0.1183516175
        0.6900000000         2.1985352292        -0.1081611632
        0.6950000000         2.2150733253        -0.1005183225
        0.7000000000         2.2320866025        -0.0941492886
        0.7050000000         2.2495466873        -0.0954230954
        0.7100000000         2.2674244610        -0.1056135497
        0.7150000000         2.2856901081        -0.0992445157
        0.7200000000         2.3043131666        -0.1068873564
        0.7250000000         2.3232625781        -0.0903278682
        0.7300000000         2.3425067402        -0.1005183225
        0.7350000000         2.3620135587        -0.0865064479
        0.7400000000         2.3817505015        -0.0954230954
        0.7450000000         2.4016846527        -0.0839588343
        0.7500000000         2.4217827675        -0.0814112207
        0.7550000000         2.4420113276        -0.0814112207
        0.7600000000         2.4623365972        -0.0699469597
        0.7650000000         2.4827246793        -0.0763159936
        0.7700000000         2.5031415720        -0.0610303122
        0.7750000000         2.5235532254        -0.0635779258
        0.7800000000         2.5439255983        -0.0444708240
        0.7850000000         2.5642247151        -0.0533874715
        0.7900000000         2.5844167224        -0.0330065629
        0.7950000000         2.6044679452        -0.0100780408
        0.8000000000         2.6243449436         0.0103028677
        0.8050000000         2.6440145680         0.0039338338
        0.8100000000         2.6634440148        -0.0037090069
        0.8150000000         2.6826008809         0.0064814474
        0.8200000000         2.7014532179         0.0001124134
        0.8250000000         2.7199695849        -0.0011613933
        0.8300000000         2.7381191018        -0.0037090069
        0.8350000000         2.7558715001         0.0141242881
        0.8400000000         2.7731971734         0.0829098544
        0.8450000000         2.7900672272         0.0396004238
        0.8500000000         2.8064535268         0.0663503662
        0.8550000000         2.8223287443         0.0485170713
        0.8600000000         2.8376664041         0.0638027527
        0.8650000000         2.8524409270         0.0587075255
        0.8700000000         2.8666276731         0.0688979798
        0.8750000000         2.8802029828         0.0778146273
        0.8800000000         2.8931442161         0.0701717866
        0.8850000000         2.9054297904         0.0790884341
        0.8900000000         2.9170392168         0.0739932069
        0.8950000000         2.9279531338         0.0931003087
        0.9000000000         2.9381533400         0.0867312748
        0.9050000000         2.9476228242         0.0829098544
        0.9100000000         2.9563457937         0.0892788884
        0.9150000000         2.9643077011         0.0867312748
        0.9200000000         2.9714952679         0.0905526951
        0.9250000000         2.9778965074         0.0880050816
        0.9300000000         2.9835007439         0.0956479223
        0.9350000000         2.9882986310         0.0994693426
        0.9400000000         2.9922821673         0.0816360476
        0.9450000000         2.9954447091         0.1071121833
        0.9500000000         2.9977809823         0.1122074105
        0.9550000000         2.9992870906         0.1071121833
        0.9600000000         2.9999605221         0.1096597969
        0.9650000000         2.9998001538         0.1147550240
        0.9700000000         2.9988062532         0.1223978647
        0.9750000000         2.9969804777         0.1122074105
        0.9800000000         2.9943258724         0.1096597969
        0.9850000000         2.9908468643         0.1134812173
        0.9900000000         2.9865492555         0.1173026376
        0.9950000000         2.9814402133         0.1109336037
        1.0000000000         2.9755282581         0.1262192851
        1.0050000000         2.9688232496         0.1173026376
        1.0100000000         2.9613363699         0.1198502512
        1.0150000000         2.9530801051         0.1198502512
        1.0200000000         2.9440682244         0.1198502512
        1.0250000000         2.9343157572         0.1198502512
        1.0300000000         2.9238389680         0.1134812173
        1.0350000000         2.9126553293         0.1198502512
        1.0400000000         2.9007834924         0.1211240580
        1.0450000000         2.8882432563         0.1134812173
        1.0500000000         2.8750555348         0.1058383765
        1.0550000000         2.8612423214         0.1109336037
        1.0600000000         2.8468266529         0.1147550240
        1.0650000000         2.8318325707         0.1134812173
        1.0700000000         2.8162850810         0.1122074105
        1.0750000000         2.8002101127         0.1198502512
        1.0800000000         2.7836344746         0.1122074105
        1.0850000000         2.7665858104         0.1147550240
        1.0900000000         2.7490925527         0.1147550240
        1.0950000000         2.7311838755         0.1032907630
        1.1000000000         2.7128896458         0.1071121833
        1.1050000000         2.6942403733         0.1045645698
        1.1100000000         2.6752671601         0.0765408205
        1.1150000000         2.6560016483         0.0969217291
        1.1200000000         2.6364759678         0.1020169562
        1.1250000000         2.6167226819         0.0880050816
        1.1300000000         2.5967747340         0.0969217291
        1.1350000000         2.5766653919         0.0854574680
        1.1400000000         2.5564281924         0.0816360476
        1.1450000000         2.5360968859         0.0778146273
        1.1500000000         2.5157053795         0.0739932069
        1.1550000000         2.4952876808         0.0561599120
        1.1600000000         2.4748778409         0.0587075255
        1.1650000000         2.4545098980         0.0485170713
        1.1700000000         2.4342178205         0.0434218441
        1.1750000000         2.4140354499         0.0332313898
        1.1800000000         2.3939964450         0.0001124134
        1.1850000000         2.3741342257         0.0052076406
        1.1900000000         2.3544819166         0.0001124134
        1.1950000000         2.3350722926        -0.0011613933
        1.2000000000         2.3159377237         0.0013862202
        1.2050000000         2.2971101212         0.0001124134
        1.2100000000         2.2786208845         0.0013862202
        1.2150000000         2.2605008487         0.0026600270
        1.2200000000         2.2427802331         0.0052076406
        1.2250000000         2.2254885910        -0.0177208815
        1.2300000000         2.2086547602        -0.0775898004
        1.2350000000         2.1923068149        -0.0393755969
        1.2400000000         2.1764720192        -0.0431970172
        1.2450000000         2.1611767813        -0.0610303122
        1.2500000000         2.1464466094        -0.0597565054
        1.2550000000         2.1323060696        -0.0648517326
        1.2600000000         2.1187787445        -0.0648517326
        1.2650000000         2.1058871940        -0.0699469597
        1.2700000000         2.0936529178        -0.0623041190
        1.2750000000         2.0820963193        -0.0763159936
        1.2800000000         2.0712366719        -0.0724945733
        1.2850000000         2.0610920865        -0.0763159936
        1.2900000000         2.0516794816        -0.0775898004
        1.2950000000         2.0430145549        -0.0737683800
        1.3000000000         2.0351117571        -0.0724945733
        1.3050000000         2.0279842679        -0.0801374140
        1.3100000000         2.0216439742        -0.0814112207
        1.3150000000         2.0161014498        -0.1107087768
        1.3200000000         2.0113659382        -0.0890540615
        1.3250000000         2.0074453369        -0.0865064479
        1.3300000000         2.0043461845        -0.0979707089
        1.3350000000         2.0020736494        -0.0941492886
        1.3400000000         2.0006315217        -0.0992445157
        1.3450000000         2.0000222064        -0.0941492886
        1.3500000000         2.0002467198        -0.1005183225
        1.3550000000         2.0013046874        -0.0992445157
        1.3600000000         2.0031943447        -0.1081611632
        1.3650000000         2.0059125404        -0.1030659361
        1.3700000000         2.0094547413        -0.1068873564
        1.3750000000         2.0138150398        -0.1081611632
        1.3800000000         2.0189861642        -0.1145301971
        1.3850000000         2.0249594904        -0.1145301971
        1.3900000000         2.0317250566        -0.1119825836
        1.3950000000         2.0392715796        -0.1145301971
        1.4000000000         2.0475864738        -0.1132563904
        1.4050000000         2.0566558721        -0.1170778107
        1.4100000000         2.0664646494        -0.1094349700
        1.4150000000         2.0769964472        -0.1170778107
        1.4200000000         2.0882337012        -0.1107087768
        1.4250000000         2.1001576708        -0.1119825836
        1.4300000000         2.1127484699        -0.1170778107
        1.4350000000         2.1259851005        -0.1132563904
        1.4400000000         2.1398454876        -0.1081611632
        1.4450000000         2.1543065155        -0.1119825836
        1.4500000000         2.1693440673        -0.1030659361
        1.4550000000         2.1849330644        -0.1030659361
        1.4600000000         2.2010475085        -0.1056135497
        1.4650000000         2.2176605250        -0.0916016750
        1.4700000000         2.2347444078        -0.1068873564
        1.4750000000         2.2522706658        -0.0954230954
        1.4800000000         2.2702100697        -0.0979707089
        1.4850000000         2.2885327015        -0.0941492886
        1.4900000000         2.3072080039        -0.0928754818
        1.4950000000         2.3262048315        -0.0890540615
        1.5000000000         2.3454915028        -0.0941492886
        1.5050000000         2.3650358528        -0.0788636072
        1.5100000000         2.3848052867        -0.0839588343
        1.5150000000         2.4047668344        -0.0852326411
        1.5200000000         2.4248872054        -0.0763159936
        1.5250000000         2.4451328445        -0.0814112207
        1.5300000000         2.4654699871        -0.0788636072
        1.5350000000         2.4858647166        -0.0724945733
        1.5400000000         2.5062830199        -0.0597565054
        1.5450000000         2.5266908449        -0.0572088918
        1.5500000000         2.5470541567        -0.0431970172
        1.5550000000         2.5673389947        -0.0431970172
        1.5600000000         2.5875115295        -0.0253637222
        1.5650000000         2.6075381185        -0.0037090069
        1.5700000000         2.6273853628         0.0064814474
        1.5750000000         2.6470201626         0.0013862202
        1.5800000000         2.6664097723        -0.0011613933
        1.5850000000         2.6855218551        -0.0049828137
        1.5900000000         2.7043245374         0.0001124134
        1.5950000000         2.7227864612         0.0013862202
        1.6000000000         2.7408768371        -0.0037090069
        1.6050000000         2.7585654951         0.0255885491
        1.6100000000         2.7758229353         0.0790884341
        1.6150000000         2.7926203770         0.0383266170
        1.6200000000         2.8089298065         0.0701717866
        1.6250000000         2.8247240242         0.0523384916
        1.6300000000         2.8399766894         0.0688979798
        1.6350000000         2.8546623648         0.0612551391
        1.6400000000         2.8687565587         0.0714455934
        1.6450000000         2.8822357657         0.0574337187
        1.6500000000         2.8950775062         0.0765408205
        1.6550000000         2.9072603635         0.0803622409
        1.6600000000         2.9187640200         0.0803622409
        1.6650000000         2.9295692906         0.0829098544
        1.6700000000         2.9396581551         0.0790884341
        1.6750000000         2.9490137879         0.0829098544
        1.6800000000         2.9576205863         0.0931003087
        1.6850000000         2.9654641966         0.0969217291
        1.6900000000         2.9725315376         0.0943741155
        1.6950000000         2.9788108230         0.0931003087
        1.7000000000         2.9842915806         0.1045645698
        1.7050000000         2.9889646699         0.0994693426
        1.7100000000         2.9928222976         0.1058383765
        1.7150000000         2.9958580301         0.1045645698
        1.7200000000         2.9980668046         0.1096597969
        1.7250000000         2.9994449375         0.1147550240
        1.7300000000         2.9999901304         0.1122074105
        1.7350000000         2.9997014742         0.1134812173
        1.7400000000         2.9985794501         0.1109336037
        1.7450000000         2.9966259295         0.1198502512
        1.7500000000         2.9938441703         0.1109336037
        1.7550000000         2.9902388117         0.1160288308
        1.7600000000         2.9858158665         0.1058383765
        1.7650000000         2.9805827109         0.1249454783
        1.7700000000         2.9745480725         0.1211240580
        1.7750000000         2.9677220154         0.1249454783
        1.7800000000         2.9601159237         0.1198502512
        1.7850000000         2.9517424822         0.1173026376
        1.7900000000         2.9426156557         0.1211240580
        1.7950000000         2.9327506651         0.1173026376
        1.8000000000         2.9221639628         0.1236716715
        1.8050000000         2.9108732043         0.1160288308
        1.8100000000         2.8988972198         0.1134812173
        1.8150000000         2.8862559818         0.1262192851
        1.8200000000         2.8729705727         0.1122074105
        1.8250000000         2.8590631489         0.1211240580
        1.8300000000         2.8445569042         0.1300407055
        1.8350000000         2.8294760312         0.1096597969
        1.8400000000         2.8138456806         0.1236716715
        1.8450000000         2.7976919199         0.1122074105
        1.8500000000         2.7810416889         0.0981955358
        1.8550000000         2.7639227560         0.1083859901
        1.8600000000         2.7463636708         0.1032907630
        1.8650000000         2.7283937172         0.1122074105
        1.8700000000         2.7100428642         0.1058383765
        1.8750000000         2.6913417162         0.1045645698
        1.8800000000         2.6723214616         0.0956479223
        1.8850000000         2.6530138211         0.0956479223
        1.8900000000         2.6334509947         0.1032907630
        1.8950000000         2.6136656078         0.0905526951
        1.9000000000         2.5936906573         0.0943741155
        1.9050000000         2.5735594559         0.0880050816
        1.9100000000         2.5533055771         0.0943741155
        1.9150000000         2.5329627990         0.0778146273
        1.9200000000         2.5125650477         0.0790884341
        1.9250000000         2.4921463413         0.0548861052
        1.9300000000         2.4717407328         0.0497908780
        1.9350000000         2.4513822530         0.0370528102
        1.9400000000         2.4311048547         0.0345051966
        1.9450000000         2.4109423549         0.0128504813
        1.9500000000         2.3909283793        -0.0075304273
        1.9550000000         2.3710963059        -0.0024352001
        1.9600000000         2.3514792092         0.0013862202
        1.9650000000         2.3321098053        -0.0024352001
        1.9700000000         2.3130203971        -0.0024352001
        1.9750000000         2.2942428207         0.0077552542
        1.9800000000         2.2758083920         0.0013862202
        1.9850000000         2.2577478546         0.0026600270
        1.9900000000         2.2400913287        -0.0037090069
        1.9950000000         2.2228682606        -0.0584826986
        2.0000000000         2.2061073739        -0.0559350851
        2.0050000000         2.1898366210        -0.0431970172
        2.0100000000         2.1740831373        -0.0521136647
        2.0150000000         2.1588731954        -0.0584826986
        2.0200000000         2.1442321614        -0.0661255393
        2.0250000000         2.1301844525        -0.0712207665
        2.0300000000         2.1167534966        -0.0712207665
        2.0350000000         2.1039616929        -0.0661255393
        2.0400000000         2.0918303746        -0.0750421868
        2.0450000000         2.0803797737        -0.0788636072
        2.0500000000         2.0696289865        -0.0750421868
        2.0550000000         2.0595959425        -0.0763159936
        2.0600000000         2.0502973742        -0.0814112207
        2.0650000000         2.0417487890        -0.0788636072
        2.0700000000         2.0339644438        -0.0903278682
        2.0750000000         2.0269573206        -0.0839588343
        2.0800000000         2.0207391055        -0.0928754818
        2.0850000000         2.0153201688        -0.0903278682
        2.0900000000         2.0107095478        -0.0954230954
        2.0950000000         2.0069149319        -0.0928754818
        2.1000000000         2.0039426493        -0.1017921293
        2.1050000000         2.0017976572        -0.0992445157
        2.1100000000         2.0004835327        -0.0966969022
        2.1150000000         2.0000024674        -0.1043397429
        2.1200000000         2.0003552637        -0.1068873564
        2.1250000000         2.0015413331        -0.1145301971
        2.1300000000         2.0035586977        -0.1068873564
        2.1350000000         2.0064039930        -0.1119825836
        2.1400000000         2.0100724738        -0.1119825836
        2.1450000000         2.0145580221        -0.1081611632
        2.1500000000         2.0198531572        -0.1145301971
        2.1550000000         2.0259490482        -0.1170778107
        2.1600000000         2.0328355288        -0.1145301971
        2.1650000000         2.0405011142        -0.1158040039
        2.1700000000         2.0489330203        -0.1196254243
        2.1750000000         2.0581171850        -0.1158040039
        2.1800000000         2.0680382914        -0.1438277532
        2.1850000000         2.0786797939        -0.1234468446
        2.1900000000         2.0900239453        -0.1208992311
        2.1950000000         2.1020518267        -0.1170778107
        2.2000000000         2.1147433786        -0.1132563904
        2.2050000000         2.1280774351        -0.1158040039
        2.2100000000         2.1420317585        -0.1170778107
        2.2150000000         2.1565830767        -0.1132563904
        2.2200000000         2.1717071221        -0.1132563904
        2.2250000000         2.1873786718        -0.1158040039
        2.2300000000         2.2035715899        -0.1005183225
        2.2350000000         2.2202588709        -0.1094349700
        2.2400000000         2.2374126850        -0.1043397429
        2.2450000000         2.2550044242        -0.1107087768
        2.2500000000         2.2730047501        -0.1017921293
        2.2550000000         2.2913836432        -0.0992445157
        2.2600000000         2.3101104522        -0.0979707089
        2.2650000000         2.3291539461        -0.1158040039
        2.2700000000         2.3484823652        -0.1005183225
        2.2750000000         2.3680634750        -0.0814112207
        2.2800000000         2.3878646195        -0.0992445157
        2.2850000000         2.4078527757        -0.0814112207
        2.2900000000         2.4279946087        -0.0763159936
        2.2950000000         2.4482565274        -0.0775898004
        2.3000000000         2.4686047402        -0.0712207665
        2.3050000000         2.4890053120        -0.0673993461
        2.3100000000         2.5094242199        -0.0648517326
        2.3150000000         2.5298274107        -0.0572088918
        2.3200000000         2.5501808574        -0.0470184376
        2.3250000000         2.5704506160        -0.0342803697
        2.3300000000         2.5906028818        -0.0049828137
        2.3350000000         2.6106040464         0.0128504813
        2.3400000000         2.6304207531         0.0052076406
        2.3450000000         2.6500199531        -0.0049828137
        2.3500000000         2.6693689601         0.0166719016
        2.3550000000         2.6884355052         0.0013862202
        2.3600000000         2.7071877905         0.0013862202
        2.3650000000         2.7255945422         0.0039338338
        2.3700000000         2.7436250629         0.0077552542
        2.3750000000         2.7612492824         0.0829098544
        2.3800000000         2.7784378082         0.0523384916
        2.3850000000         2.7951619747         0.0434218441
        2.3900000000         2.8113938902         0.0638027527
        2.3950000000         2.8271064845         0.0599813323
        2.4000000000         2.8422735530         0.0676241730
        2.4050000000         2.8568698011         0.0587075255
        2.4100000000         2.8708708864         0.0727194002
        2.4150000000         2.8842534586         0.0714455934
        2.4200000000         2.8969951993         0.0739932069
        2.4250000000         2.9090748587         0.0778146273
        2.4300000000         2.9204722911         0.0829098544
        2.4350000000         2.9311684888         0.0880050816
        2.4400000000         2.9411456132         0.0892788884
        2.4450000000         2.9503870253         0.0905526951
        2.4500000000         2.9588773128         0.0841836612
        2.4550000000         2.9666023163         0.0981955358
        2.4600000000         2.9735491525         0.0918265019
        2.4650000000         2.9797062359         0.0829098544
        2.4700000000         2.9850632982         0.1020169562
        2.4750000000         2.9896114053         0.1058383765
        2.4800000000         2.9933429721         0.1032907630
        2.4850000000         2.9962517754         0.1071121833
        2.4900000000         2.9983329640         0.1096597969
        2.4950000000         2.9995830672         0.1096597969
        2.5000000000         3.0000000000         0.1122074105
        2.5050000000         2.9995830672         0.1096597969
        2.5100000000         2.9983329640         0.1147550240
        2.5150000000         2.9962517754         0.1223978647
        2.5200000000         2.9933429721         0.1096597969
        2.5250000000         2.9896114053         0.1236716715
        2.5300000000         2.9850632982         0.1223978647
        2.5350000000         2.9797062359         0.1249454783
        2.5400000000         2.9735491525         0.1185764444
        2.5450000000         2.9666023163         0.1236716715
        2.5500000000         2.9588773128         0.1249454783
        2.5550000000         2.9503870253         0.1134812173
        2.5600000000         2.9411456132         0.1262192851
        2.5650000000         2.9311684888         0.1160288308
        2.5700000000         2.9204722911         0.1211240580
        2.5750000000         2.9090748587         0.1287668987
        2.5800000000         2.8969951993         0.1147550240
        2.5850000000         2.8842534586         0.1249454783
        2.5900000000         2.8708708864         0.1351359326
        2.5950000000         2.8568698011         0.1185764444
        2.6000000000         2.8422735530         0.1287668987
        2.6050000000         2.8271064845         0.1096597969
        2.6100000000         2.8113938902         0.1198502512
        2.6150000000         2.7951619747         0.1083859901
        2.6200000000         2.7784378082         0.1122074105
        2.6250000000         2.7612492824         0.1160288308
        2.6300000000         2.7436250629         0.1083859901
        2.6350000000         2.7255945422         0.1109336037
        2.6400000000         2.7071877905         0.0994693426
        2.6450000000         2.6884355052         0.1109336037
        2.6500000000         2.6693689601         0.1096597969
        2.6550000000         2.6500199531         0.0969217291
        2.6600000000         2.6304207531         0.1020169562
        2.6650000000         2.6106040464         0.1007431494
        2.6700000000         2.5906028818         0.0829098544
        2.6750000000         2.5704506160         0.0867312748
        2.6800000000         2.5501808574         0.0765408205
        2.6850000000         2.5298274107         0.0778146273
        2.6900000000         2.5094242199         0.0663503662
        2.6950000000         2.4890053120         0.0587075255
        2.7000000000         2.4686047402         0.0459694577
        2.7050000000         2.4482565274         0.0370528102
        2.7100000000         2.4279946087         0.0319575831
        2.7150000000         2.4078527757         0.0001124134
        2.7200000000         2.3878646195        -0.0024352001
        2.7250000000         2.3680634750         0.0013862202
        2.7300000000         2.3484823652         0.0077552542
        2.7350000000         2.3291539461         0.0001124134
        2.7400000000         2.3101104522         0.0013862202
        2.7450000000         2.2913836432        -0.0037090069
        2.7500000000         2.2730047501         0.0026600270
        2.7550000000         2.2550044242         0.0052076406
        2.7600000000         2.2374126850        -0.0062566205
        2.7650000000         2.2202588709        -0.0699469597
        2.7700000000         2.2035715899        -0.0431970172
        2.7750000000         2.1873786718        -0.0381017901
        2.7800000000         2.1717071221        -0.0572088918
        2.7850000000         2.1565830767        -0.0546612783
        2.7900000000         2.1420317585        -0.0610303122
        2.7950000000         2.1280774351        -0.0635779258
        2.8000000000         2.1147433786        -0.0673993461
        2.8050000000         2.1020518267        -0.0648517326
        2.8100000000         2.0900239453        -0.0737683800
        2.8150000000         2.0786797939        -0.0788636072
        2.8200000000         2.0680382914        -0.0814112207
        2.8250000000         2.0581171850        -0.0814112207
        2.8300000000         2.0489330203        -0.0801374140
        2.8350000000         2.0405011142        -0.0865064479
        2.8400000000         2.0328355288        -0.0852326411
        2.8450000000         2.0259490482        -0.0941492886
        2.8500000000         2.0198531572        -0.0877802547
        2.8550000000         2.0145580221        -0.0954230954
        2.8600000000         2.0100724738        -0.0916016750
        2.8650000000         2.0064039930        -0.1005183225
        2.8700000000         2.0035586977        -0.0916016750
        2.8750000000         2.0015413331        -0.0979707089
        2.8800000000         2.0003552637        -0.0992445157
        2.8850000000         2.0000024674        -0.1056135497
        2.8900000000         2.0004835327        -0.1043397429
        2.8950000000         2.0017976572        -0.1107087768
        2.9000000000         2.0039426493        -0.1068873564
        2.9050000000         2.0069149319        -0.1158040039
        2.9100000000         2.0107095478        -0.1107087768
        2.9150000000         2.0153201688        -0.1145301971
        2.9200000000         2.0207391055        -0.1119825836
        2.9250000000         2.0269573206        -0.1158040039
        2.9300000000         2.0339644438        -0.1107087768
        2.9350000000         2.0417487890        -0.1183516175
        2.9400000000         2.0502973742        -0.1145301971
        2.9450000000         2.0595959425        -0.1170778107
        2.9500000000         2.0696289865        -0.1145301971
        2.9550000000         2.0803797737        -0.1221730378
        2.9600000000         2.0918303746        -0.1158040039
        2.9650000000         2.1039616929        -0.1145301971
        2.9700000000         2.1167534966        -0.1183516175
        2.9750000000         2.1301844525        -0.1208992311
        2.9800000000         2.1442321614        -0.1094349700
        2.9850000000         2.1588731954        -0.1158040039
        2.9900000000         2.1740831373        -0.1158040039
        2.9950000000         2.1898366210        -0.1132563904
        3.0000000000         2.2061073739        -0.1043397429
        3.0050000000         2.2228682606        -0.1068873564
        3.0100000000         2.2400913287        -0.0979707089
        3.0150000000         2.2577478546        -0.1043397429
        3.0200000000         2.2758083920        -0.0992445157
        3.0250000000         2.2942428207        -0.0979707089
        3.0300000000         2.3130203971        -0.1017921293
        3.0350000000         2.3321098053        -0.0877802547
        3.0400000000         2.3514792092        -0.0928754818
        3.0450000000         2.3710963059        -0.0877802547
        3.0500000000         2.3909283793        -0.0788636072
        3.0550000000         2.4109423549        -0.0839588343
        3.0600000000         2.4311048547        -0.0814112207
        3.0650000000         2.4513822530        -0.0865064479
        3.0700000000         2.4717407328        -0.0661255393
        3.0750000000         2.4921463413        -0.0546612783
        3.0800000000         2.5125650477        -0.0559350851
        3.0850000000         2.5329627990        -0.0508398579
        3.0900000000         2.5533055771        -0.0457446308
        3.0950000000         2.5735594559        -0.0279113358
        3.1000000000         2.5936906573        -0.0138994612
        3.1050000000         2.6136656078         0.0052076406
        3.1100000000         2.6334509947         0.0013862202
        3.1150000000         2.6530138211         0.0039338338
        3.1200000000         2.6723214616         0.0001124134
        3.1250000000         2.6913417162         0.0052076406
        3.1300000000         2.7100428642         0.0013862202
        3.1350000000         2.7283937172         0.0013862202
        3.1400000000         2.7463636708         0.0179457084
        3.1450000000         2.7639227560         0.0816360476
        3.1500000000         2.7810416889         0.0485170713
        3.1550000000         2.7976919199         0.0676241730
        3.1600000000         2.8138456806         0.0561599120
        3.1650000000         2.8294760312         0.0638027527
        3.1700000000         2.8445569042         0.0625289459
        3.1750000000         2.8590631489         0.0688979798
        3.1800000000         2.8729705727         0.0727194002
        3.1850000000         2.8862559818         0.0778146273
        3.1900000000         2.8988972198         0.0803622409
        3.1950000000         2.9108732043         0.0867312748
        3.2000000000         2.9221639628         0.0829098544
        3.2050000000         2.9327506651         0.0969217291
        3.2100000000         2.9426156557         0.0892788884
        3.2150000000         2.9517424822         0.0943741155
        3.2200000000         2.9601159237         0.0931003087
        3.2250000000         2.9677220154         0.0943741155
        3.2300000000         2.9745480725         0.0956479223
        3.2350000000         2.9805827109         0.0994693426
        3.2400000000         2.9858158665         0.0981955358
        3.2450000000         2.9902388117         0.1032907630
        3.2500000000         2.9938441703         0.1122074105
        3.2550000000         2.9966259295         0.1122074105
        3.2600000000         2.9985794501         0.1045645698
        3.2650000000         2.9997014742         0.1122074105
        3.2700000000         2.9999901304         0.1096597969
        3.2750000000         2.9994449375         0.1032907630
        3.2800000000         2.9980668046         0.1173026376
        3.2850000000         2.9958580301         0.1147550240
        3.2900000000         2.9928222976         0.1160288308
        3.2950000000         2.9889646699         0.1122074105
        3.3000000000         2.9842915806         0.1134812173
        3.3050000000         2.9788108230         0.1185764444
        3.3100000000         2.9725315376         0.1185764444
        3.3150000000         2.9654641966         0.1160288308
        3.3200000000         2.9576205863         0.1236716715
        3.3250000000         2.9490137879         0.1122074105
        3.3300000000         2.9396581551         0.1236716715
        3.3350000000         2.9295692906         0.1160288308
        3.3400000000         2.9187640200         0.1223978647
        3.3450000000         2.9072603635         0.1338621258
        3.3500000000         2.8950775062         0.1147550240
        3.3550000000         2.8822357657         0.1198502512
        3.3600000000         2.8687565587         0.1173026376
        3.3650000000         2.8546623648         0.1147550240
        3.3700000000         2.8399766894         0.1223978647
        3.3750000000         2.8247240242         0.1096597969
        3.3800000000         2.8089298065         0.1185764444
        3.3850000000         2.7926203770         0.1198502512
        3.3900000000         2.7758229353         0.1236716715
        3.3950000000         2.7585654951         0.1071121833
        3.4000000000         2.7408768371         0.1211240580
        3.4050000000         2.7227864612         0.1096597969
        3.4100000000         2.7043245374         0.1071121833
        3.4150000000         2.6855218551         0.1185764444
        3.4200000000         2.6664097723         0.1096597969
        3.4250000000         2.6470201626         0.0918265019
        3.4300000000         2.6273853628         0.0981955358
        3.4350000000         2.6075381185         0.0880050816
        3.4400000000         2.5875115295         0.0880050816
        3.4450000000         2.5673389947         0.0803622409
        3.4500000000         2.5470541567         0.0803622409
        3.4550000000         2.5266908449         0.0739932069
        3.4600000000         2.5062830199         0.0536122984
        3.4650000000         2.4858647166         0.0548861052
        3.4700000000         2.4654699871         0.0421480373
        3.4750000000         2.4451328445         0.0383266170
        3.4800000000         2.4248872054         0.0281361627
        3.4850000000         2.4047668344        -0.0037090069
        3.4900000000         2.3848052867        -0.0037090069
        3.4950000000         2.3650358528        -0.0037090069
        3.5000000000         2.3454915028        -0.0049828137
        3.5050000000         2.3262048315         0.0077552542
        3.5100000000         2.3072080039         0.0052076406
        3.5150000000         2.2885327015        -0.0037090069
        3.5200000000         2.2702100697        -0.0037090069
        3.5250000000         2.2522706658         0.0001124134
        3.5300000000         2.2347444078        -0.0215423019
        3.5350000000         2.2176605250        -0.0775898004
