        0.0000000000         0.3500000000         4.3730996107
        0.0050000000         0.3500000000         4.3667283247
        0.0100000000         0.3500000000         4.3603570386
        0.0150000000         0.3500000000         4.3539857526
        0.0200000000         0.3500000000         4.3412431806
        0.0250000000         0.3500000000         4.3119352650
        0.0300000000         0.3500000000         4.2749818061
        0.0350000000         0.3500000000         4.2316570612
        0.0400000000         0.3500000000         4.1845095448
        0.0450000000         0.3500000000         4.1386362855
        0.0500000000         0.3500000000         4.0787461970
        0.0550000000         0.3500000000         4.0226788801
        0.0600000000         0.3500000000         3.9653373060
        0.0650000000         0.3500000000         3.9003501887
        0.0700000000         0.3500000000         3.8404601002
        0.0750000000         0.3500000000         3.7691016969
        0.0800000000         0.3500000000         3.7092116084
        0.0850000000         0.3500000000         3.6391274623
        0.0900000000         0.3500000000         3.5677690589
        0.0950000000         0.3500000000         3.4976849128
        0.1000000000         0.3500000000         3.4276007667
        0.1050000000         0.3500000000         3.3613393922
        0.1100000000         0.3500000000         3.2874324745
        0.1150000000         0.3500000000         3.2122512996
        0.1200000000         0.3500000000         3.1434414106
        0.1250000000         0.3500000000         3.0669859785
        0.1300000000         0.3500000000         2.9930790608
        0.1350000000         0.3500000000         2.9268176863
        0.1400000000         0.3500000000         2.8541850258
        0.1450000000         0.3500000000         2.7777295936
        0.1500000000         0.3500000000         2.7025484187
        0.1550000000         0.3500000000         2.6260929866
        0.1600000000         0.3500000000         2.5483632973
        0.1650000000         0.3500000000         2.4795534083
        0.1700000000         0.3500000000         2.4043722334
        0.1750000000         0.3500000000         2.3253682869
        0.1800000000         0.3500000000         2.2514613692
        0.1850000000         0.3500000000         2.1813772230
        0.1900000000         0.3500000000         2.1049217909
        0.1950000000         0.3500000000         2.0297406160
        0.2000000000         0.3500000000         1.9558336983
        0.2050000000         0.3500000000         1.8781040089
        0.2100000000         0.3500000000         1.8041970912
        0.2150000000         0.3500000000         1.7302901735
        0.2200000000         0.3500000000         1.6563832558
        0.2250000000         0.3500000000         1.5786535665
        0.2300000000         0.3500000000         1.5021981343
        0.2350000000         0.3500000000         1.4244684450
        0.2400000000         0.3500000000         1.3505615273
        0.2450000000         0.3500000000         1.2728318380
        0.2500000000         0.3500000000         1.2014734346
        0.2550000000         0.3500000000         1.1250180025
        0.2600000000         0.3500000000         1.0434655416
        0.2650000000         0.3500000000         0.9670101094
        0.2700000000         0.3500000000         0.8841833913
        0.2750000000         0.3500000000         0.8064537020
        0.2800000000         0.3500000000         0.7338210415
        0.2850000000         0.3500000000         0.6509943233
        0.2900000000         0.3500000000         0.5656190908
        0.2950000000         0.3500000000         0.4866151443
        0.3000000000         0.3500000000         0.4050626833
        0.3050000000         0.3500000000         0.3247844796
        0.3100000000         0.3500000000         0.2432320187
        0.3150000000         0.3500000000         0.1616795577
        0.3200000000         0.3500000000         0.0737558108
        0.3250000000         0.3500000000         0.0049459219
        0.3300000000         0.3500000000         0.0011231503
        0.3350000000         0.3500000000         1.1020813729
        0.3400000000         0.3500000000         5.0650212714
        0.3450000000         0.3500000000         5.0497301850
        0.3500000000         0.3500000000         4.9630806952
        0.3550000000         0.3500000000         4.8700599195
        0.3600000000         0.3500000000         4.7872332013
        0.3650000000         0.3500000000         4.7031322260
        0.3700000000         0.3500000000         4.6164827363
        0.3750000000         0.3500000000         4.5336560181
        0.3800000000         0.3500000000         4.4457322712
        0.3850000000         0.3500000000         4.3616312958
        0.3900000000         0.3500000000         4.2775303205
        0.3950000000         0.3500000000         4.1934293452
        0.4000000000         0.3500000000         4.1118768842
        0.4050000000         0.3500000000         4.0265016517
        0.4100000000         0.3500000000         3.9436749336
        0.4150000000         0.3500000000         3.8633967298
        0.4200000000         0.3500000000         3.7818442689
        0.4250000000         0.3500000000         3.6977432936
        0.4300000000         0.3500000000         3.6174650898
        0.4350000000         0.3500000000         3.5295413429
        0.4400000000         0.3500000000         3.4467146247
        0.4450000000         0.3500000000         3.3638879066
        0.4500000000         0.3500000000         3.2861582173
        0.4550000000         0.3500000000         3.2020572419
        0.4600000000         0.3500000000         3.1179562666
        0.4650000000         0.3500000000         3.0427750917
        0.4700000000         0.3500000000         2.9624968879
        0.4750000000         0.3500000000         2.8783959126
        0.4800000000         0.3500000000         2.8006662233
        0.4850000000         0.3500000000         2.7140167335
        0.4900000000         0.3500000000         2.6452068446
        0.4950000000         0.3500000000         2.5572830977
        0.5000000000         0.3500000000         2.4719078651
        0.5050000000         0.3500000000         2.3980009474
        0.5100000000         0.3500000000         2.3177227437
        0.5150000000         0.3500000000         2.2374445399
        0.5200000000         0.3500000000         2.1546178218
        0.5250000000         0.3500000000         2.0768881325
        0.5300000000         0.3500000000         2.0029812148
        0.5350000000         0.3500000000         1.9163317250
        0.5400000000         0.3500000000         1.8411505501
        0.5450000000         0.3500000000         1.7659693752
        0.5500000000         0.3500000000         1.6856911714
        0.5550000000         0.3500000000         1.6130585109
        0.5600000000         0.3500000000         1.5302317928
        0.5650000000         0.3500000000         1.4525021034
        0.5700000000         0.3500000000         1.3760466713
        0.5750000000         0.3500000000         1.2957684676
        0.5800000000         0.3500000000         1.2129417495
        0.5850000000         0.3500000000         1.1339378029
        0.5900000000         0.3500000000         1.0574823708
        0.5950000000         0.3500000000         0.9772041671
        0.6000000000         0.3500000000         0.8956517061
        0.6050000000         0.3500000000         0.8140992452
        0.6100000000         0.3500000000         0.7338210415
        0.6150000000         0.3500000000         0.6535428377
        0.6200000000         0.3500000000         0.5681676052
        0.6250000000         0.3500000000         0.4853408871
        0.6300000000         0.3500000000         0.4012399117
        0.6350000000         0.3500000000         0.3196874508
        0.6400000000         0.3500000000         0.2317637038
        0.6450000000         0.3500000000         0.1565825289
        0.6500000000         0.3500000000         0.0673845248
        0.6550000000         0.3500000000        -0.0001511069
        0.6600000000         0.3500000000         0.0049459219
        0.6650000000         0.3500000000         1.1364863173
        0.6700000000         0.3500000000         5.0650212714
        0.6750000000         0.3500000000         5.0280678125
        0.6800000000         0.3500000000         4.9414183228
        0.6850000000         0.3500000000         4.8509460615
        0.6900000000         0.3500000000         4.7566510285
        0.6950000000         0.3500000000         4.6776470820
        0.7000000000         0.3500000000         4.5859005634
        0.7050000000         0.3500000000         4.5005253309
        0.7100000000         0.3500000000         4.4151500983
        0.7150000000         0.3500000000         4.3285006086
        0.7200000000         0.3500000000         4.2418511188
        0.7250000000         0.3500000000         4.1628471723
        0.7300000000         0.3500000000         4.0736491682
        0.7350000000         0.3500000000         3.9908224500
        0.7400000000         0.3500000000         3.9054472175
        0.7450000000         0.3500000000         3.8213462422
        0.7500000000         0.3500000000         3.7410680384
        0.7550000000         0.3500000000         3.6518700343
        0.7600000000         0.3500000000         3.5754146021
        0.7650000000         0.3500000000         3.4938621412
        0.7700000000         0.3500000000         3.4046641371
        0.7750000000         0.3500000000         3.3205631617
        0.7800000000         0.3500000000         3.2428334724
        0.7850000000         0.3500000000         3.1574582399
        0.7900000000         0.3500000000         3.0720830073
        0.7950000000         0.3500000000         2.9956275752
        0.8000000000         0.3500000000         2.9077038282
        0.8050000000         0.3500000000         2.8325226533
        0.8100000000         0.3500000000         2.7522444496
        0.8150000000         0.3500000000         2.6655949598
        0.8200000000         0.3500000000         2.5853167561
        0.8250000000         0.3500000000         2.5012157808
        0.8300000000         0.3500000000         2.4196633198
        0.8350000000         0.3500000000         2.3432078877
        0.8400000000         0.3500000000         2.2629296840
        0.8450000000         0.3500000000         2.1851999947
        0.8500000000         0.3500000000         2.1061960481
        0.8550000000         0.3500000000         2.0246435872
        0.8600000000         0.3500000000         1.9456396407
        0.8650000000         0.3500000000         1.8679099513
        0.8700000000         0.3500000000         1.7876317476
        0.8750000000         0.3500000000         1.7111763155
        0.8800000000         0.3500000000         1.6321723689
        0.8850000000         0.3500000000         1.5531684224
        0.8900000000         0.3500000000         1.4741644759
        0.8950000000         0.3500000000         1.3977090438
        0.9000000000         0.3500000000         1.3174308400
        0.9050000000         0.3500000000         1.2358783791
        0.9100000000         0.3500000000         1.1556001754
        0.9150000000         0.3500000000         1.0765962288
        0.9200000000         0.3500000000         0.9988665395
        0.9250000000         0.3500000000         0.9122170498
        0.9300000000         0.3500000000         0.8332131032
        0.9350000000         0.3500000000         0.7516606423
        0.9400000000         0.3500000000         0.6739309530
        0.9450000000         0.3500000000         0.5911042348
        0.9500000000         0.3500000000         0.5019062307
        0.9550000000         0.3500000000         0.4229022841
        0.9600000000         0.3500000000         0.3413498232
        0.9650000000         0.3500000000         0.2508775619
        0.9700000000         0.3500000000         0.1667765865
        0.9750000000         0.3500000000         0.0839498684
        0.9800000000         0.3500000000        -0.0001511069
        0.9850000000         0.3500000000         0.0049459219
        0.9900000000         0.3500000000         1.1046298873
        0.9950000000         0.3500000000         5.0675697858
        1.0000000000         0.3500000000         5.0471816706
        1.0050000000         0.3500000000         4.9541608948
        1.0100000000         0.3500000000         4.8662371479
        1.0150000000         0.3500000000         4.7744906293
        1.0200000000         0.3500000000         4.6942124256
        1.0250000000         0.3500000000         4.5973688782
        1.0300000000         0.3500000000         4.5170906745
        1.0350000000         0.3500000000         4.4227956415
        1.0400000000         0.3500000000         4.3437916950
        1.0450000000         0.3500000000         4.2571422053
        1.0500000000         0.3500000000         4.1755897443
        1.0550000000         0.3500000000         4.0863917402
        1.0600000000         0.3500000000         4.0112105653
        1.0650000000         0.3500000000         3.9207383039
        1.0700000000         0.3500000000         3.8379115858
        1.0750000000         0.3500000000         3.7550848676
        1.0800000000         0.3500000000         3.6646126063
        1.0850000000         0.3500000000         3.5868829170
        1.0900000000         0.3500000000         3.5040561988
        1.0950000000         0.3500000000         3.4199552235
        1.1000000000         0.3500000000         3.3422255342
        1.1050000000         0.3500000000         3.2555760444
        1.1100000000         0.3500000000         3.1727493263
        1.1150000000         0.3500000000         3.0886483509
        1.1200000000         0.3500000000         3.0083701472
        1.1250000000         0.3500000000         2.9255434291
        1.1300000000         0.3500000000         2.8427167109
        1.1350000000         0.3500000000         2.7598899928
        1.1400000000         0.3500000000         2.6808860463
        1.1450000000         0.3500000000         2.6018820997
        1.1500000000         0.3500000000         2.5152326100
        1.1550000000         0.3500000000         2.4413256923
        1.1600000000         0.3500000000         2.3572247169
        1.1650000000         0.3500000000         2.2756722560
        1.1700000000         0.3500000000         2.1953940523
        1.1750000000         0.3500000000         2.1202128773
        1.1800000000         0.3500000000         2.0361119020
        1.1850000000         0.3500000000         1.9634792415
        1.1900000000         0.3500000000         1.8755554945
        1.1950000000         0.3500000000         1.7991000624
        1.2000000000         0.3500000000         1.7264674019
        1.2050000000         0.3500000000         1.6461891982
        1.2100000000         0.3500000000         1.5608139656
        1.2150000000         0.3500000000         1.4818100191
        1.2200000000         0.3500000000         1.4066288442
        1.2250000000         0.3500000000         1.3263506404
        1.2300000000         0.3500000000         1.2498952083
        1.2350000000         0.3500000000         1.1708912618
        1.2400000000         0.3500000000         1.0880645436
        1.2450000000         0.3500000000         1.0039635683
        1.2500000000         0.3500000000         0.9211368502
        1.2550000000         0.3500000000         0.8395843892
        1.2600000000         0.3500000000         0.7605804427
        1.2650000000         0.3500000000         0.6764794674
        1.2700000000         0.3500000000         0.5987497780
        1.2750000000         0.3500000000         0.5146488027
        1.2800000000         0.3500000000         0.4356448562
        1.2850000000         0.3500000000         0.3464468520
        1.2900000000         0.3500000000         0.2648943911
        1.2950000000         0.3500000000         0.1769706441
        1.3000000000         0.3500000000         0.0979666976
        1.3050000000         0.3500000000         0.0113172079
        1.3100000000         0.3500000000         0.0036716647
        1.3150000000         0.3500000000         1.1046298873
        1.3200000000         0.3500000000         5.0675697858
        1.3250000000         0.3500000000         5.0535529566
        1.3300000000         0.3500000000         4.9618064380
        1.3350000000         0.3500000000         4.8751569483
        1.3400000000         0.3500000000         4.7846846869
        1.3450000000         0.3500000000         4.6967609400
        1.3500000000         0.3500000000         4.6075629359
        1.3550000000         0.3500000000         4.5247362177
        1.3600000000         0.3500000000         4.4406352424
        1.3650000000         0.3500000000         4.3527114954
        1.3700000000         0.3500000000         4.2673362629
        1.3750000000         0.3500000000         4.1819610303
        1.3800000000         0.3500000000         4.1004085694
        1.3850000000         0.3500000000         4.0150333369
        1.3900000000         0.3500000000         3.9360293903
        1.3950000000         0.3500000000         3.8506541578
        1.4000000000         0.3500000000         3.7640046681
        1.4050000000         0.3500000000         3.6799036927
        1.4100000000         0.3500000000         3.5945284602
        1.4150000000         0.3500000000         3.5104274848
        1.4200000000         0.3500000000         3.4288750239
        1.4250000000         0.3500000000         3.3460483058
        1.4300000000         0.3500000000         3.2606730732
        1.4350000000         0.3500000000         3.1752978407
        1.4400000000         0.3500000000         3.1001166658
        1.4450000000         0.3500000000         3.0160156904
        1.4500000000         0.3500000000         2.9319147151
        1.4550000000         0.3500000000         2.8529107686
        1.4600000000         0.3500000000         2.7726325648
        1.4650000000         0.3500000000         2.6949028755
        1.4700000000         0.3500000000         2.6108019002
        1.4750000000         0.3500000000         2.5330722108
        1.4800000000         0.3500000000         2.4425999495
        1.4850000000         0.3500000000         2.3661445174
        1.4900000000         0.3500000000         2.2858663136
        1.4950000000         0.3500000000         2.2094108815
        1.5000000000         0.3500000000         2.1253099062
        1.5050000000         0.3500000000         2.0475802168
        1.5100000000         0.3500000000         1.9660277559
        1.5150000000         0.3500000000         1.8895723238
        1.5200000000         0.3500000000         1.8131168916
        1.5250000000         0.3500000000         1.7315644307
        1.5300000000         0.3500000000         1.6551089986
        1.5350000000         0.3500000000         1.5786535665
        1.5400000000         0.3500000000         1.4996496199
        1.5450000000         0.3500000000         1.4142743874
        1.5500000000         0.3500000000         1.3403674697
        1.5550000000         0.3500000000         1.2600892659
        1.5600000000         0.3500000000         1.1772625478
        1.5650000000         0.3500000000         1.0982586013
        1.5700000000         0.3500000000         1.0167061403
        1.5750000000         0.3500000000         0.9364279366
        1.5800000000         0.3500000000         0.8561497329
        1.5850000000         0.3500000000         0.7745972719
        1.5900000000         0.3500000000         0.6968675826
        1.5950000000         0.3500000000         0.6089438357
        1.6000000000         0.3500000000         0.5248428603
        1.6050000000         0.3500000000         0.4407418850
        1.6100000000         0.3500000000         0.3591894240
        1.6150000000         0.3500000000         0.2776369631
        1.6200000000         0.3500000000         0.1909874734
        1.6250000000         0.3500000000         0.1094350124
        1.6300000000         0.3500000000         0.0227855227
        1.6350000000         0.3500000000        -0.0001511069
        1.6400000000         0.3500000000         1.1033556301
        1.6450000000         0.3500000000         5.0650212714
        1.6500000000         0.3500000000         5.0624727570
        1.6550000000         0.3500000000         4.9745490101
        1.6600000000         0.3500000000         4.8853510059
        1.6650000000         0.3500000000         4.8012500306
        1.6700000000         0.3500000000         4.7133262836
        1.6750000000         0.3500000000         4.6254025367
        1.6800000000         0.3500000000         4.5349302753
        1.6850000000         0.3500000000         4.4533778144
        1.6900000000         0.3500000000         4.3654540675
        1.6950000000         0.3500000000         4.2800788349
        1.7000000000         0.3500000000         4.1947036024
        1.7050000000         0.3500000000         4.1080541126
        1.7100000000         0.3500000000         4.0277759089
        1.7150000000         0.3500000000         3.9411264192
        1.7200000000         0.3500000000         3.8557511866
        1.7250000000         0.3500000000         3.7716502113
        1.7300000000         0.3500000000         3.6837264643
        1.7350000000         0.3500000000         3.6008997462
        1.7400000000         0.3500000000         3.5206215425
        1.7450000000         0.3500000000         3.4377948243
        1.7500000000         0.3500000000         3.3587908778
        1.7550000000         0.3500000000         3.2746899025
        1.7600000000         0.3500000000         3.1867661555
        1.7650000000         0.3500000000         3.1064879518
        1.7700000000         0.3500000000         3.0198384620
        1.7750000000         0.3500000000         2.9382860011
        1.7800000000         0.3500000000         2.8631048262
        1.7850000000         0.3500000000         2.7815523652
        1.7900000000         0.3500000000         2.6949028755
        1.7950000000         0.3500000000         2.6171731862
        1.8000000000         0.3500000000         2.5368949824
        1.8050000000         0.3500000000         2.4566167787
        1.8100000000         0.3500000000         2.3699672890
        1.8150000000         0.3500000000         2.2935118568
        1.8200000000         0.3500000000         2.2132336531
        1.8250000000         0.3500000000         2.1304069350
        1.8300000000         0.3500000000         2.0565000172
        1.8350000000         0.3500000000         1.9736732991
        1.8400000000         0.3500000000         1.8946693526
        1.8450000000         0.3500000000         1.8182139205
        1.8500000000         0.3500000000         1.7404842311
        1.8550000000         0.3500000000         1.6602060274
        1.8600000000         0.3500000000         1.5773793093
        1.8650000000         0.3500000000         1.4958268483
        1.8700000000         0.3500000000         1.4180971590
        1.8750000000         0.3500000000         1.3390932125
        1.8800000000         0.3500000000         1.2600892659
        1.8850000000         0.3500000000         1.1963764058
        1.8900000000         0.3500000000         1.0995328585
        1.8950000000         0.3500000000         1.0192546547
        1.9000000000         0.3500000000         0.9491705086
        1.9050000000         0.3500000000         0.8574239901
        1.9100000000         0.3500000000         0.7707745003
        1.9150000000         0.3500000000         0.6930448110
        1.9200000000         0.3500000000         0.6102180929
        1.9250000000         0.3500000000         0.5286656319
        1.9300000000         0.3500000000         0.4407418850
        1.9350000000         0.3500000000         0.3630121957
        1.9400000000         0.3500000000         0.2763627059
        1.9450000000         0.3500000000         0.1935359878
        1.9500000000         0.3500000000         0.1056122408
        1.9550000000         0.3500000000         0.0215112655
        1.9600000000         0.3500000000         0.0011231503
        1.9650000000         0.3500000000         1.1020813729
        1.9700000000         0.3500000000         5.0701183002
        1.9750000000         0.3500000000         5.0573757282
        1.9800000000         0.3500000000         4.9770975245
        1.9850000000         0.3500000000         4.8904480347
        1.9900000000         0.3500000000         4.7987015162
        1.9950000000         0.3500000000         4.7133262836
        2.0000000000         0.3500000000         4.6317738227
        2.0050000000         0.3500000000         4.5362045325
        2.0100000000         0.3500000000         4.4482807856
        2.0150000000         0.3500000000         4.3692768391
        2.0200000000         0.3500000000         4.2826273493
        2.0250000000         0.3500000000         4.1959778596
        2.0300000000         0.3500000000         4.1106026270
        2.0350000000         0.3500000000         4.0265016517
        2.0400000000         0.3500000000         3.9424006764
        2.0450000000         0.3500000000         3.8570254438
        2.0500000000         0.3500000000         3.7729244685
        2.0550000000         0.3500000000         3.6888234931
        2.0600000000         0.3500000000         3.6034482606
        2.0650000000         0.3500000000         3.5244443141
        2.0700000000         0.3500000000         3.4352463099
        2.0750000000         0.3500000000         3.3549681062
        2.0800000000         0.3500000000         3.2708671308
        2.0850000000         0.3500000000         3.1880404127
        2.0900000000         0.3500000000         3.1052136946
        2.0950000000         0.3500000000         3.0236612336
        2.1000000000         0.3500000000         2.9408345155
        2.1050000000         0.3500000000         2.8580077974
        2.1100000000         0.3500000000         2.7764553364
        2.1150000000         0.3500000000         2.6999999043
        2.1200000000         0.3500000000         2.6120761574
        2.1250000000         0.3500000000         2.5356207252
        2.1300000000         0.3500000000         2.4553425215
        2.1350000000         0.3500000000         2.3699672890
        2.1400000000         0.3500000000         2.2922375996
        2.1450000000         0.3500000000         2.2094108815
        2.1500000000         0.3500000000         2.1291326778
        2.1550000000         0.3500000000         2.0526772456
        2.1600000000         0.3500000000         1.9647534987
        2.1650000000         0.3500000000         1.8921208382
        2.1700000000         0.3500000000         1.8118426344
        2.1750000000         0.3500000000         1.7353872023
        2.1800000000         0.3500000000         1.6551089986
        2.1850000000         0.3500000000         1.5722822804
        2.1900000000         0.3500000000         1.4932783339
        2.1950000000         0.3500000000         1.4206456734
        2.2000000000         0.3500000000         1.3365446981
        2.2050000000         0.3500000000         1.2575407515
        2.2100000000         0.3500000000         1.1810853194
        2.2150000000         0.3500000000         1.0995328585
        2.2200000000         0.3500000000         1.0141576259
        2.2250000000         0.3500000000         0.9351536794
        2.2300000000         0.3500000000         0.8536012185
        2.2350000000         0.3500000000         0.7695002431
        2.2400000000         0.3500000000         0.6866735250
        2.2450000000         0.3500000000         0.6038468068
        2.2500000000         0.3500000000         0.5197458315
        2.2550000000         0.3500000000         0.4445646566
        2.2600000000         0.3500000000         0.3502696236
        2.2650000000         0.3500000000         0.2636201339
        2.2700000000         0.3500000000         0.1858904446
        2.2750000000         0.3500000000         0.1005152120
        2.2800000000         0.3500000000         0.0176884939
        2.2850000000         0.3500000000        -0.0026996214
        2.2900000000         0.3500000000         1.1160982021
        2.2950000000         0.3500000000         5.0701183002
        2.3000000000         0.3500000000         5.0599242426
        2.3050000000         0.3500000000         4.9720004957
        2.3100000000         0.3500000000         4.8853510059
        2.3150000000         0.3500000000         4.7923302302
        2.3200000000         0.3500000000         4.7031322260
        2.3250000000         0.3500000000         4.6164827363
        2.3300000000         0.3500000000         4.5311075037
        2.3350000000         0.3500000000         4.4444580140
        2.3400000000         0.3500000000         4.3578085242
        2.3450000000         0.3500000000         4.2737075489
        2.3500000000         0.3500000000         4.1896065736
        2.3550000000         0.3500000000         4.1042313410
        2.3600000000         0.3500000000         4.0188561085
        2.3650000000         0.3500000000         3.9322066187
        2.3700000000         0.3500000000         3.8493799006
        2.3750000000         0.3500000000         3.7652789253
        2.3800000000         0.3500000000         3.6837264643
        2.3850000000         0.3500000000         3.5983512318
        2.3900000000         0.3500000000         3.5129759992
        2.3950000000         0.3500000000         3.4326977955
        2.4000000000         0.3500000000         3.3473225630
        2.4050000000         0.3500000000         3.2619473304
        2.4100000000         0.3500000000         3.1752978407
        2.4150000000         0.3500000000         3.0911968654
        2.4200000000         0.3500000000         3.0096444044
        2.4250000000         0.3500000000         2.9255434291
        2.4300000000         0.3500000000         2.8478137397
        2.4350000000         0.3500000000         2.7675355360
        2.4400000000         0.3500000000         2.6847088179
        2.4450000000         0.3500000000         2.6031563569
        2.4500000000         0.3500000000         2.5216038960
        2.4550000000         0.3500000000         2.4400514351
        2.4600000000         0.3500000000         2.3597732313
        2.4650000000         0.3500000000         2.2756722560
        2.4700000000         0.3500000000         2.1953940523
        2.4750000000         0.3500000000         2.1189386201
        2.4800000000         0.3500000000         2.0361119020
        2.4850000000         0.3500000000         1.9545594411
        2.4900000000         0.3500000000         1.8742812373
        2.4950000000         0.3500000000         1.8016485768
        2.5000000000         0.3500000000         1.7213703731
        2.5050000000         0.3500000000         1.6410921694
        2.5100000000         0.3500000000         1.5646367372
        2.5150000000         0.3500000000         1.4805357619
        2.5200000000         0.3500000000         1.4028060726
        2.5250000000         0.3500000000         1.3238021260
        2.5300000000         0.3500000000         1.2397011507
        2.5350000000         0.3500000000         1.1645199758
        2.5400000000         0.3500000000         1.0791447432
        2.5450000000         0.3500000000         0.9975922823
        2.5500000000         0.3500000000         0.9185883358
        2.5550000000         0.3500000000         0.8344873604
        2.5600000000         0.3500000000         0.7554834139
        2.5650000000         0.3500000000         0.6701081814
        2.5700000000         0.3500000000         0.5860072060
        2.5750000000         0.3500000000         0.5019062307
        2.5800000000         0.3500000000         0.4178052553
        2.5850000000         0.3500000000         0.3273329940
        2.5900000000         0.3500000000         0.2508775619
        2.5950000000         0.3500000000         0.1616795577
        2.6000000000         0.3500000000         0.0750300680
        2.6050000000         0.3500000000         0.0049459219
        2.6100000000         0.3500000000        -0.0026996214
        2.6150000000         0.3500000000         1.1033556301
        2.6200000000         0.3500000000         5.0662955286
        2.6250000000         0.3500000000         5.0331648414
        2.6300000000         0.3500000000         4.9477896088
        2.6350000000         0.3500000000         4.8573173475
        2.6400000000         0.3500000000         4.7693936005
        2.6450000000         0.3500000000         4.6750985676
        2.6500000000         0.3500000000         4.5884490778
        2.6550000000         0.3500000000         4.5005253309
        2.6600000000         0.3500000000         4.4138758411
        2.6650000000         0.3500000000         4.3234035798
        2.6700000000         0.3500000000         4.2418511188
        2.6750000000         0.3500000000         4.1615729151
        2.6800000000         0.3500000000         4.0711006538
        2.6850000000         0.3500000000         3.9908224500
        2.6900000000         0.3500000000         3.8990759315
        2.6950000000         0.3500000000         3.8162492133
        2.7000000000         0.3500000000         3.7334224952
        2.7050000000         0.3500000000         3.6493215199
        2.7100000000         0.3500000000         3.5664948017
        2.7150000000         0.3500000000         3.4836680836
        2.7200000000         0.3500000000         3.3970185939
        2.7250000000         0.3500000000         3.3154661329
        2.7300000000         0.3500000000         3.2313651576
        2.7350000000         0.3500000000         3.1498126966
        2.7400000000         0.3500000000         3.0708087501
        2.7450000000         0.3500000000         2.9854335176
        2.7500000000         0.3500000000         2.9026067994
        2.7550000000         0.3500000000         2.8248771101
        2.7600000000         0.3500000000         2.7356791060
        2.7650000000         0.3500000000         2.6566751594
        2.7700000000         0.3500000000         2.5763969557
        2.7750000000         0.3500000000         2.4884732088
        2.7800000000         0.3500000000         2.4145662910
        2.7850000000         0.3500000000         2.3279168013
        2.7900000000         0.3500000000         2.2463643404
        2.7950000000         0.3500000000         2.1711831654
        2.8000000000         0.3500000000         2.0858079329
        2.8050000000         0.3500000000         2.0119010152
        2.8100000000         0.3500000000         1.9278000398
        2.8150000000         0.3500000000         1.8487960933
        2.8200000000         0.3500000000         1.7710664040
        2.8250000000         0.3500000000         1.6882396858
        2.8300000000         0.3500000000         1.6117842537
        2.8350000000         0.3500000000         1.5378773360
        2.8400000000         0.3500000000         1.4601476467
        2.8450000000         0.3500000000         1.3734981569
        2.8500000000         0.3500000000         1.2944942104
        2.8550000000         0.3500000000         1.2142160067
        2.8600000000         0.3500000000         1.1326635457
        2.8650000000         0.3500000000         1.0523853420
        2.8700000000         0.3500000000         0.9708328811
        2.8750000000         0.3500000000         0.8892804201
        2.8800000000         0.3500000000         0.8128249880
        2.8850000000         0.3500000000         0.7287240127
        2.8900000000         0.3500000000         0.6446230373
        2.8950000000         0.3500000000         0.5630705764
        2.9000000000         0.3500000000         0.4738725722
        2.9050000000         0.3500000000         0.3910458541
        2.9100000000         0.3500000000         0.3094933932
        2.9150000000         0.3500000000         0.2279409322
        2.9200000000         0.3500000000         0.1374686709
        2.9250000000         0.3500000000         0.0597389816
        2.9300000000         0.3500000000        -0.0001511069
        2.9350000000         0.3500000000        -0.0001511069
        2.9400000000         0.3500000000         1.1046298873
        2.9450000000         0.3500000000         5.0701183002
        2.9500000000         0.3500000000         5.0140509833
        2.9550000000         0.3500000000         4.9210302076
        2.9600000000         0.3500000000         4.8356549750
        2.9650000000         0.3500000000         4.7528282569
        2.9700000000         0.3500000000         4.6559847095
        2.9750000000         0.3500000000         4.5680609626
        2.9800000000         0.3500000000         4.4865085017
        2.9850000000         0.3500000000         4.3934877259
        2.9900000000         0.3500000000         4.3132095222
        2.9950000000         0.3500000000         4.2227372608
        3.0000000000         0.3500000000         4.1424590571
        3.0050000000         0.3500000000         4.0532610529
        3.0100000000         0.3500000000         3.9704343348
        3.0150000000         0.3500000000         3.8876076167
        3.0200000000         0.3500000000         3.8035066413
        3.0250000000         0.3500000000         3.7206799232
        3.0300000000         0.3500000000         3.6365789479
        3.0350000000         0.3500000000         3.5512037153
        3.0400000000         0.3500000000         3.4696512544
        3.0450000000         0.3500000000         3.3842760218
        3.0500000000         0.3500000000         3.3001750465
        3.0550000000         0.3500000000         3.2160740712
        3.0600000000         0.3500000000         3.1332473530
        3.0650000000         0.3500000000         3.0567919209
        3.0700000000         0.3500000000         2.9650454023
        3.0750000000         0.3500000000         2.8898642274
        3.0800000000         0.3500000000         2.8057632521
        3.0850000000         0.3500000000         2.7229365339
        3.0900000000         0.3500000000         2.6515781306
        3.0950000000         0.3500000000         2.5623801265
        3.1000000000         0.3500000000         2.4808276655
        3.1050000000         0.3500000000         2.3967266902
        3.1100000000         0.3500000000         2.3151742293
        3.1150000000         0.3500000000         2.2361702827
        3.1200000000         0.3500000000         2.1584405934
        3.1250000000         0.3500000000         2.0730653609
        3.1300000000         0.3500000000         1.9953356715
        3.1350000000         0.3500000000         1.9163317250
        3.1400000000         0.3500000000         1.8360535213
        3.1450000000         0.3500000000         1.7621466036
        3.1500000000         0.3500000000         1.6805941426
        3.1550000000         0.3500000000         1.6003159389
        3.1600000000         0.3500000000         1.5251347640
        3.1650000000         0.3500000000         1.4410337886
        3.1700000000         0.3500000000         1.3594813277
        3.1750000000         0.3500000000         1.2779288668
        3.1800000000         0.3500000000         1.2052962062
        3.1850000000         0.3500000000         1.1211952309
        3.1900000000         0.3500000000         1.0409170272
        3.1950000000         0.3500000000         0.9619130806
        3.2000000000         0.3500000000         0.8778121053
        3.2050000000         0.3500000000         0.8026309304
        3.2100000000         0.3500000000         0.7147071834
        3.2150000000         0.3500000000         0.6306062081
        3.2200000000         0.3500000000         0.5426824611
        3.2250000000         0.3500000000         0.4675012862
        3.2300000000         0.3500000000         0.3783032821
        3.2350000000         0.3500000000         0.2967508211
        3.2400000000         0.3500000000         0.2151983602
        3.2450000000         0.3500000000         0.1298231277
        3.2500000000         0.3500000000         0.0495449239
        3.2550000000         0.3500000000        -0.0039738786
        3.2600000000         0.3500000000        -0.0014253642
        3.2650000000         0.3500000000         5.0675697858
        3.2700000000         0.3500000000         5.0650212714
        3.2750000000         0.3500000000         4.9974856397
        3.2800000000         0.3500000000         4.9070133783
        3.2850000000         0.3500000000         4.8216381458
        3.2900000000         0.3500000000         4.7324401417
        3.2950000000         0.3500000000         4.6457906519
        3.3000000000         0.3500000000         4.5565926478
        3.3050000000         0.3500000000         4.4686689008
        3.3100000000         0.3500000000         4.3807451539
        3.3150000000         0.3500000000         4.3017412073
        3.3200000000         0.3500000000         4.2163659748
        3.3250000000         0.3500000000         4.1258937135
        3.3300000000         0.3500000000         4.0405184809
        3.3350000000         0.3500000000         3.9627887916
        3.3400000000         0.3500000000         3.8748650446
        3.3450000000         0.3500000000         3.7894898121
        3.3500000000         0.3500000000         3.7066630940
        3.3550000000         0.3500000000         3.6187393470
        3.3600000000         0.3500000000         3.5397354005
        3.3650000000         0.3500000000         3.4569086824
        3.3700000000         0.3500000000         3.3791789930
        3.3750000000         0.3500000000         3.2810611885
        3.3800000000         0.3500000000         3.2046057563
        3.3850000000         0.3500000000         3.1192305238
        3.3900000000         0.3500000000         3.0364038057
        3.3950000000         0.3500000000         2.9573998591
        3.4000000000         0.3500000000         2.8694761122
        3.4050000000         0.3500000000         2.7904721657
        3.4100000000         0.3500000000         2.7089197047
        3.4150000000         0.3500000000         2.6222702150
        3.4200000000         0.3500000000         2.5407177540
        3.4250000000         0.3500000000         2.4655365791
        3.4300000000         0.3500000000         2.3801613466
        3.4350000000         0.3500000000         2.3062544289
        3.4400000000         0.3500000000         2.2208791963
        3.4450000000         0.3500000000         2.1393267354
        3.4500000000         0.3500000000         2.0577742744
        3.4550000000         0.3500000000         1.9800445851
        3.4600000000         0.3500000000         1.8984921242
        3.4650000000         0.3500000000         1.8258594637
        3.4700000000         0.3500000000         1.7494040315
        3.4750000000         0.3500000000         1.6665773134
        3.4800000000         0.3500000000         1.5837505953
        3.4850000000         0.3500000000         1.5123921919
        3.4900000000         0.3500000000         1.4206456734
        3.4950000000         0.3500000000         1.3441902413
        3.5000000000         0.3500000000         1.2690090663
        3.5050000000         0.3500000000         1.1887308626
        3.5100000000         0.3500000000         1.1059041445
        3.5150000000         0.3500000000         1.0243516835
        3.5200000000         0.3500000000         0.9427992226
        3.5250000000         0.3500000000         0.8637952761
        3.5300000000         0.3500000000         0.7733230147
        3.5350000000         0.3500000000         0.7006903542
        3.5400000000         0.3500000000         0.6127666073
        3.5450000000         0.3500000000         0.5312141463
        3.5500000000         0.3500000000         0.4458389138
        3.5550000000         0.3500000000         0.3604636812
        3.5600000000         0.3500000000         0.2814597347
        3.5650000000         0.3500000000         0.1922617306
        3.5700000000         0.3500000000         0.1107092696
        3.5750000000         0.3500000000         0.0227855227
        3.5800000000         0.3500000000        -0.0001511069
        3.5850000000         0.3500000000         1.1033556301
        3.5900000000         0.3500000000         5.0688440430
        3.5950000000         0.3500000000         5.0573757282
        3.6000000000         0.3500000000         4.9707262385
        3.6050000000         0.3500000000         4.8917222919
        3.6100000000         0.3500000000         4.7987015162
        3.6150000000         0.3500000000         4.7069549976
        3.6200000000         0.3500000000         4.6215797651
        3.6250000000         0.3500000000         4.5349302753
        3.6300000000         0.3500000000         4.4482807856
        3.6350000000         0.3500000000         4.3590827814
        3.6400000000         0.3500000000         4.2724332917
        3.6450000000         0.3500000000         4.1959778596
        3.6500000000         0.3500000000         4.1080541126
        3.6550000000         0.3500000000         4.0239531373
        3.6600000000         0.3500000000         3.9398521620
        3.6650000000         0.3500000000         3.8532026722
        3.6700000000         0.3500000000         3.7691016969
        3.6750000000         0.3500000000         3.6824522071
        3.6800000000         0.3500000000         3.5983512318
        3.6850000000         0.3500000000         3.5193472853
        3.6900000000         0.3500000000         3.4326977955
        3.6950000000         0.3500000000         3.3485968202
        3.7000000000         0.3500000000         3.2670443592
        3.7050000000         0.3500000000         3.1803948695
        3.7100000000         0.3500000000         3.1039394374
        3.7150000000         0.3500000000         3.0160156904
        3.7200000000         0.3500000000         2.9344632295
        3.7250000000         0.3500000000         2.8541850258
        3.7300000000         0.3500000000         2.7700840504
        3.7350000000         0.3500000000         2.6936286183
        3.7400000000         0.3500000000         2.6082533858
        3.7450000000         0.3500000000         2.5279751820
        3.7500000000         0.3500000000         2.4540682643
        3.7550000000         0.3500000000         2.3635960030
        3.7600000000         0.3500000000         2.2820435420
        3.7650000000         0.3500000000         2.2081366243
        3.7700000000         0.3500000000         2.1176643629
        3.7750000000         0.3500000000         2.0412089308
        3.7800000000         0.3500000000         1.9647534987
        3.7850000000         0.3500000000         1.8819267806
        3.7900000000         0.3500000000         1.8080198628
        3.7950000000         0.3500000000         1.7264674019
        3.8000000000         0.3500000000         1.6449149410
        3.8050000000         0.3500000000         1.5710080232
        3.8100000000         0.3500000000         1.4894555623
        3.8150000000         0.3500000000         1.4053545870
        3.8200000000         0.3500000000         1.3314476692
        3.8250000000         0.3500000000         1.2511694655
        3.8300000000         0.3500000000         1.1657942330
        3.8350000000         0.3500000000         1.0893388008
        3.8400000000         0.3500000000         1.0103348543
        3.8450000000         0.3500000000         0.9262338790
        3.8500000000         0.3500000000         0.8408586464
        3.8550000000         0.3500000000         0.7605804427
        3.8600000000         0.3500000000         0.6803022390
        3.8650000000         0.3500000000         0.5962012636
        3.8700000000         0.3500000000         0.5133745455
        3.8750000000         0.3500000000         0.4356448562
        3.8800000000         0.3500000000         0.3426240804
        3.8850000000         0.3500000000         0.2559745907
        3.8900000000         0.3500000000         0.1795191585
        3.8950000000         0.3500000000         0.0954181832
        3.9000000000         0.3500000000         0.0125914651
        3.9050000000         0.3500000000         0.0011231503
        3.9100000000         0.3500000000         1.1110011733
        3.9150000000         0.3500000000         5.0675697858
        3.9200000000         0.3500000000         5.0471816706
        3.9250000000         0.3500000000         4.9592579236
        3.9300000000         0.3500000000         4.8726084339
        3.9350000000         0.3500000000         4.7846846869
        3.9400000000         0.3500000000         4.6929381684
        3.9450000000         0.3500000000         4.6062886786
        3.9500000000         0.3500000000         4.5183649317
        3.9550000000         0.3500000000         4.4380867280
        3.9600000000         0.3500000000         4.3488887238
        3.9650000000         0.3500000000         4.2647877485
        3.9700000000         0.3500000000         4.1794125159
        3.9750000000         0.3500000000         4.0965857978
        3.9800000000         0.3500000000         4.0150333369
        3.9850000000         0.3500000000         3.9271095899
        3.9900000000         0.3500000000         3.8442828718
        3.9950000000         0.3500000000         3.7550848676
        4.0000000000         0.3500000000         3.6799036927
        4.0050000000         0.3500000000         3.5843344026
        4.0100000000         0.3500000000         3.4989591700
        4.0150000000         0.3500000000         3.4186809663
        4.0200000000         0.3500000000         3.3371285054
        4.0250000000         0.3500000000         3.2492047584
        4.0300000000         0.3500000000         3.1689265547
        4.0350000000         0.3500000000         3.0835513221
        4.0400000000         0.3500000000         3.0007246040
        4.0450000000         0.3500000000         2.9178978859
        4.0500000000         0.3500000000         2.8414424537
        4.0550000000         0.3500000000         2.7535187068
        4.0600000000         0.3500000000         2.6757890175
        4.0650000000         0.3500000000         2.5891395277
        4.0700000000         0.3500000000         2.5114098384
        4.0750000000         0.3500000000         2.4285831203
        4.0800000000         0.3500000000         2.3483049165
        4.0850000000         0.3500000000         2.2642039412
        4.0900000000         0.3500000000         2.1877485091
        4.0950000000         0.3500000000         2.1112930769
        4.1000000000         0.3500000000         2.0284663588
        4.1050000000         0.3500000000         1.9443653835
        4.1100000000         0.3500000000         1.8640871797
        4.1150000000         0.3500000000         1.7914545192
        4.1200000000         0.3500000000         1.7111763155
        4.1250000000         0.3500000000         1.6296238545
        4.1300000000         0.3500000000         1.5518941652
        4.1350000000         0.3500000000         1.4677931899
        4.1400000000         0.3500000000         1.3977090438
        4.1450000000         0.3500000000         1.3148823256
        4.1500000000         0.3500000000         1.2295070931
        4.1550000000         0.3500000000         1.1492288893
        4.1600000000         0.3500000000         1.0689506856
        4.1650000000         0.3500000000         0.9823011959
        4.1700000000         0.3500000000         0.9045715065
        4.1750000000         0.3500000000         0.8255675600
        4.1800000000         0.3500000000         0.7414665847
        4.1850000000         0.3500000000         0.6586398665
        4.1900000000         0.3500000000         0.5745388912
        4.1950000000         0.3500000000         0.4917121731
        4.2000000000         0.3500000000         0.4037884261
        4.2050000000         0.3500000000         0.3196874508
        4.2100000000         0.3500000000         0.2368607326
        4.2150000000         0.3500000000         0.1553082717
        4.2200000000         0.3500000000         0.0661102676
        4.2250000000         0.3500000000         0.0049459219
        4.2300000000         0.3500000000        -0.0039738786
        4.2350000000         0.3500000000         1.1059041445
        4.2400000000         0.3500000000         5.0662955286
        4.2450000000         0.3500000000         5.0242450409
        4.2500000000         0.3500000000         4.9388698084
        4.2550000000         0.3500000000         4.8496718043
        4.2600000000         0.3500000000         4.7617480573
        4.2650000000         0.3500000000         4.6700015388
        4.2700000000         0.3500000000         4.5820777918
        4.2750000000         0.3500000000         4.5017995881
        4.2800000000         0.3500000000         4.4164243555
        4.2850000000         0.3500000000         4.3285006086
        4.2900000000         0.3500000000         4.2443996333
        4.2950000000         0.3500000000         4.1628471723
        4.3000000000         0.3500000000         4.0698263966
        4.3050000000         0.3500000000         3.9869996784
        4.3100000000         0.3500000000         3.8990759315
        4.3150000000         0.3500000000         3.8175234705
        4.3200000000         0.3500000000         3.7334224952
        4.3250000000         0.3500000000         3.6531442915
        4.3300000000         0.3500000000         3.5664948017
        4.3350000000         0.3500000000         3.4785710548
        4.3400000000         0.3500000000         3.3970185939
        4.3450000000         0.3500000000         3.3154661329
        4.3500000000         0.3500000000         3.2339136720
        4.3550000000         0.3500000000         3.1498126966
        4.3600000000         0.3500000000         3.0669859785
        4.3650000000         0.3500000000         2.9841592604
        4.3700000000         0.3500000000         2.9038810566
        4.3750000000         0.3500000000         2.8172315669
        4.3800000000         0.3500000000         2.7356791060
        4.3850000000         0.3500000000         2.6566751594
        4.3900000000         0.3500000000         2.5725741841
        4.3950000000         0.3500000000         2.4910217232
        4.4000000000         0.3500000000         2.4132920338
        4.4050000000         0.3500000000         2.3355623445
        4.4100000000         0.3500000000         2.2476385976
        4.4150000000         0.3500000000         2.1648118794
        4.4200000000         0.3500000000         2.0883564473
        4.4250000000         0.3500000000         2.0068039864
        4.4300000000         0.3500000000         1.9227030110
        4.4350000000         0.3500000000         1.8487960933
        4.4400000000         0.3500000000         1.7685178896
        4.4450000000         0.3500000000         1.6882396858
        4.4500000000         0.3500000000         1.6130585109
        4.4550000000         0.3500000000         1.5302317928
        4.4600000000         0.3500000000         1.4525021034
        4.4650000000         0.3500000000         1.3760466713
        4.4700000000         0.3500000000         1.2932199532
        4.4750000000         0.3500000000         1.2078447206
        4.4800000000         0.3500000000         1.1301150313
        4.4850000000         0.3500000000         1.0536595992
        4.4900000000         0.3500000000         0.9682843666
        4.4950000000         0.3500000000         0.8880061629
        4.5000000000         0.3500000000         0.8090022164
        4.5050000000         0.3500000000         0.7236269838
        4.5100000000         0.3500000000         0.6408002657
        4.5150000000         0.3500000000         0.5554250332
        4.5200000000         0.3500000000         0.4725983150
        4.5250000000         0.3500000000         0.3846745681
        4.5300000000         0.3500000000         0.3043963644
        4.5350000000         0.3500000000         0.2215696462
        4.5400000000         0.3500000000         0.1336458993
        4.5450000000         0.3500000000         0.0495449239
        4.5500000000         0.3500000000        -0.0026996214
        4.5550000000         0.3500000000        -0.0026996214
        4.5600000000         0.3500000000         5.0637470142
        4.5650000000         0.3500000000         5.0675697858
        4.5700000000         0.3500000000         5.0025826685
        4.5750000000         0.3500000000         4.9146589216
        4.5800000000         0.3500000000         4.8305579462
        4.5850000000         0.3500000000         4.7439084565
        4.5900000000         0.3500000000         4.6572589667
        4.5950000000         0.3500000000         4.5680609626
        4.6000000000         0.3500000000         4.4814114728
        4.6050000000         0.3500000000         4.3922134687
        4.6100000000         0.3500000000         4.3068382362
        4.6150000000         0.3500000000         4.2265600324
        4.6200000000         0.3500000000         4.1437333143
        4.6250000000         0.3500000000         4.0519867957
        4.6300000000         0.3500000000         3.9742571064
        4.6350000000         0.3500000000         3.8825105879
        4.6400000000         0.3500000000         3.8035066413
        4.6450000000         0.3500000000         3.7143086372
        4.6500000000         0.3500000000         3.6302076618
        4.6550000000         0.3500000000         3.5486552009
        4.6600000000         0.3500000000         3.4645542256
        4.6650000000         0.3500000000         3.3855502790
        4.6700000000         0.3500000000         3.2989007893
        4.6750000000         0.3500000000         3.2147998140
        4.6800000000         0.3500000000         3.1319730958
        4.6850000000         0.3500000000         3.0491463777
        4.6900000000         0.3500000000         2.9675939167
        4.6950000000         0.3500000000         2.8783959126
        4.7000000000         0.3500000000         2.8019404805
        4.7050000000         0.3500000000         2.7165652479
        4.7100000000         0.3500000000         2.6350127870
        4.7150000000         0.3500000000         2.5521860689
        4.7200000000         0.3500000000         2.4706336079
        4.7250000000         0.3500000000         2.3878068898
        4.7300000000         0.3500000000         2.3075286861
        4.7350000000         0.3500000000         2.2297989967
        4.7400000000         0.3500000000         2.1469722786
        4.7450000000         0.3500000000         2.0615970461
        4.7500000000         0.3500000000         1.9864158711
        4.7550000000         0.3500000000         1.9023148958
        4.7600000000         0.3500000000         1.8220366921
        4.7650000000         0.3500000000         1.7519525459
        4.7700000000         0.3500000000         1.6691258278
        4.7750000000         0.3500000000         1.5888476241
        4.7800000000         0.3500000000         1.5111179347
        4.7850000000         0.3500000000         1.4257427022
        4.7900000000         0.3500000000         1.3492872701
        4.7950000000         0.3500000000         1.2677348091
        4.8000000000         0.3500000000         1.1887308626
        4.8050000000         0.3500000000         1.1084526589
        4.8100000000         0.3500000000         1.0281744551
        4.8150000000         0.3500000000         0.9466219942
        4.8200000000         0.3500000000         0.8650695333
        4.8250000000         0.3500000000         0.7784200435
        4.8300000000         0.3500000000         0.7019646114
        4.8350000000         0.3500000000         0.6140408645
        4.8400000000         0.3500000000         0.5286656319
