        0.0000000000         0.6500000000         0.7669517287
        0.0050000000         0.6500000000         0.7707745003
        0.0100000000         0.6500000000         0.7695002431
        0.0150000000         0.6500000000         0.7682259859
        0.0200000000         0.6500000000         0.7516606423
        0.0250000000         0.6500000000         0.7401923275
        0.0300000000         0.6500000000         0.7147071834
        0.0350000000         0.6500000000         0.6866735250
        0.0400000000         0.6500000000         0.6573656093
        0.0450000000         0.6500000000         0.6165893789
        0.0500000000         0.6500000000         0.5809101772
        0.0550000000         0.6500000000         0.5452309756
        0.0600000000         0.6500000000         0.5019062307
        0.0650000000         0.6500000000         0.4573072286
        0.0700000000         0.6500000000         0.4127082265
        0.0750000000         0.6500000000         0.3604636812
        0.0800000000         0.6500000000         0.3158646792
        0.0850000000         0.6500000000         0.2648943911
        0.0900000000         0.6500000000         0.2164726174
        0.0950000000         0.6500000000         0.1604053005
        0.1000000000         0.6500000000         0.1056122408
        0.1050000000         0.6500000000         0.0584647243
        0.1100000000         0.6500000000        -0.0014253642
        0.1150000000         0.6500000000        -0.0001511069
        0.1200000000         0.6500000000        -0.0001511069
        0.1250000000         0.6500000000         1.1390348317
        0.1300000000         0.6500000000         5.0624727570
        0.1350000000         0.6500000000         5.0624727570
        0.1400000000         0.6500000000         5.0344390986
        0.1450000000         0.6500000000         4.9720004957
        0.1500000000         0.6500000000         4.9019163495
        0.1550000000         0.6500000000         4.8394777466
        0.1600000000         0.6500000000         4.7757648865
        0.1650000000         0.6500000000         4.7095035120
        0.1700000000         0.6500000000         4.6508876807
        0.1750000000         0.6500000000         4.5782550202
        0.1800000000         0.6500000000         4.5170906745
        0.1850000000         0.6500000000         4.4559263288
        0.1900000000         0.6500000000         4.3871164399
        0.1950000000         0.6500000000         4.3285006086
        0.2000000000         0.6500000000         4.2635134913
        0.2050000000         0.6500000000         4.1934293452
        0.2100000000         0.6500000000         4.1309907423
        0.2150000000         0.6500000000         4.0660036250
        0.2200000000         0.6500000000         3.9971937360
        0.2250000000         0.6500000000         3.9347551331
        0.2300000000         0.6500000000         3.8672195014
        0.2350000000         0.6500000000         3.8047808985
        0.2400000000         0.6500000000         3.7359710096
        0.2450000000         0.6500000000         3.6697096351
        0.2500000000         0.6500000000         3.6034482606
        0.2550000000         0.6500000000         3.5371868861
        0.2600000000         0.6500000000         3.4760225404
        0.2650000000         0.6500000000         3.4072126515
        0.2700000000         0.6500000000         3.3396770198
        0.2750000000         0.6500000000         3.2734156453
        0.2800000000         0.6500000000         3.2033314991
        0.2850000000         0.6500000000         3.1370701246
        0.2900000000         0.6500000000         3.0708087501
        0.2950000000         0.6500000000         3.0007246040
        0.3000000000         0.6500000000         2.9382860011
        0.3050000000         0.6500000000         2.8694761122
        0.3100000000         0.6500000000         2.8070375093
        0.3150000000         0.6500000000         2.7382276204
        0.3200000000         0.6500000000         2.6719662459
        0.3250000000         0.6500000000         2.6031563569
        0.3300000000         0.6500000000         2.5407177540
        0.3350000000         0.6500000000         2.4744563795
        0.3400000000         0.6500000000         2.4069207478
        0.3450000000         0.6500000000         2.3393851161
        0.3500000000         0.6500000000         2.2769465132
        0.3550000000         0.6500000000         2.2043138527
        0.3600000000         0.6500000000         2.1406009926
        0.3650000000         0.6500000000         2.0756138753
        0.3700000000         0.6500000000         2.0068039864
        0.3750000000         0.6500000000         1.9456396407
        0.3800000000         0.6500000000         1.8793782662
        0.3850000000         0.6500000000         1.8131168916
        0.3900000000         0.6500000000         1.7519525459
        0.3950000000         0.6500000000         1.6805941426
        0.4000000000         0.6500000000         1.6181555397
        0.4050000000         0.6500000000         1.5531684224
        0.4100000000         0.6500000000         1.4843585335
        0.4150000000         0.6500000000         1.4206456734
        0.4200000000         0.6500000000         1.3543842989
        0.4250000000         0.6500000000         1.2843001528
        0.4300000000         0.6500000000         1.2205872927
        0.4350000000         0.6500000000         1.1543259182
        0.4400000000         0.6500000000         1.0880645436
        0.4450000000         0.6500000000         1.0167061403
        0.4500000000         0.6500000000         0.9580903090
        0.4550000000         0.6500000000         0.8880061629
        0.4600000000         0.6500000000         0.8204705312
        0.4650000000         0.6500000000         0.7542091567
        0.4700000000         0.6500000000         0.6815764962
        0.4750000000         0.6500000000         0.6153151217
        0.4800000000         0.6500000000         0.5452309756
        0.4850000000         0.6500000000         0.4738725722
        0.4900000000         0.6500000000         0.4101597121
        0.4950000000         0.6500000000         0.3349785372
        0.5000000000         0.6500000000         0.2674429055
        0.5050000000         0.6500000000         0.1948102450
        0.5100000000         0.6500000000         0.1298231277
        0.5150000000         0.6500000000         0.0571904671
        0.5200000000         0.6500000000        -0.0026996214
        0.5250000000         0.6500000000         0.0049459219
        0.5300000000         0.6500000000         1.1415833461
        0.5350000000         0.6500000000         5.0650212714
        0.5400000000         0.6500000000         5.0688440430
        0.5450000000         0.6500000000         5.0178737549
        0.5500000000         0.6500000000         4.9452410944
        0.5550000000         0.6500000000         4.8675114051
        0.5600000000         0.6500000000         4.7948787446
        0.5650000000         0.6500000000         4.7222460840
        0.5700000000         0.6500000000         4.6496134235
        0.5750000000         0.6500000000         4.5782550202
        0.5800000000         0.6500000000         4.5017995881
        0.5850000000         0.6500000000         4.4329896992
        0.5900000000         0.6500000000         4.3590827814
        0.5950000000         0.6500000000         4.2940956641
        0.6000000000         0.6500000000         4.2176402320
        0.6050000000         0.6500000000         4.1526531147
        0.6100000000         0.6500000000         4.0800204542
        0.6150000000         0.6500000000         4.0112105653
        0.6200000000         0.6500000000         3.9424006764
        0.6250000000         0.6500000000         3.8684937586
        0.6300000000         0.6500000000         3.8060551557
        0.6350000000         0.6500000000         3.7308739808
        0.6400000000         0.6500000000         3.6582413203
        0.6450000000         0.6500000000         3.5945284602
        0.6500000000         0.6500000000         3.5244443141
        0.6550000000         0.6500000000         3.4556344252
        0.6600000000         0.6500000000         3.3880987934
        0.6650000000         0.6500000000         3.3116433613
        0.6700000000         0.6500000000         3.2453819868
        0.6750000000         0.6500000000         3.1791206123
        0.6800000000         0.6500000000         3.1052136946
        0.6850000000         0.6500000000         3.0402265773
        0.6900000000         0.6500000000         2.9726909456
        0.6950000000         0.6500000000         2.9026067994
        0.7000000000         0.6500000000         2.8286998817
        0.7050000000         0.6500000000         2.7649870216
        0.7100000000         0.6500000000         2.6961771327
        0.7150000000         0.6500000000         2.6222702150
        0.7200000000         0.6500000000         2.5585573549
        0.7250000000         0.6500000000         2.4897474660
        0.7300000000         0.6500000000         2.4209375770
        0.7350000000         0.6500000000         2.3521276881
        0.7400000000         0.6500000000         2.2871405708
        0.7450000000         0.6500000000         2.2196049391
        0.7500000000         0.6500000000         2.1482465358
        0.7550000000         0.6500000000         2.0794366469
        0.7600000000         0.6500000000         2.0195465584
        0.7650000000         0.6500000000         1.9494624123
        0.7700000000         0.6500000000         1.8768297517
        0.7750000000         0.6500000000         1.8092941200
        0.7800000000         0.6500000000         1.7481297743
        0.7850000000         0.6500000000         1.6831426570
        0.7900000000         0.6500000000         1.6156070253
        0.7950000000         0.6500000000         1.5467971364
        0.8000000000         0.6500000000         1.4856327907
        0.8050000000         0.6500000000         1.4155486446
        0.8100000000         0.6500000000         1.3441902413
        0.8150000000         0.6500000000         1.2817516384
        0.8200000000         0.6500000000         1.2103932350
        0.8250000000         0.6500000000         1.1441318605
        0.8300000000         0.6500000000         1.0778704860
        0.8350000000         0.6500000000         1.0090605971
        0.8400000000         0.6500000000         0.9440734798
        0.8450000000         0.6500000000         0.8727150765
        0.8500000000         0.6500000000         0.8000824160
        0.8550000000         0.6500000000         0.7376438131
        0.8600000000         0.6500000000         0.6688339242
        0.8650000000         0.6500000000         0.5936527492
        0.8700000000         0.6500000000         0.5235686031
        0.8750000000         0.6500000000         0.4547587142
        0.8800000000         0.6500000000         0.3859488253
        0.8850000000         0.6500000000         0.3184131936
        0.8900000000         0.6500000000         0.2483290475
        0.8950000000         0.6500000000         0.1769706441
        0.9000000000         0.6500000000         0.1005152120
        0.9050000000         0.6500000000         0.0304310659
        0.9100000000         0.6500000000        -0.0001511069
        0.9150000000         0.6500000000        -0.0026996214
        0.9200000000         0.6500000000         1.1008071157
        0.9250000000         0.6500000000         5.0701183002
        0.9300000000         0.6500000000         5.0535529566
        0.9350000000         0.6500000000         4.9847430677
        0.9400000000         0.6500000000         4.9082876355
        0.9450000000         0.6500000000         4.8394777466
        0.9500000000         0.6500000000         4.7591995429
        0.9550000000         0.6500000000         4.6903896540
        0.9600000000         0.6500000000         4.6177569935
        0.9650000000         0.6500000000         4.5425758185
        0.9700000000         0.6500000000         4.4737659296
        0.9750000000         0.6500000000         4.3973104975
        0.9800000000         0.6500000000         4.3285006086
        0.9850000000         0.6500000000         4.2571422053
        0.9900000000         0.6500000000         4.1819610303
        0.9950000000         0.6500000000         4.1195224274
        1.0000000000         0.6500000000         4.0494382813
        1.0050000000         0.6500000000         3.9729828492
        1.0100000000         0.6500000000         3.9028987031
        1.0150000000         0.6500000000         3.8353630714
        1.0200000000         0.6500000000         3.7614561537
        1.0250000000         0.6500000000         3.6951947791
        1.0300000000         0.6500000000         3.6225621186
        1.0350000000         0.6500000000         3.5537522297
        1.0400000000         0.6500000000         3.4785710548
        1.0450000000         0.6500000000         3.4110354231
        1.0500000000         0.6500000000         3.3473225630
        1.0550000000         0.6500000000         3.2746899025
        1.0600000000         0.6500000000         3.1982344703
        1.0650000000         0.6500000000         3.1319730958
        1.0700000000         0.6500000000         3.0669859785
        1.0750000000         0.6500000000         2.9943533180
        1.0800000000         0.6500000000         2.9268176863
        1.0850000000         0.6500000000         2.8580077974
        1.0900000000         0.6500000000         2.7866493940
        1.0950000000         0.6500000000         2.7127424763
        1.1000000000         0.6500000000         2.6515781306
        1.1050000000         0.6500000000         2.5827682417
        1.1100000000         0.6500000000         2.5063128096
        1.1150000000         0.6500000000         2.4438742067
        1.1200000000         0.6500000000         2.3725158034
        1.1250000000         0.6500000000         2.3024316572
        1.1300000000         0.6500000000         2.2387187971
        1.1350000000         0.6500000000         2.1622633650
        1.1400000000         0.6500000000         2.0972762477
        1.1450000000         0.6500000000         2.0361119020
        1.1500000000         0.6500000000         1.9660277559
        1.1550000000         0.6500000000         1.8933950954
        1.1600000000         0.6500000000         1.8296822353
        1.1650000000         0.6500000000         1.7634208608
        1.1700000000         0.6500000000         1.6958852290
        1.1750000000         0.6500000000         1.6296238545
        1.1800000000         0.6500000000         1.5659109944
        1.1850000000         0.6500000000         1.4945525911
        1.1900000000         0.6500000000         1.4257427022
        1.1950000000         0.6500000000         1.3582070705
        1.2000000000         0.6500000000         1.2906714388
        1.2050000000         0.6500000000         1.2256843215
        1.2100000000         0.6500000000         1.1543259182
        1.2150000000         0.6500000000         1.0842417720
        1.2200000000         0.6500000000         1.0218031691
        1.2250000000         0.6500000000         0.9529932802
        1.2300000000         0.6500000000         0.8829091341
        1.2350000000         0.6500000000         0.8140992452
        1.2400000000         0.6500000000         0.7440150991
        1.2450000000         0.6500000000         0.6739309530
        1.2500000000         0.6500000000         0.6102180929
        1.2550000000         0.6500000000         0.5350369179
        1.2600000000         0.6500000000         0.4662270290
        1.2650000000         0.6500000000         0.3974171401
        1.2700000000         0.6500000000         0.3222359652
        1.2750000000         0.6500000000         0.2559745907
        1.2800000000         0.6500000000         0.1820676730
        1.2850000000         0.6500000000         0.1145320412
        1.2900000000         0.6500000000         0.0457221523
        1.2950000000         0.6500000000        -0.0001511069
        1.3000000000         0.6500000000        -0.0014253642
        1.3050000000         0.6500000000         1.1008071157
        1.3100000000         0.6500000000         5.0662955286
        1.3150000000         0.6500000000         5.0662955286
        1.3200000000         0.6500000000         4.9962113825
        1.3250000000         0.6500000000         4.9197559504
        1.3300000000         0.6500000000         4.8458490326
        1.3350000000         0.6500000000         4.7706678577
        1.3400000000         0.6500000000         4.7018579688
        1.3450000000         0.6500000000         4.6266767939
        1.3500000000         0.6500000000         4.5489471046
        1.3550000000         0.6500000000         4.4788629584
        1.3600000000         0.6500000000         4.4100530695
        1.3650000000         0.6500000000         4.3361461518
        1.3700000000         0.6500000000         4.2584164625
        1.3750000000         0.6500000000         4.1857838020
        1.3800000000         0.6500000000         4.1207966846
        1.3850000000         0.6500000000         4.0494382813
        1.3900000000         0.6500000000         3.9780798780
        1.3950000000         0.6500000000         3.9003501887
        1.4000000000         0.6500000000         3.8353630714
        1.4050000000         0.6500000000         3.7627304109
        1.4100000000         0.6500000000         3.6926462647
        1.4150000000         0.6500000000         3.6238363758
        1.4200000000         0.6500000000         3.5473809437
        1.4250000000         0.6500000000         3.4798453120
        1.4300000000         0.6500000000         3.4110354231
        1.4350000000         0.6500000000         3.3396770198
        1.4400000000         0.6500000000         3.2695928736
        1.4450000000         0.6500000000         3.1995087275
        1.4500000000         0.6500000000         3.1306988386
        1.4550000000         0.6500000000         3.0606146925
        1.4600000000         0.6500000000         2.9994503468
        1.4650000000         0.6500000000         2.9178978859
        1.4700000000         0.6500000000         2.8478137397
        1.4750000000         0.6500000000         2.7815523652
        1.4800000000         0.6500000000         2.7101939619
        1.4850000000         0.6500000000         2.6439325874
        1.4900000000         0.6500000000         2.5738484413
        1.4950000000         0.6500000000         2.4986672664
        1.5000000000         0.6500000000         2.4298573775
        1.5050000000         0.6500000000         2.3674187746
        1.5100000000         0.6500000000         2.2935118568
        1.5150000000         0.6500000000         2.2259762251
        1.5200000000         0.6500000000         2.1597148506
        1.5250000000         0.6500000000         2.0858079329
        1.5300000000         0.6500000000         2.0233693300
        1.5350000000         0.6500000000         1.9532851839
        1.5400000000         0.6500000000         1.8857495522
        1.5450000000         0.6500000000         1.8143911488
        1.5500000000         0.6500000000         1.7494040315
        1.5550000000         0.6500000000         1.6831426570
        1.5600000000         0.6500000000         1.6156070253
        1.5650000000         0.6500000000         1.5506199080
        1.5700000000         0.6500000000         1.4818100191
        1.5750000000         0.6500000000         1.4142743874
        1.5800000000         0.6500000000         1.3467387557
        1.5850000000         0.6500000000         1.2792031240
        1.5900000000         0.6500000000         1.2091189778
        1.5950000000         0.6500000000         1.1428576033
        1.6000000000         0.6500000000         1.0714992000
        1.6050000000         0.6500000000         1.0014150539
        1.6100000000         0.6500000000         0.9338794222
        1.6150000000         0.6500000000         0.8612467617
        1.6200000000         0.6500000000         0.7886141012
        1.6250000000         0.6500000000         0.7261754982
        1.6300000000         0.6500000000         0.6522685805
        1.6350000000         0.6500000000         0.5821844344
        1.6400000000         0.6500000000         0.5146488027
        1.6450000000         0.6500000000         0.4356448562
        1.6500000000         0.6500000000         0.3668349673
        1.6550000000         0.6500000000         0.2992993355
        1.6600000000         0.6500000000         0.2317637038
        1.6650000000         0.6500000000         0.1527597573
        1.6700000000         0.6500000000         0.0826756112
        1.6750000000         0.6500000000         0.0151399795
        1.6800000000         0.6500000000        -0.0039738786
        1.6850000000         0.6500000000        -0.0014253642
        1.6900000000         0.6500000000         5.0611984998
        1.6950000000         0.6500000000         5.0688440430
        1.7000000000         0.6500000000         5.0318905842
        1.7050000000         0.6500000000         4.9567094092
        1.7100000000         0.6500000000         4.8802539771
        1.7150000000         0.6500000000         4.8063470594
        1.7200000000         0.6500000000         4.7324401417
        1.7250000000         0.6500000000         4.6585332239
        1.7300000000         0.6500000000         4.5769807630
        1.7350000000         0.6500000000         4.5056223597
        1.7400000000         0.6500000000         4.4368124708
        1.7450000000         0.6500000000         4.3616312958
        1.7500000000         0.6500000000         4.2851758637
        1.7550000000         0.6500000000         4.2150917176
        1.7600000000         0.6500000000         4.1424590571
        1.7650000000         0.6500000000         4.0711006538
        1.7700000000         0.6500000000         4.0010165077
        1.7750000000         0.6500000000         3.9232868183
        1.7800000000         0.6500000000         3.8544769294
        1.7850000000         0.6500000000         3.7792957545
        1.7900000000         0.6500000000         3.7104858656
        1.7950000000         0.6500000000         3.6353046906
        1.8000000000         0.6500000000         3.5677690589
        1.8050000000         0.6500000000         3.4976849128
        1.8100000000         0.6500000000         3.4225037379
        1.8150000000         0.6500000000         3.3562423634
        1.8200000000         0.6500000000         3.2836097029
        1.8250000000         0.6500000000         3.2109770423
        1.8300000000         0.6500000000         3.1447156678
        1.8350000000         0.6500000000         3.0695344929
        1.8400000000         0.6500000000         2.9994503468
        1.8450000000         0.6500000000         2.9319147151
        1.8500000000         0.6500000000         2.8554592830
        1.8550000000         0.6500000000         2.7891979085
        1.8600000000         0.6500000000         2.7191137623
        1.8650000000         0.6500000000         2.6490296162
        1.8700000000         0.6500000000         2.5814939845
        1.8750000000         0.6500000000         2.5114098384
        1.8800000000         0.6500000000         2.4400514351
        1.8850000000         0.6500000000         2.3674187746
        1.8900000000         0.6500000000         2.3037059145
        1.8950000000         0.6500000000         2.2310732539
        1.9000000000         0.6500000000         2.1622633650
        1.9050000000         0.6500000000         2.0947277333
        1.9100000000         0.6500000000         2.0220950728
        1.9150000000         0.6500000000         1.9558336983
        1.9200000000         0.6500000000         1.8908465810
        1.9250000000         0.6500000000         1.8207624349
        1.9300000000         0.6500000000         1.7557753175
        1.9350000000         0.6500000000         1.6844169142
        1.9400000000         0.6500000000         1.6181555397
        1.9450000000         0.6500000000         1.5506199080
        1.9500000000         0.6500000000         1.4792615047
        1.9550000000         0.6500000000         1.4193714162
        1.9600000000         0.6500000000         1.3454644985
        1.9650000000         0.6500000000         1.2766546096
        1.9700000000         0.6500000000         1.2103932350
        1.9750000000         0.6500000000         1.1377605745
        1.9800000000         0.6500000000         1.0740477144
        1.9850000000         0.6500000000         0.9963180251
        1.9900000000         0.6500000000         0.9300566506
        1.9950000000         0.6500000000         0.8612467617
        2.0000000000         0.6500000000         0.7873398440
        2.0050000000         0.6500000000         0.7236269838
        2.0100000000         0.6500000000         0.6458972945
        2.0150000000         0.6500000000         0.5796359200
        2.0200000000         0.6500000000         0.5070032595
        2.0250000000         0.6500000000         0.4318220846
        2.0300000000         0.6500000000         0.3719319961
        2.0350000000         0.6500000000         0.2903795351
        2.0400000000         0.6500000000         0.2241181606
        2.0450000000         0.6500000000         0.1502112429
        2.0500000000         0.6500000000         0.0788528396
        2.0550000000         0.6500000000         0.0049459219
        2.0600000000         0.6500000000        -0.0026996214
        2.0650000000         0.6500000000         1.0944358297
        2.0700000000         0.6500000000         5.0637470142
        2.0750000000         0.6500000000         5.0637470142
        2.0800000000         0.6500000000         5.0242450409
        2.0850000000         0.6500000000         4.9465153516
        2.0900000000         0.6500000000         4.8713341767
        2.0950000000         0.6500000000         4.7936044874
        2.1000000000         0.6500000000         4.7171490552
        2.1050000000         0.6500000000         4.6496134235
        2.1100000000         0.6500000000         4.5706094770
        2.1150000000         0.6500000000         4.4992510737
        2.1200000000         0.6500000000         4.4227956415
        2.1250000000         0.6500000000         4.3476144666
        2.1300000000         0.6500000000         4.2775303205
        2.1350000000         0.6500000000         4.1998006312
        2.1400000000         0.6500000000         4.1297164851
        2.1450000000         0.6500000000         4.0570838245
        2.1500000000         0.6500000000         3.9819026496
        2.1550000000         0.6500000000         3.9143670179
        2.1600000000         0.6500000000         3.8391858430
        2.1650000000         0.6500000000         3.7652789253
        2.1700000000         0.6500000000         3.6977432936
        2.1750000000         0.6500000000         3.6200136042
        2.1800000000         0.6500000000         3.5524779725
        2.1850000000         0.6500000000         3.4760225404
        2.1900000000         0.6500000000         3.4072126515
        2.1950000000         0.6500000000         3.3384027626
        2.2000000000         0.6500000000         3.2593988160
        2.2050000000         0.6500000000         3.1905889271
        2.2100000000         0.6500000000         3.1205047810
        2.2150000000         0.6500000000         3.0491463777
        2.2200000000         0.6500000000         2.9803364888
        2.2250000000         0.6500000000         2.9077038282
        2.2300000000         0.6500000000         2.8388939393
        2.2350000000         0.6500000000         2.7688097932
        2.2400000000         0.6500000000         2.6923543611
        2.2450000000         0.6500000000         2.6235444722
        2.2500000000         0.6500000000         2.5534603261
        2.2550000000         0.6500000000         2.4821019227
        2.2600000000         0.6500000000         2.4132920338
        2.2650000000         0.6500000000         2.3432078877
        2.2700000000         0.6500000000         2.2820435420
        2.2750000000         0.6500000000         2.2043138527
        2.2800000000         0.6500000000         2.1329554494
        2.2850000000         0.6500000000         2.0615970461
        2.2900000000         0.6500000000         1.9978841859
        2.2950000000         0.6500000000         1.9239772682
        2.3000000000         0.6500000000         1.8577158937
        2.3050000000         0.6500000000         1.7889060048
        2.3100000000         0.6500000000         1.7213703731
        2.3150000000         0.6500000000         1.6538347414
        2.3200000000         0.6500000000         1.5837505953
        2.3250000000         0.6500000000         1.5200377352
        2.3300000000         0.6500000000         1.4474050746
        2.3350000000         0.6500000000         1.3811437001
        2.3400000000         0.6500000000         1.3072367824
        2.3450000000         0.6500000000         1.2384268935
        2.3500000000         0.6500000000         1.1696170046
        2.3550000000         0.6500000000         1.0995328585
        2.3600000000         0.6500000000         1.0345457412
        2.3650000000         0.6500000000         0.9631873378
        2.3700000000         0.6500000000         0.8931031917
        2.3750000000         0.6500000000         0.8268418172
        2.3800000000         0.6500000000         0.7478378707
        2.3850000000         0.6500000000         0.6803022390
        2.3900000000         0.6500000000         0.6089438357
        2.3950000000         0.6500000000         0.5324884035
        2.4000000000         0.6500000000         0.4675012862
        2.4050000000         0.6500000000         0.3923201113
        2.4100000000         0.6500000000         0.3235102224
        2.4150000000         0.6500000000         0.2521518191
        2.4200000000         0.6500000000         0.1807934157
        2.4250000000         0.6500000000         0.1068864980
        2.4300000000         0.6500000000         0.0368023519
        2.4350000000         0.6500000000        -0.0026996214
        2.4400000000         0.6500000000         0.0011231503
        2.4450000000         0.6500000000         1.1250180025
        2.4500000000         0.6500000000         5.0624727570
        2.4550000000         0.6500000000         5.0522786994
        2.4600000000         0.6500000000         4.9758232673
        2.4650000000         0.6500000000         4.9019163495
        2.4700000000         0.6500000000         4.8229124030
        2.4750000000         0.6500000000         4.7439084565
        2.4800000000         0.6500000000         4.6725500532
        2.4850000000         0.6500000000         4.5973688782
        2.4900000000         0.6500000000         4.5183649317
        2.4950000000         0.6500000000         4.4482807856
        2.5000000000         0.6500000000         4.3718253535
        2.5050000000         0.6500000000         4.2979184357
        2.5100000000         0.6500000000         4.2278342896
        2.5150000000         0.6500000000         4.1513788575
        2.5200000000         0.6500000000         4.0825689686
        2.5250000000         0.6500000000         4.0112105653
        2.5300000000         0.6500000000         3.9334808759
        2.5350000000         0.6500000000         3.8672195014
        2.5400000000         0.6500000000         3.7882155549
        2.5450000000         0.6500000000         3.7206799232
        2.5500000000         0.6500000000         3.6467730055
        2.5550000000         0.6500000000         3.5690433161
        2.5600000000         0.6500000000         3.5142502564
        2.5650000000         0.6500000000         3.4288750239
        2.5700000000         0.6500000000         3.3549681062
        2.5750000000         0.6500000000         3.2861582173
        2.5800000000         0.6500000000         3.2122512996
        2.5850000000         0.6500000000         3.1408928962
        2.5900000000         0.6500000000         3.0657117213
        2.5950000000         0.6500000000         2.9994503468
        2.6000000000         0.6500000000         2.9255434291
        2.6050000000         0.6500000000         2.8516365114
        2.6100000000         0.6500000000         2.7841008796
        2.6150000000         0.6500000000         2.7114682191
        2.6200000000         0.6500000000         2.6388355586
        2.6250000000         0.6500000000         2.5725741841
        2.6300000000         0.6500000000         2.4961187520
        2.6350000000         0.6500000000         2.4285831203
        2.6400000000         0.6500000000         2.3597732313
        2.6450000000         0.6500000000         2.2845920564
        2.6500000000         0.6500000000         2.2170564247
        2.6550000000         0.6500000000         2.1482465358
        2.6600000000         0.6500000000         2.0781623897
        2.6650000000         0.6500000000         2.0106267580
        2.6700000000         0.6500000000         1.9379940974
        2.6750000000         0.6500000000         1.8666356941
        2.6800000000         0.6500000000         1.8041970912
        2.6850000000         0.6500000000         1.7443070027
        2.6900000000         0.6500000000         1.6665773134
        2.6950000000         0.6500000000         1.5977674245
        2.7000000000         0.6500000000         1.5327803072
        2.7050000000         0.6500000000         1.4588733895
        2.7100000000         0.6500000000         1.3900635005
        2.7150000000         0.6500000000         1.3199793544
        2.7200000000         0.6500000000         1.2460724367
        2.7250000000         0.6500000000         1.1810853194
        2.7300000000         0.6500000000         1.1160982021
        2.7350000000         0.6500000000         1.0447397988
        2.7400000000         0.6500000000         0.9682843666
        2.7450000000         0.6500000000         0.9045715065
        2.7500000000         0.6500000000         0.8293903316
        2.7550000000         0.6500000000         0.7580319283
        2.7600000000         0.6500000000         0.6866735250
        2.7650000000         0.6500000000         0.6153151217
        2.7700000000         0.6500000000         0.5414082039
        2.7750000000         0.6500000000         0.4713240578
        2.7800000000         0.6500000000         0.4012399117
        2.7850000000         0.6500000000         0.3247844796
        2.7900000000         0.6500000000         0.2559745907
        2.7950000000         0.6500000000         0.1858904446
        2.8000000000         0.6500000000         0.1107092696
        2.8050000000         0.6500000000         0.0393508663
        2.8100000000         0.6500000000         0.0049459219
        2.8150000000         0.6500000000        -0.0014253642
        2.8200000000         0.6500000000         1.1033556301
        2.8250000000         0.6500000000         5.0675697858
        2.8300000000         0.6500000000         5.0497301850
        2.8350000000         0.6500000000         4.9821945533
        2.8400000000         0.6500000000         4.9031906067
        2.8450000000         0.6500000000         4.8254609174
        2.8500000000         0.6500000000         4.7490054853
        2.8550000000         0.6500000000         4.6738243104
        2.8600000000         0.6500000000         4.5960946210
        2.8650000000         0.6500000000         4.5196391889
        2.8700000000         0.6500000000         4.4495550428
        2.8750000000         0.6500000000         4.3743738679
        2.8800000000         0.6500000000         4.3017412073
        2.8850000000         0.6500000000         4.2316570612
        2.8900000000         0.6500000000         4.1539273719
        2.8950000000         0.6500000000         4.0825689686
        2.9000000000         0.6500000000         4.0112105653
        2.9050000000         0.6500000000         3.9360293903
        2.9100000000         0.6500000000         3.8646709870
        2.9150000000         0.6500000000         3.7907640693
        2.9200000000         0.6500000000         3.7155828944
        2.9250000000         0.6500000000         3.6505957771
        2.9300000000         0.6500000000         3.5741403449
        2.9350000000         0.6500000000         3.5002334272
        2.9400000000         0.6500000000         3.4301492811
        2.9450000000         0.6500000000         3.3536938490
        2.9500000000         0.6500000000         3.2861582173
        2.9550000000         0.6500000000         3.2097027851
        2.9600000000         0.6500000000         3.1383443818
        2.9650000000         0.6500000000         3.0695344929
        2.9700000000         0.6500000000         2.9956275752
        2.9750000000         0.6500000000         2.9293662007
        2.9800000000         0.6500000000         2.8529107686
        2.9850000000         0.6500000000         2.7828266224
        2.9900000000         0.6500000000         2.7114682191
        2.9950000000         0.6500000000         2.6375613014
        3.0000000000         0.6500000000         2.5725741841
        3.0050000000         0.6500000000         2.4961187520
        3.0100000000         0.6500000000         2.4298573775
        3.0150000000         0.6500000000         2.3597732313
        3.0200000000         0.6500000000         2.2820435420
        3.0250000000         0.6500000000         2.2170564247
        3.0300000000         0.6500000000         2.1482465358
        3.0350000000         0.6500000000         2.0781623897
        3.0400000000         0.6500000000         2.0119010152
        3.0450000000         0.6500000000         1.9443653835
        3.0500000000         0.6500000000         1.8691842085
        3.0550000000         0.6500000000         1.8080198628
        3.0600000000         0.6500000000         1.7366614595
        3.0650000000         0.6500000000         1.6678515706
        3.0700000000         0.6500000000         1.6028644533
        3.0750000000         0.6500000000         1.5276832784
        3.0800000000         0.6500000000         1.4626961611
        3.0850000000         0.6500000000         1.3926120149
        3.0900000000         0.6500000000         1.3263506404
        3.0950000000         0.6500000000         1.2498952083
        3.1000000000         0.6500000000         1.1849080910
        3.1050000000         0.6500000000         1.1122754305
        3.1100000000         0.6500000000         1.0460140560
        3.1150000000         0.6500000000         0.9746556527
        3.1200000000         0.6500000000         0.9045715065
        3.1250000000         0.6500000000         0.8383101320
        3.1300000000         0.6500000000         0.7605804427
        3.1350000000         0.6500000000         0.6943190682
        3.1400000000         0.6500000000         0.6229606649
        3.1450000000         0.6500000000         0.5490537472
        3.1500000000         0.6500000000         0.4802438582
        3.1550000000         0.6500000000         0.4063369405
        3.1600000000         0.6500000000         0.3337042800
        3.1650000000         0.6500000000         0.2572488479
        3.1700000000         0.6500000000         0.1897132162
        3.1750000000         0.6500000000         0.1158062984
        3.1800000000         0.6500000000         0.0457221523
        3.1850000000         0.6500000000         0.0049459219
        3.1900000000         0.6500000000        -0.0026996214
        3.1950000000         0.6500000000         1.1033556301
        3.2000000000         0.6500000000         5.0662955286
        3.2050000000         0.6500000000         5.0573757282
        3.2100000000         0.6500000000         4.9872915821
        3.2150000000         0.6500000000         4.9044648639
        3.2200000000         0.6500000000         4.8331064606
        3.2250000000         0.6500000000         4.7579252857
        3.2300000000         0.6500000000         4.6776470820
        3.2350000000         0.6500000000         4.6139342219
        3.2400000000         0.6500000000         4.5311075037
        3.2450000000         0.6500000000         4.4533778144
        3.2500000000         0.6500000000         4.3794708967
        3.2550000000         0.6500000000         4.3132095222
        3.2600000000         0.6500000000         4.2342055756
        3.2650000000         0.6500000000         4.1628471723
        3.2700000000         0.6500000000         4.0927630262
        3.2750000000         0.6500000000         4.0188561085
        3.2800000000         0.6500000000         3.9449491908
        3.2850000000         0.6500000000         3.8723165302
        3.2900000000         0.6500000000         3.8022323841
        3.2950000000         0.6500000000         3.7283254664
        3.3000000000         0.6500000000         3.6569670631
        3.3050000000         0.6500000000         3.5805116310
        3.3100000000         0.6500000000         3.5091532276
        3.3150000000         0.6500000000         3.4403433387
        3.3200000000         0.6500000000         3.3613393922
        3.3250000000         0.6500000000         3.2925295033
        3.3300000000         0.6500000000         3.2173483284
        3.3350000000         0.6500000000         3.1523612111
        3.3400000000         0.6500000000         3.0708087501
        3.3450000000         0.6500000000         3.0019988612
        3.3500000000         0.6500000000         2.9357374867
        3.3550000000         0.6500000000         2.8618305690
        3.3600000000         0.6500000000         2.7917464229
        3.3650000000         0.6500000000         2.7191137623
        3.3700000000         0.6500000000         2.6452068446
        3.3750000000         0.6500000000         2.5814939845
        3.3800000000         0.6500000000         2.5088613240
        3.3850000000         0.6500000000         2.4375029207
        3.3900000000         0.6500000000         2.3661445174
        3.3950000000         0.6500000000         2.2960603712
        3.4000000000         0.6500000000         2.2234277107
        3.4050000000         0.6500000000         2.1584405934
        3.4100000000         0.6500000000         2.0896307045
        3.4150000000         0.6500000000         2.0157237868
        3.4200000000         0.6500000000         1.9481881551
        3.4250000000         0.6500000000         1.8781040089
        3.4300000000         0.6500000000         1.8105683772
        3.4350000000         0.6500000000         1.7417584883
        3.4400000000         0.6500000000         1.6729485994
        3.4450000000         0.6500000000         1.6054129677
        3.4500000000         0.6500000000         1.5327803072
        3.4550000000         0.6500000000         1.4639704183
        3.4600000000         0.6500000000         1.3989833010
        3.4650000000         0.6500000000         1.3288991548
        3.4700000000         0.6500000000         1.2588150087
        3.4750000000         0.6500000000         1.1900051198
        3.4800000000         0.6500000000         1.1186467165
        3.4850000000         0.6500000000         1.0498368276
        3.4900000000         0.6500000000         0.9823011959
        3.4950000000         0.6500000000         0.9096685354
        3.5000000000         0.6500000000         0.8344873604
        3.5050000000         0.6500000000         0.7669517287
        3.5100000000         0.6500000000         0.7006903542
        3.5150000000         0.6500000000         0.6242349221
        3.5200000000         0.6500000000         0.5490537472
        3.5250000000         0.6500000000         0.4764210866
        3.5300000000         0.6500000000         0.4076111977
        3.5350000000         0.6500000000         0.3375270516
        3.5400000000         0.6500000000         0.2636201339
        3.5450000000         0.6500000000         0.1858904446
        3.5500000000         0.6500000000         0.1170805556
        3.5550000000         0.6500000000         0.0495449239
        3.5600000000         0.6500000000         0.0049459219
        3.5650000000         0.6500000000        -0.0026996214
        3.5700000000         0.6500000000         1.0931615725
        3.5750000000         0.6500000000         5.0701183002
        3.5800000000         0.6500000000         5.0637470142
        3.5850000000         0.6500000000         4.9860173249
        3.5900000000         0.6500000000         4.9108361500
        3.5950000000         0.6500000000         4.8331064606
        3.6000000000         0.6500000000         4.7591995429
        3.6050000000         0.6500000000         4.6852926252
        3.6100000000         0.6500000000         4.6062886786
        3.6150000000         0.6500000000         4.5285589893
        3.6200000000         0.6500000000         4.4584748432
        3.6250000000         0.6500000000         4.3871164399
        3.6300000000         0.6500000000         4.3106610078
        3.6350000000         0.6500000000         4.2354798328
        3.6400000000         0.6500000000         4.1653956867
        3.6450000000         0.6500000000         4.0902145118
        3.6500000000         0.6500000000         4.0214046229
        3.6550000000         0.6500000000         3.9474977052
        3.6600000000         0.6500000000         3.8710422730
        3.6650000000         0.6500000000         3.7945868409
        3.6700000000         0.6500000000         3.7270512092
        3.6750000000         0.6500000000         3.6531442915
        3.6800000000         0.6500000000         3.5843344026
        3.6850000000         0.6500000000         3.5078789704
        3.6900000000         0.6500000000         3.4352463099
        3.6950000000         0.6500000000         3.3638879066
        3.7000000000         0.6500000000         3.2938037605
        3.7050000000         0.6500000000         3.2173483284
        3.7100000000         0.6500000000         3.1485384394
        3.7150000000         0.6500000000         3.0759057789
        3.7200000000         0.6500000000         3.0045473756
        3.7250000000         0.6500000000         2.9319147151
        3.7300000000         0.6500000000         2.8656533406
        3.7350000000         0.6500000000         2.7891979085
        3.7400000000         0.6500000000         2.7165652479
        3.7450000000         0.6500000000         2.6490296162
        3.7500000000         0.6500000000         2.5776712129
        3.7550000000         0.6500000000         2.5063128096
        3.7600000000         0.6500000000         2.4476969783
        3.7650000000         0.6500000000         2.3648702602
        3.7700000000         0.6500000000         2.2922375996
        3.7750000000         0.6500000000         2.2272504823
        3.7800000000         0.6500000000         2.1520693074
        3.7850000000         0.6500000000         2.0832594185
        3.7900000000         0.6500000000         2.0182723012
        3.7950000000         0.6500000000         1.9456396407
        3.8000000000         0.6500000000         1.8781040089
        3.8050000000         0.6500000000         1.8118426344
        3.8100000000         0.6500000000         1.7404842311
        3.8150000000         0.6500000000         1.6729485994
        3.8200000000         0.6500000000         1.6079614821
        3.8250000000         0.6500000000         1.5366030788
        3.8300000000         0.6500000000         1.4690674471
        3.8350000000         0.6500000000         1.3964347866
        3.8400000000         0.6500000000         1.3288991548
        3.8450000000         0.6500000000         1.2588150087
        3.8500000000         0.6500000000         1.1900051198
        3.8550000000         0.6500000000         1.1211952309
        3.8600000000         0.6500000000         1.0549338564
        3.8650000000         0.6500000000         0.9759299099
        3.8700000000         0.6500000000         0.9096685354
        3.8750000000         0.6500000000         0.8395843892
        3.8800000000         0.6500000000         0.7656774715
        3.8850000000         0.6500000000         0.7006903542
        3.8900000000         0.6500000000         0.6306062081
        3.8950000000         0.6500000000         0.5503280044
        3.9000000000         0.6500000000         0.4802438582
        3.9050000000         0.6500000000         0.4114339693
        3.9100000000         0.6500000000         0.3375270516
        3.9150000000         0.6500000000         0.2597973623
        3.9200000000         0.6500000000         0.1871647018
        3.9250000000         0.6500000000         0.1170805556
        3.9300000000         0.6500000000         0.0482706667
        3.9350000000         0.6500000000        -0.0014253642
        3.9400000000         0.6500000000        -0.0001511069
        3.9450000000         0.6500000000         1.1097269161
        3.9500000000         0.6500000000         5.0662955286
        3.9550000000         0.6500000000         5.0586499854
        3.9600000000         0.6500000000         4.9885658393
        3.9650000000         0.6500000000         4.9146589216
        3.9700000000         0.6500000000         4.8331064606
        3.9750000000         0.6500000000         4.7591995429
        3.9800000000         0.6500000000         4.6840183680
        3.9850000000         0.6500000000         4.6037401642
        3.9900000000         0.6500000000         4.5323817609
        3.9950000000         0.6500000000         4.4584748432
        4.0000000000         0.6500000000         4.3807451539
        4.0050000000         0.6500000000         4.3068382362
        4.0100000000         0.6500000000         4.2380283472
        4.0150000000         0.6500000000         4.1602986579
        4.0200000000         0.6500000000         4.0876659974
        4.0250000000         0.6500000000         4.0150333369
        4.0300000000         0.6500000000         3.9411264192
        4.0350000000         0.6500000000         3.8723165302
        4.0400000000         0.6500000000         3.7958610981
        4.0450000000         0.6500000000         3.7321482380
        4.0500000000         0.6500000000         3.6493215199
        4.0550000000         0.6500000000         3.5779631166
        4.0600000000         0.6500000000         3.5053304560
        4.0650000000         0.6500000000         3.4377948243
        4.0700000000         0.6500000000         3.3638879066
        4.0750000000         0.6500000000         3.2874324745
        4.0800000000         0.6500000000         3.2160740712
        4.0850000000         0.6500000000         3.1447156678
        4.0900000000         0.6500000000         3.0733572645
        4.0950000000         0.6500000000         2.9981760896
        4.1000000000         0.6500000000         2.9293662007
        4.1050000000         0.6500000000         2.8580077974
        4.1100000000         0.6500000000         2.7891979085
        4.1150000000         0.6500000000         2.7191137623
        4.1200000000         0.6500000000         2.6439325874
        4.1250000000         0.6500000000         2.5738484413
        4.1300000000         0.6500000000         2.5037642952
        4.1350000000         0.6500000000         2.4336801491
        4.1400000000         0.6500000000         2.3635960030
        4.1450000000         0.6500000000         2.2960603712
        4.1500000000         0.6500000000         2.2196049391
        4.1550000000         0.6500000000         2.1495207930
        4.1600000000         0.6500000000         2.0832594185
        4.1650000000         0.6500000000         2.0119010152
        4.1700000000         0.6500000000         1.9430911263
        4.1750000000         0.6500000000         1.8781040089
        4.1800000000         0.6500000000         1.8054713484
        4.1850000000         0.6500000000         1.7392099739
        4.1900000000         0.6500000000         1.6716743422
        4.1950000000         0.6500000000         1.5977674245
        4.2000000000         0.6500000000         1.5315060500
        4.2050000000         0.6500000000         1.4626961611
        4.2100000000         0.6500000000         1.3913377577
        4.2150000000         0.6500000000         1.3263506404
        4.2200000000         0.6500000000         1.2575407515
        4.2250000000         0.6500000000         1.1836338338
        4.2300000000         0.6500000000         1.1160982021
        4.2350000000         0.6500000000         1.0498368276
        4.2400000000         0.6500000000         0.9721071383
        4.2450000000         0.6500000000         0.9083942781
        4.2500000000         0.6500000000         0.8357616176
        4.2550000000         0.6500000000         0.7605804427
        4.2600000000         0.6500000000         0.6955933254
        4.2650000000         0.6500000000         0.6204121505
        4.2700000000         0.6500000000         0.5465052328
        4.2750000000         0.6500000000         0.4751468294
        4.2800000000         0.6500000000         0.4037884261
        4.2850000000         0.6500000000         0.3286072512
        4.2900000000         0.6500000000         0.2610716195
        4.2950000000         0.6500000000         0.1858904446
        4.3000000000         0.6500000000         0.1158062984
        4.3050000000         0.6500000000         0.0469964095
        4.3100000000         0.6500000000        -0.0039738786
        4.3150000000         0.6500000000        -0.0001511069
        4.3200000000         0.6500000000         1.1148239449
        4.3250000000         0.6500000000         5.0662955286
        4.3300000000         0.6500000000         5.0586499854
        4.3350000000         0.6500000000         4.9860173249
        4.3400000000         0.6500000000         4.9082876355
        4.3450000000         0.6500000000         4.8318322034
        4.3500000000         0.6500000000         4.7566510285
        4.3550000000         0.6500000000         4.6827441108
        4.3600000000         0.6500000000         4.6088371931
        4.3650000000         0.6500000000         4.5285589893
        4.3700000000         0.6500000000         4.4572005860
        4.3750000000         0.6500000000         4.3807451539
        4.3800000000         0.6500000000         4.3055639790
        4.3850000000         0.6500000000         4.2367540900
        4.3900000000         0.6500000000         4.1628471723
        4.3950000000         0.6500000000         4.0876659974
        4.4000000000         0.6500000000         4.0175818513
        4.4050000000         0.6500000000         3.9411264192
        4.4100000000         0.6500000000         3.8697680158
        4.4150000000         0.6500000000         3.7907640693
        4.4200000000         0.6500000000         3.7270512092
        4.4250000000         0.6500000000         3.6518700343
        4.4300000000         0.6500000000         3.5779631166
        4.4350000000         0.6500000000         3.5091532276
        4.4400000000         0.6500000000         3.4352463099
        4.4450000000         0.6500000000         3.3651621638
        4.4500000000         0.6500000000         3.2899809889
        4.4550000000         0.6500000000         3.2173483284
        4.4600000000         0.6500000000         3.1472641822
        4.4650000000         0.6500000000         3.0708087501
        4.4700000000         0.6500000000         3.0058216328
        4.4750000000         0.6500000000         2.9319147151
        4.4800000000         0.6500000000         2.8656533406
        4.4850000000         0.6500000000         2.7879236513
        4.4900000000         0.6500000000         2.7165652479
        4.4950000000         0.6500000000         2.6515781306
        4.5000000000         0.6500000000         2.5776712129
        4.5050000000         0.6500000000         2.5075870668
        4.5100000000         0.6500000000         2.4387771779
        4.5150000000         0.6500000000         2.3648702602
        4.5200000000         0.6500000000         2.2947861140
        4.5250000000         0.6500000000         2.2259762251
        4.5300000000         0.6500000000         2.1546178218
        4.5350000000         0.6500000000         2.0832594185
        4.5400000000         0.6500000000         2.0144495296
        4.5450000000         0.6500000000         1.9494624123
        4.5500000000         0.6500000000         1.8793782662
        4.5550000000         0.6500000000         1.8067456056
        4.5600000000         0.6500000000         1.7366614595
        4.5650000000         0.6500000000         1.6754971138
        4.5700000000         0.6500000000         1.6079614821
        4.5750000000         0.6500000000         1.5327803072
        4.5800000000         0.6500000000         1.4690674471
        4.5850000000         0.6500000000         1.3938862722
        4.5900000000         0.6500000000         1.3339961837
        4.5950000000         0.6500000000         1.2600892659
        4.6000000000         0.6500000000         1.1938278914
        4.6050000000         0.6500000000         1.1224694881
        4.6100000000         0.6500000000         1.0511110848
        4.6150000000         0.6500000000         0.9810269387
        4.6200000000         0.6500000000         0.9083942781
        4.6250000000         0.6500000000         0.8395843892
        4.6300000000         0.6500000000         0.7682259859
        4.6350000000         0.6500000000         0.6968675826
        4.6400000000         0.6500000000         0.6267834365
        4.6450000000         0.6500000000         0.5541507760
        4.6500000000         0.6500000000         0.4815181154
        4.6550000000         0.6500000000         0.4114339693
        4.6600000000         0.6500000000         0.3362527944
        4.6650000000         0.6500000000         0.2687171627
        4.6700000000         0.6500000000         0.1909874734
        4.6750000000         0.6500000000         0.1209033273
        4.6800000000         0.6500000000         0.0520934383
        4.6850000000         0.6500000000        -0.0026996214
        4.6900000000         0.6500000000         0.0011231503
        4.6950000000         0.6500000000         1.1008071157
        4.7000000000         0.6500000000         5.0650212714
        4.7050000000         0.6500000000         5.0624727570
        4.7100000000         0.6500000000         4.9949371253
        4.7150000000         0.6500000000         4.9121104072
        4.7200000000         0.6500000000         4.8394777466
        4.7250000000         0.6500000000         4.7642965717
        4.7300000000         0.6500000000         4.6852926252
        4.7350000000         0.6500000000         4.6139342219
        4.7400000000         0.6500000000         4.5336560181
        4.7450000000         0.6500000000         4.4635718720
        4.7500000000         0.6500000000         4.3871164399
        4.7550000000         0.6500000000         4.3119352650
        4.7600000000         0.6500000000         4.2405768616
        4.7650000000         0.6500000000         4.1692184583
        4.7700000000         0.6500000000         4.0965857978
        4.7750000000         0.6500000000         4.0252273945
        4.7800000000         0.6500000000         3.9487719624
        4.7850000000         0.6500000000         3.8825105879
        4.7900000000         0.6500000000         3.8035066413
        4.7950000000         0.6500000000         3.7295997236
        4.8000000000         0.6500000000         3.6633383491
        4.8050000000         0.6500000000         3.5919799458
        4.8100000000         0.6500000000         3.5155245137
        4.8150000000         0.6500000000         3.4467146247
        4.8200000000         0.6500000000         3.3728077070
        4.8250000000         0.6500000000         3.3014493037
        4.8300000000         0.6500000000         3.2288166432
        4.8350000000         0.6500000000         3.1549097255
        4.8400000000         0.6500000000         3.0886483509
        4.8450000000         0.6500000000         3.0147414332
        4.8500000000         0.6500000000         2.9472058015
        4.8550000000         0.6500000000         2.8682018550
        4.8600000000         0.6500000000         2.7981177089
        4.8650000000         0.6500000000         2.7318563344
        4.8700000000         0.6500000000         2.6554009022
        4.8750000000         0.6500000000         2.5891395277
        4.8800000000         0.6500000000         2.5152326100
        4.8850000000         0.6500000000         2.4451484639
        4.8900000000         0.6500000000         2.3788870894
        4.8950000000         0.6500000000         2.3037059145
        4.9000000000         0.6500000000         2.2348960255
        4.9050000000         0.6500000000         2.1660861366
        4.9100000000         0.6500000000         2.0896307045
        4.9150000000         0.6500000000         2.0246435872
        4.9200000000         0.6500000000         1.9571079555
        4.9250000000         0.6500000000         1.8844752950
        4.9300000000         0.6500000000         1.8220366921
        4.9350000000         0.6500000000         1.7545010603
        4.9400000000         0.6500000000         1.6805941426
        4.9450000000         0.6500000000         1.6143327681
        4.9500000000         0.6500000000         1.5429743648
        4.9550000000         0.6500000000         1.4767129903
        4.9600000000         0.6500000000         1.4104516158
        4.9650000000         0.6500000000         1.3365446981
        4.9700000000         0.6500000000         1.2715575807
        4.9750000000         0.6500000000         1.2014734346
        4.9800000000         0.6500000000         1.1301150313
        4.9850000000         0.6500000000         1.0613051424
        4.9900000000         0.6500000000         0.9873982247
        4.9950000000         0.6500000000         0.9249596218
        5.0000000000         0.6500000000         0.8510527041
        5.0050000000         0.6500000000         0.7784200435
        5.0100000000         0.6500000000         0.7083358974
        5.0150000000         0.6500000000         0.6357032369
        5.0200000000         0.6500000000         0.5630705764
        5.0250000000         0.6500000000         0.4968092019
        5.0300000000         0.6500000000         0.4216280269
        5.0350000000         0.6500000000         0.3489953664
        5.0400000000         0.6500000000         0.2814597347
        5.0450000000         0.6500000000         0.2037300454
        5.0500000000         0.6500000000         0.1323716421
        5.0550000000         0.6500000000         0.0597389816
        5.0600000000         0.6500000000        -0.0039738786
        5.0650000000         0.6500000000         0.0023974075
        5.0700000000         0.6500000000         1.0918873153
        5.0750000000         0.6500000000         5.0650212714
        5.0800000000         0.6500000000         5.0662955286
        5.0850000000         0.6500000000         5.0064054401
        5.0900000000         0.6500000000         4.9235787220
        5.0950000000         0.6500000000         4.8509460615
        5.1000000000         0.6500000000         4.7744906293
        5.1050000000         0.6500000000         4.7018579688
        5.1100000000         0.6500000000         4.6241282795
        5.1150000000         0.6500000000         4.5527698762
        5.1200000000         0.6500000000         4.4724916724
        5.1250000000         0.6500000000         4.3947619831
        5.1300000000         0.6500000000         4.3285006086
        5.1350000000         0.6500000000         4.2520451765
        5.1400000000         0.6500000000         4.1781382587
        5.1450000000         0.6500000000         4.1067798554
