        0.0000000000         0.7500000000         3.5792373738
        0.0050000000         0.7500000000         3.5817858882
        0.0100000000         0.7500000000         3.5766888594
        0.0150000000         0.7500000000         3.5741403449
        0.0200000000         0.7500000000         3.5652205445
        0.0250000000         0.7500000000         3.5448324293
        0.0300000000         0.7500000000         3.5231700569
        0.0350000000         0.7500000000         3.5015076844
        0.0400000000         0.7500000000         3.4658284828
        0.0450000000         0.7500000000         3.4365205671
        0.0500000000         0.7500000000         3.4021156227
        0.0550000000         0.7500000000         3.3600651350
        0.0600000000         0.7500000000         3.3231116761
        0.0650000000         0.7500000000         3.2861582173
        0.0700000000         0.7500000000         3.2390107008
        0.0750000000         0.7500000000         3.1956859559
        0.0800000000         0.7500000000         3.1549097255
        0.0850000000         0.7500000000         3.1103107234
        0.0900000000         0.7500000000         3.0580661781
        0.0950000000         0.7500000000         3.0109186616
        0.1000000000         0.7500000000         2.9624968879
        0.1050000000         0.7500000000         2.9128008571
        0.1100000000         0.7500000000         2.8707503694
        0.1150000000         0.7500000000         2.8159573097
        0.1200000000         0.7500000000         2.7662612788
        0.1250000000         0.7500000000         2.7140167335
        0.1300000000         0.7500000000         2.6655949598
        0.1350000000         0.7500000000         2.6095276430
        0.1400000000         0.7500000000         2.5521860689
        0.1450000000         0.7500000000         2.4999415236
        0.1500000000         0.7500000000         2.4476969783
        0.1550000000         0.7500000000         2.3929039186
        0.1600000000         0.7500000000         2.3368366017
        0.1650000000         0.7500000000         2.2833177992
        0.1700000000         0.7500000000         2.2336217683
        0.1750000000         0.7500000000         2.1750059370
        0.1800000000         0.7500000000         2.1189386201
        0.1850000000         0.7500000000         2.0628713033
        0.1900000000         0.7500000000         2.0080782436
        0.1950000000         0.7500000000         1.9469138979
        0.2000000000         0.7500000000         1.9010406386
        0.2050000000         0.7500000000         1.8398762929
        0.2100000000         0.7500000000         1.7774376900
        0.2150000000         0.7500000000         1.7251931447
        0.2200000000         0.7500000000         1.6742228566
        0.2250000000         0.7500000000         1.6194297969
        0.2300000000         0.7500000000         1.5544426796
        0.2350000000         0.7500000000         1.5034723915
        0.2400000000         0.7500000000         1.4423080458
        0.2450000000         0.7500000000         1.3887892433
        0.2500000000         0.7500000000         1.3301734120
        0.2550000000         0.7500000000         1.2741060952
        0.2600000000         0.7500000000         1.2091189778
        0.2650000000         0.7500000000         1.1543259182
        0.2700000000         0.7500000000         1.0957100869
        0.2750000000         0.7500000000         1.0383685128
        0.2800000000         0.7500000000         0.9797526815
        0.2850000000         0.7500000000         0.9160398214
        0.2900000000         0.7500000000         0.8574239901
        0.2950000000         0.7500000000         0.7988081588
        0.3000000000         0.7500000000         0.7325467843
        0.3050000000         0.7500000000         0.6790279818
        0.3100000000         0.7500000000         0.6165893789
        0.3150000000         0.7500000000         0.5554250332
        0.3200000000         0.7500000000         0.4968092019
        0.3250000000         0.7500000000         0.4292735702
        0.3300000000         0.7500000000         0.3693834817
        0.3350000000         0.7500000000         0.3082191360
        0.3400000000         0.7500000000         0.2445062759
        0.3450000000         0.7500000000         0.1795191585
        0.3500000000         0.7500000000         0.1183548128
        0.3550000000         0.7500000000         0.0495449239
        0.3600000000         0.7500000000        -0.0001511069
        0.3650000000         0.7500000000        -0.0026996214
        0.3700000000         0.7500000000         0.0062201791
        0.3750000000         0.7500000000         1.1020813729
        0.3800000000         0.7500000000         5.0650212714
        0.3850000000         0.7500000000         5.0599242426
        0.3900000000         0.7500000000         4.9911143537
        0.3950000000         0.7500000000         4.9261272364
        0.4000000000         0.7500000000         4.8624143763
        0.4050000000         0.7500000000         4.7910559730
        0.4100000000         0.7500000000         4.7337143989
        0.4150000000         0.7500000000         4.6636302527
        0.4200000000         0.7500000000         4.5973688782
        0.4250000000         0.7500000000         4.5349302753
        0.4300000000         0.7500000000         4.4673946436
        0.4350000000         0.7500000000         4.4049560407
        0.4400000000         0.7500000000         4.3425174378
        0.4450000000         0.7500000000         4.2800788349
        0.4500000000         0.7500000000         4.2150917176
        0.4550000000         0.7500000000         4.1526531147
        0.4600000000         0.7500000000         4.0902145118
        0.4650000000         0.7500000000         4.0201303657
        0.4700000000         0.7500000000         3.9615145344
        0.4750000000         0.7500000000         3.8939789027
        0.4800000000         0.7500000000         3.8315402998
        0.4850000000         0.7500000000         3.7652789253
        0.4900000000         0.7500000000         3.7041145796
        0.4950000000         0.7500000000         3.6340304334
        0.5000000000         0.7500000000         3.5766888594
        0.5050000000         0.7500000000         3.5104274848
        0.5100000000         0.7500000000         3.4454403675
        0.5150000000         0.7500000000         3.3855502790
        0.5200000000         0.7500000000         3.3154661329
        0.5250000000         0.7500000000         3.2568503016
        0.5300000000         0.7500000000         3.1829433839
        0.5350000000         0.7500000000         3.1179562666
        0.5400000000         0.7500000000         3.0682602357
        0.5450000000         0.7500000000         2.9930790608
        0.5500000000         0.7500000000         2.9293662007
        0.5550000000         0.7500000000         2.8656533406
        0.5600000000         0.7500000000         2.7981177089
        0.5650000000         0.7500000000         2.7356791060
        0.5700000000         0.7500000000         2.6745147603
        0.5750000000         0.7500000000         2.6082533858
        0.5800000000         0.7500000000         2.5458147829
        0.5850000000         0.7500000000         2.4833761799
        0.5900000000         0.7500000000         2.4171148054
        0.5950000000         0.7500000000         2.3546762025
        0.6000000000         0.7500000000         2.2871405708
        0.6050000000         0.7500000000         2.2259762251
        0.6100000000         0.7500000000         2.1648118794
        0.6150000000         0.7500000000         2.0947277333
        0.6200000000         0.7500000000         2.0322891304
        0.6250000000         0.7500000000         1.9774960707
        0.6300000000         0.7500000000         1.9125089534
        0.6350000000         0.7500000000         1.8487960933
        0.6400000000         0.7500000000         1.7889060048
        0.6450000000         0.7500000000         1.7264674019
        0.6500000000         0.7500000000         1.6640287990
        0.6550000000         0.7500000000         1.5977674245
        0.6600000000         0.7500000000         1.5378773360
        0.6650000000         0.7500000000         1.4767129903
        0.6700000000         0.7500000000         1.4117258730
        0.6750000000         0.7500000000         1.3492872701
        0.6800000000         0.7500000000         1.2817516384
        0.6850000000         0.7500000000         1.2218615499
        0.6900000000         0.7500000000         1.1606972042
        0.6950000000         0.7500000000         1.0957100869
        0.7000000000         0.7500000000         1.0307229696
        0.7050000000         0.7500000000         0.9631873378
        0.7100000000         0.7500000000         0.9083942781
        0.7150000000         0.7500000000         0.8395843892
        0.7200000000         0.7500000000         0.7758715291
        0.7250000000         0.7500000000         0.7147071834
        0.7300000000         0.7500000000         0.6433487801
        0.7350000000         0.7500000000         0.5783616628
        0.7400000000         0.7500000000         0.5171973171
        0.7450000000         0.7500000000         0.4509359426
        0.7500000000         0.7500000000         0.3821260537
        0.7550000000         0.7500000000         0.3235102224
        0.7600000000         0.7500000000         0.2508775619
        0.7650000000         0.7500000000         0.1871647018
        0.7700000000         0.7500000000         0.1158062984
        0.7750000000         0.7500000000         0.0559162099
        0.7800000000         0.7500000000         0.0011231503
        0.7850000000         0.7500000000        -0.0026996214
        0.7900000000         0.7500000000         1.0982586013
        0.7950000000         0.7500000000         5.0688440430
        0.8000000000         0.7500000000         5.0650212714
        0.8050000000         0.7500000000         5.0408103846
        0.8100000000         0.7500000000         4.9681777240
        0.8150000000         0.7500000000         4.9019163495
        0.8200000000         0.7500000000         4.8356549750
        0.8250000000         0.7500000000         4.7642965717
        0.8300000000         0.7500000000         4.6993094544
        0.8350000000         0.7500000000         4.6241282795
        0.8400000000         0.7500000000         4.5629639338
        0.8450000000         0.7500000000         4.4916055305
        0.8500000000         0.7500000000         4.4278926704
        0.8550000000         0.7500000000         4.3590827814
        0.8600000000         0.7500000000         4.2902728925
        0.8650000000         0.7500000000         4.2265600324
        0.8700000000         0.7500000000         4.1653956867
        0.8750000000         0.7500000000         4.0953115406
        0.8800000000         0.7500000000         4.0379699665
        0.8850000000         0.7500000000         3.9678858204
        0.8900000000         0.7500000000         3.9028987031
        0.8950000000         0.7500000000         3.8404601002
        0.9000000000         0.7500000000         3.7716502113
        0.9050000000         0.7500000000         3.7092116084
        0.9100000000         0.7500000000         3.6416759767
        0.9150000000         0.7500000000         3.5792373738
        0.9200000000         0.7500000000         3.5142502564
        0.9250000000         0.7500000000         3.4518116535
        0.9300000000         0.7500000000         3.3830017646
        0.9350000000         0.7500000000         3.3231116761
        0.9400000000         0.7500000000         3.2695928736
        0.9450000000         0.7500000000         3.1918631843
        0.9500000000         0.7500000000         3.1294245814
        0.9550000000         0.7500000000         3.0631632069
        0.9600000000         0.7500000000         2.9994503468
        0.9650000000         0.7500000000         2.9344632295
        0.9700000000         0.7500000000         2.8732988838
        0.9750000000         0.7500000000         2.8083117665
        0.9800000000         0.7500000000         2.7420503920
        0.9850000000         0.7500000000         2.6783375319
        0.9900000000         0.7500000000         2.6146246718
        0.9950000000         0.7500000000         2.5483632973
        1.0000000000         0.7500000000         2.4884732088
        1.0050000000         0.7500000000         2.4196633198
        1.0100000000         0.7500000000         2.3610474885
        1.0150000000         0.7500000000         2.2922375996
        1.0200000000         0.7500000000         2.2285247395
        1.0250000000         0.7500000000         2.1635376222
        1.0300000000         0.7500000000         2.0998247621
        1.0350000000         0.7500000000         2.0399346736
        1.0400000000         0.7500000000         1.9762218135
        1.0450000000         0.7500000000         1.9125089534
        1.0500000000         0.7500000000         1.8526188649
        1.0550000000         0.7500000000         1.7876317476
        1.0600000000         0.7500000000         1.7264674019
        1.0650000000         0.7500000000         1.6716743422
        1.0700000000         0.7500000000         1.5990416817
        1.0750000000         0.7500000000         1.5353288216
        1.0800000000         0.7500000000         1.4869070479
        1.0850000000         0.7500000000         1.4104516158
        1.0900000000         0.7500000000         1.3492872701
        1.0950000000         0.7500000000         1.2843001528
        1.1000000000         0.7500000000         1.2180387783
        1.1050000000         0.7500000000         1.1594229470
        1.1100000000         0.7500000000         1.0944358297
        1.1150000000         0.7500000000         1.0307229696
        1.1200000000         0.7500000000         0.9695586239
        1.1250000000         0.7500000000         0.9007487349
        1.1300000000         0.7500000000         0.8370358748
        1.1350000000         0.7500000000         0.7745972719
        1.1400000000         0.7500000000         0.7108844118
        1.1450000000         0.7500000000         0.6433487801
        1.1500000000         0.7500000000         0.5783616628
        1.1550000000         0.7500000000         0.5171973171
        1.1600000000         0.7500000000         0.4522101998
        1.1650000000         0.7500000000         0.3783032821
        1.1700000000         0.7500000000         0.3196874508
        1.1750000000         0.7500000000         0.2521518191
        1.1800000000         0.7500000000         0.1858904446
        1.1850000000         0.7500000000         0.1196290700
        1.1900000000         0.7500000000         0.0508191811
        1.1950000000         0.7500000000        -0.0001511069
        1.2000000000         0.7500000000        -0.0001511069
        1.2050000000         0.7500000000         1.1008071157
        1.2100000000         0.7500000000         5.0611984998
        1.2150000000         0.7500000000         5.0701183002
        1.2200000000         0.7500000000         5.0395361274
        1.2250000000         0.7500000000         4.9707262385
        1.2300000000         0.7500000000         4.9070133783
        1.2350000000         0.7500000000         4.8407520038
        1.2400000000         0.7500000000         4.7681193433
        1.2450000000         0.7500000000         4.7031322260
        1.2500000000         0.7500000000         4.6355965943
        1.2550000000         0.7500000000         4.5629639338
        1.2600000000         0.7500000000         4.5030738453
        1.2650000000         0.7500000000         4.4317154420
        1.2700000000         0.7500000000         4.3667283247
        1.2750000000         0.7500000000         4.3055639790
        1.2800000000         0.7500000000         4.2342055756
        1.2850000000         0.7500000000         4.1755897443
        1.2900000000         0.7500000000         4.1106026270
        1.2950000000         0.7500000000         4.0443412525
        1.3000000000         0.7500000000         3.9806283924
        1.3050000000         0.7500000000         3.9156412751
        1.3100000000         0.7500000000         3.8481056434
        1.3150000000         0.7500000000         3.7907640693
        1.3200000000         0.7500000000         3.7194056660
        1.3250000000         0.7500000000         3.6556928059
        1.3300000000         0.7500000000         3.5894314314
        1.3350000000         0.7500000000         3.5218957997
        1.3400000000         0.7500000000         3.4620057112
        1.3450000000         0.7500000000         3.3982928511
        1.3500000000         0.7500000000         3.3345799910
        1.3550000000         0.7500000000         3.2708671308
        1.3600000000         0.7500000000         3.1982344703
        1.3650000000         0.7500000000         3.1408928962
        1.3700000000         0.7500000000         3.0720830073
        1.3750000000         0.7500000000         3.0096444044
        1.3800000000         0.7500000000         2.9497543159
        1.3850000000         0.7500000000         2.8809444270
        1.3900000000         0.7500000000         2.8223285957
        1.3950000000         0.7500000000         2.7573414784
        1.4000000000         0.7500000000         2.6898058467
        1.4050000000         0.7500000000         2.6260929866
        1.4100000000         0.7500000000         2.5623801265
        1.4150000000         0.7500000000         2.4948444948
        1.4200000000         0.7500000000         2.4375029207
        1.4250000000         0.7500000000         2.3699672890
        1.4300000000         0.7500000000         2.3049801717
        1.4350000000         0.7500000000         2.2438158260
        1.4400000000         0.7500000000         2.1775544514
        1.4450000000         0.7500000000         2.1125673341
        1.4500000000         0.7500000000         2.0526772456
        1.4550000000         0.7500000000         1.9864158711
        1.4600000000         0.7500000000         1.9201544966
        1.4650000000         0.7500000000         1.8653614369
        1.4700000000         0.7500000000         1.7978258052
        1.4750000000         0.7500000000         1.7366614595
        1.4800000000         0.7500000000         1.6729485994
        1.4850000000         0.7500000000         1.6105099965
        1.4900000000         0.7500000000         1.5493456508
        1.4950000000         0.7500000000         1.4869070479
        1.5000000000         0.7500000000         1.4180971590
        1.5050000000         0.7500000000         1.3607555849
        1.5100000000         0.7500000000         1.3046882680
        1.5150000000         0.7500000000         1.2320556075
        1.5200000000         0.7500000000         1.1708912618
        1.5250000000         0.7500000000         1.1033556301
        1.5300000000         0.7500000000         1.0396427700
        1.5350000000         0.7500000000         0.9746556527
        1.5400000000         0.7500000000         0.9122170498
        1.5450000000         0.7500000000         0.8523269613
        1.5500000000         0.7500000000         0.7860655867
        1.5550000000         0.7500000000         0.7159814406
        1.5600000000         0.7500000000         0.6548170949
        1.5650000000         0.7500000000         0.5872814632
        1.5700000000         0.7500000000         0.5222943459
        1.5750000000         0.7500000000         0.4547587142
        1.5800000000         0.7500000000         0.3923201113
        1.5850000000         0.7500000000         0.3273329940
        1.5900000000         0.7500000000         0.2572488479
        1.5950000000         0.7500000000         0.1935359878
        1.6000000000         0.7500000000         0.1272746133
        1.6050000000         0.7500000000         0.0597389816
        1.6100000000         0.7500000000         0.0011231503
        1.6150000000         0.7500000000        -0.0026996214
        1.6200000000         0.7500000000         0.9848497103
        1.6250000000         0.7500000000         5.0497301850
        1.6300000000         0.7500000000         5.0624727570
        1.6350000000         0.7500000000         5.0433588990
        1.6400000000         0.7500000000         4.9796460389
        1.6450000000         0.7500000000         4.9082876355
        1.6500000000         0.7500000000         4.8382034894
        1.6550000000         0.7500000000         4.7681193433
        1.6600000000         0.7500000000         4.7018579688
        1.6650000000         0.7500000000         4.6330480799
        1.6700000000         0.7500000000         4.5667867054
        1.6750000000         0.7500000000         4.5030738453
        1.6800000000         0.7500000000         4.4304411848
        1.6850000000         0.7500000000         4.3616312958
        1.6900000000         0.7500000000         4.2991926929
        1.6950000000         0.7500000000         4.2278342896
        1.7000000000         0.7500000000         4.1666699439
        1.7050000000         0.7500000000         4.1004085694
        1.7100000000         0.7500000000         4.0354214521
        1.7150000000         0.7500000000         3.9717085920
        1.7200000000         0.7500000000         3.9028987031
        1.7250000000         0.7500000000         3.8353630714
        1.7300000000         0.7500000000         3.7729244685
        1.7350000000         0.7500000000         3.7117601228
        1.7400000000         0.7500000000         3.6404017195
        1.7450000000         0.7500000000         3.5792373738
        1.7500000000         0.7500000000         3.5142502564
        1.7550000000         0.7500000000         3.4518116535
        1.7600000000         0.7500000000         3.3931958222
        1.7650000000         0.7500000000         3.3180146473
        1.7700000000         0.7500000000         3.2581245588
        1.7750000000         0.7500000000         3.2033314991
        1.7800000000         0.7500000000         3.1256018098
        1.7850000000         0.7500000000         3.0669859785
        1.7900000000         0.7500000000         3.0007246040
        1.7950000000         0.7500000000         2.9357374867
        1.8000000000         0.7500000000         2.8758473982
        1.8050000000         0.7500000000         2.8083117665
        1.8100000000         0.7500000000         2.7445989064
        1.8150000000         0.7500000000         2.6821603035
        1.8200000000         0.7500000000         2.6146246718
        1.8250000000         0.7500000000         2.5547345833
        1.8300000000         0.7500000000         2.4897474660
        1.8350000000         0.7500000000         2.4273088631
        1.8400000000         0.7500000000         2.3597732313
        1.8450000000         0.7500000000         2.2986088856
        1.8500000000         0.7500000000         2.2336217683
        1.8550000000         0.7500000000         2.1686346510
        1.8600000000         0.7500000000         2.1112930769
        1.8650000000         0.7500000000         2.0437574452
        1.8700000000         0.7500000000         1.9787703279
        1.8750000000         0.7500000000         1.9214287538
        1.8800000000         0.7500000000         1.8538931221
        1.8850000000         0.7500000000         1.7940030336
        1.8900000000         0.7500000000         1.7315644307
        1.8950000000         0.7500000000         1.6665773134
        1.9000000000         0.7500000000         1.6079614821
        1.9050000000         0.7500000000         1.5404258504
        1.9100000000         0.7500000000         1.4843585335
        1.9150000000         0.7500000000         1.4206456734
        1.9200000000         0.7500000000         1.3518357845
        1.9250000000         0.7500000000         1.2932199532
        1.9300000000         0.7500000000         1.2218615499
        1.9350000000         0.7500000000         1.1632457186
        1.9400000000         0.7500000000         1.0995328585
        1.9450000000         0.7500000000         1.0370942556
        1.9500000000         0.7500000000         0.9695586239
        1.9550000000         0.7500000000         0.9096685354
        1.9600000000         0.7500000000         0.8408586464
        1.9650000000         0.7500000000         0.7809685579
        1.9700000000         0.7500000000         0.7159814406
        1.9750000000         0.7500000000         0.6484458089
        1.9800000000         0.7500000000         0.5898299776
        1.9850000000         0.7500000000         0.5222943459
        1.9900000000         0.7500000000         0.4522101998
        1.9950000000         0.7500000000         0.3872230825
        2.0000000000         0.7500000000         0.3222359652
        2.0050000000         0.7500000000         0.2572488479
        2.0100000000         0.7500000000         0.1897132162
        2.0150000000         0.7500000000         0.1221775845
        2.0200000000         0.7500000000         0.0571904671
        2.0250000000         0.7500000000        -0.0001511069
        2.0300000000         0.7500000000         0.0049459219
        2.0350000000         0.7500000000         1.1390348317
        2.0400000000         0.7500000000         5.0675697858
        2.0450000000         0.7500000000         5.0688440430
        2.0500000000         0.7500000000         5.0433588990
        2.0550000000         0.7500000000         4.9707262385
        2.0600000000         0.7500000000         4.9070133783
        2.0650000000         0.7500000000         4.8305579462
        2.0700000000         0.7500000000         4.7681193433
        2.0750000000         0.7500000000         4.6954866828
        2.0800000000         0.7500000000         4.6304995655
        2.0850000000         0.7500000000         4.5578669050
        2.0900000000         0.7500000000         4.4941540449
        2.0950000000         0.7500000000         4.4227956415
        2.1000000000         0.7500000000         4.3552600098
        2.1050000000         0.7500000000         4.2940956641
        2.1100000000         0.7500000000         4.2214630036
        2.1150000000         0.7500000000         4.1577501435
        2.1200000000         0.7500000000         4.0914887690
        2.1250000000         0.7500000000         4.0303244233
        2.1300000000         0.7500000000         3.9602402772
        2.1350000000         0.7500000000         3.9003501887
        2.1400000000         0.7500000000         3.8315402998
        2.1450000000         0.7500000000         3.7678274397
        2.1500000000         0.7500000000         3.7041145796
        2.1550000000         0.7500000000         3.6340304334
        2.1600000000         0.7500000000         3.5754146021
        2.1650000000         0.7500000000         3.5091532276
        2.1700000000         0.7500000000         3.4428918531
        2.1750000000         0.7500000000         3.3791789930
        2.1800000000         0.7500000000         3.3141918757
        2.1850000000         0.7500000000         3.2504790156
        2.1900000000         0.7500000000         3.1829433839
        2.1950000000         0.7500000000         3.1192305238
        2.2000000000         0.7500000000         3.0542434065
        2.2050000000         0.7500000000         2.9892562892
        2.2100000000         0.7500000000         2.9242691719
        2.2150000000         0.7500000000         2.8580077974
        2.2200000000         0.7500000000         2.7993919661
        2.2250000000         0.7500000000         2.7331305916
        2.2300000000         0.7500000000         2.6681434743
        2.2350000000         0.7500000000         2.6006078425
        2.2400000000         0.7500000000         2.5368949824
        2.2450000000         0.7500000000         2.4680850935
        2.2500000000         0.7500000000         2.4094692622
        2.2550000000         0.7500000000         2.3483049165
        2.2600000000         0.7500000000         2.2756722560
        2.2650000000         0.7500000000         2.2157821675
        2.2700000000         0.7500000000         2.1507950502
        2.2750000000         0.7500000000         2.0832594185
        2.2800000000         0.7500000000         2.0246435872
        2.2850000000         0.7500000000         1.9596564699
        2.2900000000         0.7500000000         1.8997663814
        2.2950000000         0.7500000000         1.8322307497
        2.3000000000         0.7500000000         1.7748891756
        2.3050000000         0.7500000000         1.7035307723
        2.3100000000         0.7500000000         1.6423664266
        2.3150000000         0.7500000000         1.5799278237
        2.3200000000         0.7500000000         1.5123921919
        2.3250000000         0.7500000000         1.4550506179
        2.3300000000         0.7500000000         1.3862407289
        2.3350000000         0.7500000000         1.3212536116
        2.3400000000         0.7500000000         1.2600892659
        2.3450000000         0.7500000000         1.1963764058
        2.3500000000         0.7500000000         1.1339378029
        2.3550000000         0.7500000000         1.0689506856
        2.3600000000         0.7500000000         1.0026893111
        2.3650000000         0.7500000000         0.9427992226
        2.3700000000         0.7500000000         0.8714408193
        2.3750000000         0.7500000000         0.8077279592
        2.3800000000         0.7500000000         0.7427408419
        2.3850000000         0.7500000000         0.6790279818
        2.3900000000         0.7500000000         0.6140408645
        2.3950000000         0.7500000000         0.5490537472
        2.4000000000         0.7500000000         0.4815181154
        2.4050000000         0.7500000000         0.4127082265
        2.4100000000         0.7500000000         0.3515438808
        2.4150000000         0.7500000000         0.2801854775
        2.4200000000         0.7500000000         0.2190211318
        2.4250000000         0.7500000000         0.1451142141
        2.4300000000         0.7500000000         0.0763043252
        2.4350000000         0.7500000000         0.0164142367
        2.4400000000         0.7500000000         0.0023974075
        2.4450000000         0.7500000000         0.0011231503
        2.4500000000         0.7500000000         1.1428576033
        2.4550000000         0.7500000000         5.0624727570
        2.4600000000         0.7500000000         5.0599242426
        2.4650000000         0.7500000000         4.9936628681
        2.4700000000         0.7500000000         4.9197559504
        2.4750000000         0.7500000000         4.8585916047
        2.4800000000         0.7500000000         4.7846846869
        2.4850000000         0.7500000000         4.7171490552
        2.4900000000         0.7500000000         4.6521619379
        2.4950000000         0.7500000000         4.5744322486
        2.5000000000         0.7500000000         4.5094451313
        2.5050000000         0.7500000000         4.4406352424
        2.5100000000         0.7500000000         4.3667283247
        2.5150000000         0.7500000000         4.3093867506
        2.5200000000         0.7500000000         4.2393026044
        2.5250000000         0.7500000000         4.1717669727
        2.5300000000         0.7500000000         4.1042313410
        2.5350000000         0.7500000000         4.0417927381
        2.5400000000         0.7500000000         3.9742571064
        2.5450000000         0.7500000000         3.9041729603
        2.5500000000         0.7500000000         3.8391858430
        2.5550000000         0.7500000000         3.7729244685
        2.5600000000         0.7500000000         3.7092116084
        2.5650000000         0.7500000000         3.6365789479
        2.5700000000         0.7500000000         3.5766888594
        2.5750000000         0.7500000000         3.5180730281
        2.5800000000         0.7500000000         3.4416175959
        2.5850000000         0.7500000000         3.3817275074
        2.5900000000         0.7500000000         3.3205631617
        2.5950000000         0.7500000000         3.2453819868
        2.6000000000         0.7500000000         3.1816691267
        2.6050000000         0.7500000000         3.1217790382
        2.6100000000         0.7500000000         3.0516948921
        2.6150000000         0.7500000000         2.9854335176
        2.6200000000         0.7500000000         2.9178978859
        2.6250000000         0.7500000000         2.8516365114
        2.6300000000         0.7500000000         2.7879236513
        2.6350000000         0.7500000000         2.7229365339
        2.6400000000         0.7500000000         2.6554009022
        2.6450000000         0.7500000000         2.5929622993
        2.6500000000         0.7500000000         2.5267009248
        2.6550000000         0.7500000000         2.4655365791
        2.6600000000         0.7500000000         2.3929039186
        2.6650000000         0.7500000000         2.3317395729
        2.6700000000         0.7500000000         2.2693009700
        2.6750000000         0.7500000000         2.2004910811
        2.6800000000         0.7500000000         2.1393267354
        2.6850000000         0.7500000000         2.0743396181
        2.6900000000         0.7500000000         2.0068039864
        2.6950000000         0.7500000000         1.9456396407
        2.7000000000         0.7500000000         1.8781040089
        2.7050000000         0.7500000000         1.8182139205
        2.7100000000         0.7500000000         1.7545010603
        2.7150000000         0.7500000000         1.6958852290
        2.7200000000         0.7500000000         1.6321723689
        2.7250000000         0.7500000000         1.5671852516
        2.7300000000         0.7500000000         1.5021981343
        2.7350000000         0.7500000000         1.4346625026
        2.7400000000         0.7500000000         1.3722238997
        2.7450000000         0.7500000000         1.3059625252
        2.7500000000         0.7500000000         1.2460724367
        2.7550000000         0.7500000000         1.1810853194
        2.7600000000         0.7500000000         1.1160982021
        2.7650000000         0.7500000000         1.0472883132
        2.7700000000         0.7500000000         0.9899467391
        2.7750000000         0.7500000000         0.9224111074
        2.7800000000         0.7500000000         0.8586982473
        2.7850000000         0.7500000000         0.7911626156
        2.7900000000         0.7500000000         0.7299982699
        2.7950000000         0.7500000000         0.6560913521
        2.8000000000         0.7500000000         0.5936527492
        2.8050000000         0.7500000000         0.5273913747
        2.8100000000         0.7500000000         0.4611300002
        2.8150000000         0.7500000000         0.3897715969
        2.8200000000         0.7500000000         0.3298815084
        2.8250000000         0.7500000000         0.2572488479
        2.8300000000         0.7500000000         0.1909874734
        2.8350000000         0.7500000000         0.1234518417
        2.8400000000         0.7500000000         0.0610132388
        2.8450000000         0.7500000000         0.0049459219
        2.8500000000         0.7500000000        -0.0026996214
        2.8550000000         0.7500000000         1.1377605745
        2.8600000000         0.7500000000         5.0637470142
        2.8650000000         0.7500000000         5.0611984998
        2.8700000000         0.7500000000         5.0395361274
        2.8750000000         0.7500000000         4.9694519812
        2.8800000000         0.7500000000         4.8968193207
        2.8850000000         0.7500000000         4.8305579462
        2.8900000000         0.7500000000         4.7617480573
        2.8950000000         0.7500000000         4.6891153968
        2.9000000000         0.7500000000         4.6254025367
        2.9050000000         0.7500000000         4.5540441334
        2.9100000000         0.7500000000         4.4890570161
        2.9150000000         0.7500000000         4.4164243555
        2.9200000000         0.7500000000         4.3463402094
        2.9250000000         0.7500000000         4.2839016065
        2.9300000000         0.7500000000         4.2125432032
        2.9350000000         0.7500000000         4.1513788575
        2.9400000000         0.7500000000         4.0838432258
        2.9450000000         0.7500000000         4.0163075941
        2.9500000000         0.7500000000         3.9538689912
        2.9550000000         0.7500000000         3.8850591023
        2.9600000000         0.7500000000         3.8200719850
        2.9650000000         0.7500000000         3.7512620960
        2.9700000000         0.7500000000         3.6875492359
        2.9750000000         0.7500000000         3.6174650898
        2.9800000000         0.7500000000         3.5601235157
        2.9850000000         0.7500000000         3.4874908552
        2.9900000000         0.7500000000         3.4250522523
        2.9950000000         0.7500000000         3.3677106782
        3.0000000000         0.7500000000         3.2963522749
        3.0050000000         0.7500000000         3.2288166432
        3.0100000000         0.7500000000         3.1600067543
        3.0150000000         0.7500000000         3.1001166658
        3.0200000000         0.7500000000         3.0313067769
        3.0250000000         0.7500000000         2.9663196595
        3.0300000000         0.7500000000         2.9000582850
        3.0350000000         0.7500000000         2.8325226533
        3.0400000000         0.7500000000         2.7726325648
        3.0450000000         0.7500000000         2.7038226759
        3.0500000000         0.7500000000         2.6413840730
        3.0550000000         0.7500000000         2.5763969557
        3.0600000000         0.7500000000         2.5050385524
        3.0650000000         0.7500000000         2.4400514351
        3.0700000000         0.7500000000         2.3839841182
        3.0750000000         0.7500000000         2.3126257149
        3.0800000000         0.7500000000         2.2476385976
        3.0850000000         0.7500000000         2.1877485091
        3.0900000000         0.7500000000         2.1176643629
        3.0950000000         0.7500000000         2.0603227889
        3.1000000000         0.7500000000         1.9915128999
        3.1050000000         0.7500000000         1.9405426119
        3.1100000000         0.7500000000         1.8666356941
        3.1150000000         0.7500000000         1.8016485768
        3.1200000000         0.7500000000         1.7353872023
        3.1250000000         0.7500000000         1.6729485994
        3.1300000000         0.7500000000         1.6092357393
        3.1350000000         0.7500000000         1.5429743648
        3.1400000000         0.7500000000         1.4856327907
        3.1450000000         0.7500000000         1.4168229018
        3.1500000000         0.7500000000         1.3492872701
        3.1550000000         0.7500000000         1.2893971816
        3.1600000000         0.7500000000         1.2218615499
        3.1650000000         0.7500000000         1.1568744326
        3.1700000000         0.7500000000         1.0969843441
        3.1750000000         0.7500000000         1.0243516835
        3.1800000000         0.7500000000         0.9670101094
        3.1850000000         0.7500000000         0.8982002205
        3.1900000000         0.7500000000         0.8332131032
        3.1950000000         0.7500000000         0.7669517287
        3.2000000000         0.7500000000         0.6968675826
        3.2050000000         0.7500000000         0.6331547225
        3.2100000000         0.7500000000         0.5681676052
        3.2150000000         0.7500000000         0.4968092019
        3.2200000000         0.7500000000         0.4356448562
        3.2250000000         0.7500000000         0.3642864529
        3.2300000000         0.7500000000         0.2954765639
        3.2350000000         0.7500000000         0.2317637038
        3.2400000000         0.7500000000         0.1629538149
        3.2450000000         0.7500000000         0.0915954116
        3.2500000000         0.7500000000         0.0253340371
        3.2550000000         0.7500000000        -0.0026996214
        3.2600000000         0.7500000000         0.0049459219
        3.2650000000         0.7500000000         1.1122754305
        3.2700000000         0.7500000000         5.0675697858
        3.2750000000         0.7500000000         5.0688440430
        3.2800000000         0.7500000000         4.9936628681
        3.2850000000         0.7500000000         4.9324985224
        3.2900000000         0.7500000000         4.8611401191
        3.2950000000         0.7500000000         4.7885074586
        3.3000000000         0.7500000000         4.7222460840
        3.3050000000         0.7500000000         4.6483391663
        3.3100000000         0.7500000000         4.5769807630
        3.3150000000         0.7500000000         4.5119936457
        3.3200000000         0.7500000000         4.4406352424
        3.3250000000         0.7500000000         4.3654540675
        3.3300000000         0.7500000000         4.3081124934
        3.3350000000         0.7500000000         4.2354798328
        3.3400000000         0.7500000000         4.1666699439
        3.3450000000         0.7500000000         4.1042313410
        3.3500000000         0.7500000000         4.0379699665
        3.3550000000         0.7500000000         3.9640630488
        3.3600000000         0.7500000000         3.9028987031
        3.3650000000         0.7500000000         3.8353630714
        3.3700000000         0.7500000000         3.7665531825
        3.3750000000         0.7500000000         3.7041145796
        3.3800000000         0.7500000000         3.6276591474
        3.3850000000         0.7500000000         3.5664948017
        3.3900000000         0.7500000000         3.5002334272
        3.3950000000         0.7500000000         3.4263265095
        3.4000000000         0.7500000000         3.3651621638
        3.4050000000         0.7500000000         3.2963522749
        3.4100000000         0.7500000000         3.2237196144
        3.4150000000         0.7500000000         3.1651037831
        3.4200000000         0.7500000000         3.1013909230
        3.4250000000         0.7500000000         3.0351295485
        3.4300000000         0.7500000000         2.9624968879
        3.4350000000         0.7500000000         2.9026067994
        3.4400000000         0.7500000000         2.8363454249
        3.4450000000         0.7500000000         2.7662612788
        3.4500000000         0.7500000000         2.7012741615
        3.4550000000         0.7500000000         2.6362870442
        3.4600000000         0.7500000000         2.5674771553
        3.4650000000         0.7500000000         2.5088613240
        3.4700000000         0.7500000000         2.4400514351
        3.4750000000         0.7500000000         2.3737900606
        3.4800000000         0.7500000000         2.3113514577
        3.4850000000         0.7500000000         2.2489128548
        3.4900000000         0.7500000000         2.1775544514
        3.4950000000         0.7500000000         2.1100188197
        3.5000000000         0.7500000000         2.0488544740
        3.5050000000         0.7500000000         1.9838673567
        3.5100000000         0.7500000000         1.9176059822
        3.5150000000         0.7500000000         1.8564416365
        3.5200000000         0.7500000000         1.7927287764
        3.5250000000         0.7500000000         1.7290159163
        3.5300000000         0.7500000000         1.6653030562
        3.5350000000         0.7500000000         1.5977674245
        3.5400000000         0.7500000000         1.5366030788
        3.5450000000         0.7500000000         1.4703417043
        3.5500000000         0.7500000000         1.4091773586
        3.5550000000         0.7500000000         1.3441902413
        3.5600000000         0.7500000000         1.2766546096
        3.5650000000         0.7500000000         1.2116674923
        3.5700000000         0.7500000000         1.1454061177
        3.5750000000         0.7500000000         1.0791447432
        3.5800000000         0.7500000000         1.0141576259
        3.5850000000         0.7500000000         0.9542675374
        3.5900000000         0.7500000000         0.8841833913
        3.5950000000         0.7500000000         0.8179220168
        3.6000000000         0.7500000000         0.7516606423
        3.6050000000         0.7500000000         0.6853992678
        3.6100000000         0.7500000000         0.6191378933
        3.6150000000         0.7500000000         0.5503280044
        3.6200000000         0.7500000000         0.4853408871
        3.6250000000         0.7500000000         0.4216280269
        3.6300000000         0.7500000000         0.3464468520
        3.6350000000         0.7500000000         0.2776369631
        3.6400000000         0.7500000000         0.2139241030
        3.6450000000         0.7500000000         0.1463884713
        3.6500000000         0.7500000000         0.0775785824
        3.6550000000         0.7500000000         0.0087686935
        3.6600000000         0.7500000000        -0.0039738786
        3.6650000000         0.7500000000        -0.0026996214
        3.6700000000         0.7500000000         1.1148239449
        3.6750000000         0.7500000000         5.0650212714
        3.6800000000         0.7500000000         5.0497301850
        3.6850000000         0.7500000000         4.9821945533
        3.6900000000         0.7500000000         4.9108361500
        3.6950000000         0.7500000000         4.8356549750
        3.7000000000         0.7500000000         4.7706678577
        3.7050000000         0.7500000000         4.6993094544
        3.7100000000         0.7500000000         4.6279510511
        3.7150000000         0.7500000000         4.5616896766
        3.7200000000         0.7500000000         4.4928797877
        3.7250000000         0.7500000000         4.4227956415
        3.7300000000         0.7500000000         4.3488887238
        3.7350000000         0.7500000000         4.2851758637
        3.7400000000         0.7500000000         4.2214630036
        3.7450000000         0.7500000000         4.1564758863
        3.7500000000         0.7500000000         4.0812947114
        3.7550000000         0.7500000000         4.0175818513
        3.7600000000         0.7500000000         3.9462234480
        3.7650000000         0.7500000000         3.8825105879
        3.7700000000         0.7500000000         3.8098779273
        3.7750000000         0.7500000000         3.7474393244
        3.7800000000         0.7500000000         3.6799036927
        3.7850000000         0.7500000000         3.6085452894
        3.7900000000         0.7500000000         3.5448324293
        3.7950000000         0.7500000000         3.4772967976
        3.8000000000         0.7500000000         3.4110354231
        3.8050000000         0.7500000000         3.3460483058
        3.8100000000         0.7500000000         3.2785126741
        3.8150000000         0.7500000000         3.2071542707
        3.8200000000         0.7500000000         3.1459899250
        3.8250000000         0.7500000000         3.0759057789
        3.8300000000         0.7500000000         3.0109186616
        3.8350000000         0.7500000000         2.9459315443
        3.8400000000         0.7500000000         2.8783959126
        3.8450000000         0.7500000000         2.8108602809
        3.8500000000         0.7500000000         2.7484216780
        3.8550000000         0.7500000000         2.6808860463
        3.8600000000         0.7500000000         2.6158989290
        3.8650000000         0.7500000000         2.5521860689
        3.8700000000         0.7500000000         2.4821019227
        3.8750000000         0.7500000000         2.4171148054
        3.8800000000         0.7500000000         2.3483049165
        3.8850000000         0.7500000000         2.2845920564
        3.8900000000         0.7500000000         2.2196049391
        3.8950000000         0.7500000000         2.1520693074
        3.9000000000         0.7500000000         2.0921792189
        3.9050000000         0.7500000000         2.0233693300
        3.9100000000         0.7500000000         1.9583822127
        3.9150000000         0.7500000000         1.8972178670
        3.9200000000         0.7500000000         1.8258594637
        3.9250000000         0.7500000000         1.7659693752
        3.9300000000         0.7500000000         1.7035307723
        3.9350000000         0.7500000000         1.6372693978
        3.9400000000         0.7500000000         1.5710080232
        3.9450000000         0.7500000000         1.5123921919
        3.9500000000         0.7500000000         1.4435823030
        3.9550000000         0.7500000000         1.3709496425
        3.9600000000         0.7500000000         1.3110595540
        3.9650000000         0.7500000000         1.2447981795
        3.9700000000         0.7500000000         1.1721655190
        3.9750000000         0.7500000000         1.1148239449
        3.9800000000         0.7500000000         1.0511110848
        3.9850000000         0.7500000000         0.9835754531
        3.9900000000         0.7500000000         0.9211368502
        3.9950000000         0.7500000000         0.8472299324
        4.0000000000         0.7500000000         0.7796943007
        4.0050000000         0.7500000000         0.7172556978
        4.0100000000         0.7500000000         0.6509943233
        4.0150000000         0.7500000000         0.5783616628
        4.0200000000         0.7500000000         0.5171973171
        4.0250000000         0.7500000000         0.4471131710
        4.0300000000         0.7500000000         0.3770290249
        4.0350000000         0.7500000000         0.3107676504
        4.0400000000         0.7500000000         0.2406835042
        4.0450000000         0.7500000000         0.1705993581
        4.0500000000         0.7500000000         0.1056122408
        4.0550000000         0.7500000000         0.0329795803
        4.0600000000         0.7500000000         0.0062201791
        4.0650000000         0.7500000000         0.0011231503
        4.0700000000         0.7500000000         1.1301150313
        4.0750000000         0.7500000000         5.0675697858
        4.0800000000         0.7500000000         5.0637470142
        4.0850000000         0.7500000000         5.0089539545
        4.0900000000         0.7500000000         4.9350470368
        4.0950000000         0.7500000000         4.8649628907
        4.1000000000         0.7500000000         4.7936044874
        4.1050000000         0.7500000000         4.7222460840
        4.1100000000         0.7500000000         4.6483391663
        4.1150000000         0.7500000000         4.5808035346
        4.1200000000         0.7500000000         4.5094451313
        4.1250000000         0.7500000000         4.4406352424
        4.1300000000         0.7500000000         4.3667283247
        4.1350000000         0.7500000000         4.2979184357
        4.1400000000         0.7500000000         4.2316570612
        4.1450000000         0.7500000000         4.1641214295
        4.1500000000         0.7500000000         4.0927630262
        4.1550000000         0.7500000000         4.0303244233
        4.1600000000         0.7500000000         3.9602402772
        4.1650000000         0.7500000000         3.8914303883
        4.1700000000         0.7500000000         3.8213462422
        4.1750000000         0.7500000000         3.7563591248
        4.1800000000         0.7500000000         3.6837264643
        4.1850000000         0.7500000000         3.6225621186
        4.1900000000         0.7500000000         3.5486552009
        4.1950000000         0.7500000000         3.4811195692
        4.2000000000         0.7500000000         3.4148581947
        4.2050000000         0.7500000000         3.3447740486
        4.2100000000         0.7500000000         3.2797869313
        4.2150000000         0.7500000000         3.2097027851
        4.2200000000         0.7500000000         3.1485384394
        4.2250000000         0.7500000000         3.0797285505
        4.2300000000         0.7500000000         3.0070958900
        4.2350000000         0.7500000000         2.9446572871
        4.2400000000         0.7500000000         2.8758473982
        4.2450000000         0.7500000000         2.8121345381
        4.2500000000         0.7500000000         2.7471474208
        4.2550000000         0.7500000000         2.6783375319
        4.2600000000         0.7500000000         2.6069791286
        4.2650000000         0.7500000000         2.5419920112
        4.2700000000         0.7500000000         2.4744563795
        4.2750000000         0.7500000000         2.4069207478
        4.2800000000         0.7500000000         2.3432078877
        4.2850000000         0.7500000000         2.2769465132
        4.2900000000         0.7500000000         2.2081366243
        4.2950000000         0.7500000000         2.1495207930
        4.3000000000         0.7500000000         2.0781623897
        4.3050000000         0.7500000000         2.0144495296
        4.3100000000         0.7500000000         1.9494624123
        4.3150000000         0.7500000000         1.8806525234
        4.3200000000         0.7500000000         1.8169396632
        4.3250000000         0.7500000000         1.7532268031
        4.3300000000         0.7500000000         1.6831426570
        4.3350000000         0.7500000000         1.6258010829
        4.3400000000         0.7500000000         1.5557169368
        4.3450000000         0.7500000000         1.4907298195
        4.3500000000         0.7500000000         1.4308397310
        4.3550000000         0.7500000000         1.3582070705
        4.3600000000         0.7500000000         1.2919456960
        4.3650000000         0.7500000000         1.2269585787
        4.3700000000         0.7500000000         1.1606972042
        4.3750000000         0.7500000000         1.1008071157
        4.3800000000         0.7500000000         1.0256259407
        4.3850000000         0.7500000000         0.9606388234
        4.3900000000         0.7500000000         0.9007487349
        4.3950000000         0.7500000000         0.8319388460
        4.4000000000         0.7500000000         0.7580319283
        4.4050000000         0.7500000000         0.6943190682
        4.4100000000         0.7500000000         0.6280576937
        4.4150000000         0.7500000000         0.5554250332
        4.4200000000         0.7500000000         0.4853408871
        4.4250000000         0.7500000000         0.4203537697
        4.4300000000         0.7500000000         0.3489953664
        4.4350000000         0.7500000000         0.2801854775
        4.4400000000         0.7500000000         0.2088270742
        4.4450000000         0.7500000000         0.1387429281
        4.4500000000         0.7500000000         0.0724815536
        4.4550000000         0.7500000000        -0.0001511069
        4.4600000000         0.7500000000        -0.0039738786
        4.4650000000         0.7500000000         0.0011231503
        4.4700000000         0.7500000000         5.0573757282
        4.4750000000         0.7500000000         5.0650212714
        4.4800000000         0.7500000000         5.0344390986
        4.4850000000         0.7500000000         4.9630806952
        4.4900000000         0.7500000000         4.8917222919
        4.4950000000         0.7500000000         4.8254609174
        4.5000000000         0.7500000000         4.7515539997
        4.5050000000         0.7500000000         4.6763728248
        4.5100000000         0.7500000000         4.6062886786
        4.5150000000         0.7500000000         4.5323817609
        4.5200000000         0.7500000000         4.4635718720
        4.5250000000         0.7500000000         4.3909392115
        4.5300000000         0.7500000000         4.3208550654
        4.5350000000         0.7500000000         4.2584164625
        4.5400000000         0.7500000000         4.1781382587
        4.5450000000         0.7500000000         4.1182481702
        4.5500000000         0.7500000000         4.0481640241
        4.5550000000         0.7500000000         3.9780798780
        4.5600000000         0.7500000000         3.9130927607
        4.5650000000         0.7500000000         3.8404601002
        4.5700000000         0.7500000000         3.7754729829
        4.5750000000         0.7500000000         3.7117601228
        4.5800000000         0.7500000000         3.6378532051
        4.5850000000         0.7500000000         3.5703175733
        4.5900000000         0.7500000000         3.5053304560
        4.5950000000         0.7500000000         3.4326977955
        4.6000000000         0.7500000000         3.3728077070
        4.6050000000         0.7500000000         3.3052720753
        4.6100000000         0.7500000000         3.2364621864
        4.6150000000         0.7500000000         3.1791206123
        4.6200000000         0.7500000000         3.1026651802
        4.6250000000         0.7500000000         3.0351295485
        4.6300000000         0.7500000000         2.9663196595
        4.6350000000         0.7500000000         2.9064295710
        4.6400000000         0.7500000000         2.8363454249
        4.6450000000         0.7500000000         2.7713583076
        4.6500000000         0.7500000000         2.7038226759
        4.6550000000         0.7500000000         2.6362870442
        4.6600000000         0.7500000000         2.5674771553
        4.6650000000         0.7500000000         2.5075870668
        4.6700000000         0.7500000000         2.4387771779
        4.6750000000         0.7500000000         2.3712415462
        4.6800000000         0.7500000000         2.3037059145
        4.6850000000         0.7500000000         2.2348960255
        4.6900000000         0.7500000000         2.1762801942
        4.6950000000         0.7500000000         2.1074703053
        4.7000000000         0.7500000000         2.0412089308
        4.7050000000         0.7500000000         1.9749475563
        4.7100000000         0.7500000000         1.9125089534
        4.7150000000         0.7500000000         1.8436990645
        4.7200000000         0.7500000000         1.7812604616
        4.7250000000         0.7500000000         1.7239188875
        4.7300000000         0.7500000000         1.6525604842
        4.7350000000         0.7500000000         1.5850248525
        4.7400000000         0.7500000000         1.5264090212
        4.7450000000         0.7500000000         1.4563248751
        4.7500000000         0.7500000000         1.3887892433
        4.7550000000         0.7500000000         1.3365446981
        4.7600000000         0.7500000000         1.2651862947
        4.7650000000         0.7500000000         1.1951021486
        4.7700000000         0.7500000000         1.1301150313
        4.7750000000         0.7500000000         1.0664021712
        4.7800000000         0.7500000000         0.9950437679
        4.7850000000         0.7500000000         0.9338794222
        4.7900000000         0.7500000000         0.8663437905
        4.7950000000         0.7500000000         0.7988081588
        4.8000000000         0.7500000000         0.7363695559
        4.8050000000         0.7500000000         0.6624626381
        4.8100000000         0.7500000000         0.5987497780
        4.8150000000         0.7500000000         0.5299398891
        4.8200000000         0.7500000000         0.4573072286
        4.8250000000         0.7500000000         0.3935943685
        4.8300000000         0.7500000000         0.3209617080
        4.8350000000         0.7500000000         0.2547003335
        4.8400000000         0.7500000000         0.1846161874
        4.8450000000         0.7500000000         0.1209033273
        4.8500000000         0.7500000000         0.0469964095
        4.8550000000         0.7500000000        -0.0001511069
        4.8600000000         0.7500000000        -0.0001511069
        4.8650000000         0.7500000000         1.1020813729
        4.8700000000         0.7500000000         5.0624727570
        4.8750000000         0.7500000000         5.0675697858
        4.8800000000         0.7500000000         5.0216965265
        4.8850000000         0.7500000000         4.9465153516
        4.8900000000         0.7500000000         4.8815282343
        4.8950000000         0.7500000000         4.8101698310
        4.9000000000         0.7500000000         4.7362629133
        4.9050000000         0.7500000000         4.6687272816
        4.9100000000         0.7500000000         4.5960946210
        4.9150000000         0.7500000000         4.5209134461
        4.9200000000         0.7500000000         4.4572005860
        4.9250000000         0.7500000000         4.3883906971
        4.9300000000         0.7500000000         4.3157580366
        4.9350000000         0.7500000000         4.2507709193
        4.9400000000         0.7500000000         4.1806867731
        4.9450000000         0.7500000000         4.1055055982
        4.9500000000         0.7500000000         4.0443412525
        4.9550000000         0.7500000000         3.9780798780
        4.9600000000         0.7500000000         3.9054472175
        4.9650000000         0.7500000000         3.8404601002
        4.9700000000         0.7500000000         3.7729244685
        4.9750000000         0.7500000000         3.7028403224
        4.9800000000         0.7500000000         3.6378532051
        4.9850000000         0.7500000000         3.5703175733
        4.9900000000         0.7500000000         3.5040561988
        4.9950000000         0.7500000000         3.4339720527
        5.0000000000         0.7500000000         3.3677106782
        5.0050000000         0.7500000000         3.2989007893
        5.0100000000         0.7500000000         3.2364621864
        5.0150000000         0.7500000000         3.1651037831
        5.0200000000         0.7500000000         3.1064879518
        5.0250000000         0.7500000000         3.0376780629
        5.0300000000         0.7500000000         2.9637711451
        5.0350000000         0.7500000000         2.9013325422
        5.0400000000         0.7500000000         2.8376196821
        5.0450000000         0.7500000000         2.7662612788
        5.0500000000         0.7500000000         2.7038226759
        5.0550000000         0.7500000000         2.6350127870
        5.0600000000         0.7500000000         2.5725741841
        5.0650000000         0.7500000000         2.4999415236
        5.0700000000         0.7500000000         2.4349544063
        5.0750000000         0.7500000000         2.3712415462
        5.0800000000         0.7500000000         2.3062544289
        5.0850000000         0.7500000000         2.2412673115
        5.0900000000         0.7500000000         2.1711831654
        5.0950000000         0.7500000000         2.1087445625
        5.1000000000         0.7500000000         2.0412089308
        5.1050000000         0.7500000000         1.9813188423
        5.1100000000         0.7500000000         1.9112346962
        5.1150000000         0.7500000000         1.8513446077
        5.1200000000         0.7500000000         1.7850832332
        5.1250000000         0.7500000000         1.7213703731
        5.1300000000         0.7500000000         1.6589317702
        5.1350000000         0.7500000000         1.5913961385
        5.1400000000         0.7500000000         1.5302317928
        5.1450000000         0.7500000000         1.4601476467
        5.1500000000         0.7500000000         1.3964347866
        5.1550000000         0.7500000000         1.3339961837
        5.1600000000         0.7500000000         1.2626377803
        5.1650000000         0.7500000000         1.2027476918
        5.1700000000         0.7500000000         1.1339378029
        5.1750000000         0.7500000000         1.0676764284
        5.1800000000         0.7500000000         1.0052378255
        5.1850000000         0.7500000000         0.9313309078
        5.1900000000         0.7500000000         0.8727150765
        5.1950000000         0.7500000000         0.8026309304
        5.2000000000         0.7500000000         0.7389180703
        5.2050000000         0.7500000000         0.6675596670
        5.2100000000         0.7500000000         0.6025725496
        5.2150000000         0.7500000000         0.5324884035
        5.2200000000         0.7500000000         0.4624042574
        5.2250000000         0.7500000000         0.3897715969
        5.2300000000         0.7500000000         0.3298815084
        5.2350000000         0.7500000000         0.2572488479
        5.2400000000         0.7500000000         0.1884389590
        5.2450000000         0.7500000000         0.1196290700
