        0.0000000000         1.1500000000         3.6442244911
        0.0050000000         1.1500000000         3.6505957771
        0.0100000000         1.1500000000         3.6442244911
        0.0150000000         1.1500000000         3.6429502339
        0.0200000000         1.1500000000         3.6454987483
        0.0250000000         1.1500000000         3.6263848902
        0.0300000000         1.1500000000         3.6098195466
        0.0350000000         1.1500000000         3.5894314314
        0.0400000000         1.1500000000         3.5766888594
        0.0450000000         1.1500000000         3.5499294581
        0.0500000000         1.1500000000         3.5244443141
        0.0550000000         1.1500000000         3.5053304560
        0.0600000000         1.1500000000         3.4721997688
        0.0650000000         1.1500000000         3.4441661103
        0.0700000000         1.1500000000         3.4186809663
        0.0750000000         1.1500000000         3.3842760218
        0.0800000000         1.1500000000         3.3587908778
        0.0850000000         1.1500000000         3.3282087049
        0.0900000000         1.1500000000         3.2912552461
        0.0950000000         1.1500000000         3.2555760444
        0.1000000000         1.1500000000         3.2275423860
        0.1050000000         1.1500000000         3.1905889271
        0.1100000000         1.1500000000         3.1561839827
        0.1150000000         1.1500000000         3.1205047810
        0.1200000000         1.1500000000         3.0835513221
        0.1250000000         1.1500000000         3.0465978633
        0.1300000000         1.1500000000         3.0096444044
        0.1350000000         1.1500000000         2.9752394600
        0.1400000000         1.1500000000         2.9331889723
        0.1450000000         1.1500000000         2.8987840278
        0.1500000000         1.1500000000         2.8567335402
        0.1550000000         1.1500000000         2.8248771101
        0.1600000000         1.1500000000         2.7841008796
        0.1650000000         1.1500000000         2.7433246492
        0.1700000000         1.1500000000         2.6999999043
        0.1750000000         1.1500000000         2.6655949598
        0.1800000000         1.1500000000         2.6235444722
        0.1850000000         1.1500000000         2.5776712129
        0.1900000000         1.1500000000         2.5330722108
        0.1950000000         1.1500000000         2.4986672664
        0.2000000000         1.1500000000         2.4566167787
        0.2050000000         1.1500000000         2.4081950050
        0.2100000000         1.1500000000         2.3699672890
        0.2150000000         1.1500000000         2.3291910585
        0.2200000000         1.1500000000         2.2833177992
        0.2250000000         1.1500000000         2.2476385976
        0.2300000000         1.1500000000         2.2043138527
        0.2350000000         1.1500000000         2.1622633650
        0.2400000000         1.1500000000         2.1202128773
        0.2450000000         1.1500000000         2.0717911037
        0.2500000000         1.1500000000         2.0348376448
        0.2550000000         1.1500000000         1.9902386427
        0.2600000000         1.1500000000         1.9443653835
        0.2650000000         1.1500000000         1.9086861818
        0.2700000000         1.1500000000         1.8628129225
        0.2750000000         1.1500000000         1.8233109493
        0.2800000000         1.1500000000         1.7787119472
        0.2850000000         1.1500000000         1.7366614595
        0.2900000000         1.1500000000         1.6958852290
        0.2950000000         1.1500000000         1.6538347414
        0.3000000000         1.1500000000         1.6066872249
        0.3050000000         1.1500000000         1.5671852516
        0.3100000000         1.1500000000         1.5238605068
        0.3150000000         1.1500000000         1.4754387331
        0.3200000000         1.1500000000         1.4384852742
        0.3250000000         1.1500000000         1.3900635005
        0.3300000000         1.1500000000         1.3492872701
        0.3350000000         1.1500000000         1.3034140108
        0.3400000000         1.1500000000         1.2651862947
        0.3450000000         1.1500000000         1.2129417495
        0.3500000000         1.1500000000         1.1708912618
        0.3550000000         1.1500000000         1.1301150313
        0.3600000000         1.1500000000         1.0829675148
        0.3650000000         1.1500000000         1.0421912844
        0.3700000000         1.1500000000         0.9924952535
        0.3750000000         1.1500000000         0.9542675374
        0.3800000000         1.1500000000         0.9109427926
        0.3850000000         1.1500000000         0.8625210189
        0.3900000000         1.1500000000         0.8217447884
        0.3950000000         1.1500000000         0.7682259859
        0.4000000000         1.1500000000         0.7261754982
        0.4050000000         1.1500000000         0.6815764962
        0.4100000000         1.1500000000         0.6344289797
        0.4150000000         1.1500000000         0.5936527492
        0.4200000000         1.1500000000         0.5426824611
        0.4250000000         1.1500000000         0.5006319735
        0.4300000000         1.1500000000         0.4560329714
        0.4350000000         1.1500000000         0.4037884261
        0.4400000000         1.1500000000         0.3668349673
        0.4450000000         1.1500000000         0.3171389364
        0.4500000000         1.1500000000         0.2687171627
        0.4550000000         1.1500000000         0.2279409322
        0.4600000000         1.1500000000         0.1731478725
        0.4650000000         1.1500000000         0.1272746133
        0.4700000000         1.1500000000         0.0801270968
        0.4750000000         1.1500000000         0.0368023519
        0.4800000000         1.1500000000        -0.0001511069
        0.4850000000         1.1500000000        -0.0001511069
        0.4900000000         1.1500000000         0.0011231503
        0.4950000000         1.1500000000         1.1097269161
        0.5000000000         1.1500000000         1.0842417720
        0.5050000000         1.1500000000         5.0662955286
        0.5100000000         1.1500000000         5.0624727570
        0.5150000000         1.1500000000         5.0433588990
        0.5200000000         1.1500000000         4.9962113825
        0.5250000000         1.1500000000         4.9452410944
        0.5300000000         1.1500000000         4.8993678351
        0.5350000000         1.1500000000         4.8483975470
        0.5400000000         1.1500000000         4.8050728022
        0.5450000000         1.1500000000         4.7464569709
        0.5500000000         1.1500000000         4.7018579688
        0.5550000000         1.1500000000         4.6521619379
        0.5600000000         1.1500000000         4.5999173926
        0.5650000000         1.1500000000         4.5591411622
        0.5700000000         1.1500000000         4.5068966169
        0.5750000000         1.1500000000         4.4610233576
        0.5800000000         1.1500000000         4.4126015839
        0.5850000000         1.1500000000         4.3629055530
        0.5900000000         1.1500000000         4.3195808082
        0.5950000000         1.1500000000         4.2698847773
        0.6000000000         1.1500000000         4.2201887464
        0.6050000000         1.1500000000         4.1768640015
        0.6100000000         1.1500000000         4.1233451991
        0.6150000000         1.1500000000         4.0800204542
        0.6200000000         1.1500000000         4.0315986805
        0.6250000000         1.1500000000         3.9806283924
        0.6300000000         1.1500000000         3.9373036475
        0.6350000000         1.1500000000         3.8850591023
        0.6400000000         1.1500000000         3.8379115858
        0.6450000000         1.1500000000         3.7920383265
        0.6500000000         1.1500000000         3.7385195240
        0.6550000000         1.1500000000         3.6964690363
        0.6600000000         1.1500000000         3.6493215199
        0.6650000000         1.1500000000         3.6021740034
        0.6700000000         1.1500000000         3.5537522297
        0.6750000000         1.1500000000         3.5002334272
        0.6800000000         1.1500000000         3.4530859107
        0.6850000000         1.1500000000         3.4084869087
        0.6900000000         1.1500000000         3.3524195918
        0.6950000000         1.1500000000         3.3090948469
        0.7000000000         1.1500000000         3.2619473304
        0.7050000000         1.1500000000         3.2160740712
        0.7100000000         1.1500000000         3.1651037831
        0.7150000000         1.1500000000         3.1166820094
        0.7200000000         1.1500000000         3.0657117213
        0.7250000000         1.1500000000         3.0198384620
        0.7300000000         1.1500000000         2.9752394600
        0.7350000000         1.1500000000         2.9191721431
        0.7400000000         1.1500000000         2.8745731410
        0.7450000000         1.1500000000         2.8286998817
        0.7500000000         1.1500000000         2.7815523652
        0.7550000000         1.1500000000         2.7293078200
        0.7600000000         1.1500000000         2.6859830751
        0.7650000000         1.1500000000         2.6375613014
        0.7700000000         1.1500000000         2.5827682417
        0.7750000000         1.1500000000         2.5394434968
        0.7800000000         1.1500000000         2.4935702376
        0.7850000000         1.1500000000         2.4387771779
        0.7900000000         1.1500000000         2.3992752046
        0.7950000000         1.1500000000         2.3432078877
        0.8000000000         1.1500000000         2.2986088856
        0.8050000000         1.1500000000         2.2476385976
        0.8100000000         1.1500000000         2.2055881099
        0.8150000000         1.1500000000         2.1546178218
        0.8200000000         1.1500000000         2.1100188197
        0.8250000000         1.1500000000         2.0615970461
        0.8300000000         1.1500000000         2.0131752724
        0.8350000000         1.1500000000         1.9711247847
        0.8400000000         1.1500000000         1.9239772682
        0.8450000000         1.1500000000         1.8730069801
        0.8500000000         1.1500000000         1.8296822353
        0.8550000000         1.1500000000         1.7825347188
        0.8600000000         1.1500000000         1.7328386879
        0.8650000000         1.1500000000         1.6920624574
        0.8700000000         1.1500000000         1.6449149410
        0.8750000000         1.1500000000         1.5964931673
        0.8800000000         1.1500000000         1.5531684224
        0.8850000000         1.1500000000         1.5009238771
        0.8900000000         1.1500000000         1.4626961611
        0.8950000000         1.1500000000         1.4091773586
        0.9000000000         1.1500000000         1.3645783565
        0.9050000000         1.1500000000         1.3199793544
        0.9100000000         1.1500000000         1.2664605519
        0.9150000000         1.1500000000         1.2244100643
        0.9200000000         1.1500000000         1.1747140334
        0.9250000000         1.1500000000         1.1288407741
        0.9300000000         1.1500000000         1.0855160292
        0.9350000000         1.1500000000         1.0319972268
        0.9400000000         1.1500000000         0.9861239675
        0.9450000000         1.1500000000         0.9389764510
        0.9500000000         1.1500000000         0.8982002205
        0.9550000000         1.1500000000         0.8434071608
        0.9600000000         1.1500000000         0.7988081588
        0.9650000000         1.1500000000         0.7516606423
        0.9700000000         1.1500000000         0.7032388686
        0.9750000000         1.1500000000         0.6560913521
        0.9800000000         1.1500000000         0.6012982924
        0.9850000000         1.1500000000         0.5592478048
        0.9900000000         1.1500000000         0.5082775167
        0.9950000000         1.1500000000         0.4624042574
        1.0000000000         1.1500000000         0.4101597121
        1.0050000000         1.1500000000         0.3630121957
        1.0100000000         1.1500000000         0.3171389364
        1.0150000000         1.1500000000         0.2623458767
        1.0200000000         1.1500000000         0.2151983602
        1.0250000000         1.1500000000         0.1616795577
        1.0300000000         1.1500000000         0.1183548128
        1.0350000000         1.1500000000         0.0686587820
        1.0400000000         1.1500000000         0.0202370083
        1.0450000000         1.1500000000        -0.0001511069
        1.0500000000         1.1500000000        -0.0039738786
        1.0550000000         1.1500000000         0.0062201791
        1.0600000000         1.1500000000         1.0867902864
        1.0650000000         1.1500000000         5.0650212714
        1.0700000000         1.1500000000         5.0701183002
        1.0750000000         1.1500000000         5.0637470142
        1.0800000000         1.1500000000         5.0191480121
        1.0850000000         1.1500000000         4.9707262385
        1.0900000000         1.1500000000         4.9235787220
        1.0950000000         1.1500000000         4.8687856623
        1.1000000000         1.1500000000         4.8229124030
        1.1050000000         1.1500000000         4.7744906293
        1.1100000000         1.1500000000         4.7184233124
        1.1150000000         1.1500000000         4.6738243104
        1.1200000000         1.1500000000         4.6203055079
        1.1250000000         1.1500000000         4.5744322486
        1.1300000000         1.1500000000         4.5196391889
        1.1350000000         1.1500000000         4.4737659296
        1.1400000000         1.1500000000         4.4240698987
        1.1450000000         1.1500000000         4.3705510963
        1.1500000000         1.1500000000         4.3285006086
        1.1550000000         1.1500000000         4.2762560633
        1.1600000000         1.1500000000         4.2291085468
        1.1650000000         1.1500000000         4.1806867731
        1.1700000000         1.1500000000         4.1360877711
        1.1750000000         1.1500000000         4.0825689686
        1.1800000000         1.1500000000         4.0379699665
        1.1850000000         1.1500000000         3.9895481928
        1.1900000000         1.1500000000         3.9385779047
        1.1950000000         1.1500000000         3.8927046455
        1.2000000000         1.1500000000         3.8430086146
        1.2050000000         1.1500000000         3.7958610981
        1.2100000000         1.1500000000         3.7448908100
        1.2150000000         1.1500000000         3.6977432936
        1.2200000000         1.1500000000         3.6493215199
        1.2250000000         1.1500000000         3.5996254890
        1.2300000000         1.1500000000         3.5512037153
        1.2350000000         1.1500000000         3.5015076844
        1.2400000000         1.1500000000         3.4530859107
        1.2450000000         1.1500000000         3.4033898799
        1.2500000000         1.1500000000         3.3562423634
        1.2550000000         1.1500000000         3.3001750465
        1.2600000000         1.1500000000         3.2606730732
        1.2650000000         1.1500000000         3.2071542707
        1.2700000000         1.1500000000         3.1587324971
        1.2750000000         1.1500000000         3.1115849806
        1.2800000000         1.1500000000         3.0567919209
        1.2850000000         1.1500000000         3.0083701472
        1.2900000000         1.1500000000         2.9612226307
        1.2950000000         1.1500000000         2.9102523427
        1.3000000000         1.1500000000         2.8682018550
        1.3050000000         1.1500000000         2.8185058241
        1.3100000000         1.1500000000         2.7649870216
        1.3150000000         1.1500000000         2.7165652479
        1.3200000000         1.1500000000         2.6668692171
        1.3250000000         1.1500000000         2.6222702150
        1.3300000000         1.1500000000         2.5700256697
        1.3350000000         1.1500000000         2.5241524104
        1.3400000000         1.1500000000         2.4719078651
        1.3450000000         1.1500000000         2.4298573775
        1.3500000000         1.1500000000         2.3788870894
        1.3550000000         1.1500000000         2.3304653157
        1.3600000000         1.1500000000         2.2845920564
        1.3650000000         1.1500000000         2.2297989967
        1.3700000000         1.1500000000         2.1915712807
        1.3750000000         1.1500000000         2.1355039638
        1.3800000000         1.1500000000         2.0870821901
        1.3850000000         1.1500000000         2.0526772456
        1.3900000000         1.1500000000         1.9864158711
        1.3950000000         1.1500000000         1.9443653835
        1.4000000000         1.1500000000         1.8997663814
        1.4050000000         1.1500000000         1.8449733217
        1.4100000000         1.1500000000         1.8016485768
        1.4150000000         1.1500000000         1.7532268031
        1.4200000000         1.1500000000         1.7099020583
        1.4250000000         1.1500000000         1.6614802846
        1.4300000000         1.1500000000         1.6130585109
        1.4350000000         1.1500000000         1.5684595088
        1.4400000000         1.1500000000         1.5200377352
        1.4450000000         1.1500000000         1.4741644759
        1.4500000000         1.1500000000         1.4219199306
        1.4550000000         1.1500000000         1.3811437001
        1.4600000000         1.1500000000         1.3288991548
        1.4650000000         1.1500000000         1.2855744100
        1.4700000000         1.1500000000         1.2346041219
        1.4750000000         1.1500000000         1.1900051198
        1.4800000000         1.1500000000         1.1441318605
        1.4850000000         1.1500000000         1.0944358297
        1.4900000000         1.1500000000         1.0485625704
        1.4950000000         1.1500000000         0.9950437679
        1.5000000000         1.1500000000         0.9517190230
        1.5050000000         1.1500000000         0.9083942781
        1.5100000000         1.1500000000         0.8548754757
        1.5150000000         1.1500000000         0.8090022164
        1.5200000000         1.1500000000         0.7542091567
        1.5250000000         1.1500000000         0.7108844118
        1.5300000000         1.1500000000         0.6599141237
        1.5350000000         1.1500000000         0.6153151217
        1.5400000000         1.1500000000         0.5643448336
        1.5450000000         1.1500000000         0.5159230599
        1.5500000000         1.1500000000         0.4675012862
        1.5550000000         1.1500000000         0.4203537697
        1.5600000000         1.1500000000         0.3668349673
        1.5650000000         1.1500000000         0.3247844796
        1.5700000000         1.1500000000         0.2687171627
        1.5750000000         1.1500000000         0.2304894466
        1.5800000000         1.1500000000         0.1782449013
        1.5850000000         1.1500000000         0.1260003561
        1.5900000000         1.1500000000         0.0750300680
        1.5950000000         1.1500000000         0.0317053231
        1.6000000000         1.1500000000        -0.0001511069
        1.6050000000         1.1500000000         0.0049459219
        1.6100000000         1.1500000000        -0.0026996214
        1.6150000000         1.1500000000         1.1250180025
        1.6200000000         1.1500000000         5.0624727570
        1.6250000000         1.1500000000         5.0713925574
        1.6300000000         1.1500000000         5.0624727570
        1.6350000000         1.1500000000         5.0242450409
        1.6400000000         1.1500000000         4.9758232673
        1.6450000000         1.1500000000         4.9184816932
        1.6500000000         1.1500000000         4.8726084339
        1.6550000000         1.1500000000         4.8241866602
        1.6600000000         1.1500000000         4.7757648865
        1.6650000000         1.1500000000         4.7196975696
        1.6700000000         1.1500000000         4.6725500532
        1.6750000000         1.1500000000         4.6203055079
        1.6800000000         1.1500000000         4.5731579914
        1.6850000000         1.1500000000         4.5234619605
        1.6900000000         1.1500000000         4.4750401868
        1.6950000000         1.1500000000         4.4227956415
        1.7000000000         1.1500000000         4.3769223823
        1.7050000000         1.1500000000         4.3246778370
        1.7100000000         1.1500000000         4.2800788349
        1.7150000000         1.1500000000         4.2316570612
        1.7200000000         1.1500000000         4.1781382587
        1.7250000000         1.1500000000         4.1360877711
        1.7300000000         1.1500000000         4.0851174830
        1.7350000000         1.1500000000         4.0379699665
        1.7400000000         1.1500000000         3.9895481928
        1.7450000000         1.1500000000         3.9360293903
        1.7500000000         1.1500000000         3.8837848451
        1.7550000000         1.1500000000         3.8391858430
        1.7600000000         1.1500000000         3.7894898121
        1.7650000000         1.1500000000         3.7385195240
        1.7700000000         1.1500000000         3.6913720075
        1.7750000000         1.1500000000         3.6391274623
        1.7800000000         1.1500000000         3.5907056886
        1.7850000000         1.1500000000         3.5435581721
        1.7900000000         1.1500000000         3.4874908552
        1.7950000000         1.1500000000         3.4377948243
        1.8000000000         1.1500000000         3.3919215650
        1.8050000000         1.1500000000         3.3422255342
        1.8100000000         1.1500000000         3.2874324745
        1.8150000000         1.1500000000         3.2428334724
        1.8200000000         1.1500000000         3.1931374415
        1.8250000000         1.1500000000         3.1421671534
        1.8300000000         1.1500000000         3.0924711226
        1.8350000000         1.1500000000         3.0453236061
        1.8400000000         1.1500000000         2.9803364888
        1.8450000000         1.1500000000         2.9408345155
        1.8500000000         1.1500000000         2.8911384846
        1.8550000000         1.1500000000         2.8414424537
        1.8600000000         1.1500000000         2.7917464229
        1.8650000000         1.1500000000         2.7509701924
        1.8700000000         1.1500000000         2.6999999043
        1.8750000000         1.1500000000         2.6439325874
        1.8800000000         1.1500000000         2.6006078425
        1.8850000000         1.1500000000         2.5458147829
        1.8900000000         1.1500000000         2.5012157808
        1.8950000000         1.1500000000         2.4489712355
        1.9000000000         1.1500000000         2.4018237190
        1.9050000000         1.1500000000         2.3534019453
        1.9100000000         1.1500000000         2.3037059145
        1.9150000000         1.1500000000         2.2565583980
        1.9200000000         1.1500000000         2.2170564247
        1.9250000000         1.1500000000         2.1597148506
        1.9300000000         1.1500000000         2.1138415913
        1.9350000000         1.1500000000         2.0590485316
        1.9400000000         1.1500000000         2.0169980440
        1.9450000000         1.1500000000         1.9685762703
        1.9500000000         1.1500000000         1.9188802394
        1.9550000000         1.1500000000         1.8679099513
        1.9600000000         1.1500000000         1.8284079781
        1.9650000000         1.1500000000         1.7748891756
        1.9700000000         1.1500000000         1.7290159163
        1.9750000000         1.1500000000         1.6831426570
        1.9800000000         1.1500000000         1.6308981117
        1.9850000000         1.1500000000         1.5901218813
        1.9900000000         1.1500000000         1.5391515932
        1.9950000000         1.1500000000         1.4920040767
        2.0000000000         1.1500000000         1.4474050746
        2.0050000000         1.1500000000         1.3977090438
        2.0100000000         1.1500000000         1.3531100417
        2.0150000000         1.1500000000         1.2983169820
        2.0200000000         1.1500000000         1.2537179799
        2.0250000000         1.1500000000         1.2065704634
        2.0300000000         1.1500000000         1.1543259182
        2.0350000000         1.1500000000         1.1160982021
        2.0400000000         1.1500000000         1.0613051424
        2.0450000000         1.1500000000         1.0128833687
        2.0500000000         1.1500000000         0.9708328811
        2.0550000000         1.1500000000         0.9173140786
        2.0600000000         1.1500000000         0.8714408193
        2.0650000000         1.1500000000         0.8230190456
        2.0700000000         1.1500000000         0.7707745003
        2.0750000000         1.1500000000         0.7299982699
        2.0800000000         1.1500000000         0.6739309530
        2.0850000000         1.1500000000         0.6280576937
        2.0900000000         1.1500000000         0.5796359200
        2.0950000000         1.1500000000         0.5324884035
        2.1000000000         1.1500000000         0.4764210866
        2.1050000000         1.1500000000         0.4318220846
        2.1100000000         1.1500000000         0.3795775393
        2.1150000000         1.1500000000         0.3260587368
        2.1200000000         1.1500000000         0.2852825063
        2.1250000000         1.1500000000         0.2292151894
        2.1300000000         1.1500000000         0.1820676730
        2.1350000000         1.1500000000         0.1285488705
        2.1400000000         1.1500000000         0.0852241256
        2.1450000000         1.1500000000         0.0329795803
        2.1500000000         1.1500000000        -0.0001511069
        2.1550000000         1.1500000000        -0.0026996214
        2.1600000000         1.1500000000         0.0011231503
        2.1650000000         1.1500000000         1.0880645436
        2.1700000000         1.1500000000         5.0624727570
        2.1750000000         1.1500000000         5.0662955286
        2.1800000000         1.1500000000         5.0624727570
        2.1850000000         1.1500000000         5.0216965265
        2.1900000000         1.1500000000         4.9681777240
        2.1950000000         1.1500000000         4.9172074360
        2.2000000000         1.1500000000         4.8636886335
        2.2050000000         1.1500000000         4.8088955738
        2.2100000000         1.1500000000         4.7617480573
        2.2150000000         1.1500000000         4.7031322260
        2.2200000000         1.1500000000         4.6547104523
        2.2250000000         1.1500000000         4.6011916498
        2.2300000000         1.1500000000         4.5514956190
        2.2350000000         1.1500000000         4.5043481025
        2.2400000000         1.1500000000         4.4482807856
        2.2450000000         1.1500000000         4.3973104975
        2.2500000000         1.1500000000         4.3463402094
        2.2550000000         1.1500000000         4.2902728925
        2.2600000000         1.1500000000         4.2482224049
        2.2650000000         1.1500000000         4.1934293452
        2.2700000000         1.1500000000         4.1424590571
        2.2750000000         1.1500000000         4.0940372834
        2.2800000000         1.1500000000         4.0405184809
        2.2850000000         1.1500000000         3.9920967072
        2.2900000000         1.1500000000         3.9360293903
        2.2950000000         1.1500000000         3.8863333595
        2.3000000000         1.1500000000         3.8353630714
        2.3050000000         1.1500000000         3.7856670405
        2.3100000000         1.1500000000         3.7334224952
        2.3150000000         1.1500000000         3.6862749787
        2.3200000000         1.1500000000         3.6327561762
        2.3250000000         1.1500000000         3.5805116310
        2.3300000000         1.1500000000         3.5295413429
        2.3350000000         1.1500000000         3.4862165980
        2.3400000000         1.1500000000         3.4314235383
        2.3450000000         1.1500000000         3.3791789930
        2.3500000000         1.1500000000         3.3333057337
        2.3550000000         1.1500000000         3.2759641597
        2.3600000000         1.1500000000         3.2275423860
        2.3650000000         1.1500000000         3.1740235835
        2.3700000000         1.1500000000         3.1256018098
        2.3750000000         1.1500000000         3.0746315217
        2.3800000000         1.1500000000         3.0236612336
        2.3850000000         1.1500000000         2.9765137172
        2.3900000000         1.1500000000         2.9229949147
        2.3950000000         1.1500000000         2.8783959126
        2.4000000000         1.1500000000         2.8274256245
        2.4050000000         1.1500000000         2.7726325648
        2.4100000000         1.1500000000         2.7318563344
        2.4150000000         1.1500000000         2.6783375319
        2.4200000000         1.1500000000         2.6248187294
        2.4250000000         1.1500000000         2.5776712129
        2.4300000000         1.1500000000         2.5241524104
        2.4350000000         1.1500000000         2.4757306367
        2.4400000000         1.1500000000         2.4260346059
        2.4450000000         1.1500000000         2.3763385750
        2.4500000000         1.1500000000         2.3330138301
        2.4550000000         1.1500000000         2.2794950276
        2.4600000000         1.1500000000         2.2285247395
        2.4650000000         1.1500000000         2.1801029658
        2.4700000000         1.1500000000         2.1316811922
        2.4750000000         1.1500000000         2.0768881325
        2.4800000000         1.1500000000         2.0373861592
        2.4850000000         1.1500000000         1.9851416139
        2.4900000000         1.1500000000         1.9354455830
        2.4950000000         1.1500000000         1.8832010378
        2.5000000000         1.1500000000         1.8398762929
        2.5050000000         1.1500000000         1.7850832332
        2.5100000000         1.1500000000         1.7404842311
        2.5150000000         1.1500000000         1.6907882002
        2.5200000000         1.1500000000         1.6398179122
        2.5250000000         1.1500000000         1.5977674245
        2.5300000000         1.1500000000         1.5467971364
        2.5350000000         1.1500000000         1.5009238771
        2.5400000000         1.1500000000         1.4499535890
        2.5450000000         1.1500000000         1.4028060726
        2.5500000000         1.1500000000         1.3556585561
        2.5550000000         1.1500000000         1.3008654964
        2.5600000000         1.1500000000         1.2562664943
        2.5650000000         1.1500000000         1.2078447206
        2.5700000000         1.1500000000         1.1543259182
        2.5750000000         1.1500000000         1.1135496877
        2.5800000000         1.1500000000         1.0651279140
        2.5850000000         1.1500000000         1.0077863399
        2.5900000000         1.1500000000         0.9657358522
        2.5950000000         1.1500000000         0.9134913070
        2.6000000000         1.1500000000         0.8650695333
        2.6050000000         1.1500000000         0.8179220168
        2.6100000000         1.1500000000         0.7656774715
        2.6150000000         1.1500000000         0.7134329262
        2.6200000000         1.1500000000         0.6637368953
        2.6250000000         1.1500000000         0.6153151217
        2.6300000000         1.1500000000         0.5643448336
        2.6350000000         1.1500000000         0.5121002883
        2.6400000000         1.1500000000         0.4662270290
        2.6450000000         1.1500000000         0.4190795125
        2.6500000000         1.1500000000         0.3681092245
        2.6550000000         1.1500000000         0.3209617080
        2.6600000000         1.1500000000         0.2636201339
        2.6650000000         1.1500000000         0.2190211318
        2.6700000000         1.1500000000         0.1591310433
        2.6750000000         1.1500000000         0.1158062984
        2.6800000000         1.1500000000         0.0635617532
        2.6850000000         1.1500000000         0.0164142367
        2.6900000000         1.1500000000        -0.0026996214
        2.6950000000         1.1500000000        -0.0001511069
        2.7000000000         1.1500000000        -0.0014253642
        2.7050000000         1.1500000000         1.0918873153
        2.7100000000         1.1500000000         5.0675697858
        2.7150000000         1.1500000000         5.0688440430
        2.7200000000         1.1500000000         5.0471816706
        2.7250000000         1.1500000000         4.9936628681
        2.7300000000         1.1500000000         4.9363212940
        2.7350000000         1.1500000000         4.8904480347
        2.7400000000         1.1500000000         4.8382034894
        2.7450000000         1.1500000000         4.7795876581
        2.7500000000         1.1500000000         4.7324401417
        2.7550000000         1.1500000000         4.6738243104
        2.7600000000         1.1500000000         4.6279510511
        2.7650000000         1.1500000000         4.5706094770
        2.7700000000         1.1500000000         4.5209134461
        2.7750000000         1.1500000000         4.4686689008
        2.7800000000         1.1500000000         4.4176986127
        2.7850000000         1.1500000000         4.3654540675
        2.7900000000         1.1500000000         4.3106610078
        2.7950000000         1.1500000000         4.2673362629
        2.8000000000         1.1500000000         4.2112689460
        2.8050000000         1.1500000000         4.1615729151
        2.8100000000         1.1500000000         4.1118768842
        2.8150000000         1.1500000000         4.0583580817
        2.8200000000         1.1500000000         4.0112105653
        2.8250000000         1.1500000000         3.9576917628
        2.8300000000         1.1500000000         3.9067214747
        2.8350000000         1.1500000000         3.8544769294
        2.8400000000         1.1500000000         3.8060551557
        2.8450000000         1.1500000000         3.7525363532
        2.8500000000         1.1500000000         3.7066630940
        2.8550000000         1.1500000000         3.6518700343
        2.8600000000         1.1500000000         3.6021740034
        2.8650000000         1.1500000000         3.5486552009
        2.8700000000         1.1500000000         3.5027819416
        2.8750000000         1.1500000000         3.4492631391
        2.8800000000         1.1500000000         3.4033898799
        2.8850000000         1.1500000000         3.3485968202
        2.8900000000         1.1500000000         3.2989007893
        2.8950000000         1.1500000000         3.2504790156
        2.9000000000         1.1500000000         3.1982344703
        2.9050000000         1.1500000000         3.1485384394
        2.9100000000         1.1500000000         3.0950196370
        2.9150000000         1.1500000000         3.0465978633
        2.9200000000         1.1500000000         2.9969018324
        2.9250000000         1.1500000000         2.9459315443
        2.9300000000         1.1500000000         2.8962355134
        2.9350000000         1.1500000000         2.8452652253
        2.9400000000         1.1500000000         2.7917464229
        2.9450000000         1.1500000000         2.7445989064
        2.9500000000         1.1500000000         2.6859830751
        2.9550000000         1.1500000000         2.6426583302
        2.9600000000         1.1500000000         2.5929622993
        2.9650000000         1.1500000000         2.5407177540
        2.9700000000         1.1500000000         2.4922959804
        2.9750000000         1.1500000000         2.4400514351
        2.9800000000         1.1500000000         2.3929039186
        2.9850000000         1.1500000000         2.3457564021
        2.9900000000         1.1500000000         2.2884148280
        2.9950000000         1.1500000000         2.2438158260
        3.0000000000         1.1500000000         2.1890227663
        3.0050000000         1.1500000000         2.1456980214
        3.0100000000         1.1500000000         2.0921792189
        3.0150000000         1.1500000000         2.0450317024
        3.0200000000         1.1500000000         1.9966099287
        3.0250000000         1.1500000000         1.9430911263
        3.0300000000         1.1500000000         1.9010406386
        3.0350000000         1.1500000000         1.8475218361
        3.0400000000         1.1500000000         1.8041970912
        3.0450000000         1.1500000000         1.7494040315
        3.0500000000         1.1500000000         1.7035307723
        3.0550000000         1.1500000000         1.6563832558
        3.0600000000         1.1500000000         1.6041387105
        3.0650000000         1.1500000000         1.5608139656
        3.0700000000         1.1500000000         1.5136664491
        3.0750000000         1.1500000000         1.4652446755
        3.0800000000         1.1500000000         1.4168229018
        3.0850000000         1.1500000000         1.3633040993
        3.0900000000         1.1500000000         1.3225278688
        3.0950000000         1.1500000000         1.2677348091
        3.1000000000         1.1500000000         1.2218615499
        3.1050000000         1.1500000000         1.1670684902
        3.1100000000         1.1500000000         1.1275665169
        3.1150000000         1.1500000000         1.0753219716
        3.1200000000         1.1500000000         1.0269001979
        3.1250000000         1.1500000000         0.9797526815
        3.1300000000         1.1500000000         0.9249596218
        3.1350000000         1.1500000000         0.8778121053
        3.1400000000         1.1500000000         0.8281160744
        3.1450000000         1.1500000000         0.7835170723
        3.1500000000         1.1500000000         0.7325467843
        3.1550000000         1.1500000000         0.6841250106
        3.1600000000         1.1500000000         0.6280576937
        3.1650000000         1.1500000000         0.5821844344
        3.1700000000         1.1500000000         0.5286656319
        3.1750000000         1.1500000000         0.4840666298
        3.1800000000         1.1500000000         0.4343705990
        3.1850000000         1.1500000000         0.3834003109
        3.1900000000         1.1500000000         0.3298815084
        3.1950000000         1.1500000000         0.2814597347
        3.2000000000         1.1500000000         0.2355864754
        3.2050000000         1.1500000000         0.1807934157
        3.2100000000         1.1500000000         0.1310973849
        3.2150000000         1.1500000000         0.0826756112
        3.2200000000         1.1500000000         0.0304310659
        3.2250000000         1.1500000000         0.0049459219
        3.2300000000         1.1500000000        -0.0026996214
        3.2350000000         1.1500000000        -0.0001511069
        3.2400000000         1.1500000000         1.1364863173
        3.2450000000         1.1500000000         5.0624727570
        3.2500000000         1.1500000000         5.0662955286
        3.2550000000         1.1500000000         5.0599242426
        3.2600000000         1.1500000000         5.0076796973
        3.2650000000         1.1500000000         4.9579836664
        3.2700000000         1.1500000000         4.9019163495
        3.2750000000         1.1500000000         4.8547688331
        3.2800000000         1.1500000000         4.7987015162
        3.2850000000         1.1500000000         4.7477312281
        3.2900000000         1.1500000000         4.6993094544
        3.2950000000         1.1500000000         4.6432421375
        3.3000000000         1.1500000000         4.5948203638
        3.3050000000         1.1500000000         4.5413015613
        3.3100000000         1.1500000000         4.4941540449
        3.3150000000         1.1500000000         4.4380867280
        3.3200000000         1.1500000000         4.3922134687
        3.3250000000         1.1500000000         4.3399689234
        3.3300000000         1.1500000000         4.2915471497
        3.3350000000         1.1500000000         4.2418511188
        3.3400000000         1.1500000000         4.1921550880
        3.3450000000         1.1500000000         4.1386362855
        3.3500000000         1.1500000000         4.0940372834
        3.3550000000         1.1500000000         4.0392442237
        3.3600000000         1.1500000000         3.9908224500
        3.3650000000         1.1500000000         3.9398521620
        3.3700000000         1.1500000000         3.8901561311
        3.3750000000         1.1500000000         3.8391858430
        3.3800000000         1.1500000000         3.7907640693
        3.3850000000         1.1500000000         3.7397937812
        3.3900000000         1.1500000000         3.6951947791
        3.3950000000         1.1500000000         3.6429502339
        3.4000000000         1.1500000000         3.5919799458
        3.4050000000         1.1500000000         3.5435581721
        3.4100000000         1.1500000000         3.4913136268
        3.4150000000         1.1500000000         3.4441661103
        3.4200000000         1.1500000000         3.3919215650
        3.4250000000         1.1500000000         3.3447740486
        3.4300000000         1.1500000000         3.2887067317
        3.4350000000         1.1500000000         3.2402849580
        3.4400000000         1.1500000000         3.1918631843
        3.4450000000         1.1500000000         3.1383443818
        3.4500000000         1.1500000000         3.0924711226
        3.4550000000         1.1500000000         3.0415008345
        3.4600000000         1.1500000000         2.9892562892
        3.4650000000         1.1500000000         2.9395602583
        3.4700000000         1.1500000000         2.8885899702
        3.4750000000         1.1500000000         2.8414424537
        3.4800000000         1.1500000000         2.7917464229
        3.4850000000         1.1500000000         2.7407761348
        3.4900000000         1.1500000000         2.6936286183
        3.4950000000         1.1500000000         2.6413840730
        3.5000000000         1.1500000000         2.5865910133
        3.5050000000         1.1500000000         2.5432662684
        3.5100000000         1.1500000000         2.4884732088
        3.5150000000         1.1500000000         2.4438742067
        3.5200000000         1.1500000000         2.3992752046
        3.5250000000         1.1500000000         2.3419336305
        3.5300000000         1.1500000000         2.2960603712
        3.5350000000         1.1500000000         2.2425415688
        3.5400000000         1.1500000000         2.1928455379
        3.5450000000         1.1500000000         2.1469722786
        3.5500000000         1.1500000000         2.0934534761
        3.5550000000         1.1500000000         2.0501287312
        3.5600000000         1.1500000000         2.0004327004
        3.5650000000         1.1500000000         1.9494624123
        3.5700000000         1.1500000000         1.9035891530
        3.5750000000         1.1500000000         1.8500703505
        3.5800000000         1.1500000000         1.8054713484
        3.5850000000         1.1500000000         1.7557753175
        3.5900000000         1.1500000000         1.7060792867
        3.5950000000         1.1500000000         1.6627545418
        3.6000000000         1.1500000000         1.6143327681
        3.6050000000         1.1500000000         1.5684595088
        3.6100000000         1.1500000000         1.5200377352
        3.6150000000         1.1500000000         1.4703417043
        3.6200000000         1.1500000000         1.4219199306
        3.6250000000         1.1500000000         1.3734981569
        3.6300000000         1.1500000000         1.3225278688
        3.6350000000         1.1500000000         1.2728318380
        3.6400000000         1.1500000000         1.2282328359
        3.6450000000         1.1500000000         1.1798110622
        3.6500000000         1.1500000000         1.1339378029
        3.6550000000         1.1500000000         1.0829675148
        3.6600000000         1.1500000000         1.0383685128
        3.6650000000         1.1500000000         0.9886724819
        3.6700000000         1.1500000000         0.9377021938
        3.6750000000         1.1500000000         0.8880061629
        3.6800000000         1.1500000000         0.8370358748
        3.6850000000         1.1500000000         0.7886141012
        3.6900000000         1.1500000000         0.7414665847
        3.6950000000         1.1500000000         0.6917705538
        3.7000000000         1.1500000000         0.6446230373
        3.7050000000         1.1500000000         0.5962012636
        3.7100000000         1.1500000000         0.5426824611
        3.7150000000         1.1500000000         0.4993577163
        3.7200000000         1.1500000000         0.4483874282
        3.7250000000         1.1500000000         0.3986913973
        3.7300000000         1.1500000000         0.3515438808
        3.7350000000         1.1500000000         0.2980250783
        3.7400000000         1.1500000000         0.2483290475
        3.7450000000         1.1500000000         0.1973587594
        3.7500000000         1.1500000000         0.1565825289
        3.7550000000         1.1500000000         0.1017894692
        3.7600000000         1.1500000000         0.0533676955
        3.7650000000         1.1500000000         0.0087686935
        3.7700000000         1.1500000000        -0.0014253642
        3.7750000000         1.1500000000         0.0023974075
        3.7800000000         1.1500000000         1.0867902864
        3.7850000000         1.1500000000         1.0957100869
        3.7900000000         1.1500000000         5.0599242426
        3.7950000000         1.1500000000         5.0688440430
        3.8000000000         1.1500000000         5.0433588990
        3.8050000000         1.1500000000         4.9974856397
        3.8100000000         1.1500000000         4.9426925800
        3.8150000000         1.1500000000         4.8955450635
        3.8200000000         1.1500000000         4.8407520038
        3.8250000000         1.1500000000         4.7910559730
        3.8300000000         1.1500000000         4.7426341993
        3.8350000000         1.1500000000         4.6929381684
        3.8400000000         1.1500000000         4.6381451087
        3.8450000000         1.1500000000         4.5859005634
        3.8500000000         1.1500000000         4.5387530469
        3.8550000000         1.1500000000         4.4852342444
        3.8600000000         1.1500000000         4.4342639564
        3.8650000000         1.1500000000         4.3909392115
        3.8700000000         1.1500000000         4.3412431806
        3.8750000000         1.1500000000         4.2915471497
        3.8800000000         1.1500000000         4.2431253761
        3.8850000000         1.1500000000         4.1883323164
        3.8900000000         1.1500000000         4.1437333143
        3.8950000000         1.1500000000         4.0940372834
        3.9000000000         1.1500000000         4.0430669953
        3.9050000000         1.1500000000         3.9984679932
        3.9100000000         1.1500000000         3.9449491908
        3.9150000000         1.1500000000         3.8978016743
        3.9200000000         1.1500000000         3.8493799006
        3.9250000000         1.1500000000         3.7996838697
        3.9300000000         1.1500000000         3.7512620960
        3.9350000000         1.1500000000         3.7028403224
        3.9400000000         1.1500000000         3.6505957771
        3.9450000000         1.1500000000         3.6072710322
        3.9500000000         1.1500000000         3.5550264869
        3.9550000000         1.1500000000         3.5040561988
        3.9600000000         1.1500000000         3.4556344252
        3.9650000000         1.1500000000         3.4046641371
        3.9700000000         1.1500000000         3.3562423634
        3.9750000000         1.1500000000         3.2989007893
        3.9800000000         1.1500000000         3.2581245588
        3.9850000000         1.1500000000         3.1995087275
        3.9900000000         1.1500000000         3.1536354683
        3.9950000000         1.1500000000         3.1052136946
        4.0000000000         1.1500000000         3.0555176637
        4.0050000000         1.1500000000         3.0032731184
        4.0100000000         1.1500000000         2.9497543159
        4.0150000000         1.1500000000         2.9089780854
        4.0200000000         1.1500000000         2.8567335402
        4.0250000000         1.1500000000         2.8044889949
        4.0300000000         1.1500000000         2.7547929640
        4.0350000000         1.1500000000         2.7050969331
        4.0400000000         1.1500000000         2.6579494166
        4.0450000000         1.1500000000         2.6069791286
        4.0500000000         1.1500000000         2.5598316121
        4.0550000000         1.1500000000         2.5088613240
        4.0600000000         1.1500000000         2.4617138075
        4.0650000000         1.1500000000         2.4120177766
        4.0700000000         1.1500000000         2.3584989741
        4.0750000000         1.1500000000         2.3126257149
        4.0800000000         1.1500000000         2.2642039412
        4.0850000000         1.1500000000         2.2145079103
        4.0900000000         1.1500000000         2.1648118794
        4.0950000000         1.1500000000         2.1151158485
        4.1000000000         1.1500000000         2.0641455605
        4.1050000000         1.1500000000         2.0169980440
        4.1100000000         1.1500000000         1.9711247847
        4.1150000000         1.1500000000         1.9176059822
        4.1200000000         1.1500000000         1.8679099513
        4.1250000000         1.1500000000         1.8233109493
        4.1300000000         1.1500000000         1.7723406612
        4.1350000000         1.1500000000         1.7277416591
        4.1400000000         1.1500000000         1.6805941426
        4.1450000000         1.1500000000         1.6321723689
        4.1500000000         1.1500000000         1.5837505953
        4.1550000000         1.1500000000         1.5404258504
        4.1600000000         1.1500000000         1.4843585335
        4.1650000000         1.1500000000         1.4410337886
        4.1700000000         1.1500000000         1.3926120149
        4.1750000000         1.1500000000         1.3441902413
        4.1800000000         1.1500000000         1.2919456960
        4.1850000000         1.1500000000         1.2486209511
        4.1900000000         1.1500000000         1.2027476918
        4.1950000000         1.1500000000         1.1543259182
        4.2000000000         1.1500000000         1.1033556301
        4.2050000000         1.1500000000         1.0536595992
        4.2100000000         1.1500000000         1.0065120827
        4.2150000000         1.1500000000         0.9529932802
        4.2200000000         1.1500000000         0.9083942781
        4.2250000000         1.1500000000         0.8612467617
        4.2300000000         1.1500000000         0.8128249880
        4.2350000000         1.1500000000         0.7656774715
        4.2400000000         1.1500000000         0.7121586690
        4.2450000000         1.1500000000         0.6662854098
        4.2500000000         1.1500000000         0.6153151217
        4.2550000000         1.1500000000         0.5643448336
        4.2600000000         1.1500000000         0.5197458315
        4.2650000000         1.1500000000         0.4687755434
        4.2700000000         1.1500000000         0.4203537697
        4.2750000000         1.1500000000         0.3744805105
        4.2800000000         1.1500000000         0.3209617080
        4.2850000000         1.1500000000         0.2738141915
        4.2900000000         1.1500000000         0.2215696462
        4.2950000000         1.1500000000         0.1769706441
        4.3000000000         1.1500000000         0.1260003561
        4.3050000000         1.1500000000         0.0763043252
        4.3100000000         1.1500000000         0.0240597799
        4.3150000000         1.1500000000         0.0023974075
        4.3200000000         1.1500000000        -0.0001511069
        4.3250000000         1.1500000000         0.0011231503
        4.3300000000         1.1500000000         1.0969843441
        4.3350000000         1.1500000000         5.0662955286
        4.3400000000         1.1500000000         5.0637470142
        4.3450000000         1.1500000000         5.0611984998
        4.3500000000         1.1500000000         5.0102282117
        4.3550000000         1.1500000000         4.9643549524
        4.3600000000         1.1500000000         4.9070133783
        4.3650000000         1.1500000000         4.8611401191
        4.3700000000         1.1500000000         4.8063470594
        4.3750000000         1.1500000000         4.7579252857
        4.3800000000         1.1500000000         4.7031322260
        4.3850000000         1.1500000000         4.6585332239
        4.3900000000         1.1500000000         4.5986431354
        4.3950000000         1.1500000000         4.5540441334
        4.4000000000         1.1500000000         4.5005253309
        4.4050000000         1.1500000000         4.4521035572
        4.4100000000         1.1500000000         4.4049560407
        4.4150000000         1.1500000000         4.3527114954
        4.4200000000         1.1500000000         4.3042897218
        4.4250000000         1.1500000000         4.2507709193
        4.4300000000         1.1500000000         4.1998006312
        4.4350000000         1.1500000000         4.1539273719
        4.4400000000         1.1500000000         4.1004085694
        4.4450000000         1.1500000000         4.0558095673
        4.4500000000         1.1500000000         4.0035650221
        4.4550000000         1.1500000000         3.9525947340
        4.4600000000         1.1500000000         3.9041729603
        4.4650000000         1.1500000000         3.8519284150
        4.4700000000         1.1500000000         3.8022323841
        4.4750000000         1.1500000000         3.7512620960
        4.4800000000         1.1500000000         3.7155828944
        4.4850000000         1.1500000000         3.6531442915
        4.4900000000         1.1500000000         3.6034482606
        4.4950000000         1.1500000000         3.5626720301
        4.5000000000         1.1500000000         3.4989591700
        4.5050000000         1.1500000000         3.4530859107
        4.5100000000         1.1500000000         3.4008413655
        4.5150000000         1.1500000000         3.3434997914
        4.5200000000         1.1500000000         3.2963522749
        4.5250000000         1.1500000000         3.2453819868
        4.5300000000         1.1500000000         3.2007829847
        4.5350000000         1.1500000000         3.1459899250
        4.5400000000         1.1500000000         3.0975681514
        4.5450000000         1.1500000000         3.0415008345
        4.5500000000         1.1500000000         2.9943533180
        4.5550000000         1.1500000000         2.9421087727
        4.5600000000         1.1500000000         2.8962355134
        4.5650000000         1.1500000000         2.8414424537
        4.5700000000         1.1500000000         2.7968434517
        4.5750000000         1.1500000000         2.7471474208
        4.5800000000         1.1500000000         2.6923543611
        4.5850000000         1.1500000000         2.6401098158
        4.5900000000         1.1500000000         2.5929622993
        4.5950000000         1.1500000000         2.5407177540
        4.6000000000         1.1500000000         2.4935702376
        4.6050000000         1.1500000000         2.4502454927
        4.6100000000         1.1500000000         2.3954524330
        4.6150000000         1.1500000000         2.3419336305
        4.6200000000         1.1500000000         2.2986088856
        4.6250000000         1.1500000000         2.2450900832
        4.6300000000         1.1500000000         2.1953940523
        4.6350000000         1.1500000000         2.1469722786
        4.6400000000         1.1500000000         2.0934534761
        4.6450000000         1.1500000000         2.0565000172
        4.6500000000         1.1500000000         1.9966099287
        4.6550000000         1.1500000000         1.9494624123
        4.6600000000         1.1500000000         1.9010406386
        4.6650000000         1.1500000000         1.8551673793
        4.6700000000         1.1500000000         1.8016485768
        4.6750000000         1.1500000000         1.7570495747
        4.6800000000         1.1500000000         1.7048050295
        4.6850000000         1.1500000000         1.6614802846
        4.6900000000         1.1500000000         1.6066872249
        4.6950000000         1.1500000000         1.5620882228
        4.7000000000         1.1500000000         1.5174892208
        4.7050000000         1.1500000000         1.4601476467
        4.7100000000         1.1500000000         1.4219199306
        4.7150000000         1.1500000000         1.3696753853
        4.7200000000         1.1500000000         1.3250763832
        4.7250000000         1.1500000000         1.2702833235
        4.7300000000         1.1500000000         1.2193130355
        4.7350000000         1.1500000000         1.1734397762
        4.7400000000         1.1500000000         1.1224694881
        4.7450000000         1.1500000000         1.0765962288
        4.7500000000         1.1500000000         1.0269001979
        4.7550000000         1.1500000000         0.9759299099
        4.7600000000         1.1500000000         0.9326051650
        4.7650000000         1.1500000000         0.8829091341
        4.7700000000         1.1500000000         0.8344873604
        4.7750000000         1.1500000000         0.7835170723
        4.7800000000         1.1500000000         0.7312725271
        4.7850000000         1.1500000000         0.6866735250
        4.7900000000         1.1500000000         0.6331547225
        4.7950000000         1.1500000000         0.5872814632
        4.8000000000         1.1500000000         0.5299398891
        4.8050000000         1.1500000000         0.4840666298
        4.8100000000         1.1500000000         0.4343705990
        4.8150000000         1.1500000000         0.3821260537
        4.8200000000         1.1500000000         0.3324300228
        4.8250000000         1.1500000000         0.2789112203
        4.8300000000         1.1500000000         0.2343122182
        4.8350000000         1.1500000000         0.1820676730
        4.8400000000         1.1500000000         0.1285488705
        4.8450000000         1.1500000000         0.0801270968
        4.8500000000         1.1500000000         0.0278825515
        4.8550000000         1.1500000000        -0.0014253642
        4.8600000000         1.1500000000        -0.0014253642
        4.8650000000         1.1500000000         0.0011231503
        4.8700000000         1.1500000000         1.0931615725
        4.8750000000         1.1500000000         5.0688440430
        4.8800000000         1.1500000000         5.0624727570
        4.8850000000         1.1500000000         5.0561014710
        4.8900000000         1.1500000000         5.0051311829
        4.8950000000         1.1500000000         4.9579836664
        4.9000000000         1.1500000000         4.9006420923
        4.9050000000         1.1500000000         4.8496718043
        4.9100000000         1.1500000000         4.7961530018
        4.9150000000         1.1500000000         4.7477312281
        4.9200000000         1.1500000000         4.6903896540
        4.9250000000         1.1500000000         4.6394193659
        4.9300000000         1.1500000000         4.5833520490
        4.9350000000         1.1500000000         4.5336560181
        4.9400000000         1.1500000000         4.4826857300
        4.9450000000         1.1500000000         4.4291669276
        4.9500000000         1.1500000000         4.3807451539
        4.9550000000         1.1500000000         4.3323233802
        4.9600000000         1.1500000000         4.2775303205
        4.9650000000         1.1500000000         4.2342055756
        4.9700000000         1.1500000000         4.1832352876
        4.9750000000         1.1500000000         4.1348135139
        4.9800000000         1.1500000000         4.0851174830
        4.9850000000         1.1500000000         4.0341471949
        4.9900000000         1.1500000000         3.9857254212
        4.9950000000         1.1500000000         3.9322066187
        5.0000000000         1.1500000000         3.8876076167
        5.0050000000         1.1500000000         3.8340888142
        5.0100000000         1.1500000000         3.7869412977
        5.0150000000         1.1500000000         3.7372452668
        5.0200000000         1.1500000000         3.6900977503
        5.0250000000         1.1500000000         3.6404017195
        5.0300000000         1.1500000000         3.5856086598
        5.0350000000         1.1500000000         3.5435581721
        5.0400000000         1.1500000000         3.4900393696
        5.0450000000         1.1500000000         3.4416175959
        5.0500000000         1.1500000000         3.3931958222
        5.0550000000         1.1500000000         3.3371285054
        5.0600000000         1.1500000000         3.2963522749
        5.0650000000         1.1500000000         3.2390107008
        5.0700000000         1.1500000000         3.1931374415
        5.0750000000         1.1500000000         3.1434414106
        5.0800000000         1.1500000000         3.0860998365
        5.0850000000         1.1500000000         3.0389523201
        5.0900000000         1.1500000000         2.9854335176
        5.0950000000         1.1500000000         2.9382860011
        5.1000000000         1.1500000000         2.8911384846
        5.1050000000         1.1500000000         2.8376196821
        5.1100000000         1.1500000000         2.7942949373
        5.1150000000         1.1500000000         2.7420503920
        5.1200000000         1.1500000000         2.6872573323
        5.1250000000         1.1500000000         2.6413840730
        5.1300000000         1.1500000000         2.5904137849
        5.1350000000         1.1500000000         2.5470890401
        5.1400000000         1.1500000000         2.4897474660
        5.1450000000         1.1500000000         2.4464227211
        5.1500000000         1.1500000000         2.3967266902
        5.1550000000         1.1500000000         2.3457564021
        5.1600000000         1.1500000000         2.2960603712
        5.1650000000         1.1500000000         2.2463643404
        5.1700000000         1.1500000000         2.2030395955
        5.1750000000         1.1500000000         2.1495207930
        5.1800000000         1.1500000000         2.1010990193
        5.1850000000         1.1500000000         2.0565000172
        5.1900000000         1.1500000000         2.0004327004
        5.1950000000         1.1500000000         1.9545594411
        5.2000000000         1.1500000000         1.9035891530
        5.2050000000         1.1500000000         1.8602644081
        5.2100000000         1.1500000000         1.8105683772
        5.2150000000         1.1500000000         1.7646951180
        5.2200000000         1.1500000000         1.7099020583
        5.2250000000         1.1500000000         1.6653030562
        5.2300000000         1.1500000000         1.6181555397
        5.2350000000         1.1500000000         1.5659109944
        5.2400000000         1.1500000000         1.5238605068
        5.2450000000         1.1500000000         1.4690674471
        5.2500000000         1.1500000000         1.4282912166
        5.2550000000         1.1500000000         1.3734981569
        5.2600000000         1.1500000000         1.3314476692
        5.2650000000         1.1500000000         1.2792031240
        5.2700000000         1.1500000000         1.2333298647
        5.2750000000         1.1500000000         1.1823595766
        5.2800000000         1.1500000000         1.1352120601
        5.2850000000         1.1500000000         1.0855160292
        5.2900000000         1.1500000000         1.0396427700
        5.2950000000         1.1500000000         0.9886724819
        5.3000000000         1.1500000000         0.9427992226
        5.3050000000         1.1500000000         0.8918289345
        5.3100000000         1.1500000000         0.8472299324
        5.3150000000         1.1500000000         0.7937111300
        5.3200000000         1.1500000000         0.7427408419
        5.3250000000         1.1500000000         0.6994160970
        5.3300000000         1.1500000000         0.6446230373
        5.3350000000         1.1500000000         0.5974755208
        5.3400000000         1.1500000000         0.5426824611
        5.3450000000         1.1500000000         0.5006319735
        5.3500000000         1.1500000000         0.4496616854
        5.3550000000         1.1500000000         0.3961428829
        5.3600000000         1.1500000000         0.3502696236
        5.3650000000         1.1500000000         0.2980250783
        5.3700000000         1.1500000000         0.2508775619
        5.3750000000         1.1500000000         0.1935359878
        5.3800000000         1.1500000000         0.1476627285
        5.3850000000         1.1500000000         0.0966924404
        5.3900000000         1.1500000000         0.0469964095
        5.3950000000         1.1500000000         0.0049459219
        5.4000000000         1.1500000000        -0.0001511069
        5.4050000000         1.1500000000         0.0049459219
        5.4100000000         1.1500000000         1.0829675148
        5.4150000000         1.1500000000         1.0944358297
        5.4200000000         1.1500000000         5.0662955286
        5.4250000000         1.1500000000         5.0637470142
        5.4300000000         1.1500000000         5.0306163269
        5.4350000000         1.1500000000         4.9821945533
        5.4400000000         1.1500000000         4.9324985224
        5.4450000000         1.1500000000         4.8777054627
        5.4500000000         1.1500000000         4.8292836890
        5.4550000000         1.1500000000         4.7719421149
        5.4600000000         1.1500000000         4.7298916273
        5.4650000000         1.1500000000         4.6738243104
        5.4700000000         1.1500000000         4.6241282795
        5.4750000000         1.1500000000         4.5731579914
        5.4800000000         1.1500000000         4.5196391889
        5.4850000000         1.1500000000         4.4775887012
        5.4900000000         1.1500000000         4.4240698987
        5.4950000000         1.1500000000         4.3743738679
        5.5000000000         1.1500000000         4.3246778370
        5.5050000000         1.1500000000         4.2800788349
        5.5100000000         1.1500000000         4.2227372608
        5.5150000000         1.1500000000         4.1768640015
        5.5200000000         1.1500000000         4.1233451991
        5.5250000000         1.1500000000         4.0761976826
        5.5300000000         1.1500000000         4.0328729377
        5.5350000000         1.1500000000         3.9768056208
        5.5400000000         1.1500000000         3.9322066187
        5.5450000000         1.1500000000         3.8850591023
        5.5500000000         1.1500000000         3.8302660426
        5.5550000000         1.1500000000         3.7843927833
        5.5600000000         1.1500000000         3.7372452668
        5.5650000000         1.1500000000         3.6837264643
        5.5700000000         1.1500000000         3.6378532051
        5.5750000000         1.1500000000         3.5856086598
        5.5800000000         1.1500000000         3.5384611433
        5.5850000000         1.1500000000         3.4874908552
        5.5900000000         1.1500000000         3.4441661103
        5.5950000000         1.1500000000         3.3855502790
        5.6000000000         1.1500000000         3.3422255342
        5.6050000000         1.1500000000         3.2899809889
        5.6100000000         1.1500000000         3.2351879292
        5.6150000000         1.1500000000         3.1918631843
        5.6200000000         1.1500000000         3.1383443818
        5.6250000000         1.1500000000         3.0899226081
        5.6300000000         1.1500000000         3.0402265773
        5.6350000000         1.1500000000         2.9905305464
        5.6400000000         1.1500000000         2.9421087727
        5.6450000000         1.1500000000         2.8898642274
