        0.0000000000         1.2000000000         1.5786535665
        0.0050000000         1.2000000000         1.5761050521
        0.0100000000         1.2000000000         1.5824763381
        0.0150000000         1.2000000000         1.5773793093
        0.0200000000         1.2000000000         1.5710080232
        0.0250000000         1.2000000000         1.5608139656
        0.0300000000         1.2000000000         1.5480713936
        0.0350000000         1.2000000000         1.5327803072
        0.0400000000         1.2000000000         1.5123921919
        0.0450000000         1.2000000000         1.4945525911
        0.0500000000         1.2000000000         1.4792615047
        0.0550000000         1.2000000000         1.4512278462
        0.0600000000         1.2000000000         1.4346625026
        0.0650000000         1.2000000000         1.4117258730
        0.0700000000         1.2000000000         1.3824179573
        0.0750000000         1.2000000000         1.3582070705
        0.0800000000         1.2000000000         1.3327219264
        0.0850000000         1.2000000000         1.3034140108
        0.0900000000         1.2000000000         1.2804773812
        0.0950000000         1.2000000000         1.2486209511
        0.1000000000         1.2000000000         1.2193130355
        0.1050000000         1.2000000000         1.1938278914
        0.1100000000         1.2000000000         1.1568744326
        0.1150000000         1.2000000000         1.1288407741
        0.1200000000         1.2000000000         1.0995328585
        0.1250000000         1.2000000000         1.0702249428
        0.1300000000         1.2000000000         1.0358199984
        0.1350000000         1.2000000000         1.0077863399
        0.1400000000         1.2000000000         0.9721071383
        0.1450000000         1.2000000000         0.9415249654
        0.1500000000         1.2000000000         0.9122170498
        0.1550000000         1.2000000000         0.8714408193
        0.1600000000         1.2000000000         0.8395843892
        0.1650000000         1.2000000000         0.8064537020
        0.1700000000         1.2000000000         0.7682259859
        0.1750000000         1.2000000000         0.7452893563
        0.1800000000         1.2000000000         0.6994160970
        0.1850000000         1.2000000000         0.6662854098
        0.1900000000         1.2000000000         0.6280576937
        0.1950000000         1.2000000000         0.5911042348
        0.2000000000         1.2000000000         0.5528765188
        0.2050000000         1.2000000000         0.5159230599
        0.2100000000         1.2000000000         0.4802438582
        0.2150000000         1.2000000000         0.4407418850
        0.2200000000         1.2000000000         0.4025141689
        0.2250000000         1.2000000000         0.3655607101
        0.2300000000         1.2000000000         0.3247844796
        0.2350000000         1.2000000000         0.2840082491
        0.2400000000         1.2000000000         0.2457805331
        0.2450000000         1.2000000000         0.2062785598
        0.2500000000         1.2000000000         0.1604053005
        0.2550000000         1.2000000000         0.1260003561
        0.2600000000         1.2000000000         0.0852241256
        0.2650000000         1.2000000000         0.0457221523
        0.2700000000         1.2000000000         0.0049459219
        0.2750000000         1.2000000000         0.0023974075
        0.2800000000         1.2000000000        -0.0026996214
        0.2850000000         1.2000000000         0.0049459219
        0.2900000000         1.2000000000         1.0944358297
        0.2950000000         1.2000000000         1.0855160292
        0.3000000000         1.2000000000         5.0650212714
        0.3050000000         1.2000000000         5.0662955286
        0.3100000000         1.2000000000         5.0522786994
        0.3150000000         1.2000000000         5.0153252405
        0.3200000000         1.2000000000         4.9669034668
        0.3250000000         1.2000000000         4.9248529792
        0.3300000000         1.2000000000         4.8815282343
        0.3350000000         1.2000000000         4.8343807178
        0.3400000000         1.2000000000         4.7910559730
        0.3450000000         1.2000000000         4.7528282569
        0.3500000000         1.2000000000         4.7018579688
        0.3550000000         1.2000000000         4.6623559955
        0.3600000000         1.2000000000         4.6164827363
        0.3650000000         1.2000000000         4.5706094770
        0.3700000000         1.2000000000         4.5323817609
        0.3750000000         1.2000000000         4.4865085017
        0.3800000000         1.2000000000         4.4419094996
        0.3850000000         1.2000000000         4.4024075263
        0.3900000000         1.2000000000         4.3514372382
        0.3950000000         1.2000000000         4.3081124934
        0.4000000000         1.2000000000         4.2711590345
        0.4050000000         1.2000000000         4.2252857752
        0.4100000000         1.2000000000         4.1794125159
        0.4150000000         1.2000000000         4.1373620283
        0.4200000000         1.2000000000         4.0902145118
        0.4250000000         1.2000000000         4.0494382813
        0.4300000000         1.2000000000         4.0061135365
        0.4350000000         1.2000000000         3.9640630488
        0.4400000000         1.2000000000         3.9143670179
        0.4450000000         1.2000000000         3.8735907874
        0.4500000000         1.2000000000         3.8289917854
        0.4550000000         1.2000000000         3.7869412977
        0.4600000000         1.2000000000         3.7436165528
        0.4650000000         1.2000000000         3.7015660652
        0.4700000000         1.2000000000         3.6556928059
        0.4750000000         1.2000000000         3.6072710322
        0.4800000000         1.2000000000         3.5715918305
        0.4850000000         1.2000000000         3.5257185713
        0.4900000000         1.2000000000         3.4823938264
        0.4950000000         1.2000000000         3.4326977955
        0.5000000000         1.2000000000         3.3880987934
        0.5050000000         1.2000000000         3.3511453346
        0.5100000000         1.2000000000         3.3039978181
        0.5150000000         1.2000000000         3.2606730732
        0.5200000000         1.2000000000         3.2135255568
        0.5250000000         1.2000000000         3.1740235835
        0.5300000000         1.2000000000         3.1281503242
        0.5350000000         1.2000000000         3.0848255793
        0.5400000000         1.2000000000         3.0415008345
        0.5450000000         1.2000000000         2.9956275752
        0.5500000000         1.2000000000         2.9535770875
        0.5550000000         1.2000000000         2.9089780854
        0.5600000000         1.2000000000         2.8618305690
        0.5650000000         1.2000000000         2.8172315669
        0.5700000000         1.2000000000         2.7790038508
        0.5750000000         1.2000000000         2.7344048488
        0.5800000000         1.2000000000         2.6821603035
        0.5850000000         1.2000000000         2.6375613014
        0.5900000000         1.2000000000         2.5993335853
        0.5950000000         1.2000000000         2.5521860689
        0.6000000000         1.2000000000         2.5024900380
        0.6050000000         1.2000000000         2.4591652931
        0.6100000000         1.2000000000         2.4158405482
        0.6150000000         1.2000000000         2.3725158034
        0.6200000000         1.2000000000         2.3279168013
        0.6250000000         1.2000000000         2.2807692848
        0.6300000000         1.2000000000         2.2361702827
        0.6350000000         1.2000000000         2.1928455379
        0.6400000000         1.2000000000         2.1520693074
        0.6450000000         1.2000000000         2.1023732765
        0.6500000000         1.2000000000         2.0552257600
        0.6550000000         1.2000000000         2.0182723012
        0.6600000000         1.2000000000         1.9736732991
        0.6650000000         1.2000000000         1.9239772682
        0.6700000000         1.2000000000         1.8832010378
        0.6750000000         1.2000000000         1.8386020357
        0.6800000000         1.2000000000         1.7914545192
        0.6850000000         1.2000000000         1.7545010603
        0.6900000000         1.2000000000         1.7073535439
        0.6950000000         1.2000000000         1.6627545418
        0.7000000000         1.2000000000         1.6181555397
        0.7050000000         1.2000000000         1.5850248525
        0.7100000000         1.2000000000         1.5327803072
        0.7150000000         1.2000000000         1.4881813051
        0.7200000000         1.2000000000         1.4550506179
        0.7250000000         1.2000000000         1.4015318154
        0.7300000000         1.2000000000         1.3543842989
        0.7350000000         1.2000000000         1.3110595540
        0.7400000000         1.2000000000         1.2639120375
        0.7450000000         1.2000000000         1.2193130355
        0.7500000000         1.2000000000         1.1785368050
        0.7550000000         1.2000000000         1.1326635457
        0.7600000000         1.2000000000         1.0931615725
        0.7650000000         1.2000000000         1.0485625704
        0.7700000000         1.2000000000         1.0001407967
        0.7750000000         1.2000000000         0.9555417946
        0.7800000000         1.2000000000         0.9096685354
        0.7850000000         1.2000000000         0.8688923049
        0.7900000000         1.2000000000         0.8217447884
        0.7950000000         1.2000000000         0.7809685579
        0.8000000000         1.2000000000         0.7389180703
        0.8050000000         1.2000000000         0.6853992678
        0.8100000000         1.2000000000         0.6408002657
        0.8150000000         1.2000000000         0.6012982924
        0.8200000000         1.2000000000         0.5566992904
        0.8250000000         1.2000000000         0.5133745455
        0.8300000000         1.2000000000         0.4662270290
        0.8350000000         1.2000000000         0.4152567409
        0.8400000000         1.2000000000         0.3719319961
        0.8450000000         1.2000000000         0.3286072512
        0.8500000000         1.2000000000         0.2789112203
        0.8550000000         1.2000000000         0.2304894466
        0.8600000000         1.2000000000         0.1897132162
        0.8650000000         1.2000000000         0.1412914425
        0.8700000000         1.2000000000         0.0966924404
        0.8750000000         1.2000000000         0.0546419527
        0.8800000000         1.2000000000         0.0062201791
        0.8850000000         1.2000000000        -0.0014253642
        0.8900000000         1.2000000000        -0.0014253642
        0.8950000000         1.2000000000         0.0023974075
        0.9000000000         1.2000000000         1.1135496877
        0.9050000000         1.2000000000         5.0650212714
        0.9100000000         1.2000000000         5.0662955286
        0.9150000000         1.2000000000         5.0637470142
        0.9200000000         1.2000000000         5.0229707837
        0.9250000000         1.2000000000         4.9720004957
        0.9300000000         1.2000000000         4.9274014936
        0.9350000000         1.2000000000         4.8777054627
        0.9400000000         1.2000000000         4.8305579462
        0.9450000000         1.2000000000         4.7834104297
        0.9500000000         1.2000000000         4.7388114277
        0.9550000000         1.2000000000         4.6929381684
        0.9600000000         1.2000000000         4.6483391663
        0.9650000000         1.2000000000         4.5948203638
        0.9700000000         1.2000000000         4.5502213618
        0.9750000000         1.2000000000         4.5081708741
        0.9800000000         1.2000000000         4.4610233576
        0.9850000000         1.2000000000         4.4138758411
        0.9900000000         1.2000000000         4.3680025819
        0.9950000000         1.2000000000         4.3259520942
        1.0000000000         1.2000000000         4.2788045777
        1.0050000000         1.2000000000         4.2265600324
        1.0100000000         1.2000000000         4.1845095448
        1.0150000000         1.2000000000         4.1411847999
        1.0200000000         1.2000000000         4.0978600550
        1.0250000000         1.2000000000         4.0443412525
        1.0300000000         1.2000000000         4.0073877937
        1.0350000000         1.2000000000         3.9589660200
        1.0400000000         1.2000000000         3.9130927607
        1.0450000000         1.2000000000         3.8697680158
        1.0500000000         1.2000000000         3.8238947566
        1.0550000000         1.2000000000         3.7767472401
        1.0600000000         1.2000000000         3.7346967524
        1.0650000000         1.2000000000         3.6888234931
        1.0700000000         1.2000000000         3.6454987483
        1.0750000000         1.2000000000         3.5958027174
        1.0800000000         1.2000000000         3.5524779725
        1.0850000000         1.2000000000         3.5155245137
        1.0900000000         1.2000000000         3.4658284828
        1.0950000000         1.2000000000         3.4212294807
        1.1000000000         1.2000000000         3.3715334498
        1.1050000000         1.2000000000         3.3282087049
        1.1100000000         1.2000000000         3.2848839601
        1.1150000000         1.2000000000         3.2351879292
        1.1200000000         1.2000000000         3.1969602131
        1.1250000000         1.2000000000         3.1523612111
        1.1300000000         1.2000000000         3.1077622090
        1.1350000000         1.2000000000         3.0567919209
        1.1400000000         1.2000000000         3.0109186616
        1.1450000000         1.2000000000         2.9714166884
        1.1500000000         1.2000000000         2.9255434291
        1.1550000000         1.2000000000         2.8783959126
        1.1600000000         1.2000000000         2.8350711677
        1.1650000000         1.2000000000         2.7853751368
        1.1700000000         1.2000000000         2.7395018776
        1.1750000000         1.2000000000         2.6974513899
        1.1800000000         1.2000000000         2.6464811018
        1.1850000000         1.2000000000         2.6057048713
        1.1900000000         1.2000000000         2.5598316121
        1.1950000000         1.2000000000         2.5126840956
        1.2000000000         1.2000000000         2.4693593507
        1.2050000000         1.2000000000         2.4183890626
        1.2100000000         1.2000000000         2.3801613466
        1.2150000000         1.2000000000         2.3330138301
        1.2200000000         1.2000000000         2.2858663136
        1.2250000000         1.2000000000         2.2450900832
        1.2300000000         1.2000000000         2.1928455379
        1.2350000000         1.2000000000         2.1469722786
        1.2400000000         1.2000000000         2.1074703053
        1.2450000000         1.2000000000         2.0565000172
        1.2500000000         1.2000000000         2.0182723012
        1.2550000000         1.2000000000         1.9711247847
        1.2600000000         1.2000000000         1.9265257826
        1.2650000000         1.2000000000         1.8806525234
        1.2700000000         1.2000000000         1.8322307497
        1.2750000000         1.2000000000         1.7876317476
        1.2800000000         1.2000000000         1.7468555171
        1.2850000000         1.2000000000         1.7009822579
        1.2900000000         1.2000000000         1.6512862270
        1.2950000000         1.2000000000         1.6092357393
        1.3000000000         1.2000000000         1.5684595088
        1.3050000000         1.2000000000         1.5174892208
        1.3100000000         1.2000000000         1.4754387331
        1.3150000000         1.2000000000         1.4321139882
        1.3200000000         1.2000000000         1.3875149861
        1.3250000000         1.2000000000         1.3378189553
        1.3300000000         1.2000000000         1.2932199532
        1.3350000000         1.2000000000         1.2498952083
        1.3400000000         1.2000000000         1.2027476918
        1.3450000000         1.2000000000         1.1594229470
        1.3500000000         1.2000000000         1.1199209737
        1.3550000000         1.2000000000         1.0676764284
        1.3600000000         1.2000000000         1.0281744551
        1.3650000000         1.2000000000         0.9797526815
        1.3700000000         1.2000000000         0.9351536794
        1.3750000000         1.2000000000         0.8943774489
        1.3800000000         1.2000000000         0.8408586464
        1.3850000000         1.2000000000         0.7988081588
        1.3900000000         1.2000000000         0.7529348995
        1.3950000000         1.2000000000         0.7070616402
        1.4000000000         1.2000000000         0.6611883809
        1.4050000000         1.2000000000         0.6191378933
        1.4100000000         1.2000000000         0.5668933480
        1.4150000000         1.2000000000         0.5235686031
        1.4200000000         1.2000000000         0.4776953438
        1.4250000000         1.2000000000         0.4330963418
        1.4300000000         1.2000000000         0.3834003109
        1.4350000000         1.2000000000         0.3375270516
        1.4400000000         1.2000000000         0.2929280495
        1.4450000000         1.2000000000         0.2457805331
        1.4500000000         1.2000000000         0.1986330166
        1.4550000000         1.2000000000         0.1591310433
        1.4600000000         1.2000000000         0.1119835268
        1.4650000000         1.2000000000         0.0622874960
        1.4700000000         1.2000000000         0.0189627511
        1.4750000000         1.2000000000        -0.0039738786
        1.4800000000         1.2000000000        -0.0014253642
        1.4850000000         1.2000000000         0.0011231503
        1.4900000000         1.2000000000         1.0931615725
        1.4950000000         1.2000000000         5.0611984998
        1.5000000000         1.2000000000         5.0675697858
        1.5050000000         1.2000000000         5.0701183002
        1.5100000000         1.2000000000         5.0306163269
        1.5150000000         1.2000000000         4.9821945533
        1.5200000000         1.2000000000         4.9312242652
        1.5250000000         1.2000000000         4.8891737775
        1.5300000000         1.2000000000         4.8407520038
        1.5350000000         1.2000000000         4.7885074586
        1.5400000000         1.2000000000         4.7413599421
        1.5450000000         1.2000000000         4.6942124256
        1.5500000000         1.2000000000         4.6470649091
        1.5550000000         1.2000000000         4.5999173926
        1.5600000000         1.2000000000         4.5540441334
        1.5650000000         1.2000000000         4.5017995881
        1.5700000000         1.2000000000         4.4521035572
        1.5750000000         1.2000000000         4.4049560407
        1.5800000000         1.2000000000         4.3654540675
        1.5850000000         1.2000000000         4.3132095222
        1.5900000000         1.2000000000         4.2711590345
        1.5950000000         1.2000000000         4.2252857752
        1.6000000000         1.2000000000         4.1743154871
        1.6050000000         1.2000000000         4.1322649995
        1.6100000000         1.2000000000         4.0812947114
        1.6150000000         1.2000000000         4.0366957093
        1.6200000000         1.2000000000         3.9959194788
        1.6250000000         1.2000000000         3.9436749336
        1.6300000000         1.2000000000         3.8990759315
        1.6350000000         1.2000000000         3.8544769294
        1.6400000000         1.2000000000         3.8060551557
        1.6450000000         1.2000000000         3.7665531825
        1.6500000000         1.2000000000         3.7155828944
        1.6550000000         1.2000000000         3.6684353779
        1.6600000000         1.2000000000         3.6263848902
        1.6650000000         1.2000000000         3.5754146021
        1.6700000000         1.2000000000         3.5282670857
        1.6750000000         1.2000000000         3.4900393696
        1.6800000000         1.2000000000         3.4377948243
        1.6850000000         1.2000000000         3.3931958222
        1.6900000000         1.2000000000         3.3498710774
        1.6950000000         1.2000000000         3.3052720753
        1.7000000000         1.2000000000         3.2555760444
        1.7050000000         1.2000000000         3.2097027851
        1.7100000000         1.2000000000         3.1702008119
        1.7150000000         1.2000000000         3.1230532954
        1.7200000000         1.2000000000         3.0720830073
        1.7250000000         1.2000000000         3.0300325196
        1.7300000000         1.2000000000         2.9854335176
        1.7350000000         1.2000000000         2.9357374867
        1.7400000000         1.2000000000         2.8962355134
        1.7450000000         1.2000000000         2.8439909681
        1.7500000000         1.2000000000         2.8032147377
        1.7550000000         1.2000000000         2.7560672212
        1.7600000000         1.2000000000         2.7089197047
        1.7650000000         1.2000000000         2.6655949598
        1.7700000000         1.2000000000         2.6133504146
        1.7750000000         1.2000000000         2.5725741841
        1.7800000000         1.2000000000         2.5228781532
        1.7850000000         1.2000000000         2.4744563795
        1.7900000000         1.2000000000         2.4324058919
        1.7950000000         1.2000000000         2.3890811470
        1.8000000000         1.2000000000         2.3406593733
        1.8050000000         1.2000000000         2.3024316572
        1.8100000000         1.2000000000         2.2476385976
        1.8150000000         1.2000000000         2.2030395955
        1.8200000000         1.2000000000         2.1520693074
        1.8250000000         1.2000000000         2.1112930769
        1.8300000000         1.2000000000         2.0603227889
        1.8350000000         1.2000000000         2.0208208156
        1.8400000000         1.2000000000         1.9762218135
        1.8450000000         1.2000000000         1.9239772682
        1.8500000000         1.2000000000         1.8857495522
        1.8550000000         1.2000000000         1.8373277785
        1.8600000000         1.2000000000         1.7889060048
        1.8650000000         1.2000000000         1.7468555171
        1.8700000000         1.2000000000         1.7009822579
        1.8750000000         1.2000000000         1.6525604842
        1.8800000000         1.2000000000         1.6143327681
        1.8850000000         1.2000000000         1.5671852516
        1.8900000000         1.2000000000         1.5174892208
        1.8950000000         1.2000000000         1.4754387331
        1.9000000000         1.2000000000         1.4308397310
        1.9050000000         1.2000000000         1.3824179573
        1.9100000000         1.2000000000         1.3429159841
        1.9150000000         1.2000000000         1.2932199532
        1.9200000000         1.2000000000         1.2447981795
        1.9250000000         1.2000000000         1.2001991774
        1.9300000000         1.2000000000         1.1568744326
        1.9350000000         1.2000000000         1.1110011733
        1.9400000000         1.2000000000         1.0664021712
        1.9450000000         1.2000000000         1.0167061403
        1.9500000000         1.2000000000         0.9708328811
        1.9550000000         1.2000000000         0.9287823934
        1.9600000000         1.2000000000         0.8829091341
        1.9650000000         1.2000000000         0.8395843892
        1.9700000000         1.2000000000         0.7911626156
        1.9750000000         1.2000000000         0.7427408419
        1.9800000000         1.2000000000         0.6981418398
        1.9850000000         1.2000000000         0.6484458089
        1.9900000000         1.2000000000         0.6012982924
        1.9950000000         1.2000000000         0.5617963192
        2.0000000000         1.2000000000         0.5146488027
        2.0050000000         1.2000000000         0.4636785146
        2.0100000000         1.2000000000         0.4203537697
        2.0150000000         1.2000000000         0.3732062533
        2.0200000000         1.2000000000         0.3260587368
        2.0250000000         1.2000000000         0.2789112203
        2.0300000000         1.2000000000         0.2317637038
        2.0350000000         1.2000000000         0.1820676730
        2.0400000000         1.2000000000         0.1349201565
        2.0450000000         1.2000000000         0.0941439260
        2.0500000000         1.2000000000         0.0431736379
        2.0550000000         1.2000000000        -0.0001511069
        2.0600000000         1.2000000000        -0.0001511069
        2.0650000000         1.2000000000        -0.0026996214
        2.0700000000         1.2000000000         1.0969843441
        2.0750000000         1.2000000000         1.1288407741
        2.0800000000         1.2000000000         5.0675697858
        2.0850000000         1.2000000000         5.0688440430
        2.0900000000         1.2000000000         5.0497301850
        2.0950000000         1.2000000000         5.0025826685
        2.1000000000         1.2000000000         4.9618064380
        2.1050000000         1.2000000000         4.9121104072
        2.1100000000         1.2000000000         4.8662371479
        2.1150000000         1.2000000000         4.8114440882
        2.1200000000         1.2000000000         4.7693936005
        2.1250000000         1.2000000000         4.7235203412
        2.1300000000         1.2000000000         4.6712757960
        2.1350000000         1.2000000000         4.6228540223
        2.1400000000         1.2000000000         4.5782550202
        2.1450000000         1.2000000000         4.5285589893
        2.1500000000         1.2000000000         4.4775887012
        2.1550000000         1.2000000000         4.4393609852
        2.1600000000         1.2000000000         4.3871164399
        2.1650000000         1.2000000000         4.3399689234
        2.1700000000         1.2000000000         4.2953699213
        2.1750000000         1.2000000000         4.2469481477
        2.1800000000         1.2000000000         4.2061719172
        2.1850000000         1.2000000000         4.1526531147
        2.1900000000         1.2000000000         4.1131511414
        2.1950000000         1.2000000000         4.0660036250
        2.2000000000         1.2000000000         4.0188561085
        2.2050000000         1.2000000000         3.9742571064
        2.2100000000         1.2000000000         3.9309323615
        2.2150000000         1.2000000000         3.8812363307
        2.2200000000         1.2000000000         3.8366373286
        2.2250000000         1.2000000000         3.7958610981
        2.2300000000         1.2000000000         3.7423422956
        2.2350000000         1.2000000000         3.7002918080
        2.2400000000         1.2000000000         3.6531442915
        2.2450000000         1.2000000000         3.6059967750
        2.2500000000         1.2000000000         3.5703175733
        2.2550000000         1.2000000000         3.5180730281
        2.2600000000         1.2000000000         3.4734740260
        2.2650000000         1.2000000000         3.4288750239
        2.2700000000         1.2000000000         3.3804532502
        2.2750000000         1.2000000000         3.3422255342
        2.2800000000         1.2000000000         3.2925295033
        2.2850000000         1.2000000000         3.2453819868
        2.2900000000         1.2000000000         3.2033314991
        2.2950000000         1.2000000000         3.1549097255
        2.3000000000         1.2000000000         3.1103107234
        2.3050000000         1.2000000000         3.0682602357
        2.3100000000         1.2000000000         3.0223869764
        2.3150000000         1.2000000000         2.9777879744
        2.3200000000         1.2000000000         2.9357374867
        2.3250000000         1.2000000000         2.8847671986
        2.3300000000         1.2000000000         2.8414424537
        2.3350000000         1.2000000000         2.7993919661
        2.3400000000         1.2000000000         2.7522444496
        2.3450000000         1.2000000000         2.7089197047
        2.3500000000         1.2000000000         2.6579494166
        2.3550000000         1.2000000000         2.6158989290
        2.3600000000         1.2000000000         2.5662028981
        2.3650000000         1.2000000000         2.5203296388
        2.3700000000         1.2000000000         2.4782791511
        2.3750000000         1.2000000000         2.4311316347
        2.3800000000         1.2000000000         2.3865326326
        2.3850000000         1.2000000000         2.3393851161
        2.3900000000         1.2000000000         2.2947861140
        2.3950000000         1.2000000000         2.2476385976
        2.4000000000         1.2000000000         2.1979425667
        2.4050000000         1.2000000000         2.1571663362
        2.4100000000         1.2000000000         2.1112930769
        2.4150000000         1.2000000000         2.0654198177
        2.4200000000         1.2000000000         2.0259178444
        2.4250000000         1.2000000000         1.9723990419
        2.4300000000         1.2000000000         1.9303485542
        2.4350000000         1.2000000000         1.8857495522
        2.4400000000         1.2000000000         1.8577158937
        2.4450000000         1.2000000000         1.7940030336
        2.4500000000         1.2000000000         1.7519525459
        2.4550000000         1.2000000000         1.7111763155
        2.4600000000         1.2000000000         1.6589317702
        2.4650000000         1.2000000000         1.6219783113
        2.4700000000         1.2000000000         1.5722822804
        2.4750000000         1.2000000000         1.5276832784
        2.4800000000         1.2000000000         1.4818100191
        2.4850000000         1.2000000000         1.4321139882
        2.4900000000         1.2000000000         1.3938862722
        2.4950000000         1.2000000000         1.3467387557
        2.5000000000         1.2000000000         1.2995912392
        2.5050000000         1.2000000000         1.2511694655
        2.5100000000         1.2000000000         1.2116674923
        2.5150000000         1.2000000000         1.1606972042
        2.5200000000         1.2000000000         1.1224694881
        2.5250000000         1.2000000000         1.0765962288
        2.5300000000         1.2000000000         1.0230774263
        2.5350000000         1.2000000000         0.9772041671
        2.5400000000         1.2000000000         0.9377021938
        2.5450000000         1.2000000000         0.8931031917
        2.5500000000         1.2000000000         0.8408586464
        2.5550000000         1.2000000000         0.7975339016
        2.5600000000         1.2000000000         0.7503863851
        2.5650000000         1.2000000000         0.7045131258
        2.5700000000         1.2000000000         0.6586398665
        2.5750000000         1.2000000000         0.6153151217
        2.5800000000         1.2000000000         0.5656190908
        2.5850000000         1.2000000000         0.5210200887
        2.5900000000         1.2000000000         0.4713240578
        2.5950000000         1.2000000000         0.4241765414
        2.6000000000         1.2000000000         0.3783032821
        2.6050000000         1.2000000000         0.3273329940
        2.6100000000         1.2000000000         0.2814597347
        2.6150000000         1.2000000000         0.2343122182
        2.6200000000         1.2000000000         0.1884389590
        2.6250000000         1.2000000000         0.1374686709
        2.6300000000         1.2000000000         0.0941439260
        2.6350000000         1.2000000000         0.0495449239
        2.6400000000         1.2000000000         0.0011231503
        2.6450000000         1.2000000000        -0.0026996214
        2.6500000000         1.2000000000         0.0062201791
        2.6550000000         1.2000000000         1.1059041445
        2.6600000000         1.2000000000         1.1097269161
        2.6650000000         1.2000000000         5.0688440430
        2.6700000000         1.2000000000         5.0637470142
        2.6750000000         1.2000000000         5.0497301850
        2.6800000000         1.2000000000         5.0076796973
        2.6850000000         1.2000000000         4.9579836664
        2.6900000000         1.2000000000         4.9095618927
        2.6950000000         1.2000000000         4.8585916047
        2.7000000000         1.2000000000         4.8165411170
        2.7050000000         1.2000000000         4.7617480573
        2.7100000000         1.2000000000         4.7146005408
        2.7150000000         1.2000000000         4.6623559955
        2.7200000000         1.2000000000         4.6152084791
        2.7250000000         1.2000000000         4.5655124482
        2.7300000000         1.2000000000         4.5196391889
        2.7350000000         1.2000000000         4.4712174152
        2.7400000000         1.2000000000         4.4215213843
        2.7450000000         1.2000000000         4.3794708967
        2.7500000000         1.2000000000         4.3310491230
        2.7550000000         1.2000000000         4.2851758637
        2.7600000000         1.2000000000         4.2393026044
        2.7650000000         1.2000000000         4.1883323164
        2.7700000000         1.2000000000         4.1462818287
        2.7750000000         1.2000000000         4.0991343122
        2.7800000000         1.2000000000         4.0481640241
        2.7850000000         1.2000000000         4.0099363081
        2.7900000000         1.2000000000         3.9589660200
        2.7950000000         1.2000000000         3.9054472175
        2.8000000000         1.2000000000         3.8659452442
        2.8050000000         1.2000000000         3.8162492133
        2.8100000000         1.2000000000         3.7729244685
        2.8150000000         1.2000000000         3.7270512092
        2.8200000000         1.2000000000         3.6709838923
        2.8250000000         1.2000000000         3.6302076618
        2.8300000000         1.2000000000         3.5830601454
        2.8350000000         1.2000000000         3.5308156001
        2.8400000000         1.2000000000         3.4900393696
        2.8450000000         1.2000000000         3.4403433387
        2.8500000000         1.2000000000         3.3919215650
        2.8550000000         1.2000000000         3.3498710774
        2.8600000000         1.2000000000         3.2963522749
        2.8650000000         1.2000000000         3.2517532728
        2.8700000000         1.2000000000         3.1982344703
        2.8750000000         1.2000000000         3.1561839827
        2.8800000000         1.2000000000         3.1026651802
        2.8850000000         1.2000000000         3.0631632069
        2.8900000000         1.2000000000         3.0109186616
        2.8950000000         1.2000000000         2.9650454023
        2.9000000000         1.2000000000         2.9217206575
        2.9050000000         1.2000000000         2.8669275978
        2.9100000000         1.2000000000         2.8210543385
        2.9150000000         1.2000000000         2.7790038508
        2.9200000000         1.2000000000         2.7305820772
        2.9250000000         1.2000000000         2.6796117891
        2.9300000000         1.2000000000         2.6337385298
        2.9350000000         1.2000000000         2.5853167561
        2.9400000000         1.2000000000         2.5419920112
        2.9450000000         1.2000000000         2.4884732088
        2.9500000000         1.2000000000         2.4451484639
        2.9550000000         1.2000000000         2.3992752046
        2.9600000000         1.2000000000         2.3470306593
        2.9650000000         1.2000000000         2.3049801717
        2.9700000000         1.2000000000         2.2565583980
        2.9750000000         1.2000000000         2.2081366243
        2.9800000000         1.2000000000         2.1635376222
        2.9850000000         1.2000000000         2.1138415913
        2.9900000000         1.2000000000         2.0705168465
        2.9950000000         1.2000000000         2.0220950728
        3.0000000000         1.2000000000         1.9762218135
        3.0050000000         1.2000000000         1.9278000398
        3.0100000000         1.2000000000         1.8781040089
        3.0150000000         1.2000000000         1.8335050069
        3.0200000000         1.2000000000         1.7863574904
        3.0250000000         1.2000000000         1.7392099739
        3.0300000000         1.2000000000         1.6984337435
        3.0350000000         1.2000000000         1.6474634554
        3.0400000000         1.2000000000         1.6015901961
        3.0450000000         1.2000000000         1.5582654512
        3.0500000000         1.2000000000         1.5098436775
        3.0550000000         1.2000000000         1.4601476467
        3.0600000000         1.2000000000         1.4193714162
        3.0650000000         1.2000000000         1.3684011281
        3.0700000000         1.2000000000         1.3250763832
        3.0750000000         1.2000000000         1.2766546096
        3.0800000000         1.2000000000         1.2269585787
        3.0850000000         1.2000000000         1.1861823482
        3.0900000000         1.2000000000         1.1364863173
        3.0950000000         1.2000000000         1.0906130581
        3.1000000000         1.2000000000         1.0536595992
        3.1050000000         1.2000000000         0.9937695107
        3.1100000000         1.2000000000         0.9555417946
        3.1150000000         1.2000000000         0.9045715065
        3.1200000000         1.2000000000         0.8561497329
        3.1250000000         1.2000000000         0.8140992452
        3.1300000000         1.2000000000         0.7618546999
        3.1350000000         1.2000000000         0.7172556978
        3.1400000000         1.2000000000         0.6701081814
        3.1450000000         1.2000000000         0.6191378933
        3.1500000000         1.2000000000         0.5770874056
        3.1550000000         1.2000000000         0.5261171175
        3.1600000000         1.2000000000         0.4776953438
        3.1650000000         1.2000000000         0.4343705990
        3.1700000000         1.2000000000         0.3795775393
        3.1750000000         1.2000000000         0.3349785372
        3.1800000000         1.2000000000         0.2878310207
        3.1850000000         1.2000000000         0.2394092470
        3.1900000000         1.2000000000         0.1871647018
        3.1950000000         1.2000000000         0.1412914425
        3.2000000000         1.2000000000         0.0941439260
        3.2050000000         1.2000000000         0.0469964095
        3.2100000000         1.2000000000         0.0049459219
        3.2150000000         1.2000000000        -0.0039738786
        3.2200000000         1.2000000000         0.0011231503
        3.2250000000         1.2000000000         1.0918873153
        3.2300000000         1.2000000000         1.1364863173
        3.2350000000         1.2000000000         5.0688440430
        3.2400000000         1.2000000000         5.0675697858
        3.2450000000         1.2000000000         5.0395361274
        3.2500000000         1.2000000000         4.9885658393
        3.2550000000         1.2000000000         4.9337727796
        3.2600000000         1.2000000000         4.8891737775
        3.2650000000         1.2000000000         4.8382034894
        3.2700000000         1.2000000000         4.7872332013
        3.2750000000         1.2000000000         4.7400856849
        3.2800000000         1.2000000000         4.6840183680
        3.2850000000         1.2000000000         4.6381451087
        3.2900000000         1.2000000000         4.5909975922
        3.2950000000         1.2000000000         4.5374787897
        3.3000000000         1.2000000000         4.4890570161
        3.3050000000         1.2000000000         4.4419094996
        3.3100000000         1.2000000000         4.3947619831
        3.3150000000         1.2000000000         4.3399689234
        3.3200000000         1.2000000000         4.3004669501
        3.3250000000         1.2000000000         4.2520451765
        3.3300000000         1.2000000000         4.2048976600
        3.3350000000         1.2000000000         4.1602986579
        3.3400000000         1.2000000000         4.1118768842
        3.3450000000         1.2000000000         4.0634551106
        3.3500000000         1.2000000000         4.0175818513
        3.3550000000         1.2000000000         3.9729828492
        3.3600000000         1.2000000000         3.9156412751
        3.3650000000         1.2000000000         3.8812363307
        3.3700000000         1.2000000000         3.8289917854
        3.3750000000         1.2000000000         3.7831185261
        3.3800000000         1.2000000000         3.7423422956
        3.3850000000         1.2000000000         3.6875492359
        3.3900000000         1.2000000000         3.6454987483
        3.3950000000         1.2000000000         3.5983512318
        3.4000000000         1.2000000000         3.5486552009
        3.4050000000         1.2000000000         3.5104274848
        3.4100000000         1.2000000000         3.4607314540
        3.4150000000         1.2000000000         3.4148581947
        3.4200000000         1.2000000000         3.3702591926
        3.4250000000         1.2000000000         3.3180146473
        3.4300000000         1.2000000000         3.2746899025
        3.4350000000         1.2000000000         3.2262681288
        3.4400000000         1.2000000000         3.1816691267
        3.4450000000         1.2000000000         3.1383443818
        3.4500000000         1.2000000000         3.0886483509
        3.4550000000         1.2000000000         3.0440493489
        3.4600000000         1.2000000000         2.9969018324
        3.4650000000         1.2000000000         2.9510285731
        3.4700000000         1.2000000000         2.9102523427
        3.4750000000         1.2000000000         2.8643790834
        3.4800000000         1.2000000000         2.8121345381
        3.4850000000         1.2000000000         2.7688097932
        3.4900000000         1.2000000000         2.7229365339
        3.4950000000         1.2000000000         2.6745147603
        3.5000000000         1.2000000000         2.6311900154
        3.5050000000         1.2000000000         2.5865910133
        3.5100000000         1.2000000000         2.5356207252
        3.5150000000         1.2000000000         2.4897474660
        3.5200000000         1.2000000000         2.4451484639
        3.5250000000         1.2000000000         2.3992752046
        3.5300000000         1.2000000000         2.3546762025
        3.5350000000         1.2000000000         2.3062544289
        3.5400000000         1.2000000000         2.2578326552
        3.5450000000         1.2000000000         2.2145079103
        3.5500000000         1.2000000000         2.1635376222
        3.5550000000         1.2000000000         2.1240356490
        3.5600000000         1.2000000000         2.0756138753
        3.5650000000         1.2000000000         2.0310148732
        3.5700000000         1.2000000000         1.9864158711
        3.5750000000         1.2000000000         1.9341713258
        3.5800000000         1.2000000000         1.8908465810
        3.5850000000         1.2000000000         1.8475218361
        3.5900000000         1.2000000000         1.8016485768
        3.5950000000         1.2000000000         1.7583238320
        3.6000000000         1.2000000000         1.7099020583
        3.6050000000         1.2000000000         1.6640287990
        3.6100000000         1.2000000000         1.6219783113
        3.6150000000         1.2000000000         1.5735565376
        3.6200000000         1.2000000000         1.5302317928
        3.6250000000         1.2000000000         1.4869070479
        3.6300000000         1.2000000000         1.4359367598
        3.6350000000         1.2000000000         1.3964347866
        3.6400000000         1.2000000000         1.3441902413
        3.6450000000         1.2000000000         1.3021397536
        3.6500000000         1.2000000000         1.2511694655
        3.6550000000         1.2000000000         1.2065704634
        3.6600000000         1.2000000000         1.1657942330
        3.6650000000         1.2000000000         1.1160982021
        3.6700000000         1.2000000000         1.0702249428
        3.6750000000         1.2000000000         1.0230774263
        3.6800000000         1.2000000000         0.9772041671
        3.6850000000         1.2000000000         0.9326051650
        3.6900000000         1.2000000000         0.8841833913
        3.6950000000         1.2000000000         0.8434071608
        3.7000000000         1.2000000000         0.7924368728
        3.7050000000         1.2000000000         0.7465636135
        3.7100000000         1.2000000000         0.7057873830
        3.7150000000         1.2000000000         0.6509943233
        3.7200000000         1.2000000000         0.6089438357
        3.7250000000         1.2000000000         0.5617963192
        3.7300000000         1.2000000000         0.5133745455
        3.7350000000         1.2000000000         0.4700498006
        3.7400000000         1.2000000000         0.4203537697
        3.7450000000         1.2000000000         0.3719319961
        3.7500000000         1.2000000000         0.3260587368
        3.7550000000         1.2000000000         0.2763627059
        3.7600000000         1.2000000000         0.2355864754
        3.7650000000         1.2000000000         0.1846161874
        3.7700000000         1.2000000000         0.1349201565
        3.7750000000         1.2000000000         0.0903211544
        3.7800000000         1.2000000000         0.0406251235
        3.7850000000         1.2000000000         0.0023974075
        3.7900000000         1.2000000000        -0.0026996214
        3.7950000000         1.2000000000         0.0011231503
        3.8000000000         1.2000000000         1.1301150313
        3.8050000000         1.2000000000         1.1110011733
        3.8100000000         1.2000000000         5.0650212714
        3.8150000000         1.2000000000         5.0650212714
        3.8200000000         1.2000000000         5.0484559278
        3.8250000000         1.2000000000         5.0000341541
        3.8300000000         1.2000000000         4.9516123804
        3.8350000000         1.2000000000         4.9006420923
        3.8400000000         1.2000000000         4.8573173475
        3.8450000000         1.2000000000         4.8050728022
        3.8500000000         1.2000000000         4.7630223145
        3.8550000000         1.2000000000         4.7133262836
        3.8600000000         1.2000000000         4.6623559955
        3.8650000000         1.2000000000         4.6101114503
        3.8700000000         1.2000000000         4.5680609626
        3.8750000000         1.2000000000         4.5196391889
        3.8800000000         1.2000000000         4.4763144440
        3.8850000000         1.2000000000         4.4253441560
        3.8900000000         1.2000000000         4.3794708967
        3.8950000000         1.2000000000         4.3297748658
        3.9000000000         1.2000000000         4.2902728925
        3.9050000000         1.2000000000         4.2380283472
        3.9100000000         1.2000000000         4.1959778596
        3.9150000000         1.2000000000         4.1501046003
        3.9200000000         1.2000000000         4.1016828266
        3.9250000000         1.2000000000         4.0545353101
        3.9300000000         1.2000000000         4.0150333369
        3.9350000000         1.2000000000         3.9640630488
        3.9400000000         1.2000000000         3.9169155323
        3.9450000000         1.2000000000         3.8735907874
        3.9500000000         1.2000000000         3.8264432710
        3.9550000000         1.2000000000         3.7831185261
        3.9600000000         1.2000000000         3.7295997236
        3.9650000000         1.2000000000         3.6850007215
        3.9700000000         1.2000000000         3.6365789479
        3.9750000000         1.2000000000         3.5932542030
        3.9800000000         1.2000000000         3.5473809437
        3.9850000000         1.2000000000         3.4989591700
        3.9900000000         1.2000000000         3.4594571968
        3.9950000000         1.2000000000         3.4123096803
        4.0000000000         1.2000000000         3.3626136494
        4.0050000000         1.2000000000         3.3192889045
        4.0100000000         1.2000000000         3.2695928736
        4.0150000000         1.2000000000         3.2237196144
        4.0200000000         1.2000000000         3.1791206123
        4.0250000000         1.2000000000         3.1319730958
        4.0300000000         1.2000000000         3.0886483509
        4.0350000000         1.2000000000         3.0427750917
        4.0400000000         1.2000000000         2.9956275752
        4.0450000000         1.2000000000         2.9548513447
        4.0500000000         1.2000000000         2.9064295710
        4.0550000000         1.2000000000         2.8580077974
        4.0600000000         1.2000000000         2.8108602809
        4.0650000000         1.2000000000         2.7764553364
        4.0700000000         1.2000000000         2.7203880195
        4.0750000000         1.2000000000         2.6770632747
        4.0800000000         1.2000000000         2.6337385298
        4.0850000000         1.2000000000         2.5814939845
        4.0900000000         1.2000000000         2.5394434968
        4.0950000000         1.2000000000         2.4897474660
        4.1000000000         1.2000000000         2.4464227211
        4.1050000000         1.2000000000         2.4018237190
        4.1100000000         1.2000000000         2.3559504597
        4.1150000000         1.2000000000         2.3075286861
        4.1200000000         1.2000000000         2.2616554268
        4.1250000000         1.2000000000         2.2170564247
        4.1300000000         1.2000000000         2.1686346510
        4.1350000000         1.2000000000         2.1176643629
        4.1400000000         1.2000000000         2.0768881325
        4.1450000000         1.2000000000         2.0322891304
        4.1500000000         1.2000000000         1.9889643855
        4.1550000000         1.2000000000         1.9418168691
        4.1600000000         1.2000000000         1.8984921242
        4.1650000000         1.2000000000         1.8538931221
        4.1700000000         1.2000000000         1.8041970912
        4.1750000000         1.2000000000         1.7634208608
        4.1800000000         1.2000000000         1.7149990871
        4.1850000000         1.2000000000         1.6704000850
        4.1900000000         1.2000000000         1.6283495973
        4.1950000000         1.2000000000         1.5735565376
        4.2000000000         1.2000000000         1.5366030788
        4.2050000000         1.2000000000         1.4920040767
        4.2100000000         1.2000000000         1.4423080458
        4.2150000000         1.2000000000         1.3989833010
        4.2200000000         1.2000000000         1.3505615273
        4.2250000000         1.2000000000         1.3059625252
        4.2300000000         1.2000000000         1.2626377803
        4.2350000000         1.2000000000         1.2091189778
        4.2400000000         1.2000000000         1.1683427474
        4.2450000000         1.2000000000         1.1250180025
        4.2500000000         1.2000000000         1.0740477144
        4.2550000000         1.2000000000         1.0332714840
        4.2600000000         1.2000000000         0.9835754531
        4.2650000000         1.2000000000         0.9389764510
        4.2700000000         1.2000000000         0.8969259633
        4.2750000000         1.2000000000         0.8408586464
        4.2800000000         1.2000000000         0.8026309304
        4.2850000000         1.2000000000         0.7542091567
        4.2900000000         1.2000000000         0.6994160970
        4.2950000000         1.2000000000         0.6624626381
        4.3000000000         1.2000000000         0.6165893789
        4.3050000000         1.2000000000         0.5643448336
        4.3100000000         1.2000000000         0.5184715743
        4.3150000000         1.2000000000         0.4700498006
        4.3200000000         1.2000000000         0.4241765414
        4.3250000000         1.2000000000         0.3770290249
        4.3300000000         1.2000000000         0.3324300228
        4.3350000000         1.2000000000         0.2827339919
        4.3400000000         1.2000000000         0.2317637038
        4.3450000000         1.2000000000         0.1858904446
        4.3500000000         1.2000000000         0.1438399569
        4.3550000000         1.2000000000         0.0966924404
        4.3600000000         1.2000000000         0.0482706667
        4.3650000000         1.2000000000         0.0074944363
        4.3700000000         1.2000000000        -0.0026996214
        4.3750000000         1.2000000000        -0.0026996214
        4.3800000000         1.2000000000         1.1122754305
        4.3850000000         1.2000000000         1.1110011733
        4.3900000000         1.2000000000         5.0650212714
        4.3950000000         1.2000000000         5.0650212714
        4.4000000000         1.2000000000         5.0522786994
        4.4050000000         1.2000000000         5.0064054401
        4.4100000000         1.2000000000         4.9541608948
        4.4150000000         1.2000000000         4.9082876355
        4.4200000000         1.2000000000         4.8624143763
        4.4250000000         1.2000000000         4.8050728022
        4.4300000000         1.2000000000         4.7630223145
        4.4350000000         1.2000000000         4.7082292548
        4.4400000000         1.2000000000         4.6661787671
        4.4450000000         1.2000000000         4.6075629359
        4.4500000000         1.2000000000         4.5680609626
        4.4550000000         1.2000000000         4.5209134461
        4.4600000000         1.2000000000         4.4661203864
        4.4650000000         1.2000000000         4.4227956415
        4.4700000000         1.2000000000         4.3769223823
        4.4750000000         1.2000000000         4.3221293226
        4.4800000000         1.2000000000         4.2826273493
        4.4850000000         1.2000000000         4.2316570612
        4.4900000000         1.2000000000         4.1832352876
        4.4950000000         1.2000000000         4.1411847999
        4.5000000000         1.2000000000         4.0876659974
        4.5050000000         1.2000000000         4.0456155097
        4.5100000000         1.2000000000         3.9984679932
        4.5150000000         1.2000000000         3.9449491908
        4.5200000000         1.2000000000         3.9092699891
        4.5250000000         1.2000000000         3.8621224726
        4.5300000000         1.2000000000         3.8111521845
        4.5350000000         1.2000000000         3.7640046681
        4.5400000000         1.2000000000         3.7232284376
        4.5450000000         1.2000000000         3.6709838923
        4.5500000000         1.2000000000         3.6263848902
        4.5550000000         1.2000000000         3.5894314314
        4.5600000000         1.2000000000         3.5435581721
        4.5650000000         1.2000000000         3.4951363984
        4.5700000000         1.2000000000         3.4505373963
        4.5750000000         1.2000000000         3.4059383943
        4.5800000000         1.2000000000         3.3587908778
        4.5850000000         1.2000000000         3.3154661329
        4.5900000000         1.2000000000         3.2695928736
        4.5950000000         1.2000000000         3.2224453572
        4.6000000000         1.2000000000         3.1765720979
        4.6050000000         1.2000000000         3.1332473530
        4.6100000000         1.2000000000         3.0860998365
        4.6150000000         1.2000000000         3.0415008345
        4.6200000000         1.2000000000         2.9969018324
        4.6250000000         1.2000000000         2.9523028303
        4.6300000000         1.2000000000         2.9089780854
        4.6350000000         1.2000000000         2.8605563118
        4.6400000000         1.2000000000         2.8197800813
        4.6450000000         1.2000000000         2.7726325648
        4.6500000000         1.2000000000         2.7293078200
        4.6550000000         1.2000000000         2.6821603035
        4.6600000000         1.2000000000         2.6375613014
        4.6650000000         1.2000000000         2.5878652705
        4.6700000000         1.2000000000         2.5470890401
        4.6750000000         1.2000000000         2.4973930092
        4.6800000000         1.2000000000         2.4540682643
        4.6850000000         1.2000000000         2.4056464906
        4.6900000000         1.2000000000         2.3648702602
        4.6950000000         1.2000000000         2.3189970009
        4.7000000000         1.2000000000         2.2693009700
        4.7050000000         1.2000000000         2.2272504823
        4.7100000000         1.2000000000         2.1813772230
        4.7150000000         1.2000000000         2.1355039638
        4.7200000000         1.2000000000         2.0845336757
        4.7250000000         1.2000000000         2.0412089308
        4.7300000000         1.2000000000         1.9978841859
        4.7350000000         1.2000000000         1.9520109267
        4.7400000000         1.2000000000         1.9099604390
        4.7450000000         1.2000000000         1.8577158937
        4.7500000000         1.2000000000         1.8156654060
        4.7550000000         1.2000000000         1.7710664040
        4.7600000000         1.2000000000         1.7239188875
        4.7650000000         1.2000000000         1.6831426570
        4.7700000000         1.2000000000         1.6385436550
        4.7750000000         1.2000000000         1.5901218813
        4.7800000000         1.2000000000         1.5455228792
        4.7850000000         1.2000000000         1.5009238771
        4.7900000000         1.2000000000         1.4537763606
        4.7950000000         1.2000000000         1.4091773586
        4.8000000000         1.2000000000         1.3696753853
        4.8050000000         1.2000000000         1.3161565828
        4.8100000000         1.2000000000         1.2702833235
        4.8150000000         1.2000000000         1.2295070931
        4.8200000000         1.2000000000         1.1772625478
        4.8250000000         1.2000000000         1.1326635457
        4.8300000000         1.2000000000         1.0982586013
        4.8350000000         1.2000000000         1.0447397988
        4.8400000000         1.2000000000         0.9975922823
        4.8450000000         1.2000000000         0.9568160518
        4.8500000000         1.2000000000         0.9045715065
        4.8550000000         1.2000000000         0.8599725045
        4.8600000000         1.2000000000         0.8140992452
        4.8650000000         1.2000000000         0.7631289571
        4.8700000000         1.2000000000         0.7249012410
        4.8750000000         1.2000000000         0.6726566958
        4.8800000000         1.2000000000         0.6255091793
        4.8850000000         1.2000000000         0.5796359200
        4.8900000000         1.2000000000         0.5286656319
        4.8950000000         1.2000000000         0.4878894015
        4.9000000000         1.2000000000         0.4381933706
        4.9050000000         1.2000000000         0.3884973397
        4.9100000000         1.2000000000         0.3451725948
        4.9150000000         1.2000000000         0.2929280495
        4.9200000000         1.2000000000         0.2470547903
        4.9250000000         1.2000000000         0.1986330166
        4.9300000000         1.2000000000         0.1540340145
        4.9350000000         1.2000000000         0.1030637264
        4.9400000000         1.2000000000         0.0597389816
        4.9450000000         1.2000000000         0.0113172079
        4.9500000000         1.2000000000        -0.0014253642
        4.9550000000         1.2000000000         0.0049459219
        4.9600000000         1.2000000000        -0.0026996214
        4.9650000000         1.2000000000         1.0906130581
        4.9700000000         1.2000000000         5.0650212714
        4.9750000000         1.2000000000         5.0624727570
        4.9800000000         1.2000000000         5.0611984998
        4.9850000000         1.2000000000         5.0153252405
        4.9900000000         1.2000000000         4.9656292096
        4.9950000000         1.2000000000         4.9172074360
        5.0000000000         1.2000000000         4.8675114051
        5.0050000000         1.2000000000         4.8178153742
        5.0100000000         1.2000000000         4.7744906293
        5.0150000000         1.2000000000         4.7273431128
        5.0200000000         1.2000000000         4.6700015388
        5.0250000000         1.2000000000         4.6254025367
        5.0300000000         1.2000000000         4.5782550202
        5.0350000000         1.2000000000         4.5298332465
        5.0400000000         1.2000000000         4.4865085017
        5.0450000000         1.2000000000         4.4329896992
        5.0500000000         1.2000000000         4.3871164399
        5.0550000000         1.2000000000         4.3425174378
        5.0600000000         1.2000000000         4.2915471497
        5.0650000000         1.2000000000         4.2494966621
        5.0700000000         1.2000000000         4.2023491456
        5.0750000000         1.2000000000         4.1513788575
        5.0800000000         1.2000000000         4.1067798554
        5.0850000000         1.2000000000         4.0596323389
        5.0900000000         1.2000000000         4.0150333369
        5.0950000000         1.2000000000         3.9704343348
        5.1000000000         1.2000000000         3.9169155323
        5.1050000000         1.2000000000         3.8799620735
        5.1100000000         1.2000000000         3.8251690138
        5.1150000000         1.2000000000         3.7945868409
        5.1200000000         1.2000000000         3.7385195240
        5.1250000000         1.2000000000         3.6875492359
        5.1300000000         1.2000000000         3.6531442915
        5.1350000000         1.2000000000         3.6008997462
        5.1400000000         1.2000000000         3.5499294581
        5.1450000000         1.2000000000         3.5066047132
        5.1500000000         1.2000000000         3.4607314540
        5.1550000000         1.2000000000         3.4135839375
        5.1600000000         1.2000000000         3.3728077070
        5.1650000000         1.2000000000         3.3269344477
        5.1700000000         1.2000000000         3.2759641597
        5.1750000000         1.2000000000         3.2275423860
        5.1800000000         1.2000000000         3.1880404127
        5.1850000000         1.2000000000         3.1459899250
        5.1900000000         1.2000000000         3.0962938942
        5.1950000000         1.2000000000         3.0504206349
        5.2000000000         1.2000000000         3.0070958900
        5.2050000000         1.2000000000         2.9586741163
        5.2100000000         1.2000000000         2.9140751143
        5.2150000000         1.2000000000         2.8694761122
        5.2200000000         1.2000000000         2.8261513673
        5.2250000000         1.2000000000         2.7751810792
        5.2300000000         1.2000000000         2.7369533632
        5.2350000000         1.2000000000         2.6885315895
        5.2400000000         1.2000000000         2.6388355586
        5.2450000000         1.2000000000         2.6108019002
        5.2500000000         1.2000000000         2.5458147829
        5.2550000000         1.2000000000         2.5037642952
        5.2600000000         1.2000000000         2.4719078651
        5.2650000000         1.2000000000         2.4081950050
        5.2700000000         1.2000000000         2.3661445174
        5.2750000000         1.2000000000         2.3215455153
        5.2800000000         1.2000000000         2.2769465132
        5.2850000000         1.2000000000         2.2323475111
        5.2900000000         1.2000000000         2.1826514803
        5.2950000000         1.2000000000         2.1355039638
        5.3000000000         1.2000000000         2.0934534761
        5.3050000000         1.2000000000         2.0463059596
        5.3100000000         1.2000000000         2.0004327004
        5.3150000000         1.2000000000         1.9596564699
        5.3200000000         1.2000000000         1.9086861818
        5.3250000000         1.2000000000         1.8653614369
        5.3300000000         1.2000000000         1.8220366921
        5.3350000000         1.2000000000         1.7761634328
        5.3400000000         1.2000000000         1.7302901735
        5.3450000000         1.2000000000         1.6856911714
        5.3500000000         1.2000000000         1.6398179122
        5.3550000000         1.2000000000         1.5952189101
        5.3600000000         1.2000000000         1.5531684224
        5.3650000000         1.2000000000         1.5021981343
        5.3700000000         1.2000000000         1.4677931899
        5.3750000000         1.2000000000         1.4168229018
        5.3800000000         1.2000000000         1.3684011281
        5.3850000000         1.2000000000         1.3250763832
        5.3900000000         1.2000000000         1.2792031240
        5.3950000000         1.2000000000         1.2282328359
        5.4000000000         1.2000000000         1.1874566054
        5.4050000000         1.2000000000         1.1403090889
        5.4100000000         1.2000000000         1.0944358297
        5.4150000000         1.2000000000         1.0536595992
        5.4200000000         1.2000000000         1.0001407967
        5.4250000000         1.2000000000         0.9580903090
        5.4300000000         1.2000000000         0.9122170498
        5.4350000000         1.2000000000         0.8701665621
        5.4400000000         1.2000000000         0.8166477596
        5.4450000000         1.2000000000         0.7720487575
        5.4500000000         1.2000000000         0.7287240127
        5.4550000000         1.2000000000         0.6764794674
        5.4600000000         1.2000000000         0.6357032369
        5.4650000000         1.2000000000         0.5885557204
        5.4700000000         1.2000000000         0.5350369179
        5.4750000000         1.2000000000         0.4904379159
        5.4800000000         1.2000000000         0.4420161422
        5.4850000000         1.2000000000         0.3935943685
        5.4900000000         1.2000000000         0.3477211092
        5.4950000000         1.2000000000         0.3056706216
        5.5000000000         1.2000000000         0.2534260763
        5.5050000000         1.2000000000         0.2101013314
        5.5100000000         1.2000000000         0.1604053005
        5.5150000000         1.2000000000         0.1158062984
        5.5200000000         1.2000000000         0.0648360104
        5.5250000000         1.2000000000         0.0151399795
        5.5300000000         1.2000000000         0.0049459219
        5.5350000000         1.2000000000        -0.0026996214
        5.5400000000         1.2000000000         0.0011231503
        5.5450000000         1.2000000000         1.1301150313
        5.5500000000         1.2000000000         5.0637470142
        5.5550000000         1.2000000000         5.0662955286
        5.5600000000         1.2000000000         5.0586499854
        5.5650000000         1.2000000000         5.0191480121
        5.5700000000         1.2000000000         4.9694519812
        5.5750000000         1.2000000000         4.9159331788
        5.5800000000         1.2000000000         4.8713341767
        5.5850000000         1.2000000000         4.8190896314
        5.5900000000         1.2000000000         4.7681193433
        5.5950000000         1.2000000000         4.7158747980
        5.6000000000         1.2000000000         4.6725500532
        5.6050000000         1.2000000000         4.6203055079
        5.6100000000         1.2000000000         4.5706094770
        5.6150000000         1.2000000000         4.5209134461
        5.6200000000         1.2000000000         4.4686689008
        5.6250000000         1.2000000000         4.4202471271
        5.6300000000         1.2000000000         4.3743738679
        5.6350000000         1.2000000000         4.3348718946
        5.6400000000         1.2000000000         4.2775303205
        5.6450000000         1.2000000000         4.2291085468
        5.6500000000         1.2000000000         4.1832352876
        5.6550000000         1.2000000000         4.1373620283
        5.6600000000         1.2000000000         4.0838432258
        5.6650000000         1.2000000000         4.0354214521
        5.6700000000         1.2000000000         3.9908224500
        5.6750000000         1.2000000000         3.9424006764
        5.6800000000         1.2000000000         3.8952531599
        5.6850000000         1.2000000000         3.8493799006
        5.6900000000         1.2000000000         3.8047808985
        5.6950000000         1.2000000000         3.7512620960
