        0.0000000000         1.7000000000         1.5162149636
        0.0050000000         1.7000000000         1.5149407064
        0.0100000000         1.7000000000         1.5136664491
        0.0150000000         1.7000000000         1.5174892208
        0.0200000000         1.7000000000         1.5136664491
        0.0250000000         1.7000000000         1.5085694203
        0.0300000000         1.7000000000         1.4971011055
        0.0350000000         1.7000000000         1.4920040767
        0.0400000000         1.7000000000         1.4830842763
        0.0450000000         1.7000000000         1.4754387331
        0.0500000000         1.7000000000         1.4512278462
        0.0550000000         1.7000000000         1.4486793318
        0.0600000000         1.7000000000         1.4448565602
        0.0650000000         1.7000000000         1.4142743874
        0.0700000000         1.7000000000         1.4168229018
        0.0750000000         1.7000000000         1.4066288442
        0.0800000000         1.7000000000         1.3875149861
        0.0850000000         1.7000000000         1.3785951857
        0.0900000000         1.7000000000         1.3607555849
        0.0950000000         1.7000000000         1.3480130129
        0.1000000000         1.7000000000         1.3352704409
        0.1050000000         1.7000000000         1.3212536116
        0.1100000000         1.7000000000         1.3034140108
        0.1150000000         1.7000000000         1.2830258956
        0.1200000000         1.7000000000         1.2677348091
        0.1250000000         1.7000000000         1.2562664943
        0.1300000000         1.7000000000         1.2409754079
        0.1350000000         1.7000000000         1.2269585787
        0.1400000000         1.7000000000         1.2065704634
        0.1450000000         1.7000000000         1.1963764058
        0.1500000000         1.7000000000         1.1785368050
        0.1550000000         1.7000000000         1.1606972042
        0.1600000000         1.7000000000         1.1403090889
        0.1650000000         1.7000000000         1.1262922597
        0.1700000000         1.7000000000         1.1148239449
        0.1750000000         1.7000000000         1.0944358297
        0.1800000000         1.7000000000         1.0778704860
        0.1850000000         1.7000000000         1.0600308852
        0.1900000000         1.7000000000         1.0460140560
        0.1950000000         1.7000000000         1.0230774263
        0.2000000000         1.7000000000         1.0077863399
        0.2050000000         1.7000000000         0.9899467391
        0.2100000000         1.7000000000         0.9721071383
        0.2150000000         1.7000000000         0.9580903090
        0.2200000000         1.7000000000         0.9402507082
        0.2250000000         1.7000000000         0.9236853646
        0.2300000000         1.7000000000         0.9058457637
        0.2350000000         1.7000000000         0.8841833913
        0.2400000000         1.7000000000         0.8727150765
        0.2450000000         1.7000000000         0.8472299324
        0.2500000000         1.7000000000         0.8319388460
        0.2550000000         1.7000000000         0.8115507308
        0.2600000000         1.7000000000         0.7937111300
        0.2650000000         1.7000000000         0.7758715291
        0.2700000000         1.7000000000         0.7567576711
        0.2750000000         1.7000000000         0.7427408419
        0.2800000000         1.7000000000         0.7185299550
        0.2850000000         1.7000000000         0.7032388686
        0.2900000000         1.7000000000         0.6841250106
        0.2950000000         1.7000000000         0.6611883809
        0.3000000000         1.7000000000         0.6408002657
        0.3050000000         1.7000000000         0.6255091793
        0.3100000000         1.7000000000         0.6051210640
        0.3150000000         1.7000000000         0.5860072060
        0.3200000000         1.7000000000         0.5694418624
        0.3250000000         1.7000000000         0.5452309756
        0.3300000000         1.7000000000         0.5248428603
        0.3350000000         1.7000000000         0.5082775167
        0.3400000000         1.7000000000         0.4866151443
        0.3450000000         1.7000000000         0.4662270290
        0.3500000000         1.7000000000         0.4432903994
        0.3550000000         1.7000000000         0.4305478274
        0.3600000000         1.7000000000         0.4063369405
        0.3650000000         1.7000000000         0.3859488253
        0.3700000000         1.7000000000         0.3655607101
        0.3750000000         1.7000000000         0.3464468520
        0.3800000000         1.7000000000         0.3222359652
        0.3850000000         1.7000000000         0.2992993355
        0.3900000000         1.7000000000         0.2776369631
        0.3950000000         1.7000000000         0.2623458767
        0.4000000000         1.7000000000         0.2368607326
        0.4050000000         1.7000000000         0.2177468746
        0.4100000000         1.7000000000         0.1973587594
        0.4150000000         1.7000000000         0.1782449013
        0.4200000000         1.7000000000         0.1514855001
        0.4250000000         1.7000000000         0.1298231277
        0.4300000000         1.7000000000         0.1132577840
        0.4350000000         1.7000000000         0.0890468972
        0.4400000000         1.7000000000         0.0712072964
        0.4450000000         1.7000000000         0.0520934383
        0.4500000000         1.7000000000         0.0240597799
        0.4550000000         1.7000000000         0.0113172079
        0.4600000000         1.7000000000         0.0011231503
        0.4650000000         1.7000000000         0.0049459219
        0.4700000000         1.7000000000         0.0011231503
        0.4750000000         1.7000000000         0.0011231503
        0.4800000000         1.7000000000        -0.0026996214
        0.4850000000         1.7000000000         0.0011231503
        0.4900000000         1.7000000000         1.0855160292
        0.4950000000         1.7000000000         1.1237437453
        0.5000000000         1.7000000000         1.1313892885
        0.5050000000         1.7000000000         5.0650212714
        0.5100000000         1.7000000000         5.0650212714
        0.5150000000         1.7000000000         5.0637470142
        0.5200000000         1.7000000000         5.0637470142
        0.5250000000         1.7000000000         5.0675697858
        0.5300000000         1.7000000000         5.0599242426
        0.5350000000         1.7000000000         5.0433588990
        0.5400000000         1.7000000000         5.0178737549
        0.5450000000         1.7000000000         4.9923886109
        0.5500000000         1.7000000000         4.9669034668
        0.5550000000         1.7000000000         4.9426925800
        0.5600000000         1.7000000000         4.9235787220
        0.5650000000         1.7000000000         4.8993678351
        0.5700000000         1.7000000000         4.8802539771
        0.5750000000         1.7000000000         4.8509460615
        0.5800000000         1.7000000000         4.8292836890
        0.5850000000         1.7000000000         4.8025242878
        0.5900000000         1.7000000000         4.7783134009
        0.5950000000         1.7000000000         4.7604738001
        0.6000000000         1.7000000000         4.7311658845
        0.6050000000         1.7000000000         4.7069549976
        0.6100000000         1.7000000000         4.6827441108
        0.6150000000         1.7000000000         4.6623559955
        0.6200000000         1.7000000000         4.6368708515
        0.6250000000         1.7000000000         4.6152084791
        0.6300000000         1.7000000000         4.5922718494
        0.6350000000         1.7000000000         4.5642381910
        0.6400000000         1.7000000000         4.5451243329
        0.6450000000         1.7000000000         4.5158164173
        0.6500000000         1.7000000000         4.4941540449
        0.6550000000         1.7000000000         4.4712174152
        0.6600000000         1.7000000000         4.4508293000
        0.6650000000         1.7000000000         4.4266184132
        0.6700000000         1.7000000000         4.3998590119
        0.6750000000         1.7000000000         4.3743738679
        0.6800000000         1.7000000000         4.3514372382
        0.6850000000         1.7000000000         4.3259520942
        0.6900000000         1.7000000000         4.3055639790
        0.6950000000         1.7000000000         4.2813530921
        0.7000000000         1.7000000000         4.2596907197
        0.7050000000         1.7000000000         4.2278342896
        0.7100000000         1.7000000000         4.2061719172
        0.7150000000         1.7000000000         4.1832352876
        0.7200000000         1.7000000000         4.1577501435
        0.7250000000         1.7000000000         4.1322649995
        0.7300000000         1.7000000000         4.1093283698
        0.7350000000         1.7000000000         4.0838432258
        0.7400000000         1.7000000000         4.0583580817
        0.7450000000         1.7000000000         4.0354214521
        0.7500000000         1.7000000000         4.0124848225
        0.7550000000         1.7000000000         3.9869996784
        0.7600000000         1.7000000000         3.9627887916
        0.7650000000         1.7000000000         3.9360293903
        0.7700000000         1.7000000000         3.9041729603
        0.7750000000         1.7000000000         3.8799620735
        0.7800000000         1.7000000000         3.8570254438
        0.7850000000         1.7000000000         3.8328145570
        0.7900000000         1.7000000000         3.8111521845
        0.7950000000         1.7000000000         3.7831185261
        0.8000000000         1.7000000000         3.7563591248
        0.8050000000         1.7000000000         3.7283254664
        0.8100000000         1.7000000000         3.7053888368
        0.8150000000         1.7000000000         3.6824522071
        0.8200000000         1.7000000000         3.6531442915
        0.8250000000         1.7000000000         3.6251106330
        0.8300000000         1.7000000000         3.5996254890
        0.8350000000         1.7000000000         3.5766888594
        0.8400000000         1.7000000000         3.5512037153
        0.8450000000         1.7000000000         3.5257185713
        0.8500000000         1.7000000000         3.5027819416
        0.8550000000         1.7000000000         3.4709255116
        0.8600000000         1.7000000000         3.4479888819
        0.8650000000         1.7000000000         3.4237779951
        0.8700000000         1.7000000000         3.3893730506
        0.8750000000         1.7000000000         3.3664364210
        0.8800000000         1.7000000000         3.3409512770
        0.8850000000         1.7000000000         3.3167403901
        0.8900000000         1.7000000000         3.2912552461
        0.8950000000         1.7000000000         3.2657701020
        0.9000000000         1.7000000000         3.2377364436
        0.9050000000         1.7000000000         3.2109770423
        0.9100000000         1.7000000000         3.1867661555
        0.9150000000         1.7000000000         3.1549097255
        0.9200000000         1.7000000000         3.1294245814
        0.9250000000         1.7000000000         3.1064879518
        0.9300000000         1.7000000000         3.0771800361
        0.9350000000         1.7000000000         3.0516948921
        0.9400000000         1.7000000000         3.0262097480
        0.9450000000         1.7000000000         3.0058216328
        0.9500000000         1.7000000000         2.9739652028
        0.9550000000         1.7000000000         2.9472058015
        0.9600000000         1.7000000000         2.9229949147
        0.9650000000         1.7000000000         2.8911384846
        0.9700000000         1.7000000000         2.8694761122
        0.9750000000         1.7000000000         2.8439909681
        0.9800000000         1.7000000000         2.8159573097
        0.9850000000         1.7000000000         2.7917464229
        0.9900000000         1.7000000000         2.7688097932
        0.9950000000         1.7000000000         2.7331305916
        1.0000000000         1.7000000000         2.7127424763
        1.0050000000         1.7000000000         2.6834345607
        1.0100000000         1.7000000000         2.6554009022
        1.0150000000         1.7000000000         2.6311900154
        1.0200000000         1.7000000000         2.6057048713
        1.0250000000         1.7000000000         2.5789454701
        1.0300000000         1.7000000000         2.5560088405
        1.0350000000         1.7000000000         2.5279751820
        1.0400000000         1.7000000000         2.4999415236
        1.0450000000         1.7000000000         2.4744563795
        1.0500000000         1.7000000000         2.4515197499
        1.0550000000         1.7000000000         2.4196633198
        1.0600000000         1.7000000000         2.3954524330
        1.0650000000         1.7000000000         2.3725158034
        1.0700000000         1.7000000000         2.3470306593
        1.0750000000         1.7000000000         2.3215455153
        1.0800000000         1.7000000000         2.2922375996
        1.0850000000         1.7000000000         2.2654781984
        1.0900000000         1.7000000000         2.2438158260
        1.0950000000         1.7000000000         2.2157821675
        1.1000000000         1.7000000000         2.1953940523
        1.1050000000         1.7000000000         2.1686346510
        1.1100000000         1.7000000000         2.1431495070
        1.1150000000         1.7000000000         2.1125673341
        1.1200000000         1.7000000000         2.0870821901
        1.1250000000         1.7000000000         2.0654198177
        1.1300000000         1.7000000000         2.0412089308
        1.1350000000         1.7000000000         2.0220950728
        1.1400000000         1.7000000000         1.9927871571
        1.1450000000         1.7000000000         1.9622049843
        1.1500000000         1.7000000000         1.9367198402
        1.1550000000         1.7000000000         1.9150574678
        1.1600000000         1.7000000000         1.8895723238
        1.1650000000         1.7000000000         1.8666356941
        1.1700000000         1.7000000000         1.8436990645
        1.1750000000         1.7000000000         1.8156654060
        1.1800000000         1.7000000000         1.7914545192
        1.1850000000         1.7000000000         1.7736149184
        1.1900000000         1.7000000000         1.7430327455
        1.1950000000         1.7000000000         1.7188218587
        1.2000000000         1.7000000000         1.6997080007
        1.2050000000         1.7000000000         1.6729485994
        1.2100000000         1.7000000000         1.6500119698
        1.2150000000         1.7000000000         1.6232525685
        1.2200000000         1.7000000000         1.6003159389
        1.2250000000         1.7000000000         1.5761050521
        1.2300000000         1.7000000000         1.5544426796
        1.2350000000         1.7000000000         1.5340545644
        1.2400000000         1.7000000000         1.5072951631
        1.2450000000         1.7000000000         1.4843585335
        1.2500000000         1.7000000000         1.4575991323
        1.2550000000         1.7000000000         1.4384852742
        1.2600000000         1.7000000000         1.4142743874
        1.2650000000         1.7000000000         1.3938862722
        1.2700000000         1.7000000000         1.3658526137
        1.2750000000         1.7000000000         1.3480130129
        1.2800000000         1.7000000000         1.3225278688
        1.2850000000         1.7000000000         1.2932199532
        1.2900000000         1.7000000000         1.2715575807
        1.2950000000         1.7000000000         1.2524437227
        1.3000000000         1.7000000000         1.2307813503
        1.3050000000         1.7000000000         1.2103932350
        1.3100000000         1.7000000000         1.1849080910
        1.3150000000         1.7000000000         1.1632457186
        1.3200000000         1.7000000000         1.1415833461
        1.3250000000         1.7000000000         1.1224694881
        1.3300000000         1.7000000000         1.0969843441
        1.3350000000         1.7000000000         1.0778704860
        1.3400000000         1.7000000000         1.0574823708
        1.3450000000         1.7000000000         1.0345457412
        1.3500000000         1.7000000000         1.0218031691
        1.3550000000         1.7000000000         0.9899467391
        1.3600000000         1.7000000000         0.9644615950
        1.3650000000         1.7000000000         0.9466219942
        1.3700000000         1.7000000000         0.9262338790
        1.3750000000         1.7000000000         0.9032972493
        1.3800000000         1.7000000000         0.8803606197
        1.3850000000         1.7000000000         0.8548754757
        1.3900000000         1.7000000000         0.8332131032
        1.3950000000         1.7000000000         0.8166477596
        1.4000000000         1.7000000000         0.7873398440
        1.4050000000         1.7000000000         0.7682259859
        1.4100000000         1.7000000000         0.7440150991
        1.4150000000         1.7000000000         0.7299982699
        1.4200000000         1.7000000000         0.7032388686
        1.4250000000         1.7000000000         0.6841250106
        1.4300000000         1.7000000000         0.6624626381
        1.4350000000         1.7000000000         0.6382517513
        1.4400000000         1.7000000000         0.6191378933
        1.4450000000         1.7000000000         0.5962012636
        1.4500000000         1.7000000000         0.5694418624
        1.4550000000         1.7000000000         0.5503280044
        1.4600000000         1.7000000000         0.5273913747
        1.4650000000         1.7000000000         0.5070032595
        1.4700000000         1.7000000000         0.4891636587
        1.4750000000         1.7000000000         0.4662270290
        1.4800000000         1.7000000000         0.4432903994
        1.4850000000         1.7000000000         0.4190795125
        1.4900000000         1.7000000000         0.3923201113
        1.4950000000         1.7000000000         0.3783032821
        1.5000000000         1.7000000000         0.3489953664
        1.5050000000         1.7000000000         0.3298815084
        1.5100000000         1.7000000000         0.3056706216
        1.5150000000         1.7000000000         0.2840082491
        1.5200000000         1.7000000000         0.2661686483
        1.5250000000         1.7000000000         0.2394092470
        1.5300000000         1.7000000000         0.2202953890
        1.5350000000         1.7000000000         0.2024557882
        1.5400000000         1.7000000000         0.1782449013
        1.5450000000         1.7000000000         0.1565825289
        1.5500000000         1.7000000000         0.1336458993
        1.5550000000         1.7000000000         0.1145320412
        1.5600000000         1.7000000000         0.0903211544
        1.5650000000         1.7000000000         0.0737558108
        1.5700000000         1.7000000000         0.0533676955
        1.5750000000         1.7000000000         0.0304310659
        1.5800000000         1.7000000000         0.0138657223
        1.5850000000         1.7000000000        -0.0001511069
        1.5900000000         1.7000000000        -0.0026996214
        1.5950000000         1.7000000000         0.0023974075
        1.6000000000         1.7000000000         0.0011231503
        1.6050000000         1.7000000000         0.0011231503
        1.6100000000         1.7000000000         0.0011231503
        1.6150000000         1.7000000000         1.0867902864
        1.6200000000         1.7000000000         1.1211952309
        1.6250000000         1.7000000000         1.1326635457
        1.6300000000         1.7000000000         5.0650212714
        1.6350000000         1.7000000000         5.0624727570
        1.6400000000         1.7000000000         5.0675697858
        1.6450000000         1.7000000000         5.0624727570
        1.6500000000         1.7000000000         5.0650212714
        1.6550000000         1.7000000000         5.0599242426
        1.6600000000         1.7000000000         5.0357133558
        1.6650000000         1.7000000000         5.0165994977
        1.6700000000         1.7000000000         4.9949371253
        1.6750000000         1.7000000000         4.9694519812
        1.6800000000         1.7000000000         4.9516123804
        1.6850000000         1.7000000000         4.9235787220
        1.6900000000         1.7000000000         4.9006420923
        1.6950000000         1.7000000000         4.8764312055
        1.7000000000         1.7000000000         4.8573173475
        1.7050000000         1.7000000000         4.8305579462
        1.7100000000         1.7000000000         4.8050728022
        1.7150000000         1.7000000000         4.7783134009
        1.7200000000         1.7000000000         4.7553767713
        1.7250000000         1.7000000000         4.7375371705
        1.7300000000         1.7000000000         4.7146005408
        1.7350000000         1.7000000000         4.6916639112
        1.7400000000         1.7000000000         4.6674530244
        1.7450000000         1.7000000000         4.6394193659
        1.7500000000         1.7000000000         4.6177569935
        1.7550000000         1.7000000000         4.5922718494
        1.7600000000         1.7000000000         4.5680609626
        1.7650000000         1.7000000000         4.5438500757
        1.7700000000         1.7000000000         4.5221877033
        1.7750000000         1.7000000000         4.4967025593
        1.7800000000         1.7000000000         4.4724916724
        1.7850000000         1.7000000000         4.4533778144
        1.7900000000         1.7000000000         4.4278926704
        1.7950000000         1.7000000000         4.4075045551
        1.8000000000         1.7000000000         4.3807451539
        1.8050000000         1.7000000000         4.3565342670
        1.8100000000         1.7000000000         4.3310491230
        1.8150000000         1.7000000000         4.3132095222
        1.8200000000         1.7000000000         4.2877243781
        1.8250000000         1.7000000000         4.2635134913
        1.8300000000         1.7000000000         4.2354798328
        1.8350000000         1.7000000000         4.2278342896
        1.8400000000         1.7000000000         4.1921550880
        1.8450000000         1.7000000000         4.1666699439
        1.8500000000         1.7000000000         4.1450075715
        1.8550000000         1.7000000000         4.1220709419
        1.8600000000         1.7000000000         4.0965857978
        1.8650000000         1.7000000000         4.0774719398
        1.8700000000         1.7000000000         4.0545353101
        1.8750000000         1.7000000000         4.0277759089
        1.8800000000         1.7000000000         4.0035650221
        1.8850000000         1.7000000000         3.9768056208
        1.8900000000         1.7000000000         3.9500462196
        1.8950000000         1.7000000000         3.9334808759
        1.9000000000         1.7000000000         3.9016244459
        1.9050000000         1.7000000000         3.8774135590
        1.9100000000         1.7000000000         3.8544769294
        1.9150000000         1.7000000000         3.8315402998
        1.9200000000         1.7000000000         3.8047808985
        1.9250000000         1.7000000000         3.7780214973
        1.9300000000         1.7000000000         3.7538106104
        1.9350000000         1.7000000000         3.7283254664
        1.9400000000         1.7000000000         3.7079373512
        1.9450000000         1.7000000000         3.6824522071
        1.9500000000         1.7000000000         3.6531442915
        1.9550000000         1.7000000000         3.6327561762
        1.9600000000         1.7000000000         3.6149165754
        1.9650000000         1.7000000000         3.5805116310
        1.9700000000         1.7000000000         3.5563007441
        1.9750000000         1.7000000000         3.5308156001
        1.9800000000         1.7000000000         3.5002334272
        1.9850000000         1.7000000000         3.4823938264
        1.9900000000         1.7000000000         3.4556344252
        1.9950000000         1.7000000000         3.4276007667
        2.0000000000         1.7000000000         3.4059383943
        2.0050000000         1.7000000000         3.3753562214
        2.0100000000         1.7000000000         3.3536938490
        2.0150000000         1.7000000000         3.3256601905
        2.0200000000         1.7000000000         3.3039978181
        2.0250000000         1.7000000000         3.2746899025
        2.0300000000         1.7000000000         3.2428334724
        2.0350000000         1.7000000000         3.2160740712
        2.0400000000         1.7000000000         3.1931374415
        2.0450000000         1.7000000000         3.1676522975
        2.0500000000         1.7000000000         3.1408928962
        2.0550000000         1.7000000000         3.1141334950
        2.0600000000         1.7000000000         3.0886483509
        2.0650000000         1.7000000000         3.0631632069
        2.0700000000         1.7000000000         3.0364038057
        2.0750000000         1.7000000000         3.0083701472
        2.0800000000         1.7000000000         2.9841592604
        2.0850000000         1.7000000000         2.9561256019
        2.0900000000         1.7000000000         2.9344632295
        2.0950000000         1.7000000000         2.9077038282
        2.1000000000         1.7000000000         2.8758473982
        2.1050000000         1.7000000000         2.8503622542
        2.1100000000         1.7000000000         2.8299741389
        2.1150000000         1.7000000000         2.7981177089
        2.1200000000         1.7000000000         2.7739068220
        2.1250000000         1.7000000000         2.7509701924
        2.1300000000         1.7000000000         2.7229365339
        2.1350000000         1.7000000000         2.6961771327
        2.1400000000         1.7000000000         2.6732405031
        2.1450000000         1.7000000000         2.6413840730
        2.1500000000         1.7000000000         2.6158989290
        2.1550000000         1.7000000000         2.5942365565
        2.1600000000         1.7000000000         2.5636543837
        2.1650000000         1.7000000000         2.5368949824
        2.1700000000         1.7000000000         2.5126840956
        2.1750000000         1.7000000000         2.4884732088
        2.1800000000         1.7000000000         2.4591652931
        2.1850000000         1.7000000000         2.4362286635
        2.1900000000         1.7000000000         2.4107435194
        2.1950000000         1.7000000000         2.3878068898
        2.2000000000         1.7000000000         2.3584989741
        2.2050000000         1.7000000000         2.3317395729
        2.2100000000         1.7000000000         2.3075286861
        2.2150000000         1.7000000000         2.2782207704
        2.2200000000         1.7000000000         2.2540098836
        2.2250000000         1.7000000000         2.2310732539
        2.2300000000         1.7000000000         2.2043138527
        2.2350000000         1.7000000000         2.1775544514
        2.2400000000         1.7000000000         2.1648118794
        2.2450000000         1.7000000000         2.1265841634
        2.2500000000         1.7000000000         2.1049217909
        2.2550000000         1.7000000000         2.0730653609
        2.2600000000         1.7000000000         2.0526772456
        2.2650000000         1.7000000000         2.0246435872
        2.2700000000         1.7000000000         1.9978841859
        2.2750000000         1.7000000000         1.9774960707
        2.2800000000         1.7000000000         1.9469138979
        2.2850000000         1.7000000000         1.9239772682
        2.2900000000         1.7000000000         1.8984921242
        2.2950000000         1.7000000000         1.8793782662
        2.3000000000         1.7000000000         1.8526188649
        2.3050000000         1.7000000000         1.8284079781
        2.3100000000         1.7000000000         1.8067456056
        2.3150000000         1.7000000000         1.7787119472
        2.3200000000         1.7000000000         1.7519525459
        2.3250000000         1.7000000000         1.7302901735
        2.3300000000         1.7000000000         1.7073535439
        2.3350000000         1.7000000000         1.6831426570
        2.3400000000         1.7000000000         1.6602060274
        2.3450000000         1.7000000000         1.6359951406
        2.3500000000         1.7000000000         1.6143327681
        2.3550000000         1.7000000000         1.5875733669
        2.3600000000         1.7000000000         1.5633624800
        2.3650000000         1.7000000000         1.5480713936
        2.3700000000         1.7000000000         1.5213119924
        2.3750000000         1.7000000000         1.4958268483
        2.3800000000         1.7000000000         1.4728902187
        2.3850000000         1.7000000000         1.4474050746
        2.3900000000         1.7000000000         1.4295654738
        2.3950000000         1.7000000000         1.4066288442
        2.4000000000         1.7000000000         1.3824179573
        2.4050000000         1.7000000000         1.3607555849
        2.4100000000         1.7000000000         1.3378189553
        2.4150000000         1.7000000000         1.3161565828
        2.4200000000         1.7000000000         1.2919456960
        2.4250000000         1.7000000000         1.2651862947
        2.4300000000         1.7000000000         1.2498952083
        2.4350000000         1.7000000000         1.2218615499
        2.4400000000         1.7000000000         1.2027476918
        2.4450000000         1.7000000000         1.1785368050
        2.4500000000         1.7000000000         1.1568744326
        2.4550000000         1.7000000000         1.1313892885
        2.4600000000         1.7000000000         1.1135496877
        2.4650000000         1.7000000000         1.0931615725
        2.4700000000         1.7000000000         1.0664021712
        2.4750000000         1.7000000000         1.0485625704
        2.4800000000         1.7000000000         1.0243516835
        2.4850000000         1.7000000000         0.9988665395
        2.4900000000         1.7000000000         0.9823011959
        2.4950000000         1.7000000000         0.9606388234
        2.5000000000         1.7000000000         0.9377021938
        2.5050000000         1.7000000000         0.9173140786
        2.5100000000         1.7000000000         0.8956517061
        2.5150000000         1.7000000000         0.8739893337
        2.5200000000         1.7000000000         0.8485041897
        2.5250000000         1.7000000000         0.8293903316
        2.5300000000         1.7000000000         0.8077279592
        2.5350000000         1.7000000000         0.7847913295
        2.5400000000         1.7000000000         0.7631289571
        2.5450000000         1.7000000000         0.7414665847
        2.5500000000         1.7000000000         0.7274497555
        2.5550000000         1.7000000000         0.7057873830
        2.5600000000         1.7000000000         0.6790279818
        2.5650000000         1.7000000000         0.6599141237
        2.5700000000         1.7000000000         0.6357032369
        2.5750000000         1.7000000000         0.6178636361
        2.5800000000         1.7000000000         0.5974755208
        2.5850000000         1.7000000000         0.5719903768
        2.5900000000         1.7000000000         0.5516022616
        2.5950000000         1.7000000000         0.5312141463
        2.6000000000         1.7000000000         0.5095517739
        2.6050000000         1.7000000000         0.4866151443
        2.6100000000         1.7000000000         0.4624042574
        2.6150000000         1.7000000000         0.4471131710
        2.6200000000         1.7000000000         0.4216280269
        2.6250000000         1.7000000000         0.3948686257
        2.6300000000         1.7000000000         0.3783032821
        2.6350000000         1.7000000000         0.3617379384
        2.6400000000         1.7000000000         0.3337042800
        2.6450000000         1.7000000000         0.3209617080
        2.6500000000         1.7000000000         0.2942023067
        2.6550000000         1.7000000000         0.2725399343
        2.6600000000         1.7000000000         0.2547003335
        2.6650000000         1.7000000000         0.2279409322
        2.6700000000         1.7000000000         0.2113755886
        2.6750000000         1.7000000000         0.1909874734
        2.6800000000         1.7000000000         0.1629538149
        2.6850000000         1.7000000000         0.1476627285
        2.6900000000         1.7000000000         0.1272746133
        2.6950000000         1.7000000000         0.1056122408
        2.7000000000         1.7000000000         0.0801270968
        2.7050000000         1.7000000000         0.0661102676
        2.7100000000         1.7000000000         0.0469964095
        2.7150000000         1.7000000000         0.0215112655
        2.7200000000         1.7000000000        -0.0026996214
        2.7250000000         1.7000000000        -0.0001511069
        2.7300000000         1.7000000000         0.0023974075
        2.7350000000         1.7000000000        -0.0001511069
        2.7400000000         1.7000000000         0.0011231503
        2.7450000000         1.7000000000         0.0011231503
        2.7500000000         1.7000000000         0.0011231503
        2.7550000000         1.7000000000         1.0625793996
        2.7600000000         1.7000000000         1.1110011733
        2.7650000000         1.7000000000         1.1046298873
        2.7700000000         1.7000000000         5.0675697858
        2.7750000000         1.7000000000         5.0675697858
        2.7800000000         1.7000000000         5.0624727570
        2.7850000000         1.7000000000         5.0688440430
        2.7900000000         1.7000000000         5.0650212714
        2.7950000000         1.7000000000         5.0497301850
        2.8000000000         1.7000000000         5.0293420697
        2.8050000000         1.7000000000         5.0076796973
        2.8100000000         1.7000000000         4.9847430677
        2.8150000000         1.7000000000         4.9567094092
        2.8200000000         1.7000000000         4.9337727796
        2.8250000000         1.7000000000         4.9172074360
        2.8300000000         1.7000000000         4.8917222919
        2.8350000000         1.7000000000         4.8649628907
        2.8400000000         1.7000000000         4.8420262610
        2.8450000000         1.7000000000         4.8241866602
        2.8500000000         1.7000000000         4.7961530018
        2.8550000000         1.7000000000         4.7744906293
        2.8600000000         1.7000000000         4.7515539997
        2.8650000000         1.7000000000         4.7286173701
        2.8700000000         1.7000000000         4.7069549976
        2.8750000000         1.7000000000         4.6827441108
        2.8800000000         1.7000000000         4.6623559955
        2.8850000000         1.7000000000         4.6343223371
        2.8900000000         1.7000000000         4.6088371931
        2.8950000000         1.7000000000         4.5897233350
        2.9000000000         1.7000000000         4.5706094770
        2.9050000000         1.7000000000         4.5387530469
        2.9100000000         1.7000000000         4.5209134461
        2.9150000000         1.7000000000         4.4992510737
        2.9200000000         1.7000000000         4.4763144440
        2.9250000000         1.7000000000         4.4508293000
        2.9300000000         1.7000000000         4.4317154420
        2.9350000000         1.7000000000         4.4100530695
        2.9400000000         1.7000000000         4.3845679255
        2.9450000000         1.7000000000         4.3603570386
        2.9500000000         1.7000000000         4.3412431806
        2.9550000000         1.7000000000         4.3183065510
        2.9600000000         1.7000000000         4.2940956641
        2.9650000000         1.7000000000         4.2724332917
        2.9700000000         1.7000000000         4.2533194337
        2.9750000000         1.7000000000         4.2265600324
        2.9800000000         1.7000000000         4.1998006312
        2.9850000000         1.7000000000         4.1806867731
        2.9900000000         1.7000000000         4.1602986579
        2.9950000000         1.7000000000         4.1322649995
        3.0000000000         1.7000000000         4.1118768842
        3.0050000000         1.7000000000         4.0876659974
        3.0100000000         1.7000000000         4.0647293678
        3.0150000000         1.7000000000         4.0430669953
        3.0200000000         1.7000000000         4.0201303657
        3.0250000000         1.7000000000         3.9895481928
        3.0300000000         1.7000000000         3.9717085920
        3.0350000000         1.7000000000         3.9424006764
        3.0400000000         1.7000000000         3.9207383039
        3.0450000000         1.7000000000         3.8978016743
        3.0500000000         1.7000000000         3.8723165302
        3.0550000000         1.7000000000         3.8442828718
        3.0600000000         1.7000000000         3.8264432710
        3.0650000000         1.7000000000         3.8009581269
        3.0700000000         1.7000000000         3.7741987257
        3.0750000000         1.7000000000         3.7499878388
        3.0800000000         1.7000000000         3.7245026948
        3.0850000000         1.7000000000         3.7028403224
        3.0900000000         1.7000000000         3.6799036927
        3.0950000000         1.7000000000         3.6518700343
        3.1000000000         1.7000000000         3.6225621186
        3.1050000000         1.7000000000         3.6047225178
        3.1100000000         1.7000000000         3.5766888594
        3.1150000000         1.7000000000         3.5512037153
        3.1200000000         1.7000000000         3.5282670857
        3.1250000000         1.7000000000         3.5015076844
        3.1300000000         1.7000000000         3.4772967976
        3.1350000000         1.7000000000         3.4518116535
        3.1400000000         1.7000000000         3.4276007667
        3.1450000000         1.7000000000         3.3982928511
        3.1500000000         1.7000000000         3.3753562214
        3.1550000000         1.7000000000         3.3511453346
        3.1600000000         1.7000000000         3.3243859333
        3.1650000000         1.7000000000         3.3014493037
        3.1700000000         1.7000000000         3.2746899025
        3.1750000000         1.7000000000         3.2441077296
        3.1800000000         1.7000000000         3.2249938716
        3.1850000000         1.7000000000         3.1944116987
        3.1900000000         1.7000000000         3.1740235835
        3.1950000000         1.7000000000         3.1447156678
        3.2000000000         1.7000000000         3.1205047810
        3.2050000000         1.7000000000         3.0899226081
        3.2100000000         1.7000000000         3.0708087501
        3.2150000000         1.7000000000         3.0427750917
        3.2200000000         1.7000000000         3.0147414332
        3.2250000000         1.7000000000         2.9879820320
        3.2300000000         1.7000000000         2.9637711451
        3.2350000000         1.7000000000         2.9331889723
        3.2400000000         1.7000000000         2.9140751143
        3.2450000000         1.7000000000         2.8834929414
        3.2500000000         1.7000000000         2.8580077974
        3.2550000000         1.7000000000         2.8376196821
        3.2600000000         1.7000000000         2.8121345381
        3.2650000000         1.7000000000         2.7815523652
        3.2700000000         1.7000000000         2.7509701924
        3.2750000000         1.7000000000         2.7331305916
        3.2800000000         1.7000000000         2.7025484187
        3.2850000000         1.7000000000         2.6770632747
        3.2900000000         1.7000000000         2.6477553590
        3.2950000000         1.7000000000         2.6235444722
        3.3000000000         1.7000000000         2.6006078425
        3.3050000000         1.7000000000         2.5662028981
        3.3100000000         1.7000000000         2.5445405256
        3.3150000000         1.7000000000         2.5126840956
        3.3200000000         1.7000000000         2.4897474660
        3.3250000000         1.7000000000         2.4706336079
        3.3300000000         1.7000000000         2.4400514351
        3.3350000000         1.7000000000         2.4145662910
        3.3400000000         1.7000000000         2.3865326326
        3.3450000000         1.7000000000         2.3610474885
        3.3500000000         1.7000000000         2.3355623445
        3.3550000000         1.7000000000         2.3100772005
        3.3600000000         1.7000000000         2.2820435420
        3.3650000000         1.7000000000         2.2565583980
        3.3700000000         1.7000000000         2.2259762251
        3.3750000000         1.7000000000         2.2043138527
        3.3800000000         1.7000000000         2.1775544514
        3.3850000000         1.7000000000         2.1533435646
        3.3900000000         1.7000000000         2.1265841634
        3.3950000000         1.7000000000         2.1074703053
        3.4000000000         1.7000000000         2.0756138753
        3.4050000000         1.7000000000         2.0577742744
        3.4100000000         1.7000000000         2.0271921016
        3.4150000000         1.7000000000         2.0017069576
        3.4200000000         1.7000000000         1.9749475563
        3.4250000000         1.7000000000         1.9558336983
        3.4300000000         1.7000000000         1.9227030110
        3.4350000000         1.7000000000         1.9023148958
        3.4400000000         1.7000000000         1.8781040089
        3.4450000000         1.7000000000         1.8436990645
        3.4500000000         1.7000000000         1.8271337209
        3.4550000000         1.7000000000         1.8092941200
        3.4600000000         1.7000000000         1.7889060048
        3.4650000000         1.7000000000         1.7545010603
        3.4700000000         1.7000000000         1.7302901735
        3.4750000000         1.7000000000         1.7200961159
        3.4800000000         1.7000000000         1.6805941426
        3.4850000000         1.7000000000         1.6653030562
        3.4900000000         1.7000000000         1.6385436550
        3.4950000000         1.7000000000         1.6156070253
        3.5000000000         1.7000000000         1.5926703957
        3.5050000000         1.7000000000         1.5646367372
        3.5100000000         1.7000000000         1.5429743648
        3.5150000000         1.7000000000         1.5251347640
        3.5200000000         1.7000000000         1.4958268483
        3.5250000000         1.7000000000         1.4728902187
        3.5300000000         1.7000000000         1.4512278462
        3.5350000000         1.7000000000         1.4282912166
        3.5400000000         1.7000000000         1.4079031014
        3.5450000000         1.7000000000         1.3849664717
        3.5500000000         1.7000000000         1.3569328133
        3.5550000000         1.7000000000         1.3403674697
        3.5600000000         1.7000000000         1.3161565828
        3.5650000000         1.7000000000         1.2893971816
        3.5700000000         1.7000000000         1.2651862947
        3.5750000000         1.7000000000         1.2460724367
        3.5800000000         1.7000000000         1.2205872927
        3.5850000000         1.7000000000         1.2040219490
        3.5900000000         1.7000000000         1.1759882906
        3.5950000000         1.7000000000         1.1568744326
        3.6000000000         1.7000000000         1.1326635457
        3.6050000000         1.7000000000         1.1122754305
        3.6100000000         1.7000000000         1.0880645436
        3.6150000000         1.7000000000         1.0676764284
        3.6200000000         1.7000000000         1.0485625704
        3.6250000000         1.7000000000         1.0192546547
        3.6300000000         1.7000000000         1.0014150539
        3.6350000000         1.7000000000         0.9797526815
        3.6400000000         1.7000000000         0.9593645662
        3.6450000000         1.7000000000         0.9389764510
        3.6500000000         1.7000000000         0.9147655642
        3.6550000000         1.7000000000         0.8943774489
        3.6600000000         1.7000000000         0.8727150765
        3.6650000000         1.7000000000         0.8472299324
        3.6700000000         1.7000000000         0.8332131032
        3.6750000000         1.7000000000         0.8090022164
        3.6800000000         1.7000000000         0.7847913295
        3.6850000000         1.7000000000         0.7567576711
        3.6900000000         1.7000000000         0.7414665847
        3.6950000000         1.7000000000         0.7223527266
        3.7000000000         1.7000000000         0.6968675826
        3.7050000000         1.7000000000         0.6790279818
        3.7100000000         1.7000000000         0.6573656093
        3.7150000000         1.7000000000         0.6331547225
        3.7200000000         1.7000000000         0.6102180929
        3.7250000000         1.7000000000         0.5885557204
        3.7300000000         1.7000000000         0.5758131484
        3.7350000000         1.7000000000         0.5439567183
        3.7400000000         1.7000000000         0.5261171175
        3.7450000000         1.7000000000         0.5133745455
        3.7500000000         1.7000000000         0.4827923726
        3.7550000000         1.7000000000         0.4624042574
        3.7600000000         1.7000000000         0.4394676278
        3.7650000000         1.7000000000         0.4190795125
        3.7700000000         1.7000000000         0.3974171401
        3.7750000000         1.7000000000         0.3706577389
        3.7800000000         1.7000000000         0.3540923952
        3.7850000000         1.7000000000         0.3273329940
        3.7900000000         1.7000000000         0.3094933932
        3.7950000000         1.7000000000         0.2878310207
        3.8000000000         1.7000000000         0.2636201339
        3.8050000000         1.7000000000         0.2406835042
        3.8100000000         1.7000000000         0.2266666750
        3.8150000000         1.7000000000         0.2024557882
        3.8200000000         1.7000000000         0.1782449013
        3.8250000000         1.7000000000         0.1565825289
        3.8300000000         1.7000000000         0.1285488705
        3.8350000000         1.7000000000         0.1132577840
        3.8400000000         1.7000000000         0.0915954116
        3.8450000000         1.7000000000         0.0724815536
        3.8500000000         1.7000000000         0.0495449239
        3.8550000000         1.7000000000         0.0240597799
        3.8600000000         1.7000000000         0.0062201791
        3.8650000000         1.7000000000         0.0011231503
        3.8700000000         1.7000000000         0.0011231503
        3.8750000000         1.7000000000        -0.0001511069
        3.8800000000         1.7000000000        -0.0014253642
        3.8850000000         1.7000000000        -0.0026996214
        3.8900000000         1.7000000000        -0.0014253642
        3.8950000000         1.7000000000         1.1186467165
        3.9000000000         1.7000000000         1.1084526589
        3.9050000000         1.7000000000         1.1135496877
        3.9100000000         1.7000000000         5.0611984998
        3.9150000000         1.7000000000         5.0662955286
        3.9200000000         1.7000000000         5.0662955286
        3.9250000000         1.7000000000         5.0675697858
        3.9300000000         1.7000000000         5.0650212714
        3.9350000000         1.7000000000         5.0510044422
        3.9400000000         1.7000000000         5.0255192981
        3.9450000000         1.7000000000         5.0076796973
        3.9500000000         1.7000000000         4.9809202961
        3.9550000000         1.7000000000         4.9528866376
        3.9600000000         1.7000000000         4.9299500080
        3.9650000000         1.7000000000         4.9031906067
        3.9700000000         1.7000000000         4.8828024915
        3.9750000000         1.7000000000         4.8585916047
        3.9800000000         1.7000000000         4.8305579462
        3.9850000000         1.7000000000         4.8088955738
        3.9900000000         1.7000000000         4.7872332013
        3.9950000000         1.7000000000         4.7617480573
        4.0000000000         1.7000000000         4.7388114277
        4.0050000000         1.7000000000         4.7107777692
        4.0100000000         1.7000000000         4.6852926252
        4.0150000000         1.7000000000         4.6623559955
        4.0200000000         1.7000000000         4.6394193659
        4.0250000000         1.7000000000         4.6113857075
        4.0300000000         1.7000000000         4.5859005634
        4.0350000000         1.7000000000         4.5604154194
        4.0400000000         1.7000000000         4.5323817609
        4.0450000000         1.7000000000         4.5094451313
        4.0500000000         1.7000000000         4.4865085017
        4.0550000000         1.7000000000         4.4635718720
        4.0600000000         1.7000000000         4.4393609852
        4.0650000000         1.7000000000         4.4151500983
        4.0700000000         1.7000000000         4.3883906971
        4.0750000000         1.7000000000         4.3629055530
        4.0800000000         1.7000000000         4.3399689234
        4.0850000000         1.7000000000         4.3208550654
        4.0900000000         1.7000000000         4.2953699213
        4.0950000000         1.7000000000         4.2647877485
        4.1000000000         1.7000000000         4.2393026044
        4.1050000000         1.7000000000         4.2189144892
        4.1100000000         1.7000000000         4.1908808308
        4.1150000000         1.7000000000         4.1692184583
        4.1200000000         1.7000000000         4.1424590571
        4.1250000000         1.7000000000         4.1207966846
        4.1300000000         1.7000000000         4.0940372834
        4.1350000000         1.7000000000         4.0711006538
        4.1400000000         1.7000000000         4.0456155097
        4.1450000000         1.7000000000         4.0175818513
        4.1500000000         1.7000000000         3.9933709644
        4.1550000000         1.7000000000         3.9729828492
        4.1600000000         1.7000000000         3.9500462196
        4.1650000000         1.7000000000         3.9169155323
        4.1700000000         1.7000000000         3.8965274171
        4.1750000000         1.7000000000         3.8723165302
        4.1800000000         1.7000000000         3.8430086146
        4.1850000000         1.7000000000         3.8200719850
        4.1900000000         1.7000000000         3.7894898121
        4.1950000000         1.7000000000         3.7665531825
        4.2000000000         1.7000000000         3.7436165528
        4.2050000000         1.7000000000         3.7168571516
        4.2100000000         1.7000000000         3.6888234931
        4.2150000000         1.7000000000         3.6671611207
        4.2200000000         1.7000000000         3.6416759767
        4.2250000000         1.7000000000         3.6174650898
        4.2300000000         1.7000000000         3.5907056886
        4.2350000000         1.7000000000         3.5626720301
        4.2400000000         1.7000000000         3.5422839149
        4.2450000000         1.7000000000         3.5193472853
        4.2500000000         1.7000000000         3.4862165980
        4.2550000000         1.7000000000         3.4594571968
        4.2600000000         1.7000000000         3.4365205671
        4.2650000000         1.7000000000         3.4110354231
        4.2700000000         1.7000000000         3.3880987934
        4.2750000000         1.7000000000         3.3587908778
        4.2800000000         1.7000000000         3.3320314765
        4.2850000000         1.7000000000         3.3065463325
        4.2900000000         1.7000000000         3.2823354457
        4.2950000000         1.7000000000         3.2530275300
        4.3000000000         1.7000000000         3.2224453572
        4.3050000000         1.7000000000         3.2020572419
        4.3100000000         1.7000000000         3.1714750691
        4.3150000000         1.7000000000         3.1485384394
        4.3200000000         1.7000000000         3.1192305238
        4.3250000000         1.7000000000         3.0950196370
        4.3300000000         1.7000000000         3.0669859785
        4.3350000000         1.7000000000         3.0389523201
        4.3400000000         1.7000000000         3.0134671760
        4.3450000000         1.7000000000         2.9892562892
        4.3500000000         1.7000000000         2.9663196595
        4.3550000000         1.7000000000         2.9357374867
        4.3600000000         1.7000000000         2.9268176863
        4.3650000000         1.7000000000         2.8822186842
        4.3700000000         1.7000000000         2.8580077974
        4.3750000000         1.7000000000         2.8490879970
        4.3800000000         1.7000000000         2.8019404805
        4.3850000000         1.7000000000         2.7802781080
        4.3900000000         1.7000000000         2.7662612788
        4.3950000000         1.7000000000         2.7280335628
        4.4000000000         1.7000000000         2.6961771327
        4.4050000000         1.7000000000         2.6847088179
        4.4100000000         1.7000000000         2.6477553590
        4.4150000000         1.7000000000         2.6222702150
        4.4200000000         1.7000000000         2.5929622993
        4.4250000000         1.7000000000         2.5687514125
        4.4300000000         1.7000000000         2.5394434968
        4.4350000000         1.7000000000         2.5152326100
        4.4400000000         1.7000000000         2.4884732088
        4.4450000000         1.7000000000         2.4642623219
        4.4500000000         1.7000000000         2.4375029207
        4.4550000000         1.7000000000         2.4094692622
        4.4600000000         1.7000000000         2.3852583754
        4.4650000000         1.7000000000         2.3572247169
        4.4700000000         1.7000000000         2.3317395729
        4.4750000000         1.7000000000         2.3088029433
        4.4800000000         1.7000000000         2.2807692848
        4.4850000000         1.7000000000         2.2552841408
        4.4900000000         1.7000000000         2.2247019679
        4.4950000000         1.7000000000         2.1979425667
        4.5000000000         1.7000000000         2.1775544514
        4.5050000000         1.7000000000         2.1520693074
        4.5100000000         1.7000000000         2.1227613918
        4.5150000000         1.7000000000         2.0985505049
        4.5200000000         1.7000000000         2.0756138753
        4.5250000000         1.7000000000         2.0475802168
        4.5300000000         1.7000000000         2.0220950728
        4.5350000000         1.7000000000         1.9966099287
        4.5400000000         1.7000000000         1.9711247847
        4.5450000000         1.7000000000         1.9430911263
        4.5500000000         1.7000000000         1.9227030110
        4.5550000000         1.7000000000         1.8984921242
        4.5600000000         1.7000000000         1.8679099513
        4.5650000000         1.7000000000         1.8500703505
        4.5700000000         1.7000000000         1.8220366921
        4.5750000000         1.7000000000         1.7978258052
        4.5800000000         1.7000000000         1.7761634328
        4.5850000000         1.7000000000         1.7468555171
        4.5900000000         1.7000000000         1.7290159163
        4.5950000000         1.7000000000         1.7060792867
        4.6000000000         1.7000000000         1.6805941426
        4.6050000000         1.7000000000         1.6525604842
        4.6100000000         1.7000000000         1.6347208833
        4.6150000000         1.7000000000         1.6079614821
        4.6200000000         1.7000000000         1.5837505953
        4.6250000000         1.7000000000         1.5633624800
        4.6300000000         1.7000000000         1.5429743648
        4.6350000000         1.7000000000         1.5187634780
        4.6400000000         1.7000000000         1.4907298195
        4.6450000000         1.7000000000         1.4690674471
        4.6500000000         1.7000000000         1.4486793318
        4.6550000000         1.7000000000         1.4270169594
        4.6600000000         1.7000000000         1.4040803298
        4.6650000000         1.7000000000         1.3811437001
        4.6700000000         1.7000000000         1.3569328133
        4.6750000000         1.7000000000         1.3339961837
        4.6800000000         1.7000000000         1.3148823256
        4.6850000000         1.7000000000         1.2881229244
        4.6900000000         1.7000000000         1.2728318380
        4.6950000000         1.7000000000         1.2447981795
        4.7000000000         1.7000000000         1.2218615499
        4.7050000000         1.7000000000         1.2065704634
        4.7100000000         1.7000000000         1.1849080910
        4.7150000000         1.7000000000         1.1581486898
        4.7200000000         1.7000000000         1.1377605745
        4.7250000000         1.7000000000         1.1186467165
        4.7300000000         1.7000000000         1.0995328585
        4.7350000000         1.7000000000         1.0778704860
        4.7400000000         1.7000000000         1.0511110848
        4.7450000000         1.7000000000         1.0281744551
        4.7500000000         1.7000000000         1.0141576259
        4.7550000000         1.7000000000         0.9835754531
        4.7600000000         1.7000000000         0.9695586239
        4.7650000000         1.7000000000         0.9504447658
        4.7700000000         1.7000000000         0.9224111074
        4.7750000000         1.7000000000         0.9045715065
        4.7800000000         1.7000000000         0.8841833913
        4.7850000000         1.7000000000         0.8586982473
        4.7900000000         1.7000000000         0.8421329036
        4.7950000000         1.7000000000         0.8179220168
        4.8000000000         1.7000000000         0.7962596444
        4.8050000000         1.7000000000         0.7758715291
        4.8100000000         1.7000000000         0.7491121279
        4.8150000000         1.7000000000         0.7325467843
        4.8200000000         1.7000000000         0.7108844118
        4.8250000000         1.7000000000         0.6879477822
        4.8300000000         1.7000000000         0.6662854098
        4.8350000000         1.7000000000         0.6471715517
        4.8400000000         1.7000000000         0.6242349221
        4.8450000000         1.7000000000         0.6012982924
        4.8500000000         1.7000000000         0.5847329488
        4.8550000000         1.7000000000         0.5617963192
        4.8600000000         1.7000000000         0.5375854323
        4.8650000000         1.7000000000         0.5133745455
        4.8700000000         1.7000000000         0.4968092019
        4.8750000000         1.7000000000         0.4687755434
        4.8800000000         1.7000000000         0.4534844570
        4.8850000000         1.7000000000         0.4305478274
        4.8900000000         1.7000000000         0.4076111977
        4.8950000000         1.7000000000         0.3884973397
        4.9000000000         1.7000000000         0.3604636812
        4.9050000000         1.7000000000         0.3400755660
        4.9100000000         1.7000000000         0.3209617080
        4.9150000000         1.7000000000         0.2980250783
        4.9200000000         1.7000000000         0.2789112203
        4.9250000000         1.7000000000         0.2521518191
        4.9300000000         1.7000000000         0.2330379610
        4.9350000000         1.7000000000         0.2126498458
        4.9400000000         1.7000000000         0.1846161874
        4.9450000000         1.7000000000         0.1655023293
        4.9500000000         1.7000000000         0.1463884713
        4.9550000000         1.7000000000         0.1221775845
        4.9600000000         1.7000000000         0.1043379836
        4.9650000000         1.7000000000         0.0801270968
        4.9700000000         1.7000000000         0.0584647243
        4.9750000000         1.7000000000         0.0418993807
        4.9800000000         1.7000000000         0.0138657223
        4.9850000000         1.7000000000        -0.0001511069
        4.9900000000         1.7000000000         0.0049459219
        4.9950000000         1.7000000000         0.0011231503
        5.0000000000         1.7000000000         0.0049459219
        5.0050000000         1.7000000000        -0.0001511069
        5.0100000000         1.7000000000        -0.0026996214
        5.0150000000         1.7000000000         1.0778704860
        5.0200000000         1.7000000000         1.0867902864
        5.0250000000         1.7000000000         1.0893388008
        5.0300000000         1.7000000000         5.0624727570
        5.0350000000         1.7000000000         5.0701183002
        5.0400000000         1.7000000000         5.0624727570
        5.0450000000         1.7000000000         5.0624727570
        5.0500000000         1.7000000000         5.0675697858
        5.0550000000         1.7000000000         5.0548272138
        5.0600000000         1.7000000000         5.0280678125
        5.0650000000         1.7000000000         5.0038569257
        5.0700000000         1.7000000000         4.9821945533
        5.0750000000         1.7000000000         4.9579836664
        5.0800000000         1.7000000000         4.9337727796
        5.0850000000         1.7000000000         4.9044648639
        5.0900000000         1.7000000000         4.8815282343
        5.0950000000         1.7000000000         4.8560430903
        5.1000000000         1.7000000000         4.8343807178
        5.1050000000         1.7000000000         4.8063470594
        5.1100000000         1.7000000000         4.7821361725
        5.1150000000         1.7000000000         4.7566510285
        5.1200000000         1.7000000000         4.7337143989
        5.1250000000         1.7000000000         4.7082292548
        5.1300000000         1.7000000000         4.6827441108
        5.1350000000         1.7000000000         4.6572589667
        5.1400000000         1.7000000000         4.6368708515
        5.1450000000         1.7000000000         4.6113857075
        5.1500000000         1.7000000000         4.5808035346
        5.1550000000         1.7000000000         4.5616896766
        5.1600000000         1.7000000000         4.5349302753
        5.1650000000         1.7000000000         4.5094451313
        5.1700000000         1.7000000000         4.4928797877
        5.1750000000         1.7000000000         4.4610233576
        5.1800000000         1.7000000000         4.4406352424
        5.1850000000         1.7000000000         4.4164243555
        5.1900000000         1.7000000000         4.3947619831
        5.1950000000         1.7000000000         4.3680025819
        5.2000000000         1.7000000000         4.3463402094
        5.2050000000         1.7000000000         4.3259520942
        5.2100000000         1.7000000000         4.2966441785
        5.2150000000         1.7000000000         4.2762560633
        5.2200000000         1.7000000000         4.2533194337
        5.2250000000         1.7000000000         4.2265600324
        5.2300000000         1.7000000000         4.2074461744
        5.2350000000         1.7000000000         4.1781382587
        5.2400000000         1.7000000000         4.1564758863
        5.2450000000         1.7000000000         4.1348135139
        5.2500000000         1.7000000000         4.1144253986
        5.2550000000         1.7000000000         4.0914887690
        5.2600000000         1.7000000000         4.0621808534
        5.2650000000         1.7000000000         4.0379699665
        5.2700000000         1.7000000000         4.0214046229
        5.2750000000         1.7000000000         3.9971937360
        5.2800000000         1.7000000000         3.9678858204
        5.2850000000         1.7000000000         3.9462234480
        5.2900000000         1.7000000000         3.9220125611
        5.2950000000         1.7000000000         3.8939789027
        5.3000000000         1.7000000000         3.8786878162
        5.3050000000         1.7000000000         3.8506541578
        5.3100000000         1.7000000000         3.8264432710
        5.3150000000         1.7000000000         3.8047808985
        5.3200000000         1.7000000000         3.7767472401
        5.3250000000         1.7000000000         3.7550848676
        5.3300000000         1.7000000000         3.7245026948
        5.3350000000         1.7000000000         3.7041145796
        5.3400000000         1.7000000000         3.6799036927
        5.3450000000         1.7000000000         3.6544185487
        5.3500000000         1.7000000000         3.6276591474
        5.3550000000         1.7000000000         3.6047225178
        5.3600000000         1.7000000000         3.5754146021
        5.3650000000         1.7000000000         3.5537522297
        5.3700000000         1.7000000000         3.5282670857
        5.3750000000         1.7000000000         3.5002334272
        5.3800000000         1.7000000000         3.4811195692
        5.3850000000         1.7000000000         3.4492631391
        5.3900000000         1.7000000000         3.4250522523
        5.3950000000         1.7000000000         3.3995671083
        5.4000000000         1.7000000000         3.3715334498
        5.4050000000         1.7000000000         3.3511453346
        5.4100000000         1.7000000000         3.3269344477
        5.4150000000         1.7000000000         3.2963522749
        5.4200000000         1.7000000000         3.2759641597
        5.4250000000         1.7000000000         3.2428334724
        5.4300000000         1.7000000000         3.2224453572
        5.4350000000         1.7000000000         3.1982344703
        5.4400000000         1.7000000000         3.1880404127
        5.4450000000         1.7000000000         3.1421671534
        5.4500000000         1.7000000000         3.1192305238
        5.4550000000         1.7000000000         3.1026651802
        5.4600000000         1.7000000000         3.0644374641
        5.4650000000         1.7000000000         3.0351295485
        5.4700000000         1.7000000000         3.0172899476
        5.4750000000         1.7000000000         2.9841592604
        5.4800000000         1.7000000000         2.9663196595
        5.4850000000         1.7000000000         2.9395602583
        5.4900000000         1.7000000000         2.9102523427
        5.4950000000         1.7000000000         2.8885899702
        5.5000000000         1.7000000000         2.8567335402
        5.5050000000         1.7000000000         2.8363454249
        5.5100000000         1.7000000000         2.8083117665
        5.5150000000         1.7000000000         2.7815523652
        5.5200000000         1.7000000000         2.7598899928
        5.5250000000         1.7000000000         2.7305820772
        5.5300000000         1.7000000000         2.7050969331
        5.5350000000         1.7000000000         2.6770632747
        5.5400000000         1.7000000000         2.6477553590
        5.5450000000         1.7000000000         2.6273672438
        5.5500000000         1.7000000000         2.5993335853
        5.5550000000         1.7000000000         2.5712999269
        5.5600000000         1.7000000000         2.5483632973
        5.5650000000         1.7000000000         2.5216038960
        5.5700000000         1.7000000000         2.4948444948
        5.5750000000         1.7000000000         2.4680850935
        5.5800000000         1.7000000000         2.4451484639
        5.5850000000         1.7000000000         2.4171148054
        5.5900000000         1.7000000000         2.3916296614
        5.5950000000         1.7000000000         2.3686930318
        5.6000000000         1.7000000000         2.3406593733
        5.6050000000         1.7000000000         2.3126257149
        5.6100000000         1.7000000000         2.2896890852
        5.6150000000         1.7000000000         2.2629296840
        5.6200000000         1.7000000000         2.2374445399
        5.6250000000         1.7000000000         2.2132336531
        5.6300000000         1.7000000000         2.1851999947
        5.6350000000         1.7000000000         2.1597148506
        5.6400000000         1.7000000000         2.1342297066
        5.6450000000         1.7000000000         2.1049217909
        5.6500000000         1.7000000000         2.0870821901
        5.6550000000         1.7000000000         2.0577742744
        5.6600000000         1.7000000000         2.0335633876
        5.6650000000         1.7000000000         2.0068039864
        5.6700000000         1.7000000000         1.9800445851
        5.6750000000         1.7000000000         1.9583822127
        5.6800000000         1.7000000000         1.9290742970
        5.6850000000         1.7000000000         1.9099604390
        5.6900000000         1.7000000000         1.8844752950
        5.6950000000         1.7000000000         1.8577158937
        5.7000000000         1.7000000000         1.8309564925
        5.7050000000         1.7000000000         1.8131168916
        5.7100000000         1.7000000000         1.7863574904
        5.7150000000         1.7000000000         1.7608723464
        5.7200000000         1.7000000000         1.7468555171
        5.7250000000         1.7000000000         1.7137248299
        5.7300000000         1.7000000000         1.6869654286
        5.7350000000         1.7000000000         1.6754971138
        5.7400000000         1.7000000000         1.6423664266
        5.7450000000         1.7000000000         1.6168812825
        5.7500000000         1.7000000000         1.5990416817
        5.7550000000         1.7000000000         1.5722822804
        5.7600000000         1.7000000000         1.5506199080
        5.7650000000         1.7000000000         1.5276832784
        5.7700000000         1.7000000000         1.5009238771
        5.7750000000         1.7000000000         1.4856327907
        5.7800000000         1.7000000000         1.4588733895
        5.7850000000         1.7000000000         1.4308397310
        5.7900000000         1.7000000000         1.4155486446
        5.7950000000         1.7000000000         1.3875149861
        5.8000000000         1.7000000000         1.3696753853
        5.8050000000         1.7000000000         1.3454644985
        5.8100000000         1.7000000000         1.3212536116
        5.8150000000         1.7000000000         1.2983169820
        5.8200000000         1.7000000000         1.2702833235
        5.8250000000         1.7000000000         1.2549922371
        5.8300000000         1.7000000000         1.2282328359
        5.8350000000         1.7000000000         1.2091189778
        5.8400000000         1.7000000000         1.1874566054
        5.8450000000         1.7000000000         1.1670684902
        5.8500000000         1.7000000000         1.1403090889
        5.8550000000         1.7000000000         1.1199209737
        5.8600000000         1.7000000000         1.0944358297
        5.8650000000         1.7000000000         1.0765962288
        5.8700000000         1.7000000000         1.0549338564
        5.8750000000         1.7000000000         1.0319972268
        5.8800000000         1.7000000000         1.0128833687
        5.8850000000         1.7000000000         0.9873982247
        5.8900000000         1.7000000000         0.9670101094
        5.8950000000         1.7000000000         0.9453477370
        5.9000000000         1.7000000000         0.9236853646
        5.9050000000         1.7000000000         0.9007487349
        5.9100000000         1.7000000000         0.8841833913
        5.9150000000         1.7000000000         0.8574239901
        5.9200000000         1.7000000000         0.8395843892
        5.9250000000         1.7000000000         0.8140992452
        5.9300000000         1.7000000000         0.7924368728
        5.9350000000         1.7000000000         0.7656774715
        5.9400000000         1.7000000000         0.7491121279
        5.9450000000         1.7000000000         0.7312725271
        5.9500000000         1.7000000000         0.7032388686
        5.9550000000         1.7000000000         0.6841250106
        5.9600000000         1.7000000000         0.6624626381
        5.9650000000         1.7000000000         0.6369774941
        5.9700000000         1.7000000000         0.6191378933
        5.9750000000         1.7000000000         0.5949270064
        5.9800000000         1.7000000000         0.5783616628
        5.9850000000         1.7000000000         0.5516022616
        5.9900000000         1.7000000000         0.5363111751
        5.9950000000         1.7000000000         0.5082775167
        6.0000000000         1.7000000000         0.4904379159
        6.0050000000         1.7000000000         0.4662270290
        6.0100000000         1.7000000000         0.4471131710
        6.0150000000         1.7000000000         0.4203537697
        6.0200000000         1.7000000000         0.3986913973
        6.0250000000         1.7000000000         0.3808517965
        6.0300000000         1.7000000000         0.3579151668
        6.0350000000         1.7000000000         0.3375270516
        6.0400000000         1.7000000000         0.3120419076
        6.0450000000         1.7000000000         0.2891052779
        6.0500000000         1.7000000000         0.2687171627
        6.0550000000         1.7000000000         0.2445062759
        6.0600000000         1.7000000000         0.2253924178
        6.0650000000         1.7000000000         0.1986330166
        6.0700000000         1.7000000000         0.1744221297
        6.0750000000         1.7000000000         0.1591310433
        6.0800000000         1.7000000000         0.1323716421
        6.0850000000         1.7000000000         0.1132577840
        6.0900000000         1.7000000000         0.0903211544
        6.0950000000         1.7000000000         0.0635617532
        6.1000000000         1.7000000000         0.0469964095
        6.1050000000         1.7000000000         0.0240597799
        6.1100000000         1.7000000000         0.0011231503
        6.1150000000         1.7000000000        -0.0001511069
        6.1200000000         1.7000000000        -0.0001511069
        6.1250000000         1.7000000000         0.0049459219
        6.1300000000         1.7000000000        -0.0039738786
        6.1350000000         1.7000000000         0.0049459219
        6.1400000000         1.7000000000         0.0278825515
        6.1450000000         1.7000000000         1.1173724593
        6.1500000000         1.7000000000         1.1288407741
        6.1550000000         1.7000000000         5.0650212714
        6.1600000000         1.7000000000         5.0662955286
        6.1650000000         1.7000000000         5.0637470142
        6.1700000000         1.7000000000         5.0662955286
        6.1750000000         1.7000000000         5.0701183002
        6.1800000000         1.7000000000         5.0548272138
        6.1850000000         1.7000000000         5.0306163269
        6.1900000000         1.7000000000         5.0038569257
        6.1950000000         1.7000000000         4.9860173249
