        0.0000000000         2.8500000000         1.8487960933
        0.0050000000         2.8500000000         1.8475218361
        0.0100000000         2.8500000000         1.8373277785
        0.0150000000         2.8500000000         1.8500703505
        0.0200000000         2.8500000000         1.8475218361
        0.0250000000         2.8500000000         1.8462475789
        0.0300000000         2.8500000000         1.8500703505
        0.0350000000         2.8500000000         1.8475218361
        0.0400000000         2.8500000000         1.8475218361
        0.0450000000         2.8500000000         1.8487960933
        0.0500000000         2.8500000000         1.8436990645
        0.0550000000         2.8500000000         1.8526188649
        0.0600000000         2.8500000000         1.8475218361
        0.0650000000         2.8500000000         1.8500703505
        0.0700000000         2.8500000000         1.8589901509
        0.0750000000         2.8500000000         1.8526188649
        0.0800000000         2.8500000000         1.8589901509
        0.0850000000         2.8500000000         1.8589901509
        0.0900000000         2.8500000000         1.8602644081
        0.0950000000         2.8500000000         1.8704584657
        0.1000000000         2.8500000000         1.8717327229
        0.1050000000         2.8500000000         1.8666356941
        0.1100000000         2.8500000000         1.8742812373
        0.1150000000         2.8500000000         1.8755554945
        0.1200000000         2.8500000000         1.8730069801
        0.1250000000         2.8500000000         1.8819267806
        0.1300000000         2.8500000000         1.8768297517
        0.1350000000         2.8500000000         1.8832010378
        0.1400000000         2.8500000000         1.8844752950
        0.1450000000         2.8500000000         1.8832010378
        0.1500000000         2.8500000000         1.8882980666
        0.1550000000         2.8500000000         1.8895723238
        0.1600000000         2.8500000000         1.8870238094
        0.1650000000         2.8500000000         1.8882980666
        0.1700000000         2.8500000000         1.8959436098
        0.1750000000         2.8500000000         1.8946693526
        0.1800000000         2.8500000000         1.8972178670
        0.1850000000         2.8500000000         1.8933950954
        0.1900000000         2.8500000000         1.8997663814
        0.1950000000         2.8500000000         1.9023148958
        0.2000000000         2.8500000000         1.8959436098
        0.2050000000         2.8500000000         1.9035891530
        0.2100000000         2.8500000000         1.9061376674
        0.2150000000         2.8500000000         1.9023148958
        0.2200000000         2.8500000000         1.9137832106
        0.2250000000         2.8500000000         1.9150574678
        0.2300000000         2.8500000000         1.9176059822
        0.2350000000         2.8500000000         1.9188802394
        0.2400000000         2.8500000000         1.9188802394
        0.2450000000         2.8500000000         1.9290742970
        0.2500000000         2.8500000000         1.9316228114
        0.2550000000         2.8500000000         1.9316228114
        0.2600000000         2.8500000000         1.9367198402
        0.2650000000         2.8500000000         1.9354455830
        0.2700000000         2.8500000000         1.9405426119
        0.2750000000         2.8500000000         1.9430911263
        0.2800000000         2.8500000000         1.9443653835
        0.2850000000         2.8500000000         1.9481881551
        0.2900000000         2.8500000000         1.9545594411
        0.2950000000         2.8500000000         1.9571079555
        0.3000000000         2.8500000000         1.9571079555
        0.3050000000         2.8500000000         1.9558336983
        0.3100000000         2.8500000000         1.9622049843
        0.3150000000         2.8500000000         1.9673020131
        0.3200000000         2.8500000000         1.9634792415
        0.3250000000         2.8500000000         1.9698505275
        0.3300000000         2.8500000000         1.9736732991
        0.3350000000         2.8500000000         1.9774960707
        0.3400000000         2.8500000000         1.9762218135
        0.3450000000         2.8500000000         1.9813188423
        0.3500000000         2.8500000000         1.9851416139
        0.3550000000         2.8500000000         1.9851416139
        0.3600000000         2.8500000000         1.9927871571
        0.3650000000         2.8500000000         2.0004327004
        0.3700000000         2.8500000000         2.0004327004
        0.3750000000         2.8500000000         2.0029812148
        0.3800000000         2.8500000000         2.0055297292
        0.3850000000         2.8500000000         2.0080782436
        0.3900000000         2.8500000000         2.0131752724
        0.3950000000         2.8500000000         2.0157237868
        0.4000000000         2.8500000000         2.0169980440
        0.4050000000         2.8500000000         2.0246435872
        0.4100000000         2.8500000000         2.0246435872
        0.4150000000         2.8500000000         2.0259178444
        0.4200000000         2.8500000000         2.0322891304
        0.4250000000         2.8500000000         2.0310148732
        0.4300000000         2.8500000000         2.0361119020
        0.4350000000         2.8500000000         2.0386604164
        0.4400000000         2.8500000000         2.0412089308
        0.4450000000         2.8500000000         2.0475802168
        0.4500000000         2.8500000000         2.0526772456
        0.4550000000         2.8500000000         2.0577742744
        0.4600000000         2.8500000000         2.0565000172
        0.4650000000         2.8500000000         2.0603227889
        0.4700000000         2.8500000000         2.0654198177
        0.4750000000         2.8500000000         2.0692425893
        0.4800000000         2.8500000000         2.0756138753
        0.4850000000         2.8500000000         2.0756138753
        0.4900000000         2.8500000000         2.0883564473
        0.4950000000         2.8500000000         2.0781623897
        0.5000000000         2.8500000000         2.0896307045
        0.5050000000         2.8500000000         2.0909049617
        0.5100000000         2.8500000000         2.0909049617
        0.5150000000         2.8500000000         2.0985505049
        0.5200000000         2.8500000000         2.0972762477
        0.5250000000         2.8500000000         2.1049217909
        0.5300000000         2.8500000000         2.1049217909
        0.5350000000         2.8500000000         2.1087445625
        0.5400000000         2.8500000000         2.1138415913
        0.5450000000         2.8500000000         2.1163901057
        0.5500000000         2.8500000000         2.1189386201
        0.5550000000         2.8500000000         2.1189386201
        0.5600000000         2.8500000000         2.1214871346
        0.5650000000         2.8500000000         2.1265841634
        0.5700000000         2.8500000000         2.1342297066
        0.5750000000         2.8500000000         2.1304069350
        0.5800000000         2.8500000000         2.1214871346
        0.5850000000         2.8500000000         2.1393267354
        0.5900000000         2.8500000000         2.1431495070
        0.5950000000         2.8500000000         2.1469722786
        0.6000000000         2.8500000000         2.1469722786
        0.6050000000         2.8500000000         2.1482465358
        0.6100000000         2.8500000000         2.1520693074
        0.6150000000         2.8500000000         2.1546178218
        0.6200000000         2.8500000000         2.1520693074
        0.6250000000         2.8500000000         2.1520693074
        0.6300000000         2.8500000000         2.1609891078
        0.6350000000         2.8500000000         2.1584405934
        0.6400000000         2.8500000000         2.1597148506
        0.6450000000         2.8500000000         2.1609891078
        0.6500000000         2.8500000000         2.1673603938
        0.6550000000         2.8500000000         2.1660861366
        0.6600000000         2.8500000000         2.1673603938
        0.6650000000         2.8500000000         2.1750059370
        0.6700000000         2.8500000000         2.1737316798
        0.6750000000         2.8500000000         2.1762801942
        0.6800000000         2.8500000000         2.1775544514
        0.6850000000         2.8500000000         2.1839257375
        0.6900000000         2.8500000000         2.1801029658
        0.6950000000         2.8500000000         2.1890227663
        0.7000000000         2.8500000000         2.1890227663
        0.7050000000         2.8500000000         2.1928455379
        0.7100000000         2.8500000000         2.1966683095
        0.7150000000         2.8500000000         2.2017653383
        0.7200000000         2.8500000000         2.1992168239
        0.7250000000         2.8500000000         2.2068623671
        0.7300000000         2.8500000000         2.2081366243
        0.7350000000         2.8500000000         2.2094108815
        0.7400000000         2.8500000000         2.2119593959
        0.7450000000         2.8500000000         2.2196049391
        0.7500000000         2.8500000000         2.2234277107
        0.7550000000         2.8500000000         2.2323475111
        0.7600000000         2.8500000000         2.2259762251
        0.7650000000         2.8500000000         2.2285247395
        0.7700000000         2.8500000000         2.2297989967
        0.7750000000         2.8500000000         2.2336217683
        0.7800000000         2.8500000000         2.2361702827
        0.7850000000         2.8500000000         2.2374445399
        0.7900000000         2.8500000000         2.2425415688
        0.7950000000         2.8500000000         2.2438158260
        0.8000000000         2.8500000000         2.2463643404
        0.8050000000         2.8500000000         2.2489128548
        0.8100000000         2.8500000000         2.2463643404
        0.8150000000         2.8500000000         2.2501871120
        0.8200000000         2.8500000000         2.2591069124
        0.8250000000         2.8500000000         2.2616554268
        0.8300000000         2.8500000000         2.2578326552
        0.8350000000         2.8500000000         2.2629296840
        0.8400000000         2.8500000000         2.2667524556
        0.8450000000         2.8500000000         2.2693009700
        0.8500000000         2.8500000000         2.2718494844
        0.8550000000         2.8500000000         2.2769465132
        0.8600000000         2.8500000000         2.2756722560
        0.8650000000         2.8500000000         2.2845920564
        0.8700000000         2.8500000000         2.3024316572
        0.8750000000         2.8500000000         2.2833177992
        0.8800000000         2.8500000000         2.2909633424
        0.8850000000         2.8500000000         2.3011574000
        0.8900000000         2.8500000000         2.2947861140
        0.8950000000         2.8500000000         2.3011574000
        0.9000000000         2.8500000000         2.3024316572
        0.9050000000         2.8500000000         2.3062544289
        0.9100000000         2.8500000000         2.3100772005
        0.9150000000         2.8500000000         2.3151742293
        0.9200000000         2.8500000000         2.3189970009
        0.9250000000         2.8500000000         2.3189970009
        0.9300000000         2.8500000000         2.3189970009
        0.9350000000         2.8500000000         2.3240940297
        0.9400000000         2.8500000000         2.3330138301
        0.9450000000         2.8500000000         2.3342880873
        0.9500000000         2.8500000000         2.3355623445
        0.9550000000         2.8500000000         2.3393851161
        0.9600000000         2.8500000000         2.3432078877
        0.9650000000         2.8500000000         2.3483049165
        0.9700000000         2.8500000000         2.3470306593
        0.9750000000         2.8500000000         2.3559504597
        0.9800000000         2.8500000000         2.3546762025
        0.9850000000         2.8500000000         2.3610474885
        0.9900000000         2.8500000000         2.3648702602
        0.9950000000         2.8500000000         2.3635960030
        1.0000000000         2.8500000000         2.3737900606
        1.0050000000         2.8500000000         2.3750643178
        1.0100000000         2.8500000000         2.3737900606
        1.0150000000         2.8500000000         2.3839841182
        1.0200000000         2.8500000000         2.3890811470
        1.0250000000         2.8500000000         2.3839841182
        1.0300000000         2.8500000000         2.3878068898
        1.0350000000         2.8500000000         2.4043722334
        1.0400000000         2.8500000000         2.3980009474
        1.0450000000         2.8500000000         2.3992752046
        1.0500000000         2.8500000000         2.4005494618
        1.0550000000         2.8500000000         2.4081950050
        1.0600000000         2.8500000000         2.4094692622
        1.0650000000         2.8500000000         2.4120177766
        1.0700000000         2.8500000000         2.4171148054
        1.0750000000         2.8500000000         2.4171148054
        1.0800000000         2.8500000000         2.4209375770
        1.0850000000         2.8500000000         2.4273088631
        1.0900000000         2.8500000000         2.4324058919
        1.0950000000         2.8500000000         2.4324058919
        1.1000000000         2.8500000000         2.4349544063
        1.1050000000         2.8500000000         2.4375029207
        1.1100000000         2.8500000000         2.4413256923
        1.1150000000         2.8500000000         2.4413256923
        1.1200000000         2.8500000000         2.4464227211
        1.1250000000         2.8500000000         2.4489712355
        1.1300000000         2.8500000000         2.4527940071
        1.1350000000         2.8500000000         2.4566167787
        1.1400000000         2.8500000000         2.4553425215
        1.1450000000         2.8500000000         2.4655365791
        1.1500000000         2.8500000000         2.4629880647
        1.1550000000         2.8500000000         2.4668108363
        1.1600000000         2.8500000000         2.4910217232
        1.1650000000         2.8500000000         2.4757306367
        1.1700000000         2.8500000000         2.4770048939
        1.1750000000         2.8500000000         2.4808276655
        1.1800000000         2.8500000000         2.4846504371
        1.1850000000         2.8500000000         2.4859246944
        1.1900000000         2.8500000000         2.4884732088
        1.1950000000         2.8500000000         2.4910217232
        1.2000000000         2.8500000000         2.4948444948
        1.2050000000         2.8500000000         2.4973930092
        1.2100000000         2.8500000000         2.4961187520
        1.2150000000         2.8500000000         2.5063128096
        1.2200000000         2.8500000000         2.5063128096
        1.2250000000         2.8500000000         2.5088613240
        1.2300000000         2.8500000000         2.5152326100
        1.2350000000         2.8500000000         2.5126840956
        1.2400000000         2.8500000000         2.5114098384
        1.2450000000         2.8500000000         2.5216038960
        1.2500000000         2.8500000000         2.5190553816
        1.2550000000         2.8500000000         2.5228781532
        1.2600000000         2.8500000000         2.5279751820
        1.2650000000         2.8500000000         2.5241524104
        1.2700000000         2.8500000000         2.5305236964
        1.2750000000         2.8500000000         2.5216038960
        1.2800000000         2.8500000000         2.5368949824
        1.2850000000         2.8500000000         2.5394434968
        1.2900000000         2.8500000000         2.5432662684
        1.2950000000         2.8500000000         2.5483632973
        1.3000000000         2.8500000000         2.5572830977
        1.3050000000         2.8500000000         2.5534603261
        1.3100000000         2.8500000000         2.5585573549
        1.3150000000         2.8500000000         2.5598316121
        1.3200000000         2.8500000000         2.5636543837
        1.3250000000         2.8500000000         2.5700256697
        1.3300000000         2.8500000000         2.5712999269
        1.3350000000         2.8500000000         2.5700256697
        1.3400000000         2.8500000000         2.5802197273
        1.3450000000         2.8500000000         2.5802197273
        1.3500000000         2.8500000000         2.5840424989
        1.3550000000         2.8500000000         2.5916880421
        1.3600000000         2.8500000000         2.5878652705
        1.3650000000         2.8500000000         2.5967850709
        1.3700000000         2.8500000000         2.5955108137
        1.3750000000         2.8500000000         2.6031563569
        1.3800000000         2.8500000000         2.6044306141
        1.3850000000         2.8500000000         2.6082533858
        1.3900000000         2.8500000000         2.6108019002
        1.3950000000         2.8500000000         2.6158989290
        1.4000000000         2.8500000000         2.6184474434
        1.4050000000         2.8500000000         2.6273672438
        1.4100000000         2.8500000000         2.6286415010
        1.4150000000         2.8500000000         2.6260929866
        1.4200000000         2.8500000000         2.6337385298
        1.4250000000         2.8500000000         2.6388355586
        1.4300000000         2.8500000000         2.6413840730
        1.4350000000         2.8500000000         2.6464811018
        1.4400000000         2.8500000000         2.6503038734
        1.4450000000         2.8500000000         2.6477553590
        1.4500000000         2.8500000000         2.6541266450
        1.4550000000         2.8500000000         2.6579494166
        1.4600000000         2.8500000000         2.6592236738
        1.4650000000         2.8500000000         2.6655949598
        1.4700000000         2.8500000000         2.6617721882
        1.4750000000         2.8500000000         2.6643207026
        1.4800000000         2.8500000000         2.6732405031
        1.4850000000         2.8500000000         2.6745147603
        1.4900000000         2.8500000000         2.6783375319
        1.4950000000         2.8500000000         2.6821603035
        1.5000000000         2.8500000000         2.6783375319
        1.5050000000         2.8500000000         2.6821603035
        1.5100000000         2.8500000000         2.6859830751
        1.5150000000         2.8500000000         2.6999999043
        1.5200000000         2.8500000000         2.6936286183
        1.5250000000         2.8500000000         2.6949028755
        1.5300000000         2.8500000000         2.6923543611
        1.5350000000         2.8500000000         2.6999999043
        1.5400000000         2.8500000000         2.7012741615
        1.5450000000         2.8500000000         2.7140167335
        1.5500000000         2.8500000000         2.7050969331
        1.5550000000         2.8500000000         2.7063711903
        1.5600000000         2.8500000000         2.7152909907
        1.5650000000         2.8500000000         2.7127424763
        1.5700000000         2.8500000000         2.7178395051
        1.5750000000         2.8500000000         2.7203880195
        1.5800000000         2.8500000000         2.7254850483
        1.5850000000         2.8500000000         2.7293078200
        1.5900000000         2.8500000000         2.7280335628
        1.5950000000         2.8500000000         2.7356791060
        1.6000000000         2.8500000000         2.7356791060
        1.6050000000         2.8500000000         2.7344048488
        1.6100000000         2.8500000000         2.7395018776
        1.6150000000         2.8500000000         2.7445989064
        1.6200000000         2.8500000000         2.7445989064
        1.6250000000         2.8500000000         2.7458731636
        1.6300000000         2.8500000000         2.7522444496
        1.6350000000         2.8500000000         2.7509701924
        1.6400000000         2.8500000000         2.7509701924
        1.6450000000         2.8500000000         2.7598899928
        1.6500000000         2.8500000000         2.7598899928
        1.6550000000         2.8500000000         2.7611642500
        1.6600000000         2.8500000000         2.7688097932
        1.6650000000         2.8500000000         2.7688097932
        1.6700000000         2.8500000000         2.7726325648
        1.6750000000         2.8500000000         2.7764553364
        1.6800000000         2.8500000000         2.7739068220
        1.6850000000         2.8500000000         2.7790038508
        1.6900000000         2.8500000000         2.7841008796
        1.6950000000         2.8500000000         2.7853751368
        1.7000000000         2.8500000000         2.7853751368
        1.7050000000         2.8500000000         2.7891979085
        1.7100000000         2.8500000000         2.8032147377
        1.7150000000         2.8500000000         2.7942949373
        1.7200000000         2.8500000000         2.7981177089
        1.7250000000         2.8500000000         2.8044889949
        1.7300000000         2.8500000000         2.8044889949
        1.7350000000         2.8500000000         2.8095860237
        1.7400000000         2.8500000000         2.8146830525
        1.7450000000         2.8500000000         2.8121345381
        1.7500000000         2.8500000000         2.8172315669
        1.7550000000         2.8500000000         2.8185058241
        1.7600000000         2.8500000000         2.8185058241
        1.7650000000         2.8500000000         2.8274256245
        1.7700000000         2.8500000000         2.8299741389
        1.7750000000         2.8500000000         2.8350711677
        1.7800000000         2.8500000000         2.8363454249
        1.7850000000         2.8500000000         2.8337969105
        1.7900000000         2.8500000000         2.8414424537
        1.7950000000         2.8500000000         2.8452652253
        1.8000000000         2.8500000000         2.8490879970
        1.8050000000         2.8500000000         2.8541850258
        1.8100000000         2.8500000000         2.8580077974
        1.8150000000         2.8500000000         2.8554592830
        1.8200000000         2.8500000000         2.8656533406
        1.8250000000         2.8500000000         2.8669275978
        1.8300000000         2.8500000000         2.8682018550
        1.8350000000         2.8500000000         2.8860414558
        1.8400000000         2.8500000000         2.8732988838
        1.8450000000         2.8500000000         2.8834929414
        1.8500000000         2.8500000000         2.8796701698
        1.8550000000         2.8500000000         2.8873157130
        1.8600000000         2.8500000000         2.8885899702
        1.8650000000         2.8500000000         2.8936869990
        1.8700000000         2.8500000000         2.8936869990
        1.8750000000         2.8500000000         2.8987840278
        1.8800000000         2.8500000000         2.9064295710
        1.8850000000         2.8500000000         2.9038810566
        1.8900000000         2.8500000000         2.9102523427
        1.8950000000         2.8500000000         2.9115265999
        1.9000000000         2.8500000000         2.9115265999
        1.9050000000         2.8500000000         2.9191721431
        1.9100000000         2.8500000000         2.9204464003
        1.9150000000         2.8500000000         2.9280919435
        1.9200000000         2.8500000000         2.9344632295
        1.9250000000         2.8500000000         2.9306404579
        1.9300000000         2.8500000000         2.9370117439
        1.9350000000         2.8500000000         2.9382860011
        1.9400000000         2.8500000000         2.9421087727
        1.9450000000         2.8500000000         2.9484800587
        1.9500000000         2.8500000000         2.9472058015
        1.9550000000         2.8500000000         2.9561256019
        1.9600000000         2.8500000000         2.9523028303
        1.9650000000         2.8500000000         2.9586741163
        1.9700000000         2.8500000000         2.9599483735
        1.9750000000         2.8500000000         2.9637711451
        1.9800000000         2.8500000000         2.9599483735
        1.9850000000         2.8500000000         2.9688681739
        1.9900000000         2.8500000000         2.9650454023
        1.9950000000         2.8500000000         2.9688681739
        2.0000000000         2.8500000000         2.9701424312
        2.0050000000         2.8500000000         2.9701424312
        2.0100000000         2.8500000000         2.9790622316
        2.0150000000         2.8500000000         2.9765137172
        2.0200000000         2.8500000000         2.9803364888
        2.0250000000         2.8500000000         2.9803364888
        2.0300000000         2.8500000000         2.9867077748
        2.0350000000         2.8500000000         2.9816107460
        2.0400000000         2.8500000000         2.9867077748
        2.0450000000         2.8500000000         2.9854335176
        2.0500000000         2.8500000000         2.9930790608
        2.0550000000         2.8500000000         2.9905305464
        2.0600000000         2.8500000000         2.9981760896
        2.0650000000         2.8500000000         2.9994503468
        2.0700000000         2.8500000000         2.9981760896
        2.0750000000         2.8500000000         3.0045473756
        2.0800000000         2.8500000000         3.0032731184
        2.0850000000         2.8500000000         3.0109186616
        2.0900000000         2.8500000000         3.0160156904
        2.0950000000         2.8500000000         3.0147414332
        2.1000000000         2.8500000000         3.0211127192
        2.1050000000         2.8500000000         3.0211127192
        2.1100000000         2.8500000000         3.0198384620
        2.1150000000         2.8500000000         3.0313067769
        2.1200000000         2.8500000000         3.0287582624
        2.1250000000         2.8500000000         3.0364038057
        2.1300000000         2.8500000000         3.0351295485
        2.1350000000         2.8500000000         3.0402265773
        2.1400000000         2.8500000000         3.0427750917
        2.1450000000         2.8500000000         3.0415008345
        2.1500000000         2.8500000000         3.0491463777
        2.1550000000         2.8500000000         3.0567919209
        2.1600000000         2.8500000000         3.0542434065
        2.1650000000         2.8500000000         3.0555176637
        2.1700000000         2.8500000000         3.0631632069
        2.1750000000         2.8500000000         3.0618889497
        2.1800000000         2.8500000000         3.0631632069
        2.1850000000         2.8500000000         3.0708087501
        2.1900000000         2.8500000000         3.0669859785
        2.1950000000         2.8500000000         3.0746315217
        2.2000000000         2.8500000000         3.0720830073
        2.2050000000         2.8500000000         3.0733572645
        2.2100000000         2.8500000000         3.0822770649
        2.2150000000         2.8500000000         3.0822770649
        2.2200000000         2.8500000000         3.0860998365
        2.2250000000         2.8500000000         3.0924711226
        2.2300000000         2.8500000000         3.0899226081
        2.2350000000         2.8500000000         3.0975681514
        2.2400000000         2.8500000000         3.1103107234
        2.2450000000         2.8500000000         3.0988424086
        2.2500000000         2.8500000000         3.1103107234
        2.2550000000         2.8500000000         3.1128592378
        2.2600000000         2.8500000000         3.1128592378
        2.2650000000         2.8500000000         3.1166820094
        2.2700000000         2.8500000000         3.1154077522
        2.2750000000         2.8500000000         3.1205047810
        2.2800000000         2.8500000000         3.1306988386
        2.2850000000         2.8500000000         3.1345216102
        2.2900000000         2.8500000000         3.1345216102
        2.2950000000         2.8500000000         3.1370701246
        2.3000000000         2.8500000000         3.1421671534
        2.3050000000         2.8500000000         3.1485384394
        2.3100000000         2.8500000000         3.1485384394
        2.3150000000         2.8500000000         3.1536354683
        2.3200000000         2.8500000000         3.1510869538
        2.3250000000         2.8500000000         3.1600067543
        2.3300000000         2.8500000000         3.1625552687
        2.3350000000         2.8500000000         3.1638295259
        2.3400000000         2.8500000000         3.1740235835
        2.3450000000         2.8500000000         3.1727493263
        2.3500000000         2.8500000000         3.1778463551
        2.3550000000         2.8500000000         3.1803948695
        2.3600000000         2.8500000000         3.1791206123
        2.3650000000         2.8500000000         3.1893146699
        2.3700000000         2.8500000000         3.1893146699
        2.3750000000         2.8500000000         3.1931374415
        2.3800000000         2.8500000000         3.1995087275
        2.3850000000         2.8500000000         3.1918631843
        2.3900000000         2.8500000000         3.2033314991
        2.3950000000         2.8500000000         3.2033314991
        2.4000000000         2.8500000000         3.2122512996
        2.4050000000         2.8500000000         3.2160740712
        2.4100000000         2.8500000000         3.2173483284
        2.4150000000         2.8500000000         3.2262681288
        2.4200000000         2.8500000000         3.2262681288
        2.4250000000         2.8500000000         3.2275423860
        2.4300000000         2.8500000000         3.2326394148
        2.4350000000         2.8500000000         3.2402849580
        2.4400000000         2.8500000000         3.2402849580
        2.4450000000         2.8500000000         3.2441077296
        2.4500000000         2.8500000000         3.2517532728
        2.4550000000         2.8500000000         3.2492047584
        2.4600000000         2.8500000000         3.2555760444
        2.4650000000         2.8500000000         3.2568503016
        2.4700000000         2.8500000000         3.2644958448
        2.4750000000         2.8500000000         3.2644958448
        2.4800000000         2.8500000000         3.2683186164
        2.4850000000         2.8500000000         3.2708671308
        2.4900000000         2.8500000000         3.2734156453
        2.4950000000         2.8500000000         3.2670443592
        2.5000000000         2.8500000000         3.2836097029
        2.5050000000         2.8500000000         3.2810611885
        2.5100000000         2.8500000000         3.2785126741
        2.5150000000         2.8500000000         3.2912552461
        2.5200000000         2.8500000000         3.2938037605
        2.5250000000         2.8500000000         3.3027235609
        2.5300000000         2.8500000000         3.3001750465
        2.5350000000         2.8500000000         3.3014493037
        2.5400000000         2.8500000000         3.3039978181
        2.5450000000         2.8500000000         3.3039978181
        2.5500000000         2.8500000000         3.3141918757
        2.5550000000         2.8500000000         3.3154661329
        2.5600000000         2.8500000000         3.3205631617
        2.5650000000         2.8500000000         3.3192889045
        2.5700000000         2.8500000000         3.3256601905
        2.5750000000         2.8500000000         3.3282087049
        2.5800000000         2.8500000000         3.3294829621
        2.5850000000         2.8500000000         3.3371285054
        2.5900000000         2.8500000000         3.3384027626
        2.5950000000         2.8500000000         3.3396770198
        2.6000000000         2.8500000000         3.3473225630
        2.6050000000         2.8500000000         3.3447740486
        2.6100000000         2.8500000000         3.3524195918
        2.6150000000         2.8500000000         3.3524195918
        2.6200000000         2.8500000000         3.3575166206
        2.6250000000         2.8500000000         3.3587908778
        2.6300000000         2.8500000000         3.3689849354
        2.6350000000         2.8500000000         3.3677106782
        2.6400000000         2.8500000000         3.3766304786
        2.6450000000         2.8500000000         3.3830017646
        2.6500000000         2.8500000000         3.3715334498
        2.6550000000         2.8500000000         3.3842760218
        2.6600000000         2.8500000000         3.3791789930
        2.6650000000         2.8500000000         3.3880987934
        2.6700000000         2.8500000000         3.3906473078
        2.6750000000         2.8500000000         3.3919215650
        2.6800000000         2.8500000000         3.4021156227
        2.6850000000         2.8500000000         3.4008413655
        2.6900000000         2.8500000000         3.4033898799
        2.6950000000         2.8500000000         3.4084869087
        2.7000000000         2.8500000000         3.4072126515
        2.7050000000         2.8500000000         3.4161324519
        2.7100000000         2.8500000000         3.4174067091
        2.7150000000         2.8500000000         3.4199552235
        2.7200000000         2.8500000000         3.4263265095
        2.7250000000         2.8500000000         3.4237779951
        2.7300000000         2.8500000000         3.4301492811
        2.7350000000         2.8500000000         3.4339720527
        2.7400000000         2.8500000000         3.4326977955
        2.7450000000         2.8500000000         3.4416175959
        2.7500000000         2.8500000000         3.4403433387
        2.7550000000         2.8500000000         3.4492631391
        2.7600000000         2.8500000000         3.4441661103
        2.7650000000         2.8500000000         3.4479888819
        2.7700000000         2.8500000000         3.4556344252
        2.7750000000         2.8500000000         3.4594571968
        2.7800000000         2.8500000000         3.4607314540
        2.7850000000         2.8500000000         3.4696512544
        2.7900000000         2.8500000000         3.4696512544
        2.7950000000         2.8500000000         3.4747482832
        2.8000000000         2.8500000000         3.4785710548
        2.8050000000         2.8500000000         3.4836680836
        2.8100000000         2.8500000000         3.4811195692
        2.8150000000         2.8500000000         3.4874908552
        2.8200000000         2.8500000000         3.4913136268
        2.8250000000         2.8500000000         3.4938621412
        2.8300000000         2.8500000000         3.5027819416
        2.8350000000         2.8500000000         3.5027819416
        2.8400000000         2.8500000000         3.5053304560
        2.8450000000         2.8500000000         3.5117017420
        2.8500000000         2.8500000000         3.5104274848
        2.8550000000         2.8500000000         3.5206215425
        2.8600000000         2.8500000000         3.5206215425
        2.8650000000         2.8500000000         3.5257185713
        2.8700000000         2.8500000000         3.5244443141
        2.8750000000         2.8500000000         3.5295413429
        2.8800000000         2.8500000000         3.5359126289
        2.8850000000         2.8500000000         3.5397354005
        2.8900000000         2.8500000000         3.5448324293
        2.8950000000         2.8500000000         3.5410096577
        2.9000000000         2.8500000000         3.5473809437
        2.9050000000         2.8500000000         3.5512037153
        2.9100000000         2.8500000000         3.5588492585
        2.9150000000         2.8500000000         3.5588492585
        2.9200000000         2.8500000000         3.5613977729
        2.9250000000         2.8500000000         3.5766888594
        2.9300000000         2.8500000000         3.5652205445
        2.9350000000         2.8500000000         3.5728660877
        2.9400000000         2.8500000000         3.5754146021
        2.9450000000         2.8500000000         3.5792373738
        2.9500000000         2.8500000000         3.5792373738
        2.9550000000         2.8500000000         3.5817858882
        2.9600000000         2.8500000000         3.5907056886
        2.9650000000         2.8500000000         3.5907056886
        2.9700000000         2.8500000000         3.5945284602
        2.9750000000         2.8500000000         3.5996254890
        2.9800000000         2.8500000000         3.5970769746
        2.9850000000         2.8500000000         3.6034482606
        2.9900000000         2.8500000000         3.6021740034
        2.9950000000         2.8500000000         3.6098195466
        3.0000000000         2.8500000000         3.6085452894
        3.0050000000         2.8500000000         3.6149165754
        3.0100000000         2.8500000000         3.6200136042
        3.0150000000         2.8500000000         3.6212878614
        3.0200000000         2.8500000000         3.6276591474
        3.0250000000         2.8500000000         3.6251106330
        3.0300000000         2.8500000000         3.6340304334
        3.0350000000         2.8500000000         3.6327561762
        3.0400000000         2.8500000000         3.6378532051
        3.0450000000         2.8500000000         3.6416759767
        3.0500000000         2.8500000000         3.6493215199
        3.0550000000         2.8500000000         3.6429502339
        3.0600000000         2.8500000000         3.6531442915
        3.0650000000         2.8500000000         3.6556928059
        3.0700000000         2.8500000000         3.6556928059
        3.0750000000         2.8500000000         3.6646126063
        3.0800000000         2.8500000000         3.6646126063
        3.0850000000         2.8500000000         3.6697096351
        3.0900000000         2.8500000000         3.6735324067
        3.0950000000         2.8500000000         3.6722581495
        3.1000000000         2.8500000000         3.6786294355
        3.1050000000         2.8500000000         3.6824522071
        3.1100000000         2.8500000000         3.6824522071
        3.1150000000         2.8500000000         3.6888234931
        3.1200000000         2.8500000000         3.6875492359
        3.1250000000         2.8500000000         3.6939205219
        3.1300000000         2.8500000000         3.6964690363
        3.1350000000         2.8500000000         3.6951947791
        3.1400000000         2.8500000000         3.7028403224
        3.1450000000         2.8500000000         3.6990175508
        3.1500000000         2.8500000000         3.7066630940
        3.1550000000         2.8500000000         3.7053888368
        3.1600000000         2.8500000000         3.7066630940
        3.1650000000         2.8500000000         3.7104858656
        3.1700000000         2.8500000000         3.7066630940
        3.1750000000         2.8500000000         3.7104858656
        3.1800000000         2.8500000000         3.7079373512
        3.1850000000         2.8500000000         3.7104858656
        3.1900000000         2.8500000000         3.7143086372
        3.1950000000         2.8500000000         3.7104858656
        3.2000000000         2.8500000000         3.7194056660
        3.2050000000         2.8500000000         3.7130343800
        3.2100000000         2.8500000000         3.7181314088
        3.2150000000         2.8500000000         3.7206799232
        3.2200000000         2.8500000000         3.7168571516
        3.2250000000         2.8500000000         3.7257769520
        3.2300000000         2.8500000000         3.7283254664
        3.2350000000         2.8500000000         3.7257769520
        3.2400000000         2.8500000000         3.7295997236
        3.2450000000         2.8500000000         3.7308739808
        3.2500000000         2.8500000000         3.7308739808
        3.2550000000         2.8500000000         3.7334224952
        3.2600000000         2.8500000000         3.7359710096
        3.2650000000         2.8500000000         3.7321482380
        3.2700000000         2.8500000000         3.7372452668
        3.2750000000         2.8500000000         3.7397937812
        3.2800000000         2.8500000000         3.7397937812
        3.2850000000         2.8500000000         3.7448908100
        3.2900000000         2.8500000000         3.7385195240
        3.2950000000         2.8500000000         3.7436165528
        3.3000000000         2.8500000000         3.7436165528
        3.3050000000         2.8500000000         3.7372452668
        3.3100000000         2.8500000000         3.7448908100
        3.3150000000         2.8500000000         3.7448908100
        3.3200000000         2.8500000000         3.7410680384
        3.3250000000         2.8500000000         3.7474393244
        3.3300000000         2.8500000000         3.7538106104
        3.3350000000         2.8500000000         3.7512620960
        3.3400000000         2.8500000000         3.7512620960
        3.3450000000         2.8500000000         3.7550848676
        3.3500000000         2.8500000000         3.7499878388
        3.3550000000         2.8500000000         3.7589076393
        3.3600000000         2.8500000000         3.7576333820
        3.3650000000         2.8500000000         3.7614561537
        3.3700000000         2.8500000000         3.7601818965
        3.3750000000         2.8500000000         3.7614561537
        3.3800000000         2.8500000000         3.7652789253
        3.3850000000         2.8500000000         3.7627304109
        3.3900000000         2.8500000000         3.7652789253
        3.3950000000         2.8500000000         3.7665531825
        3.4000000000         2.8500000000         3.7716502113
        3.4050000000         2.8500000000         3.7703759541
        3.4100000000         2.8500000000         3.7754729829
        3.4150000000         2.8500000000         3.7640046681
        3.4200000000         2.8500000000         3.7767472401
        3.4250000000         2.8500000000         3.7805700117
        3.4300000000         2.8500000000         3.7805700117
        3.4350000000         2.8500000000         3.7831185261
        3.4400000000         2.8500000000         3.7882155549
        3.4450000000         2.8500000000         3.7843927833
        3.4500000000         2.8500000000         3.7907640693
        3.4550000000         2.8500000000         3.7907640693
        3.4600000000         2.8500000000         3.7933125837
        3.4650000000         2.8500000000         3.8086036701
        3.4700000000         2.8500000000         3.7907640693
        3.4750000000         2.8500000000         3.7996838697
        3.4800000000         2.8500000000         3.8035066413
        3.4850000000         2.8500000000         3.8009581269
        3.4900000000         2.8500000000         3.8073294129
        3.4950000000         2.8500000000         3.8047808985
        3.5000000000         2.8500000000         3.8124264417
        3.5050000000         2.8500000000         3.8124264417
        3.5100000000         2.8500000000         3.8162492133
        3.5150000000         2.8500000000         3.8162492133
        3.5200000000         2.8500000000         3.8213462422
        3.5250000000         2.8500000000         3.8238947566
        3.5300000000         2.8500000000         3.8226204994
        3.5350000000         2.8500000000         3.8315402998
        3.5400000000         2.8500000000         3.8315402998
        3.5450000000         2.8500000000         3.8366373286
        3.5500000000         2.8500000000         3.8366373286
        3.5550000000         2.8500000000         3.8391858430
        3.5600000000         2.8500000000         3.8404601002
        3.5650000000         2.8500000000         3.8430086146
        3.5700000000         2.8500000000         3.8442828718
        3.5750000000         2.8500000000         3.8481056434
        3.5800000000         2.8500000000         3.8506541578
        3.5850000000         2.8500000000         3.8532026722
        3.5900000000         2.8500000000         3.8621224726
        3.5950000000         2.8500000000         3.8595739582
        3.6000000000         2.8500000000         3.8646709870
        3.6050000000         2.8500000000         3.8684937586
        3.6100000000         2.8500000000         3.8672195014
        3.6150000000         2.8500000000         3.8710422730
        3.6200000000         2.8500000000         3.8710422730
        3.6250000000         2.8500000000         3.8812363307
        3.6300000000         2.8500000000         3.8799620735
        3.6350000000         2.8500000000         3.8837848451
        3.6400000000         2.8500000000         3.8799620735
        3.6450000000         2.8500000000         3.8850591023
        3.6500000000         2.8500000000         3.8825105879
        3.6550000000         2.8500000000         3.8888818739
        3.6600000000         2.8500000000         3.8914303883
        3.6650000000         2.8500000000         3.8888818739
        3.6700000000         2.8500000000         3.8965274171
        3.6750000000         2.8500000000         3.8939789027
        3.6800000000         2.8500000000         3.8965274171
        3.6850000000         2.8500000000         3.9016244459
        3.6900000000         2.8500000000         3.8978016743
        3.6950000000         2.8500000000         3.9067214747
        3.7000000000         2.8500000000         3.9067214747
        3.7050000000         2.8500000000         3.9092699891
        3.7100000000         2.8500000000         3.9105442463
        3.7150000000         2.8500000000         3.9118185035
        3.7200000000         2.8500000000         3.9130927607
        3.7250000000         2.8500000000         3.9232868183
        3.7300000000         2.8500000000         3.9194640467
        3.7350000000         2.8500000000         3.9232868183
        3.7400000000         2.8500000000         3.9271095899
        3.7450000000         2.8500000000         3.9373036475
        3.7500000000         2.8500000000         3.9360293903
        3.7550000000         2.8500000000         3.9398521620
        3.7600000000         2.8500000000         3.9449491908
        3.7650000000         2.8500000000         3.9449491908
        3.7700000000         2.8500000000         3.9513204768
        3.7750000000         2.8500000000         3.9513204768
        3.7800000000         2.8500000000         3.9589660200
        3.7850000000         2.8500000000         3.9551432484
        3.7900000000         2.8500000000         3.9653373060
        3.7950000000         2.8500000000         3.9653373060
        3.8000000000         2.8500000000         3.9678858204
        3.8050000000         2.8500000000         3.9717085920
        3.8100000000         2.8500000000         3.9755313636
        3.8150000000         2.8500000000         3.9768056208
        3.8200000000         2.8500000000         3.9844511640
        3.8250000000         2.8500000000         3.9844511640
        3.8300000000         2.8500000000         3.9933709644
        3.8350000000         2.8500000000         3.9920967072
        3.8400000000         2.8500000000         3.9946452216
        3.8450000000         2.8500000000         3.9920967072
        3.8500000000         2.8500000000         4.0010165077
        3.8550000000         2.8500000000         4.0048392793
        3.8600000000         2.8500000000         4.0086620509
        3.8650000000         2.8500000000         4.0124848225
        3.8700000000         2.8500000000         4.0175818513
        3.8750000000         2.8500000000         4.0163075941
        3.8800000000         2.8500000000         4.0226788801
        3.8850000000         2.8500000000         4.0277759089
        3.8900000000         2.8500000000         4.0303244233
        3.8950000000         2.8500000000         4.0417927381
        3.9000000000         2.8500000000         4.0392442237
        3.9050000000         2.8500000000         4.0379699665
        3.9100000000         2.8500000000         4.0456155097
        3.9150000000         2.8500000000         4.0481640241
        3.9200000000         2.8500000000         4.0494382813
        3.9250000000         2.8500000000         4.0583580817
        3.9300000000         2.8500000000         4.0596323389
        3.9350000000         2.8500000000         4.0583580817
        3.9400000000         2.8500000000         4.0621808534
        3.9450000000         2.8500000000         4.0685521394
        3.9500000000         2.8500000000         4.0711006538
        3.9550000000         2.8500000000         4.0736491682
        3.9600000000         2.8500000000         4.0838432258
        3.9650000000         2.8500000000         4.0838432258
        3.9700000000         2.8500000000         4.0876659974
        3.9750000000         2.8500000000         4.0940372834
        3.9800000000         2.8500000000         4.0902145118
        3.9850000000         2.8500000000         4.0991343122
        3.9900000000         2.8500000000         4.1004085694
        3.9950000000         2.8500000000         4.0978600550
        4.0000000000         2.8500000000         4.1093283698
        4.0050000000         2.8500000000         4.1156996558
        4.0100000000         2.8500000000         4.1118768842
        4.0150000000         2.8500000000         4.1182481702
        4.0200000000         2.8500000000         4.1207966846
        4.0250000000         2.8500000000         4.1195224274
        4.0300000000         2.8500000000         4.1220709419
        4.0350000000         2.8500000000         4.1322649995
        4.0400000000         2.8500000000         4.1335392567
        4.0450000000         2.8500000000         4.1297164851
        4.0500000000         2.8500000000         4.1373620283
        4.0550000000         2.8500000000         4.1348135139
        4.0600000000         2.8500000000         4.1399105427
        4.0650000000         2.8500000000         4.1411847999
        4.0700000000         2.8500000000         4.1399105427
        4.0750000000         2.8500000000         4.1475560859
        4.0800000000         2.8500000000         4.1462818287
        4.0850000000         2.8500000000         4.1501046003
        4.0900000000         2.8500000000         4.1501046003
        4.0950000000         2.8500000000         4.1513788575
        4.1000000000         2.8500000000         4.1526531147
        4.1050000000         2.8500000000         4.1526531147
        4.1100000000         2.8500000000         4.1539273719
        4.1150000000         2.8500000000         4.1513788575
        4.1200000000         2.8500000000         4.1539273719
        4.1250000000         2.8500000000         4.1552016291
        4.1300000000         2.8500000000         4.1564758863
        4.1350000000         2.8500000000         4.1539273719
        4.1400000000         2.8500000000         4.1539273719
        4.1450000000         2.8500000000         4.1526531147
        4.1500000000         2.8500000000         4.1526531147
        4.1550000000         2.8500000000         4.1539273719
        4.1600000000         2.8500000000         4.1552016291
        4.1650000000         2.8500000000         4.1564758863
        4.1700000000         2.8500000000         4.1577501435
        4.1750000000         2.8500000000         4.1552016291
        4.1800000000         2.8500000000         4.1564758863
        4.1850000000         2.8500000000         4.1590244007
        4.1900000000         2.8500000000         4.1526531147
        4.1950000000         2.8500000000         4.1577501435
        4.2000000000         2.8500000000         4.1564758863
        4.2050000000         2.8500000000         4.1526531147
        4.2100000000         2.8500000000         4.1526531147
        4.2150000000         2.8500000000         4.1602986579
        4.2200000000         2.8500000000         4.1564758863
        4.2250000000         2.8500000000         4.1526531147
        4.2300000000         2.8500000000         4.1564758863
        4.2350000000         2.8500000000         4.1602986579
        4.2400000000         2.8500000000         4.1590244007
        4.2450000000         2.8500000000         4.1577501435
        4.2500000000         2.8500000000         4.1564758863
        4.2550000000         2.8500000000         4.1526531147
        4.2600000000         2.8500000000         4.1590244007
        4.2650000000         2.8500000000         4.1526531147
        4.2700000000         2.8500000000         4.1526531147
        4.2750000000         2.8500000000         4.1552016291
        4.2800000000         2.8500000000         4.1564758863
        4.2850000000         2.8500000000         4.1513788575
        4.2900000000         2.8500000000         4.1526531147
        4.2950000000         2.8500000000         4.1602986579
        4.3000000000         2.8500000000         4.1552016291
        4.3050000000         2.8500000000         4.1590244007
        4.3100000000         2.8500000000         4.1552016291
        4.3150000000         2.8500000000         4.1526531147
        4.3200000000         2.8500000000         4.1552016291
        4.3250000000         2.8500000000         4.1552016291
        4.3300000000         2.8500000000         4.1577501435
        4.3350000000         2.8500000000         4.1552016291
        4.3400000000         2.8500000000         4.1526531147
        4.3450000000         2.8500000000         4.1590244007
        4.3500000000         2.8500000000         4.1526531147
        4.3550000000         2.8500000000         4.1526531147
        4.3600000000         2.8500000000         4.1590244007
        4.3650000000         2.8500000000         4.1526531147
        4.3700000000         2.8500000000         4.1577501435
        4.3750000000         2.8500000000         4.1564758863
        4.3800000000         2.8500000000         4.1526531147
        4.3850000000         2.8500000000         4.1577501435
        4.3900000000         2.8500000000         4.1577501435
        4.3950000000         2.8500000000         4.1590244007
        4.4000000000         2.8500000000         4.1526531147
        4.4050000000         2.8500000000         4.1590244007
        4.4100000000         2.8500000000         4.1552016291
        4.4150000000         2.8500000000         4.1539273719
        4.4200000000         2.8500000000         4.1552016291
        4.4250000000         2.8500000000         4.1552016291
        4.4300000000         2.8500000000         4.1590244007
        4.4350000000         2.8500000000         4.1564758863
        4.4400000000         2.8500000000         4.1564758863
        4.4450000000         2.8500000000         4.1602986579
        4.4500000000         2.8500000000         4.1577501435
        4.4550000000         2.8500000000         4.1564758863
        4.4600000000         2.8500000000         4.1564758863
        4.4650000000         2.8500000000         4.1539273719
        4.4700000000         2.8500000000         4.1577501435
        4.4750000000         2.8500000000         4.1577501435
        4.4800000000         2.8500000000         4.1526531147
        4.4850000000         2.8500000000         4.1552016291
        4.4900000000         2.8500000000         4.1552016291
        4.4950000000         2.8500000000         4.1526531147
        4.5000000000         2.8500000000         4.1590244007
        4.5050000000         2.8500000000         4.1552016291
        4.5100000000         2.8500000000         4.1552016291
        4.5150000000         2.8500000000         4.1552016291
        4.5200000000         2.8500000000         4.1552016291
        4.5250000000         2.8500000000         4.1526531147
        4.5300000000         2.8500000000         4.1564758863
        4.5350000000         2.8500000000         4.1577501435
        4.5400000000         2.8500000000         4.1590244007
        4.5450000000         2.8500000000         4.1577501435
        4.5500000000         2.8500000000         4.1564758863
        4.5550000000         2.8500000000         4.1552016291
        4.5600000000         2.8500000000         4.1564758863
        4.5650000000         2.8500000000         4.1577501435
        4.5700000000         2.8500000000         4.1590244007
        4.5750000000         2.8500000000         4.1539273719
        4.5800000000         2.8500000000         4.1526531147
        4.5850000000         2.8500000000         4.1577501435
        4.5900000000         2.8500000000         4.1577501435
        4.5950000000         2.8500000000         4.1526531147
        4.6000000000         2.8500000000         4.1564758863
        4.6050000000         2.8500000000         4.1552016291
        4.6100000000         2.8500000000         4.1564758863
        4.6150000000         2.8500000000         4.1526531147
        4.6200000000         2.8500000000         4.1552016291
        4.6250000000         2.8500000000         4.1564758863
        4.6300000000         2.8500000000         4.1552016291
        4.6350000000         2.8500000000         4.1564758863
        4.6400000000         2.8500000000         4.1552016291
        4.6450000000         2.8500000000         4.1552016291
        4.6500000000         2.8500000000         4.1564758863
        4.6550000000         2.8500000000         4.1552016291
        4.6600000000         2.8500000000         4.1513788575
        4.6650000000         2.8500000000         4.1564758863
        4.6700000000         2.8500000000         4.1564758863
        4.6750000000         2.8500000000         4.1526531147
        4.6800000000         2.8500000000         4.1577501435
        4.6850000000         2.8500000000         4.1590244007
        4.6900000000         2.8500000000         4.1564758863
        4.6950000000         2.8500000000         4.1526531147
        4.7000000000         2.8500000000         4.1602986579
        4.7050000000         2.8500000000         4.1552016291
        4.7100000000         2.8500000000         4.1564758863
        4.7150000000         2.8500000000         4.1564758863
        4.7200000000         2.8500000000         4.1526531147
        4.7250000000         2.8500000000         4.1577501435
        4.7300000000         2.8500000000         4.1590244007
        4.7350000000         2.8500000000         4.1526531147
        4.7400000000         2.8500000000         4.1552016291
        4.7450000000         2.8500000000         4.1590244007
        4.7500000000         2.8500000000         4.1590244007
        4.7550000000         2.8500000000         4.1526531147
        4.7600000000         2.8500000000         4.1590244007
        4.7650000000         2.8500000000         4.1590244007
        4.7700000000         2.8500000000         4.1526531147
        4.7750000000         2.8500000000         4.1552016291
        4.7800000000         2.8500000000         4.1552016291
        4.7850000000         2.8500000000         4.1564758863
        4.7900000000         2.8500000000         4.1564758863
        4.7950000000         2.8500000000         4.1526531147
        4.8000000000         2.8500000000         4.1590244007
        4.8050000000         2.8500000000         4.1552016291
        4.8100000000         2.8500000000         4.1552016291
        4.8150000000         2.8500000000         4.1653956867
        4.8200000000         2.8500000000         4.1526531147
        4.8250000000         2.8500000000         4.1552016291
        4.8300000000         2.8500000000         4.1552016291
        4.8350000000         2.8500000000         4.1539273719
        4.8400000000         2.8500000000         4.1577501435
        4.8450000000         2.8500000000         4.1628471723
        4.8500000000         2.8500000000         4.1526531147
        4.8550000000         2.8500000000         4.1590244007
        4.8600000000         2.8500000000         4.1552016291
        4.8650000000         2.8500000000         4.1552016291
        4.8700000000         2.8500000000         4.1577501435
        4.8750000000         2.8500000000         4.1539273719
        4.8800000000         2.8500000000         4.1526531147
        4.8850000000         2.8500000000         4.1590244007
        4.8900000000         2.8500000000         4.1552016291
        4.8950000000         2.8500000000         4.1564758863
        4.9000000000         2.8500000000         4.1577501435
        4.9050000000         2.8500000000         4.1526531147
        4.9100000000         2.8500000000         4.1577501435
        4.9150000000         2.8500000000         4.1539273719
        4.9200000000         2.8500000000         4.1552016291
        4.9250000000         2.8500000000         4.1577501435
        4.9300000000         2.8500000000         4.1526531147
        4.9350000000         2.8500000000         4.1552016291
        4.9400000000         2.8500000000         4.1552016291
        4.9450000000         2.8500000000         4.1564758863
        4.9500000000         2.8500000000         4.1564758863
        4.9550000000         2.8500000000         4.1577501435
        4.9600000000         2.8500000000         4.1577501435
        4.9650000000         2.8500000000         4.1564758863
        4.9700000000         2.8500000000         4.1602986579
        4.9750000000         2.8500000000         4.1564758863
        4.9800000000         2.8500000000         4.1526531147
        4.9850000000         2.8500000000         4.1526531147
        4.9900000000         2.8500000000         4.1552016291
        4.9950000000         2.8500000000         4.1577501435
        5.0000000000         2.8500000000         4.1513788575
        5.0050000000         2.8500000000         4.1526531147
        5.0100000000         2.8500000000         4.1552016291
        5.0150000000         2.8500000000         4.1590244007
        5.0200000000         2.8500000000         4.1552016291
        5.0250000000         2.8500000000         4.1577501435
        5.0300000000         2.8500000000         4.1564758863
        5.0350000000         2.8500000000         4.1552016291
        5.0400000000         2.8500000000         4.1564758863
        5.0450000000         2.8500000000         4.1564758863
        5.0500000000         2.8500000000         4.1577501435
        5.0550000000         2.8500000000         4.1564758863
        5.0600000000         2.8500000000         4.1564758863
        5.0650000000         2.8500000000         4.1564758863
        5.0700000000         2.8500000000         4.1564758863
        5.0750000000         2.8500000000         4.1564758863
        5.0800000000         2.8500000000         4.1577501435
        5.0850000000         2.8500000000         4.1513788575
        5.0900000000         2.8500000000         4.1590244007
        5.0950000000         2.8500000000         4.1628471723
        5.1000000000         2.8500000000         4.1539273719
        5.1050000000         2.8500000000         4.1590244007
        5.1100000000         2.8500000000         4.1602986579
        5.1150000000         2.8500000000         4.1564758863
        5.1200000000         2.8500000000         4.1552016291
        5.1250000000         2.8500000000         4.1526531147
        5.1300000000         2.8500000000         4.1552016291
        5.1350000000         2.8500000000         4.1577501435
        5.1400000000         2.8500000000         4.1564758863
        5.1450000000         2.8500000000         4.1526531147
        5.1500000000         2.8500000000         4.1577501435
        5.1550000000         2.8500000000         4.1552016291
        5.1600000000         2.8500000000         4.1552016291
        5.1650000000         2.8500000000         4.1552016291
        5.1700000000         2.8500000000         4.1539273719
        5.1750000000         2.8500000000         4.1590244007
        5.1800000000         2.8500000000         4.1564758863
        5.1850000000         2.8500000000         4.1552016291
        5.1900000000         2.8500000000         4.1577501435
        5.1950000000         2.8500000000         4.1564758863
        5.2000000000         2.8500000000         4.1526531147
        5.2050000000         2.8500000000         4.1526531147
        5.2100000000         2.8500000000         4.1552016291
        5.2150000000         2.8500000000         4.1450075715
        5.2200000000         2.8500000000         4.1552016291
        5.2250000000         2.8500000000         4.1564758863
        5.2300000000         2.8500000000         4.1552016291
        5.2350000000         2.8500000000         4.1577501435
        5.2400000000         2.8500000000         4.1539273719
        5.2450000000         2.8500000000         4.1526531147
        5.2500000000         2.8500000000         4.1602986579
        5.2550000000         2.8500000000         4.1590244007
        5.2600000000         2.8500000000         4.1526531147
        5.2650000000         2.8500000000         4.1552016291
        5.2700000000         2.8500000000         4.1564758863
        5.2750000000         2.8500000000         4.1564758863
        5.2800000000         2.8500000000         4.1564758863
        5.2850000000         2.8500000000         4.1577501435
        5.2900000000         2.8500000000         4.1564758863
        5.2950000000         2.8500000000         4.1552016291
        5.3000000000         2.8500000000         4.1564758863
        5.3050000000         2.8500000000         4.1526531147
        5.3100000000         2.8500000000         4.1577501435
        5.3150000000         2.8500000000         4.1526531147
        5.3200000000         2.8500000000         4.1552016291
        5.3250000000         2.8500000000         4.1564758863
        5.3300000000         2.8500000000         4.1539273719
        5.3350000000         2.8500000000         4.1552016291
        5.3400000000         2.8500000000         4.1526531147
        5.3450000000         2.8500000000         4.1590244007
        5.3500000000         2.8500000000         4.1628471723
        5.3550000000         2.8500000000         4.1552016291
        5.3600000000         2.8500000000         4.1590244007
        5.3650000000         2.8500000000         4.1526531147
        5.3700000000         2.8500000000         4.1552016291
        5.3750000000         2.8500000000         4.1564758863
        5.3800000000         2.8500000000         4.1552016291
        5.3850000000         2.8500000000         4.1564758863
        5.3900000000         2.8500000000         4.1590244007
        5.3950000000         2.8500000000         4.1564758863
        5.4000000000         2.8500000000         4.1552016291
        5.4050000000         2.8500000000         4.1577501435
        5.4100000000         2.8500000000         4.1526531147
        5.4150000000         2.8500000000         4.1564758863
        5.4200000000         2.8500000000         4.1564758863
        5.4250000000         2.8500000000         4.1526531147
        5.4300000000         2.8500000000         4.1590244007
        5.4350000000         2.8500000000         4.1564758863
        5.4400000000         2.8500000000         4.1590244007
        5.4450000000         2.8500000000         4.1552016291
        5.4500000000         2.8500000000         4.1564758863
        5.4550000000         2.8500000000         4.1577501435
        5.4600000000         2.8500000000         4.1526531147
        5.4650000000         2.8500000000         4.1501046003
        5.4700000000         2.8500000000         4.1552016291
        5.4750000000         2.8500000000         4.1526531147
        5.4800000000         2.8500000000         4.1564758863
        5.4850000000         2.8500000000         4.1552016291
        5.4900000000         2.8500000000         4.1590244007
        5.4950000000         2.8500000000         4.1552016291
        5.5000000000         2.8500000000         4.1602986579
        5.5050000000         2.8500000000         4.1526531147
        5.5100000000         2.8500000000         4.1552016291
        5.5150000000         2.8500000000         4.1577501435
        5.5200000000         2.8500000000         4.1526531147
        5.5250000000         2.8500000000         4.1590244007
        5.5300000000         2.8500000000         4.1564758863
        5.5350000000         2.8500000000         4.1590244007
        5.5400000000         2.8500000000         4.1564758863
        5.5450000000         2.8500000000         4.1513788575
        5.5500000000         2.8500000000         4.1552016291
        5.5550000000         2.8500000000         4.1526531147
        5.5600000000         2.8500000000         4.1552016291
        5.5650000000         2.8500000000         4.1552016291
        5.5700000000         2.8500000000         4.1552016291
        5.5750000000         2.8500000000         4.1564758863
        5.5800000000         2.8500000000         4.1552016291
        5.5850000000         2.8500000000         4.1526531147
        5.5900000000         2.8500000000         4.1577501435
        5.5950000000         2.8500000000         4.1552016291
        5.6000000000         2.8500000000         4.1590244007
        5.6050000000         2.8500000000         4.1526531147
        5.6100000000         2.8500000000         4.1564758863
        5.6150000000         2.8500000000         4.1602986579
        5.6200000000         2.8500000000         4.1577501435
        5.6250000000         2.8500000000         4.1564758863
        5.6300000000         2.8500000000         4.1564758863
        5.6350000000         2.8500000000         4.1526531147
        5.6400000000         2.8500000000         4.1552016291
        5.6450000000         2.8500000000         4.1564758863
        5.6500000000         2.8500000000         4.1590244007
        5.6550000000         2.8500000000         4.1577501435
        5.6600000000         2.8500000000         4.1564758863
        5.6650000000         2.8500000000         4.1552016291
        5.6700000000         2.8500000000         4.1526531147
        5.6750000000         2.8500000000         4.1564758863
        5.6800000000         2.8500000000         4.1552016291
        5.6850000000         2.8500000000         4.1564758863
        5.6900000000         2.8500000000         4.1526531147
        5.6950000000         2.8500000000         4.1590244007
        5.7000000000         2.8500000000         4.1564758863
        5.7050000000         2.8500000000         4.1552016291
        5.7100000000         2.8500000000         4.1552016291
        5.7150000000         2.8500000000         4.1564758863
        5.7200000000         2.8500000000         4.1577501435
        5.7250000000         2.8500000000         4.1552016291
        5.7300000000         2.8500000000         4.1590244007
        5.7350000000         2.8500000000         4.1513788575
        5.7400000000         2.8500000000         4.1590244007
        5.7450000000         2.8500000000         4.1564758863
        5.7500000000         2.8500000000         4.1552016291
        5.7550000000         2.8500000000         4.1628471723
        5.7600000000         2.8500000000         4.1526531147
        5.7650000000         2.8500000000         4.1564758863
        5.7700000000         2.8500000000         4.1615729151
        5.7750000000         2.8500000000         4.1513788575
        5.7800000000         2.8500000000         4.1577501435
        5.7850000000         2.8500000000         4.1590244007
        5.7900000000         2.8500000000         4.1526531147
        5.7950000000         2.8500000000         4.1526531147
        5.8000000000         2.8500000000         4.1526531147
        5.8050000000         2.8500000000         4.1526531147
        5.8100000000         2.8500000000         4.1577501435
        5.8150000000         2.8500000000         4.1552016291
        5.8200000000         2.8500000000         4.1564758863
        5.8250000000         2.8500000000         4.1564758863
        5.8300000000         2.8500000000         4.1526531147
        5.8350000000         2.8500000000         4.1552016291
        5.8400000000         2.8500000000         4.1552016291
        5.8450000000         2.8500000000         4.1501046003
        5.8500000000         2.8500000000         4.1552016291
        5.8550000000         2.8500000000         4.1526531147
        5.8600000000         2.8500000000         4.1513788575
        5.8650000000         2.8500000000         4.1577501435
        5.8700000000         2.8500000000         4.1539273719
        5.8750000000         2.8500000000         4.1577501435
        5.8800000000         2.8500000000         4.1564758863
        5.8850000000         2.8500000000         4.1564758863
        5.8900000000         2.8500000000         4.1577501435
        5.8950000000         2.8500000000         4.1564758863
        5.9000000000         2.8500000000         4.1577501435
        5.9050000000         2.8500000000         4.1526531147
        5.9100000000         2.8500000000         4.1552016291
        5.9150000000         2.8500000000         4.1552016291
        5.9200000000         2.8500000000         4.1552016291
        5.9250000000         2.8500000000         4.1577501435
        5.9300000000         2.8500000000         4.1526531147
        5.9350000000         2.8500000000         4.1526531147
        5.9400000000         2.8500000000         4.1552016291
        5.9450000000         2.8500000000         4.1577501435
        5.9500000000         2.8500000000         4.1526531147
        5.9550000000         2.8500000000         4.1526531147
        5.9600000000         2.8500000000         4.1552016291
        5.9650000000         2.8500000000         4.1552016291
        5.9700000000         2.8500000000         4.1577501435
        5.9750000000         2.8500000000         4.1526531147
        5.9800000000         2.8500000000         4.1564758863
        5.9850000000         2.8500000000         4.1488303431
        5.9900000000         2.8500000000         4.1590244007
        5.9950000000         2.8500000000         4.1552016291
        6.0000000000         2.8500000000         4.1513788575
        6.0050000000         2.8500000000         4.1552016291
        6.0100000000         2.8500000000         4.1526531147
        6.0150000000         2.8500000000         4.1526531147
        6.0200000000         2.8500000000         4.1564758863
        6.0250000000         2.8500000000         4.1564758863
        6.0300000000         2.8500000000         4.1526531147
        6.0350000000         2.8500000000         4.1590244007
        6.0400000000         2.8500000000         4.1590244007
        6.0450000000         2.8500000000         4.1577501435
        6.0500000000         2.8500000000         4.1552016291
        6.0550000000         2.8500000000         4.1526531147
        6.0600000000         2.8500000000         4.1590244007
        6.0650000000         2.8500000000         4.1526531147
        6.0700000000         2.8500000000         4.1590244007
        6.0750000000         2.8500000000         4.1602986579
        6.0800000000         2.8500000000         4.1526531147
        6.0850000000         2.8500000000         4.1552016291
        6.0900000000         2.8500000000         4.1552016291
        6.0950000000         2.8500000000         4.1564758863
        6.1000000000         2.8500000000         4.1564758863
        6.1050000000         2.8500000000         4.1577501435
        6.1100000000         2.8500000000         4.1526531147
        6.1150000000         2.8500000000         4.1552016291
        6.1200000000         2.8500000000         4.1552016291
        6.1250000000         2.8500000000         4.1513788575
        6.1300000000         2.8500000000         4.1590244007
        6.1350000000         2.8500000000         4.1628471723
        6.1400000000         2.8500000000         4.1501046003
        6.1450000000         2.8500000000         4.1526531147
        6.1500000000         2.8500000000         4.1590244007
        6.1550000000         2.8500000000         4.1475560859
        6.1600000000         2.8500000000         4.1552016291
        6.1650000000         2.8500000000         4.1513788575
        6.1700000000         2.8500000000         4.1526531147
        6.1750000000         2.8500000000         4.1577501435
        6.1800000000         2.8500000000         4.1590244007
        6.1850000000         2.8500000000         4.1552016291
        6.1900000000         2.8500000000         4.1564758863
        6.1950000000         2.8500000000         4.1564758863
        6.2000000000         2.8500000000         4.1590244007
        6.2050000000         2.8500000000         4.1564758863
        6.2100000000         2.8500000000         4.1526531147
        6.2150000000         2.8500000000         4.1577501435
        6.2200000000         2.8500000000         4.1564758863
        6.2250000000         2.8500000000         4.1552016291
        6.2300000000         2.8500000000         4.1577501435
        6.2350000000         2.8500000000         4.1526531147
        6.2400000000         2.8500000000         4.1552016291
        6.2450000000         2.8500000000         4.1564758863
        6.2500000000         2.8500000000         4.1564758863
        6.2550000000         2.8500000000         4.1564758863
        6.2600000000         2.8500000000         4.1564758863
        6.2650000000         2.8500000000         4.1590244007
        6.2700000000         2.8500000000         4.1526531147
        6.2750000000         2.8500000000         4.1552016291
        6.2800000000         2.8500000000         4.1564758863
        6.2850000000         2.8500000000         4.1615729151
        6.2900000000         2.8500000000         4.1590244007
        6.2950000000         2.8500000000         4.1552016291
        6.3000000000         2.8500000000         4.1564758863
        6.3050000000         2.8500000000         4.1526531147
        6.3100000000         2.8500000000         4.1590244007
        6.3150000000         2.8500000000         4.1539273719
        6.3200000000         2.8500000000         4.1552016291
        6.3250000000         2.8500000000         4.1590244007
        6.3300000000         2.8500000000         4.1526531147
        6.3350000000         2.8500000000         4.1577501435
        6.3400000000         2.8500000000         4.1564758863
        6.3450000000         2.8500000000         4.1552016291
        6.3500000000         2.8500000000         4.1590244007
        6.3550000000         2.8500000000         4.1526531147
        6.3600000000         2.8500000000         4.1552016291
        6.3650000000         2.8500000000         4.1552016291
        6.3700000000         2.8500000000         4.1526531147
        6.3750000000         2.8500000000         4.1590244007
        6.3800000000         2.8500000000         4.1552016291
        6.3850000000         2.8500000000         4.1552016291
        6.3900000000         2.8500000000         4.1564758863
        6.3950000000         2.8500000000         4.1564758863
        6.4000000000         2.8500000000         4.1539273719
        6.4050000000         2.8500000000         4.1513788575
        6.4100000000         2.8500000000         4.1552016291
        6.4150000000         2.8500000000         4.1526531147
        6.4200000000         2.8500000000         4.1513788575
        6.4250000000         2.8500000000         4.1552016291
        6.4300000000         2.8500000000         4.1564758863
        6.4350000000         2.8500000000         4.1577501435
        6.4400000000         2.8500000000         4.1526531147
        6.4450000000         2.8500000000         4.1526531147
        6.4500000000         2.8500000000         4.1590244007
        6.4550000000         2.8500000000         4.1590244007
        6.4600000000         2.8500000000         4.1526531147
        6.4650000000         2.8500000000         4.1539273719
        6.4700000000         2.8500000000         4.1552016291
        6.4750000000         2.8500000000         4.1539273719
        6.4800000000         2.8500000000         4.1577501435
        6.4850000000         2.8500000000         4.1552016291
        6.4900000000         2.8500000000         4.1552016291
        6.4950000000         2.8500000000         4.1552016291
        6.5000000000         2.8500000000         4.1526531147
        6.5050000000         2.8500000000         4.1564758863
        6.5100000000         2.8500000000         4.1513788575
        6.5150000000         2.8500000000         4.1564758863
        6.5200000000         2.8500000000         4.1526531147
        6.5250000000         2.8500000000         4.1577501435
        6.5300000000         2.8500000000         4.1666699439
        6.5350000000         2.8500000000         4.1513788575
        6.5400000000         2.8500000000         4.1577501435
        6.5450000000         2.8500000000         4.1564758863
        6.5500000000         2.8500000000         4.1590244007
        6.5550000000         2.8500000000         4.1526531147
        6.5600000000         2.8500000000         4.1590244007
        6.5650000000         2.8500000000         4.1577501435
        6.5700000000         2.8500000000         4.1564758863
        6.5750000000         2.8500000000         4.1526531147
        6.5800000000         2.8500000000         4.1577501435
        6.5850000000         2.8500000000         4.1564758863
        6.5900000000         2.8500000000         4.1552016291
        6.5950000000         2.8500000000         4.1552016291
        6.6000000000         2.8500000000         4.1564758863
        6.6050000000         2.8500000000         4.1564758863
        6.6100000000         2.8500000000         4.1564758863
        6.6150000000         2.8500000000         4.1564758863
        6.6200000000         2.8500000000         4.1564758863
        6.6250000000         2.8500000000         4.1564758863
        6.6300000000         2.8500000000         4.1552016291
        6.6350000000         2.8500000000         4.1552016291
        6.6400000000         2.8500000000         4.1526531147
        6.6450000000         2.8500000000         4.1526531147
