        0.0000000000         3.6000000000         1.1148239449
        0.0050000000         3.6000000000         1.0676764284
        0.0100000000         3.6000000000         1.1148239449
        0.0150000000         3.6000000000         1.0753219716
        0.0200000000         3.6000000000         1.1199209737
        0.0250000000         3.6000000000         1.0829675148
        0.0300000000         3.6000000000         0.0011231503
        0.0350000000         3.6000000000         0.0062201791
        0.0400000000         3.6000000000        -0.0026996214
        0.0450000000         3.6000000000        -0.0001511069
        0.0500000000         3.6000000000        -0.0014253642
        0.0550000000         3.6000000000         0.0049459219
        0.0600000000         3.6000000000        -0.0026996214
        0.0650000000         3.6000000000        -0.0001511069
        0.0700000000         3.6000000000         0.0125914651
        0.0750000000         3.6000000000         0.0291568087
        0.0800000000         3.6000000000         0.0584647243
        0.0850000000         3.6000000000         0.0788528396
        0.0900000000         3.6000000000         0.1056122408
        0.0950000000         3.6000000000         0.1310973849
        0.1000000000         3.6000000000         0.1591310433
        0.1050000000         3.6000000000         0.1807934157
        0.1100000000         3.6000000000         0.2113755886
        0.1150000000         3.6000000000         0.2343122182
        0.1200000000         3.6000000000         0.2597973623
        0.1250000000         3.6000000000         0.2891052779
        0.1300000000         3.6000000000         0.3196874508
        0.1350000000         3.6000000000         0.3477211092
        0.1400000000         3.6000000000         0.3770290249
        0.1450000000         3.6000000000         0.4025141689
        0.1500000000         3.6000000000         0.4381933706
        0.1550000000         3.6000000000         0.4649527718
        0.1600000000         3.6000000000         0.4942606875
        0.1650000000         3.6000000000         0.5261171175
        0.1700000000         3.6000000000         0.5503280044
        0.1750000000         3.6000000000         0.5860072060
        0.1800000000         3.6000000000         0.6140408645
        0.1850000000         3.6000000000         0.6484458089
        0.1900000000         3.6000000000         0.6764794674
        0.1950000000         3.6000000000         0.7070616402
        0.2000000000         3.6000000000         0.7414665847
        0.2050000000         3.6000000000         0.7669517287
        0.2100000000         3.6000000000         0.7988081588
        0.2150000000         3.6000000000         0.8306645888
        0.2200000000         3.6000000000         0.8599725045
        0.2250000000         3.6000000000         0.8892804201
        0.2300000000         3.6000000000         0.9236853646
        0.2350000000         3.6000000000         0.9504447658
        0.2400000000         3.6000000000         0.9797526815
        0.2450000000         3.6000000000         1.0090605971
        0.2500000000         3.6000000000         1.0421912844
        0.2550000000         3.6000000000         1.0689506856
        0.2600000000         3.6000000000         1.0969843441
        0.2650000000         3.6000000000         1.1262922597
        0.2700000000         3.6000000000         1.1543259182
        0.2750000000         3.6000000000         1.1887308626
        0.2800000000         3.6000000000         1.2167645211
        0.2850000000         3.6000000000         1.2409754079
        0.2900000000         3.6000000000         1.2702833235
        0.2950000000         3.6000000000         1.3008654964
        0.3000000000         3.6000000000         1.3327219264
        0.3050000000         3.6000000000         1.3620298421
        0.3100000000         3.6000000000         1.3900635005
        0.3150000000         3.6000000000         1.4206456734
        0.3200000000         3.6000000000         1.4461308174
        0.3250000000         3.6000000000         1.4830842763
        0.3300000000         3.6000000000         1.5072951631
        0.3350000000         3.6000000000         1.5340545644
        0.3400000000         3.6000000000         1.5646367372
        0.3450000000         3.6000000000         1.5875733669
        0.3500000000         3.6000000000         1.6168812825
        0.3550000000         3.6000000000         1.6500119698
        0.3600000000         3.6000000000         1.6729485994
        0.3650000000         3.6000000000         1.6997080007
        0.3700000000         3.6000000000         1.7264674019
        0.3750000000         3.6000000000         1.7621466036
        0.3800000000         3.6000000000         1.7876317476
        0.3850000000         3.6000000000         1.8092941200
        0.3900000000         3.6000000000         1.8411505501
        0.3950000000         3.6000000000         1.8691842085
        0.4000000000         3.6000000000         1.8984921242
        0.4050000000         3.6000000000         1.9252515254
        0.4100000000         3.6000000000         1.9583822127
        0.4150000000         3.6000000000         1.9838673567
        0.4200000000         3.6000000000         2.0144495296
        0.4250000000         3.6000000000         2.0373861592
        0.4300000000         3.6000000000         2.0756138753
        0.4350000000         3.6000000000         2.1023732765
        0.4400000000         3.6000000000         2.1316811922
        0.4450000000         3.6000000000         2.1660861366
        0.4500000000         3.6000000000         2.1890227663
        0.4550000000         3.6000000000         2.2234277107
        0.4600000000         3.6000000000         2.2552841408
        0.4650000000         3.6000000000         2.2935118568
        0.4700000000         3.6000000000         2.3202712581
        0.4750000000         3.6000000000         2.3495791737
        0.4800000000         3.6000000000         2.3941781758
        0.4850000000         3.6000000000         2.4132920338
        0.4900000000         3.6000000000         2.4464227211
        0.4950000000         3.6000000000         2.4846504371
        0.5000000000         3.6000000000         2.5088613240
        0.5050000000         3.6000000000         2.5407177540
        0.5100000000         3.6000000000         2.5700256697
        0.5150000000         3.6000000000         2.6095276430
        0.5200000000         3.6000000000         2.6388355586
        0.5250000000         3.6000000000         2.6732405031
        0.5300000000         3.6000000000         2.7089197047
        0.5350000000         3.6000000000         2.7356791060
        0.5400000000         3.6000000000         2.7739068220
        0.5450000000         3.6000000000         2.8095860237
        0.5500000000         3.6000000000         2.8388939393
        0.5550000000         3.6000000000         2.8732988838
        0.5600000000         3.6000000000         2.9102523427
        0.5650000000         3.6000000000         2.9370117439
        0.5700000000         3.6000000000         2.9803364888
        0.5750000000         3.6000000000         3.0109186616
        0.5800000000         3.6000000000         3.0402265773
        0.5850000000         3.6000000000         3.0810028077
        0.5900000000         3.6000000000         3.1141334950
        0.5950000000         3.6000000000         3.1447156678
        0.6000000000         3.6000000000         3.1816691267
        0.6050000000         3.6000000000         3.2186225856
        0.6100000000         3.6000000000         3.2530275300
        0.6150000000         3.6000000000         3.2848839601
        0.6200000000         3.6000000000         3.3282087049
        0.6250000000         3.6000000000         3.3600651350
        0.6300000000         3.6000000000         3.3944700795
        0.6350000000         3.6000000000         3.4301492811
        0.6400000000         3.6000000000         3.4658284828
        0.6450000000         3.6000000000         3.5015076844
        0.6500000000         3.6000000000         3.5397354005
        0.6550000000         3.6000000000         3.5703175733
        0.6600000000         3.6000000000         3.6085452894
        0.6650000000         3.6000000000         3.6454987483
        0.6700000000         3.6000000000         3.6811779499
        0.6750000000         3.6000000000         3.7181314088
        0.6800000000         3.6000000000         3.7487135816
        0.6850000000         3.6000000000         3.7933125837
        0.6900000000         3.6000000000         3.8251690138
        0.6950000000         3.6000000000         3.8633967298
        0.7000000000         3.6000000000         3.8990759315
        0.7050000000         3.6000000000         3.9271095899
        0.7100000000         3.6000000000         3.9717085920
        0.7150000000         3.6000000000         4.0086620509
        0.7200000000         3.6000000000         4.0468897669
        0.7250000000         3.6000000000         4.0825689686
        0.7300000000         3.6000000000         4.1233451991
        0.7350000000         3.6000000000         4.1577501435
        0.7400000000         3.6000000000         4.1947036024
        0.7450000000         3.6000000000         4.2329313184
        0.7500000000         3.6000000000         4.2686105201
        0.7550000000         3.6000000000         4.3055639790
        0.7600000000         3.6000000000         4.3450659522
        0.7650000000         3.6000000000         4.3820194111
        0.7700000000         3.6000000000         4.4138758411
        0.7750000000         3.6000000000         4.4533778144
        0.7800000000         3.6000000000         4.4928797877
        0.7850000000         3.6000000000         4.5272847321
        0.7900000000         3.6000000000         4.5706094770
        0.7950000000         3.6000000000         4.6088371931
        0.8000000000         3.6000000000         4.6432421375
        0.8050000000         3.6000000000         4.6827441108
        0.8100000000         3.6000000000         4.7247945984
        0.8150000000         3.6000000000         4.7566510285
        0.8200000000         3.6000000000         4.7974272590
        0.8250000000         3.6000000000         4.8343807178
        0.8300000000         3.6000000000         4.8713341767
        0.8350000000         3.6000000000         4.9082876355
        0.8400000000         3.6000000000         4.9541608948
        0.8450000000         3.6000000000         4.9911143537
        0.8500000000         3.6000000000         5.0293420697
        0.8550000000         3.6000000000         5.0650212714
        0.8600000000         3.6000000000         5.0637470142
        0.8650000000         3.6000000000         5.0624727570
        0.8700000000         3.6000000000         1.2422496651
        0.8750000000         3.6000000000         1.0880645436
        0.8800000000         3.6000000000         0.0011231503
        0.8850000000         3.6000000000         0.0011231503
        0.8900000000         3.6000000000        -0.0001511069
        0.8950000000         3.6000000000         0.0011231503
        0.9000000000         3.6000000000         0.0253340371
        0.9050000000         3.6000000000         0.0661102676
        0.9100000000         3.6000000000         0.1043379836
        0.9150000000         3.6000000000         0.1387429281
        0.9200000000         3.6000000000         0.1782449013
        0.9250000000         3.6000000000         0.2151983602
        0.9300000000         3.6000000000         0.2496033047
        0.9350000000         3.6000000000         0.2891052779
        0.9400000000         3.6000000000         0.3247844796
        0.9450000000         3.6000000000         0.3706577389
        0.9500000000         3.6000000000         0.3999656545
        0.9550000000         3.6000000000         0.4420161422
        0.9600000000         3.6000000000         0.4802438582
        0.9650000000         3.6000000000         0.5159230599
        0.9700000000         3.6000000000         0.5516022616
        0.9750000000         3.6000000000         0.5872814632
        0.9800000000         3.6000000000         0.6267834365
        0.9850000000         3.6000000000         0.6637368953
        0.9900000000         3.6000000000         0.6968675826
        0.9950000000         3.6000000000         0.7363695559
        1.0000000000         3.6000000000         0.7682259859
        1.0050000000         3.6000000000         0.8102764736
        1.0100000000         3.6000000000         0.8434071608
        1.0150000000         3.6000000000         0.8803606197
        1.0200000000         3.6000000000         0.9160398214
        1.0250000000         3.6000000000         0.9491705086
        1.0300000000         3.6000000000         0.9797526815
        1.0350000000         3.6000000000         1.0154318831
        1.0400000000         3.6000000000         1.0472883132
        1.0450000000         3.6000000000         1.0791447432
        1.0500000000         3.6000000000         1.1199209737
        1.0550000000         3.6000000000         1.1505031465
        1.0600000000         3.6000000000         1.1849080910
        1.0650000000         3.6000000000         1.2193130355
        1.0700000000         3.6000000000         1.2460724367
        1.0750000000         3.6000000000         1.2817516384
        1.0800000000         3.6000000000         1.3161565828
        1.0850000000         3.6000000000         1.3492872701
        1.0900000000         3.6000000000         1.3811437001
        1.0950000000         3.6000000000         1.4104516158
        1.1000000000         3.6000000000         1.4486793318
        1.1050000000         3.6000000000         1.4754387331
        1.1100000000         3.6000000000         1.5060209059
        1.1150000000         3.6000000000         1.5404258504
        1.1200000000         3.6000000000         1.5646367372
        1.1250000000         3.6000000000         1.5977674245
        1.1300000000         3.6000000000         1.6283495973
        1.1350000000         3.6000000000         1.6589317702
        1.1400000000         3.6000000000         1.6907882002
        1.1450000000         3.6000000000         1.7162733443
        1.1500000000         3.6000000000         1.7570495747
        1.1550000000         3.6000000000         1.7748891756
        1.1600000000         3.6000000000         1.8118426344
        1.1650000000         3.6000000000         1.8398762929
        1.1700000000         3.6000000000         1.8704584657
        1.1750000000         3.6000000000         1.8959436098
        1.1800000000         3.6000000000         1.9265257826
        1.1850000000         3.6000000000         1.9583822127
        1.1900000000         3.6000000000         1.9851416139
        1.1950000000         3.6000000000         2.0246435872
        1.2000000000         3.6000000000         2.0526772456
        1.2050000000         3.6000000000         2.0807109041
        1.2100000000         3.6000000000         2.1163901057
        1.2150000000         3.6000000000         2.1431495070
        1.2200000000         3.6000000000         2.1762801942
        1.2250000000         3.6000000000         2.2055881099
        1.2300000000         3.6000000000         2.2463643404
        1.2350000000         3.6000000000         2.2705752272
        1.2400000000         3.6000000000         2.3075286861
        1.2450000000         3.6000000000         2.3432078877
        1.2500000000         3.6000000000         2.3699672890
        1.2550000000         3.6000000000         2.4030979762
        1.2600000000         3.6000000000         2.4413256923
        1.2650000000         3.6000000000         2.4719078651
        1.2700000000         3.6000000000         2.5063128096
        1.2750000000         3.6000000000         2.5394434968
        1.2800000000         3.6000000000         2.5687514125
        1.2850000000         3.6000000000         2.6044306141
        1.2900000000         3.6000000000         2.6426583302
        1.2950000000         3.6000000000         2.6745147603
        1.3000000000         3.6000000000         2.7063711903
        1.3050000000         3.6000000000         2.7509701924
        1.3100000000         3.6000000000         2.7777295936
        1.3150000000         3.6000000000         2.8083117665
        1.3200000000         3.6000000000         2.8427167109
        1.3250000000         3.6000000000         2.8783959126
        1.3300000000         3.6000000000         2.9115265999
        1.3350000000         3.6000000000         2.9497543159
        1.3400000000         3.6000000000         2.9841592604
        1.3450000000         3.6000000000         3.0172899476
        1.3500000000         3.6000000000         3.0567919209
        1.3550000000         3.6000000000         3.0822770649
        1.3600000000         3.6000000000         3.1230532954
        1.3650000000         3.6000000000         3.1549097255
        1.3700000000         3.6000000000         3.1956859559
        1.3750000000         3.6000000000         3.2262681288
        1.3800000000         3.6000000000         3.2683186164
        1.3850000000         3.6000000000         3.3014493037
        1.3900000000         3.6000000000         3.3396770198
        1.3950000000         3.6000000000         3.3791789930
        1.4000000000         3.6000000000         3.4059383943
        1.4050000000         3.6000000000         3.4479888819
        1.4100000000         3.6000000000         3.4849423408
        1.4150000000         3.6000000000         3.5180730281
        1.4200000000         3.6000000000         3.5626720301
        1.4250000000         3.6000000000         3.6008997462
        1.4300000000         3.6000000000         3.6314819190
        1.4350000000         3.6000000000         3.6735324067
        1.4400000000         3.6000000000         3.7155828944
        1.4450000000         3.6000000000         3.7448908100
        1.4500000000         3.6000000000         3.7856670405
        1.4550000000         3.6000000000         3.8200719850
        1.4600000000         3.6000000000         3.8544769294
        1.4650000000         3.6000000000         3.8939789027
        1.4700000000         3.6000000000         3.9334808759
        1.4750000000         3.6000000000         3.9691600776
        1.4800000000         3.6000000000         4.0124848225
        1.4850000000         3.6000000000         4.0443412525
        1.4900000000         3.6000000000         4.0863917402
        1.4950000000         3.6000000000         4.1220709419
        1.5000000000         3.6000000000         4.1590244007
        1.5050000000         3.6000000000         4.2010748884
        1.5100000000         3.6000000000         4.2354798328
        1.5150000000         3.6000000000         4.2737075489
        1.5200000000         3.6000000000         4.3144837794
        1.5250000000         3.6000000000         4.3552600098
        1.5300000000         3.6000000000         4.3858421827
        1.5350000000         3.6000000000         4.4304411848
        1.5400000000         3.6000000000         4.4661203864
        1.5450000000         3.6000000000         4.5056223597
        1.5500000000         3.6000000000         4.5438500757
        1.5550000000         3.6000000000         4.5808035346
        1.5600000000         3.6000000000         4.6190312507
        1.5650000000         3.6000000000         4.6610817383
        1.5700000000         3.6000000000         4.7018579688
        1.5750000000         3.6000000000         4.7413599421
        1.5800000000         3.6000000000         4.7744906293
        1.5850000000         3.6000000000         4.8203638886
        1.5900000000         3.6000000000         4.8509460615
        1.5950000000         3.6000000000         4.8942708063
        1.6000000000         3.6000000000         4.9337727796
        1.6050000000         3.6000000000         4.9694519812
        1.6100000000         3.6000000000         5.0140509833
        1.6150000000         3.6000000000         5.0510044422
        1.6200000000         3.6000000000         5.0624727570
        1.6250000000         3.6000000000         5.0675697858
        1.6300000000         3.6000000000         5.0650212714
        1.6350000000         3.6000000000         1.1071784017
        1.6400000000         3.6000000000         1.1084526589
        1.6450000000         3.6000000000         0.0049459219
        1.6500000000         3.6000000000        -0.0001511069
        1.6550000000         3.6000000000        -0.0001511069
        1.6600000000         3.6000000000         0.0138657223
        1.6650000000         3.6000000000         0.0482706667
        1.6700000000         3.6000000000         0.0826756112
        1.6750000000         3.6000000000         0.1260003561
        1.6800000000         3.6000000000         0.1642280721
        1.6850000000         3.6000000000         0.1986330166
        1.6900000000         3.6000000000         0.2381349898
        1.6950000000         3.6000000000         0.2725399343
        1.7000000000         3.6000000000         0.3171389364
        1.7050000000         3.6000000000         0.3489953664
        1.7100000000         3.6000000000         0.3897715969
        1.7150000000         3.6000000000         0.4216280269
        1.7200000000         3.6000000000         0.4624042574
        1.7250000000         3.6000000000         0.4993577163
        1.7300000000         3.6000000000         0.5312141463
        1.7350000000         3.6000000000         0.5758131484
        1.7400000000         3.6000000000         0.6076695785
        1.7450000000         3.6000000000         0.6458972945
        1.7500000000         3.6000000000         0.6841250106
        1.7550000000         3.6000000000         0.7172556978
        1.7600000000         3.6000000000         0.7593061855
        1.7650000000         3.6000000000         0.7911626156
        1.7700000000         3.6000000000         0.8306645888
        1.7750000000         3.6000000000         0.8637952761
        1.7800000000         3.6000000000         0.9020229921
        1.7850000000         3.6000000000         0.9287823934
        1.7900000000         3.6000000000         0.9708328811
        1.7950000000         3.6000000000         1.0001407967
        1.8000000000         3.6000000000         1.0332714840
        1.8050000000         3.6000000000         1.0689506856
        1.8100000000         3.6000000000         1.1033556301
        1.8150000000         3.6000000000         1.1313892885
        1.8200000000         3.6000000000         1.1683427474
        1.8250000000         3.6000000000         1.2027476918
        1.8300000000         3.6000000000         1.2295070931
        1.8350000000         3.6000000000         1.2690090663
        1.8400000000         3.6000000000         1.3008654964
        1.8450000000         3.6000000000         1.3339961837
        1.8500000000         3.6000000000         1.3696753853
        1.8550000000         3.6000000000         1.4066288442
        1.8600000000         3.6000000000         1.4308397310
        1.8650000000         3.6000000000         1.4588733895
        1.8700000000         3.6000000000         1.4869070479
        1.8750000000         3.6000000000         1.5238605068
        1.8800000000         3.6000000000         1.5531684224
        1.8850000000         3.6000000000         1.5824763381
        1.8900000000         3.6000000000         1.6117842537
        1.8950000000         3.6000000000         1.6500119698
        1.9000000000         3.6000000000         1.6805941426
        1.9050000000         3.6000000000         1.7048050295
        1.9100000000         3.6000000000         1.7328386879
        1.9150000000         3.6000000000         1.7710664040
        1.9200000000         3.6000000000         1.7952772908
        1.9250000000         3.6000000000         1.8245852065
        1.9300000000         3.6000000000         1.8589901509
        1.9350000000         3.6000000000         1.8895723238
        1.9400000000         3.6000000000         1.9150574678
        1.9450000000         3.6000000000         1.9507366695
        1.9500000000         3.6000000000         1.9749475563
        1.9550000000         3.6000000000         2.0093525008
        1.9600000000         3.6000000000         2.0424831880
        1.9650000000         3.6000000000         2.0692425893
        1.9700000000         3.6000000000         2.1010990193
        1.9750000000         3.6000000000         2.1355039638
        1.9800000000         3.6000000000         2.1673603938
        1.9850000000         3.6000000000         2.1953940523
        1.9900000000         3.6000000000         2.2310732539
        1.9950000000         3.6000000000         2.2616554268
        2.0000000000         3.6000000000         2.2922375996
        2.0050000000         3.6000000000         2.3291910585
        2.0100000000         3.6000000000         2.3584989741
        2.0150000000         3.6000000000         2.3916296614
        2.0200000000         3.6000000000         2.4260346059
        2.0250000000         3.6000000000         2.4578910359
        2.0300000000         3.6000000000         2.4922959804
        2.0350000000         3.6000000000         2.5190553816
        2.0400000000         3.6000000000         2.5560088405
        2.0450000000         3.6000000000         2.5904137849
        2.0500000000         3.6000000000         2.6235444722
        2.0550000000         3.6000000000         2.6528523878
        2.0600000000         3.6000000000         2.6949028755
        2.0650000000         3.6000000000         2.7254850483
        2.0700000000         3.6000000000         2.7573414784
        2.0750000000         3.6000000000         2.7866493940
        2.0800000000         3.6000000000         2.8274256245
        2.0850000000         3.6000000000         2.8580077974
        2.0900000000         3.6000000000         2.8962355134
        2.0950000000         3.6000000000         2.9331889723
        2.1000000000         3.6000000000         2.9650454023
        2.1050000000         3.6000000000         3.0019988612
        2.1100000000         3.6000000000         3.0338552913
        2.1150000000         3.6000000000         3.0720830073
        2.1200000000         3.6000000000         3.1052136946
        2.1250000000         3.6000000000         3.1472641822
        2.1300000000         3.6000000000         3.1791206123
        2.1350000000         3.6000000000         3.2198968428
        2.1400000000         3.6000000000         3.2479305012
        2.1450000000         3.6000000000         3.2887067317
        2.1500000000         3.6000000000         3.3231116761
        2.1550000000         3.6000000000         3.3587908778
        2.1600000000         3.6000000000         3.3970185939
        2.1650000000         3.6000000000         3.4365205671
        2.1700000000         3.6000000000         3.4709255116
        2.1750000000         3.6000000000         3.5053304560
        2.1800000000         3.6000000000         3.5461066865
        2.1850000000         3.6000000000         3.5830601454
        2.1900000000         3.6000000000         3.6187393470
        2.1950000000         3.6000000000         3.6569670631
        2.2000000000         3.6000000000         3.6964690363
        2.2050000000         3.6000000000         3.7283254664
        2.2100000000         3.6000000000         3.7678274397
        2.2150000000         3.6000000000         3.8009581269
        2.2200000000         3.6000000000         3.8430086146
        2.2250000000         3.6000000000         3.8786878162
        2.2300000000         3.6000000000         3.9169155323
        2.2350000000         3.6000000000         3.9564175056
        2.2400000000         3.6000000000         3.9971937360
        2.2450000000         3.6000000000         4.0328729377
        2.2500000000         3.6000000000         4.0660036250
        2.2550000000         3.6000000000         4.1080541126
        2.2600000000         3.6000000000         4.1437333143
        2.2650000000         3.6000000000         4.1832352876
        2.2700000000         3.6000000000         4.2201887464
        2.2750000000         3.6000000000         4.2596907197
        2.2800000000         3.6000000000         4.2902728925
        2.2850000000         3.6000000000         4.3310491230
        2.2900000000         3.6000000000         4.3718253535
        2.2950000000         3.6000000000         4.4062302979
        2.3000000000         3.6000000000         4.4431837568
        2.3050000000         3.6000000000         4.4839599872
        2.3100000000         3.6000000000         4.5145421601
        2.3150000000         3.6000000000         4.5578669050
        2.3200000000         3.6000000000         4.5922718494
        2.3250000000         3.6000000000         4.6368708515
        2.3300000000         3.6000000000         4.6700015388
        2.3350000000         3.6000000000         4.7120520264
        2.3400000000         3.6000000000         4.7490054853
        2.3450000000         3.6000000000         4.7846846869
        2.3500000000         3.6000000000         4.8229124030
        2.3550000000         3.6000000000         4.8662371479
        2.3600000000         3.6000000000         4.9044648639
        2.3650000000         3.6000000000         4.9350470368
        2.3700000000         3.6000000000         4.9745490101
        2.3750000000         3.6000000000         5.0153252405
        2.3800000000         3.6000000000         5.0497301850
        2.3850000000         3.6000000000         5.0688440430
        2.3900000000         3.6000000000         5.0662955286
        2.3950000000         3.6000000000         5.0688440430
        2.4000000000         3.6000000000         1.0867902864
        2.4050000000         3.6000000000         1.1262922597
        2.4100000000         3.6000000000        -0.0026996214
        2.4150000000         3.6000000000         0.0011231503
        2.4200000000         3.6000000000         0.0049459219
        2.4250000000         3.6000000000         0.0049459219
        2.4300000000         3.6000000000         0.0482706667
        2.4350000000         3.6000000000         0.0775785824
        2.4400000000         3.6000000000         0.1170805556
        2.4450000000         3.6000000000         0.1578567861
        2.4500000000         3.6000000000         0.1897132162
        2.4550000000         3.6000000000         0.2330379610
        2.4600000000         3.6000000000         0.2725399343
        2.4650000000         3.6000000000         0.3031221072
        2.4700000000         3.6000000000         0.3413498232
        2.4750000000         3.6000000000         0.3757547677
        2.4800000000         3.6000000000         0.4190795125
        2.4850000000         3.6000000000         0.4547587142
        2.4900000000         3.6000000000         0.4878894015
        2.4950000000         3.6000000000         0.5299398891
        2.5000000000         3.6000000000         0.5643448336
        2.5050000000         3.6000000000         0.6000240352
        2.5100000000         3.6000000000         0.6408002657
        2.5150000000         3.6000000000         0.6764794674
        2.5200000000         3.6000000000         0.7147071834
        2.5250000000         3.6000000000         0.7452893563
        2.5300000000         3.6000000000         0.7873398440
        2.5350000000         3.6000000000         0.8204705312
        2.5400000000         3.6000000000         0.8586982473
        2.5450000000         3.6000000000         0.8931031917
        2.5500000000         3.6000000000         0.9275081362
        2.5550000000         3.6000000000         0.9619130806
        2.5600000000         3.6000000000         0.9963180251
        2.5650000000         3.6000000000         1.0281744551
        2.5700000000         3.6000000000         1.0664021712
        2.5750000000         3.6000000000         1.0957100869
        2.5800000000         3.6000000000         1.1364863173
        2.5850000000         3.6000000000         1.1696170046
        2.5900000000         3.6000000000         1.2001991774
        2.5950000000         3.6000000000         1.2371526363
        2.6000000000         3.6000000000         1.2677348091
        2.6050000000         3.6000000000         1.3021397536
        2.6100000000         3.6000000000         1.3378189553
        2.6150000000         3.6000000000         1.3671268709
        2.6200000000         3.6000000000         1.4053545870
        2.6250000000         3.6000000000         1.4308397310
        2.6300000000         3.6000000000         1.4626961611
        2.6350000000         3.6000000000         1.5009238771
        2.6400000000         3.6000000000         1.5302317928
        2.6450000000         3.6000000000         1.5646367372
        2.6500000000         3.6000000000         1.5939446529
        2.6550000000         3.6000000000         1.6245268257
        2.6600000000         3.6000000000         1.6589317702
        2.6650000000         3.6000000000         1.6844169142
        2.6700000000         3.6000000000         1.7188218587
        2.6750000000         3.6000000000         1.7494040315
        2.6800000000         3.6000000000         1.7825347188
        2.6850000000         3.6000000000         1.8067456056
        2.6900000000         3.6000000000         1.8411505501
        2.6950000000         3.6000000000         1.8717327229
        2.7000000000         3.6000000000         1.9023148958
        2.7050000000         3.6000000000         1.9328970686
        2.7100000000         3.6000000000         1.9609307271
        2.7150000000         3.6000000000         1.9915128999
        2.7200000000         3.6000000000         2.0246435872
        2.7250000000         3.6000000000         2.0565000172
        2.7300000000         3.6000000000         2.0845336757
        2.7350000000         3.6000000000         2.1214871346
        2.7400000000         3.6000000000         2.1495207930
        2.7450000000         3.6000000000         2.1826514803
        2.7500000000         3.6000000000         2.2157821675
        2.7550000000         3.6000000000         2.2463643404
        2.7600000000         3.6000000000         2.2807692848
        2.7650000000         3.6000000000         2.3177227437
        2.7700000000         3.6000000000         2.3432078877
        2.7750000000         3.6000000000         2.3801613466
        2.7800000000         3.6000000000         2.4132920338
        2.7850000000         3.6000000000         2.4425999495
        2.7900000000         3.6000000000         2.4821019227
        2.7950000000         3.6000000000         2.5152326100
        2.8000000000         3.6000000000         2.5496375545
        2.8050000000         3.6000000000         2.5802197273
        2.8100000000         3.6000000000         2.6184474434
        2.8150000000         3.6000000000         2.6464811018
        2.8200000000         3.6000000000         2.6847088179
        2.8250000000         3.6000000000         2.7178395051
        2.8300000000         3.6000000000         2.7522444496
        2.8350000000         3.6000000000         2.7879236513
        2.8400000000         3.6000000000         2.8248771101
        2.8450000000         3.6000000000         2.8618305690
        2.8500000000         3.6000000000         2.8987840278
        2.8550000000         3.6000000000         2.9280919435
        2.8600000000         3.6000000000         2.9624968879
        2.8650000000         3.6000000000         2.9994503468
        2.8700000000         3.6000000000         3.0402265773
        2.8750000000         3.6000000000         3.0682602357
        2.8800000000         3.6000000000         3.1039394374
        2.8850000000         3.6000000000         3.1434414106
        2.8900000000         3.6000000000         3.1765720979
        2.8950000000         3.6000000000         3.2122512996
        2.9000000000         3.6000000000         3.2504790156
        2.9050000000         3.6000000000         3.2848839601
        2.9100000000         3.6000000000         3.3243859333
        2.9150000000         3.6000000000         3.3613393922
        2.9200000000         3.6000000000         3.3982928511
        2.9250000000         3.6000000000         3.4365205671
        2.9300000000         3.6000000000         3.4696512544
        2.9350000000         3.6000000000         3.5104274848
        2.9400000000         3.6000000000         3.5448324293
        2.9450000000         3.6000000000         3.5805116310
        2.9500000000         3.6000000000         3.6225621186
        2.9550000000         3.6000000000         3.6556928059
        2.9600000000         3.6000000000         3.6939205219
        2.9650000000         3.6000000000         3.7334224952
        2.9700000000         3.6000000000         3.7652789253
        2.9750000000         3.6000000000         3.8086036701
        2.9800000000         3.6000000000         3.8455571290
        2.9850000000         3.6000000000         3.8812363307
        2.9900000000         3.6000000000         3.9156412751
        2.9950000000         3.6000000000         3.9564175056
        3.0000000000         3.6000000000         3.9895481928
        3.0050000000         3.6000000000         4.0354214521
        3.0100000000         3.6000000000         4.0698263966
        3.0150000000         3.6000000000         4.1055055982
        3.0200000000         3.6000000000         4.1411847999
        3.0250000000         3.6000000000         4.1832352876
        3.0300000000         3.6000000000         4.2201887464
        3.0350000000         3.6000000000         4.2545936909
        3.0400000000         3.6000000000         4.2953699213
        3.0450000000         3.6000000000         4.3335976374
        3.0500000000         3.6000000000         4.3718253535
        3.0550000000         3.6000000000         4.4062302979
        3.0600000000         3.6000000000         4.4482807856
        3.0650000000         3.6000000000         4.4865085017
        3.0700000000         3.6000000000         4.5196391889
        3.0750000000         3.6000000000         4.5667867054
        3.0800000000         3.6000000000         4.5986431354
        3.0850000000         3.6000000000         4.6406936231
        3.0900000000         3.6000000000         4.6750985676
        3.0950000000         3.6000000000         4.7171490552
        3.1000000000         3.6000000000         4.7541025141
        3.1050000000         3.6000000000         4.7923302302
        3.1100000000         3.6000000000         4.8305579462
        3.1150000000         3.6000000000         4.8738826911
        3.1200000000         3.6000000000         4.9057391211
        3.1250000000         3.6000000000         4.9477896088
        3.1300000000         3.6000000000         4.9847430677
        3.1350000000         3.6000000000         5.0229707837
        3.1400000000         3.6000000000         5.0637470142
        3.1450000000         3.6000000000         5.0624727570
        3.1500000000         3.6000000000         5.0662955286
        3.1550000000         3.6000000000         5.0637470142
        3.1600000000         3.6000000000         1.0842417720
        3.1650000000         3.6000000000         0.0023974075
        3.1700000000         3.6000000000         0.0011231503
        3.1750000000         3.6000000000         0.0049459219
        3.1800000000         3.6000000000        -0.0026996214
        3.1850000000         3.6000000000         0.0215112655
        3.1900000000         3.6000000000         0.0571904671
        3.1950000000         3.6000000000         0.0903211544
        3.2000000000         3.6000000000         0.1298231277
        3.2050000000         3.6000000000         0.1705993581
        3.2100000000         3.6000000000         0.2075528170
        3.2150000000         3.6000000000         0.2457805331
        3.2200000000         3.6000000000         0.2852825063
        3.2250000000         3.6000000000         0.3171389364
        3.2300000000         3.6000000000         0.3604636812
        3.2350000000         3.6000000000         0.3923201113
        3.2400000000         3.6000000000         0.4343705990
        3.2450000000         3.6000000000         0.4700498006
        3.2500000000         3.6000000000         0.5108260311
        3.2550000000         3.6000000000         0.5439567183
        3.2600000000         3.6000000000         0.5821844344
        3.2650000000         3.6000000000         0.6216864077
        3.2700000000         3.6000000000         0.6509943233
        3.2750000000         3.6000000000         0.6904962966
        3.2800000000         3.6000000000         0.7338210415
        3.2850000000         3.6000000000         0.7656774715
        3.2900000000         3.6000000000         0.8026309304
        3.2950000000         3.6000000000         0.8383101320
        3.3000000000         3.6000000000         0.8778121053
        3.3050000000         3.6000000000         0.9109427926
        3.3100000000         3.6000000000         0.9453477370
        3.3150000000         3.6000000000         0.9810269387
        3.3200000000         3.6000000000         1.0128833687
        3.3250000000         3.6000000000         1.0523853420
        3.3300000000         3.6000000000         1.0867902864
        3.3350000000         3.6000000000         1.1199209737
        3.3400000000         3.6000000000         1.1530516610
        3.3450000000         3.6000000000         1.1925536342
        3.3500000000         3.6000000000         1.2244100643
        3.3550000000         3.6000000000         1.2524437227
        3.3600000000         3.6000000000         1.2855744100
        3.3650000000         3.6000000000         1.3238021260
        3.3700000000         3.6000000000         1.3531100417
        3.3750000000         3.6000000000         1.3913377577
        3.3800000000         3.6000000000         1.4219199306
        3.3850000000         3.6000000000         1.4550506179
        3.3900000000         3.6000000000         1.4856327907
        3.3950000000         3.6000000000         1.5174892208
        3.4000000000         3.6000000000         1.5518941652
        3.4050000000         3.6000000000         1.5761050521
        3.4100000000         3.6000000000         1.6092357393
        3.4150000000         3.6000000000         1.6410921694
        3.4200000000         3.6000000000         1.6691258278
        3.4250000000         3.6000000000         1.6997080007
        3.4300000000         3.6000000000         1.7353872023
        3.4350000000         3.6000000000         1.7659693752
        3.4400000000         3.6000000000         1.7940030336
        3.4450000000         3.6000000000         1.8245852065
        3.4500000000         3.6000000000         1.8551673793
        3.4550000000         3.6000000000         1.8870238094
        3.4600000000         3.6000000000         1.9137832106
        3.4650000000         3.6000000000         1.9520109267
        3.4700000000         3.6000000000         1.9749475563
        3.4750000000         3.6000000000         2.0080782436
        3.4800000000         3.6000000000         2.0437574452
        3.4850000000         3.6000000000         2.0730653609
        3.4900000000         3.6000000000         2.1061960481
        3.4950000000         3.6000000000         2.1393267354
        3.5000000000         3.6000000000         2.1724574226
        3.5050000000         3.6000000000         2.1979425667
        3.5100000000         3.6000000000         2.2348960255
        3.5150000000         3.6000000000         2.2705752272
        3.5200000000         3.6000000000         2.3011574000
        3.5250000000         3.6000000000         2.3330138301
        3.5300000000         3.6000000000         2.3699672890
        3.5350000000         3.6000000000         2.3992752046
        3.5400000000         3.6000000000         2.4349544063
        3.5450000000         3.6000000000         2.4693593507
        3.5500000000         3.6000000000         2.5050385524
        3.5550000000         3.6000000000         2.5356207252
        3.5600000000         3.6000000000         2.5725741841
        3.5650000000         3.6000000000         2.6044306141
        3.5700000000         3.6000000000         2.6426583302
        3.5750000000         3.6000000000         2.6783375319
        3.5800000000         3.6000000000         2.7114682191
        3.5850000000         3.6000000000         2.7496959352
        3.5900000000         3.6000000000         2.7866493940
        3.5950000000         3.6000000000         2.8134087953
        3.6000000000         3.6000000000         2.8503622542
        3.6050000000         3.6000000000         2.8898642274
        3.6100000000         3.6000000000         2.9242691719
        3.6150000000         3.6000000000         2.9548513447
        3.6200000000         3.6000000000         2.9892562892
        3.6250000000         3.6000000000         3.0274840052
        3.6300000000         3.6000000000         3.0631632069
        3.6350000000         3.6000000000         3.0962938942
        3.6400000000         3.6000000000         3.1383443818
        3.6450000000         3.6000000000         3.1714750691
        3.6500000000         3.6000000000         3.2058800135
        3.6550000000         3.6000000000         3.2441077296
        3.6600000000         3.6000000000         3.2785126741
        3.6650000000         3.6000000000         3.3129176185
        3.6700000000         3.6000000000         3.3549681062
        3.6750000000         3.6000000000         3.3855502790
        3.6800000000         3.6000000000         3.4250522523
        3.6850000000         3.6000000000         3.4620057112
        3.6900000000         3.6000000000         3.4989591700
        3.6950000000         3.6000000000         3.5371868861
        3.7000000000         3.6000000000         3.5754146021
        3.7050000000         3.6000000000         3.6085452894
        3.7100000000         3.6000000000         3.6493215199
        3.7150000000         3.6000000000         3.6837264643
        3.7200000000         3.6000000000         3.7219541804
        3.7250000000         3.6000000000         3.7601818965
        3.7300000000         3.6000000000         3.7996838697
        3.7350000000         3.6000000000         3.8391858430
        3.7400000000         3.6000000000         3.8735907874
        3.7450000000         3.6000000000         3.9118185035
        3.7500000000         3.6000000000         3.9513204768
        3.7550000000         3.6000000000         3.9895481928
        3.7600000000         3.6000000000         4.0277759089
        3.7650000000         3.6000000000         4.0672778822
        3.7700000000         3.6000000000         4.1016828266
        3.7750000000         3.6000000000         4.1411847999
        3.7800000000         3.6000000000         4.1768640015
        3.7850000000         3.6000000000         4.2189144892
        3.7900000000         3.6000000000         4.2584164625
        3.7950000000         3.6000000000         4.2979184357
        3.8000000000         3.6000000000         4.3348718946
        3.8050000000         3.6000000000         4.3743738679
        3.8100000000         3.6000000000         4.4075045551
        3.8150000000         3.6000000000         4.4508293000
        3.8200000000         3.6000000000         4.4890570161
        3.8250000000         3.6000000000         4.5247362177
        3.8300000000         3.6000000000         4.5693352198
        3.8350000000         3.6000000000         4.6050144214
        3.8400000000         3.6000000000         4.6483391663
        3.8450000000         3.6000000000         4.6789213392
        3.8500000000         3.6000000000         4.7209718268
        3.8550000000         3.6000000000         4.7617480573
        3.8600000000         3.6000000000         4.7961530018
        3.8650000000         3.6000000000         4.8394777466
        3.8700000000         3.6000000000         4.8751569483
        3.8750000000         3.6000000000         4.9159331788
        3.8800000000         3.6000000000         4.9567094092
        3.8850000000         3.6000000000         4.9949371253
        3.8900000000         3.6000000000         5.0293420697
        3.8950000000         3.6000000000         5.0662955286
        3.9000000000         3.6000000000         5.0688440430
        3.9050000000         3.6000000000         5.0624727570
        3.9100000000         3.6000000000         1.1339378029
        3.9150000000         3.6000000000         1.1237437453
        3.9200000000         3.6000000000         0.0011231503
        3.9250000000         3.6000000000        -0.0014253642
        3.9300000000         3.6000000000         0.0011231503
        3.9350000000         3.6000000000         0.0011231503
        3.9400000000         3.6000000000         0.0291568087
        3.9450000000         3.6000000000         0.0686587820
        3.9500000000         3.6000000000         0.1017894692
        3.9550000000         3.6000000000         0.1425656997
        3.9600000000         3.6000000000         0.1846161874
        3.9650000000         3.6000000000         0.2202953890
        3.9700000000         3.6000000000         0.2534260763
        3.9750000000         3.6000000000         0.2954765639
        3.9800000000         3.6000000000         0.3324300228
        3.9850000000         3.6000000000         0.3681092245
        3.9900000000         3.6000000000         0.4101597121
        3.9950000000         3.6000000000         0.4471131710
        4.0000000000         3.6000000000         0.4840666298
        4.0050000000         3.6000000000         0.5210200887
        4.0100000000         3.6000000000         0.5554250332
        4.0150000000         3.6000000000         0.5987497780
        4.0200000000         3.6000000000         0.6382517513
        4.0250000000         3.6000000000         0.6701081814
        4.0300000000         3.6000000000         0.7096101546
        4.0350000000         3.6000000000         0.7414665847
        4.0400000000         3.6000000000         0.7796943007
        4.0450000000         3.6000000000         0.8166477596
        4.0500000000         3.6000000000         0.8548754757
        4.0550000000         3.6000000000         0.8841833913
        4.0600000000         3.6000000000         0.9198625930
        4.0650000000         3.6000000000         0.9606388234
        4.0700000000         3.6000000000         0.9924952535
        4.0750000000         3.6000000000         1.0269001979
        4.0800000000         3.6000000000         1.0651279140
        4.0850000000         3.6000000000         1.0944358297
        4.0900000000         3.6000000000         1.1301150313
        4.0950000000         3.6000000000         1.1657942330
        4.1000000000         3.6000000000         1.1951021486
        4.1050000000         3.6000000000         1.2307813503
        4.1100000000         3.6000000000         1.2664605519
        4.1150000000         3.6000000000         1.2944942104
        4.1200000000         3.6000000000         1.3365446981
        4.1250000000         3.6000000000         1.3645783565
        4.1300000000         3.6000000000         1.3964347866
        4.1350000000         3.6000000000         1.4321139882
        4.1400000000         3.6000000000         1.4563248751
        4.1450000000         3.6000000000         1.4932783339
        4.1500000000         3.6000000000         1.5251347640
        4.1550000000         3.6000000000         1.5531684224
        4.1600000000         3.6000000000         1.5901218813
        4.1650000000         3.6000000000         1.6232525685
        4.1700000000         3.6000000000         1.6461891982
        4.1750000000         3.6000000000         1.6818683998
        4.1800000000         3.6000000000         1.7124505727
        4.1850000000         3.6000000000         1.7570495747
        4.1900000000         3.6000000000         1.7748891756
        4.1950000000         3.6000000000         1.8067456056
        4.2000000000         3.6000000000         1.8398762929
        4.2050000000         3.6000000000         1.8640871797
        4.2100000000         3.6000000000         1.8984921242
        4.2150000000         3.6000000000         1.9278000398
        4.2200000000         3.6000000000         1.9571079555
        4.2250000000         3.6000000000         1.9966099287
        4.2300000000         3.6000000000         2.0246435872
        4.2350000000         3.6000000000         2.0577742744
        4.2400000000         3.6000000000         2.0883564473
        4.2450000000         3.6000000000         2.1176643629
        4.2500000000         3.6000000000         2.1520693074
        4.2550000000         3.6000000000         2.1788287086
        4.2600000000         3.6000000000         2.2145079103
        4.2650000000         3.6000000000         2.2540098836
        4.2700000000         3.6000000000         2.2807692848
        4.2750000000         3.6000000000         2.3189970009
        4.2800000000         3.6000000000         2.3483049165
        4.2850000000         3.6000000000         2.3865326326
        4.2900000000         3.6000000000         2.4158405482
        4.2950000000         3.6000000000         2.4476969783
        4.3000000000         3.6000000000         2.4884732088
        4.3050000000         3.6000000000         2.5216038960
        4.3100000000         3.6000000000         2.5560088405
        4.3150000000         3.6000000000         2.5878652705
        4.3200000000         3.6000000000         2.6235444722
        4.3250000000         3.6000000000         2.6617721882
        4.3300000000         3.6000000000         2.6898058467
        4.3350000000         3.6000000000         2.7331305916
        4.3400000000         3.6000000000         2.7662612788
        4.3450000000         3.6000000000         2.7993919661
        4.3500000000         3.6000000000         2.8376196821
        4.3550000000         3.6000000000         2.8669275978
        4.3600000000         3.6000000000         2.9089780854
        4.3650000000         3.6000000000         2.9382860011
        4.3700000000         3.6000000000         2.9777879744
        4.3750000000         3.6000000000         3.0147414332
        4.3800000000         3.6000000000         3.0465978633
        4.3850000000         3.6000000000         3.0873740937
        4.3900000000         3.6000000000         3.1166820094
        4.3950000000         3.6000000000         3.1561839827
        4.4000000000         3.6000000000         3.1956859559
        4.4050000000         3.6000000000         3.2300909004
        4.4100000000         3.6000000000         3.2695928736
        4.4150000000         3.6000000000         3.3052720753
        4.4200000000         3.6000000000         3.3409512770
        4.4250000000         3.6000000000         3.3766304786
        4.4300000000         3.6000000000         3.4148581947
        4.4350000000         3.6000000000         3.4543601679
        4.4400000000         3.6000000000         3.4849423408
        4.4450000000         3.6000000000         3.5269928285
        4.4500000000         3.6000000000         3.5626720301
        4.4550000000         3.6000000000         3.6008997462
        4.4600000000         3.6000000000         3.6327561762
        4.4650000000         3.6000000000         3.6735324067
        4.4700000000         3.6000000000         3.7117601228
        4.4750000000         3.6000000000         3.7448908100
        4.4800000000         3.6000000000         3.7882155549
        4.4850000000         3.6000000000         3.8251690138
        4.4900000000         3.6000000000         3.8582997010
        4.4950000000         3.6000000000         3.8978016743
        4.5000000000         3.6000000000         3.9385779047
        4.5050000000         3.6000000000         3.9755313636
        4.5100000000         3.6000000000         4.0163075941
        4.5150000000         3.6000000000         4.0468897669
        4.5200000000         3.6000000000         4.0902145118
        4.5250000000         3.6000000000         4.1297164851
        4.5300000000         3.6000000000         4.1628471723
        4.5350000000         3.6000000000         4.2061719172
        4.5400000000         3.6000000000         4.2418511188
        4.5450000000         3.6000000000         4.2788045777
        4.5500000000         3.6000000000         4.3157580366
        4.5550000000         3.6000000000         4.3578085242
        4.5600000000         3.6000000000         4.3934877259
        4.5650000000         3.6000000000         4.4380867280
        4.5700000000         3.6000000000         4.4724916724
        4.5750000000         3.6000000000         4.5107193885
        4.5800000000         3.6000000000         4.5527698762
        4.5850000000         3.6000000000         4.5859005634
        4.5900000000         3.6000000000         4.6279510511
        4.5950000000         3.6000000000         4.6674530244
        4.6000000000         3.6000000000         4.7056807404
        4.6050000000         3.6000000000         4.7515539997
        4.6100000000         3.6000000000         4.7846846869
        4.6150000000         3.6000000000         4.8254609174
        4.6200000000         3.6000000000         4.8662371479
        4.6250000000         3.6000000000         4.8993678351
        4.6300000000         3.6000000000         4.9452410944
        4.6350000000         3.6000000000         4.9821945533
        4.6400000000         3.6000000000         5.0204222693
        4.6450000000         3.6000000000         5.0624727570
        4.6500000000         3.6000000000         5.0637470142
        4.6550000000         3.6000000000         5.0650212714
        4.6600000000         3.6000000000         5.0637470142
        4.6650000000         3.6000000000         1.0867902864
        4.6700000000         3.6000000000         0.0049459219
        4.6750000000         3.6000000000        -0.0026996214
        4.6800000000         3.6000000000        -0.0001511069
        4.6850000000         3.6000000000        -0.0001511069
        4.6900000000         3.6000000000         0.0189627511
        4.6950000000         3.6000000000         0.0622874960
        4.7000000000         3.6000000000         0.1005152120
        4.7050000000         3.6000000000         0.1361944137
        4.7100000000         3.6000000000         0.1795191585
        4.7150000000         3.6000000000         0.2139241030
        4.7200000000         3.6000000000         0.2534260763
        4.7250000000         3.6000000000         0.2929280495
        4.7300000000         3.6000000000         0.3260587368
        4.7350000000         3.6000000000         0.3706577389
        4.7400000000         3.6000000000         0.4050626833
        4.7450000000         3.6000000000         0.4445646566
        4.7500000000         3.6000000000         0.4840666298
        4.7550000000         3.6000000000         0.5184715743
        4.7600000000         3.6000000000         0.5592478048
        4.7650000000         3.6000000000         0.5962012636
        4.7700000000         3.6000000000         0.6331547225
        4.7750000000         3.6000000000         0.6752052102
        4.7800000000         3.6000000000         0.7083358974
        4.7850000000         3.6000000000         0.7478378707
        4.7900000000         3.6000000000         0.7796943007
        4.7950000000         3.6000000000         0.8191962740
        4.8000000000         3.6000000000         0.8497784469
        4.8050000000         3.6000000000         0.8905546773
        4.8100000000         3.6000000000         0.9275081362
        4.8150000000         3.6000000000         0.9593645662
        4.8200000000         3.6000000000         0.9988665395
        4.8250000000         3.6000000000         1.0319972268
        4.8300000000         3.6000000000         1.0689506856
        4.8350000000         3.6000000000         1.1046298873
        4.8400000000         3.6000000000         1.1377605745
        4.8450000000         3.6000000000         1.1734397762
        4.8500000000         3.6000000000         1.2065704634
        4.8550000000         3.6000000000         1.2397011507
        4.8600000000         3.6000000000         1.2753803524
        4.8650000000         3.6000000000         1.3072367824
        4.8700000000         3.6000000000         1.3416417269
        4.8750000000         3.6000000000         1.3785951857
        4.8800000000         3.6000000000         1.4053545870
        4.8850000000         3.6000000000         1.4410337886
        4.8900000000         3.6000000000         1.4728902187
        4.8950000000         3.6000000000         1.5021981343
        4.9000000000         3.6000000000         1.5404258504
        4.9050000000         3.6000000000         1.5684595088
        4.9100000000         3.6000000000         1.6041387105
        4.9150000000         3.6000000000         1.6283495973
        4.9200000000         3.6000000000         1.6627545418
        4.9250000000         3.6000000000         1.6895139430
        4.9300000000         3.6000000000         1.7251931447
        4.9350000000         3.6000000000         1.7519525459
        4.9400000000         3.6000000000         1.7876317476
        4.9450000000         3.6000000000         1.8143911488
        4.9500000000         3.6000000000         1.8475218361
        4.9550000000         3.6000000000         1.8832010378
        4.9600000000         3.6000000000         1.9074119246
        4.9650000000         3.6000000000         1.9430911263
        4.9700000000         3.6000000000         1.9711247847
        4.9750000000         3.6000000000         2.0004327004
        4.9800000000         3.6000000000         2.0373861592
        4.9850000000         3.6000000000         2.0641455605
        4.9900000000         3.6000000000         2.0947277333
        4.9950000000         3.6000000000         2.1227613918
        5.0000000000         3.6000000000         2.1622633650
        5.0050000000         3.6000000000         2.1928455379
        5.0100000000         3.6000000000         2.2247019679
        5.0150000000         3.6000000000         2.2591069124
        5.0200000000         3.6000000000         2.2922375996
        5.0250000000         3.6000000000         2.3228197725
        5.0300000000         3.6000000000         2.3597732313
        5.0350000000         3.6000000000         2.3878068898
        5.0400000000         3.6000000000         2.4285831203
        5.0450000000         3.6000000000         2.4591652931
        5.0500000000         3.6000000000         2.4910217232
        5.0550000000         3.6000000000         2.5292494392
        5.0600000000         3.6000000000         2.5623801265
        5.0650000000         3.6000000000         2.5955108137
        5.0700000000         3.6000000000         2.6362870442
        5.0750000000         3.6000000000         2.6643207026
        5.0800000000         3.6000000000         2.7050969331
        5.0850000000         3.6000000000         2.7369533632
        5.0900000000         3.6000000000         2.7726325648
        5.0950000000         3.6000000000         2.8095860237
        5.1000000000         3.6000000000         2.8414424537
        5.1050000000         3.6000000000         2.8783959126
        5.1100000000         3.6000000000         2.9128008571
        5.1150000000         3.6000000000         2.9510285731
        5.1200000000         3.6000000000         2.9867077748
        5.1250000000         3.6000000000         3.0172899476
        5.1300000000         3.6000000000         3.0618889497
        5.1350000000         3.6000000000         3.0924711226
        5.1400000000         3.6000000000         3.1345216102
        5.1450000000         3.6000000000         3.1651037831
        5.1500000000         3.6000000000         3.2033314991
        5.1550000000         3.6000000000         3.2364621864
        5.1600000000         3.6000000000         3.2759641597
        5.1650000000         3.6000000000         3.3141918757
        5.1700000000         3.6000000000         3.3511453346
        5.1750000000         3.6000000000         3.3868245362
        5.1800000000         3.6000000000         3.4225037379
        5.1850000000         3.6000000000         3.4658284828
        5.1900000000         3.6000000000         3.4938621412
        5.1950000000         3.6000000000         3.5384611433
        5.2000000000         3.6000000000         3.5703175733
        5.2050000000         3.6000000000         3.6085452894
        5.2100000000         3.6000000000         3.6493215199
        5.2150000000         3.6000000000         3.6824522071
        5.2200000000         3.6000000000         3.7245026948
        5.2250000000         3.6000000000         3.7627304109
        5.2300000000         3.6000000000         3.8035066413
        5.2350000000         3.6000000000         3.8391858430
        5.2400000000         3.6000000000         3.8748650446
        5.2450000000         3.6000000000         3.9169155323
        5.2500000000         3.6000000000         3.9551432484
        5.2550000000         3.6000000000         3.9946452216
        5.2600000000         3.6000000000         4.0290501661
        5.2650000000         3.6000000000         4.0698263966
        5.2700000000         3.6000000000         4.1093283698
        5.2750000000         3.6000000000         4.1437333143
        5.2800000000         3.6000000000         4.1883323164
        5.2850000000         3.6000000000         4.2214630036
        5.2900000000         3.6000000000         4.2660620057
        5.2950000000         3.6000000000         4.3055639790
        5.3000000000         3.6000000000         4.3425174378
        5.3050000000         3.6000000000         4.3832936683
        5.3100000000         3.6000000000         4.4189728699
        5.3150000000         3.6000000000         4.4610233576
        5.3200000000         3.6000000000         4.4992510737
        5.3250000000         3.6000000000         4.5323817609
        5.3300000000         3.6000000000         4.5795292774
        5.3350000000         3.6000000000         4.6177569935
        5.3400000000         3.6000000000         4.6572589667
        5.3450000000         3.6000000000         4.6954866828
        5.3500000000         3.6000000000         4.7375371705
        5.3550000000         3.6000000000         4.7744906293
        5.3600000000         3.6000000000         4.8190896314
        5.3650000000         3.6000000000         4.8560430903
        5.3700000000         3.6000000000         4.8993678351
        5.3750000000         3.6000000000         4.9388698084
        5.3800000000         3.6000000000         4.9770975245
        5.3850000000         3.6000000000         5.0229707837
        5.3900000000         3.6000000000         5.0599242426
        5.3950000000         3.6000000000         5.0662955286
        5.4000000000         3.6000000000         5.0688440430
        5.4050000000         3.6000000000         5.0459074134
        5.4100000000         3.6000000000         1.1135496877
        5.4150000000         3.6000000000        -0.0014253642
        5.4200000000         3.6000000000         0.0011231503
        5.4250000000         3.6000000000        -0.0001511069
        5.4300000000         3.6000000000         0.0023974075
        5.4350000000         3.6000000000         0.0342538375
        5.4400000000         3.6000000000         0.0724815536
        5.4450000000         3.6000000000         0.1170805556
        5.4500000000         3.6000000000         0.1540340145
        5.4550000000         3.6000000000         0.1922617306
        5.4600000000         3.6000000000         0.2266666750
        5.4650000000         3.6000000000         0.2687171627
        5.4700000000         3.6000000000         0.3069448788
        5.4750000000         3.6000000000         0.3451725948
        5.4800000000         3.6000000000         0.3884973397
        5.4850000000         3.6000000000         0.4241765414
        5.4900000000         3.6000000000         0.4636785146
        5.4950000000         3.6000000000         0.5044547451
        5.5000000000         3.6000000000         0.5401339467
        5.5050000000         3.6000000000         0.5783616628
        5.5100000000         3.6000000000         0.6178636361
        5.5150000000         3.6000000000         0.6509943233
        5.5200000000         3.6000000000         0.6943190682
        5.5250000000         3.6000000000         0.7299982699
        5.5300000000         3.6000000000         0.7644032143
        5.5350000000         3.6000000000         0.8102764736
        5.5400000000         3.6000000000         0.8408586464
        5.5450000000         3.6000000000         0.8752635909
        5.5500000000         3.6000000000         0.9147655642
        5.5550000000         3.6000000000         0.9517190230
        5.5600000000         3.6000000000         0.9835754531
        5.5650000000         3.6000000000         1.0230774263
        5.5700000000         3.6000000000         1.0574823708
        5.5750000000         3.6000000000         1.0918873153
        5.5800000000         3.6000000000         1.1301150313
        5.5850000000         3.6000000000         1.1568744326
        5.5900000000         3.6000000000         1.1951021486
        5.5950000000         3.6000000000         1.2256843215
        5.6000000000         3.6000000000         1.2639120375
        5.6050000000         3.6000000000         1.2957684676
        5.6100000000         3.6000000000         1.3327219264
        5.6150000000         3.6000000000         1.3620298421
        5.6200000000         3.6000000000         1.4002575582
        5.6250000000         3.6000000000         1.4295654738
        5.6300000000         3.6000000000         1.4614219039
        5.6350000000         3.6000000000         1.4983753627
        5.6400000000         3.6000000000         1.5251347640
        5.6450000000         3.6000000000         1.5620882228
        5.6500000000         3.6000000000         1.5901218813
        5.6550000000         3.6000000000         1.6245268257
        5.6600000000         3.6000000000         1.6525604842
        5.6650000000         3.6000000000         1.6844169142
        5.6700000000         3.6000000000         1.7188218587
        5.6750000000         3.6000000000         1.7443070027
        5.6800000000         3.6000000000         1.7774376900
        5.6850000000         3.6000000000         1.8131168916
        5.6900000000         3.6000000000         1.8424248073
        5.6950000000         3.6000000000         1.8679099513
        5.7000000000         3.6000000000         1.9048634102
        5.7050000000         3.6000000000         1.9328970686
        5.7100000000         3.6000000000         1.9647534987
        5.7150000000         3.6000000000         1.9966099287
        5.7200000000         3.6000000000         2.0310148732
        5.7250000000         3.6000000000         2.0577742744
        5.7300000000         3.6000000000         2.0921792189
        5.7350000000         3.6000000000         2.1253099062
        5.7400000000         3.6000000000         2.1546178218
        5.7450000000         3.6000000000         2.1890227663
        5.7500000000         3.6000000000         2.2221534535
        5.7550000000         3.6000000000         2.2603811696
        5.7600000000         3.6000000000         2.2833177992
        5.7650000000         3.6000000000         2.3228197725
        5.7700000000         3.6000000000         2.3597732313
        5.7750000000         3.6000000000         2.3916296614
        5.7800000000         3.6000000000         2.4247603487
        5.7850000000         3.6000000000         2.4642623219
        5.7900000000         3.6000000000         2.4935702376
        5.7950000000         3.6000000000         2.5267009248
        5.8000000000         3.6000000000         2.5611058693
        5.8050000000         3.6000000000         2.5904137849
        5.8100000000         3.6000000000         2.6337385298
        5.8150000000         3.6000000000         2.6604979310
        5.8200000000         3.6000000000         2.6999999043
        5.8250000000         3.6000000000         2.7344048488
        5.8300000000         3.6000000000         2.7688097932
        5.8350000000         3.6000000000         2.8044889949
        5.8400000000         3.6000000000         2.8414424537
        5.8450000000         3.6000000000         2.8732988838
        5.8500000000         3.6000000000         2.9128008571
        5.8550000000         3.6000000000         2.9433830299
        5.8600000000         3.6000000000         2.9816107460
        5.8650000000         3.6000000000         3.0147414332
        5.8700000000         3.6000000000         3.0516948921
        5.8750000000         3.6000000000         3.0860998365
        5.8800000000         3.6000000000         3.1243275526
        5.8850000000         3.6000000000         3.1587324971
        5.8900000000         3.6000000000         3.2007829847
        5.8950000000         3.6000000000         3.2300909004
