        0.0000000000         3.8500000000         3.2237196144
        0.0050000000         3.8500000000         3.2237196144
        0.0100000000         3.8500000000         3.2249938716
        0.0150000000         3.8500000000         3.2288166432
        0.0200000000         3.8500000000         3.2313651576
        0.0250000000         3.8500000000         3.2415592152
        0.0300000000         3.8500000000         3.2568503016
        0.0350000000         3.8500000000         3.2683186164
        0.0400000000         3.8500000000         3.2950780177
        0.0450000000         3.8500000000         3.3090948469
        0.0500000000         3.8500000000         3.3345799910
        0.0550000000         3.8500000000         3.3562423634
        0.0600000000         3.8500000000         3.3817275074
        0.0650000000         3.8500000000         3.4135839375
        0.0700000000         3.8500000000         3.4339720527
        0.0750000000         3.8500000000         3.4632799684
        0.0800000000         3.8500000000         3.4989591700
        0.0850000000         3.8500000000         3.5244443141
        0.0900000000         3.8500000000         3.5550264869
        0.0950000000         3.8500000000         3.5894314314
        0.1000000000         3.8500000000         3.6187393470
        0.1050000000         3.8500000000         3.6531442915
        0.1100000000         3.8500000000         3.6888234931
        0.1150000000         3.8500000000         3.7245026948
        0.1200000000         3.8500000000         3.7563591248
        0.1250000000         3.8500000000         3.7958610981
        0.1300000000         3.8500000000         3.8289917854
        0.1350000000         3.8500000000         3.8608482154
        0.1400000000         3.8500000000         3.8978016743
        0.1450000000         3.8500000000         3.9398521620
        0.1500000000         3.8500000000         3.9768056208
        0.1550000000         3.8500000000         4.0112105653
        0.1600000000         3.8500000000         4.0532610529
        0.1650000000         3.8500000000         4.0914887690
        0.1700000000         3.8500000000         4.1297164851
        0.1750000000         3.8500000000         4.1743154871
        0.1800000000         3.8500000000         4.2189144892
        0.1850000000         3.8500000000         4.2558679481
        0.1900000000         3.8500000000         4.2953699213
        0.1950000000         3.8500000000         4.3348718946
        0.2000000000         3.8500000000         4.3756481251
        0.2050000000         3.8500000000         4.4227956415
        0.2100000000         3.8500000000         4.4648461292
        0.2150000000         3.8500000000         4.5094451313
        0.2200000000         3.8500000000         4.5502213618
        0.2250000000         3.8500000000         4.5948203638
        0.2300000000         3.8500000000         4.6381451087
        0.2350000000         3.8500000000         4.6827441108
        0.2400000000         3.8500000000         4.7324401417
        0.2450000000         3.8500000000         4.7732163721
        0.2500000000         3.8500000000         4.8203638886
        0.2550000000         3.8500000000         4.8662371479
        0.2600000000         3.8500000000         4.9108361500
        0.2650000000         3.8500000000         4.9579836664
        0.2700000000         3.8500000000         5.0051311829
        0.2750000000         3.8500000000         5.0535529566
        0.2800000000         3.8500000000         5.0624727570
        0.2850000000         3.8500000000         5.0675697858
        0.2900000000         3.8500000000         1.1084526589
        0.2950000000         3.8500000000         1.1211952309
        0.3000000000         3.8500000000         0.0011231503
        0.3050000000         3.8500000000        -0.0001511069
        0.3100000000         3.8500000000        -0.0026996214
        0.3150000000         3.8500000000         0.0380766091
        0.3200000000         3.8500000000         0.0826756112
        0.3250000000         3.8500000000         0.1349201565
        0.3300000000         3.8500000000         0.1795191585
        0.3350000000         3.8500000000         0.2241181606
        0.3400000000         3.8500000000         0.2699914199
        0.3450000000         3.8500000000         0.3158646792
        0.3500000000         3.8500000000         0.3693834817
        0.3550000000         3.8500000000         0.4088854549
        0.3600000000         3.8500000000         0.4611300002
        0.3650000000         3.8500000000         0.5057290023
        0.3700000000         3.8500000000         0.5477794900
        0.3750000000         3.8500000000         0.5949270064
        0.3800000000         3.8500000000         0.6458972945
        0.3850000000         3.8500000000         0.6879477822
        0.3900000000         3.8500000000         0.7338210415
        0.3950000000         3.8500000000         0.7771457863
        0.4000000000         3.8500000000         0.8204705312
        0.4050000000         3.8500000000         0.8701665621
        0.4100000000         3.8500000000         0.9147655642
        0.4150000000         3.8500000000         0.9593645662
        0.4200000000         3.8500000000         1.0014150539
        0.4250000000         3.8500000000         1.0460140560
        0.4300000000         3.8500000000         1.0918873153
        0.4350000000         3.8500000000         1.1288407741
        0.4400000000         3.8500000000         1.1785368050
        0.4450000000         3.8500000000         1.2180387783
        0.4500000000         3.8500000000         1.2588150087
        0.4550000000         3.8500000000         1.3046882680
        0.4600000000         3.8500000000         1.3480130129
        0.4650000000         3.8500000000         1.3900635005
        0.4700000000         3.8500000000         1.4359367598
        0.4750000000         3.8500000000         1.4690674471
        0.4800000000         3.8500000000         1.5187634780
        0.4850000000         3.8500000000         1.5569911940
        0.4900000000         3.8500000000         1.5952189101
        0.4950000000         3.8500000000         1.6423664266
        0.5000000000         3.8500000000         1.6780456282
        0.5050000000         3.8500000000         1.7213703731
        0.5100000000         3.8500000000         1.7621466036
        0.5150000000         3.8500000000         1.8029228340
        0.5200000000         3.8500000000         1.8424248073
        0.5250000000         3.8500000000         1.8844752950
        0.5300000000         3.8500000000         1.9239772682
        0.5350000000         3.8500000000         1.9634792415
        0.5400000000         3.8500000000         2.0106267580
        0.5450000000         3.8500000000         2.0501287312
        0.5500000000         3.8500000000         2.0896307045
        0.5550000000         3.8500000000         2.1304069350
        0.5600000000         3.8500000000         2.1801029658
        0.5650000000         3.8500000000         2.2196049391
        0.5700000000         3.8500000000         2.2642039412
        0.5750000000         3.8500000000         2.3062544289
        0.5800000000         3.8500000000         2.3534019453
        0.5850000000         3.8500000000         2.3929039186
        0.5900000000         3.8500000000         2.4387771779
        0.5950000000         3.8500000000         2.4795534083
        0.6000000000         3.8500000000         2.5292494392
        0.6050000000         3.8500000000         2.5662028981
        0.6100000000         3.8500000000         2.6158989290
        0.6150000000         3.8500000000         2.6592236738
        0.6200000000         3.8500000000         2.7012741615
        0.6250000000         3.8500000000         2.7535187068
        0.6300000000         3.8500000000         2.7930206801
        0.6350000000         3.8500000000         2.8388939393
        0.6400000000         3.8500000000         2.8898642274
        0.6450000000         3.8500000000         2.9268176863
        0.6500000000         3.8500000000         2.9777879744
        0.6550000000         3.8500000000         3.0211127192
        0.6600000000         3.8500000000         3.0682602357
        0.6650000000         3.8500000000         3.1141334950
        0.6700000000         3.8500000000         3.1561839827
        0.6750000000         3.8500000000         3.2058800135
        0.6800000000         3.8500000000         3.2517532728
        0.6850000000         3.8500000000         3.3014493037
        0.6900000000         3.8500000000         3.3434997914
        0.6950000000         3.8500000000         3.3931958222
        0.7000000000         3.8500000000         3.4390690815
        0.7050000000         3.8500000000         3.4887651124
        0.7100000000         3.8500000000         3.5359126289
        0.7150000000         3.8500000000         3.5805116310
        0.7200000000         3.8500000000         3.6327561762
        0.7250000000         3.8500000000         3.6786294355
        0.7300000000         3.8500000000         3.7308739808
        0.7350000000         3.8500000000         3.7754729829
        0.7400000000         3.8500000000         3.8264432710
        0.7450000000         3.8500000000         3.8710422730
        0.7500000000         3.8500000000         3.9169155323
        0.7550000000         3.8500000000         3.9691600776
        0.7600000000         3.8500000000         4.0124848225
        0.7650000000         3.8500000000         4.0621808534
        0.7700000000         3.8500000000         4.1118768842
        0.7750000000         3.8500000000         4.1615729151
        0.7800000000         3.8500000000         4.2099946888
        0.7850000000         3.8500000000         4.2558679481
        0.7900000000         3.8500000000         4.3055639790
        0.7950000000         3.8500000000         4.3565342670
        0.8000000000         3.8500000000         4.4087788123
        0.8050000000         3.8500000000         4.4572005860
        0.8100000000         3.8500000000         4.5043481025
        0.8150000000         3.8500000000         4.5565926478
        0.8200000000         3.8500000000         4.6037401642
        0.8250000000         3.8500000000         4.6598074811
        0.8300000000         3.8500000000         4.7044064832
        0.8350000000         3.8500000000         4.7566510285
        0.8400000000         3.8500000000         4.8114440882
        0.8450000000         3.8500000000         4.8636886335
        0.8500000000         3.8500000000         4.9121104072
        0.8550000000         3.8500000000         4.9694519812
        0.8600000000         3.8500000000         5.0127767261
        0.8650000000         3.8500000000         5.0650212714
        0.8700000000         3.8500000000         5.0650212714
        0.8750000000         3.8500000000         5.0637470142
        0.8800000000         3.8500000000         1.1097269161
        0.8850000000         3.8500000000         0.0023974075
        0.8900000000         3.8500000000        -0.0026996214
        0.8950000000         3.8500000000        -0.0014253642
        0.9000000000         3.8500000000         0.0317053231
        0.9050000000         3.8500000000         0.0801270968
        0.9100000000         3.8500000000         0.1310973849
        0.9150000000         3.8500000000         0.1833419302
        0.9200000000         3.8500000000         0.2266666750
        0.9250000000         3.8500000000         0.2789112203
        0.9300000000         3.8500000000         0.3286072512
        0.9350000000         3.8500000000         0.3821260537
        0.9400000000         3.8500000000         0.4267250558
        0.9450000000         3.8500000000         0.4751468294
        0.9500000000         3.8500000000         0.5273913747
        0.9550000000         3.8500000000         0.5707161196
        0.9600000000         3.8500000000         0.6229606649
        0.9650000000         3.8500000000         0.6713824386
        0.9700000000         3.8500000000         0.7172556978
        0.9750000000         3.8500000000         0.7656774715
        0.9800000000         3.8500000000         0.8166477596
        0.9850000000         3.8500000000         0.8561497329
        0.9900000000         3.8500000000         0.9109427926
        0.9950000000         3.8500000000         0.9529932802
        1.0000000000         3.8500000000         0.9937695107
        1.0050000000         3.8500000000         1.0421912844
        1.0100000000         3.8500000000         1.0893388008
        1.0150000000         3.8500000000         1.1352120601
        1.0200000000         3.8500000000         1.1785368050
        1.0250000000         3.8500000000         1.2269585787
        1.0300000000         3.8500000000         1.2664605519
        1.0350000000         3.8500000000         1.3148823256
        1.0400000000         3.8500000000         1.3582070705
        1.0450000000         3.8500000000         1.4053545870
        1.0500000000         3.8500000000         1.4423080458
        1.0550000000         3.8500000000         1.4932783339
        1.0600000000         3.8500000000         1.5327803072
        1.0650000000         3.8500000000         1.5735565376
        1.0700000000         3.8500000000         1.6194297969
        1.0750000000         3.8500000000         1.6640287990
        1.0800000000         3.8500000000         1.6997080007
        1.0850000000         3.8500000000         1.7443070027
        1.0900000000         3.8500000000         1.7863574904
        1.0950000000         3.8500000000         1.8309564925
        1.1000000000         3.8500000000         1.8691842085
        1.1050000000         3.8500000000         1.9137832106
        1.1100000000         3.8500000000         1.9596564699
        1.1150000000         3.8500000000         1.9966099287
        1.1200000000         3.8500000000         2.0412089308
        1.1250000000         3.8500000000         2.0781623897
        1.1300000000         3.8500000000         2.1253099062
        1.1350000000         3.8500000000         2.1711831654
        1.1400000000         3.8500000000         2.2106851387
        1.1450000000         3.8500000000         2.2603811696
        1.1500000000         3.8500000000         2.3049801717
        1.1550000000         3.8500000000         2.3419336305
        1.1600000000         3.8500000000         2.3878068898
        1.1650000000         3.8500000000         2.4336801491
        1.1700000000         3.8500000000         2.4744563795
        1.1750000000         3.8500000000         2.5241524104
        1.1800000000         3.8500000000         2.5674771553
        1.1850000000         3.8500000000         2.6146246718
        1.1900000000         3.8500000000         2.6554009022
        1.1950000000         3.8500000000         2.7038226759
        1.2000000000         3.8500000000         2.7433246492
        1.2050000000         3.8500000000         2.7930206801
        1.2100000000         3.8500000000         2.8376196821
        1.2150000000         3.8500000000         2.8796701698
        1.2200000000         3.8500000000         2.9319147151
        1.2250000000         3.8500000000         2.9701424312
        1.2300000000         3.8500000000         3.0198384620
        1.2350000000         3.8500000000         3.0657117213
        1.2400000000         3.8500000000         3.1090364662
        1.2450000000         3.8500000000         3.1625552687
        1.2500000000         3.8500000000         3.2033314991
        1.2550000000         3.8500000000         3.2555760444
        1.2600000000         3.8500000000         3.2989007893
        1.2650000000         3.8500000000         3.3473225630
        1.2700000000         3.8500000000         3.3919215650
        1.2750000000         3.8500000000         3.4403433387
        1.2800000000         3.8500000000         3.4900393696
        1.2850000000         3.8500000000         3.5320898573
        1.2900000000         3.8500000000         3.5830601454
        1.2950000000         3.8500000000         3.6327561762
        1.3000000000         3.8500000000         3.6748066639
        1.3050000000         3.8500000000         3.7257769520
        1.3100000000         3.8500000000         3.7780214973
        1.3150000000         3.8500000000         3.8213462422
        1.3200000000         3.8500000000         3.8735907874
        1.3250000000         3.8500000000         3.9283838471
        1.3300000000         3.8500000000         3.9704343348
        1.3350000000         3.8500000000         4.0150333369
        1.3400000000         3.8500000000         4.0660036250
        1.3450000000         3.8500000000         4.1169739130
        1.3500000000         3.8500000000         4.1590244007
        1.3550000000         3.8500000000         4.2138174604
        1.3600000000         3.8500000000         4.2571422053
        1.3650000000         3.8500000000         4.3119352650
        1.3700000000         3.8500000000         4.3590827814
        1.3750000000         3.8500000000         4.4100530695
        1.3800000000         3.8500000000         4.4610233576
        1.3850000000         3.8500000000         4.5068966169
        1.3900000000         3.8500000000         4.5604154194
        1.3950000000         3.8500000000         4.6101114503
        1.4000000000         3.8500000000         4.6585332239
        1.4050000000         3.8500000000         4.7133262836
        1.4100000000         3.8500000000         4.7617480573
        1.4150000000         3.8500000000         4.8190896314
        1.4200000000         3.8500000000         4.8662371479
        1.4250000000         3.8500000000         4.9172074360
        1.4300000000         3.8500000000         4.9732747529
        1.4350000000         3.8500000000         5.0191480121
        1.4400000000         3.8500000000         5.0675697858
        1.4450000000         3.8500000000         5.0662955286
        1.4500000000         3.8500000000         5.0637470142
        1.4550000000         3.8500000000         1.0944358297
        1.4600000000         3.8500000000         0.0049459219
        1.4650000000         3.8500000000        -0.0026996214
        1.4700000000         3.8500000000         0.0011231503
        1.4750000000         3.8500000000         0.0469964095
        1.4800000000         3.8500000000         0.0877726400
        1.4850000000         3.8500000000         0.1425656997
        1.4900000000         3.8500000000         0.1909874734
        1.4950000000         3.8500000000         0.2394092470
        1.5000000000         3.8500000000         0.2954765639
        1.5050000000         3.8500000000         0.3375270516
        1.5100000000         3.8500000000         0.3935943685
        1.5150000000         3.8500000000         0.4407418850
        1.5200000000         3.8500000000         0.4866151443
        1.5250000000         3.8500000000         0.5414082039
        1.5300000000         3.8500000000         0.5936527492
        1.5350000000         3.8500000000         0.6357032369
        1.5400000000         3.8500000000         0.6866735250
        1.5450000000         3.8500000000         0.7363695559
        1.5500000000         3.8500000000         0.7835170723
        1.5550000000         3.8500000000         0.8293903316
        1.5600000000         3.8500000000         0.8854576485
        1.5650000000         3.8500000000         0.9249596218
        1.5700000000         3.8500000000         0.9733813955
        1.5750000000         3.8500000000         1.0205289119
        1.5800000000         3.8500000000         1.0676764284
        1.5850000000         3.8500000000         1.1148239449
        1.5900000000         3.8500000000         1.1530516610
        1.5950000000         3.8500000000         1.2014734346
        1.6000000000         3.8500000000         1.2460724367
        1.6050000000         3.8500000000         1.2919456960
        1.6100000000         3.8500000000         1.3390932125
        1.6150000000         3.8500000000         1.3836922145
        1.6200000000         3.8500000000         1.4308397310
        1.6250000000         3.8500000000         1.4690674471
        1.6300000000         3.8500000000         1.5149407064
        1.6350000000         3.8500000000         1.5608139656
        1.6400000000         3.8500000000         1.6041387105
        1.6450000000         3.8500000000         1.6461891982
        1.6500000000         3.8500000000         1.6920624574
        1.6550000000         3.8500000000         1.7290159163
        1.6600000000         3.8500000000         1.7774376900
        1.6650000000         3.8500000000         1.8169396632
        1.6700000000         3.8500000000         1.8577158937
        1.6750000000         3.8500000000         1.9048634102
        1.6800000000         3.8500000000         1.9405426119
        1.6850000000         3.8500000000         1.9851416139
        1.6900000000         3.8500000000         2.0271921016
        1.6950000000         3.8500000000         2.0730653609
        1.7000000000         3.8500000000         2.1189386201
        1.7050000000         3.8500000000         2.1546178218
        1.7100000000         3.8500000000         2.1992168239
        1.7150000000         3.8500000000         2.2540098836
        1.7200000000         3.8500000000         2.2896890852
        1.7250000000         3.8500000000         2.3419336305
        1.7300000000         3.8500000000         2.3878068898
        1.7350000000         3.8500000000         2.4285831203
        1.7400000000         3.8500000000         2.4757306367
        1.7450000000         3.8500000000         2.5139583528
        1.7500000000         3.8500000000         2.5611058693
        1.7550000000         3.8500000000         2.6095276430
        1.7600000000         3.8500000000         2.6503038734
        1.7650000000         3.8500000000         2.7025484187
        1.7700000000         3.8500000000         2.7484216780
        1.7750000000         3.8500000000         2.7942949373
        1.7800000000         3.8500000000         2.8427167109
        1.7850000000         3.8500000000         2.8885899702
        1.7900000000         3.8500000000         2.9293662007
        1.7950000000         3.8500000000         2.9790622316
        1.8000000000         3.8500000000         3.0274840052
        1.8050000000         3.8500000000         3.0695344929
        1.8100000000         3.8500000000         3.1205047810
        1.8150000000         3.8500000000         3.1740235835
        1.8200000000         3.8500000000         3.2122512996
        1.8250000000         3.8500000000         3.2657701020
        1.8300000000         3.8500000000         3.3129176185
        1.8350000000         3.8500000000         3.3587908778
        1.8400000000         3.8500000000         3.4148581947
        1.8450000000         3.8500000000         3.4581829396
        1.8500000000         3.8500000000         3.5053304560
        1.8550000000         3.8500000000         3.5575750013
        1.8600000000         3.8500000000         3.6047225178
        1.8650000000         3.8500000000         3.6518700343
        1.8700000000         3.8500000000         3.6964690363
        1.8750000000         3.8500000000         3.7461650672
        1.8800000000         3.8500000000         3.7945868409
        1.8850000000         3.8500000000         3.8442828718
        1.8900000000         3.8500000000         3.8939789027
        1.8950000000         3.8500000000         3.9385779047
        1.9000000000         3.8500000000         3.9920967072
        1.9050000000         3.8500000000         4.0405184809
        1.9100000000         3.8500000000         4.0876659974
        1.9150000000         3.8500000000         4.1399105427
        1.9200000000         3.8500000000         4.1857838020
        1.9250000000         3.8500000000         4.2380283472
        1.9300000000         3.8500000000         4.2839016065
        1.9350000000         3.8500000000         4.3361461518
        1.9400000000         3.8500000000         4.3871164399
        1.9450000000         3.8500000000         4.4380867280
        1.9500000000         3.8500000000         4.4852342444
        1.9550000000         3.8500000000         4.5349302753
        1.9600000000         3.8500000000         4.5884490778
        1.9650000000         3.8500000000         4.6394193659
        1.9700000000         3.8500000000         4.6929381684
        1.9750000000         3.8500000000         4.7439084565
        1.9800000000         3.8500000000         4.7961530018
        1.9850000000         3.8500000000         4.8458490326
        1.9900000000         3.8500000000         4.9019163495
        1.9950000000         3.8500000000         4.9541608948
        2.0000000000         3.8500000000         5.0051311829
        2.0050000000         3.8500000000         5.0548272138
        2.0100000000         3.8500000000         5.0624727570
        2.0150000000         3.8500000000         5.0675697858
        2.0200000000         3.8500000000         1.1288407741
        2.0250000000         3.8500000000         0.0011231503
        2.0300000000         3.8500000000        -0.0001511069
        2.0350000000         3.8500000000         0.0023974075
        2.0400000000         3.8500000000         0.0291568087
        2.0450000000         3.8500000000         0.0788528396
        2.0500000000         3.8500000000         0.1310973849
        2.0550000000         3.8500000000         0.1795191585
        2.0600000000         3.8500000000         0.2343122182
        2.0650000000         3.8500000000         0.2789112203
        2.0700000000         3.8500000000         0.3298815084
        2.0750000000         3.8500000000         0.3795775393
        2.0800000000         3.8500000000         0.4267250558
        2.0850000000         3.8500000000         0.4802438582
        2.0900000000         3.8500000000         0.5337626607
        2.0950000000         3.8500000000         0.5758131484
        2.1000000000         3.8500000000         0.6280576937
        2.1050000000         3.8500000000         0.6777537246
        2.1100000000         3.8500000000         0.7261754982
        2.1150000000         3.8500000000         0.7758715291
        2.1200000000         3.8500000000         0.8242933028
        2.1250000000         3.8500000000         0.8752635909
        2.1300000000         3.8500000000         0.9185883358
        2.1350000000         3.8500000000         0.9670101094
        2.1400000000         3.8500000000         1.0179803975
        2.1450000000         3.8500000000         1.0600308852
        2.1500000000         3.8500000000         1.1033556301
        2.1550000000         3.8500000000         1.1466803749
        2.1600000000         3.8500000000         1.1951021486
        2.1650000000         3.8500000000         1.2409754079
        2.1700000000         3.8500000000         1.2868486672
        2.1750000000         3.8500000000         1.3378189553
        2.1800000000         3.8500000000         1.3760466713
        2.1850000000         3.8500000000         1.4219199306
        2.1900000000         3.8500000000         1.4652446755
        2.1950000000         3.8500000000         1.5111179347
        2.2000000000         3.8500000000         1.5518941652
        2.2050000000         3.8500000000         1.5939446529
        2.2100000000         3.8500000000         1.6308981117
        2.2150000000         3.8500000000         1.6844169142
        2.2200000000         3.8500000000         1.7264674019
        2.2250000000         3.8500000000         1.7634208608
        2.2300000000         3.8500000000         1.8092941200
        2.2350000000         3.8500000000         1.8500703505
        2.2400000000         3.8500000000         1.8946693526
        2.2450000000         3.8500000000         1.9354455830
        2.2500000000         3.8500000000         1.9902386427
        2.2550000000         3.8500000000         2.0195465584
        2.2600000000         3.8500000000         2.0641455605
        2.2650000000         3.8500000000         2.1189386201
        2.2700000000         3.8500000000         2.1482465358
        2.2750000000         3.8500000000         2.2004910811
        2.2800000000         3.8500000000         2.2438158260
        2.2850000000         3.8500000000         2.2845920564
        2.2900000000         3.8500000000         2.3317395729
        2.2950000000         3.8500000000         2.3763385750
        2.3000000000         3.8500000000         2.4209375770
        2.3050000000         3.8500000000         2.4706336079
        2.3100000000         3.8500000000         2.5101355812
        2.3150000000         3.8500000000         2.5585573549
        2.3200000000         3.8500000000         2.6031563569
        2.3250000000         3.8500000000         2.6490296162
        2.3300000000         3.8500000000         2.6949028755
        2.3350000000         3.8500000000         2.7433246492
        2.3400000000         3.8500000000         2.7828266224
        2.3450000000         3.8500000000         2.8337969105
        2.3500000000         3.8500000000         2.8796701698
        2.3550000000         3.8500000000         2.9242691719
        2.3600000000         3.8500000000         2.9765137172
        2.3650000000         3.8500000000         3.0160156904
        2.3700000000         3.8500000000         3.0669859785
        2.3750000000         3.8500000000         3.1103107234
        2.3800000000         3.8500000000         3.1600067543
        2.3850000000         3.8500000000         3.2033314991
        2.3900000000         3.8500000000         3.2543017872
        2.3950000000         3.8500000000         3.3014493037
        2.4000000000         3.8500000000         3.3524195918
        2.4050000000         3.8500000000         3.3944700795
        2.4100000000         3.8500000000         3.4454403675
        2.4150000000         3.8500000000         3.4938621412
        2.4200000000         3.8500000000         3.5359126289
        2.4250000000         3.8500000000         3.5856086598
        2.4300000000         3.8500000000         3.6365789479
        2.4350000000         3.8500000000         3.6837264643
        2.4400000000         3.8500000000         3.7308739808
        2.4450000000         3.8500000000         3.7741987257
        2.4500000000         3.8500000000         3.8226204994
        2.4550000000         3.8500000000         3.8761393018
        2.4600000000         3.8500000000         3.9207383039
        2.4650000000         3.8500000000         3.9691600776
        2.4700000000         3.8500000000         4.0226788801
        2.4750000000         3.8500000000         4.0621808534
        2.4800000000         3.8500000000         4.1156996558
        2.4850000000         3.8500000000         4.1628471723
        2.4900000000         3.8500000000         4.2112689460
        2.4950000000         3.8500000000         4.2596907197
        2.5000000000         3.8500000000         4.3132095222
        2.5050000000         3.8500000000         4.3603570386
        2.5100000000         3.8500000000         4.4087788123
        2.5150000000         3.8500000000         4.4635718720
        2.5200000000         3.8500000000         4.5119936457
        2.5250000000         3.8500000000         4.5591411622
        2.5300000000         3.8500000000         4.6088371931
        2.5350000000         3.8500000000         4.6610817383
        2.5400000000         3.8500000000         4.7133262836
        2.5450000000         3.8500000000         4.7630223145
        2.5500000000         3.8500000000         4.8127183454
        2.5550000000         3.8500000000         4.8636886335
        2.5600000000         3.8500000000         4.9159331788
        2.5650000000         3.8500000000         4.9656292096
        2.5700000000         3.8500000000         5.0153252405
        2.5750000000         3.8500000000         5.0675697858
        2.5800000000         3.8500000000         5.0637470142
        2.5850000000         3.8500000000         5.0662955286
        2.5900000000         3.8500000000         1.0957100869
        2.5950000000         3.8500000000         0.0011231503
        2.6000000000         3.8500000000         0.0023974075
        2.6050000000         3.8500000000         0.0049459219
        2.6100000000         3.8500000000         0.0291568087
        2.6150000000         3.8500000000         0.0814013540
        2.6200000000         3.8500000000         0.1323716421
        2.6250000000         3.8500000000         0.1807934157
        2.6300000000         3.8500000000         0.2292151894
        2.6350000000         3.8500000000         0.2840082491
        2.6400000000         3.8500000000         0.3273329940
        2.6450000000         3.8500000000         0.3783032821
        2.6500000000         3.8500000000         0.4305478274
        2.6550000000         3.8500000000         0.4789696010
        2.6600000000         3.8500000000         0.5235686031
        2.6650000000         3.8500000000         0.5732646340
        2.6700000000         3.8500000000         0.6280576937
        2.6750000000         3.8500000000         0.6777537246
        2.6800000000         3.8500000000         0.7249012410
        2.6850000000         3.8500000000         0.7695002431
        2.6900000000         3.8500000000         0.8191962740
        2.6950000000         3.8500000000         0.8663437905
        2.7000000000         3.8500000000         0.9122170498
        2.7050000000         3.8500000000         0.9606388234
        2.7100000000         3.8500000000         1.0090605971
        2.7150000000         3.8500000000         1.0511110848
        2.7200000000         3.8500000000         1.0969843441
        2.7250000000         3.8500000000         1.1428576033
        2.7300000000         3.8500000000         1.1874566054
        2.7350000000         3.8500000000         1.2346041219
        2.7400000000         3.8500000000         1.2792031240
        2.7450000000         3.8500000000         1.3225278688
        2.7500000000         3.8500000000         1.3671268709
        2.7550000000         3.8500000000         1.4130001302
        2.7600000000         3.8500000000         1.4537763606
        2.7650000000         3.8500000000         1.5021981343
        2.7700000000         3.8500000000         1.5417001076
        2.7750000000         3.8500000000         1.5875733669
        2.7800000000         3.8500000000         1.6258010829
        2.7850000000         3.8500000000         1.6729485994
        2.7900000000         3.8500000000         1.7137248299
        2.7950000000         3.8500000000         1.7608723464
        2.8000000000         3.8500000000         1.7952772908
        2.8050000000         3.8500000000         1.8424248073
        2.8100000000         3.8500000000         1.8857495522
        2.8150000000         3.8500000000         1.9227030110
        2.8200000000         3.8500000000         1.9736732991
        2.8250000000         3.8500000000         2.0119010152
        2.8300000000         3.8500000000         2.0577742744
        2.8350000000         3.8500000000         2.1023732765
        2.8400000000         3.8500000000         2.1393267354
        2.8450000000         3.8500000000         2.1877485091
        2.8500000000         3.8500000000         2.2297989967
        2.8550000000         3.8500000000         2.2756722560
        2.8600000000         3.8500000000         2.3253682869
        2.8650000000         3.8500000000         2.3661445174
        2.8700000000         3.8500000000         2.4120177766
        2.8750000000         3.8500000000         2.4553425215
        2.8800000000         3.8500000000         2.4986672664
        2.8850000000         3.8500000000         2.5432662684
        2.8900000000         3.8500000000         2.5916880421
        2.8950000000         3.8500000000         2.6413840730
        2.9000000000         3.8500000000         2.6834345607
        2.9050000000         3.8500000000         2.7318563344
        2.9100000000         3.8500000000         2.7751810792
        2.9150000000         3.8500000000         2.8185058241
        2.9200000000         3.8500000000         2.8656533406
        2.9250000000         3.8500000000         2.9166236287
        2.9300000000         3.8500000000         2.9650454023
        2.9350000000         3.8500000000         3.0070958900
        2.9400000000         3.8500000000         3.0529691493
        2.9450000000         3.8500000000         3.1103107234
        2.9500000000         3.8500000000         3.1523612111
        2.9550000000         3.8500000000         3.1956859559
        2.9600000000         3.8500000000         3.2428334724
        2.9650000000         3.8500000000         3.2874324745
        2.9700000000         3.8500000000         3.3345799910
        2.9750000000         3.8500000000         3.3855502790
        2.9800000000         3.8500000000         3.4288750239
        2.9850000000         3.8500000000         3.4772967976
        2.9900000000         3.8500000000         3.5231700569
        2.9950000000         3.8500000000         3.5754146021
        3.0000000000         3.8500000000         3.6161908326
        3.0050000000         3.8500000000         3.6658868635
        3.0100000000         3.8500000000         3.7143086372
        3.0150000000         3.8500000000         3.7601818965
        3.0200000000         3.8500000000         3.8137006989
        3.0250000000         3.8500000000         3.8582997010
        3.0300000000         3.8500000000         3.9041729603
        3.0350000000         3.8500000000         3.9538689912
        3.0400000000         3.8500000000         3.9997422504
        3.0450000000         3.8500000000         4.0494382813
        3.0500000000         3.8500000000         4.0991343122
        3.0550000000         3.8500000000         4.1501046003
        3.0600000000         3.8500000000         4.1959778596
        3.0650000000         3.8500000000         4.2494966621
        3.0700000000         3.8500000000         4.3004669501
        3.0750000000         3.8500000000         4.3412431806
        3.0800000000         3.8500000000         4.3934877259
        3.0850000000         3.8500000000         4.4457322712
        3.0900000000         3.8500000000         4.4916055305
        3.0950000000         3.8500000000         4.5387530469
        3.1000000000         3.8500000000         4.5897233350
        3.1050000000         3.8500000000         4.6445163947
        3.1100000000         3.8500000000         4.6942124256
        3.1150000000         3.8500000000         4.7464569709
        3.1200000000         3.8500000000         4.7948787446
        3.1250000000         3.8500000000         4.8433005182
        3.1300000000         3.8500000000         4.9019163495
        3.1350000000         3.8500000000         4.9490638660
        3.1400000000         3.8500000000         5.0076796973
        3.1450000000         3.8500000000         5.0497301850
        3.1500000000         3.8500000000         5.0688440430
        3.1550000000         3.8500000000         5.0662955286
        3.1600000000         3.8500000000         1.1071784017
        3.1650000000         3.8500000000         0.0011231503
        3.1700000000         3.8500000000        -0.0001511069
        3.1750000000         3.8500000000        -0.0026996214
        3.1800000000         3.8500000000         0.0227855227
        3.1850000000         3.8500000000         0.0686587820
        3.1900000000         3.8500000000         0.1209033273
        3.1950000000         3.8500000000         0.1731478725
        3.2000000000         3.8500000000         0.2241181606
        3.2050000000         3.8500000000         0.2712656771
        3.2100000000         3.8500000000         0.3273329940
        3.2150000000         3.8500000000         0.3706577389
        3.2200000000         3.8500000000         0.4216280269
        3.2250000000         3.8500000000         0.4700498006
        3.2300000000         3.8500000000         0.5210200887
        3.2350000000         3.8500000000         0.5694418624
        3.2400000000         3.8500000000         0.6165893789
        3.2450000000         3.8500000000         0.6726566958
        3.2500000000         3.8500000000         0.7172556978
        3.2550000000         3.8500000000         0.7631289571
        3.2600000000         3.8500000000         0.8140992452
        3.2650000000         3.8500000000         0.8637952761
        3.2700000000         3.8500000000         0.9096685354
        3.2750000000         3.8500000000         0.9517190230
        3.2800000000         3.8500000000         1.0039635683
        3.2850000000         3.8500000000         1.0472883132
        3.2900000000         3.8500000000         1.0931615725
        3.2950000000         3.8500000000         1.1364863173
        3.3000000000         3.8500000000         1.1836338338
        3.3050000000         3.8500000000         1.2295070931
        3.3100000000         3.8500000000         1.2766546096
        3.3150000000         3.8500000000         1.3250763832
        3.3200000000         3.8500000000         1.3633040993
        3.3250000000         3.8500000000         1.4104516158
        3.3300000000         3.8500000000         1.4563248751
        3.3350000000         3.8500000000         1.4983753627
        3.3400000000         3.8500000000         1.5417001076
        3.3450000000         3.8500000000         1.5837505953
        3.3500000000         3.8500000000         1.6258010829
        3.3550000000         3.8500000000         1.6704000850
        3.3600000000         3.8500000000         1.7149990871
        3.3650000000         3.8500000000         1.7570495747
        3.3700000000         3.8500000000         1.7965515480
        3.3750000000         3.8500000000         1.8360535213
        3.3800000000         3.8500000000         1.8819267806
        3.3850000000         3.8500000000         1.9227030110
        3.3900000000         3.8500000000         1.9685762703
        3.3950000000         3.8500000000         2.0080782436
        3.4000000000         3.8500000000         2.0577742744
        3.4050000000         3.8500000000         2.0947277333
        3.4100000000         3.8500000000         2.1393267354
        3.4150000000         3.8500000000         2.1877485091
        3.4200000000         3.8500000000         2.2297989967
        3.4250000000         3.8500000000         2.2731237416
        3.4300000000         3.8500000000         2.3189970009
        3.4350000000         3.8500000000         2.3610474885
        3.4400000000         3.8500000000         2.4132920338
        3.4450000000         3.8500000000         2.4540682643
        3.4500000000         3.8500000000         2.4986672664
        3.4550000000         3.8500000000         2.5483632973
        3.4600000000         3.8500000000         2.5878652705
        3.4650000000         3.8500000000         2.6413840730
        3.4700000000         3.8500000000         2.6783375319
        3.4750000000         3.8500000000         2.7382276204
        3.4800000000         3.8500000000         2.7739068220
        3.4850000000         3.8500000000         2.8185058241
        3.4900000000         3.8500000000         2.8631048262
        3.4950000000         3.8500000000         2.9115265999
        3.5000000000         3.8500000000         2.9586741163
        3.5050000000         3.8500000000         3.0007246040
        3.5100000000         3.8500000000         3.0529691493
        3.5150000000         3.8500000000         3.1013909230
        3.5200000000         3.8500000000         3.1485384394
        3.5250000000         3.8500000000         3.1918631843
        3.5300000000         3.8500000000         3.2390107008
        3.5350000000         3.8500000000         3.2874324745
        3.5400000000         3.8500000000         3.3371285054
        3.5450000000         3.8500000000         3.3830017646
        3.5500000000         3.8500000000         3.4288750239
        3.5550000000         3.8500000000         3.4760225404
        3.5600000000         3.8500000000         3.5244443141
        3.5650000000         3.8500000000         3.5715918305
        3.5700000000         3.8500000000         3.6161908326
        3.5750000000         3.8500000000         3.6671611207
        3.5800000000         3.8500000000         3.7168571516
        3.5850000000         3.8500000000         3.7640046681
        3.5900000000         3.8500000000         3.8124264417
        3.5950000000         3.8500000000         3.8608482154
        3.6000000000         3.8500000000         3.9130927607
        3.6050000000         3.8500000000         3.9602402772
        3.6100000000         3.8500000000         4.0061135365
        3.6150000000         3.8500000000         4.0596323389
        3.6200000000         3.8500000000         4.1080541126
        3.6250000000         3.8500000000         4.1552016291
        3.6300000000         3.8500000000         4.2061719172
        3.6350000000         3.8500000000         4.2520451765
        3.6400000000         3.8500000000         4.3042897218
        3.6450000000         3.8500000000         4.3552600098
        3.6500000000         3.8500000000         4.4062302979
        3.6550000000         3.8500000000         4.4597491004
        3.6600000000         3.8500000000         4.5068966169
        3.6650000000         3.8500000000         4.5616896766
        3.6700000000         3.8500000000         4.6050144214
        3.6750000000         3.8500000000         4.6636302527
        3.6800000000         3.8500000000         4.7133262836
        3.6850000000         3.8500000000         4.7681193433
        3.6900000000         3.8500000000         4.8229124030
        3.6950000000         3.8500000000         4.8649628907
        3.7000000000         3.8500000000         4.9210302076
        3.7050000000         3.8500000000         4.9732747529
        3.7100000000         3.8500000000         5.0255192981
        3.7150000000         3.8500000000         5.0650212714
        3.7200000000         3.8500000000         5.0662955286
        3.7250000000         3.8500000000         1.0969843441
        3.7300000000         3.8500000000         1.0982586013
        3.7350000000         3.8500000000        -0.0026996214
        3.7400000000         3.8500000000         0.0011231503
        3.7450000000         3.8500000000         0.0023974075
        3.7500000000         3.8500000000         0.0520934383
        3.7550000000         3.8500000000         0.1056122408
        3.7600000000         3.8500000000         0.1553082717
        3.7650000000         3.8500000000         0.2037300454
        3.7700000000         3.8500000000         0.2534260763
        3.7750000000         3.8500000000         0.3056706216
        3.7800000000         3.8500000000         0.3540923952
        3.7850000000         3.8500000000         0.4088854549
        3.7900000000         3.8500000000         0.4598557430
        3.7950000000         3.8500000000         0.5044547451
        3.8000000000         3.8500000000         0.5605220620
        3.8050000000         3.8500000000         0.6102180929
        3.8100000000         3.8500000000         0.6548170949
        3.8150000000         3.8500000000         0.7019646114
        3.8200000000         3.8500000000         0.7542091567
        3.8250000000         3.8500000000         0.8077279592
        3.8300000000         3.8500000000         0.8497784469
        3.8350000000         3.8500000000         0.8994744777
        3.8400000000         3.8500000000         0.9466219942
        3.8450000000         3.8500000000         0.9912209963
        3.8500000000         3.8500000000         1.0396427700
        3.8550000000         3.8500000000         1.0829675148
        3.8600000000         3.8500000000         1.1313892885
        3.8650000000         3.8500000000         1.1772625478
        3.8700000000         3.8500000000         1.2231358071
        3.8750000000         3.8500000000         1.2677348091
        3.8800000000         3.8500000000         1.3187050972
        3.8850000000         3.8500000000         1.3620298421
        3.8900000000         3.8500000000         1.4066288442
        3.8950000000         3.8500000000         1.4486793318
        3.9000000000         3.8500000000         1.4907298195
        3.9050000000         3.8500000000         1.5340545644
        3.9100000000         3.8500000000         1.5786535665
        3.9150000000         3.8500000000         1.6245268257
        3.9200000000         3.8500000000         1.6691258278
        3.9250000000         3.8500000000         1.7111763155
        3.9300000000         3.8500000000         1.7557753175
        3.9350000000         3.8500000000         1.7914545192
        3.9400000000         3.8500000000         1.8360535213
        3.9450000000         3.8500000000         1.8806525234
        3.9500000000         3.8500000000         1.9239772682
        3.9550000000         3.8500000000         1.9660277559
        3.9600000000         3.8500000000         2.0131752724
        3.9650000000         3.8500000000         2.0539515028
        3.9700000000         3.8500000000         2.0985505049
        3.9750000000         3.8500000000         2.1456980214
        3.9800000000         3.8500000000         2.1890227663
        3.9850000000         3.8500000000         2.2297989967
        3.9900000000         3.8500000000         2.2756722560
        3.9950000000         3.8500000000         2.3253682869
        4.0000000000         3.8500000000         2.3712415462
        4.0050000000         3.8500000000         2.4158405482
        4.0100000000         3.8500000000         2.4642623219
        4.0150000000         3.8500000000         2.5024900380
        4.0200000000         3.8500000000         2.5547345833
        4.0250000000         3.8500000000         2.5967850709
        4.0300000000         3.8500000000         2.6439325874
        4.0350000000         3.8500000000         2.7050969331
        4.0400000000         3.8500000000         2.7369533632
        4.0450000000         3.8500000000         2.7853751368
        4.0500000000         3.8500000000         2.8286998817
        4.0550000000         3.8500000000         2.8796701698
        4.0600000000         3.8500000000         2.9255434291
        4.0650000000         3.8500000000         2.9701424312
        4.0700000000         3.8500000000         3.0172899476
        4.0750000000         3.8500000000         3.0669859785
        4.0800000000         3.8500000000         3.1064879518
        4.0850000000         3.8500000000         3.1612810115
        4.0900000000         3.8500000000         3.2097027851
        4.0950000000         3.8500000000         3.2568503016
        4.1000000000         3.8500000000         3.3039978181
        4.1050000000         3.8500000000         3.3536938490
        4.1100000000         3.8500000000         3.4059383943
        4.1150000000         3.8500000000         3.4467146247
        4.1200000000         3.8500000000         3.4989591700
        4.1250000000         3.8500000000         3.5524779725
        4.1300000000         3.8500000000         3.5970769746
        4.1350000000         3.8500000000         3.6480472627
        4.1400000000         3.8500000000         3.6964690363
        4.1450000000         3.8500000000         3.7423422956
        4.1500000000         3.8500000000         3.7933125837
        4.1550000000         3.8500000000         3.8468313862
        4.1600000000         3.8500000000         3.8952531599
        4.1650000000         3.8500000000         3.9398521620
        4.1700000000         3.8500000000         3.9895481928
        4.1750000000         3.8500000000         4.0494382813
        4.1800000000         3.8500000000         4.0889402546
        4.1850000000         3.8500000000         4.1360877711
        4.1900000000         3.8500000000         4.1896065736
        4.1950000000         3.8500000000         4.2393026044
        4.2000000000         3.8500000000         4.2864501209
        4.2050000000         3.8500000000         4.3386946662
        4.2100000000         3.8500000000         4.3858421827
        4.2150000000         3.8500000000         4.4393609852
        4.2200000000         3.8500000000         4.4877827589
        4.2250000000         3.8500000000         4.5400273041
        4.2300000000         3.8500000000         4.5884490778
        4.2350000000         3.8500000000         4.6394193659
        4.2400000000         3.8500000000         4.6942124256
        4.2450000000         3.8500000000         4.7477312281
        4.2500000000         3.8500000000         4.7974272590
        4.2550000000         3.8500000000         4.8509460615
        4.2600000000         3.8500000000         4.9070133783
        4.2650000000         3.8500000000         4.9516123804
        4.2700000000         3.8500000000         5.0064054401
        4.2750000000         3.8500000000         5.0561014710
        4.2800000000         3.8500000000         5.0637470142
        4.2850000000         3.8500000000         5.0662955286
        4.2900000000         3.8500000000         1.0944358297
        4.2950000000         3.8500000000         0.0011231503
        4.3000000000         3.8500000000        -0.0014253642
        4.3050000000         3.8500000000         0.0036716647
        4.3100000000         3.8500000000         0.0266082943
        4.3150000000         3.8500000000         0.0801270968
        4.3200000000         3.8500000000         0.1336458993
        4.3250000000         3.8500000000         0.1807934157
        4.3300000000         3.8500000000         0.2368607326
        4.3350000000         3.8500000000         0.2814597347
        4.3400000000         3.8500000000         0.3337042800
        4.3450000000         3.8500000000         0.3859488253
        4.3500000000         3.8500000000         0.4318220846
        4.3550000000         3.8500000000         0.4878894015
        4.3600000000         3.8500000000         0.5363111751
        4.3650000000         3.8500000000         0.5847329488
        4.3700000000         3.8500000000         0.6382517513
        4.3750000000         3.8500000000         0.6803022390
        4.3800000000         3.8500000000         0.7325467843
        4.3850000000         3.8500000000         0.7796943007
        4.3900000000         3.8500000000         0.8281160744
        4.3950000000         3.8500000000         0.8829091341
        4.4000000000         3.8500000000         0.9262338790
        4.4050000000         3.8500000000         0.9733813955
        4.4100000000         3.8500000000         1.0230774263
        4.4150000000         3.8500000000         1.0664021712
        4.4200000000         3.8500000000         1.1148239449
        4.4250000000         3.8500000000         1.1581486898
        4.4300000000         3.8500000000         1.2052962062
        4.4350000000         3.8500000000         1.2549922371
        4.4400000000         3.8500000000         1.2995912392
        4.4450000000         3.8500000000         1.3429159841
        4.4500000000         3.8500000000         1.3938862722
        4.4550000000         3.8500000000         1.4359367598
        4.4600000000         3.8500000000         1.4818100191
        4.4650000000         3.8500000000         1.5276832784
        4.4700000000         3.8500000000         1.5710080232
        4.4750000000         3.8500000000         1.6143327681
        4.4800000000         3.8500000000         1.6614802846
        4.4850000000         3.8500000000         1.7060792867
        4.4900000000         3.8500000000         1.7455812599
        4.4950000000         3.8500000000         1.7914545192
        4.5000000000         3.8500000000         1.8360535213
        4.5050000000         3.8500000000         1.8768297517
        4.5100000000         3.8500000000         1.9150574678
        4.5150000000         3.8500000000         1.9660277559
        4.5200000000         3.8500000000         2.0119010152
        4.5250000000         3.8500000000         2.0514029884
        4.5300000000         3.8500000000         2.0972762477
        4.5350000000         3.8500000000         2.1418752498
        4.5400000000         3.8500000000         2.1953940523
        4.5450000000         3.8500000000         2.2310732539
        4.5500000000         3.8500000000         2.2743979988
        4.5550000000         3.8500000000         2.3266425441
        4.5600000000         3.8500000000         2.3686930318
        4.5650000000         3.8500000000         2.4132920338
        4.5700000000         3.8500000000         2.4655365791
        4.5750000000         3.8500000000         2.5037642952
        4.5800000000         3.8500000000         2.5509118117
        4.5850000000         3.8500000000         2.5993335853
        4.5900000000         3.8500000000         2.6464811018
        4.5950000000         3.8500000000         2.6936286183
        4.6000000000         3.8500000000         2.7369533632
        4.6050000000         3.8500000000         2.7917464229
        4.6100000000         3.8500000000         2.8325226533
        4.6150000000         3.8500000000         2.8783959126
        4.6200000000         3.8500000000         2.9306404579
        4.6250000000         3.8500000000         2.9790622316
        4.6300000000         3.8500000000         3.0185642048
        4.6350000000         3.8500000000         3.0708087501
        4.6400000000         3.8500000000         3.1205047810
        4.6450000000         3.8500000000         3.1651037831
        4.6500000000         3.8500000000         3.2147998140
        4.6550000000         3.8500000000         3.2555760444
        4.6600000000         3.8500000000         3.3039978181
        4.6650000000         3.8500000000         3.3587908778
        4.6700000000         3.8500000000         3.4072126515
        4.6750000000         3.8500000000         3.4518116535
        4.6800000000         3.8500000000         3.5027819416
        4.6850000000         3.8500000000         3.5499294581
        4.6900000000         3.8500000000         3.6008997462
        4.6950000000         3.8500000000         3.6467730055
        4.7000000000         3.8500000000         3.6990175508
        4.7050000000         3.8500000000         3.7423422956
        4.7100000000         3.8500000000         3.7920383265
        4.7150000000         3.8500000000         3.8404601002
        4.7200000000         3.8500000000         3.8863333595
        4.7250000000         3.8500000000         3.9373036475
        4.7300000000         3.8500000000         3.9882739356
        4.7350000000         3.8500000000         4.0392442237
        4.7400000000         3.8500000000         4.0863917402
        4.7450000000         3.8500000000         4.1348135139
        4.7500000000         3.8500000000         4.1870580592
        4.7550000000         3.8500000000         4.2291085468
        4.7600000000         3.8500000000         4.2813530921
        4.7650000000         3.8500000000         4.3323233802
        4.7700000000         3.8500000000         4.3781966395
        4.7750000000         3.8500000000         4.4304411848
        4.7800000000         3.8500000000         4.4788629584
        4.7850000000         3.8500000000         4.5272847321
        4.7900000000         3.8500000000         4.5808035346
        4.7950000000         3.8500000000         4.6317738227
        4.8000000000         3.8500000000         4.6801955964
        4.8050000000         3.8500000000         4.7311658845
        4.8100000000         3.8500000000         4.7846846869
        4.8150000000         3.8500000000         4.8369292322
        4.8200000000         3.8500000000         4.8929965491
        4.8250000000         3.8500000000         4.9363212940
        4.8300000000         3.8500000000         4.9898400965
        4.8350000000         3.8500000000         5.0446331562
        4.8400000000         3.8500000000         5.0701183002
        4.8450000000         3.8500000000         5.0688440430
        4.8500000000         3.8500000000         1.1110011733
        4.8550000000         3.8500000000         0.0062201791
        4.8600000000         3.8500000000        -0.0001511069
        4.8650000000         3.8500000000        -0.0001511069
        4.8700000000         3.8500000000         0.0138657223
        4.8750000000         3.8500000000         0.0686587820
        4.8800000000         3.8500000000         0.1170805556
        4.8850000000         3.8500000000         0.1616795577
        4.8900000000         3.8500000000         0.2215696462
        4.8950000000         3.8500000000         0.2687171627
        4.9000000000         3.8500000000         0.3222359652
        4.9050000000         3.8500000000         0.3681092245
        4.9100000000         3.8500000000         0.4139824837
        4.9150000000         3.8500000000         0.4675012862
        4.9200000000         3.8500000000         0.5171973171
        4.9250000000         3.8500000000         0.5694418624
        4.9300000000         3.8500000000         0.6140408645
        4.9350000000         3.8500000000         0.6650111525
        4.9400000000         3.8500000000         0.7147071834
        4.9450000000         3.8500000000         0.7580319283
        4.9500000000         3.8500000000         0.8115507308
        4.9550000000         3.8500000000         0.8561497329
        4.9600000000         3.8500000000         0.9058457637
        4.9650000000         3.8500000000         0.9542675374
        4.9700000000         3.8500000000         0.9950437679
        4.9750000000         3.8500000000         1.0421912844
        4.9800000000         3.8500000000         1.0931615725
        4.9850000000         3.8500000000         1.1403090889
        4.9900000000         3.8500000000         1.1810853194
        4.9950000000         3.8500000000         1.2244100643
        5.0000000000         3.8500000000         1.2792031240
        5.0050000000         3.8500000000         1.3199793544
        5.0100000000         3.8500000000         1.3645783565
        5.0150000000         3.8500000000         1.4104516158
        5.0200000000         3.8500000000         1.4499535890
        5.0250000000         3.8500000000         1.4971011055
        5.0300000000         3.8500000000         1.5429743648
        5.0350000000         3.8500000000         1.5862991097
        5.0400000000         3.8500000000         1.6308981117
        5.0450000000         3.8500000000         1.6729485994
        5.0500000000         3.8500000000         1.7111763155
        5.0550000000         3.8500000000         1.7621466036
        5.0600000000         3.8500000000         1.8016485768
        5.0650000000         3.8500000000         1.8436990645
        5.0700000000         3.8500000000         1.8895723238
        5.0750000000         3.8500000000         1.9278000398
        5.0800000000         3.8500000000         1.9762218135
        5.0850000000         3.8500000000         2.0195465584
        5.0900000000         3.8500000000         2.0577742744
        5.0950000000         3.8500000000         2.1061960481
        5.1000000000         3.8500000000         2.1444237642
        5.1050000000         3.8500000000         2.1928455379
        5.1100000000         3.8500000000         2.2361702827
        5.1150000000         3.8500000000         2.2794950276
        5.1200000000         3.8500000000         2.3317395729
        5.1250000000         3.8500000000         2.3737900606
        5.1300000000         3.8500000000         2.4158405482
        5.1350000000         3.8500000000         2.4693593507
        5.1400000000         3.8500000000         2.5075870668
        5.1450000000         3.8500000000         2.5560088405
        5.1500000000         3.8500000000         2.6018820997
        5.1550000000         3.8500000000         2.6477553590
        5.1600000000         3.8500000000         2.6961771327
        5.1650000000         3.8500000000         2.7356791060
        5.1700000000         3.8500000000         2.7866493940
        5.1750000000         3.8500000000         2.8299741389
        5.1800000000         3.8500000000         2.8758473982
        5.1850000000         3.8500000000         2.9293662007
        5.1900000000         3.8500000000         2.9777879744
        5.1950000000         3.8500000000         3.0211127192
        5.2000000000         3.8500000000         3.0682602357
        5.2050000000         3.8500000000         3.1128592378
        5.2100000000         3.8500000000         3.1638295259
        5.2150000000         3.8500000000         3.2046057563
        5.2200000000         3.8500000000         3.2555760444
        5.2250000000         3.8500000000         3.3014493037
        5.2300000000         3.8500000000         3.3524195918
        5.2350000000         3.8500000000         3.4008413655
        5.2400000000         3.8500000000         3.4479888819
        5.2450000000         3.8500000000         3.4964106556
        5.2500000000         3.8500000000         3.5461066865
        5.2550000000         3.8500000000         3.5919799458
        5.2600000000         3.8500000000         3.6404017195
        5.2650000000         3.8500000000         3.6862749787
        5.2700000000         3.8500000000         3.7397937812
        5.2750000000         3.8500000000         3.7894898121
        5.2800000000         3.8500000000         3.8302660426
        5.2850000000         3.8500000000         3.8786878162
        5.2900000000         3.8500000000         3.9309323615
        5.2950000000         3.8500000000         3.9793541352
        5.3000000000         3.8500000000         4.0252273945
        5.3050000000         3.8500000000         4.0812947114
        5.3100000000         3.8500000000         4.1220709419
        5.3150000000         3.8500000000         4.1704927155
        5.3200000000         3.8500000000         4.2252857752
        5.3250000000         3.8500000000         4.2698847773
        5.3300000000         3.8500000000         4.3208550654
        5.3350000000         3.8500000000         4.3680025819
        5.3400000000         3.8500000000         4.4215213843
        5.3450000000         3.8500000000         4.4724916724
        5.3500000000         3.8500000000         4.5221877033
        5.3550000000         3.8500000000         4.5718837342
        5.3600000000         3.8500000000         4.6203055079
        5.3650000000         3.8500000000         4.6700015388
        5.3700000000         3.8500000000         4.7235203412
        5.3750000000         3.8500000000         4.7770391437
        5.3800000000         3.8500000000         4.8305579462
        5.3850000000         3.8500000000         4.8777054627
        5.3900000000         3.8500000000         4.9312242652
        5.3950000000         3.8500000000         4.9834688105
        5.4000000000         3.8500000000         5.0306163269
        5.4050000000         3.8500000000         5.0662955286
        5.4100000000         3.8500000000         5.0662955286
        5.4150000000         3.8500000000         1.1084526589
        5.4200000000         3.8500000000         1.0893388008
        5.4250000000         3.8500000000        -0.0001511069
        5.4300000000         3.8500000000        -0.0026996214
        5.4350000000         3.8500000000         0.0011231503
        5.4400000000         3.8500000000         0.0597389816
        5.4450000000         3.8500000000         0.1043379836
        5.4500000000         3.8500000000         0.1553082717
        5.4550000000         3.8500000000         0.2075528170
        5.4600000000         3.8500000000         0.2496033047
        5.4650000000         3.8500000000         0.3043963644
        5.4700000000         3.8500000000         0.3528181380
        5.4750000000         3.8500000000         0.4037884261
        5.4800000000         3.8500000000         0.4547587142
        5.4850000000         3.8500000000         0.5057290023
        5.4900000000         3.8500000000         0.5541507760
        5.4950000000         3.8500000000         0.6025725496
        5.5000000000         3.8500000000         0.6535428377
        5.5050000000         3.8500000000         0.6981418398
        5.5100000000         3.8500000000         0.7478378707
        5.5150000000         3.8500000000         0.7975339016
        5.5200000000         3.8500000000         0.8408586464
        5.5250000000         3.8500000000         0.8969259633
        5.5300000000         3.8500000000         0.9389764510
        5.5350000000         3.8500000000         0.9873982247
        5.5400000000         3.8500000000         1.0383685128
        5.5450000000         3.8500000000         1.0829675148
        5.5500000000         3.8500000000         1.1301150313
        5.5550000000         3.8500000000         1.1670684902
        5.5600000000         3.8500000000         1.2154902639
        5.5650000000         3.8500000000         1.2626377803
        5.5700000000         3.8500000000         1.3021397536
        5.5750000000         3.8500000000         1.3543842989
        5.5800000000         3.8500000000         1.3989833010
        5.5850000000         3.8500000000         1.4397595314
        5.5900000000         3.8500000000         1.4869070479
        5.5950000000         3.8500000000         1.5251347640
        5.6000000000         3.8500000000         1.5684595088
        5.6050000000         3.8500000000         1.6207040541
        5.6100000000         3.8500000000         1.6525604842
        5.6150000000         3.8500000000         1.6997080007
        5.6200000000         3.8500000000         1.7468555171
        5.6250000000         3.8500000000         1.7787119472
        5.6300000000         3.8500000000         1.8233109493
        5.6350000000         3.8500000000         1.8628129225
        5.6400000000         3.8500000000         1.9137832106
        5.6450000000         3.8500000000         1.9507366695
