        0.0000000000         4.4000000000         0.6790279818
        0.0050000000         4.4000000000         0.6841250106
        0.0100000000         4.4000000000         0.6803022390
        0.0150000000         4.4000000000         0.6803022390
        0.0200000000         4.4000000000         0.6930448110
        0.0250000000         4.4000000000         0.7159814406
        0.0300000000         4.4000000000         0.7376438131
        0.0350000000         4.4000000000         0.7682259859
        0.0400000000         4.4000000000         0.7937111300
        0.0450000000         4.4000000000         0.8293903316
        0.0500000000         4.4000000000         0.8727150765
        0.0550000000         4.4000000000         0.9083942781
        0.0600000000         4.4000000000         0.9529932802
        0.0650000000         4.4000000000         0.9937695107
        0.0700000000         4.4000000000         1.0409170272
        0.0750000000         4.4000000000         1.0893388008
        0.0800000000         4.4000000000         1.1288407741
        0.0850000000         4.4000000000         1.1823595766
        0.0900000000         4.4000000000         1.2269585787
        0.0950000000         4.4000000000         1.2766546096
        0.1000000000         4.4000000000         1.3327219264
        0.1050000000         4.4000000000         1.3773209285
        0.1100000000         4.4000000000         1.4295654738
        0.1150000000         4.4000000000         1.4805357619
        0.1200000000         4.4000000000         1.5276832784
        0.1250000000         4.4000000000         1.5799278237
        0.1300000000         4.4000000000         1.6385436550
        0.1350000000         4.4000000000         1.6869654286
        0.1400000000         4.4000000000         1.7443070027
        0.1450000000         4.4000000000         1.7952772908
        0.1500000000         4.4000000000         1.8526188649
        0.1550000000         4.4000000000         1.9023148958
        0.1600000000         4.4000000000         1.9596564699
        0.1650000000         4.4000000000         2.0182723012
        0.1700000000         4.4000000000         2.0743396181
        0.1750000000         4.4000000000         2.1291326778
        0.1800000000         4.4000000000         2.1890227663
        0.1850000000         4.4000000000         2.2463643404
        0.1900000000         4.4000000000         2.3037059145
        0.1950000000         4.4000000000         2.3725158034
        0.2000000000         4.4000000000         2.4298573775
        0.2050000000         4.4000000000         2.4897474660
        0.2100000000         4.4000000000         2.5496375545
        0.2150000000         4.4000000000         2.6108019002
        0.2200000000         4.4000000000         2.6808860463
        0.2250000000         4.4000000000         2.7433246492
        0.2300000000         4.4000000000         2.8006662233
        0.2350000000         4.4000000000         2.8732988838
        0.2400000000         4.4000000000         2.9344632295
        0.2450000000         4.4000000000         2.9981760896
        0.2500000000         4.4000000000         3.0618889497
        0.2550000000         4.4000000000         3.1268760670
        0.2600000000         4.4000000000         3.1982344703
        0.2650000000         4.4000000000         3.2593988160
        0.2700000000         4.4000000000         3.3243859333
        0.2750000000         4.4000000000         3.3931958222
        0.2800000000         4.4000000000         3.4671027400
        0.2850000000         4.4000000000         3.5333641145
        0.2900000000         4.4000000000         3.5970769746
        0.2950000000         4.4000000000         3.6671611207
        0.3000000000         4.4000000000         3.7346967524
        0.3050000000         4.4000000000         3.8098779273
        0.3100000000         4.4000000000         3.8786878162
        0.3150000000         4.4000000000         3.9500462196
        0.3200000000         4.4000000000         4.0239531373
        0.3250000000         4.4000000000         4.0889402546
        0.3300000000         4.4000000000         4.1666699439
        0.3350000000         4.4000000000         4.2316570612
        0.3400000000         4.4000000000         4.3081124934
        0.3450000000         4.4000000000         4.3807451539
        0.3500000000         4.4000000000         4.4495550428
        0.3550000000         4.4000000000         4.5272847321
        0.3600000000         4.4000000000         4.5999173926
        0.3650000000         4.4000000000         4.6763728248
        0.3700000000         4.4000000000         4.7553767713
        0.3750000000         4.4000000000         4.8241866602
        0.3800000000         4.4000000000         4.9044648639
        0.3850000000         4.4000000000         4.9809202961
        0.3900000000         4.4000000000         5.0510044422
        0.3950000000         4.4000000000         5.0650212714
        0.4000000000         4.4000000000         1.1033556301
        0.4050000000         4.4000000000         0.0049459219
        0.4100000000         4.4000000000        -0.0026996214
        0.4150000000         4.4000000000         0.0431736379
        0.4200000000         4.4000000000         0.1209033273
        0.4250000000         4.4000000000         0.1871647018
        0.4300000000         4.4000000000         0.2661686483
        0.4350000000         4.4000000000         0.3349785372
        0.4400000000         4.4000000000         0.4127082265
        0.4450000000         4.4000000000         0.4853408871
        0.4500000000         4.4000000000         0.5605220620
        0.4550000000         4.4000000000         0.6331547225
        0.4600000000         4.4000000000         0.7045131258
        0.4650000000         4.4000000000         0.7771457863
        0.4700000000         4.4000000000         0.8548754757
        0.4750000000         4.4000000000         0.9198625930
        0.4800000000         4.4000000000         0.9912209963
        0.4850000000         4.4000000000         1.0638536568
        0.4900000000         4.4000000000         1.1275665169
        0.4950000000         4.4000000000         1.1938278914
        0.5000000000         4.4000000000         1.2639120375
        0.5050000000         4.4000000000         1.3339961837
        0.5100000000         4.4000000000         1.4028060726
        0.5150000000         4.4000000000         1.4690674471
        0.5200000000         4.4000000000         1.5327803072
        0.5250000000         4.4000000000         1.5990416817
        0.5300000000         4.4000000000         1.6614802846
        0.5350000000         4.4000000000         1.7341129451
        0.5400000000         4.4000000000         1.7978258052
        0.5450000000         4.4000000000         1.8628129225
        0.5500000000         4.4000000000         1.9278000398
        0.5550000000         4.4000000000         1.9927871571
        0.5600000000         4.4000000000         2.0603227889
        0.5650000000         4.4000000000         2.1253099062
        0.5700000000         4.4000000000         2.1890227663
        0.5750000000         4.4000000000         2.2565583980
        0.5800000000         4.4000000000         2.3317395729
        0.5850000000         4.4000000000         2.3954524330
        0.5900000000         4.4000000000         2.4617138075
        0.5950000000         4.4000000000         2.5305236964
        0.6000000000         4.4000000000         2.5993335853
        0.6050000000         4.4000000000         2.6694177315
        0.6100000000         4.4000000000         2.7433246492
        0.6150000000         4.4000000000         2.8146830525
        0.6200000000         4.4000000000         2.8758473982
        0.6250000000         4.4000000000         2.9446572871
        0.6300000000         4.4000000000         3.0211127192
        0.6350000000         4.4000000000         3.0822770649
        0.6400000000         4.4000000000         3.1600067543
        0.6450000000         4.4000000000         3.2288166432
        0.6500000000         4.4000000000         3.3014493037
        0.6550000000         4.4000000000         3.3689849354
        0.6600000000         4.4000000000         3.4479888819
        0.6650000000         4.4000000000         3.5180730281
        0.6700000000         4.4000000000         3.5894314314
        0.6750000000         4.4000000000         3.6633383491
        0.6800000000         4.4000000000         3.7295997236
        0.6850000000         4.4000000000         3.8073294129
        0.6900000000         4.4000000000         3.8812363307
        0.6950000000         4.4000000000         3.9525947340
        0.7000000000         4.4000000000         4.0328729377
        0.7050000000         4.4000000000         4.1016828266
        0.7100000000         4.4000000000         4.1755897443
        0.7150000000         4.4000000000         4.2533194337
        0.7200000000         4.4000000000         4.3246778370
        0.7250000000         4.4000000000         4.4024075263
        0.7300000000         4.4000000000         4.4750401868
        0.7350000000         4.4000000000         4.5527698762
        0.7400000000         4.4000000000         4.6317738227
        0.7450000000         4.4000000000         4.7069549976
        0.7500000000         4.4000000000         4.7846846869
        0.7550000000         4.4000000000         4.8662371479
        0.7600000000         4.4000000000         4.9452410944
        0.7650000000         4.4000000000         5.0229707837
        0.7700000000         4.4000000000         5.0637470142
        0.7750000000         4.4000000000         5.0637470142
        0.7800000000         4.4000000000         0.0011231503
        0.7850000000         4.4000000000         0.0011231503
        0.7900000000         4.4000000000         0.0189627511
        0.7950000000         4.4000000000         0.0941439260
        0.8000000000         4.4000000000         0.1705993581
        0.8050000000         4.4000000000         0.2406835042
        0.8100000000         4.4000000000         0.3222359652
        0.8150000000         4.4000000000         0.3986913973
        0.8200000000         4.4000000000         0.4725983150
        0.8250000000         4.4000000000         0.5465052328
        0.8300000000         4.4000000000         0.6229606649
        0.8350000000         4.4000000000         0.6917705538
        0.8400000000         4.4000000000         0.7669517287
        0.8450000000         4.4000000000         0.8383101320
        0.8500000000         4.4000000000         0.9122170498
        0.8550000000         4.4000000000         0.9823011959
        0.8600000000         4.4000000000         1.0574823708
        0.8650000000         4.4000000000         1.1186467165
        0.8700000000         4.4000000000         1.1925536342
        0.8750000000         4.4000000000         1.2575407515
        0.8800000000         4.4000000000         1.3263506404
        0.8850000000         4.4000000000         1.3951605294
        0.8900000000         4.4000000000         1.4614219039
        0.8950000000         4.4000000000         1.5315060500
        0.9000000000         4.4000000000         1.5939446529
        0.9050000000         4.4000000000         1.6678515706
        0.9100000000         4.4000000000         1.7251931447
        0.9150000000         4.4000000000         1.7991000624
        0.9200000000         4.4000000000         1.8628129225
        0.9250000000         4.4000000000         1.9303485542
        0.9300000000         4.4000000000         1.9927871571
        0.9350000000         4.4000000000         2.0603227889
        0.9400000000         4.4000000000         2.1253099062
        0.9450000000         4.4000000000         2.1864742519
        0.9500000000         4.4000000000         2.2603811696
        0.9550000000         4.4000000000         2.3279168013
        0.9600000000         4.4000000000         2.3941781758
        0.9650000000         4.4000000000         2.4617138075
        0.9700000000         4.4000000000         2.5267009248
        0.9750000000         4.4000000000         2.6006078425
        0.9800000000         4.4000000000         2.6655949598
        0.9850000000         4.4000000000         2.7356791060
        0.9900000000         4.4000000000         2.8121345381
        0.9950000000         4.4000000000         2.8732988838
        1.0000000000         4.4000000000         2.9497543159
        1.0050000000         4.4000000000         3.0211127192
        1.0100000000         4.4000000000         3.0873740937
        1.0150000000         4.4000000000         3.1574582399
        1.0200000000         4.4000000000         3.2351879292
        1.0250000000         4.4000000000         3.3027235609
        1.0300000000         4.4000000000         3.3715334498
        1.0350000000         4.4000000000         3.4428918531
        1.0400000000         4.4000000000         3.5167987709
        1.0450000000         4.4000000000         3.5894314314
        1.0500000000         4.4000000000         3.6607898347
        1.0550000000         4.4000000000         3.7359710096
        1.0600000000         4.4000000000         3.8060551557
        1.0650000000         4.4000000000         3.8786878162
        1.0700000000         4.4000000000         3.9564175056
        1.0750000000         4.4000000000         4.0405184809
        1.0800000000         4.4000000000         4.1067798554
        1.0850000000         4.4000000000         4.1755897443
        1.0900000000         4.4000000000         4.2622392341
        1.0950000000         4.4000000000         4.3285006086
        1.1000000000         4.4000000000         4.4036817835
        1.1050000000         4.4000000000         4.4839599872
        1.1100000000         4.4000000000         4.5553183906
        1.1150000000         4.4000000000         4.6317738227
        1.1200000000         4.4000000000         4.7146005408
        1.1250000000         4.4000000000         4.7961530018
        1.1300000000         4.4000000000         4.8675114051
        1.1350000000         4.4000000000         4.9516123804
        1.1400000000         4.4000000000         5.0280678125
        1.1450000000         4.4000000000         5.0650212714
        1.1500000000         4.4000000000         1.1148239449
        1.1550000000         4.4000000000         0.0049459219
        1.1600000000         4.4000000000        -0.0001511069
        1.1650000000         4.4000000000         0.0240597799
        1.1700000000         4.4000000000         0.1030637264
        1.1750000000         4.4000000000         0.1807934157
        1.1800000000         4.4000000000         0.2521518191
        1.1850000000         4.4000000000         0.3337042800
        1.1900000000         4.4000000000         0.4050626833
        1.1950000000         4.4000000000         0.4853408871
        1.2000000000         4.4000000000         0.5605220620
        1.2050000000         4.4000000000         0.6293319509
        1.2100000000         4.4000000000         0.7108844118
        1.2150000000         4.4000000000         0.7796943007
        1.2200000000         4.4000000000         0.8523269613
        1.2250000000         4.4000000000         0.9287823934
        1.2300000000         4.4000000000         0.9924952535
        1.2350000000         4.4000000000         1.0689506856
        1.2400000000         4.4000000000         1.1403090889
        1.2450000000         4.4000000000         1.2052962062
        1.2500000000         4.4000000000         1.2792031240
        1.2550000000         4.4000000000         1.3492872701
        1.2600000000         4.4000000000         1.4130001302
        1.2650000000         4.4000000000         1.4805357619
        1.2700000000         4.4000000000         1.5518941652
        1.2750000000         4.4000000000         1.6207040541
        1.2800000000         4.4000000000         1.6805941426
        1.2850000000         4.4000000000         1.7468555171
        1.2900000000         4.4000000000         1.8169396632
        1.2950000000         4.4000000000         1.8857495522
        1.3000000000         4.4000000000         1.9558336983
        1.3050000000         4.4000000000         2.0220950728
        1.3100000000         4.4000000000         2.0870821901
        1.3150000000         4.4000000000         2.1507950502
        1.3200000000         4.4000000000         2.2247019679
        1.3250000000         4.4000000000         2.2871405708
        1.3300000000         4.4000000000         2.3572247169
        1.3350000000         4.4000000000         2.4298573775
        1.3400000000         4.4000000000         2.4986672664
        1.3450000000         4.4000000000         2.5598316121
        1.3500000000         4.4000000000         2.6324642726
        1.3550000000         4.4000000000         2.7063711903
        1.3600000000         4.4000000000         2.7726325648
        1.3650000000         4.4000000000         2.8427167109
        1.3700000000         4.4000000000         2.9140751143
        1.3750000000         4.4000000000         2.9841592604
        1.3800000000         4.4000000000         3.0593404353
        1.3850000000         4.4000000000         3.1256018098
        1.3900000000         4.4000000000         3.1982344703
        1.3950000000         4.4000000000         3.2708671308
        1.4000000000         4.4000000000         3.3460483058
        1.4050000000         4.4000000000         3.4199552235
        1.4100000000         4.4000000000         3.4887651124
        1.4150000000         4.4000000000         3.5626720301
        1.4200000000         4.4000000000         3.6353046906
        1.4250000000         4.4000000000         3.7117601228
        1.4300000000         4.4000000000         3.7882155549
        1.4350000000         4.4000000000         3.8595739582
        1.4400000000         4.4000000000         3.9309323615
        1.4450000000         4.4000000000         4.0086620509
        1.4500000000         4.4000000000         4.0825689686
        1.4550000000         4.4000000000         4.1590244007
        1.4600000000         4.4000000000         4.2303828040
        1.4650000000         4.4000000000         4.3042897218
        1.4700000000         4.4000000000         4.3794708967
        1.4750000000         4.4000000000         4.4622976148
        1.4800000000         4.4000000000         4.5374787897
        1.4850000000         4.4000000000         4.6113857075
        1.4900000000         4.4000000000         4.6903896540
        1.4950000000         4.4000000000         4.7706678577
        1.5000000000         4.4000000000         4.8496718043
        1.5050000000         4.4000000000         4.9337727796
        1.5100000000         4.4000000000         5.0089539545
        1.5150000000         4.4000000000         5.0624727570
        1.5200000000         4.4000000000         5.0624727570
        1.5250000000         4.4000000000         1.1160982021
        1.5300000000         4.4000000000        -0.0039738786
        1.5350000000         4.4000000000         0.0151399795
        1.5400000000         4.4000000000         0.0864983828
        1.5450000000         4.4000000000         0.1629538149
        1.5500000000         4.4000000000         0.2394092470
        1.5550000000         4.4000000000         0.3184131936
        1.5600000000         4.4000000000         0.3910458541
        1.5650000000         4.4000000000         0.4713240578
        1.5700000000         4.4000000000         0.5401339467
        1.5750000000         4.4000000000         0.6178636361
        1.5800000000         4.4000000000         0.6955933254
        1.5850000000         4.4000000000         0.7682259859
        1.5900000000         4.4000000000         0.8383101320
        1.5950000000         4.4000000000         0.9185883358
        1.6000000000         4.4000000000         0.9848497103
        1.6050000000         4.4000000000         1.0587566280
        1.6100000000         4.4000000000         1.1288407741
        1.6150000000         4.4000000000         1.2027476918
        1.6200000000         4.4000000000         1.2677348091
        1.6250000000         4.4000000000         1.3378189553
        1.6300000000         4.4000000000         1.4091773586
        1.6350000000         4.4000000000         1.4716159615
        1.6400000000         4.4000000000         1.5493456508
        1.6450000000         4.4000000000         1.6207040541
        1.6500000000         4.4000000000         1.6793198854
        1.6550000000         4.4000000000         1.7443070027
        1.6600000000         4.4000000000         1.8118426344
        1.6650000000         4.4000000000         1.8793782662
        1.6700000000         4.4000000000         1.9469138979
        1.6750000000         4.4000000000         2.0144495296
        1.6800000000         4.4000000000         2.0858079329
        1.6850000000         4.4000000000         2.1520693074
        1.6900000000         4.4000000000         2.2196049391
        1.6950000000         4.4000000000         2.2922375996
        1.7000000000         4.4000000000         2.3546762025
        1.7050000000         4.4000000000         2.4234860914
        1.7100000000         4.4000000000         2.4973930092
        1.7150000000         4.4000000000         2.5636543837
        1.7200000000         4.4000000000         2.6337385298
        1.7250000000         4.4000000000         2.6999999043
        1.7300000000         4.4000000000         2.7790038508
        1.7350000000         4.4000000000         2.8478137397
        1.7400000000         4.4000000000         2.9153493715
        1.7450000000         4.4000000000         2.9841592604
        1.7500000000         4.4000000000         3.0593404353
        1.7550000000         4.4000000000         3.1319730958
        1.7600000000         4.4000000000         3.2007829847
        1.7650000000         4.4000000000         3.2746899025
        1.7700000000         4.4000000000         3.3460483058
        1.7750000000         4.4000000000         3.4199552235
        1.7800000000         4.4000000000         3.4964106556
        1.7850000000         4.4000000000         3.5677690589
        1.7900000000         4.4000000000         3.6340304334
        1.7950000000         4.4000000000         3.7117601228
        1.8000000000         4.4000000000         3.7869412977
        1.8050000000         4.4000000000         3.8595739582
        1.8100000000         4.4000000000         3.9347551331
        1.8150000000         4.4000000000         4.0124848225
        1.8200000000         4.4000000000         4.0812947114
        1.8250000000         4.4000000000         4.1628471723
        1.8300000000         4.4000000000         4.2342055756
        1.8350000000         4.4000000000         4.3132095222
        1.8400000000         4.4000000000         4.3832936683
        1.8450000000         4.4000000000         4.4622976148
        1.8500000000         4.4000000000         4.5438500757
        1.8550000000         4.4000000000         4.6152084791
        1.8600000000         4.4000000000         4.6942124256
        1.8650000000         4.4000000000         4.7757648865
        1.8700000000         4.4000000000         4.8585916047
        1.8750000000         4.4000000000         4.9299500080
        1.8800000000         4.4000000000         5.0153252405
        1.8850000000         4.4000000000         5.0675697858
        1.8900000000         4.4000000000         5.0624727570
        1.8950000000         4.4000000000         0.0368023519
        1.9000000000         4.4000000000        -0.0039738786
        1.9050000000         4.4000000000         0.0138657223
        1.9100000000         4.4000000000         0.0954181832
        1.9150000000         4.4000000000         0.1667765865
        1.9200000000         4.4000000000         0.2432320187
        1.9250000000         4.4000000000         0.3247844796
        1.9300000000         4.4000000000         0.3948686257
        1.9350000000         4.4000000000         0.4738725722
        1.9400000000         4.4000000000         0.5490537472
        1.9450000000         4.4000000000         0.6216864077
        1.9500000000         4.4000000000         0.7019646114
        1.9550000000         4.4000000000         0.7707745003
        1.9600000000         4.4000000000         0.8459556752
        1.9650000000         4.4000000000         0.9211368502
        1.9700000000         4.4000000000         0.9924952535
        1.9750000000         4.4000000000         1.0625793996
        1.9800000000         4.4000000000         1.1352120601
        1.9850000000         4.4000000000         1.2065704634
        1.9900000000         4.4000000000         1.2766546096
        1.9950000000         4.4000000000         1.3441902413
        2.0000000000         4.4000000000         1.4180971590
        2.0050000000         4.4000000000         1.4830842763
        2.0100000000         4.4000000000         1.5506199080
        2.0150000000         4.4000000000         1.6245268257
        2.0200000000         4.4000000000         1.6907882002
        2.0250000000         4.4000000000         1.7519525459
        2.0300000000         4.4000000000         1.8207624349
        2.0350000000         4.4000000000         1.8895723238
        2.0400000000         4.4000000000         1.9571079555
        2.0450000000         4.4000000000         2.0246435872
        2.0500000000         4.4000000000         2.0870821901
        2.0550000000         4.4000000000         2.1546178218
        2.0600000000         4.4000000000         2.2272504823
        2.0650000000         4.4000000000         2.2973346284
        2.0700000000         4.4000000000         2.3635960030
        2.0750000000         4.4000000000         2.4375029207
        2.0800000000         4.4000000000         2.5024900380
        2.0850000000         4.4000000000         2.5725741841
        2.0900000000         4.4000000000         2.6426583302
        2.0950000000         4.4000000000         2.7127424763
        2.1000000000         4.4000000000         2.7841008796
        2.1050000000         4.4000000000         2.8516365114
        2.1100000000         4.4000000000         2.9280919435
        2.1150000000         4.4000000000         2.9956275752
        2.1200000000         4.4000000000         3.0669859785
        2.1250000000         4.4000000000         3.1370701246
        2.1300000000         4.4000000000         3.2084285279
        2.1350000000         4.4000000000         3.2836097029
        2.1400000000         4.4000000000         3.3575166206
        2.1450000000         4.4000000000         3.4314235383
        2.1500000000         4.4000000000         3.5104274848
        2.1550000000         4.4000000000         3.5703175733
        2.1600000000         4.4000000000         3.6454987483
        2.1650000000         4.4000000000         3.7206799232
        2.1700000000         4.4000000000         3.7920383265
        2.1750000000         4.4000000000         3.8710422730
        2.1800000000         4.4000000000         3.9436749336
        2.1850000000         4.4000000000         4.0175818513
        2.1900000000         4.4000000000         4.0914887690
        2.1950000000         4.4000000000         4.1692184583
        2.2000000000         4.4000000000         4.2380283472
        2.2050000000         4.4000000000         4.3183065510
        2.2100000000         4.4000000000         4.3960362403
        2.2150000000         4.4000000000         4.4712174152
        2.2200000000         4.4000000000         4.5476728474
        2.2250000000         4.4000000000         4.6304995655
        2.2300000000         4.4000000000         4.7044064832
        2.2350000000         4.4000000000         4.7821361725
        2.2400000000         4.4000000000         4.8649628907
        2.2450000000         4.4000000000         4.9426925800
        2.2500000000         4.4000000000         5.0191480121
        2.2550000000         4.4000000000         5.0662955286
        2.2600000000         4.4000000000         5.0637470142
        2.2650000000         4.4000000000        -0.0026996214
        2.2700000000         4.4000000000         0.0049459219
        2.2750000000         4.4000000000         0.0176884939
        2.2800000000         4.4000000000         0.0954181832
        2.2850000000         4.4000000000         0.1744221297
        2.2900000000         4.4000000000         0.2496033047
        2.2950000000         4.4000000000         0.3298815084
        2.3000000000         4.4000000000         0.4050626833
        2.3050000000         4.4000000000         0.4751468294
        2.3100000000         4.4000000000         0.5490537472
        2.3150000000         4.4000000000         0.6280576937
        2.3200000000         4.4000000000         0.7057873830
        2.3250000000         4.4000000000         0.7720487575
        2.3300000000         4.4000000000         0.8485041897
        2.3350000000         4.4000000000         0.9262338790
        2.3400000000         4.4000000000         0.9912209963
        2.3450000000         4.4000000000         1.0638536568
        2.3500000000         4.4000000000         1.1390348317
        2.3550000000         4.4000000000         1.2116674923
        2.3600000000         4.4000000000         1.2741060952
        2.3650000000         4.4000000000         1.3480130129
        2.3700000000         4.4000000000         1.4142743874
        2.3750000000         4.4000000000         1.4843585335
        2.3800000000         4.4000000000         1.5557169368
        2.3850000000         4.4000000000         1.6207040541
        2.3900000000         4.4000000000         1.6869654286
        2.3950000000         4.4000000000         1.7519525459
        2.4000000000         4.4000000000         1.8245852065
        2.4050000000         4.4000000000         1.8959436098
        2.4100000000         4.4000000000         1.9571079555
        2.4150000000         4.4000000000         2.0220950728
        2.4200000000         4.4000000000         2.0934534761
        2.4250000000         4.4000000000         2.1609891078
        2.4300000000         4.4000000000         2.2234277107
        2.4350000000         4.4000000000         2.2973346284
        2.4400000000         4.4000000000         2.3648702602
        2.4450000000         4.4000000000         2.4349544063
        2.4500000000         4.4000000000         2.5024900380
        2.4550000000         4.4000000000         2.5738484413
        2.4600000000         4.4000000000         2.6464811018
        2.4650000000         4.4000000000         2.7152909907
        2.4700000000         4.4000000000         2.7841008796
        2.4750000000         4.4000000000         2.8567335402
        2.4800000000         4.4000000000         2.9331889723
        2.4850000000         4.4000000000         2.9969018324
        2.4900000000         4.4000000000         3.0720830073
        2.4950000000         4.4000000000         3.1421671534
        2.5000000000         4.4000000000         3.2122512996
        2.5050000000         4.4000000000         3.2861582173
        2.5100000000         4.4000000000         3.3626136494
        2.5150000000         4.4000000000         3.4314235383
        2.5200000000         4.4000000000         3.5104274848
        2.5250000000         4.4000000000         3.5805116310
        2.5300000000         4.4000000000         3.6493215199
        2.5350000000         4.4000000000         3.7283254664
        2.5400000000         4.4000000000         3.8022323841
        2.5450000000         4.4000000000         3.8786878162
        2.5500000000         4.4000000000         3.9487719624
        2.5550000000         4.4000000000         4.0277759089
        2.5600000000         4.4000000000         4.0978600550
        2.5650000000         4.4000000000         4.1692184583
        2.5700000000         4.4000000000         4.2494966621
        2.5750000000         4.4000000000         4.3259520942
        2.5800000000         4.4000000000         4.4024075263
        2.5850000000         4.4000000000         4.4775887012
        2.5900000000         4.4000000000         4.5578669050
        2.5950000000         4.4000000000         4.6355965943
        2.6000000000         4.4000000000         4.7196975696
        2.6050000000         4.4000000000         4.7897817158
        2.6100000000         4.4000000000         4.8687856623
        2.6150000000         4.4000000000         4.9516123804
        2.6200000000         4.4000000000         5.0293420697
        2.6250000000         4.4000000000         5.0662955286
        2.6300000000         4.4000000000         1.0995328585
        2.6350000000         4.4000000000         0.0011231503
        2.6400000000         4.4000000000        -0.0039738786
        2.6450000000         4.4000000000         0.0355280947
        2.6500000000         4.4000000000         0.1132577840
        2.6550000000         4.4000000000         0.1871647018
        2.6600000000         4.4000000000         0.2585231051
        2.6650000000         4.4000000000         0.3388013088
        2.6700000000         4.4000000000         0.4190795125
        2.6750000000         4.4000000000         0.4968092019
        2.6800000000         4.4000000000         0.5668933480
        2.6850000000         4.4000000000         0.6484458089
        2.6900000000         4.4000000000         0.7198042122
        2.6950000000         4.4000000000         0.7924368728
        2.7000000000         4.4000000000         0.8637952761
        2.7050000000         4.4000000000         0.9427992226
        2.7100000000         4.4000000000         1.0103348543
        2.7150000000         4.4000000000         1.0829675148
        2.7200000000         4.4000000000         1.1530516610
        2.7250000000         4.4000000000         1.2244100643
        2.7300000000         4.4000000000         1.2957684676
        2.7350000000         4.4000000000         1.3722238997
        2.7400000000         4.4000000000         1.4372110170
        2.7450000000         4.4000000000         1.5034723915
        2.7500000000         4.4000000000         1.5773793093
        2.7550000000         4.4000000000         1.6410921694
        2.7600000000         4.4000000000         1.7124505727
        2.7650000000         4.4000000000         1.7799862044
        2.7700000000         4.4000000000         1.8475218361
        2.7750000000         4.4000000000         1.9176059822
        2.7800000000         4.4000000000         1.9749475563
        2.7850000000         4.4000000000         2.0450317024
        2.7900000000         4.4000000000         2.1151158485
        2.7950000000         4.4000000000         2.1813772230
        2.8000000000         4.4000000000         2.2540098836
        2.8050000000         4.4000000000         2.3189970009
        2.8100000000         4.4000000000         2.3903554042
        2.8150000000         4.4000000000         2.4604395503
        2.8200000000         4.4000000000         2.5381692396
        2.8250000000         4.4000000000         2.6018820997
        2.8300000000         4.4000000000         2.6694177315
        2.8350000000         4.4000000000         2.7420503920
        2.8400000000         4.4000000000         2.8108602809
        2.8450000000         4.4000000000         2.8822186842
        2.8500000000         4.4000000000         2.9573998591
        2.8550000000         4.4000000000         3.0198384620
        2.8600000000         4.4000000000         3.0950196370
        2.8650000000         4.4000000000         3.1714750691
        2.8700000000         4.4000000000         3.2390107008
        2.8750000000         4.4000000000         3.3141918757
        2.8800000000         4.4000000000         3.3855502790
        2.8850000000         4.4000000000         3.4569086824
        2.8900000000         4.4000000000         3.5269928285
        2.8950000000         4.4000000000         3.6072710322
        2.9000000000         4.4000000000         3.6760809211
        2.9050000000         4.4000000000         3.7550848676
        2.9100000000         4.4000000000         3.8264432710
        2.9150000000         4.4000000000         3.9028987031
        2.9200000000         4.4000000000         3.9768056208
        2.9250000000         4.4000000000         4.0494382813
        2.9300000000         4.4000000000         4.1271679707
        2.9350000000         4.4000000000         4.2074461744
        2.9400000000         4.4000000000         4.2762560633
        2.9450000000         4.4000000000         4.3565342670
        2.9500000000         4.4000000000         4.4355382136
        2.9550000000         4.4000000000         4.5081708741
        2.9600000000         4.4000000000         4.5833520490
        2.9650000000         4.4000000000         4.6674530244
        2.9700000000         4.4000000000         4.7439084565
        2.9750000000         4.4000000000         4.8267351746
        2.9800000000         4.4000000000         4.9070133783
        2.9850000000         4.4000000000         4.9860173249
        2.9900000000         4.4000000000         5.0637470142
        2.9950000000         4.4000000000         5.0662955286
        3.0000000000         4.4000000000         1.1046298873
        3.0050000000         4.4000000000         0.0023974075
        3.0100000000         4.4000000000         0.0011231503
        3.0150000000         4.4000000000         0.0903211544
        3.0200000000         4.4000000000         0.1412914425
        3.0250000000         4.4000000000         0.2202953890
        3.0300000000         4.4000000000         0.2980250783
        3.0350000000         4.4000000000         0.3719319961
        3.0400000000         4.4000000000         0.4496616854
        3.0450000000         4.4000000000         0.5248428603
        3.0500000000         4.4000000000         0.6000240352
        3.0550000000         4.4000000000         0.6803022390
        3.0600000000         4.4000000000         0.7503863851
        3.0650000000         4.4000000000         0.8281160744
        3.0700000000         4.4000000000         0.8994744777
        3.0750000000         4.4000000000         0.9733813955
        3.0800000000         4.4000000000         1.0447397988
        3.0850000000         4.4000000000         1.1148239449
        3.0900000000         4.4000000000         1.1874566054
        3.0950000000         4.4000000000         1.2562664943
        3.1000000000         4.4000000000         1.3276248976
        3.1050000000         4.4000000000         1.3926120149
        3.1100000000         4.4000000000         1.4601476467
        3.1150000000         4.4000000000         1.5340545644
        3.1200000000         4.4000000000         1.6003159389
        3.1250000000         4.4000000000         1.6653030562
        3.1300000000         4.4000000000         1.7353872023
        3.1350000000         4.4000000000         1.8029228340
        3.1400000000         4.4000000000         1.8691842085
        3.1450000000         4.4000000000         1.9418168691
        3.1500000000         4.4000000000         2.0017069576
        3.1550000000         4.4000000000         2.0768881325
        3.1600000000         4.4000000000         2.1444237642
        3.1650000000         4.4000000000         2.2094108815
        3.1700000000         4.4000000000         2.2807692848
        3.1750000000         4.4000000000         2.3483049165
        3.1800000000         4.4000000000         2.4158405482
        3.1850000000         4.4000000000         2.4884732088
        3.1900000000         4.4000000000         2.5585573549
        3.1950000000         4.4000000000         2.6286415010
        3.2000000000         4.4000000000         2.6987256471
        3.2050000000         4.4000000000         2.7713583076
        3.2100000000         4.4000000000         2.8401681965
        3.2150000000         4.4000000000         2.9102523427
        3.2200000000         4.4000000000         2.9867077748
        3.2250000000         4.4000000000         3.0491463777
        3.2300000000         4.4000000000         3.1154077522
        3.2350000000         4.4000000000         3.2109770423
        3.2400000000         4.4000000000         3.2657701020
        3.2450000000         4.4000000000         3.3384027626
        3.2500000000         4.4000000000         3.4174067091
        3.2550000000         4.4000000000         3.4823938264
        3.2600000000         4.4000000000         3.5563007441
        3.2650000000         4.4000000000         3.6314819190
        3.2700000000         4.4000000000         3.7079373512
        3.2750000000         4.4000000000         3.7856670405
        3.2800000000         4.4000000000         3.8582997010
        3.2850000000         4.4000000000         3.9296581043
        3.2900000000         4.4000000000         4.0048392793
        3.2950000000         4.4000000000         4.0851174830
        3.3000000000         4.4000000000         4.1590244007
        3.3050000000         4.4000000000         4.2342055756
        3.3100000000         4.4000000000         4.3119352650
        3.3150000000         4.4000000000         4.3820194111
        3.3200000000         4.4000000000         4.4661203864
        3.3250000000         4.4000000000         4.5400273041
        3.3300000000         4.4000000000         4.6177569935
        3.3350000000         4.4000000000         4.7005837116
        3.3400000000         4.4000000000         4.7732163721
        3.3450000000         4.4000000000         4.8624143763
        3.3500000000         4.4000000000         4.9350470368
        3.3550000000         4.4000000000         5.0127767261
        3.3600000000         4.4000000000         5.0637470142
        3.3650000000         4.4000000000         5.0675697858
        3.3700000000         4.4000000000         0.0011231503
        3.3750000000         4.4000000000         0.0011231503
        3.3800000000         4.4000000000         0.0176884939
        3.3850000000         4.4000000000         0.1005152120
        3.3900000000         4.4000000000         0.1731478725
        3.3950000000         4.4000000000         0.2496033047
        3.4000000000         4.4000000000         0.3273329940
        3.4050000000         4.4000000000         0.4037884261
        3.4100000000         4.4000000000         0.4840666298
        3.4150000000         4.4000000000         0.5566992904
        3.4200000000         4.4000000000         0.6318804653
        3.4250000000         4.4000000000         0.7096101546
        3.4300000000         4.4000000000         0.7796943007
        3.4350000000         4.4000000000         0.8548754757
        3.4400000000         4.4000000000         0.9287823934
        3.4450000000         4.4000000000         0.9975922823
        3.4500000000         4.4000000000         1.0727734572
        3.4550000000         4.4000000000         1.1454061177
        3.4600000000         4.4000000000         1.2142160067
        3.4650000000         4.4000000000         1.2817516384
        3.4700000000         4.4000000000         1.3518357845
        3.4750000000         4.4000000000         1.4257427022
        3.4800000000         4.4000000000         1.4920040767
        3.4850000000         4.4000000000         1.5582654512
        3.4900000000         4.4000000000         1.6283495973
        3.4950000000         4.4000000000         1.6984337435
        3.5000000000         4.4000000000         1.7646951180
        3.5050000000         4.4000000000         1.8360535213
        3.5100000000         4.4000000000         1.8946693526
        3.5150000000         4.4000000000         1.9673020131
        3.5200000000         4.4000000000         2.0335633876
        3.5250000000         4.4000000000         2.0985505049
        3.5300000000         4.4000000000         2.1648118794
        3.5350000000         4.4000000000         2.2399930543
        3.5400000000         4.4000000000         2.3088029433
        3.5450000000         4.4000000000         2.3750643178
        3.5500000000         4.4000000000         2.4438742067
        3.5550000000         4.4000000000         2.5177811244
        3.5600000000         4.4000000000         2.5853167561
        3.5650000000         4.4000000000         2.6554009022
        3.5700000000         4.4000000000         2.7267593055
        3.5750000000         4.4000000000         2.8019404805
        3.5800000000         4.4000000000         2.8707503694
        3.5850000000         4.4000000000         2.9370117439
        3.5900000000         4.4000000000         3.0109186616
        3.5950000000         4.4000000000         3.0810028077
        3.6000000000         4.4000000000         3.1510869538
        3.6050000000         4.4000000000         3.2249938716
        3.6100000000         4.4000000000         3.2989007893
        3.6150000000         4.4000000000         3.3715334498
        3.6200000000         4.4000000000         3.4441661103
        3.6250000000         4.4000000000         3.5167987709
        3.6300000000         4.4000000000         3.5881571742
        3.6350000000         4.4000000000         3.6595155775
        3.6400000000         4.4000000000         3.7372452668
        3.6450000000         4.4000000000         3.8111521845
        3.6500000000         4.4000000000         3.8850591023
        3.6550000000         4.4000000000         3.9602402772
        3.6600000000         4.4000000000         4.0354214521
        3.6650000000         4.4000000000         4.1106026270
        3.6700000000         4.4000000000         4.1896065736
        3.6750000000         4.4000000000         4.2647877485
        3.6800000000         4.4000000000         4.3386946662
        3.6850000000         4.4000000000         4.4151500983
        3.6900000000         4.4000000000         4.4903312733
        3.6950000000         4.4000000000         4.5680609626
        3.7000000000         4.4000000000         4.6445163947
        3.7050000000         4.4000000000         4.7286173701
        3.7100000000         4.4000000000         4.8101698310
        3.7150000000         4.4000000000         4.8828024915
        3.7200000000         4.4000000000         4.9681777240
        3.7250000000         4.4000000000         5.0471816706
        3.7300000000         4.4000000000         5.0650212714
        3.7350000000         4.4000000000         1.1454061177
        3.7400000000         4.4000000000         0.0011231503
        3.7450000000         4.4000000000         0.0062201791
        3.7500000000         4.4000000000         0.0457221523
        3.7550000000         4.4000000000         0.1272746133
        3.7600000000         4.4000000000         0.2050043026
        3.7650000000         4.4000000000         0.2776369631
        3.7700000000         4.4000000000         0.3591894240
        3.7750000000         4.4000000000         0.4292735702
        3.7800000000         4.4000000000         0.5121002883
        3.7850000000         4.4000000000         0.5821844344
        3.7900000000         4.4000000000         0.6624626381
        3.7950000000         4.4000000000         0.7338210415
        3.8000000000         4.4000000000         0.8077279592
        3.8050000000         4.4000000000         0.8854576485
        3.8100000000         4.4000000000         0.9517190230
        3.8150000000         4.4000000000         1.0281744551
        3.8200000000         4.4000000000         1.1008071157
        3.8250000000         4.4000000000         1.1657942330
        3.8300000000         4.4000000000         1.2447981795
        3.8350000000         4.4000000000         1.3123338112
        3.8400000000         4.4000000000         1.3798694429
        3.8450000000         4.4000000000         1.4512278462
        3.8500000000         4.4000000000         1.5200377352
        3.8550000000         4.4000000000         1.5888476241
        3.8600000000         4.4000000000         1.6589317702
        3.8650000000         4.4000000000         1.7251931447
        3.8700000000         4.4000000000         1.7978258052
        3.8750000000         4.4000000000         1.8589901509
        3.8800000000         4.4000000000         1.9290742970
        3.8850000000         4.4000000000         1.9953356715
        3.8900000000         4.4000000000         2.0615970461
        3.8950000000         4.4000000000         2.1291326778
        3.9000000000         4.4000000000         2.2030395955
        3.9050000000         4.4000000000         2.2680267128
        3.9100000000         4.4000000000         2.3393851161
        3.9150000000         4.4000000000         2.4107435194
        3.9200000000         4.4000000000         2.4706336079
        3.9250000000         4.4000000000         2.5432662684
        3.9300000000         4.4000000000         2.6171731862
        3.9350000000         4.4000000000         2.6821603035
        3.9400000000         4.4000000000         2.7560672212
        3.9450000000         4.4000000000         2.8236028529
        3.9500000000         4.4000000000         2.8987840278
        3.9550000000         4.4000000000         2.9663196595
        3.9600000000         4.4000000000         3.0351295485
        3.9650000000         4.4000000000         3.1128592378
        3.9700000000         4.4000000000         3.1829433839
        3.9750000000         4.4000000000         3.2555760444
        3.9800000000         4.4000000000         3.3307572193
        3.9850000000         4.4000000000         3.3982928511
        3.9900000000         4.4000000000         3.4721997688
        3.9950000000         4.4000000000         3.5499294581
        4.0000000000         4.4000000000         3.6200136042
        4.0050000000         4.4000000000         3.6913720075
        4.0100000000         4.4000000000         3.7691016969
        4.0150000000         4.4000000000         3.8404601002
        4.0200000000         4.4000000000         3.9194640467
        4.0250000000         4.4000000000         3.9959194788
        4.0300000000         4.4000000000         4.0761976826
        4.0350000000         4.4000000000         4.1399105427
        4.0400000000         4.4000000000         4.2163659748
        4.0450000000         4.4000000000         4.2902728925
        4.0500000000         4.4000000000         4.3641798103
        4.0550000000         4.4000000000         4.4457322712
        4.0600000000         4.4000000000         4.5196391889
        4.0650000000         4.4000000000         4.5960946210
        4.0700000000         4.4000000000         4.6776470820
        4.0750000000         4.4000000000         4.7591995429
        4.0800000000         4.4000000000         4.8369292322
        4.0850000000         4.4000000000         4.9121104072
        4.0900000000         4.4000000000         4.9936628681
        4.0950000000         4.4000000000         5.0701183002
        4.1000000000         4.4000000000         5.0624727570
        4.1050000000         4.4000000000         1.0982586013
        4.1100000000         4.4000000000        -0.0001511069
        4.1150000000         4.4000000000        -0.0014253642
        4.1200000000         4.4000000000         0.0775785824
        4.1250000000         4.4000000000         0.1527597573
        4.1300000000         4.4000000000         0.2304894466
        4.1350000000         4.4000000000         0.3094933932
        4.1400000000         4.4000000000         0.3834003109
        4.1450000000         4.4000000000         0.4573072286
        4.1500000000         4.4000000000         0.5375854323
        4.1550000000         4.4000000000         0.6063953213
        4.1600000000         4.4000000000         0.6841250106
        4.1650000000         4.4000000000         0.7580319283
        4.1700000000         4.4000000000         0.8344873604
        4.1750000000         4.4000000000         0.9083942781
        4.1800000000         4.4000000000         0.9797526815
        4.1850000000         4.4000000000         1.0523853420
        4.1900000000         4.4000000000         1.1224694881
        4.1950000000         4.4000000000         1.1912793770
        4.2000000000         4.4000000000         1.2626377803
        4.2050000000         4.4000000000         1.3339961837
        4.2100000000         4.4000000000         1.4066288442
        4.2150000000         4.4000000000         1.4690674471
        4.2200000000         4.4000000000         1.5404258504
        4.2250000000         4.4000000000         1.6079614821
        4.2300000000         4.4000000000         1.6729485994
        4.2350000000         4.4000000000         1.7455812599
        4.2400000000         4.4000000000         1.8105683772
        4.2450000000         4.4000000000         1.8742812373
        4.2500000000         4.4000000000         1.9494624123
        4.2550000000         4.4000000000         2.0169980440
        4.2600000000         4.4000000000         2.0807109041
        4.2650000000         4.4000000000         2.1533435646
        4.2700000000         4.4000000000         2.2183306819
        4.2750000000         4.4000000000         2.2884148280
        4.2800000000         4.4000000000         2.3584989741
        4.2850000000         4.4000000000         2.4273088631
        4.2900000000         4.4000000000         2.4948444948
        4.2950000000         4.4000000000         2.5662028981
        4.3000000000         4.4000000000         2.6401098158
        4.3050000000         4.4000000000         2.7063711903
        4.3100000000         4.4000000000         2.7866493940
        4.3150000000         4.4000000000         2.8503622542
        4.3200000000         4.4000000000         2.9204464003
        4.3250000000         4.4000000000         2.9879820320
        4.3300000000         4.4000000000         3.0606146925
        4.3350000000         4.4000000000         3.1306988386
        4.3400000000         4.4000000000         3.2033314991
        4.3450000000         4.4000000000         3.2797869313
        4.3500000000         4.4000000000         3.3485968202
        4.3550000000         4.4000000000         3.4186809663
        4.3600000000         4.4000000000         3.4938621412
        4.3650000000         4.4000000000         3.5690433161
        4.3700000000         4.4000000000         3.6429502339
        4.3750000000         4.4000000000         3.7117601228
        4.3800000000         4.4000000000         3.7907640693
        4.3850000000         4.4000000000         3.8633967298
        4.3900000000         4.4000000000         3.9411264192
        4.3950000000         4.4000000000         4.0112105653
        4.4000000000         4.4000000000         4.0914887690
        4.4050000000         4.4000000000         4.1628471723
        4.4100000000         4.4000000000         4.2367540900
        4.4150000000         4.4000000000         4.3157580366
        4.4200000000         4.4000000000         4.3858421827
        4.4250000000         4.4000000000         4.4661203864
        4.4300000000         4.4000000000         4.5438500757
        4.4350000000         4.4000000000         4.6215797651
        4.4400000000         4.4000000000         4.7056807404
        4.4450000000         4.4000000000         4.7846846869
        4.4500000000         4.4000000000         4.8611401191
        4.4550000000         4.4000000000         4.9401440656
        4.4600000000         4.4000000000         5.0229707837
        4.4650000000         4.4000000000         5.0637470142
        4.4700000000         4.4000000000         5.0637470142
        4.4750000000         4.4000000000        -0.0001511069
        4.4800000000         4.4000000000        -0.0001511069
        4.4850000000         4.4000000000         0.0215112655
        4.4900000000         4.4000000000         0.1005152120
        4.4950000000         4.4000000000         0.1782449013
        4.5000000000         4.4000000000         0.2534260763
        4.5050000000         4.4000000000         0.3337042800
        4.5100000000         4.4000000000         0.4088854549
        4.5150000000         4.4000000000         0.4827923726
        4.5200000000         4.4000000000         0.5541507760
        4.5250000000         4.4000000000         0.6357032369
        4.5300000000         4.4000000000         0.7070616402
        4.5350000000         4.4000000000         0.7809685579
        4.5400000000         4.4000000000         0.8561497329
        4.5450000000         4.4000000000         0.9249596218
        4.5500000000         4.4000000000         1.0001407967
        4.5550000000         4.4000000000         1.0727734572
        4.5600000000         4.4000000000         1.1428576033
        4.5650000000         4.4000000000         1.2167645211
        4.5700000000         4.4000000000         1.2830258956
        4.5750000000         4.4000000000         1.3505615273
        4.5800000000         4.4000000000         1.4219199306
        4.5850000000         4.4000000000         1.4869070479
        4.5900000000         4.4000000000         1.5569911940
        4.5950000000         4.4000000000         1.6219783113
        4.6000000000         4.4000000000         1.6933367146
        4.6050000000         4.4000000000         1.7595980892
        4.6100000000         4.4000000000         1.8233109493
        4.6150000000         4.4000000000         1.8946693526
        4.6200000000         4.4000000000         1.9596564699
        4.6250000000         4.4000000000         2.0220950728
        4.6300000000         4.4000000000         2.0921792189
        4.6350000000         4.4000000000         2.1622633650
        4.6400000000         4.4000000000         2.2247019679
        4.6450000000         4.4000000000         2.2973346284
        4.6500000000         4.4000000000         2.3699672890
        4.6550000000         4.4000000000         2.4362286635
        4.6600000000         4.4000000000         2.5088613240
        4.6650000000         4.4000000000         2.5712999269
        4.6700000000         4.4000000000         2.6439325874
        4.6750000000         4.4000000000         2.7140167335
        4.6800000000         4.4000000000         2.7841008796
        4.6850000000         4.4000000000         2.8580077974
        4.6900000000         4.4000000000         2.9242691719
        4.6950000000         4.4000000000         2.9956275752
        4.7000000000         4.4000000000         3.0695344929
        4.7050000000         4.4000000000         3.1396186390
        4.7100000000         4.4000000000         3.2147998140
        4.7150000000         4.4000000000         3.2848839601
        4.7200000000         4.4000000000         3.3536938490
        4.7250000000         4.4000000000         3.4314235383
        4.7300000000         4.4000000000         3.5015076844
        4.7350000000         4.4000000000         3.5766888594
        4.7400000000         4.4000000000         3.6505957771
        4.7450000000         4.4000000000         3.7270512092
        4.7500000000         4.4000000000         3.7996838697
        4.7550000000         4.4000000000         3.8748650446
        4.7600000000         4.4000000000         3.9436749336
        4.7650000000         4.4000000000         4.0226788801
        4.7700000000         4.4000000000         4.0965857978
        4.7750000000         4.4000000000         4.1692184583
        4.7800000000         4.4000000000         4.2494966621
        4.7850000000         4.4000000000         4.3208550654
        4.7900000000         4.4000000000         4.3985847547
        4.7950000000         4.4000000000         4.4775887012
        4.8000000000         4.4000000000         4.5540441334
        4.8050000000         4.4000000000         4.6317738227
        4.8100000000         4.4000000000         4.7069549976
        4.8150000000         4.4000000000         4.7910559730
        4.8200000000         4.4000000000         4.8713341767
        4.8250000000         4.4000000000         4.9541608948
        4.8300000000         4.4000000000         5.0331648414
        4.8350000000         4.4000000000         5.0688440430
        4.8400000000         4.4000000000         1.1428576033
        4.8450000000         4.4000000000        -0.0026996214
        4.8500000000         4.4000000000        -0.0026996214
        4.8550000000         4.4000000000         0.0317053231
        4.8600000000         4.4000000000         0.1107092696
        4.8650000000         4.4000000000         0.1884389590
        4.8700000000         4.4000000000         0.2648943911
        4.8750000000         4.4000000000         0.3375270516
        4.8800000000         4.4000000000         0.4165309981
        4.8850000000         4.4000000000         0.4917121731
        4.8900000000         4.4000000000         0.5668933480
        4.8950000000         4.4000000000         0.6382517513
        4.9000000000         4.4000000000         0.7172556978
        4.9050000000         4.4000000000         0.7911626156
        4.9100000000         4.4000000000         0.8612467617
        4.9150000000         4.4000000000         0.9351536794
        4.9200000000         4.4000000000         1.0077863399
        4.9250000000         4.4000000000         1.0829675148
        4.9300000000         4.4000000000         1.1530516610
        4.9350000000         4.4000000000         1.2269585787
        4.9400000000         4.4000000000         1.2957684676
        4.9450000000         4.4000000000         1.3671268709
        4.9500000000         4.4000000000         1.4308397310
        4.9550000000         4.4000000000         1.5047466487
        4.9600000000         4.4000000000         1.5735565376
        4.9650000000         4.4000000000         1.6347208833
        4.9700000000         4.4000000000         1.7073535439
        4.9750000000         4.4000000000         1.7748891756
        4.9800000000         4.4000000000         1.8398762929
        4.9850000000         4.4000000000         1.9048634102
        4.9900000000         4.4000000000         1.9698505275
        4.9950000000         4.4000000000         2.0373861592
        5.0000000000         4.4000000000         2.1036475337
        5.0050000000         4.4000000000         2.1724574226
        5.0100000000         4.4000000000         2.2450900832
        5.0150000000         4.4000000000         2.3113514577
        5.0200000000         4.4000000000         2.3801613466
        5.0250000000         4.4000000000         2.4515197499
        5.0300000000         4.4000000000         2.5190553816
        5.0350000000         4.4000000000         2.5878652705
        5.0400000000         4.4000000000         2.6554009022
        5.0450000000         4.4000000000         2.7267593055
        5.0500000000         4.4000000000         2.8032147377
        5.0550000000         4.4000000000         2.8707503694
        5.0600000000         4.4000000000         2.9344632295
        5.0650000000         4.4000000000         3.0121929188
        5.0700000000         4.4000000000         3.0835513221
        5.0750000000         4.4000000000         3.1561839827
        5.0800000000         4.4000000000         3.2249938716
        5.0850000000         4.4000000000         3.2950780177
        5.0900000000         4.4000000000         3.3715334498
        5.0950000000         4.4000000000         3.4467146247
