        0.0000000000         4.6500000000         1.6704000850
        0.0050000000         4.6500000000         1.6742228566
        0.0100000000         4.6500000000         1.6665773134
        0.0150000000         4.6500000000         1.6742228566
        0.0200000000         4.6500000000         1.6895139430
        0.0250000000         4.6500000000         1.7099020583
        0.0300000000         4.6500000000         1.7404842311
        0.0350000000         4.6500000000         1.7748891756
        0.0400000000         4.6500000000         1.8105683772
        0.0450000000         4.6500000000         1.8564416365
        0.0500000000         4.6500000000         1.8959436098
        0.0550000000         4.6500000000         1.9430911263
        0.0600000000         4.6500000000         2.0004327004
        0.0650000000         4.6500000000         2.0552257600
        0.0700000000         4.6500000000         2.1087445625
        0.0750000000         4.6500000000         2.1686346510
        0.0800000000         4.6500000000         2.2221534535
        0.0850000000         4.6500000000         2.2845920564
        0.0900000000         4.6500000000         2.3495791737
        0.0950000000         4.6500000000         2.4120177766
        0.1000000000         4.6500000000         2.4808276655
        0.1050000000         4.6500000000         2.5394434968
        0.1100000000         4.6500000000         2.6095276430
        0.1150000000         4.6500000000         2.6796117891
        0.1200000000         4.6500000000         2.7420503920
        0.1250000000         4.6500000000         2.8210543385
        0.1300000000         4.6500000000         2.8834929414
        0.1350000000         4.6500000000         2.9548513447
        0.1400000000         4.6500000000         3.0262097480
        0.1450000000         4.6500000000         3.1026651802
        0.1500000000         4.6500000000         3.1676522975
        0.1550000000         4.6500000000         3.2441077296
        0.1600000000         4.6500000000         3.3167403901
        0.1650000000         4.6500000000         3.3906473078
        0.1700000000         4.6500000000         3.4709255116
        0.1750000000         4.6500000000         3.5422839149
        0.1800000000         4.6500000000         3.6263848902
        0.1850000000         4.6500000000         3.6977432936
        0.1900000000         4.6500000000         3.7818442689
        0.1950000000         4.6500000000         3.8570254438
        0.2000000000         4.6500000000         3.9360293903
        0.2050000000         4.6500000000         4.0188561085
        0.2100000000         4.6500000000         4.0953115406
        0.2150000000         4.6500000000         4.1717669727
        0.2200000000         4.6500000000         4.2571422053
        0.2250000000         4.6500000000         4.3335976374
        0.2300000000         4.6500000000         4.4138758411
        0.2350000000         4.6500000000         4.4967025593
        0.2400000000         4.6500000000         4.5757065058
        0.2450000000         4.6500000000         4.6598074811
        0.2500000000         4.6500000000         4.7490054853
        0.2550000000         4.6500000000         4.8254609174
        0.2600000000         4.6500000000         4.9121104072
        0.2650000000         4.6500000000         4.9962113825
        0.2700000000         4.6500000000         5.0701183002
        0.2750000000         4.6500000000         5.0675697858
        0.2800000000         4.6500000000         1.0957100869
        0.2850000000         4.6500000000         0.0049459219
        0.2900000000         4.6500000000         0.0227855227
        0.2950000000         4.6500000000         0.1081607552
        0.3000000000         4.6500000000         0.1922617306
        0.3050000000         4.6500000000         0.2699914199
        0.3100000000         4.6500000000         0.3579151668
        0.3150000000         4.6500000000         0.4381933706
        0.3200000000         4.6500000000         0.5184715743
        0.3250000000         4.6500000000         0.6051210640
        0.3300000000         4.6500000000         0.6853992678
        0.3350000000         4.6500000000         0.7682259859
        0.3400000000         4.6500000000         0.8421329036
        0.3450000000         4.6500000000         0.9249596218
        0.3500000000         4.6500000000         1.0052378255
        0.3550000000         4.6500000000         1.0842417720
        0.3600000000         4.6500000000         1.1606972042
        0.3650000000         4.6500000000         1.2384268935
        0.3700000000         4.6500000000         1.3187050972
        0.3750000000         4.6500000000         1.3900635005
        0.3800000000         4.6500000000         1.4703417043
        0.3850000000         4.6500000000         1.5455228792
        0.3900000000         4.6500000000         1.6194297969
        0.3950000000         4.6500000000         1.6958852290
        0.4000000000         4.6500000000         1.7697921468
        0.4050000000         4.6500000000         1.8500703505
        0.4100000000         4.6500000000         1.9227030110
        0.4150000000         4.6500000000         1.9966099287
        0.4200000000         4.6500000000         2.0692425893
        0.4250000000         4.6500000000         2.1495207930
        0.4300000000         4.6500000000         2.2259762251
        0.4350000000         4.6500000000         2.2960603712
        0.4400000000         4.6500000000         2.3788870894
        0.4450000000         4.6500000000         2.4566167787
        0.4500000000         4.6500000000         2.5317979536
        0.4550000000         4.6500000000         2.6146246718
        0.4600000000         4.6500000000         2.6872573323
        0.4650000000         4.6500000000         2.7675355360
        0.4700000000         4.6500000000         2.8529107686
        0.4750000000         4.6500000000         2.9293662007
        0.4800000000         4.6500000000         3.0083701472
        0.4850000000         4.6500000000         3.0886483509
        0.4900000000         4.6500000000         3.1663780403
        0.4950000000         4.6500000000         3.2492047584
        0.5000000000         4.6500000000         3.3320314765
        0.5050000000         4.6500000000         3.4110354231
        0.5100000000         4.6500000000         3.5002334272
        0.5150000000         4.6500000000         3.5766888594
        0.5200000000         4.6500000000         3.6595155775
        0.5250000000         4.6500000000         3.7423422956
        0.5300000000         4.6500000000         3.8251690138
        0.5350000000         4.6500000000         3.9054472175
        0.5400000000         4.6500000000         3.9984679932
        0.5450000000         4.6500000000         4.0723749110
        0.5500000000         4.6500000000         4.1488303431
        0.5550000000         4.6500000000         4.2342055756
        0.5600000000         4.6500000000         4.3195808082
        0.5650000000         4.6500000000         4.3998590119
        0.5700000000         4.6500000000         4.4890570161
        0.5750000000         4.6500000000         4.5706094770
        0.5800000000         4.6500000000         4.6559847095
        0.5850000000         4.6500000000         4.7451827137
        0.5900000000         4.6500000000         4.8305579462
        0.5950000000         4.6500000000         4.9133846644
        0.6000000000         4.6500000000         5.0038569257
        0.6050000000         4.6500000000         5.0650212714
        0.6100000000         4.6500000000         5.0599242426
        0.6150000000         4.6500000000         0.0023974075
        0.6200000000         4.6500000000         0.0049459219
        0.6250000000         4.6500000000         0.0444478951
        0.6300000000         4.6500000000         0.1272746133
        0.6350000000         4.6500000000         0.2139241030
        0.6400000000         4.6500000000         0.3031221072
        0.6450000000         4.6500000000         0.3834003109
        0.6500000000         4.6500000000         0.4713240578
        0.6550000000         4.6500000000         0.5592478048
        0.6600000000         4.6500000000         0.6318804653
        0.6650000000         4.6500000000         0.7172556978
        0.6700000000         4.6500000000         0.7962596444
        0.6750000000         4.6500000000         0.8803606197
        0.6800000000         4.6500000000         0.9631873378
        0.6850000000         4.6500000000         1.0447397988
        0.6900000000         4.6500000000         1.1211952309
        0.6950000000         4.6500000000         1.1938278914
        0.7000000000         4.6500000000         1.2753803524
        0.7050000000         4.6500000000         1.3594813277
        0.7100000000         4.6500000000         1.4372110170
        0.7150000000         4.6500000000         1.5123921919
        0.7200000000         4.6500000000         1.5888476241
        0.7250000000         4.6500000000         1.6653030562
        0.7300000000         4.6500000000         1.7404842311
        0.7350000000         4.6500000000         1.8143911488
        0.7400000000         4.6500000000         1.8908465810
        0.7450000000         4.6500000000         1.9673020131
        0.7500000000         4.6500000000         2.0424831880
        0.7550000000         4.6500000000         2.1176643629
        0.7600000000         4.6500000000         2.1928455379
        0.7650000000         4.6500000000         2.2743979988
        0.7700000000         4.6500000000         2.3521276881
        0.7750000000         4.6500000000         2.4285831203
        0.7800000000         4.6500000000         2.5101355812
        0.7850000000         4.6500000000         2.5904137849
        0.7900000000         4.6500000000         2.6630464454
        0.7950000000         4.6500000000         2.7496959352
        0.8000000000         4.6500000000         2.8325226533
        0.8050000000         4.6500000000         2.9038810566
        0.8100000000         4.6500000000         2.9841592604
        0.8150000000         4.6500000000         3.0708087501
        0.8200000000         4.6500000000         3.1498126966
        0.8250000000         4.6500000000         3.2288166432
        0.8300000000         4.6500000000         3.3116433613
        0.8350000000         4.6500000000         3.3970185939
        0.8400000000         4.6500000000         3.4760225404
        0.8450000000         4.6500000000         3.5690433161
        0.8500000000         4.6500000000         3.6416759767
        0.8550000000         4.6500000000         3.7232284376
        0.8600000000         4.6500000000         3.8111521845
        0.8650000000         4.6500000000         3.8863333595
        0.8700000000         4.6500000000         3.9717085920
        0.8750000000         4.6500000000         4.0570838245
        0.8800000000         4.6500000000         4.1386362855
        0.8850000000         4.6500000000         4.2265600324
        0.8900000000         4.6500000000         4.3093867506
        0.8950000000         4.6500000000         4.3947619831
        0.9000000000         4.6500000000         4.4788629584
        0.9050000000         4.6500000000         4.5706094770
        0.9100000000         4.6500000000         4.6521619379
        0.9150000000         4.6500000000         4.7375371705
        0.9200000000         4.6500000000         4.8280094318
        0.9250000000         4.6500000000         4.9159331788
        0.9300000000         4.6500000000         5.0064054401
        0.9350000000         4.6500000000         5.0637470142
        0.9400000000         4.6500000000         5.0624727570
        0.9450000000         4.6500000000        -0.0001511069
        0.9500000000         4.6500000000        -0.0001511069
        0.9550000000         4.6500000000         0.0520934383
        0.9600000000         4.6500000000         0.1349201565
        0.9650000000         4.6500000000         0.2253924178
        0.9700000000         4.6500000000         0.3082191360
        0.9750000000         4.6500000000         0.3872230825
        0.9800000000         4.6500000000         0.4751468294
        0.9850000000         4.6500000000         0.5630705764
        0.9900000000         4.6500000000         0.6497200661
        0.9950000000         4.6500000000         0.7350952987
        1.0000000000         4.6500000000         0.8115507308
        1.0050000000         4.6500000000         0.8956517061
        1.0100000000         4.6500000000         0.9772041671
        1.0150000000         4.6500000000         1.0549338564
        1.0200000000         4.6500000000         1.1415833461
        1.0250000000         4.6500000000         1.2180387783
        1.0300000000         4.6500000000         1.2957684676
        1.0350000000         4.6500000000         1.3760466713
        1.0400000000         4.6500000000         1.4512278462
        1.0450000000         4.6500000000         1.5327803072
        1.0500000000         4.6500000000         1.6092357393
        1.0550000000         4.6500000000         1.6831426570
        1.0600000000         4.6500000000         1.7672436324
        1.0650000000         4.6500000000         1.8360535213
        1.0700000000         4.6500000000         1.9252515254
        1.0750000000         4.6500000000         1.9889643855
        1.0800000000         4.6500000000         2.0654198177
        1.0850000000         4.6500000000         2.1456980214
        1.0900000000         4.6500000000         2.2170564247
        1.0950000000         4.6500000000         2.3024316572
        1.1000000000         4.6500000000         2.3737900606
        1.1050000000         4.6500000000         2.4540682643
        1.1100000000         4.6500000000         2.5343464680
        1.1150000000         4.6500000000         2.6095276430
        1.1200000000         4.6500000000         2.6949028755
        1.1250000000         4.6500000000         2.7739068220
        1.1300000000         4.6500000000         2.8516365114
        1.1350000000         4.6500000000         2.9357374867
        1.1400000000         4.6500000000         3.0121929188
        1.1450000000         4.6500000000         3.0950196370
        1.1500000000         4.6500000000         3.1765720979
        1.1550000000         4.6500000000         3.2606730732
        1.1600000000         4.6500000000         3.3358542482
        1.1650000000         4.6500000000         3.4212294807
        1.1700000000         4.6500000000         3.5027819416
        1.1750000000         4.6500000000         3.5856086598
        1.1800000000         4.6500000000         3.6684353779
        1.1850000000         4.6500000000         3.7474393244
        1.1900000000         4.6500000000         3.8302660426
        1.1950000000         4.6500000000         3.9143670179
        1.2000000000         4.6500000000         3.9984679932
        1.2050000000         4.6500000000         4.0863917402
        1.2100000000         4.6500000000         4.1666699439
        1.2150000000         4.6500000000         4.2533194337
        1.2200000000         4.6500000000         4.3374204090
        1.2250000000         4.6500000000         4.4189728699
        1.2300000000         4.6500000000         4.5094451313
        1.2350000000         4.6500000000         4.5935461066
        1.2400000000         4.6500000000         4.6801955964
        1.2450000000         4.6500000000         4.7744906293
        1.2500000000         4.6500000000         4.8573173475
        1.2550000000         4.6500000000         4.9452410944
        1.2600000000         4.6500000000         5.0357133558
        1.2650000000         4.6500000000         5.0662955286
        1.2700000000         4.6500000000         1.1008071157
        1.2750000000         4.6500000000         0.0011231503
        1.2800000000         4.6500000000        -0.0026996214
        1.2850000000         4.6500000000         0.0839498684
        1.2900000000         4.6500000000         0.1616795577
        1.2950000000         4.6500000000         0.2521518191
        1.3000000000         4.6500000000         0.3349785372
        1.3050000000         4.6500000000         0.4203537697
        1.3100000000         4.6500000000         0.5082775167
        1.3150000000         4.6500000000         0.5911042348
        1.3200000000         4.6500000000         0.6739309530
        1.3250000000         4.6500000000         0.7567576711
        1.3300000000         4.6500000000         0.8370358748
        1.3350000000         4.6500000000         0.9224111074
        1.3400000000         4.6500000000         1.0014150539
        1.3450000000         4.6500000000         1.0791447432
        1.3500000000         4.6500000000         1.1645199758
        1.3550000000         4.6500000000         1.2384268935
        1.3600000000         4.6500000000         1.3238021260
        1.3650000000         4.6500000000         1.3964347866
        1.3700000000         4.6500000000         1.4779872475
        1.3750000000         4.6500000000         1.5544426796
        1.3800000000         4.6500000000         1.6296238545
        1.3850000000         4.6500000000         1.7111763155
        1.3900000000         4.6500000000         1.7812604616
        1.3950000000         4.6500000000         1.8615386653
        1.4000000000         4.6500000000         1.9379940974
        1.4050000000         4.6500000000         2.0144495296
        1.4100000000         4.6500000000         2.0896307045
        1.4150000000         4.6500000000         2.1635376222
        1.4200000000         4.6500000000         2.2476385976
        1.4250000000         4.6500000000         2.3215455153
        1.4300000000         4.6500000000         2.3967266902
        1.4350000000         4.6500000000         2.4808276655
        1.4400000000         4.6500000000         2.5623801265
        1.4450000000         4.6500000000         2.6362870442
        1.4500000000         4.6500000000         2.7101939619
        1.4550000000         4.6500000000         2.7968434517
        1.4600000000         4.6500000000         2.8720246266
        1.4650000000         4.6500000000         2.9599483735
        1.4700000000         4.6500000000         3.0376780629
        1.4750000000         4.6500000000         3.1179562666
        1.4800000000         4.6500000000         3.2007829847
        1.4850000000         4.6500000000         3.2823354457
        1.4900000000         4.6500000000         3.3651621638
        1.4950000000         4.6500000000         3.4428918531
        1.5000000000         4.6500000000         3.5269928285
        1.5050000000         4.6500000000         3.6136423182
        1.5100000000         4.6500000000         3.6913720075
        1.5150000000         4.6500000000         3.7780214973
        1.5200000000         4.6500000000         3.8621224726
        1.5250000000         4.6500000000         3.9424006764
        1.5300000000         4.6500000000         4.0303244233
        1.5350000000         4.6500000000         4.1220709419
        1.5400000000         4.6500000000         4.1972521168
        1.5450000000         4.6500000000         4.2800788349
        1.5500000000         4.6500000000         4.3629055530
        1.5550000000         4.6500000000         4.4533778144
        1.5600000000         4.6500000000         4.5349302753
        1.5650000000         4.6500000000         4.6241282795
        1.5700000000         4.6500000000         4.7082292548
        1.5750000000         4.6500000000         4.7948787446
        1.5800000000         4.6500000000         4.8866252631
        1.5850000000         4.6500000000         4.9707262385
        1.5900000000         4.6500000000         5.0624727570
        1.5950000000         4.6500000000         5.0650212714
        1.6000000000         4.6500000000         1.1097269161
        1.6050000000         4.6500000000        -0.0001511069
        1.6100000000         4.6500000000         0.0176884939
        1.6150000000         4.6500000000         0.1056122408
        1.6200000000         4.6500000000         0.1909874734
        1.6250000000         4.6500000000         0.2763627059
        1.6300000000         4.6500000000         0.3642864529
        1.6350000000         4.6500000000         0.4458389138
        1.6400000000         4.6500000000         0.5312141463
        1.6450000000         4.6500000000         0.6153151217
        1.6500000000         4.6500000000         0.7032388686
        1.6550000000         4.6500000000         0.7796943007
        1.6600000000         4.6500000000         0.8637952761
        1.6650000000         4.6500000000         0.9504447658
        1.6700000000         4.6500000000         1.0230774263
        1.6750000000         4.6500000000         1.1071784017
        1.6800000000         4.6500000000         1.1849080910
        1.6850000000         4.6500000000         1.2613635231
        1.6900000000         4.6500000000         1.3467387557
        1.6950000000         4.6500000000         1.4244684450
        1.7000000000         4.6500000000         1.4958268483
        1.7050000000         4.6500000000         1.5786535665
        1.7100000000         4.6500000000         1.6525604842
        1.7150000000         4.6500000000         1.7239188875
        1.7200000000         4.6500000000         1.8016485768
        1.7250000000         4.6500000000         1.8793782662
        1.7300000000         4.6500000000         1.9558336983
        1.7350000000         4.6500000000         2.0335633876
        1.7400000000         4.6500000000         2.1049217909
        1.7450000000         4.6500000000         2.1864742519
        1.7500000000         4.6500000000         2.2642039412
        1.7550000000         4.6500000000         2.3432078877
        1.7600000000         4.6500000000         2.4209375770
        1.7650000000         4.6500000000         2.4948444948
        1.7700000000         4.6500000000         2.5802197273
        1.7750000000         4.6500000000         2.6541266450
        1.7800000000         4.6500000000         2.7369533632
        1.7850000000         4.6500000000         2.8185058241
        1.7900000000         4.6500000000         2.9000582850
        1.7950000000         4.6500000000         2.9803364888
        1.8000000000         4.6500000000         3.0618889497
        1.8050000000         4.6500000000         3.1383443818
        1.8100000000         4.6500000000         3.2249938716
        1.8150000000         4.6500000000         3.3027235609
        1.8200000000         4.6500000000         3.3842760218
        1.8250000000         4.6500000000         3.4734740260
        1.8300000000         4.6500000000         3.5486552009
        1.8350000000         4.6500000000         3.6327561762
        1.8400000000         4.6500000000         3.7130343800
        1.8450000000         4.6500000000         3.7996838697
        1.8500000000         4.6500000000         3.8837848451
        1.8550000000         4.6500000000         3.9640630488
        1.8600000000         4.6500000000         4.0545353101
        1.8650000000         4.6500000000         4.1360877711
        1.8700000000         4.6500000000         4.2189144892
        1.8750000000         4.6500000000         4.3081124934
        1.8800000000         4.6500000000         4.3832936683
        1.8850000000         4.6500000000         4.4712174152
        1.8900000000         4.6500000000         4.5642381910
        1.8950000000         4.6500000000         4.6457906519
        1.9000000000         4.6500000000         4.7286173701
        1.9050000000         4.6500000000         4.8229124030
        1.9100000000         4.6500000000         4.9057391211
        1.9150000000         4.6500000000         4.9923886109
        1.9200000000         4.6500000000         5.0650212714
        1.9250000000         4.6500000000         5.0662955286
        1.9300000000         4.6500000000        -0.0026996214
        1.9350000000         4.6500000000         0.0011231503
        1.9400000000         4.6500000000         0.0393508663
        1.9450000000         4.6500000000         0.1247260989
        1.9500000000         4.6500000000         0.2113755886
        1.9550000000         4.6500000000         0.2891052779
        1.9600000000         4.6500000000         0.3757547677
        1.9650000000         4.6500000000         0.4636785146
        1.9700000000         4.6500000000         0.5426824611
        1.9750000000         4.6500000000         0.6306062081
        1.9800000000         4.6500000000         0.7172556978
        1.9850000000         4.6500000000         0.7988081588
        1.9900000000         4.6500000000         0.8803606197
        1.9950000000         4.6500000000         0.9593645662
        2.0000000000         4.6500000000         1.0396427700
        2.0050000000         4.6500000000         1.1224694881
        2.0100000000         4.6500000000         1.1989249202
        2.0150000000         4.6500000000         1.2753803524
        2.0200000000         4.6500000000         1.3594813277
        2.0250000000         4.6500000000         1.4372110170
        2.0300000000         4.6500000000         1.5200377352
        2.0350000000         4.6500000000         1.5875733669
        2.0400000000         4.6500000000         1.6678515706
        2.0450000000         4.6500000000         1.7392099739
        2.0500000000         4.6500000000         1.8169396632
        2.0550000000         4.6500000000         1.8959436098
        2.0600000000         4.6500000000         1.9685762703
        2.0650000000         4.6500000000         2.0450317024
        2.0700000000         4.6500000000         2.1214871346
        2.0750000000         4.6500000000         2.2004910811
        2.0800000000         4.6500000000         2.2794950276
        2.0850000000         4.6500000000         2.3584989741
        2.0900000000         4.6500000000         2.4400514351
        2.0950000000         4.6500000000         2.5114098384
        2.1000000000         4.6500000000         2.5929622993
        2.1050000000         4.6500000000         2.6770632747
        2.1100000000         4.6500000000         2.7496959352
        2.1150000000         4.6500000000         2.8363454249
        2.1200000000         4.6500000000         2.9140751143
        2.1250000000         4.6500000000         2.9918048036
        2.1300000000         4.6500000000         3.0720830073
        2.1350000000         4.6500000000         3.1549097255
        2.1400000000         4.6500000000         3.2326394148
        2.1450000000         4.6500000000         3.3141918757
        2.1500000000         4.6500000000         3.4046641371
        2.1550000000         4.6500000000         3.4900393696
        2.1600000000         4.6500000000         3.5677690589
        2.1650000000         4.6500000000         3.6480472627
        2.1700000000         4.6500000000         3.7295997236
        2.1750000000         4.6500000000         3.8162492133
        2.1800000000         4.6500000000         3.8927046455
        2.1850000000         4.6500000000         3.9806283924
        2.1900000000         4.6500000000         4.0698263966
        2.1950000000         4.6500000000         4.1475560859
        2.2000000000         4.6500000000         4.2342055756
        2.2050000000         4.6500000000         4.3183065510
        2.2100000000         4.6500000000         4.4024075263
        2.2150000000         4.6500000000         4.4865085017
        2.2200000000         4.6500000000         4.5706094770
        2.2250000000         4.6500000000         4.6598074811
        2.2300000000         4.6500000000         4.7477312281
        2.2350000000         4.6500000000         4.8267351746
        2.2400000000         4.6500000000         4.9197559504
        2.2450000000         4.6500000000         5.0064054401
        2.2500000000         4.6500000000         5.0637470142
        2.2550000000         4.6500000000         4.9987598969
        2.2600000000         4.6500000000         0.0011231503
        2.2650000000         4.6500000000         0.0011231503
        2.2700000000         4.6500000000         0.0584647243
        2.2750000000         4.6500000000         0.1336458993
        2.2800000000         4.6500000000         0.2253924178
        2.2850000000         4.6500000000         0.3069448788
        2.2900000000         4.6500000000         0.3923201113
        2.2950000000         4.6500000000         0.4789696010
        2.3000000000         4.6500000000         0.5630705764
        2.3050000000         4.6500000000         0.6458972945
        2.3100000000         4.6500000000         0.7312725271
        2.3150000000         4.6500000000         0.8102764736
        2.3200000000         4.6500000000         0.8918289345
        2.3250000000         4.6500000000         0.9682843666
        2.3300000000         4.6500000000         1.0587566280
        2.3350000000         4.6500000000         1.1352120601
        2.3400000000         4.6500000000         1.2116674923
        2.3450000000         4.6500000000         1.2944942104
        2.3500000000         4.6500000000         1.3696753853
        2.3550000000         4.6500000000         1.4499535890
        2.3600000000         4.6500000000         1.5264090212
        2.3650000000         4.6500000000         1.6041387105
        2.3700000000         4.6500000000         1.6805941426
        2.3750000000         4.6500000000         1.7519525459
        2.3800000000         4.6500000000         1.8360535213
        2.3850000000         4.6500000000         1.9074119246
        2.3900000000         4.6500000000         1.9851416139
        2.3950000000         4.6500000000         2.0615970461
        2.4000000000         4.6500000000         2.1431495070
        2.4050000000         4.6500000000         2.2132336531
        2.4100000000         4.6500000000         2.2935118568
        2.4150000000         4.6500000000         2.3776128322
        2.4200000000         4.6500000000         2.4527940071
        2.4250000000         4.6500000000         2.5317979536
        2.4300000000         4.6500000000         2.6133504146
        2.4350000000         4.6500000000         2.6859830751
        2.4400000000         4.6500000000         2.7675355360
        2.4450000000         4.6500000000         2.8529107686
        2.4500000000         4.6500000000         2.9319147151
        2.4550000000         4.6500000000         3.0083701472
        2.4600000000         4.6500000000         3.0911968654
        2.4650000000         4.6500000000         3.1714750691
        2.4700000000         4.6500000000         3.2555760444
        2.4750000000         4.6500000000         3.3409512770
        2.4800000000         4.6500000000         3.4174067091
        2.4850000000         4.6500000000         3.5002334272
        2.4900000000         4.6500000000         3.5894314314
        2.4950000000         4.6500000000         3.6722581495
        2.5000000000         4.6500000000         3.7525363532
        2.5050000000         4.6500000000         3.8353630714
        2.5100000000         4.6500000000         3.9232868183
        2.5150000000         4.6500000000         4.0086620509
        2.5200000000         4.6500000000         4.0876659974
        2.5250000000         4.6500000000         4.1717669727
        2.5300000000         4.6500000000         4.2533194337
        2.5350000000         4.6500000000         4.3412431806
        2.5400000000         4.6500000000         4.4253441560
        2.5450000000         4.6500000000         4.5043481025
        2.5500000000         4.6500000000         4.5909975922
        2.5550000000         4.6500000000         4.6801955964
        2.5600000000         4.6500000000         4.7693936005
        2.5650000000         4.6500000000         4.8522203187
        2.5700000000         4.6500000000         4.9375955512
        2.5750000000         4.6500000000         5.0318905842
        2.5800000000         4.6500000000         5.0650212714
        2.5850000000         4.6500000000         1.1250180025
        2.5900000000         4.6500000000        -0.0026996214
        2.5950000000         4.6500000000        -0.0001511069
        2.6000000000         4.6500000000         0.0737558108
        2.6050000000         4.6500000000         0.1604053005
        2.6100000000         4.6500000000         0.2432320187
        2.6150000000         4.6500000000         0.3324300228
        2.6200000000         4.6500000000         0.4165309981
        2.6250000000         4.6500000000         0.5006319735
        2.6300000000         4.6500000000         0.5872814632
        2.6350000000         4.6500000000         0.6650111525
        2.6400000000         4.6500000000         0.7529348995
        2.6450000000         4.6500000000         0.8332131032
        2.6500000000         4.6500000000         0.9147655642
        2.6550000000         4.6500000000         0.9924952535
        2.6600000000         4.6500000000         1.0765962288
        2.6650000000         4.6500000000         1.1556001754
        2.6700000000         4.6500000000         1.2295070931
        2.6750000000         4.6500000000         1.3085110396
        2.6800000000         4.6500000000         1.3926120149
        2.6850000000         4.6500000000         1.4665189327
        2.6900000000         4.6500000000         1.5442486220
        2.6950000000         4.6500000000         1.6194297969
        2.7000000000         4.6500000000         1.6971594863
        2.7050000000         4.6500000000         1.7736149184
        2.7100000000         4.6500000000         1.8500703505
        2.7150000000         4.6500000000         1.9214287538
        2.7200000000         4.6500000000         2.0004327004
        2.7250000000         4.6500000000         2.0768881325
        2.7300000000         4.6500000000         2.1507950502
        2.7350000000         4.6500000000         2.2336217683
        2.7400000000         4.6500000000         2.3100772005
        2.7450000000         4.6500000000         2.3890811470
        2.7500000000         4.6500000000         2.4719078651
        2.7550000000         4.6500000000         2.5407177540
        2.7600000000         4.6500000000         2.6222702150
        2.7650000000         4.6500000000         2.7038226759
        2.7700000000         4.6500000000         2.7828266224
        2.7750000000         4.6500000000         2.8669275978
        2.7800000000         4.6500000000         2.9446572871
        2.7850000000         4.6500000000         3.0262097480
        2.7900000000         4.6500000000         3.1103107234
        2.7950000000         4.6500000000         3.1842176411
        2.8000000000         4.6500000000         3.2708671308
        2.8050000000         4.6500000000         3.3498710774
        2.8100000000         4.6500000000         3.4326977955
        2.8150000000         4.6500000000         3.5193472853
        2.8200000000         4.6500000000         3.5945284602
        2.8250000000         4.6500000000         3.6888234931
        2.8300000000         4.6500000000         3.7627304109
        2.8350000000         4.6500000000         3.8417343574
        2.8400000000         4.6500000000         3.9309323615
        2.8450000000         4.6500000000         4.0137590797
        2.8500000000         4.6500000000         4.0953115406
        2.8550000000         4.6500000000         4.1781382587
        2.8600000000         4.6500000000         4.2635134913
        2.8650000000         4.6500000000         4.3450659522
        2.8700000000         4.6500000000         4.4278926704
        2.8750000000         4.6500000000         4.5107193885
        2.8800000000         4.6500000000         4.5973688782
        2.8850000000         4.6500000000         4.6840183680
        2.8900000000         4.6500000000         4.7693936005
        2.8950000000         4.6500000000         4.8547688331
        2.9000000000         4.6500000000         4.9401440656
        2.9050000000         4.6500000000         5.0318905842
        2.9100000000         4.6500000000         5.0624727570
        2.9150000000         4.6500000000         1.1033556301
        2.9200000000         4.6500000000        -0.0026996214
        2.9250000000         4.6500000000         0.0023974075
        2.9300000000         4.6500000000         0.0724815536
        2.9350000000         4.6500000000         0.1578567861
        2.9400000000         4.6500000000         0.2457805331
        2.9450000000         4.6500000000         0.3260587368
        2.9500000000         4.6500000000         0.4139824837
        2.9550000000         4.6500000000         0.4968092019
        2.9600000000         4.6500000000         0.5758131484
        2.9650000000         4.6500000000         0.6701081814
        2.9700000000         4.6500000000         0.7414665847
        2.9750000000         4.6500000000         0.8242933028
        2.9800000000         4.6500000000         0.9122170498
        2.9850000000         4.6500000000         0.9873982247
        2.9900000000         4.6500000000         1.0727734572
        2.9950000000         4.6500000000         1.1492288893
        3.0000000000         4.6500000000         1.2307813503
        3.0050000000         4.6500000000         1.3097852968
        3.0100000000         4.6500000000         1.3849664717
        3.0150000000         4.6500000000         1.4665189327
        3.0200000000         4.6500000000         1.5366030788
        3.0250000000         4.6500000000         1.6181555397
        3.0300000000         4.6500000000         1.6946109718
        3.0350000000         4.6500000000         1.7736149184
        3.0400000000         4.6500000000         1.8475218361
        3.0450000000         4.6500000000         1.9201544966
        3.0500000000         4.6500000000         2.0017069576
        3.0550000000         4.6500000000         2.0730653609
        3.0600000000         4.6500000000         2.1507950502
        3.0650000000         4.6500000000         2.2310732539
        3.0700000000         4.6500000000         2.3113514577
        3.0750000000         4.6500000000         2.3839841182
        3.0800000000         4.6500000000         2.4617138075
        3.0850000000         4.6500000000         2.5432662684
        3.0900000000         4.6500000000         2.6248187294
        3.0950000000         4.6500000000         2.6987256471
        3.1000000000         4.6500000000         2.7815523652
        3.1050000000         4.6500000000         2.8656533406
        3.1100000000         4.6500000000         2.9459315443
        3.1150000000         4.6500000000         3.0198384620
        3.1200000000         4.6500000000         3.1064879518
        3.1250000000         4.6500000000         3.1880404127
        3.1300000000         4.6500000000         3.2721413880
        3.1350000000         4.6500000000         3.3511453346
        3.1400000000         4.6500000000         3.4377948243
        3.1450000000         4.6500000000         3.5206215425
        3.1500000000         4.6500000000         3.5996254890
        3.1550000000         4.6500000000         3.6862749787
        3.1600000000         4.6500000000         3.7627304109
        3.1650000000         4.6500000000         3.8493799006
        3.1700000000         4.6500000000         3.9334808759
        3.1750000000         4.6500000000         4.0137590797
        3.1800000000         4.6500000000         4.1004085694
        3.1850000000         4.6500000000         4.1845095448
        3.1900000000         4.6500000000         4.2635134913
        3.1950000000         4.6500000000         4.3527114954
        3.2000000000         4.6500000000         4.4304411848
        3.2050000000         4.6500000000         4.5209134461
        3.2100000000         4.6500000000         4.6037401642
        3.2150000000         4.6500000000         4.6916639112
        3.2200000000         4.6500000000         4.7783134009
        3.2250000000         4.6500000000         4.8636886335
        3.2300000000         4.6500000000         4.9528866376
        3.2350000000         4.6500000000         5.0420846418
        3.2400000000         4.6500000000         5.0624727570
        3.2450000000         4.6500000000         1.1084526589
        3.2500000000         4.6500000000        -0.0001511069
        3.2550000000         4.6500000000        -0.0001511069
        3.2600000000         4.6500000000         0.0826756112
        3.2650000000         4.6500000000         0.1655023293
        3.2700000000         4.6500000000         0.2521518191
        3.2750000000         4.6500000000         0.3324300228
        3.2800000000         4.6500000000         0.4203537697
        3.2850000000         4.6500000000         0.5019062307
        3.2900000000         4.6500000000         0.5885557204
        3.2950000000         4.6500000000         0.6713824386
        3.3000000000         4.6500000000         0.7529348995
        3.3050000000         4.6500000000         0.8383101320
        3.3100000000         4.6500000000         0.9173140786
        3.3150000000         4.6500000000         0.9975922823
        3.3200000000         4.6500000000         1.0778704860
        3.3250000000         4.6500000000         1.1543259182
        3.3300000000         4.6500000000         1.2397011507
        3.3350000000         4.6500000000         1.3187050972
        3.3400000000         4.6500000000         1.3926120149
        3.3450000000         4.6500000000         1.4741644759
        3.3500000000         4.6500000000         1.5480713936
        3.3550000000         4.6500000000         1.6232525685
        3.3600000000         4.6500000000         1.7060792867
        3.3650000000         4.6500000000         1.7838089760
        3.3700000000         4.6500000000         1.8513446077
        3.3750000000         4.6500000000         1.9290742970
        3.3800000000         4.6500000000         2.0157237868
        3.3850000000         4.6500000000         2.0832594185
        3.3900000000         4.6500000000         2.1558920790
        3.3950000000         4.6500000000         2.2361702827
        3.4000000000         4.6500000000         2.3113514577
        3.4050000000         4.6500000000         2.3929039186
        3.4100000000         4.6500000000         2.4706336079
        3.4150000000         4.6500000000         2.5496375545
        3.4200000000         4.6500000000         2.6324642726
        3.4250000000         4.6500000000         2.7063711903
        3.4300000000         4.6500000000         2.7917464229
        3.4350000000         4.6500000000         2.8707503694
        3.4400000000         4.6500000000         2.9484800587
        3.4450000000         4.6500000000         3.0351295485
        3.4500000000         4.6500000000         3.1090364662
        3.4550000000         4.6500000000         3.1995087275
        3.4600000000         4.6500000000         3.2746899025
        3.4650000000         4.6500000000         3.3536938490
        3.4700000000         4.6500000000         3.4403433387
        3.4750000000         4.6500000000         3.5218957997
        3.4800000000         4.6500000000         3.6047225178
        3.4850000000         4.6500000000         3.6913720075
        3.4900000000         4.6500000000         3.7703759541
        3.4950000000         4.6500000000         3.8532026722
        3.5000000000         4.6500000000         3.9411264192
        3.5050000000         4.6500000000         4.0226788801
        3.5100000000         4.6500000000         4.1042313410
        3.5150000000         4.6500000000         4.1883323164
        3.5200000000         4.6500000000         4.2686105201
        3.5250000000         4.6500000000         4.3565342670
        3.5300000000         4.6500000000         4.4431837568
        3.5350000000         4.6500000000         4.5221877033
        3.5400000000         4.6500000000         4.6126599647
        3.5450000000         4.6500000000         4.6967609400
        3.5500000000         4.6500000000         4.7885074586
        3.5550000000         4.6500000000         4.8751569483
        3.5600000000         4.6500000000         4.9592579236
        3.5650000000         4.6500000000         5.0497301850
        3.5700000000         4.6500000000         5.0701183002
        3.5750000000         4.6500000000         1.0982586013
        3.5800000000         4.6500000000         0.0011231503
        3.5850000000         4.6500000000         0.0074944363
        3.5900000000         4.6500000000         0.0903211544
        3.5950000000         4.6500000000         0.1820676730
        3.6000000000         4.6500000000         0.2610716195
        3.6050000000         4.6500000000         0.3502696236
        3.6100000000         4.6500000000         0.4330963418
        3.6150000000         4.6500000000         0.5210200887
        3.6200000000         4.6500000000         0.6012982924
        3.6250000000         4.6500000000         0.6841250106
        3.6300000000         4.6500000000         0.7682259859
        3.6350000000         4.6500000000         0.8497784469
        3.6400000000         4.6500000000         0.9338794222
        3.6450000000         4.6500000000         1.0154318831
        3.6500000000         4.6500000000         1.0880645436
        3.6550000000         4.6500000000         1.1683427474
        3.6600000000         4.6500000000         1.2486209511
        3.6650000000         4.6500000000         1.3263506404
        3.6700000000         4.6500000000         1.4104516158
        3.6750000000         4.6500000000         1.4830842763
        3.6800000000         4.6500000000         1.5646367372
        3.6850000000         4.6500000000         1.6398179122
        3.6900000000         4.6500000000         1.7137248299
        3.6950000000         4.6500000000         1.7940030336
        3.7000000000         4.6500000000         1.8628129225
        3.7050000000         4.6500000000         1.9418168691
        3.7100000000         4.6500000000         2.0208208156
        3.7150000000         4.6500000000         2.0947277333
        3.7200000000         4.6500000000         2.1686346510
        3.7250000000         4.6500000000         2.2514613692
        3.7300000000         4.6500000000         2.3279168013
        3.7350000000         4.6500000000         2.4043722334
        3.7400000000         4.6500000000         2.4871989516
        3.7450000000         4.6500000000         2.5585573549
        3.7500000000         4.6500000000         2.6439325874
        3.7550000000         4.6500000000         2.7242107911
        3.7600000000         4.6500000000         2.8006662233
        3.7650000000         4.6500000000         2.8873157130
        3.7700000000         4.6500000000         2.9650454023
        3.7750000000         4.6500000000         3.0402265773
        3.7800000000         4.6500000000         3.1268760670
        3.7850000000         4.6500000000         3.2046057563
        3.7900000000         4.6500000000         3.2874324745
        3.7950000000         4.6500000000         3.3766304786
        3.8000000000         4.6500000000         3.4543601679
        3.8050000000         4.6500000000         3.5308156001
        3.8100000000         4.6500000000         3.6251106330
        3.8150000000         4.6500000000         3.6990175508
        3.8200000000         4.6500000000         3.7818442689
        3.8250000000         4.6500000000         3.8608482154
        3.8300000000         4.6500000000         3.9500462196
        3.8350000000         4.6500000000         4.0354214521
        3.8400000000         4.6500000000         4.1169739130
        3.8450000000         4.6500000000         4.2048976600
        3.8500000000         4.6500000000         4.2800788349
        3.8550000000         4.6500000000         4.3667283247
        3.8600000000         4.6500000000         4.4508293000
        3.8650000000         4.6500000000         4.5387530469
        3.8700000000         4.6500000000         4.6228540223
        3.8750000000         4.6500000000         4.7095035120
        3.8800000000         4.6500000000         4.7974272590
        3.8850000000         4.6500000000         4.8853510059
        3.8900000000         4.6500000000         4.9745490101
        3.8950000000         4.6500000000         5.0599242426
        3.9000000000         4.6500000000         5.0624727570
        3.9050000000         4.6500000000         1.1059041445
        3.9100000000         4.6500000000         0.0011231503
        3.9150000000         4.6500000000         0.0176884939
        3.9200000000         4.6500000000         0.1043379836
        3.9250000000         4.6500000000         0.1833419302
        3.9300000000         4.6500000000         0.2674429055
        3.9350000000         4.6500000000         0.3591894240
        3.9400000000         4.6500000000         0.4407418850
        3.9450000000         4.6500000000         0.5248428603
        3.9500000000         4.6500000000         0.6127666073
        3.9550000000         4.6500000000         0.6917705538
        3.9600000000         4.6500000000         0.7784200435
        3.9650000000         4.6500000000         0.8625210189
        3.9700000000         4.6500000000         0.9364279366
        3.9750000000         4.6500000000         1.0205289119
        3.9800000000         4.6500000000         1.1020813729
        3.9850000000         4.6500000000         1.1785368050
        3.9900000000         4.6500000000         1.2575407515
        3.9950000000         4.6500000000         1.3390932125
        4.0000000000         4.6500000000         1.4155486446
        4.0050000000         4.6500000000         1.4920040767
        4.0100000000         4.6500000000         1.5722822804
        4.0150000000         4.6500000000         1.6436406838
        4.0200000000         4.6500000000         1.7239188875
        4.0250000000         4.6500000000         1.7978258052
        4.0300000000         4.6500000000         1.8679099513
        4.0350000000         4.6500000000         1.9571079555
        4.0400000000         4.6500000000         2.0246435872
        4.0450000000         4.6500000000         2.1010990193
        4.0500000000         4.6500000000         2.1762801942
        4.0550000000         4.6500000000         2.2565583980
        4.0600000000         4.6500000000         2.3381108589
        4.0650000000         4.6500000000         2.4120177766
        4.0700000000         4.6500000000         2.4922959804
        4.0750000000         4.6500000000         2.5674771553
        4.0800000000         4.6500000000         2.6490296162
        4.0850000000         4.6500000000         2.7344048488
        4.0900000000         4.6500000000         2.8121345381
        4.0950000000         4.6500000000         2.8949612562
        4.1000000000         4.6500000000         2.9714166884
        4.1050000000         4.6500000000         3.0542434065
        4.1100000000         4.6500000000         3.1345216102
        4.1150000000         4.6500000000         3.2160740712
        4.1200000000         4.6500000000         3.3027235609
        4.1250000000         4.6500000000         3.3779047358
        4.1300000000         4.6500000000         3.4645542256
        4.1350000000         4.6500000000         3.5473809437
        4.1400000000         4.6500000000         3.6238363758
        4.1450000000         4.6500000000         3.7130343800
        4.1500000000         4.6500000000         3.7945868409
        4.1550000000         4.6500000000         3.8799620735
        4.1600000000         4.6500000000         3.9576917628
        4.1650000000         4.6500000000         4.0481640241
        4.1700000000         4.6500000000         4.1284422279
        4.1750000000         4.6500000000         4.2112689460
        4.1800000000         4.6500000000         4.2966441785
        4.1850000000         4.6500000000         4.3794708967
        4.1900000000         4.6500000000         4.4622976148
        4.1950000000         4.6500000000         4.5514956190
        4.2000000000         4.6500000000         4.6343223371
        4.2050000000         4.6500000000         4.7235203412
        4.2100000000         4.6500000000         4.8127183454
        4.2150000000         4.6500000000         4.8993678351
        4.2200000000         4.6500000000         4.9872915821
        4.2250000000         4.6500000000         5.0624727570
        4.2300000000         4.6500000000         5.0662955286
        4.2350000000         4.6500000000         1.1097269161
        4.2400000000         4.6500000000        -0.0026996214
        4.2450000000         4.6500000000         0.0278825515
        4.2500000000         4.6500000000         0.1145320412
        4.2550000000         4.6500000000         0.1973587594
        4.2600000000         4.6500000000         0.2852825063
        4.2650000000         4.6500000000         0.3655607101
        4.2700000000         4.6500000000         0.4547587142
        4.2750000000         4.6500000000         0.5375854323
        4.2800000000         4.6500000000         0.6191378933
        4.2850000000         4.6500000000         0.7083358974
        4.2900000000         4.6500000000         0.7873398440
        4.2950000000         4.6500000000         0.8701665621
        4.3000000000         4.6500000000         0.9517190230
        4.3050000000         4.6500000000         1.0281744551
        4.3100000000         4.6500000000         1.1122754305
        4.3150000000         4.6500000000         1.1938278914
        4.3200000000         4.6500000000         1.2651862947
        4.3250000000         4.6500000000         1.3480130129
        4.3300000000         4.6500000000         1.4257427022
        4.3350000000         4.6500000000         1.4996496199
        4.3400000000         4.6500000000         1.5824763381
        4.3450000000         4.6500000000         1.6576575130
        4.3500000000         4.6500000000         1.7328386879
        4.3550000000         4.6500000000         1.8105683772
        4.3600000000         4.6500000000         1.8793782662
        4.3650000000         4.6500000000         1.9583822127
        4.3700000000         4.6500000000         2.0322891304
        4.3750000000         4.6500000000         2.1100188197
        4.3800000000         4.6500000000         2.1928455379
        4.3850000000         4.6500000000         2.2654781984
        4.3900000000         4.6500000000         2.3457564021
        4.3950000000         4.6500000000         2.4247603487
        4.4000000000         4.6500000000         2.5063128096
        4.4050000000         4.6500000000         2.5814939845
        4.4100000000         4.6500000000         2.6604979310
        4.4150000000         4.6500000000         2.7445989064
        4.4200000000         4.6500000000         2.8236028529
        4.4250000000         4.6500000000         2.9038810566
        4.4300000000         4.6500000000         2.9867077748
        4.4350000000         4.6500000000         3.0606146925
        4.4400000000         4.6500000000         3.1472641822
        4.4450000000         4.6500000000         3.2237196144
        4.4500000000         4.6500000000         3.3078205897
        4.4550000000         4.6500000000         3.3906473078
        4.4600000000         4.6500000000         3.4734740260
        4.4650000000         4.6500000000         3.5588492585
        4.4700000000         4.6500000000         3.6327561762
        4.4750000000         4.6500000000         3.7168571516
        4.4800000000         4.6500000000         3.8124264417
        4.4850000000         4.6500000000         3.8825105879
        4.4900000000         4.6500000000         3.9704343348
        4.4950000000         4.6500000000         4.0519867957
        4.5000000000         4.6500000000         4.1373620283
        4.5050000000         4.6500000000         4.2240115180
        4.5100000000         4.6500000000         4.3030154645
        4.5150000000         4.6500000000         4.3858421827
        4.5200000000         4.6500000000         4.4750401868
        4.5250000000         4.6500000000         4.5553183906
        4.5300000000         4.6500000000         4.6483391663
        4.5350000000         4.6500000000         4.7311658845
        4.5400000000         4.6500000000         4.8165411170
        4.5450000000         4.6500000000         4.9044648639
        4.5500000000         4.6500000000         4.9834688105
        4.5550000000         4.6500000000         5.0650212714
        4.5600000000         4.6500000000         5.0688440430
        4.5650000000         4.6500000000         0.0342538375
        4.5700000000         4.6500000000        -0.0001511069
        4.5750000000         4.6500000000         0.0304310659
        4.5800000000         4.6500000000         0.1132577840
        4.5850000000         4.6500000000         0.2024557882
        4.5900000000         4.6500000000         0.2865567635
        4.5950000000         4.6500000000         0.3706577389
        4.6000000000         4.6500000000         0.4573072286
        4.6050000000         4.6500000000         0.5388596895
        4.6100000000         4.6500000000         0.6216864077
        4.6150000000         4.6500000000         0.7045131258
        4.6200000000         4.6500000000         0.7873398440
        4.6250000000         4.6500000000         0.8676180477
        4.6300000000         4.6500000000         0.9478962514
        4.6350000000         4.6500000000         1.0281744551
        4.6400000000         4.6500000000         1.1084526589
        4.6450000000         4.6500000000         1.1900051198
        4.6500000000         4.6500000000         1.2613635231
        4.6550000000         4.6500000000         1.3441902413
        4.6600000000         4.6500000000         1.4219199306
        4.6650000000         4.6500000000         1.4932783339
        4.6700000000         4.6500000000         1.5773793093
        4.6750000000         4.6500000000         1.6538347414
        4.6800000000         4.6500000000         1.7264674019
        4.6850000000         4.6500000000         1.8041970912
        4.6900000000         4.6500000000         1.8730069801
        4.6950000000         4.6500000000         1.9545594411
        4.7000000000         4.6500000000         2.0271921016
        4.7050000000         4.6500000000         2.1049217909
        4.7100000000         4.6500000000         2.1851999947
        4.7150000000         4.6500000000         2.2565583980
        4.7200000000         4.6500000000         2.3368366017
        4.7250000000         4.6500000000         2.4171148054
        4.7300000000         4.6500000000         2.4910217232
        4.7350000000         4.6500000000         2.5725741841
        4.7400000000         4.6500000000         2.6515781306
        4.7450000000         4.6500000000         2.7293078200
        4.7500000000         4.6500000000         2.8159573097
        4.7550000000         4.6500000000         2.8924127418
        4.7600000000         4.6500000000         2.9688681739
        4.7650000000         4.6500000000         3.0516948921
        4.7700000000         4.6500000000         3.1345216102
        4.7750000000         4.6500000000         3.2186225856
        4.7800000000         4.6500000000         3.2925295033
        4.7850000000         4.6500000000         3.3740819642
        4.7900000000         4.6500000000         3.4581829396
        4.7950000000         4.6500000000         3.5422839149
        4.8000000000         4.6500000000         3.6212878614
        4.8050000000         4.6500000000         3.7053888368
        4.8100000000         4.6500000000         3.7882155549
        4.8150000000         4.6500000000         3.8710422730
        4.8200000000         4.6500000000         3.9538689912
        4.8250000000         4.6500000000         4.0405184809
        4.8300000000         4.6500000000         4.1271679707
        4.8350000000         4.6500000000         4.2074461744
        4.8400000000         4.6500000000         4.2889986353
        4.8450000000         4.6500000000         4.3667283247
