        0.0000000000         4.9500000000         0.2547003335
        0.0050000000         4.9500000000         0.2534260763
        0.0100000000         4.9500000000         0.2483290475
        0.0150000000         4.9500000000         0.2585231051
        0.0200000000         4.9500000000         0.2852825063
        0.0250000000         4.9500000000         0.3171389364
        0.0300000000         4.9500000000         0.3617379384
        0.0350000000         4.9500000000         0.4063369405
        0.0400000000         4.9500000000         0.4725983150
        0.0450000000         4.9500000000         0.5350369179
        0.0500000000         4.9500000000         0.6012982924
        0.0550000000         4.9500000000         0.6701081814
        0.0600000000         4.9500000000         0.7478378707
        0.0650000000         4.9500000000         0.8230190456
        0.0700000000         4.9500000000         0.9045715065
        0.0750000000         4.9500000000         0.9823011959
        0.0800000000         4.9500000000         1.0676764284
        0.0850000000         4.9500000000         1.1454061177
        0.0900000000         4.9500000000         1.2333298647
        0.0950000000         4.9500000000         1.3199793544
        0.1000000000         4.9500000000         1.4079031014
        0.1050000000         4.9500000000         1.4907298195
        0.1100000000         4.9500000000         1.5761050521
        0.1150000000         4.9500000000         1.6665773134
        0.1200000000         4.9500000000         1.7468555171
        0.1250000000         4.9500000000         1.8335050069
        0.1300000000         4.9500000000         1.9150574678
        0.1350000000         4.9500000000         2.0042554720
        0.1400000000         4.9500000000         2.0972762477
        0.1450000000         4.9500000000         2.1839257375
        0.1500000000         4.9500000000         2.2743979988
        0.1550000000         4.9500000000         2.3661445174
        0.1600000000         4.9500000000         2.4617138075
        0.1650000000         4.9500000000         2.5521860689
        0.1700000000         4.9500000000         2.6426583302
        0.1750000000         4.9500000000         2.7318563344
        0.1800000000         4.9500000000         2.8286998817
        0.1850000000         4.9500000000         2.9242691719
        0.1900000000         4.9500000000         3.0160156904
        0.1950000000         4.9500000000         3.1128592378
        0.2000000000         4.9500000000         3.2071542707
        0.2050000000         4.9500000000         3.3039978181
        0.2100000000         4.9500000000         3.4033898799
        0.2150000000         4.9500000000         3.4989591700
        0.2200000000         4.9500000000         3.5932542030
        0.2250000000         4.9500000000         3.6862749787
        0.2300000000         4.9500000000         3.7843927833
        0.2350000000         4.9500000000         3.8850591023
        0.2400000000         4.9500000000         3.9869996784
        0.2450000000         4.9500000000         4.0838432258
        0.2500000000         4.9500000000         4.1832352876
        0.2550000000         4.9500000000         4.2800788349
        0.2600000000         4.9500000000         4.3845679255
        0.2650000000         4.9500000000         4.4839599872
        0.2700000000         4.9500000000         4.5820777918
        0.2750000000         4.9500000000         4.6916639112
        0.2800000000         4.9500000000         4.7897817158
        0.2850000000         4.9500000000         4.8968193207
        0.2900000000         4.9500000000         4.9962113825
        0.2950000000         4.9500000000         5.0688440430
        0.3000000000         4.9500000000         1.1046298873
        0.3050000000         4.9500000000        -0.0001511069
        0.3100000000         4.9500000000         0.0240597799
        0.3150000000         4.9500000000         0.1247260989
        0.3200000000         4.9500000000         0.2202953890
        0.3250000000         4.9500000000         0.3196874508
        0.3300000000         4.9500000000         0.4203537697
        0.3350000000         4.9500000000         0.5222943459
        0.3400000000         4.9500000000         0.6204121505
        0.3450000000         4.9500000000         0.7134329262
        0.3500000000         4.9500000000         0.8102764736
        0.3550000000         4.9500000000         0.9122170498
        0.3600000000         4.9500000000         1.0077863399
        0.3650000000         4.9500000000         1.0969843441
        0.3700000000         4.9500000000         1.1912793770
        0.3750000000         4.9500000000         1.2881229244
        0.3800000000         4.9500000000         1.3824179573
        0.3850000000         4.9500000000         1.4690674471
        0.3900000000         4.9500000000         1.5620882228
        0.3950000000         4.9500000000         1.6538347414
        0.4000000000         4.9500000000         1.7404842311
        0.4050000000         4.9500000000         1.8296822353
        0.4100000000         4.9500000000         1.9201544966
        0.4150000000         4.9500000000         2.0182723012
        0.4200000000         4.9500000000         2.1061960481
        0.4250000000         4.9500000000         2.1966683095
        0.4300000000         4.9500000000         2.2947861140
        0.4350000000         4.9500000000         2.3788870894
        0.4400000000         4.9500000000         2.4757306367
        0.4450000000         4.9500000000         2.5687514125
        0.4500000000         4.9500000000         2.6630464454
        0.4550000000         4.9500000000         2.7611642500
        0.4600000000         4.9500000000         2.8529107686
        0.4650000000         4.9500000000         2.9484800587
        0.4700000000         4.9500000000         3.0364038057
        0.4750000000         4.9500000000         3.1370701246
        0.4800000000         4.9500000000         3.2351879292
        0.4850000000         4.9500000000         3.3269344477
        0.4900000000         4.9500000000         3.4250522523
        0.4950000000         4.9500000000         3.5269928285
        0.5000000000         4.9500000000         3.6238363758
        0.5050000000         4.9500000000         3.7181314088
        0.5100000000         4.9500000000         3.8175234705
        0.5150000000         4.9500000000         3.9156412751
        0.5200000000         4.9500000000         4.0175818513
        0.5250000000         4.9500000000         4.1182481702
        0.5300000000         4.9500000000         4.2138174604
        0.5350000000         4.9500000000         4.3144837794
        0.5400000000         4.9500000000         4.4164243555
        0.5450000000         4.9500000000         4.5170906745
        0.5500000000         4.9500000000         4.6152084791
        0.5550000000         4.9500000000         4.7209718268
        0.5600000000         4.9500000000         4.8280094318
        0.5650000000         4.9500000000         4.9337727796
        0.5700000000         4.9500000000         5.0395361274
        0.5750000000         4.9500000000         5.0675697858
        0.5800000000         4.9500000000         1.1122754305
        0.5850000000         4.9500000000        -0.0014253642
        0.5900000000         4.9500000000         0.0559162099
        0.5950000000         4.9500000000         0.1540340145
        0.6000000000         4.9500000000         0.2508775619
        0.6050000000         4.9500000000         0.3604636812
        0.6100000000         4.9500000000         0.4560329714
        0.6150000000         4.9500000000         0.5566992904
        0.6200000000         4.9500000000         0.6509943233
        0.6250000000         4.9500000000         0.7529348995
        0.6300000000         4.9500000000         0.8523269613
        0.6350000000         4.9500000000         0.9517190230
        0.6400000000         4.9500000000         1.0434655416
        0.6450000000         4.9500000000         1.1364863173
        0.6500000000         4.9500000000         1.2269585787
        0.6550000000         4.9500000000         1.3276248976
        0.6600000000         4.9500000000         1.4180971590
        0.6650000000         4.9500000000         1.5034723915
        0.6700000000         4.9500000000         1.6015901961
        0.6750000000         4.9500000000         1.6895139430
        0.6800000000         4.9500000000         1.7812604616
        0.6850000000         4.9500000000         1.8717327229
        0.6900000000         4.9500000000         1.9558336983
        0.6950000000         4.9500000000         2.0539515028
        0.7000000000         4.9500000000         2.1444237642
        0.7050000000         4.9500000000         2.2323475111
        0.7100000000         4.9500000000         2.3342880873
        0.7150000000         4.9500000000         2.4234860914
        0.7200000000         4.9500000000         2.5126840956
        0.7250000000         4.9500000000         2.6082533858
        0.7300000000         4.9500000000         2.7038226759
        0.7350000000         4.9500000000         2.7968434517
        0.7400000000         4.9500000000         2.8924127418
        0.7450000000         4.9500000000         2.9879820320
        0.7500000000         4.9500000000         3.0822770649
        0.7550000000         4.9500000000         3.1803948695
        0.7600000000         4.9500000000         3.2759641597
        0.7650000000         4.9500000000         3.3766304786
        0.7700000000         4.9500000000         3.4709255116
        0.7750000000         4.9500000000         3.5639462873
        0.7800000000         4.9500000000         3.6646126063
        0.7850000000         4.9500000000         3.7652789253
        0.7900000000         4.9500000000         3.8608482154
        0.7950000000         4.9500000000         3.9615145344
        0.8000000000         4.9500000000         4.0647293678
        0.8050000000         4.9500000000         4.1628471723
        0.8100000000         4.9500000000         4.2609649769
        0.8150000000         4.9500000000         4.3654540675
        0.8200000000         4.9500000000         4.4648461292
        0.8250000000         4.9500000000         4.5642381910
        0.8300000000         4.9500000000         4.6674530244
        0.8350000000         4.9500000000         4.7706678577
        0.8400000000         4.9500000000         4.8815282343
        0.8450000000         4.9500000000         4.9860173249
        0.8500000000         4.9500000000         5.0675697858
        0.8550000000         4.9500000000         1.1097269161
        0.8600000000         4.9500000000         0.0049459219
        0.8650000000         4.9500000000         0.0100429507
        0.8700000000         4.9500000000         0.1081607552
        0.8750000000         4.9500000000         0.2050043026
        0.8800000000         4.9500000000         0.3120419076
        0.8850000000         4.9500000000         0.4076111977
        0.8900000000         4.9500000000         0.5108260311
        0.8950000000         4.9500000000         0.6127666073
        0.9000000000         4.9500000000         0.7045131258
        0.9050000000         4.9500000000         0.8013566732
        0.9100000000         4.9500000000         0.9032972493
        0.9150000000         4.9500000000         0.9963180251
        0.9200000000         4.9500000000         1.0944358297
        0.9250000000         4.9500000000         1.1912793770
        0.9300000000         4.9500000000         1.2792031240
        0.9350000000         4.9500000000         1.3709496425
        0.9400000000         4.9500000000         1.4626961611
        0.9450000000         4.9500000000         1.5569911940
        0.9500000000         4.9500000000         1.6474634554
        0.9550000000         4.9500000000         1.7392099739
        0.9600000000         4.9500000000         1.8258594637
        0.9650000000         4.9500000000         1.9201544966
        0.9700000000         4.9500000000         2.0093525008
        0.9750000000         4.9500000000         2.1023732765
        0.9800000000         4.9500000000         2.1915712807
        0.9850000000         4.9500000000         2.2884148280
        0.9900000000         4.9500000000         2.3827098610
        0.9950000000         4.9500000000         2.4706336079
        1.0000000000         4.9500000000         2.5649286409
        1.0050000000         4.9500000000         2.6630464454
        1.0100000000         4.9500000000         2.7535187068
        1.0150000000         4.9500000000         2.8478137397
        1.0200000000         4.9500000000         2.9472058015
        1.0250000000         4.9500000000         3.0415008345
        1.0300000000         4.9500000000         3.1332473530
        1.0350000000         4.9500000000         3.2288166432
        1.0400000000         4.9500000000         3.3294829621
        1.0450000000         4.9500000000         3.4276007667
        1.0500000000         4.9500000000         3.5193472853
        1.0550000000         4.9500000000         3.6225621186
        1.0600000000         4.9500000000         3.7219541804
        1.0650000000         4.9500000000         3.8175234705
        1.0700000000         4.9500000000         3.9194640467
        1.0750000000         4.9500000000         4.0214046229
        1.0800000000         4.9500000000         4.1195224274
        1.0850000000         4.9500000000         4.2163659748
        1.0900000000         4.9500000000         4.3170322938
        1.0950000000         4.9500000000         4.4176986127
        1.1000000000         4.9500000000         4.5196391889
        1.1050000000         4.9500000000         4.6241282795
        1.1100000000         4.9500000000         4.7298916273
        1.1150000000         4.9500000000         4.8305579462
        1.1200000000         4.9500000000         4.9363212940
        1.1250000000         4.9500000000         5.0395361274
        1.1300000000         4.9500000000         5.0637470142
        1.1350000000         4.9500000000         0.0113172079
        1.1400000000         4.9500000000        -0.0001511069
        1.1450000000         4.9500000000         0.0622874960
        1.1500000000         4.9500000000         0.1667765865
        1.1550000000         4.9500000000         0.2661686483
        1.1600000000         4.9500000000         0.3642864529
        1.1650000000         4.9500000000         0.4675012862
        1.1700000000         4.9500000000         0.5707161196
        1.1750000000         4.9500000000         0.6650111525
        1.1800000000         4.9500000000         0.7593061855
        1.1850000000         4.9500000000         0.8574239901
        1.1900000000         4.9500000000         0.9568160518
        1.1950000000         4.9500000000         1.0587566280
        1.2000000000         4.9500000000         1.1466803749
        1.2050000000         4.9500000000         1.2384268935
        1.2100000000         4.9500000000         1.3378189553
        1.2150000000         4.9500000000         1.4321139882
        1.2200000000         4.9500000000         1.5174892208
        1.2250000000         4.9500000000         1.6079614821
        1.2300000000         4.9500000000         1.7048050295
        1.2350000000         4.9500000000         1.7914545192
        1.2400000000         4.9500000000         1.8806525234
        1.2450000000         4.9500000000         1.9736732991
        1.2500000000         4.9500000000         2.0666940749
        1.2550000000         4.9500000000         2.1609891078
        1.2600000000         4.9500000000         2.2501871120
        1.2650000000         4.9500000000         2.3432078877
        1.2700000000         4.9500000000         2.4375029207
        1.2750000000         4.9500000000         2.5292494392
        1.2800000000         4.9500000000         2.6248187294
        1.2850000000         4.9500000000         2.7203880195
        1.2900000000         4.9500000000         2.8121345381
        1.2950000000         4.9500000000         2.9089780854
        1.3000000000         4.9500000000         3.0019988612
        1.3050000000         4.9500000000         3.0988424086
        1.3100000000         4.9500000000         3.1931374415
        1.3150000000         4.9500000000         3.2899809889
        1.3200000000         4.9500000000         3.3880987934
        1.3250000000         4.9500000000         3.4874908552
        1.3300000000         4.9500000000         3.5856086598
        1.3350000000         4.9500000000         3.6824522071
        1.3400000000         4.9500000000         3.7792957545
        1.3450000000         4.9500000000         3.8799620735
        1.3500000000         4.9500000000         3.9806283924
        1.3550000000         4.9500000000         4.0812947114
        1.3600000000         4.9500000000         4.1832352876
        1.3650000000         4.9500000000         4.2826273493
        1.3700000000         4.9500000000         4.3820194111
        1.3750000000         4.9500000000         4.4814114728
        1.3800000000         4.9500000000         4.5833520490
        1.3850000000         4.9500000000         4.6852926252
        1.3900000000         4.9500000000         4.7897817158
        1.3950000000         4.9500000000         4.8980935779
        1.4000000000         4.9500000000         5.0038569257
        1.4050000000         4.9500000000         5.0701183002
        1.4100000000         4.9500000000         1.1135496877
        1.4150000000         4.9500000000        -0.0026996214
        1.4200000000         4.9500000000         0.0227855227
        1.4250000000         4.9500000000         0.1298231277
        1.4300000000         4.9500000000         0.2292151894
        1.4350000000         4.9500000000         0.3298815084
        1.4400000000         4.9500000000         0.4279993130
        1.4450000000         4.9500000000         0.5350369179
        1.4500000000         4.9500000000         0.6318804653
        1.4550000000         4.9500000000         0.7287240127
        1.4600000000         4.9500000000         0.8242933028
        1.4650000000         4.9500000000         0.9198625930
        1.4700000000         4.9500000000         1.0218031691
        1.4750000000         4.9500000000         1.1135496877
        1.4800000000         4.9500000000         1.2078447206
        1.4850000000         4.9500000000         1.3008654964
        1.4900000000         4.9500000000         1.3900635005
        1.4950000000         4.9500000000         1.4856327907
        1.5000000000         4.9500000000         1.5786535665
        1.5050000000         4.9500000000         1.6653030562
        1.5100000000         4.9500000000         1.7621466036
        1.5150000000         4.9500000000         1.8487960933
        1.5200000000         4.9500000000         1.9405426119
        1.5250000000         4.9500000000         2.0335633876
        1.5300000000         4.9500000000         2.1265841634
        1.5350000000         4.9500000000         2.2183306819
        1.5400000000         4.9500000000         2.3113514577
        1.5450000000         4.9500000000         2.4043722334
        1.5500000000         4.9500000000         2.4961187520
        1.5550000000         4.9500000000         2.5904137849
        1.5600000000         4.9500000000         2.6834345607
        1.5650000000         4.9500000000         2.7751810792
        1.5700000000         4.9500000000         2.8694761122
        1.5750000000         4.9500000000         2.9701424312
        1.5800000000         4.9500000000         3.0631632069
        1.5850000000         4.9500000000         3.1612810115
        1.5900000000         4.9500000000         3.2593988160
        1.5950000000         4.9500000000         3.3549681062
        1.6000000000         4.9500000000         3.4518116535
        1.6050000000         4.9500000000         3.5461066865
        1.6100000000         4.9500000000         3.6454987483
        1.6150000000         4.9500000000         3.7436165528
        1.6200000000         4.9500000000         3.8455571290
        1.6250000000         4.9500000000         3.9474977052
        1.6300000000         4.9500000000         4.0405184809
        1.6350000000         4.9500000000         4.1386362855
        1.6400000000         4.9500000000         4.2443996333
        1.6450000000         4.9500000000         4.3437916950
        1.6500000000         4.9500000000         4.4431837568
        1.6550000000         4.9500000000         4.5451243329
        1.6600000000         4.9500000000         4.6470649091
        1.6650000000         4.9500000000         4.7528282569
        1.6700000000         4.9500000000         4.8611401191
        1.6750000000         4.9500000000         4.9681777240
        1.6800000000         4.9500000000         5.0637470142
        1.6850000000         4.9500000000         5.0611984998
        1.6900000000         4.9500000000        -0.0026996214
        1.6950000000         4.9500000000         0.0011231503
        1.7000000000         4.9500000000         0.0941439260
        1.7050000000         4.9500000000         0.1871647018
        1.7100000000         4.9500000000         0.2929280495
        1.7150000000         4.9500000000         0.3961428829
        1.7200000000         4.9500000000         0.4980834591
        1.7250000000         4.9500000000         0.5936527492
        1.7300000000         4.9500000000         0.6879477822
        1.7350000000         4.9500000000         0.7937111300
        1.7400000000         4.9500000000         0.8880061629
        1.7450000000         4.9500000000         0.9848497103
        1.7500000000         4.9500000000         1.0791447432
        1.7550000000         4.9500000000         1.1734397762
        1.7600000000         4.9500000000         1.2677348091
        1.7650000000         4.9500000000         1.3582070705
        1.7700000000         4.9500000000         1.4575991323
        1.7750000000         4.9500000000         1.5493456508
        1.7800000000         4.9500000000         1.6372693978
        1.7850000000         4.9500000000         1.7277416591
        1.7900000000         4.9500000000         1.8182139205
        1.7950000000         4.9500000000         1.9112346962
        1.8000000000         4.9500000000         2.0004327004
        1.8050000000         4.9500000000         2.0921792189
        1.8100000000         4.9500000000         2.1864742519
        1.8150000000         4.9500000000         2.2794950276
        1.8200000000         4.9500000000         2.3686930318
        1.8250000000         4.9500000000         2.4604395503
        1.8300000000         4.9500000000         2.5598316121
        1.8350000000         4.9500000000         2.6528523878
        1.8400000000         4.9500000000         2.7458731636
        1.8450000000         4.9500000000         2.8414424537
        1.8500000000         4.9500000000         2.9344632295
        1.8550000000         4.9500000000         3.0351295485
        1.8600000000         4.9500000000         3.1294245814
        1.8650000000         4.9500000000         3.2249938716
        1.8700000000         4.9500000000         3.3218374189
        1.8750000000         4.9500000000         3.4212294807
        1.8800000000         4.9500000000         3.5206215425
        1.8850000000         4.9500000000         3.6123680610
        1.8900000000         4.9500000000         3.7130343800
        1.8950000000         4.9500000000         3.8111521845
        1.9000000000         4.9500000000         3.9105442463
        1.9050000000         4.9500000000         4.0086620509
        1.9100000000         4.9500000000         4.1080541126
        1.9150000000         4.9500000000         4.2074461744
        1.9200000000         4.9500000000         4.3093867506
        1.9250000000         4.9500000000         4.4087788123
        1.9300000000         4.9500000000         4.5145421601
        1.9350000000         4.9500000000         4.6164827363
        1.9400000000         4.9500000000         4.7184233124
        1.9450000000         4.9500000000         4.8216381458
        1.9500000000         4.9500000000         4.9312242652
        1.9550000000         4.9500000000         5.0357133558
        1.9600000000         4.9500000000         5.0675697858
        1.9650000000         4.9500000000         1.1084526589
        1.9700000000         4.9500000000        -0.0001511069
        1.9750000000         4.9500000000         0.0546419527
        1.9800000000         4.9500000000         0.1578567861
        1.9850000000         4.9500000000         0.2572488479
        1.9900000000         4.9500000000         0.3553666524
        1.9950000000         4.9500000000         0.4560329714
        2.0000000000         4.9500000000         0.5503280044
        2.0050000000         4.9500000000         0.6497200661
        2.0100000000         4.9500000000         0.7465636135
        2.0150000000         4.9500000000         0.8523269613
        2.0200000000         4.9500000000         0.9504447658
        2.0250000000         4.9500000000         1.0409170272
        2.0300000000         4.9500000000         1.1364863173
        2.0350000000         4.9500000000         1.2320556075
        2.0400000000         4.9500000000         1.3238021260
        2.0450000000         4.9500000000         1.4180971590
        2.0500000000         4.9500000000         1.5085694203
        2.0550000000         4.9500000000         1.6015901961
        2.0600000000         4.9500000000         1.6907882002
        2.0650000000         4.9500000000         1.7825347188
        2.0700000000         4.9500000000         1.8742812373
        2.0750000000         4.9500000000         1.9609307271
        2.0800000000         4.9500000000         2.0539515028
        2.0850000000         4.9500000000         2.1431495070
        2.0900000000         4.9500000000         2.2412673115
        2.0950000000         4.9500000000         2.3317395729
        2.1000000000         4.9500000000         2.4247603487
        2.1050000000         4.9500000000         2.5177811244
        2.1100000000         4.9500000000         2.6108019002
        2.1150000000         4.9500000000         2.7025484187
        2.1200000000         4.9500000000         2.8019404805
        2.1250000000         4.9500000000         2.8962355134
        2.1300000000         4.9500000000         2.9918048036
        2.1350000000         4.9500000000         3.0873740937
        2.1400000000         4.9500000000         3.1842176411
        2.1450000000         4.9500000000         3.2861582173
        2.1500000000         4.9500000000         3.3791789930
        2.1550000000         4.9500000000         3.4734740260
        2.1600000000         4.9500000000         3.5728660877
        2.1650000000         4.9500000000         3.6697096351
        2.1700000000         4.9500000000         3.7716502113
        2.1750000000         4.9500000000         3.8697680158
        2.1800000000         4.9500000000         3.9640630488
        2.1850000000         4.9500000000         4.0711006538
        2.1900000000         4.9500000000         4.1717669727
        2.1950000000         4.9500000000         4.2635134913
        2.2000000000         4.9500000000         4.3629055530
        2.2050000000         4.9500000000         4.4712174152
        2.2100000000         4.9500000000         4.5731579914
        2.2150000000         4.9500000000         4.6750985676
        2.2200000000         4.9500000000         4.7821361725
        2.2250000000         4.9500000000         4.8802539771
        2.2300000000         4.9500000000         4.9821945533
        2.2350000000         4.9500000000         5.0701183002
        2.2400000000         4.9500000000         1.1110011733
        2.2450000000         4.9500000000        -0.0001511069
        2.2500000000         4.9500000000         0.0138657223
        2.2550000000         4.9500000000         0.1107092696
        2.2600000000         4.9500000000         0.2101013314
        2.2650000000         4.9500000000         0.3107676504
        2.2700000000         4.9500000000         0.4114339693
        2.2750000000         4.9500000000         0.5133745455
        2.2800000000         4.9500000000         0.6102180929
        2.2850000000         4.9500000000         0.7045131258
        2.2900000000         4.9500000000         0.8064537020
        2.2950000000         4.9500000000         0.9007487349
        2.3000000000         4.9500000000         1.0001407967
        2.3050000000         4.9500000000         1.0944358297
        2.3100000000         4.9500000000         1.1887308626
        2.3150000000         4.9500000000         1.2817516384
        2.3200000000         4.9500000000         1.3785951857
        2.3250000000         4.9500000000         1.4639704183
        2.3300000000         4.9500000000         1.5569911940
        2.3350000000         4.9500000000         1.6500119698
        2.3400000000         4.9500000000         1.7379357167
        2.3450000000         4.9500000000         1.8335050069
        2.3500000000         4.9500000000         1.9201544966
        2.3550000000         4.9500000000         2.0131752724
        2.3600000000         4.9500000000         2.1010990193
        2.3650000000         4.9500000000         2.1941197951
        2.3700000000         4.9500000000         2.2858663136
        2.3750000000         4.9500000000         2.3788870894
        2.3800000000         4.9500000000         2.4706336079
        2.3850000000         4.9500000000         2.5623801265
        2.3900000000         4.9500000000         2.6592236738
        2.3950000000         4.9500000000         2.7573414784
        2.4000000000         4.9500000000         2.8503622542
        2.4050000000         4.9500000000         2.9484800587
        2.4100000000         4.9500000000         3.0440493489
        2.4150000000         4.9500000000         3.1396186390
        2.4200000000         4.9500000000         3.2288166432
        2.4250000000         4.9500000000         3.3282087049
        2.4300000000         4.9500000000         3.4301492811
        2.4350000000         4.9500000000         3.5244443141
        2.4400000000         4.9500000000         3.6225621186
        2.4450000000         4.9500000000         3.7232284376
        2.4500000000         4.9500000000         3.8162492133
        2.4550000000         4.9500000000         3.9130927607
        2.4600000000         4.9500000000         4.0188561085
        2.4650000000         4.9500000000         4.1169739130
        2.4700000000         4.9500000000         4.2125432032
        2.4750000000         4.9500000000         4.3132095222
        2.4800000000         4.9500000000         4.4126015839
        2.4850000000         4.9500000000         4.5145421601
        2.4900000000         4.9500000000         4.6139342219
        2.4950000000         4.9500000000         4.7184233124
        2.5000000000         4.9500000000         4.8216381458
        2.5050000000         4.9500000000         4.9274014936
        2.5100000000         4.9500000000         5.0293420697
        2.5150000000         4.9500000000         5.0637470142
        2.5200000000         4.9500000000         1.1059041445
        2.5250000000         4.9500000000         0.0023974075
        2.5300000000         4.9500000000         0.0495449239
        2.5350000000         4.9500000000         0.1502112429
        2.5400000000         4.9500000000         0.2496033047
        2.5450000000         4.9500000000         0.3489953664
        2.5500000000         4.9500000000         0.4483874282
        2.5550000000         4.9500000000         0.5490537472
        2.5600000000         4.9500000000         0.6484458089
        2.5650000000         4.9500000000         0.7465636135
        2.5700000000         4.9500000000         0.8421329036
        2.5750000000         4.9500000000         0.9402507082
        2.5800000000         4.9500000000         1.0345457412
        2.5850000000         4.9500000000         1.1288407741
        2.5900000000         4.9500000000         1.2244100643
        2.5950000000         4.9500000000         1.3174308400
        2.6000000000         4.9500000000         1.4091773586
        2.6050000000         4.9500000000         1.5021981343
        2.6100000000         4.9500000000         1.5913961385
        2.6150000000         4.9500000000         1.6780456282
        2.6200000000         4.9500000000         1.7736149184
        2.6250000000         4.9500000000         1.8615386653
        2.6300000000         4.9500000000         1.9507366695
        2.6350000000         4.9500000000         2.0463059596
        2.6400000000         4.9500000000         2.1304069350
        2.6450000000         4.9500000000         2.2259762251
        2.6500000000         4.9500000000         2.3228197725
        2.6550000000         4.9500000000         2.4081950050
        2.6600000000         4.9500000000         2.5024900380
        2.6650000000         4.9500000000         2.5993335853
        2.6700000000         4.9500000000         2.6923543611
        2.6750000000         4.9500000000         2.7853751368
        2.6800000000         4.9500000000         2.8834929414
        2.6850000000         4.9500000000         2.9803364888
        2.6900000000         4.9500000000         3.0733572645
        2.6950000000         4.9500000000         3.1702008119
        2.7000000000         4.9500000000         3.2695928736
        2.7050000000         4.9500000000         3.3600651350
        2.7100000000         4.9500000000         3.4607314540
        2.7150000000         4.9500000000         3.5575750013
        2.7200000000         4.9500000000         3.6531442915
        2.7250000000         4.9500000000         3.7550848676
        2.7300000000         4.9500000000         3.8544769294
        2.7350000000         4.9500000000         3.9500462196
        2.7400000000         4.9500000000         4.0494382813
        2.7450000000         4.9500000000         4.1526531147
        2.7500000000         4.9500000000         4.2456738905
        2.7550000000         4.9500000000         4.3463402094
        2.7600000000         4.9500000000         4.4508293000
        2.7650000000         4.9500000000         4.5502213618
        2.7700000000         4.9500000000         4.6521619379
        2.7750000000         4.9500000000         4.7553767713
        2.7800000000         4.9500000000         4.8560430903
        2.7850000000         4.9500000000         4.9567094092
        2.7900000000         4.9500000000         5.0637470142
        2.7950000000         4.9500000000         5.0650212714
        2.8000000000         4.9500000000        -0.0026996214
        2.8050000000         4.9500000000         0.0011231503
        2.8100000000         4.9500000000         0.0852241256
        2.8150000000         4.9500000000         0.1833419302
        2.8200000000         4.9500000000         0.2801854775
        2.8250000000         4.9500000000         0.3884973397
        2.8300000000         4.9500000000         0.4866151443
        2.8350000000         4.9500000000         0.5809101772
        2.8400000000         4.9500000000         0.6777537246
        2.8450000000         4.9500000000         0.7822428151
        2.8500000000         4.9500000000         0.8803606197
        2.8550000000         4.9500000000         0.9695586239
        2.8600000000         4.9500000000         1.0651279140
        2.8650000000         4.9500000000         1.1606972042
        2.8700000000         4.9500000000         1.2511694655
        2.8750000000         4.9500000000         1.3467387557
        2.8800000000         4.9500000000         1.4384852742
        2.8850000000         4.9500000000         1.5315060500
        2.8900000000         4.9500000000         1.6194297969
        2.8950000000         4.9500000000         1.7099020583
        2.9000000000         4.9500000000         1.8016485768
        2.9050000000         4.9500000000         1.8870238094
        2.9100000000         4.9500000000         1.9825930995
        2.9150000000         4.9500000000         2.0768881325
        2.9200000000         4.9500000000         2.1622633650
        2.9250000000         4.9500000000         2.2565583980
        2.9300000000         4.9500000000         2.3483049165
        2.9350000000         4.9500000000         2.4400514351
        2.9400000000         4.9500000000         2.5330722108
        2.9450000000         4.9500000000         2.6311900154
        2.9500000000         4.9500000000         2.7178395051
        2.9550000000         4.9500000000         2.8134087953
        2.9600000000         4.9500000000         2.9140751143
        2.9650000000         4.9500000000         3.0032731184
        2.9700000000         4.9500000000         3.0975681514
        2.9750000000         4.9500000000         3.1969602131
        2.9800000000         4.9500000000         3.2963522749
        2.9850000000         4.9500000000         3.3868245362
        2.9900000000         4.9500000000         3.4862165980
        2.9950000000         4.9500000000         3.5830601454
        3.0000000000         4.9500000000         3.6786294355
        3.0050000000         4.9500000000         3.7843927833
        3.0100000000         4.9500000000         3.8786878162
        3.0150000000         4.9500000000         3.9742571064
        3.0200000000         4.9500000000         4.0736491682
        3.0250000000         4.9500000000         4.1755897443
        3.0300000000         4.9500000000         4.2775303205
        3.0350000000         4.9500000000         4.3705510963
        3.0400000000         4.9500000000         4.4750401868
        3.0450000000         4.9500000000         4.5731579914
        3.0500000000         4.9500000000         4.6789213392
        3.0550000000         4.9500000000         4.7846846869
        3.0600000000         4.9500000000         4.8878995203
        3.0650000000         4.9500000000         4.9911143537
        3.0700000000         4.9500000000         5.0675697858
        3.0750000000         4.9500000000         1.1135496877
        3.0800000000         4.9500000000        -0.0039738786
        3.0850000000         4.9500000000         0.0164142367
        3.0900000000         4.9500000000         0.1107092696
        3.0950000000         4.9500000000         0.2113755886
        3.1000000000         4.9500000000         0.3184131936
        3.1050000000         4.9500000000         0.4114339693
        3.1100000000         4.9500000000         0.5133745455
        3.1150000000         4.9500000000         0.6114923501
        3.1200000000         4.9500000000         0.7121586690
        3.1250000000         4.9500000000         0.8026309304
        3.1300000000         4.9500000000         0.9032972493
        3.1350000000         4.9500000000         0.9963180251
        3.1400000000         4.9500000000         1.0893388008
        3.1450000000         4.9500000000         1.1900051198
        3.1500000000         4.9500000000         1.2753803524
        3.1550000000         4.9500000000         1.3696753853
        3.1600000000         4.9500000000         1.4639704183
        3.1650000000         4.9500000000         1.5569911940
        3.1700000000         4.9500000000         1.6436406838
        3.1750000000         4.9500000000         1.7366614595
        3.1800000000         4.9500000000         1.8284079781
        3.1850000000         4.9500000000         1.9137832106
        3.1900000000         4.9500000000         2.0068039864
        3.1950000000         4.9500000000         2.0985505049
        3.2000000000         4.9500000000         2.1864742519
        3.2050000000         4.9500000000         2.2845920564
        3.2100000000         4.9500000000         2.3763385750
        3.2150000000         4.9500000000         2.4655365791
        3.2200000000         4.9500000000         2.5623801265
        3.2250000000         4.9500000000         2.6579494166
        3.2300000000         4.9500000000         2.7458731636
        3.2350000000         4.9500000000         2.8427167109
        3.2400000000         4.9500000000         2.9370117439
        3.2450000000         4.9500000000         3.0313067769
        3.2500000000         4.9500000000         3.1319730958
        3.2550000000         4.9500000000         3.2249938716
        3.2600000000         4.9500000000         3.3192889045
        3.2650000000         4.9500000000         3.4186809663
        3.2700000000         4.9500000000         3.5155245137
        3.2750000000         4.9500000000         3.6098195466
        3.2800000000         4.9500000000         3.7143086372
        3.2850000000         4.9500000000         3.8111521845
        3.2900000000         4.9500000000         3.9041729603
        3.2950000000         4.9500000000         4.0086620509
        3.3000000000         4.9500000000         4.1029570838
        3.3050000000         4.9500000000         4.2036234028
        3.3100000000         4.9500000000         4.3055639790
        3.3150000000         4.9500000000         4.4049560407
        3.3200000000         4.9500000000         4.5043481025
        3.3250000000         4.9500000000         4.6050144214
        3.3300000000         4.9500000000         4.7069549976
        3.3350000000         4.9500000000         4.8165411170
        3.3400000000         4.9500000000         4.9172074360
        3.3450000000         4.9500000000         5.0229707837
        3.3500000000         4.9500000000         5.0688440430
        3.3550000000         4.9500000000         1.1020813729
        3.3600000000         4.9500000000        -0.0001511069
        3.3650000000         4.9500000000         0.0444478951
        3.3700000000         4.9500000000         0.1374686709
        3.3750000000         4.9500000000         0.2445062759
        3.3800000000         4.9500000000         0.3400755660
        3.3850000000         4.9500000000         0.4432903994
        3.3900000000         4.9500000000         0.5465052328
        3.3950000000         4.9500000000         0.6433487801
        3.4000000000         4.9500000000         0.7376438131
        3.4050000000         4.9500000000         0.8332131032
        3.4100000000         4.9500000000         0.9338794222
        3.4150000000         4.9500000000         1.0256259407
        3.4200000000         4.9500000000         1.1224694881
        3.4250000000         4.9500000000         1.2167645211
        3.4300000000         4.9500000000         1.3059625252
        3.4350000000         4.9500000000         1.4015318154
        3.4400000000         4.9500000000         1.4932783339
        3.4450000000         4.9500000000         1.5799278237
        3.4500000000         4.9500000000         1.6793198854
        3.4550000000         4.9500000000         1.7697921468
        3.4600000000         4.9500000000         1.8538931221
        3.4650000000         4.9500000000         1.9430911263
        3.4700000000         4.9500000000         2.0386604164
        3.4750000000         4.9500000000         2.1291326778
        3.4800000000         4.9500000000         2.2221534535
        3.4850000000         4.9500000000         2.3138999721
        3.4900000000         4.9500000000         2.4094692622
        3.4950000000         4.9500000000         2.4948444948
        3.5000000000         4.9500000000         2.5878652705
        3.5050000000         4.9500000000         2.6898058467
        3.5100000000         4.9500000000         2.7815523652
        3.5150000000         4.9500000000         2.8758473982
        3.5200000000         4.9500000000         2.9701424312
        3.5250000000         4.9500000000         3.0682602357
        3.5300000000         4.9500000000         3.1638295259
        3.5350000000         4.9500000000         3.2581245588
        3.5400000000         4.9500000000         3.3575166206
        3.5450000000         4.9500000000         3.4556344252
        3.5500000000         4.9500000000         3.5512037153
        3.5550000000         4.9500000000         3.6480472627
        3.5600000000         4.9500000000         3.7461650672
        3.5650000000         4.9500000000         3.8493799006
        3.5700000000         4.9500000000         3.9424006764
        3.5750000000         4.9500000000         4.0392442237
        3.5800000000         4.9500000000         4.1450075715
        3.5850000000         4.9500000000         4.2431253761
        3.5900000000         4.9500000000         4.3386946662
        3.5950000000         4.9500000000         4.4380867280
        3.6000000000         4.9500000000         4.5438500757
        3.6050000000         4.9500000000         4.6457906519
        3.6100000000         4.9500000000         4.7528282569
        3.6150000000         4.9500000000         4.8560430903
        3.6200000000         4.9500000000         4.9554351520
        3.6250000000         4.9500000000         5.0561014710
        3.6300000000         4.9500000000         5.0688440430
        3.6350000000         4.9500000000        -0.0001511069
        3.6400000000         4.9500000000        -0.0026996214
        3.6450000000         4.9500000000         0.0839498684
        3.6500000000         4.9500000000         0.1807934157
        3.6550000000         4.9500000000         0.2776369631
        3.6600000000         4.9500000000         0.3821260537
        3.6650000000         4.9500000000         0.4878894015
        3.6700000000         4.9500000000         0.5796359200
        3.6750000000         4.9500000000         0.6803022390
        3.6800000000         4.9500000000         0.7771457863
        3.6850000000         4.9500000000         0.8739893337
        3.6900000000         4.9500000000         0.9721071383
        3.6950000000         4.9500000000         1.0664021712
        3.7000000000         4.9500000000         1.1556001754
        3.7050000000         4.9500000000         1.2562664943
        3.7100000000         4.9500000000         1.3480130129
        3.7150000000         4.9500000000         1.4410337886
        3.7200000000         4.9500000000         1.5353288216
        3.7250000000         4.9500000000         1.6258010829
        3.7300000000         4.9500000000         1.7124505727
        3.7350000000         4.9500000000         1.8054713484
        3.7400000000         4.9500000000         1.8921208382
        3.7450000000         4.9500000000         1.9825930995
        3.7500000000         4.9500000000         2.0743396181
        3.7550000000         4.9500000000         2.1660861366
        3.7600000000         4.9500000000         2.2578326552
        3.7650000000         4.9500000000         2.3584989741
        3.7700000000         4.9500000000         2.4400514351
        3.7750000000         4.9500000000         2.5368949824
        3.7800000000         4.9500000000         2.6324642726
        3.7850000000         4.9500000000         2.7254850483
        3.7900000000         4.9500000000         2.8223285957
        3.7950000000         4.9500000000         2.9153493715
        3.8000000000         4.9500000000         3.0134671760
        3.8050000000         4.9500000000         3.1039394374
        3.8100000000         4.9500000000         3.2007829847
        3.8150000000         4.9500000000         3.2989007893
        3.8200000000         4.9500000000         3.3931958222
        3.8250000000         4.9500000000         3.4976849128
        3.8300000000         4.9500000000         3.5907056886
        3.8350000000         4.9500000000         3.6875492359
        3.8400000000         4.9500000000         3.7894898121
        3.8450000000         4.9500000000         3.8825105879
        3.8500000000         4.9500000000         3.9793541352
        3.8550000000         4.9500000000         4.0851174830
        3.8600000000         4.9500000000         4.1794125159
        3.8650000000         4.9500000000         4.2800788349
        3.8700000000         4.9500000000         4.3820194111
        3.8750000000         4.9500000000         4.4826857300
        3.8800000000         4.9500000000         4.5782550202
        3.8850000000         4.9500000000         4.6865668824
        3.8900000000         4.9500000000         4.7897817158
        3.8950000000         4.9500000000         4.8891737775
        3.9000000000         4.9500000000         5.0013084113
        3.9050000000         4.9500000000         5.0662955286
        3.9100000000         4.9500000000         1.1084526589
        3.9150000000         4.9500000000         0.0049459219
        3.9200000000         4.9500000000         0.0176884939
        3.9250000000         4.9500000000         0.1183548128
        3.9300000000         4.9500000000         0.2241181606
        3.9350000000         4.9500000000         0.3222359652
        3.9400000000         4.9500000000         0.4203537697
        3.9450000000         4.9500000000         0.5235686031
        3.9500000000         4.9500000000         0.6165893789
        3.9550000000         4.9500000000         0.7147071834
        3.9600000000         4.9500000000         0.8179220168
        3.9650000000         4.9500000000         0.9109427926
        3.9700000000         4.9500000000         1.0065120827
        3.9750000000         4.9500000000         1.1008071157
        3.9800000000         4.9500000000         1.1963764058
        3.9850000000         4.9500000000         1.2855744100
        3.9900000000         4.9500000000         1.3811437001
        3.9950000000         4.9500000000         1.4741644759
        4.0000000000         4.9500000000         1.5646367372
        4.0050000000         4.9500000000         1.6602060274
        4.0100000000         4.9500000000         1.7519525459
        4.0150000000         4.9500000000         1.8347792641
        4.0200000000         4.9500000000         1.9265257826
        4.0250000000         4.9500000000         2.0208208156
        4.0300000000         4.9500000000         2.1100188197
        4.0350000000         4.9500000000         2.1992168239
        4.0400000000         4.9500000000         2.2909633424
        4.0450000000         4.9500000000         2.3878068898
        4.0500000000         4.9500000000         2.4821019227
        4.0550000000         4.9500000000         2.5725741841
        4.0600000000         4.9500000000         2.6694177315
        4.0650000000         4.9500000000         2.7662612788
        4.0700000000         4.9500000000         2.8529107686
        4.0750000000         4.9500000000         2.9535770875
        4.0800000000         4.9500000000         3.0491463777
        4.0850000000         4.9500000000         3.1447156678
        4.0900000000         4.9500000000         3.2402849580
        4.0950000000         4.9500000000         3.3371285054
        4.1000000000         4.9500000000         3.4365205671
        4.1050000000         4.9500000000         3.5269928285
        4.1100000000         4.9500000000         3.6314819190
        4.1150000000         4.9500000000         3.7270512092
        4.1200000000         4.9500000000         3.8251690138
        4.1250000000         4.9500000000         3.9258353327
        4.1300000000         4.9500000000         4.0226788801
        4.1350000000         4.9500000000         4.1207966846
        4.1400000000         4.9500000000         4.2227372608
        4.1450000000         4.9500000000         4.3170322938
        4.1500000000         4.9500000000         4.4189728699
        4.1550000000         4.9500000000         4.5209134461
        4.1600000000         4.9500000000         4.6203055079
        4.1650000000         4.9500000000         4.7324401417
        4.1700000000         4.9500000000         4.8318322034
        4.1750000000         4.9500000000         4.9350470368
        4.1800000000         4.9500000000         5.0446331562
        4.1850000000         4.9500000000         5.0675697858
        4.1900000000         4.9500000000         1.1097269161
        4.1950000000         4.9500000000         0.0023974075
        4.2000000000         4.9500000000         0.0610132388
        4.2050000000         4.9500000000         0.1604053005
        4.2100000000         4.9500000000         0.2610716195
        4.2150000000         4.9500000000         0.3604636812
        4.2200000000         4.9500000000         0.4675012862
        4.2250000000         4.9500000000         0.5617963192
        4.2300000000         4.9500000000         0.6611883809
        4.2350000000         4.9500000000         0.7567576711
        4.2400000000         4.9500000000         0.8548754757
        4.2450000000         4.9500000000         0.9542675374
        4.2500000000         4.9500000000         1.0434655416
        4.2550000000         4.9500000000         1.1428576033
        4.2600000000         4.9500000000         1.2346041219
        4.2650000000         4.9500000000         1.3250763832
        4.2700000000         4.9500000000         1.4257427022
        4.2750000000         4.9500000000         1.5123921919
        4.2800000000         4.9500000000         1.6041387105
        4.2850000000         4.9500000000         1.6971594863
        4.2900000000         4.9500000000         1.7850832332
        4.2950000000         4.9500000000         1.8755554945
        4.3000000000         4.9500000000         1.9660277559
        4.3050000000         4.9500000000         2.0577742744
        4.3100000000         4.9500000000         2.1456980214
        4.3150000000         4.9500000000         2.2412673115
        4.3200000000         4.9500000000         2.3368366017
        4.3250000000         4.9500000000         2.4222118342
        4.3300000000         4.9500000000         2.5190553816
        4.3350000000         4.9500000000         2.6146246718
        4.3400000000         4.9500000000         2.7063711903
        4.3450000000         4.9500000000         2.8070375093
        4.3500000000         4.9500000000         2.9000582850
        4.3550000000         4.9500000000         2.9981760896
        4.3600000000         4.9500000000         3.0886483509
        4.3650000000         4.9500000000         3.1816691267
        4.3700000000         4.9500000000         3.2823354457
        4.3750000000         4.9500000000         3.3791789930
        4.3800000000         4.9500000000         3.4747482832
        4.3850000000         4.9500000000         3.5728660877
        4.3900000000         4.9500000000         3.6709838923
        4.3950000000         4.9500000000         3.7665531825
        4.4000000000         4.9500000000         3.8672195014
        4.4050000000         4.9500000000         3.9640630488
        4.4100000000         4.9500000000         4.0660036250
        4.4150000000         4.9500000000         4.1628471723
        4.4200000000         4.9500000000         4.2647877485
        4.4250000000         4.9500000000         4.3629055530
        4.4300000000         4.9500000000         4.4661203864
        4.4350000000         4.9500000000         4.5655124482
        4.4400000000         4.9500000000         4.6725500532
        4.4450000000         4.9500000000         4.7732163721
        4.4500000000         4.9500000000         4.8738826911
        4.4550000000         4.9500000000         4.9872915821
        4.4600000000         4.9500000000         5.0650212714
        4.4650000000         4.9500000000         1.1122754305
        4.4700000000         4.9500000000         0.0049459219
        4.4750000000         4.9500000000         0.0049459219
        4.4800000000         4.9500000000         0.1068864980
        4.4850000000         4.9500000000         0.2050043026
        4.4900000000         4.9500000000         0.3082191360
        4.4950000000         4.9500000000         0.4076111977
        4.5000000000         4.9500000000         0.5044547451
        4.5050000000         4.9500000000         0.6102180929
        4.5100000000         4.9500000000         0.7083358974
        4.5150000000         4.9500000000         0.8039051876
        4.5200000000         4.9500000000         0.9020229921
        4.5250000000         4.9500000000         0.9924952535
        4.5300000000         4.9500000000         1.0893388008
        4.5350000000         4.9500000000         1.1887308626
        4.5400000000         4.9500000000         1.2753803524
        4.5450000000         4.9500000000         1.3722238997
