        0.0000000000         0.0500000000         3.6824522071
        0.0050000000         0.0500000000         3.6837264643
        0.0100000000         0.0500000000         3.6837264643
        0.0150000000         0.0500000000         3.6722581495
        0.0200000000         0.0500000000         3.6582413203
        0.0250000000         0.0500000000         3.6251106330
        0.0300000000         0.0500000000         3.5868829170
        0.0350000000         0.0500000000         3.5346383717
        0.0400000000         0.0500000000         3.4785710548
        0.0450000000         0.0500000000         3.4148581947
        0.0500000000         0.0500000000         3.3524195918
        0.0550000000         0.0500000000         3.2810611885
        0.0600000000         0.0500000000         3.2020572419
        0.0650000000         0.0500000000         3.1281503242
        0.0700000000         0.0500000000         3.0491463777
        0.0750000000         0.0500000000         2.9688681739
        0.0800000000         0.0500000000         2.8873157130
        0.0850000000         0.0500000000         2.8019404805
        0.0900000000         0.0500000000         2.7152909907
        0.0950000000         0.0500000000         2.6286415010
        0.1000000000         0.0500000000         2.5381692396
        0.1050000000         0.0500000000         2.4515197499
        0.1100000000         0.0500000000         2.3648702602
        0.1150000000         0.0500000000         2.2693009700
        0.1200000000         0.0500000000         2.1788287086
        0.1250000000         0.0500000000         2.0909049617
        0.1300000000         0.0500000000         2.0042554720
        0.1350000000         0.0500000000         1.9188802394
        0.1400000000         0.0500000000         1.8245852065
        0.1450000000         0.0500000000         1.7315644307
        0.1500000000         0.0500000000         1.6461891982
        0.1550000000         0.0500000000         1.5518941652
        0.1600000000         0.0500000000         1.4665189327
        0.1650000000         0.0500000000         1.3696753853
        0.1700000000         0.0500000000         1.2753803524
        0.1750000000         0.0500000000         1.1861823482
        0.1800000000         0.0500000000         1.0931615725
        0.1850000000         0.0500000000         0.9950437679
        0.1900000000         0.0500000000         0.9045715065
        0.1950000000         0.0500000000         0.8039051876
        0.2000000000         0.0500000000         0.7121586690
        0.2050000000         0.0500000000         0.6140408645
        0.2100000000         0.0500000000         0.5184715743
        0.2150000000         0.0500000000         0.4152567409
        0.2200000000         0.0500000000         0.3184131936
        0.2250000000         0.0500000000         0.2215696462
        0.2300000000         0.0500000000         0.1183548128
        0.2350000000         0.0500000000         0.0189627511
        0.2400000000         0.0500000000        -0.0001511069
        0.2450000000         0.0500000000         1.1084526589
        0.2500000000         0.0500000000         5.0637470142
        0.2550000000         0.0500000000         4.9962113825
        0.2600000000         0.0500000000         4.8955450635
        0.2650000000         0.0500000000         4.7910559730
        0.2700000000         0.0500000000         4.6903896540
        0.2750000000         0.0500000000         4.5808035346
        0.2800000000         0.0500000000         4.4801372156
        0.2850000000         0.0500000000         4.3769223823
        0.2900000000         0.0500000000         4.2813530921
        0.2950000000         0.0500000000         4.1806867731
        0.3000000000         0.0500000000         4.0851174830
        0.3050000000         0.0500000000         3.9831769068
        0.3100000000         0.0500000000         3.8850591023
        0.3150000000         0.0500000000         3.7869412977
        0.3200000000         0.0500000000         3.6850007215
        0.3250000000         0.0500000000         3.5868829170
        0.3300000000         0.0500000000         3.4989591700
        0.3350000000         0.0500000000         3.3982928511
        0.3400000000         0.0500000000         3.2963522749
        0.3450000000         0.0500000000         3.2020572419
        0.3500000000         0.0500000000         3.1115849806
        0.3550000000         0.0500000000         3.0109186616
        0.3600000000         0.0500000000         2.9191721431
        0.3650000000         0.0500000000         2.8223285957
        0.3700000000         0.0500000000         2.7280335628
        0.3750000000         0.0500000000         2.6350127870
        0.3800000000         0.0500000000         2.5317979536
        0.3850000000         0.0500000000         2.4425999495
        0.3900000000         0.0500000000         2.3470306593
        0.3950000000         0.0500000000         2.2501871120
        0.4000000000         0.0500000000         2.1622633650
        0.4050000000         0.0500000000         2.0679683321
        0.4100000000         0.0500000000         1.9749475563
        0.4150000000         0.0500000000         1.8806525234
        0.4200000000         0.0500000000         1.7940030336
        0.4250000000         0.0500000000         1.7022565151
        0.4300000000         0.0500000000         1.6105099965
        0.4350000000         0.0500000000         1.5162149636
        0.4400000000         0.0500000000         1.4193714162
        0.4450000000         0.0500000000         1.3263506404
        0.4500000000         0.0500000000         1.2384268935
        0.4550000000         0.0500000000         1.1428576033
        0.4600000000         0.0500000000         1.0434655416
        0.4650000000         0.0500000000         0.9491705086
        0.4700000000         0.0500000000         0.8599725045
        0.4750000000         0.0500000000         0.7580319283
        0.4800000000         0.0500000000         0.6611883809
        0.4850000000         0.0500000000         0.5617963192
        0.4900000000         0.0500000000         0.4636785146
        0.4950000000         0.0500000000         0.3681092245
        0.5000000000         0.0500000000         0.2661686483
        0.5050000000         0.0500000000         0.1655023293
        0.5100000000         0.0500000000         0.0686587820
        0.5150000000         0.0500000000         0.0023974075
        0.5200000000         0.0500000000         0.0113172079
        0.5250000000         0.0500000000         5.0675697858
        0.5300000000         0.0500000000         5.0484559278
        0.5350000000         0.0500000000         4.9388698084
        0.5400000000         0.0500000000         4.8343807178
        0.5450000000         0.0500000000         4.7298916273
        0.5500000000         0.0500000000         4.6304995655
        0.5550000000         0.0500000000         4.5260104749
        0.5600000000         0.0500000000         4.4240698987
        0.5650000000         0.0500000000         4.3221293226
        0.5700000000         0.0500000000         4.2214630036
        0.5750000000         0.0500000000         4.1207966846
        0.5800000000         0.0500000000         4.0252273945
        0.5850000000         0.0500000000         3.9245610755
        0.5900000000         0.0500000000         3.8264432710
        0.5950000000         0.0500000000         3.7283254664
        0.6000000000         0.0500000000         3.6302076618
        0.6050000000         0.0500000000         3.5320898573
        0.6100000000         0.0500000000         3.4365205671
        0.6150000000         0.0500000000         3.3384027626
        0.6200000000         0.0500000000         3.2377364436
        0.6250000000         0.0500000000         3.1447156678
        0.6300000000         0.0500000000         3.0516948921
        0.6350000000         0.0500000000         2.9573998591
        0.6400000000         0.0500000000         2.8592820546
        0.6450000000         0.0500000000         2.7662612788
        0.6500000000         0.0500000000         2.6694177315
        0.6550000000         0.0500000000         2.5725741841
        0.6600000000         0.0500000000         2.4795534083
        0.6650000000         0.0500000000         2.3801613466
        0.6700000000         0.0500000000         2.2896890852
        0.6750000000         0.0500000000         2.1941197951
        0.6800000000         0.0500000000         2.1061960481
        0.6850000000         0.0500000000         2.0093525008
        0.6900000000         0.0500000000         1.9150574678
        0.6950000000         0.0500000000         1.8258594637
        0.7000000000         0.0500000000         1.7379357167
        0.7050000000         0.0500000000         1.6423664266
        0.7100000000         0.0500000000         1.5531684224
        0.7150000000         0.0500000000         1.4550506179
        0.7200000000         0.0500000000         1.3620298421
        0.7250000000         0.0500000000         1.2715575807
        0.7300000000         0.0500000000         1.1772625478
        0.7350000000         0.0500000000         1.0804190004
        0.7400000000         0.0500000000         0.9873982247
        0.7450000000         0.0500000000         0.8905546773
        0.7500000000         0.0500000000         0.7898883584
        0.7550000000         0.0500000000         0.6955933254
        0.7600000000         0.0500000000         0.5962012636
        0.7650000000         0.0500000000         0.4980834591
        0.7700000000         0.0500000000         0.3961428829
        0.7750000000         0.0500000000         0.3005735927
        0.7800000000         0.0500000000         0.1999072738
        0.7850000000         0.0500000000         0.1005152120
        0.7900000000         0.0500000000         0.0049459219
        0.7950000000         0.0500000000        -0.0001511069
        0.8000000000         0.0500000000         5.0548272138
        0.8050000000         0.0500000000         5.0650212714
        0.8100000000         0.0500000000         4.9732747529
        0.8150000000         0.0500000000         4.8700599195
        0.8200000000         0.0500000000         4.7668450861
        0.8250000000         0.0500000000         4.6623559955
        0.8300000000         0.0500000000         4.5629639338
        0.8350000000         0.0500000000         4.4610233576
        0.8400000000         0.0500000000         4.3590827814
        0.8450000000         0.0500000000         4.2584164625
        0.8500000000         0.0500000000         4.1552016291
        0.8550000000         0.0500000000         4.0596323389
        0.8600000000         0.0500000000         3.9627887916
        0.8650000000         0.0500000000         3.8633967298
        0.8700000000         0.0500000000         3.7652789253
        0.8750000000         0.0500000000         3.6671611207
        0.8800000000         0.0500000000         3.5677690589
        0.8850000000         0.0500000000         3.4734740260
        0.8900000000         0.0500000000         3.3779047358
        0.8950000000         0.0500000000         3.2797869313
        0.9000000000         0.0500000000         3.1765720979
        0.9050000000         0.0500000000         3.0822770649
        0.9100000000         0.0500000000         2.9918048036
        0.9150000000         0.0500000000         2.8962355134
        0.9200000000         0.0500000000         2.7981177089
        0.9250000000         0.0500000000         2.7025484187
        0.9300000000         0.0500000000         2.6082533858
        0.9350000000         0.0500000000         2.5152326100
        0.9400000000         0.0500000000         2.4196633198
        0.9450000000         0.0500000000         2.3228197725
        0.9500000000         0.0500000000         2.2259762251
        0.9550000000         0.0500000000         2.1355039638
        0.9600000000         0.0500000000         2.0424831880
        0.9650000000         0.0500000000         1.9507366695
        0.9700000000         0.0500000000         1.8628129225
        0.9750000000         0.0500000000         1.7685178896
        0.9800000000         0.0500000000         1.6754971138
        0.9850000000         0.0500000000         1.5837505953
        0.9900000000         0.0500000000         1.4894555623
        0.9950000000         0.0500000000         1.3977090438
        1.0000000000         0.0500000000         1.3008654964
        1.0050000000         0.0500000000         1.2065704634
        1.0100000000         0.0500000000         1.1160982021
        1.0150000000         0.0500000000         1.0205289119
        1.0200000000         0.0500000000         0.9185883358
        1.0250000000         0.0500000000         0.8281160744
        1.0300000000         0.0500000000         0.7325467843
        1.0350000000         0.0500000000         0.6306062081
        1.0400000000         0.0500000000         0.5312141463
        1.0450000000         0.0500000000         0.4330963418
        1.0500000000         0.0500000000         0.3324300228
        1.0550000000         0.0500000000         0.2368607326
        1.0600000000         0.0500000000         0.1336458993
        1.0650000000         0.0500000000         0.0329795803
        1.0700000000         0.0500000000        -0.0039738786
        1.0750000000         0.0500000000         1.1046298873
        1.0800000000         0.0500000000         5.0675697858
        1.0850000000         0.0500000000         5.0089539545
        1.0900000000         0.0500000000         4.9019163495
        1.0950000000         0.0500000000         4.7999757734
        1.1000000000         0.0500000000         4.6942124256
        1.1050000000         0.0500000000         4.5922718494
        1.1100000000         0.0500000000         4.4877827589
        1.1150000000         0.0500000000         4.3845679255
        1.1200000000         0.0500000000         4.2877243781
        1.1250000000         0.0500000000         4.1832352876
        1.1300000000         0.0500000000         4.0902145118
        1.1350000000         0.0500000000         3.9908224500
        1.1400000000         0.0500000000         3.8876076167
        1.1450000000         0.0500000000         3.7894898121
        1.1500000000         0.0500000000         3.6964690363
        1.1550000000         0.0500000000         3.5970769746
        1.1600000000         0.0500000000         3.5002334272
        1.1650000000         0.0500000000         3.4033898799
        1.1700000000         0.0500000000         3.3052720753
        1.1750000000         0.0500000000         3.2097027851
        1.1800000000         0.0500000000         3.1115849806
        1.1850000000         0.0500000000         3.0121929188
        1.1900000000         0.0500000000         2.9166236287
        1.1950000000         0.0500000000         2.8286998817
        1.2000000000         0.0500000000         2.7344048488
        1.2050000000         0.0500000000         2.6337385298
        1.2100000000         0.0500000000         2.5419920112
        1.2150000000         0.0500000000         2.4489712355
        1.2200000000         0.0500000000         2.3521276881
        1.2250000000         0.0500000000         2.2540098836
        1.2300000000         0.0500000000         2.1635376222
        1.2350000000         0.0500000000         2.0717911037
        1.2400000000         0.0500000000         1.9774960707
        1.2450000000         0.0500000000         1.8882980666
        1.2500000000         0.0500000000         1.7927287764
        1.2550000000         0.0500000000         1.7035307723
        1.2600000000         0.0500000000         1.6130585109
        1.2650000000         0.0500000000         1.5174892208
        1.2700000000         0.0500000000         1.4193714162
        1.2750000000         0.0500000000         1.3314476692
        1.2800000000         0.0500000000         1.2371526363
        1.2850000000         0.0500000000         1.1403090889
        1.2900000000         0.0500000000         1.0460140560
        1.2950000000         0.0500000000         0.9504447658
        1.3000000000         0.0500000000         0.8536012185
        1.3050000000         0.0500000000         0.7516606423
        1.3100000000         0.0500000000         0.6611883809
        1.3150000000         0.0500000000         0.5592478048
        1.3200000000         0.0500000000         0.4598557430
        1.3250000000         0.0500000000         0.3655607101
        1.3300000000         0.0500000000         0.2623458767
        1.3350000000         0.0500000000         0.1578567861
        1.3400000000         0.0500000000         0.0559162099
        1.3450000000         0.0500000000         0.0023974075
        1.3500000000         0.0500000000         1.1071784017
        1.3550000000         0.0500000000         5.0662955286
        1.3600000000         0.0500000000         5.0408103846
        1.3650000000         0.0500000000         4.9375955512
        1.3700000000         0.0500000000         4.8305579462
        1.3750000000         0.0500000000         4.7222460840
        1.3800000000         0.0500000000         4.6241282795
        1.3850000000         0.0500000000         4.5132679029
        1.3900000000         0.0500000000         4.4176986127
        1.3950000000         0.0500000000         4.3132095222
        1.4000000000         0.0500000000         4.2176402320
        1.4050000000         0.0500000000         4.1207966846
        1.4100000000         0.0500000000         4.0163075941
        1.4150000000         0.0500000000         3.9156412751
        1.4200000000         0.0500000000         3.8238947566
        1.4250000000         0.0500000000         3.7270512092
        1.4300000000         0.0500000000         3.6263848902
        1.4350000000         0.0500000000         3.5282670857
        1.4400000000         0.0500000000         3.4339720527
        1.4450000000         0.0500000000         3.3371285054
        1.4500000000         0.0500000000         3.2351879292
        1.4550000000         0.0500000000         3.1408928962
        1.4600000000         0.0500000000         3.0478721205
        1.4650000000         0.0500000000         2.9472058015
        1.4700000000         0.0500000000         2.8516365114
        1.4750000000         0.0500000000         2.7611642500
        1.4800000000         0.0500000000         2.6681434743
        1.4850000000         0.0500000000         2.5649286409
        1.4900000000         0.0500000000         2.4744563795
        1.4950000000         0.0500000000         2.3801613466
        1.5000000000         0.0500000000         2.2858663136
        1.5050000000         0.0500000000         2.1890227663
        1.5100000000         0.0500000000         2.1023732765
        1.5150000000         0.0500000000         2.0068039864
        1.5200000000         0.0500000000         1.9125089534
        1.5250000000         0.0500000000         1.8245852065
        1.5300000000         0.0500000000         1.7315644307
        1.5350000000         0.0500000000         1.6410921694
        1.5400000000         0.0500000000         1.5429743648
        1.5450000000         0.0500000000         1.4550506179
        1.5500000000         0.0500000000         1.3569328133
        1.5550000000         0.0500000000         1.2626377803
        1.5600000000         0.0500000000         1.1696170046
        1.5650000000         0.0500000000         1.0791447432
        1.5700000000         0.0500000000         0.9823011959
        1.5750000000         0.0500000000         0.8892804201
        1.5800000000         0.0500000000         0.7873398440
        1.5850000000         0.0500000000         0.6866735250
        1.5900000000         0.0500000000         0.5911042348
        1.5950000000         0.0500000000         0.4891636587
        1.6000000000         0.0500000000         0.3948686257
        1.6050000000         0.0500000000         0.2954765639
        1.6100000000         0.0500000000         0.1960845022
        1.6150000000         0.0500000000         0.0915954116
        1.6200000000         0.0500000000        -0.0001511069
        1.6250000000         0.0500000000        -0.0001511069
        1.6300000000         0.0500000000         5.0688440430
        1.6350000000         0.0500000000         5.0662955286
        1.6400000000         0.0500000000         4.9669034668
        1.6450000000         0.0500000000         4.8649628907
        1.6500000000         0.0500000000         4.7642965717
        1.6550000000         0.0500000000         4.6585332239
        1.6600000000         0.0500000000         4.5540441334
        1.6650000000         0.0500000000         4.4508293000
        1.6700000000         0.0500000000         4.3514372382
        1.6750000000         0.0500000000         4.2520451765
        1.6800000000         0.0500000000         4.1564758863
        1.6850000000         0.0500000000         4.0519867957
        1.6900000000         0.0500000000         3.9576917628
        1.6950000000         0.0500000000         3.8582997010
        1.7000000000         0.0500000000         3.7601818965
        1.7050000000         0.0500000000         3.6595155775
        1.7100000000         0.0500000000         3.5601235157
        1.7150000000         0.0500000000         3.4607314540
        1.7200000000         0.0500000000         3.3651621638
        1.7250000000         0.0500000000         3.2695928736
        1.7300000000         0.0500000000         3.1702008119
        1.7350000000         0.0500000000         3.0759057789
        1.7400000000         0.0500000000         2.9790622316
        1.7450000000         0.0500000000         2.8847671986
        1.7500000000         0.0500000000         2.7879236513
        1.7550000000         0.0500000000         2.6949028755
        1.7600000000         0.0500000000         2.5980593281
        1.7650000000         0.0500000000         2.5012157808
        1.7700000000         0.0500000000         2.4120177766
        1.7750000000         0.0500000000         2.3177227437
        1.7800000000         0.0500000000         2.2234277107
        1.7850000000         0.0500000000         2.1278584206
        1.7900000000         0.0500000000         2.0322891304
        1.7950000000         0.0500000000         1.9405426119
        1.8000000000         0.0500000000         1.8487960933
        1.8050000000         0.0500000000         1.7608723464
        1.8100000000         0.0500000000         1.6653030562
        1.8150000000         0.0500000000         1.5722822804
        1.8200000000         0.0500000000         1.4805357619
        1.8250000000         0.0500000000         1.3887892433
        1.8300000000         0.0500000000         1.2881229244
        1.8350000000         0.0500000000         1.1938278914
        1.8400000000         0.0500000000         1.0995328585
        1.8450000000         0.0500000000         1.0077863399
        1.8500000000         0.0500000000         0.9147655642
        1.8550000000         0.0500000000         0.8191962740
        1.8600000000         0.0500000000         0.7147071834
        1.8650000000         0.0500000000         0.6216864077
        1.8700000000         0.0500000000         0.5222943459
        1.8750000000         0.0500000000         0.4229022841
        1.8800000000         0.0500000000         0.3196874508
        1.8850000000         0.0500000000         0.2241181606
        1.8900000000         0.0500000000         0.1234518417
        1.8950000000         0.0500000000         0.0176884939
        1.9000000000         0.0500000000         0.0049459219
        1.9050000000         0.0500000000         1.1084526589
        1.9100000000         0.0500000000         5.0701183002
        1.9150000000         0.0500000000         4.9949371253
        1.9200000000         0.0500000000         4.8968193207
        1.9250000000         0.0500000000         4.7885074586
        1.9300000000         0.0500000000         4.6878411396
        1.9350000000         0.0500000000         4.5808035346
        1.9400000000         0.0500000000         4.4801372156
        1.9450000000         0.0500000000         4.3781966395
        1.9500000000         0.0500000000         4.2749818061
        1.9550000000         0.0500000000         4.1806867731
        1.9600000000         0.0500000000         4.0800204542
        1.9650000000         0.0500000000         3.9819026496
        1.9700000000         0.0500000000         3.8774135590
        1.9750000000         0.0500000000         3.7780214973
        1.9800000000         0.0500000000         3.6811779499
        1.9850000000         0.0500000000         3.5805116310
        1.9900000000         0.0500000000         3.4900393696
        1.9950000000         0.0500000000         3.3931958222
        2.0000000000         0.0500000000         3.2963522749
        2.0050000000         0.0500000000         3.1944116987
        2.0100000000         0.0500000000         3.1001166658
        2.0150000000         0.0500000000         3.0045473756
        2.0200000000         0.0500000000         2.9102523427
        2.0250000000         0.0500000000         2.8134087953
        2.0300000000         0.0500000000         2.7165652479
        2.0350000000         0.0500000000         2.6222702150
        2.0400000000         0.0500000000         2.5279751820
        2.0450000000         0.0500000000         2.4298573775
        2.0500000000         0.0500000000         2.3355623445
        2.0550000000         0.0500000000         2.2476385976
        2.0600000000         0.0500000000         2.1520693074
        2.0650000000         0.0500000000         2.0603227889
        2.0700000000         0.0500000000         1.9634792415
        2.0750000000         0.0500000000         1.8717327229
        2.0800000000         0.0500000000         1.7774376900
        2.0850000000         0.0500000000         1.6869654286
        2.0900000000         0.0500000000         1.5952189101
        2.0950000000         0.0500000000         1.5034723915
        2.1000000000         0.0500000000         1.4091773586
        2.1050000000         0.0500000000         1.3174308400
        2.1100000000         0.0500000000         1.2193130355
        2.1150000000         0.0500000000         1.1262922597
        2.1200000000         0.0500000000         1.0319972268
        2.1250000000         0.0500000000         0.9389764510
        2.1300000000         0.0500000000         0.8357616176
        2.1350000000         0.0500000000         0.7401923275
        2.1400000000         0.0500000000         0.6433487801
        2.1450000000         0.0500000000         0.5465052328
        2.1500000000         0.0500000000         0.4432903994
        2.1550000000         0.0500000000         0.3438983376
        2.1600000000         0.0500000000         0.2419577615
        2.1650000000         0.0500000000         0.1425656997
        2.1700000000         0.0500000000         0.0469964095
        2.1750000000         0.0500000000        -0.0001511069
        2.1800000000         0.0500000000         1.1110011733
        2.1850000000         0.0500000000         5.0675697858
        2.1900000000         0.0500000000         5.0216965265
        2.1950000000         0.0500000000         4.9172074360
        2.2000000000         0.0500000000         4.8114440882
        2.2050000000         0.0500000000         4.7133262836
        2.2100000000         0.0500000000         4.6088371931
        2.2150000000         0.0500000000         4.5056223597
        2.2200000000         0.0500000000         4.4024075263
        2.2250000000         0.0500000000         4.3004669501
        2.2300000000         0.0500000000         4.2036234028
        2.2350000000         0.0500000000         4.1004085694
        2.2400000000         0.0500000000         4.0022907649
        2.2450000000         0.0500000000         3.8990759315
        2.2500000000         0.0500000000         3.8022323841
        2.2550000000         0.0500000000         3.7079373512
        2.2600000000         0.0500000000         3.6072710322
        2.2650000000         0.0500000000         3.5117017420
        2.2700000000         0.0500000000         3.4110354231
        2.2750000000         0.0500000000         3.3180146473
        2.2800000000         0.0500000000         3.2173483284
        2.2850000000         0.0500000000         3.1179562666
        2.2900000000         0.0500000000         3.0287582624
        2.2950000000         0.0500000000         2.9319147151
        2.3000000000         0.0500000000         2.8350711677
        2.3050000000         0.0500000000         2.7395018776
        2.3100000000         0.0500000000         2.6426583302
        2.3150000000         0.0500000000         2.5458147829
        2.3200000000         0.0500000000         2.4489712355
        2.3250000000         0.0500000000         2.3597732313
        2.3300000000         0.0500000000         2.2629296840
        2.3350000000         0.0500000000         2.1711831654
        2.3400000000         0.0500000000         2.0756138753
        2.3450000000         0.0500000000         1.9864158711
        2.3500000000         0.0500000000         1.8908465810
        2.3550000000         0.0500000000         1.7978258052
        2.3600000000         0.0500000000         1.7035307723
        2.3650000000         0.0500000000         1.6181555397
        2.3700000000         0.0500000000         1.5200377352
        2.3750000000         0.0500000000         1.4295654738
        2.3800000000         0.0500000000         1.3327219264
        2.3850000000         0.0500000000         1.2409754079
        2.3900000000         0.0500000000         1.1441318605
        2.3950000000         0.0500000000         1.0511110848
        2.4000000000         0.0500000000         0.9529932802
        2.4050000000         0.0500000000         0.8612467617
        2.4100000000         0.0500000000         0.7593061855
        2.4150000000         0.0500000000         0.6624626381
        2.4200000000         0.0500000000         0.5643448336
        2.4250000000         0.0500000000         0.4624042574
        2.4300000000         0.0500000000         0.3655607101
        2.4350000000         0.0500000000         0.2687171627
        2.4400000000         0.0500000000         0.1655023293
        2.4450000000         0.0500000000         0.0686587820
        2.4500000000         0.0500000000        -0.0001511069
        2.4550000000         0.0500000000         0.0023974075
        2.4600000000         0.0500000000         5.0637470142
        2.4650000000         0.0500000000         5.0446331562
        2.4700000000         0.0500000000         4.9414183228
        2.4750000000         0.0500000000         4.8382034894
        2.4800000000         0.0500000000         4.7337143989
        2.4850000000         0.0500000000         4.6317738227
        2.4900000000         0.0500000000         4.5260104749
        2.4950000000         0.0500000000         4.4227956415
        2.5000000000         0.0500000000         4.3234035798
        2.5050000000         0.0500000000         4.2227372608
        2.5100000000         0.0500000000         4.1233451991
        2.5150000000         0.0500000000         4.0277759089
        2.5200000000         0.0500000000         3.9220125611
        2.5250000000         0.0500000000         3.8302660426
        2.5300000000         0.0500000000         3.7295997236
        2.5350000000         0.0500000000         3.6302076618
        2.5400000000         0.0500000000         3.5333641145
        2.5450000000         0.0500000000         3.4365205671
        2.5500000000         0.0500000000         3.3358542482
        2.5550000000         0.0500000000         3.2402849580
        2.5600000000         0.0500000000         3.1447156678
        2.5650000000         0.0500000000         3.0491463777
        2.5700000000         0.0500000000         2.9548513447
        2.5750000000         0.0500000000         2.8529107686
        2.5800000000         0.0500000000         2.7611642500
        2.5850000000         0.0500000000         2.6668692171
        2.5900000000         0.0500000000         2.5649286409
        2.5950000000         0.0500000000         2.4757306367
        2.6000000000         0.0500000000         2.3776128322
        2.6050000000         0.0500000000         2.2845920564
        2.6100000000         0.0500000000         2.1928455379
        2.6150000000         0.0500000000         2.0972762477
        2.6200000000         0.0500000000         2.0068039864
        2.6250000000         0.0500000000         1.9150574678
        2.6300000000         0.0500000000         1.8182139205
        2.6350000000         0.0500000000         1.7277416591
        2.6400000000         0.0500000000         1.6347208833
        2.6450000000         0.0500000000         1.5429743648
        2.6500000000         0.0500000000         1.4550506179
        2.6550000000         0.0500000000         1.3594813277
        2.6600000000         0.0500000000         1.2639120375
        2.6650000000         0.0500000000         1.1657942330
        2.6700000000         0.0500000000         1.0791447432
        2.6750000000         0.0500000000         0.9810269387
        2.6800000000         0.0500000000         0.8867319057
        2.6850000000         0.0500000000         0.7860655867
        2.6900000000         0.0500000000         0.6892220394
        2.6950000000         0.0500000000         0.5923784920
        2.7000000000         0.0500000000         0.4853408871
        2.7050000000         0.0500000000         0.3872230825
        2.7100000000         0.0500000000         0.2929280495
        2.7150000000         0.0500000000         0.1897132162
        2.7200000000         0.0500000000         0.0915954116
        2.7250000000         0.0500000000        -0.0026996214
        2.7300000000         0.0500000000         0.0011231503
        2.7350000000         0.0500000000         5.0650212714
        2.7400000000         0.0500000000         5.0662955286
        2.7450000000         0.0500000000         4.9681777240
        2.7500000000         0.0500000000         4.8624143763
        2.7550000000         0.0500000000         4.7591995429
        2.7600000000         0.0500000000         4.6559847095
        2.7650000000         0.0500000000         4.5514956190
        2.7700000000         0.0500000000         4.4495550428
        2.7750000000         0.0500000000         4.3425174378
        2.7800000000         0.0500000000         4.2456738905
        2.7850000000         0.0500000000         4.1475560859
        2.7900000000         0.0500000000         4.0443412525
        2.7950000000         0.0500000000         3.9487719624
        2.8000000000         0.0500000000         3.8455571290
        2.8050000000         0.0500000000         3.7461650672
        2.8100000000         0.0500000000         3.6544185487
        2.8150000000         0.0500000000         3.5563007441
        2.8200000000         0.0500000000         3.4594571968
        2.8250000000         0.0500000000         3.3587908778
        2.8300000000         0.0500000000         3.2593988160
        2.8350000000         0.0500000000         3.1625552687
        2.8400000000         0.0500000000         3.0657117213
        2.8450000000         0.0500000000         2.9701424312
        2.8500000000         0.0500000000         2.8783959126
        2.8550000000         0.0500000000         2.7815523652
        2.8600000000         0.0500000000         2.6821603035
        2.8650000000         0.0500000000         2.5891395277
        2.8700000000         0.0500000000         2.4948444948
        2.8750000000         0.0500000000         2.4005494618
        2.8800000000         0.0500000000         2.3037059145
        2.8850000000         0.0500000000         2.2106851387
        2.8900000000         0.0500000000         2.1163901057
        2.8950000000         0.0500000000         2.0246435872
        2.9000000000         0.0500000000         1.9316228114
        2.9050000000         0.0500000000         1.8386020357
        2.9100000000         0.0500000000         1.7468555171
        2.9150000000         0.0500000000         1.6538347414
        2.9200000000         0.0500000000         1.5633624800
        2.9250000000         0.0500000000         1.4677931899
        2.9300000000         0.0500000000         1.3734981569
        2.9350000000         0.0500000000         1.2830258956
        2.9400000000         0.0500000000         1.1887308626
        2.9450000000         0.0500000000         1.0944358297
        2.9500000000         0.0500000000         0.9963180251
        2.9550000000         0.0500000000         0.9007487349
        2.9600000000         0.0500000000         0.8000824160
        2.9650000000         0.0500000000         0.7057873830
        2.9700000000         0.0500000000         0.6063953213
        2.9750000000         0.0500000000         0.5095517739
        2.9800000000         0.0500000000         0.4088854549
        2.9850000000         0.0500000000         0.3094933932
        2.9900000000         0.0500000000         0.2139241030
        2.9950000000         0.0500000000         0.1132577840
        3.0000000000         0.0500000000         0.0113172079
        3.0050000000         0.0500000000        -0.0001511069
        3.0100000000         0.0500000000         1.1122754305
        3.0150000000         0.0500000000         5.0650212714
        3.0200000000         0.0500000000         4.9847430677
        3.0250000000         0.0500000000         4.8789797199
        3.0300000000         0.0500000000         4.7770391437
        3.0350000000         0.0500000000         4.6712757960
        3.0400000000         0.0500000000         4.5642381910
        3.0450000000         0.0500000000         4.4648461292
        3.0500000000         0.0500000000         4.3616312958
        3.0550000000         0.0500000000         4.2635134913
        3.0600000000         0.0500000000         4.1628471723
        3.0650000000         0.0500000000         4.0647293678
        3.0700000000         0.0500000000         3.9653373060
        3.0750000000         0.0500000000         3.8659452442
        3.0800000000         0.0500000000         3.7652789253
        3.0850000000         0.0500000000         3.6709838923
        3.0900000000         0.0500000000         3.5664948017
        3.0950000000         0.0500000000         3.4709255116
        3.1000000000         0.0500000000         3.3779047358
        3.1050000000         0.0500000000         3.2797869313
        3.1100000000         0.0500000000         3.1791206123
        3.1150000000         0.0500000000         3.0822770649
        3.1200000000         0.0500000000         2.9879820320
        3.1250000000         0.0500000000         2.8873157130
        3.1300000000         0.0500000000         2.7955691945
        3.1350000000         0.0500000000         2.6949028755
        3.1400000000         0.0500000000         2.5993335853
        3.1450000000         0.0500000000         2.5114098384
        3.1500000000         0.0500000000         2.4132920338
        3.1550000000         0.0500000000         2.3202712581
        3.1600000000         0.0500000000         2.2234277107
        3.1650000000         0.0500000000         2.1367782210
        3.1700000000         0.0500000000         2.0335633876
        3.1750000000         0.0500000000         1.9456396407
        3.1800000000         0.0500000000         1.8551673793
        3.1850000000         0.0500000000         1.7659693752
        3.1900000000         0.0500000000         1.6729485994
        3.1950000000         0.0500000000         1.5773793093
        3.2000000000         0.0500000000         1.4869070479
        3.2050000000         0.0500000000         1.3900635005
        3.2100000000         0.0500000000         1.2932199532
        3.2150000000         0.0500000000         1.1963764058
        3.2200000000         0.0500000000         1.1033556301
        3.2250000000         0.0500000000         1.0103348543
        3.2300000000         0.0500000000         0.9134913070
        3.2350000000         0.0500000000         0.8166477596
        3.2400000000         0.0500000000         0.7172556978
        3.2450000000         0.0500000000         0.6178636361
        3.2500000000         0.0500000000         0.5184715743
        3.2550000000         0.0500000000         0.4241765414
        3.2600000000         0.0500000000         0.3209617080
        3.2650000000         0.0500000000         0.2215696462
        3.2700000000         0.0500000000         0.1183548128
        3.2750000000         0.0500000000         0.0215112655
        3.2800000000         0.0500000000        -0.0026996214
        3.2850000000         0.0500000000         1.1033556301
        3.2900000000         0.0500000000         5.0675697858
        3.2950000000         0.0500000000         4.9987598969
        3.3000000000         0.0500000000         4.8917222919
        3.3050000000         0.0500000000         4.7834104297
        3.3100000000         0.0500000000         4.6827441108
        3.3150000000         0.0500000000         4.5757065058
        3.3200000000         0.0500000000         4.4763144440
        3.3250000000         0.0500000000         4.3743738679
        3.3300000000         0.0500000000         4.2711590345
        3.3350000000         0.0500000000         4.1768640015
        3.3400000000         0.0500000000         4.0800204542
        3.3450000000         0.0500000000         3.9755313636
        3.3500000000         0.0500000000         3.8748650446
        3.3550000000         0.0500000000         3.7805700117
        3.3600000000         0.0500000000         3.6786294355
        3.3650000000         0.0500000000         3.5792373738
        3.3700000000         0.0500000000         3.4798453120
        3.3750000000         0.0500000000         3.3830017646
        3.3800000000         0.0500000000         3.2925295033
        3.3850000000         0.0500000000         3.1893146699
        3.3900000000         0.0500000000         3.0937453798
        3.3950000000         0.0500000000         2.9918048036
        3.4000000000         0.0500000000         2.9013325422
        3.4050000000         0.0500000000         2.8057632521
        3.4100000000         0.0500000000         2.7114682191
        3.4150000000         0.0500000000         2.6146246718
        3.4200000000         0.0500000000         2.5152326100
        3.4250000000         0.0500000000         2.4196633198
        3.4300000000         0.0500000000         2.3304653157
        3.4350000000         0.0500000000         2.2336217683
        3.4400000000         0.0500000000         2.1418752498
        3.4450000000         0.0500000000         2.0526772456
        3.4500000000         0.0500000000         1.9558336983
        3.4550000000         0.0500000000         1.8589901509
        3.4600000000         0.0500000000         1.7685178896
        3.4650000000         0.0500000000         1.6767713710
        3.4700000000         0.0500000000         1.5862991097
        3.4750000000         0.0500000000         1.4945525911
        3.4800000000         0.0500000000         1.4015318154
        3.4850000000         0.0500000000         1.3021397536
        3.4900000000         0.0500000000         1.2091189778
        3.4950000000         0.0500000000         1.1148239449
        3.5000000000         0.0500000000         1.0218031691
        3.5050000000         0.0500000000         0.9236853646
        3.5100000000         0.0500000000         0.8268418172
        3.5150000000         0.0500000000         0.7299982699
        3.5200000000         0.0500000000         0.6306062081
        3.5250000000         0.0500000000         0.5286656319
        3.5300000000         0.0500000000         0.4305478274
        3.5350000000         0.0500000000         0.3324300228
        3.5400000000         0.0500000000         0.2368607326
        3.5450000000         0.0500000000         0.1336458993
        3.5500000000         0.0500000000         0.0278825515
        3.5550000000         0.0500000000         0.0049459219
        3.5600000000         0.0500000000         1.1046298873
        3.5650000000         0.0500000000         5.0637470142
        3.5700000000         0.0500000000         5.0064054401
        3.5750000000         0.0500000000         4.9044648639
        3.5800000000         0.0500000000         4.7999757734
        3.5850000000         0.0500000000         4.7005837116
        3.5900000000         0.0500000000         4.5922718494
        3.5950000000         0.0500000000         4.4890570161
        3.6000000000         0.0500000000         4.3871164399
        3.6050000000         0.0500000000         4.2877243781
        3.6100000000         0.0500000000         4.1857838020
        3.6150000000         0.0500000000         4.0876659974
        3.6200000000         0.0500000000         3.9882739356
        3.6250000000         0.0500000000         3.8863333595
        3.6300000000         0.0500000000         3.7920383265
        3.6350000000         0.0500000000         3.6888234931
        3.6400000000         0.0500000000         3.5919799458
        3.6450000000         0.0500000000         3.4913136268
        3.6500000000         0.0500000000         3.3982928511
        3.6550000000         0.0500000000         3.2976265321
        3.6600000000         0.0500000000         3.1956859559
        3.6650000000         0.0500000000         3.1052136946
        3.6700000000         0.0500000000         3.0070958900
        3.6750000000         0.0500000000         2.9089780854
        3.6800000000         0.0500000000         2.8121345381
        3.6850000000         0.0500000000         2.7203880195
        3.6900000000         0.0500000000         2.6248187294
        3.6950000000         0.0500000000         2.5292494392
        3.7000000000         0.0500000000         2.4336801491
        3.7050000000         0.0500000000         2.3368366017
        3.7100000000         0.0500000000         2.2412673115
        3.7150000000         0.0500000000         2.1507950502
        3.7200000000         0.0500000000         2.0577742744
        3.7250000000         0.0500000000         1.9660277559
        3.7300000000         0.0500000000         1.8717327229
        3.7350000000         0.0500000000         1.7774376900
        3.7400000000         0.0500000000         1.6920624574
        3.7450000000         0.0500000000         1.5977674245
        3.7500000000         0.0500000000         1.5072951631
        3.7550000000         0.0500000000         1.4079031014
        3.7600000000         0.0500000000         1.3212536116
        3.7650000000         0.0500000000         1.2218615499
        3.7700000000         0.0500000000         1.1262922597
        3.7750000000         0.0500000000         1.0332714840
        3.7800000000         0.0500000000         0.9326051650
        3.7850000000         0.0500000000         0.8383101320
        3.7900000000         0.0500000000         0.7401923275
        3.7950000000         0.0500000000         0.6420745229
        3.8000000000         0.0500000000         0.5401339467
        3.8050000000         0.0500000000         0.4445646566
        3.8100000000         0.0500000000         0.3451725948
        3.8150000000         0.0500000000         0.2419577615
        3.8200000000         0.0500000000         0.1476627285
        3.8250000000         0.0500000000         0.0469964095
        3.8300000000         0.0500000000        -0.0001511069
        3.8350000000         0.0500000000         1.1097269161
        3.8400000000         0.0500000000         5.0675697858
        3.8450000000         0.0500000000         5.0242450409
        3.8500000000         0.0500000000         4.9210302076
        3.8550000000         0.0500000000         4.8127183454
        3.8600000000         0.0500000000         4.7095035120
        3.8650000000         0.0500000000         4.6050144214
        3.8700000000         0.0500000000         4.5030738453
        3.8750000000         0.0500000000         4.4024075263
        3.8800000000         0.0500000000         4.2991926929
        3.8850000000         0.0500000000         4.2010748884
        3.8900000000         0.0500000000         4.1004085694
        3.8950000000         0.0500000000         4.0010165077
        3.9000000000         0.0500000000         3.8990759315
        3.9050000000         0.0500000000         3.8060551557
        3.9100000000         0.0500000000         3.7002918080
        3.9150000000         0.0500000000         3.6021740034
        3.9200000000         0.0500000000         3.5066047132
        3.9250000000         0.0500000000         3.4110354231
        3.9300000000         0.0500000000         3.3065463325
        3.9350000000         0.0500000000         3.2135255568
        3.9400000000         0.0500000000         3.1166820094
        3.9450000000         0.0500000000         3.0185642048
        3.9500000000         0.0500000000         2.9268176863
        3.9550000000         0.0500000000         2.8325226533
        3.9600000000         0.0500000000         2.7344048488
        3.9650000000         0.0500000000         2.6388355586
        3.9700000000         0.0500000000         2.5381692396
        3.9750000000         0.0500000000         2.4502454927
        3.9800000000         0.0500000000         2.3534019453
        3.9850000000         0.0500000000         2.2565583980
        3.9900000000         0.0500000000         2.1660861366
        3.9950000000         0.0500000000         2.0705168465
        4.0000000000         0.0500000000         1.9762218135
        4.0050000000         0.0500000000         1.8793782662
        4.0100000000         0.0500000000         1.7940030336
        4.0150000000         0.0500000000         1.6984337435
        4.0200000000         0.0500000000         1.6054129677
        4.0250000000         0.0500000000         1.5136664491
        4.0300000000         0.0500000000         1.4180971590
        4.0350000000         0.0500000000         1.3301734120
        4.0400000000         0.0500000000         1.2307813503
        4.0450000000         0.0500000000         1.1352120601
        4.0500000000         0.0500000000         1.0447397988
        4.0550000000         0.0500000000         0.9466219942
        4.0600000000         0.0500000000         0.8472299324
        4.0650000000         0.0500000000         0.7516606423
        4.0700000000         0.0500000000         0.6522685805
        4.0750000000         0.0500000000         0.5516022616
        4.0800000000         0.0500000000         0.4522101998
        4.0850000000         0.0500000000         0.3515438808
        4.0900000000         0.0500000000         0.2547003335
        4.0950000000         0.0500000000         0.1527597573
        4.1000000000         0.0500000000         0.0533676955
        4.1050000000         0.0500000000         0.0011231503
        4.1100000000         0.0500000000         1.1110011733
        4.1150000000         0.0500000000         5.0675697858
        4.1200000000         0.0500000000         5.0293420697
        4.1250000000         0.0500000000         4.9235787220
        4.1300000000         0.0500000000         4.8241866602
        4.1350000000         0.0500000000         4.7222460840
        4.1400000000         0.0500000000         4.6139342219
        4.1450000000         0.0500000000         4.5145421601
        4.1500000000         0.0500000000         4.4100530695
        4.1550000000         0.0500000000         4.3068382362
        4.1600000000         0.0500000000         4.2061719172
        4.1650000000         0.0500000000         4.1080541126
        4.1700000000         0.0500000000         4.0048392793
        4.1750000000         0.0500000000         3.9092699891
        4.1800000000         0.0500000000         3.8047808985
        4.1850000000         0.0500000000         3.7117601228
        4.1900000000         0.0500000000         3.6110938038
        4.1950000000         0.0500000000         3.5142502564
        4.2000000000         0.0500000000         3.4186809663
        4.2050000000         0.0500000000         3.3154661329
        4.2100000000         0.0500000000         3.2160740712
        4.2150000000         0.0500000000         3.1243275526
        4.2200000000         0.0500000000         3.0223869764
        4.2250000000         0.0500000000         2.9268176863
        4.2300000000         0.0500000000         2.8376196821
        4.2350000000         0.0500000000         2.7369533632
        4.2400000000         0.0500000000         2.6452068446
        4.2450000000         0.0500000000         2.5483632973
        4.2500000000         0.0500000000         2.4502454927
        4.2550000000         0.0500000000         2.3572247169
        4.2600000000         0.0500000000         2.2603811696
        4.2650000000         0.0500000000         2.1699089082
        4.2700000000         0.0500000000         2.0705168465
        4.2750000000         0.0500000000         1.9825930995
        4.2800000000         0.0500000000         1.8895723238
        4.2850000000         0.0500000000         1.7927287764
        4.2900000000         0.0500000000         1.7060792867
        4.2950000000         0.0500000000         1.6066872249
        4.3000000000         0.0500000000         1.5162149636
        4.3050000000         0.0500000000         1.4244684450
        4.3100000000         0.0500000000         1.3352704409
        4.3150000000         0.0500000000         1.2371526363
        4.3200000000         0.0500000000         1.1364863173
        4.3250000000         0.0500000000         1.0472883132
        4.3300000000         0.0500000000         0.9466219942
        4.3350000000         0.0500000000         0.8485041897
        4.3400000000         0.0500000000         0.7491121279
        4.3450000000         0.0500000000         0.6522685805
        4.3500000000         0.0500000000         0.5554250332
        4.3550000000         0.0500000000         0.4547587142
        4.3600000000         0.0500000000         0.3540923952
        4.3650000000         0.0500000000         0.2534260763
        4.3700000000         0.0500000000         0.1540340145
        4.3750000000         0.0500000000         0.0571904671
        4.3800000000         0.0500000000        -0.0001511069
        4.3850000000         0.0500000000         1.1097269161
        4.3900000000         0.0500000000         5.0675697858
        4.3950000000         0.0500000000         5.0293420697
        4.4000000000         0.0500000000         4.9299500080
        4.4050000000         0.0500000000         4.8241866602
        4.4100000000         0.0500000000         4.7235203412
        4.4150000000         0.0500000000         4.6203055079
        4.4200000000         0.0500000000         4.5145421601
        4.4250000000         0.0500000000         4.4087788123
        4.4300000000         0.0500000000         4.3068382362
        4.4350000000         0.0500000000         4.2087204316
        4.4400000000         0.0500000000         4.1106026270
        4.4450000000         0.0500000000         4.0137590797
        4.4500000000         0.0500000000         3.9079957319
        4.4550000000         0.0500000000         3.8124264417
        4.4600000000         0.0500000000         3.7130343800
        4.4650000000         0.0500000000         3.6149165754
        4.4700000000         0.0500000000         3.5180730281
        4.4750000000         0.0500000000         3.4174067091
        4.4800000000         0.0500000000         3.3167403901
        4.4850000000         0.0500000000         3.2249938716
        4.4900000000         0.0500000000         3.1230532954
        4.4950000000         0.0500000000         3.0262097480
        4.5000000000         0.0500000000         2.9280919435
        4.5050000000         0.0500000000         2.8388939393
        4.5100000000         0.0500000000         2.7369533632
        4.5150000000         0.0500000000         2.6401098158
        4.5200000000         0.0500000000         2.5483632973
        4.5250000000         0.0500000000         2.4527940071
        4.5300000000         0.0500000000         2.3572247169
        4.5350000000         0.0500000000         2.2616554268
        4.5400000000         0.0500000000         2.1699089082
        4.5450000000         0.0500000000         2.0794366469
