        0.0000000000         0.1000000000         2.3635960030
        0.0050000000         0.1000000000         2.3635960030
        0.0100000000         0.1000000000         2.3597732313
        0.0150000000         0.1000000000         2.3521276881
        0.0200000000         0.1000000000         2.3317395729
        0.0250000000         0.1000000000         2.2998831428
        0.0300000000         0.1000000000         2.2565583980
        0.0350000000         0.1000000000         2.2068623671
        0.0400000000         0.1000000000         2.1520693074
        0.0450000000         0.1000000000         2.0947277333
        0.0500000000         0.1000000000         2.0284663588
        0.0550000000         0.1000000000         1.9622049843
        0.0600000000         0.1000000000         1.8844752950
        0.0650000000         0.1000000000         1.8156654060
        0.0700000000         0.1000000000         1.7379357167
        0.0750000000         0.1000000000         1.6551089986
        0.0800000000         0.1000000000         1.5735565376
        0.0850000000         0.1000000000         1.4932783339
        0.0900000000         0.1000000000         1.4104516158
        0.0950000000         0.1000000000         1.3263506404
        0.1000000000         0.1000000000         1.2384268935
        0.1050000000         0.1000000000         1.1466803749
        0.1100000000         0.1000000000         1.0587566280
        0.1150000000         0.1000000000         0.9695586239
        0.1200000000         0.1000000000         0.8765378481
        0.1250000000         0.1000000000         0.7809685579
        0.1300000000         0.1000000000         0.6879477822
        0.1350000000         0.1000000000         0.5898299776
        0.1400000000         0.1000000000         0.4942606875
        0.1450000000         0.1000000000         0.3923201113
        0.1500000000         0.1000000000         0.2967508211
        0.1550000000         0.1000000000         0.1973587594
        0.1600000000         0.1000000000         0.0966924404
        0.1650000000         0.1000000000         0.0011231503
        0.1700000000         0.1000000000         0.0011231503
        0.1750000000         0.1000000000         1.1084526589
        0.1800000000         0.1000000000         5.0675697858
        0.1850000000         0.1000000000         4.9860173249
        0.1900000000         0.1000000000         4.8777054627
        0.1950000000         0.1000000000         4.7770391437
        0.2000000000         0.1000000000         4.6763728248
        0.2050000000         0.1000000000         4.5718837342
        0.2100000000         0.1000000000         4.4737659296
        0.2150000000         0.1000000000         4.3705510963
        0.2200000000         0.1000000000         4.2711590345
        0.2250000000         0.1000000000         4.1730412299
        0.2300000000         0.1000000000         4.0812947114
        0.2350000000         0.1000000000         3.9819026496
        0.2400000000         0.1000000000         3.8812363307
        0.2450000000         0.1000000000         3.7805700117
        0.2500000000         0.1000000000         3.6824522071
        0.2550000000         0.1000000000         3.5868829170
        0.2600000000         0.1000000000         3.4849423408
        0.2650000000         0.1000000000         3.3919215650
        0.2700000000         0.1000000000         3.2950780177
        0.2750000000         0.1000000000         3.2007829847
        0.2800000000         0.1000000000         3.1077622090
        0.2850000000         0.1000000000         3.0096444044
        0.2900000000         0.1000000000         2.9153493715
        0.2950000000         0.1000000000         2.8197800813
        0.3000000000         0.1000000000         2.7229365339
        0.3050000000         0.1000000000         2.6286415010
        0.3100000000         0.1000000000         2.5381692396
        0.3150000000         0.1000000000         2.4451484639
        0.3200000000         0.1000000000         2.3495791737
        0.3250000000         0.1000000000         2.2527356264
        0.3300000000         0.1000000000         2.1546178218
        0.3350000000         0.1000000000         2.0641455605
        0.3400000000         0.1000000000         1.9723990419
        0.3450000000         0.1000000000         1.8781040089
        0.3500000000         0.1000000000         1.7901802620
        0.3550000000         0.1000000000         1.6984337435
        0.3600000000         0.1000000000         1.6041387105
        0.3650000000         0.1000000000         1.5136664491
        0.3700000000         0.1000000000         1.4219199306
        0.3750000000         0.1000000000         1.3288991548
        0.3800000000         0.1000000000         1.2371526363
        0.3850000000         0.1000000000         1.1441318605
        0.3900000000         0.1000000000         1.0472883132
        0.3950000000         0.1000000000         0.9517190230
        0.4000000000         0.1000000000         0.8574239901
        0.4050000000         0.1000000000         0.7580319283
        0.4100000000         0.1000000000         0.6611883809
        0.4150000000         0.1000000000         0.5605220620
        0.4200000000         0.1000000000         0.4636785146
        0.4250000000         0.1000000000         0.3630121957
        0.4300000000         0.1000000000         0.2661686483
        0.4350000000         0.1000000000         0.1629538149
        0.4400000000         0.1000000000         0.0622874960
        0.4450000000         0.1000000000         0.0011231503
        0.4500000000         0.1000000000         1.1110011733
        0.4550000000         0.1000000000         5.0688440430
        0.4600000000         0.1000000000         5.0433588990
        0.4650000000         0.1000000000         4.9350470368
        0.4700000000         0.1000000000         4.8305579462
        0.4750000000         0.1000000000         4.7286173701
        0.4800000000         0.1000000000         4.6215797651
        0.4850000000         0.1000000000         4.5221877033
        0.4900000000         0.1000000000         4.4253441560
        0.4950000000         0.1000000000         4.3259520942
        0.5000000000         0.1000000000         4.2214630036
        0.5050000000         0.1000000000         4.1258937135
        0.5100000000         0.1000000000         4.0277759089
        0.5150000000         0.1000000000         3.9258353327
        0.5200000000         0.1000000000         3.8277175282
        0.5250000000         0.1000000000         3.7295997236
        0.5300000000         0.1000000000         3.6276591474
        0.5350000000         0.1000000000         3.5282670857
        0.5400000000         0.1000000000         3.4365205671
        0.5450000000         0.1000000000         3.3384027626
        0.5500000000         0.1000000000         3.2364621864
        0.5550000000         0.1000000000         3.1459899250
        0.5600000000         0.1000000000         3.0491463777
        0.5650000000         0.1000000000         2.9548513447
        0.5700000000         0.1000000000         2.8580077974
        0.5750000000         0.1000000000         2.7611642500
        0.5800000000         0.1000000000         2.6681434743
        0.5850000000         0.1000000000         2.5712999269
        0.5900000000         0.1000000000         2.4782791511
        0.5950000000         0.1000000000         2.3801613466
        0.6000000000         0.1000000000         2.2845920564
        0.6050000000         0.1000000000         2.1941197951
        0.6100000000         0.1000000000         2.0985505049
        0.6150000000         0.1000000000         2.0119010152
        0.6200000000         0.1000000000         1.9176059822
        0.6250000000         0.1000000000         1.8245852065
        0.6300000000         0.1000000000         1.7379357167
        0.6350000000         0.1000000000         1.6423664266
        0.6400000000         0.1000000000         1.5480713936
        0.6450000000         0.1000000000         1.4588733895
        0.6500000000         0.1000000000         1.3684011281
        0.6550000000         0.1000000000         1.2715575807
        0.6600000000         0.1000000000         1.1785368050
        0.6650000000         0.1000000000         1.0804190004
        0.6700000000         0.1000000000         0.9873982247
        0.6750000000         0.1000000000         0.8892804201
        0.6800000000         0.1000000000         0.7937111300
        0.6850000000         0.1000000000         0.6955933254
        0.6900000000         0.1000000000         0.5949270064
        0.6950000000         0.1000000000         0.4968092019
        0.7000000000         0.1000000000         0.3974171401
        0.7050000000         0.1000000000         0.3005735927
        0.7100000000         0.1000000000         0.1999072738
        0.7150000000         0.1000000000         0.1005152120
        0.7200000000         0.1000000000        -0.0001511069
        0.7250000000         0.1000000000        -0.0001511069
        0.7300000000         0.1000000000         5.0484559278
        0.7350000000         0.1000000000         5.0650212714
        0.7400000000         0.1000000000         4.9758232673
        0.7450000000         0.1000000000         4.8751569483
        0.7500000000         0.1000000000         4.7706678577
        0.7550000000         0.1000000000         4.6623559955
        0.7600000000         0.1000000000         4.5604154194
        0.7650000000         0.1000000000         4.4559263288
        0.7700000000         0.1000000000         4.3552600098
        0.7750000000         0.1000000000         4.2584164625
        0.7800000000         0.1000000000         4.1577501435
        0.7850000000         0.1000000000         4.0609065961
        0.7900000000         0.1000000000         3.9602402772
        0.7950000000         0.1000000000         3.8608482154
        0.8000000000         0.1000000000         3.7640046681
        0.8050000000         0.1000000000         3.6620640919
        0.8100000000         0.1000000000         3.5690433161
        0.8150000000         0.1000000000         3.4696512544
        0.8200000000         0.1000000000         3.3728077070
        0.8250000000         0.1000000000         3.2746899025
        0.8300000000         0.1000000000         3.1791206123
        0.8350000000         0.1000000000         3.0797285505
        0.8400000000         0.1000000000         2.9867077748
        0.8450000000         0.1000000000         2.8911384846
        0.8500000000         0.1000000000         2.7968434517
        0.8550000000         0.1000000000         2.6961771327
        0.8600000000         0.1000000000         2.6044306141
        0.8650000000         0.1000000000         2.5075870668
        0.8700000000         0.1000000000         2.4107435194
        0.8750000000         0.1000000000         2.3215455153
        0.8800000000         0.1000000000         2.2285247395
        0.8850000000         0.1000000000         2.1393267354
        0.8900000000         0.1000000000         2.0424831880
        0.8950000000         0.1000000000         1.9532851839
        0.9000000000         0.1000000000         1.8564416365
        0.9050000000         0.1000000000         1.7672436324
        0.9100000000         0.1000000000         1.6742228566
        0.9150000000         0.1000000000         1.5812020809
        0.9200000000         0.1000000000         1.4894555623
        0.9250000000         0.1000000000         1.3977090438
        0.9300000000         0.1000000000         1.2983169820
        0.9350000000         0.1000000000         1.2065704634
        0.9400000000         0.1000000000         1.1110011733
        0.9450000000         0.1000000000         1.0141576259
        0.9500000000         0.1000000000         0.9224111074
        0.9550000000         0.1000000000         0.8217447884
        0.9600000000         0.1000000000         0.7287240127
        0.9650000000         0.1000000000         0.6293319509
        0.9700000000         0.1000000000         0.5286656319
        0.9750000000         0.1000000000         0.4330963418
        0.9800000000         0.1000000000         0.3349785372
        0.9850000000         0.1000000000         0.2368607326
        0.9900000000         0.1000000000         0.1323716421
        0.9950000000         0.1000000000         0.0368023519
        1.0000000000         0.1000000000         0.0049459219
        1.0050000000         0.1000000000         1.1046298873
        1.0100000000         0.1000000000         5.0637470142
        1.0150000000         0.1000000000         5.0115024689
        1.0200000000         0.1000000000         4.9057391211
        1.0250000000         0.1000000000         4.8012500306
        1.0300000000         0.1000000000         4.7044064832
        1.0350000000         0.1000000000         4.5986431354
        1.0400000000         0.1000000000         4.4954283021
        1.0450000000         0.1000000000         4.3973104975
        1.0500000000         0.1000000000         4.2928214069
        1.0550000000         0.1000000000         4.1934293452
        1.0600000000         0.1000000000         4.0902145118
        1.0650000000         0.1000000000         3.9908224500
        1.0700000000         0.1000000000         3.8927046455
        1.0750000000         0.1000000000         3.7958610981
        1.0800000000         0.1000000000         3.7015660652
        1.0850000000         0.1000000000         3.5996254890
        1.0900000000         0.1000000000         3.5027819416
        1.0950000000         0.1000000000         3.4021156227
        1.1000000000         0.1000000000         3.3052720753
        1.1050000000         0.1000000000         3.2135255568
        1.1100000000         0.1000000000         3.1154077522
        1.1150000000         0.1000000000         3.0198384620
        1.1200000000         0.1000000000         2.9242691719
        1.1250000000         0.1000000000         2.8299741389
        1.1300000000         0.1000000000         2.7369533632
        1.1350000000         0.1000000000         2.6413840730
        1.1400000000         0.1000000000         2.5432662684
        1.1450000000         0.1000000000         2.4515197499
        1.1500000000         0.1000000000         2.3584989741
        1.1550000000         0.1000000000         2.2591069124
        1.1600000000         0.1000000000         2.1635376222
        1.1650000000         0.1000000000         2.0756138753
        1.1700000000         0.1000000000         1.9813188423
        1.1750000000         0.1000000000         1.8870238094
        1.1800000000         0.1000000000         1.7940030336
        1.1850000000         0.1000000000         1.7060792867
        1.1900000000         0.1000000000         1.6130585109
        1.1950000000         0.1000000000         1.5238605068
        1.2000000000         0.1000000000         1.4270169594
        1.2050000000         0.1000000000         1.3365446981
        1.2100000000         0.1000000000         1.2358783791
        1.2150000000         0.1000000000         1.1428576033
        1.2200000000         0.1000000000         1.0485625704
        1.2250000000         0.1000000000         0.9542675374
        1.2300000000         0.1000000000         0.8548754757
        1.2350000000         0.1000000000         0.7567576711
        1.2400000000         0.1000000000         0.6611883809
        1.2450000000         0.1000000000         0.5605220620
        1.2500000000         0.1000000000         0.4624042574
        1.2550000000         0.1000000000         0.3630121957
        1.2600000000         0.1000000000         0.2623458767
        1.2650000000         0.1000000000         0.1655023293
        1.2700000000         0.1000000000         0.0648360104
        1.2750000000         0.1000000000         0.0011231503
        1.2800000000         0.1000000000         0.9912209963
        1.2850000000         0.1000000000         5.0650212714
        1.2900000000         0.1000000000         5.0420846418
        1.2950000000         0.1000000000         4.9363212940
        1.3000000000         0.1000000000         4.8356549750
        1.3050000000         0.1000000000         4.7298916273
        1.3100000000         0.1000000000         4.6279510511
        1.3150000000         0.1000000000         4.5221877033
        1.3200000000         0.1000000000         4.4215213843
        1.3250000000         0.1000000000         4.3259520942
        1.3300000000         0.1000000000         4.2227372608
        1.3350000000         0.1000000000         4.1220709419
        1.3400000000         0.1000000000         4.0290501661
        1.3450000000         0.1000000000         3.9271095899
        1.3500000000         0.1000000000         3.8302660426
        1.3550000000         0.1000000000         3.7295997236
        1.3600000000         0.1000000000         3.6314819190
        1.3650000000         0.1000000000         3.5320898573
        1.3700000000         0.1000000000         3.4377948243
        1.3750000000         0.1000000000         3.3358542482
        1.3800000000         0.1000000000         3.2390107008
        1.3850000000         0.1000000000         3.1434414106
        1.3900000000         0.1000000000         3.0478721205
        1.3950000000         0.1000000000         2.9548513447
        1.4000000000         0.1000000000         2.8554592830
        1.4050000000         0.1000000000         2.7637127644
        1.4100000000         0.1000000000         2.6668692171
        1.4150000000         0.1000000000         2.5725741841
        1.4200000000         0.1000000000         2.4744563795
        1.4250000000         0.1000000000         2.3801613466
        1.4300000000         0.1000000000         2.2896890852
        1.4350000000         0.1000000000         2.1966683095
        1.4400000000         0.1000000000         2.1036475337
        1.4450000000         0.1000000000         2.0119010152
        1.4500000000         0.1000000000         1.9176059822
        1.4550000000         0.1000000000         1.8258594637
        1.4600000000         0.1000000000         1.7392099739
        1.4650000000         0.1000000000         1.6436406838
        1.4700000000         0.1000000000         1.5455228792
        1.4750000000         0.1000000000         1.4588733895
        1.4800000000         0.1000000000         1.3607555849
        1.4850000000         0.1000000000         1.2651862947
        1.4900000000         0.1000000000         1.1683427474
        1.4950000000         0.1000000000         1.0791447432
        1.5000000000         0.1000000000         0.9810269387
        1.5050000000         0.1000000000         0.8854576485
        1.5100000000         0.1000000000         0.7886141012
        1.5150000000         0.1000000000         0.6943190682
        1.5200000000         0.1000000000         0.5911042348
        1.5250000000         0.1000000000         0.4968092019
        1.5300000000         0.1000000000         0.3923201113
        1.5350000000         0.1000000000         0.2929280495
        1.5400000000         0.1000000000         0.1973587594
        1.5450000000         0.1000000000         0.0979666976
        1.5500000000         0.1000000000        -0.0001511069
        1.5550000000         0.1000000000        -0.0001511069
        1.5600000000         0.1000000000         5.0662955286
        1.5650000000         0.1000000000         5.0688440430
        1.5700000000         0.1000000000         4.9758232673
        1.5750000000         0.1000000000         4.8713341767
        1.5800000000         0.1000000000         4.7655708289
        1.5850000000         0.1000000000         4.6636302527
        1.5900000000         0.1000000000         4.5578669050
        1.5950000000         0.1000000000         4.4533778144
        1.6000000000         0.1000000000         4.3514372382
        1.6050000000         0.1000000000         4.2558679481
        1.6100000000         0.1000000000         4.1577501435
        1.6150000000         0.1000000000         4.0570838245
        1.6200000000         0.1000000000         3.9576917628
        1.6250000000         0.1000000000         3.8582997010
        1.6300000000         0.1000000000         3.7627304109
        1.6350000000         0.1000000000         3.6620640919
        1.6400000000         0.1000000000         3.5677690589
        1.6450000000         0.1000000000         3.4671027400
        1.6500000000         0.1000000000         3.3715334498
        1.6550000000         0.1000000000         3.2708671308
        1.6600000000         0.1000000000         3.1714750691
        1.6650000000         0.1000000000         3.0759057789
        1.6700000000         0.1000000000         2.9828850032
        1.6750000000         0.1000000000         2.8885899702
        1.6800000000         0.1000000000         2.7904721657
        1.6850000000         0.1000000000         2.6999999043
        1.6900000000         0.1000000000         2.6006078425
        1.6950000000         0.1000000000         2.5037642952
        1.7000000000         0.1000000000         2.4120177766
        1.7050000000         0.1000000000         2.3228197725
        1.7100000000         0.1000000000         2.2208791963
        1.7150000000         0.1000000000         2.1291326778
        1.7200000000         0.1000000000         2.0373861592
        1.7250000000         0.1000000000         1.9456396407
        1.7300000000         0.1000000000         1.8551673793
        1.7350000000         0.1000000000         1.7634208608
        1.7400000000         0.1000000000         1.6729485994
        1.7450000000         0.1000000000         1.5812020809
        1.7500000000         0.1000000000         1.4843585335
        1.7550000000         0.1000000000         1.3887892433
        1.7600000000         0.1000000000         1.2919456960
        1.7650000000         0.1000000000         1.2027476918
        1.7700000000         0.1000000000         1.1033556301
        1.7750000000         0.1000000000         1.0077863399
        1.7800000000         0.1000000000         0.9173140786
        1.7850000000         0.1000000000         0.8191962740
        1.7900000000         0.1000000000         0.7223527266
        1.7950000000         0.1000000000         0.6229606649
        1.8000000000         0.1000000000         0.5210200887
        1.8050000000         0.1000000000         0.4254507986
        1.8100000000         0.1000000000         0.3222359652
        1.8150000000         0.1000000000         0.2279409322
        1.8200000000         0.1000000000         0.1260003561
        1.8250000000         0.1000000000         0.0266082943
        1.8300000000         0.1000000000        -0.0001511069
        1.8350000000         0.1000000000         1.1122754305
        1.8400000000         0.1000000000         5.0701183002
        1.8450000000         0.1000000000         5.0064054401
        1.8500000000         0.1000000000         4.9044648639
        1.8550000000         0.1000000000         4.7974272590
        1.8600000000         0.1000000000         4.6929381684
        1.8650000000         0.1000000000         4.5897233350
        1.8700000000         0.1000000000         4.4903312733
        1.8750000000         0.1000000000         4.3871164399
        1.8800000000         0.1000000000         4.2902728925
        1.8850000000         0.1000000000         4.1857838020
        1.8900000000         0.1000000000         4.0902145118
        1.8950000000         0.1000000000         3.9895481928
        1.9000000000         0.1000000000         3.8901561311
        1.9050000000         0.1000000000         3.7920383265
        1.9100000000         0.1000000000         3.6913720075
        1.9150000000         0.1000000000         3.5958027174
        1.9200000000         0.1000000000         3.4976849128
        1.9250000000         0.1000000000         3.3970185939
        1.9300000000         0.1000000000         3.3027235609
        1.9350000000         0.1000000000         3.2046057563
        1.9400000000         0.1000000000         3.1090364662
        1.9450000000         0.1000000000         3.0109186616
        1.9500000000         0.1000000000         2.9204464003
        1.9550000000         0.1000000000         2.8248771101
        1.9600000000         0.1000000000         2.7305820772
        1.9650000000         0.1000000000         2.6350127870
        1.9700000000         0.1000000000         2.5381692396
        1.9750000000         0.1000000000         2.4438742067
        1.9800000000         0.1000000000         2.3470306593
        1.9850000000         0.1000000000         2.2540098836
        1.9900000000         0.1000000000         2.1597148506
        1.9950000000         0.1000000000         2.0654198177
        2.0000000000         0.1000000000         1.9698505275
        2.0050000000         0.1000000000         1.8844752950
        2.0100000000         0.1000000000         1.7876317476
        2.0150000000         0.1000000000         1.7009822579
        2.0200000000         0.1000000000         1.6041387105
        2.0250000000         0.1000000000         1.5098436775
        2.0300000000         0.1000000000         1.4193714162
        2.0350000000         0.1000000000         1.3288991548
        2.0400000000         0.1000000000         1.2282328359
        2.0450000000         0.1000000000         1.1364863173
        2.0500000000         0.1000000000         1.0421912844
        2.0550000000         0.1000000000         0.9466219942
        2.0600000000         0.1000000000         0.8421329036
        2.0650000000         0.1000000000         0.7503863851
        2.0700000000         0.1000000000         0.6497200661
        2.0750000000         0.1000000000         0.5490537472
        2.0800000000         0.1000000000         0.4496616854
        2.0850000000         0.1000000000         0.3515438808
        2.0900000000         0.1000000000         0.2547003335
        2.0950000000         0.1000000000         0.1553082717
        2.1000000000         0.1000000000         0.0546419527
        2.1050000000         0.1000000000        -0.0001511069
        2.1100000000         0.1000000000         1.1097269161
        2.1150000000         0.1000000000         5.0650212714
        2.1200000000         0.1000000000         5.0344390986
        2.1250000000         0.1000000000         4.9324985224
        2.1300000000         0.1000000000         4.8305579462
        2.1350000000         0.1000000000         4.7222460840
        2.1400000000         0.1000000000         4.6203055079
        2.1450000000         0.1000000000         4.5145421601
        2.1500000000         0.1000000000         4.4164243555
        2.1550000000         0.1000000000         4.3106610078
        2.1600000000         0.1000000000         4.2189144892
        2.1650000000         0.1000000000         4.1144253986
        2.1700000000         0.1000000000         4.0188561085
        2.1750000000         0.1000000000         3.9156412751
        2.1800000000         0.1000000000         3.8162492133
        2.1850000000         0.1000000000         3.7232284376
        2.1900000000         0.1000000000         3.6251106330
        2.1950000000         0.1000000000         3.5257185713
        2.2000000000         0.1000000000         3.4276007667
        2.2050000000         0.1000000000         3.3320314765
        2.2100000000         0.1000000000         3.2351879292
        2.2150000000         0.1000000000         3.1370701246
        2.2200000000         0.1000000000         3.0415008345
        2.2250000000         0.1000000000         2.9472058015
        2.2300000000         0.1000000000         2.8503622542
        2.2350000000         0.1000000000         2.7573414784
        2.2400000000         0.1000000000         2.6592236738
        2.2450000000         0.1000000000         2.5623801265
        2.2500000000         0.1000000000         2.4706336079
        2.2550000000         0.1000000000         2.3725158034
        2.2600000000         0.1000000000         2.2807692848
        2.2650000000         0.1000000000         2.1826514803
        2.2700000000         0.1000000000         2.0883564473
        2.2750000000         0.1000000000         2.0004327004
        2.2800000000         0.1000000000         1.9048634102
        2.2850000000         0.1000000000         1.8105683772
        2.2900000000         0.1000000000         1.7200961159
        2.2950000000         0.1000000000         1.6283495973
        2.3000000000         0.1000000000         1.5391515932
        2.3050000000         0.1000000000         1.4461308174
        2.3100000000         0.1000000000         1.3531100417
        2.3150000000         0.1000000000         1.2498952083
        2.3200000000         0.1000000000         1.1568744326
        2.3250000000         0.1000000000         1.0600308852
        2.3300000000         0.1000000000         0.9644615950
        2.3350000000         0.1000000000         0.8714408193
        2.3400000000         0.1000000000         0.7720487575
        2.3450000000         0.1000000000         0.6726566958
        2.3500000000         0.1000000000         0.5770874056
        2.3550000000         0.1000000000         0.4738725722
        2.3600000000         0.1000000000         0.3732062533
        2.3650000000         0.1000000000         0.2750884487
        2.3700000000         0.1000000000         0.1782449013
        2.3750000000         0.1000000000         0.0724815536
        2.3800000000         0.1000000000        -0.0026996214
        2.3850000000         0.1000000000         0.0011231503
        2.3900000000         0.1000000000         5.0701183002
        2.3950000000         0.1000000000         5.0573757282
        2.4000000000         0.1000000000         4.9528866376
        2.4050000000         0.1000000000         4.8445747754
        2.4100000000         0.1000000000         4.7349886561
        2.4150000000         0.1000000000         4.6343223371
        2.4200000000         0.1000000000         4.5285589893
        2.4250000000         0.1000000000         4.4304411848
        2.4300000000         0.1000000000         4.3297748658
        2.4350000000         0.1000000000         4.2265600324
        2.4400000000         0.1000000000         4.1335392567
        2.4450000000         0.1000000000         4.0341471949
        2.4500000000         0.1000000000         3.9322066187
        2.4550000000         0.1000000000         3.8289917854
        2.4600000000         0.1000000000         3.7346967524
        2.4650000000         0.1000000000         3.6314819190
        2.4700000000         0.1000000000         3.5384611433
        2.4750000000         0.1000000000         3.4365205671
        2.4800000000         0.1000000000         3.3422255342
        2.4850000000         0.1000000000         3.2479305012
        2.4900000000         0.1000000000         3.1472641822
        2.4950000000         0.1000000000         3.0504206349
        2.5000000000         0.1000000000         2.9523028303
        2.5050000000         0.1000000000         2.8580077974
        2.5100000000         0.1000000000         2.7649870216
        2.5150000000         0.1000000000         2.6655949598
        2.5200000000         0.1000000000         2.5712999269
        2.5250000000         0.1000000000         2.4731821223
        2.5300000000         0.1000000000         2.3839841182
        2.5350000000         0.1000000000         2.2909633424
        2.5400000000         0.1000000000         2.1966683095
        2.5450000000         0.1000000000         2.1049217909
        2.5500000000         0.1000000000         2.0119010152
        2.5550000000         0.1000000000         1.9150574678
        2.5600000000         0.1000000000         1.8194881777
        2.5650000000         0.1000000000         1.7290159163
        2.5700000000         0.1000000000         1.6385436550
        2.5750000000         0.1000000000         1.5429743648
        2.5800000000         0.1000000000         1.4525021034
        2.5850000000         0.1000000000         1.3556585561
        2.5900000000         0.1000000000         1.2600892659
        2.5950000000         0.1000000000         1.1657942330
        2.6000000000         0.1000000000         1.0740477144
        2.6050000000         0.1000000000         0.9784784243
        2.6100000000         0.1000000000         0.8816348769
        2.6150000000         0.1000000000         0.7784200435
        2.6200000000         0.1000000000         0.6790279818
        2.6250000000         0.1000000000         0.5834586916
        2.6300000000         0.1000000000         0.4840666298
        2.6350000000         0.1000000000         0.3859488253
        2.6400000000         0.1000000000         0.2891052779
        2.6450000000         0.1000000000         0.1871647018
        2.6500000000         0.1000000000         0.0839498684
        2.6550000000         0.1000000000        -0.0026996214
        2.6600000000         0.1000000000        -0.0026996214
        2.6650000000         0.1000000000         5.0611984998
        2.6700000000         0.1000000000         5.0611984998
        2.6750000000         0.1000000000         4.9630806952
        2.6800000000         0.1000000000         4.8611401191
        2.6850000000         0.1000000000         4.7553767713
        2.6900000000         0.1000000000         4.6457906519
        2.6950000000         0.1000000000         4.5425758185
        2.7000000000         0.1000000000         4.4444580140
        2.7050000000         0.1000000000         4.3425174378
        2.7100000000         0.1000000000         4.2367540900
        2.7150000000         0.1000000000         4.1411847999
        2.7200000000         0.1000000000         4.0405184809
        2.7250000000         0.1000000000         3.9373036475
        2.7300000000         0.1000000000         3.8366373286
        2.7350000000         0.1000000000         3.7436165528
        2.7400000000         0.1000000000         3.6454987483
        2.7450000000         0.1000000000         3.5435581721
        2.7500000000         0.1000000000         3.4530859107
        2.7550000000         0.1000000000         3.3511453346
        2.7600000000         0.1000000000         3.2581245588
        2.7650000000         0.1000000000         3.1612810115
        2.7700000000         0.1000000000         3.0631632069
        2.7750000000         0.1000000000         2.9612226307
        2.7800000000         0.1000000000         2.8720246266
        2.7850000000         0.1000000000         2.7726325648
        2.7900000000         0.1000000000         2.6732405031
        2.7950000000         0.1000000000         2.5751226985
        2.8000000000         0.1000000000         2.4884732088
        2.8050000000         0.1000000000         2.3929039186
        2.8100000000         0.1000000000         2.2935118568
        2.8150000000         0.1000000000         2.2055881099
        2.8200000000         0.1000000000         2.1061960481
        2.8250000000         0.1000000000         2.0169980440
        2.8300000000         0.1000000000         1.9252515254
        2.8350000000         0.1000000000         1.8296822353
        2.8400000000         0.1000000000         1.7417584883
        2.8450000000         0.1000000000         1.6436406838
        2.8500000000         0.1000000000         1.5531684224
        2.8550000000         0.1000000000         1.4575991323
        2.8600000000         0.1000000000         1.3671268709
        2.8650000000         0.1000000000         1.2728318380
        2.8700000000         0.1000000000         1.1759882906
        2.8750000000         0.1000000000         1.0829675148
        2.8800000000         0.1000000000         0.9823011959
        2.8850000000         0.1000000000         0.8880061629
        2.8900000000         0.1000000000         0.7886141012
        2.8950000000         0.1000000000         0.6879477822
        2.9000000000         0.1000000000         0.5949270064
        2.9050000000         0.1000000000         0.4942606875
        2.9100000000         0.1000000000         0.3935943685
        2.9150000000         0.1000000000         0.2980250783
        2.9200000000         0.1000000000         0.1935359878
        2.9250000000         0.1000000000         0.0966924404
        2.9300000000         0.1000000000         0.0049459219
        2.9350000000         0.1000000000         0.0036716647
        2.9400000000         0.1000000000         5.0637470142
        2.9450000000         0.1000000000         5.0650212714
        2.9500000000         0.1000000000         4.9669034668
        2.9550000000         0.1000000000         4.8675114051
        2.9600000000         0.1000000000         4.7604738001
        2.9650000000         0.1000000000         4.6572589667
        2.9700000000         0.1000000000         4.5553183906
        2.9750000000         0.1000000000         4.4508293000
        2.9800000000         0.1000000000         4.3463402094
        2.9850000000         0.1000000000         4.2443996333
        2.9900000000         0.1000000000         4.1462818287
        2.9950000000         0.1000000000         4.0443412525
        3.0000000000         0.1000000000         3.9487719624
        3.0050000000         0.1000000000         3.8519284150
        3.0100000000         0.1000000000         3.7538106104
        3.0150000000         0.1000000000         3.6531442915
        3.0200000000         0.1000000000         3.5563007441
        3.0250000000         0.1000000000         3.4556344252
        3.0300000000         0.1000000000         3.3575166206
        3.0350000000         0.1000000000         3.2644958448
        3.0400000000         0.1000000000         3.1651037831
        3.0450000000         0.1000000000         3.0669859785
        3.0500000000         0.1000000000         2.9663196595
        3.0550000000         0.1000000000         2.8732988838
        3.0600000000         0.1000000000         2.7802781080
        3.0650000000         0.1000000000         2.6847088179
        3.0700000000         0.1000000000         2.5878652705
        3.0750000000         0.1000000000         2.4910217232
        3.0800000000         0.1000000000         2.3967266902
        3.0850000000         0.1000000000         2.3011574000
        3.0900000000         0.1000000000         2.2055881099
        3.0950000000         0.1000000000         2.1189386201
        3.1000000000         0.1000000000         2.0208208156
        3.1050000000         0.1000000000         1.9278000398
        3.1100000000         0.1000000000         1.8386020357
        3.1150000000         0.1000000000         1.7430327455
        3.1200000000         0.1000000000         1.6512862270
        3.1250000000         0.1000000000         1.5582654512
        3.1300000000         0.1000000000         1.4639704183
        3.1350000000         0.1000000000         1.3709496425
        3.1400000000         0.1000000000         1.2779288668
        3.1450000000         0.1000000000         1.1836338338
        3.1500000000         0.1000000000         1.0906130581
        3.1550000000         0.1000000000         0.9873982247
        3.1600000000         0.1000000000         0.8918289345
        3.1650000000         0.1000000000         0.7988081588
        3.1700000000         0.1000000000         0.7019646114
        3.1750000000         0.1000000000         0.5987497780
        3.1800000000         0.1000000000         0.5019062307
        3.1850000000         0.1000000000         0.4063369405
        3.1900000000         0.1000000000         0.3005735927
        3.1950000000         0.1000000000         0.2011815310
        3.2000000000         0.1000000000         0.0992409548
        3.2050000000         0.1000000000        -0.0014253642
        3.2100000000         0.1000000000        -0.0026996214
        3.2150000000         0.1000000000         1.1097269161
        3.2200000000         0.1000000000         5.0701183002
        3.2250000000         0.1000000000         4.9783717817
        3.2300000000         0.1000000000         4.8764312055
        3.2350000000         0.1000000000         4.7693936005
        3.2400000000         0.1000000000         4.6598074811
        3.2450000000         0.1000000000         4.5604154194
        3.2500000000         0.1000000000         4.4559263288
        3.2550000000         0.1000000000         4.3539857526
        3.2600000000         0.1000000000         4.2558679481
        3.2650000000         0.1000000000         4.1539273719
        3.2700000000         0.1000000000         4.0570838245
        3.2750000000         0.1000000000         3.9564175056
        3.2800000000         0.1000000000         3.8570254438
        3.2850000000         0.1000000000         3.7589076393
        3.2900000000         0.1000000000         3.6569670631
        3.2950000000         0.1000000000         3.5639462873
        3.3000000000         0.1000000000         3.4607314540
        3.3050000000         0.1000000000         3.3651621638
        3.3100000000         0.1000000000         3.2657701020
        3.3150000000         0.1000000000         3.1740235835
        3.3200000000         0.1000000000         3.0733572645
        3.3250000000         0.1000000000         2.9777879744
        3.3300000000         0.1000000000         2.8783959126
        3.3350000000         0.1000000000         2.7879236513
        3.3400000000         0.1000000000         2.6910801039
        3.3450000000         0.1000000000         2.5967850709
        3.3500000000         0.1000000000         2.5012157808
        3.3550000000         0.1000000000         2.4081950050
        3.3600000000         0.1000000000         2.3151742293
        3.3650000000         0.1000000000         2.2196049391
        3.3700000000         0.1000000000         2.1253099062
        3.3750000000         0.1000000000         2.0322891304
        3.3800000000         0.1000000000         1.9367198402
        3.3850000000         0.1000000000         1.8475218361
        3.3900000000         0.1000000000         1.7583238320
        3.3950000000         0.1000000000         1.6665773134
        3.4000000000         0.1000000000         1.5697337660
        3.4050000000         0.1000000000         1.4754387331
        3.4100000000         0.1000000000         1.3836922145
        3.4150000000         0.1000000000         1.2868486672
        3.4200000000         0.1000000000         1.1938278914
        3.4250000000         0.1000000000         1.0969843441
        3.4300000000         0.1000000000         1.0014150539
        3.4350000000         0.1000000000         0.9071200209
        3.4400000000         0.1000000000         0.8077279592
        3.4450000000         0.1000000000         0.7096101546
        3.4500000000         0.1000000000         0.6140408645
        3.4550000000         0.1000000000         0.5159230599
        3.4600000000         0.1000000000         0.4139824837
        3.4650000000         0.1000000000         0.3158646792
        3.4700000000         0.1000000000         0.2164726174
        3.4750000000         0.1000000000         0.1119835268
        3.4800000000         0.1000000000         0.0138657223
        3.4850000000         0.1000000000        -0.0001511069
        3.4900000000         0.1000000000         1.1059041445
        3.4950000000         0.1000000000         5.0650212714
        3.5000000000         0.1000000000         4.9821945533
        3.5050000000         0.1000000000         4.8828024915
        3.5100000000         0.1000000000         4.7757648865
        3.5150000000         0.1000000000         4.6750985676
        3.5200000000         0.1000000000         4.5731579914
        3.5250000000         0.1000000000         4.4673946436
        3.5300000000         0.1000000000         4.3641798103
        3.5350000000         0.1000000000         4.2647877485
        3.5400000000         0.1000000000         4.1666699439
        3.5450000000         0.1000000000         4.0660036250
        3.5500000000         0.1000000000         3.9678858204
        3.5550000000         0.1000000000         3.8697680158
        3.5600000000         0.1000000000         3.7640046681
        3.5650000000         0.1000000000         3.6658868635
        3.5700000000         0.1000000000         3.5715918305
        3.5750000000         0.1000000000         3.4772967976
        3.5800000000         0.1000000000         3.3779047358
        3.5850000000         0.1000000000         3.2759641597
        3.5900000000         0.1000000000         3.1816691267
        3.5950000000         0.1000000000         3.0899226081
        3.6000000000         0.1000000000         2.9930790608
        3.6050000000         0.1000000000         2.8936869990
        3.6100000000         0.1000000000         2.7955691945
        3.6150000000         0.1000000000         2.7025484187
        3.6200000000         0.1000000000         2.6082533858
        3.6250000000         0.1000000000         2.5126840956
        3.6300000000         0.1000000000         2.4196633198
        3.6350000000         0.1000000000         2.3240940297
        3.6400000000         0.1000000000         2.2297989967
        3.6450000000         0.1000000000         2.1355039638
        3.6500000000         0.1000000000         2.0424831880
        3.6550000000         0.1000000000         1.9481881551
        3.6600000000         0.1000000000         1.8538931221
        3.6650000000         0.1000000000         1.7659693752
        3.6700000000         0.1000000000         1.6754971138
        3.6750000000         0.1000000000         1.5824763381
        3.6800000000         0.1000000000         1.4869070479
        3.6850000000         0.1000000000         1.3900635005
        3.6900000000         0.1000000000         1.2995912392
        3.6950000000         0.1000000000         1.2040219490
        3.7000000000         0.1000000000         1.1059041445
        3.7050000000         0.1000000000         1.0103348543
        3.7100000000         0.1000000000         0.9160398214
        3.7150000000         0.1000000000         0.8179220168
        3.7200000000         0.1000000000         0.7249012410
        3.7250000000         0.1000000000         0.6216864077
        3.7300000000         0.1000000000         0.5248428603
        3.7350000000         0.1000000000         0.4254507986
        3.7400000000         0.1000000000         0.3247844796
        3.7450000000         0.1000000000         0.2215696462
        3.7500000000         0.1000000000         0.1209033273
        3.7550000000         0.1000000000         0.0215112655
        3.7600000000         0.1000000000        -0.0014253642
        3.7650000000         0.1000000000         1.1033556301
        3.7700000000         0.1000000000         5.0637470142
        3.7750000000         0.1000000000         5.0013084113
        3.7800000000         0.1000000000         4.8942708063
        3.7850000000         0.1000000000         4.7859589441
        3.7900000000         0.1000000000         4.6891153968
        3.7950000000         0.1000000000         4.5859005634
        3.8000000000         0.1000000000         4.4852342444
        3.8050000000         0.1000000000         4.3807451539
        3.8100000000         0.1000000000         4.2775303205
        3.8150000000         0.1000000000         4.1781382587
        3.8200000000         0.1000000000         4.0774719398
        3.8250000000         0.1000000000         3.9819026496
        3.8300000000         0.1000000000         3.8786878162
        3.8350000000         0.1000000000         3.7780214973
        3.8400000000         0.1000000000         3.6850007215
        3.8450000000         0.1000000000         3.5868829170
        3.8500000000         0.1000000000         3.4900393696
        3.8550000000         0.1000000000         3.3893730506
        3.8600000000         0.1000000000         3.2925295033
        3.8650000000         0.1000000000         3.1995087275
        3.8700000000         0.1000000000         3.1039394374
        3.8750000000         0.1000000000         3.0045473756
        3.8800000000         0.1000000000         2.9077038282
        3.8850000000         0.1000000000         2.8095860237
        3.8900000000         0.1000000000         2.7140167335
        3.8950000000         0.1000000000         2.6209959578
        3.9000000000         0.1000000000         2.5267009248
        3.9050000000         0.1000000000         2.4311316347
        3.9100000000         0.1000000000         2.3355623445
        3.9150000000         0.1000000000         2.2438158260
        3.9200000000         0.1000000000         2.1520693074
        3.9250000000         0.1000000000         2.0577742744
        3.9300000000         0.1000000000         1.9596564699
        3.9350000000         0.1000000000         1.8704584657
        3.9400000000         0.1000000000         1.7748891756
        3.9450000000         0.1000000000         1.6856911714
        3.9500000000         0.1000000000         1.5913961385
        3.9550000000         0.1000000000         1.4958268483
        3.9600000000         0.1000000000         1.4053545870
        3.9650000000         0.1000000000         1.3136080684
        3.9700000000         0.1000000000         1.2116674923
        3.9750000000         0.1000000000         1.1211952309
        3.9800000000         0.1000000000         1.0269001979
        3.9850000000         0.1000000000         0.9313309078
        3.9900000000         0.1000000000         0.8344873604
        3.9950000000         0.1000000000         0.7376438131
        4.0000000000         0.1000000000         0.6344289797
        4.0050000000         0.1000000000         0.5312141463
        4.0100000000         0.1000000000         0.4330963418
        4.0150000000         0.1000000000         0.3362527944
        4.0200000000         0.1000000000         0.2355864754
        4.0250000000         0.1000000000         0.1323716421
        4.0300000000         0.1000000000         0.0355280947
        4.0350000000         0.1000000000        -0.0014253642
        4.0400000000         0.1000000000         1.1110011733
        4.0450000000         0.1000000000         5.0675697858
        4.0500000000         0.1000000000         5.0089539545
        4.0550000000         0.1000000000         4.9019163495
        4.0600000000         0.1000000000         4.7987015162
        4.0650000000         0.1000000000         4.6967609400
        4.0700000000         0.1000000000         4.5909975922
        4.0750000000         0.1000000000         4.4890570161
        4.0800000000         0.1000000000         4.3883906971
        4.0850000000         0.1000000000         4.2902728925
        4.0900000000         0.1000000000         4.1845095448
        4.0950000000         0.1000000000         4.0863917402
        4.1000000000         0.1000000000         3.9882739356
        4.1050000000         0.1000000000         3.8888818739
        4.1100000000         0.1000000000         3.7869412977
        4.1150000000         0.1000000000         3.6951947791
        4.1200000000         0.1000000000         3.5945284602
        4.1250000000         0.1000000000         3.5040561988
        4.1300000000         0.1000000000         3.4021156227
        4.1350000000         0.1000000000         3.3052720753
        4.1400000000         0.1000000000         3.2071542707
        4.1450000000         0.1000000000         3.1128592378
        4.1500000000         0.1000000000         3.0096444044
        4.1550000000         0.1000000000         2.9166236287
        4.1600000000         0.1000000000         2.8210543385
        4.1650000000         0.1000000000         2.7344048488
        4.1700000000         0.1000000000         2.6350127870
        4.1750000000         0.1000000000         2.5343464680
        4.1800000000         0.1000000000         2.4400514351
        4.1850000000         0.1000000000         2.3457564021
        4.1900000000         0.1000000000         2.2527356264
        4.1950000000         0.1000000000         2.1597148506
        4.2000000000         0.1000000000         2.0628713033
        4.2050000000         0.1000000000         1.9723990419
        4.2100000000         0.1000000000         1.8742812373
        4.2150000000         0.1000000000         1.7825347188
        4.2200000000         0.1000000000         1.6907882002
        4.2250000000         0.1000000000         1.6041387105
        4.2300000000         0.1000000000         1.5085694203
        4.2350000000         0.1000000000         1.4180971590
        4.2400000000         0.1000000000         1.3225278688
        4.2450000000         0.1000000000         1.2256843215
        4.2500000000         0.1000000000         1.1262922597
        4.2550000000         0.1000000000         1.0332714840
        4.2600000000         0.1000000000         0.9338794222
        4.2650000000         0.1000000000         0.8357616176
        4.2700000000         0.1000000000         0.7401923275
        4.2750000000         0.1000000000         0.6446230373
        4.2800000000         0.1000000000         0.5414082039
        4.2850000000         0.1000000000         0.4420161422
        4.2900000000         0.1000000000         0.3438983376
        4.2950000000         0.1000000000         0.2394092470
        4.3000000000         0.1000000000         0.1349201565
        4.3050000000         0.1000000000         0.0406251235
        4.3100000000         0.1000000000        -0.0001511069
        4.3150000000         0.1000000000         1.1046298873
        4.3200000000         0.1000000000         5.0624727570
        4.3250000000         0.1000000000         5.0165994977
        4.3300000000         0.1000000000         4.9121104072
        4.3350000000         0.1000000000         4.8101698310
        4.3400000000         0.1000000000         4.7031322260
        4.3450000000         0.1000000000         4.5986431354
        4.3500000000         0.1000000000         4.4992510737
        4.3550000000         0.1000000000         4.3896649543
        4.3600000000         0.1000000000         4.2902728925
        4.3650000000         0.1000000000         4.1845095448
        4.3700000000         0.1000000000         4.0953115406
        4.3750000000         0.1000000000         3.9946452216
        4.3800000000         0.1000000000         3.8927046455
        4.3850000000         0.1000000000         3.7907640693
        4.3900000000         0.1000000000         3.6964690363
        4.3950000000         0.1000000000         3.5958027174
        4.4000000000         0.1000000000         3.5015076844
        4.4050000000         0.1000000000         3.4072126515
        4.4100000000         0.1000000000         3.3027235609
        4.4150000000         0.1000000000         3.2046057563
        4.4200000000         0.1000000000         3.1077622090
        4.4250000000         0.1000000000         3.0121929188
        4.4300000000         0.1000000000         2.9166236287
        4.4350000000         0.1000000000         2.8223285957
        4.4400000000         0.1000000000         2.7293078200
        4.4450000000         0.1000000000         2.6350127870
        4.4500000000         0.1000000000         2.5368949824
        4.4550000000         0.1000000000         2.4400514351
        4.4600000000         0.1000000000         2.3432078877
        4.4650000000         0.1000000000         2.2489128548
        4.4700000000         0.1000000000         2.1571663362
        4.4750000000         0.1000000000         2.0641455605
        4.4800000000         0.1000000000         1.9736732991
        4.4850000000         0.1000000000         1.8793782662
        4.4900000000         0.1000000000         1.7825347188
        4.4950000000         0.1000000000         1.6895139430
        4.5000000000         0.1000000000         1.5977674245
        4.5050000000         0.1000000000         1.5072951631
        4.5100000000         0.1000000000         1.4168229018
        4.5150000000         0.1000000000         1.3161565828
        4.5200000000         0.1000000000         1.2244100643
        4.5250000000         0.1000000000         1.1237437453
        4.5300000000         0.1000000000         1.0281744551
        4.5350000000         0.1000000000         0.9313309078
        4.5400000000         0.1000000000         0.8383101320
        4.5450000000         0.1000000000         0.7389180703
        4.5500000000         0.1000000000         0.6433487801
        4.5550000000         0.1000000000         0.5375854323
        4.5600000000         0.1000000000         0.4432903994
        4.5650000000         0.1000000000         0.3375270516
        4.5700000000         0.1000000000         0.2394092470
        4.5750000000         0.1000000000         0.1400171853
        4.5800000000         0.1000000000         0.0431736379
        4.5850000000         0.1000000000         0.0011231503
        4.5900000000         0.1000000000         1.1084526589
