        0.0000000000         0.5000000000         0.6943190682
        0.0050000000         0.5000000000         0.6943190682
        0.0100000000         0.5000000000         0.6930448110
        0.0150000000         0.5000000000         0.6866735250
        0.0200000000         0.5000000000         0.6688339242
        0.0250000000         0.5000000000         0.6395260085
        0.0300000000         0.5000000000         0.6089438357
        0.0350000000         0.5000000000         0.5694418624
        0.0400000000         0.5000000000         0.5197458315
        0.0450000000         0.5000000000         0.4700498006
        0.0500000000         0.5000000000         0.4101597121
        0.0550000000         0.5000000000         0.3502696236
        0.0600000000         0.5000000000         0.2891052779
        0.0650000000         0.5000000000         0.2202953890
        0.0700000000         0.5000000000         0.1553082717
        0.0750000000         0.5000000000         0.0826756112
        0.0800000000         0.5000000000         0.0125914651
        0.0850000000         0.5000000000        -0.0039738786
        0.0900000000         0.5000000000         0.1387429281
        0.0950000000         0.5000000000         5.0611984998
        0.1000000000         0.5000000000         5.0675697858
        0.1050000000         0.5000000000         5.0178737549
        0.1100000000         0.5000000000         4.9299500080
        0.1150000000         0.5000000000         4.8534945759
        0.1200000000         0.5000000000         4.7668450861
        0.1250000000         0.5000000000         4.6852926252
        0.1300000000         0.5000000000         4.6024659070
        0.1350000000         0.5000000000         4.5119936457
        0.1400000000         0.5000000000         4.4393609852
        0.1450000000         0.5000000000         4.3539857526
        0.1500000000         0.5000000000         4.2749818061
        0.1550000000         0.5000000000         4.1896065736
        0.1600000000         0.5000000000         4.1106026270
        0.1650000000         0.5000000000         4.0239531373
        0.1700000000         0.5000000000         3.9424006764
        0.1750000000         0.5000000000         3.8582997010
        0.1800000000         0.5000000000         3.7831185261
        0.1850000000         0.5000000000         3.7002918080
        0.1900000000         0.5000000000         3.6149165754
        0.1950000000         0.5000000000         3.5308156001
        0.2000000000         0.5000000000         3.4530859107
        0.2050000000         0.5000000000         3.3651621638
        0.2100000000         0.5000000000         3.2874324745
        0.2150000000         0.5000000000         3.2033314991
        0.2200000000         0.5000000000         3.1179562666
        0.2250000000         0.5000000000         3.0376780629
        0.2300000000         0.5000000000         2.9548513447
        0.2350000000         0.5000000000         2.8707503694
        0.2400000000         0.5000000000         2.7942949373
        0.2450000000         0.5000000000         2.7114682191
        0.2500000000         0.5000000000         2.6235444722
        0.2550000000         0.5000000000         2.5611058693
        0.2600000000         0.5000000000         2.4617138075
        0.2650000000         0.5000000000         2.3788870894
        0.2700000000         0.5000000000         2.3075286861
        0.2750000000         0.5000000000         2.2170564247
        0.2800000000         0.5000000000         2.1342297066
        0.2850000000         0.5000000000         2.0552257600
        0.2900000000         0.5000000000         1.9749475563
        0.2950000000         0.5000000000         1.8946693526
        0.3000000000         0.5000000000         1.8131168916
        0.3050000000         0.5000000000         1.7328386879
        0.3100000000         0.5000000000         1.6512862270
        0.3150000000         0.5000000000         1.5710080232
        0.3200000000         0.5000000000         1.4843585335
        0.3250000000         0.5000000000         1.4117258730
        0.3300000000         0.5000000000         1.3276248976
        0.3350000000         0.5000000000         1.2397011507
        0.3400000000         0.5000000000         1.1581486898
        0.3450000000         0.5000000000         1.0765962288
        0.3500000000         0.5000000000         0.9899467391
        0.3550000000         0.5000000000         0.9083942781
        0.3600000000         0.5000000000         0.8242933028
        0.3650000000         0.5000000000         0.7350952987
        0.3700000000         0.5000000000         0.6560913521
        0.3750000000         0.5000000000         0.5656190908
        0.3800000000         0.5000000000         0.4802438582
        0.3850000000         0.5000000000         0.3948686257
        0.3900000000         0.5000000000         0.3094933932
        0.3950000000         0.5000000000         0.2228439034
        0.4000000000         0.5000000000         0.1298231277
        0.4050000000         0.5000000000         0.0418993807
        0.4100000000         0.5000000000         0.0023974075
        0.4150000000         0.5000000000         0.0011231503
        0.4200000000         0.5000000000         5.0713925574
        0.4250000000         0.5000000000         5.0675697858
        0.4300000000         0.5000000000         4.9783717817
        0.4350000000         0.5000000000         4.8866252631
        0.4400000000         0.5000000000         4.7961530018
        0.4450000000         0.5000000000         4.7044064832
        0.4500000000         0.5000000000         4.6126599647
        0.4550000000         0.5000000000         4.5221877033
        0.4600000000         0.5000000000         4.4329896992
        0.4650000000         0.5000000000         4.3488887238
        0.4700000000         0.5000000000         4.2609649769
        0.4750000000         0.5000000000         4.1679442011
        0.4800000000         0.5000000000         4.0800204542
        0.4850000000         0.5000000000         3.9997422504
        0.4900000000         0.5000000000         3.9067214747
        0.4950000000         0.5000000000         3.8175234705
        0.5000000000         0.5000000000         3.7321482380
        0.5050000000         0.5000000000         3.6493215199
        0.5100000000         0.5000000000         3.5613977729
        0.5150000000         0.5000000000         3.4734740260
        0.5200000000         0.5000000000         3.3880987934
        0.5250000000         0.5000000000         3.3001750465
        0.5300000000         0.5000000000         3.2135255568
        0.5350000000         0.5000000000         3.1281503242
        0.5400000000         0.5000000000         3.0402265773
        0.5450000000         0.5000000000         2.9586741163
        0.5500000000         0.5000000000         2.8745731410
        0.5550000000         0.5000000000         2.7917464229
        0.5600000000         0.5000000000         2.7025484187
        0.5650000000         0.5000000000         2.6222702150
        0.5700000000         0.5000000000         2.5356207252
        0.5750000000         0.5000000000         2.4489712355
        0.5800000000         0.5000000000         2.3661445174
        0.5850000000         0.5000000000         2.2845920564
        0.5900000000         0.5000000000         2.2004910811
        0.5950000000         0.5000000000         2.1176643629
        0.6000000000         0.5000000000         2.0348376448
        0.6050000000         0.5000000000         1.9494624123
        0.6100000000         0.5000000000         1.8679099513
        0.6150000000         0.5000000000         1.7901802620
        0.6200000000         0.5000000000         1.7060792867
        0.6250000000         0.5000000000         1.6245268257
        0.6300000000         0.5000000000         1.5429743648
        0.6350000000         0.5000000000         1.4588733895
        0.6400000000         0.5000000000         1.3785951857
        0.6450000000         0.5000000000         1.2881229244
        0.6500000000         0.5000000000         1.2052962062
        0.6550000000         0.5000000000         1.1237437453
        0.6600000000         0.5000000000         1.0383685128
        0.6650000000         0.5000000000         0.9568160518
        0.6700000000         0.5000000000         0.8637952761
        0.6750000000         0.5000000000         0.7796943007
        0.6800000000         0.5000000000         0.6904962966
        0.6850000000         0.5000000000         0.6089438357
        0.6900000000         0.5000000000         0.5171973171
        0.6950000000         0.5000000000         0.4318220846
        0.7000000000         0.5000000000         0.3400755660
        0.7050000000         0.5000000000         0.2534260763
        0.7100000000         0.5000000000         0.1629538149
        0.7150000000         0.5000000000         0.0763043252
        0.7200000000         0.5000000000        -0.0026996214
        0.7250000000         0.5000000000        -0.0001511069
        0.7300000000         0.5000000000         1.1084526589
        0.7350000000         0.5000000000         5.0662955286
        0.7400000000         0.5000000000         5.0089539545
        0.7450000000         0.5000000000         4.9210302076
        0.7500000000         0.5000000000         4.8292836890
        0.7550000000         0.5000000000         4.7324401417
        0.7600000000         0.5000000000         4.6406936231
        0.7650000000         0.5000000000         4.5476728474
        0.7700000000         0.5000000000         4.4584748432
        0.7750000000         0.5000000000         4.3730996107
        0.7800000000         0.5000000000         4.2800788349
        0.7850000000         0.5000000000         4.1972521168
        0.7900000000         0.5000000000         4.1004085694
        0.7950000000         0.5000000000         4.0175818513
        0.8000000000         0.5000000000         3.9283838471
        0.8050000000         0.5000000000         3.8404601002
        0.8100000000         0.5000000000         3.7499878388
        0.8150000000         0.5000000000         3.6607898347
        0.8200000000         0.5000000000         3.5805116310
        0.8250000000         0.5000000000         3.4887651124
        0.8300000000         0.5000000000         3.4021156227
        0.8350000000         0.5000000000         3.3141918757
        0.8400000000         0.5000000000         3.2262681288
        0.8450000000         0.5000000000         3.1408928962
        0.8500000000         0.5000000000         3.0567919209
        0.8550000000         0.5000000000         2.9701424312
        0.8600000000         0.5000000000         2.8847671986
        0.8650000000         0.5000000000         2.7981177089
        0.8700000000         0.5000000000         2.7140167335
        0.8750000000         0.5000000000         2.6286415010
        0.8800000000         0.5000000000         2.5432662684
        0.8850000000         0.5000000000         2.4629880647
        0.8900000000         0.5000000000         2.3725158034
        0.8950000000         0.5000000000         2.2871405708
        0.9000000000         0.5000000000         2.2106851387
        0.9050000000         0.5000000000         2.1227613918
        0.9100000000         0.5000000000         2.0361119020
        0.9150000000         0.5000000000         1.9571079555
        0.9200000000         0.5000000000         1.8691842085
        0.9250000000         0.5000000000         1.7901802620
        0.9300000000         0.5000000000         1.7073535439
        0.9350000000         0.5000000000         1.6296238545
        0.9400000000         0.5000000000         1.5455228792
        0.9450000000         0.5000000000         1.4601476467
        0.9500000000         0.5000000000         1.3760466713
        0.9550000000         0.5000000000         1.2906714388
        0.9600000000         0.5000000000         1.2065704634
        0.9650000000         0.5000000000         1.1250180025
        0.9700000000         0.5000000000         1.0409170272
        0.9750000000         0.5000000000         0.9555417946
        0.9800000000         0.5000000000         0.8688923049
        0.9850000000         0.5000000000         0.7784200435
        0.9900000000         0.5000000000         0.6917705538
        0.9950000000         0.5000000000         0.6051210640
        1.0000000000         0.5000000000         0.5133745455
        1.0050000000         0.5000000000         0.4279993130
        1.0100000000         0.5000000000         0.3388013088
        1.0150000000         0.5000000000         0.2508775619
        1.0200000000         0.5000000000         0.1591310433
        1.0250000000         0.5000000000         0.0673845248
        1.0300000000         0.5000000000         0.0049459219
        1.0350000000         0.5000000000         0.0062201791
        1.0400000000         0.5000000000         1.1428576033
        1.0450000000         0.5000000000         5.0675697858
        1.0500000000         0.5000000000         5.0025826685
        1.0550000000         0.5000000000         4.9146589216
        1.0600000000         0.5000000000         4.8139926026
        1.0650000000         0.5000000000         4.7222460840
        1.0700000000         0.5000000000         4.6355965943
        1.0750000000         0.5000000000         4.5425758185
        1.0800000000         0.5000000000         4.4482807856
        1.0850000000         0.5000000000         4.3590827814
        1.0900000000         0.5000000000         4.2698847773
        1.0950000000         0.5000000000         4.1819610303
        1.1000000000         0.5000000000         4.0914887690
        1.1050000000         0.5000000000         4.0010165077
        1.1100000000         0.5000000000         3.9232868183
        1.1150000000         0.5000000000         3.8213462422
        1.1200000000         0.5000000000         3.7321482380
        1.1250000000         0.5000000000         3.6493215199
        1.1300000000         0.5000000000         3.5613977729
        1.1350000000         0.5000000000         3.4734740260
        1.1400000000         0.5000000000         3.3855502790
        1.1450000000         0.5000000000         3.2976265321
        1.1500000000         0.5000000000         3.2109770423
        1.1550000000         0.5000000000         3.1243275526
        1.1600000000         0.5000000000         3.0313067769
        1.1650000000         0.5000000000         2.9548513447
        1.1700000000         0.5000000000         2.8656533406
        1.1750000000         0.5000000000         2.7790038508
        1.1800000000         0.5000000000         2.6949028755
        1.1850000000         0.5000000000         2.6146246718
        1.1900000000         0.5000000000         2.5267009248
        1.1950000000         0.5000000000         2.4375029207
        1.2000000000         0.5000000000         2.3559504597
        1.2050000000         0.5000000000         2.2731237416
        1.2100000000         0.5000000000         2.1839257375
        1.2150000000         0.5000000000         2.1010990193
        1.2200000000         0.5000000000         2.0208208156
        1.2250000000         0.5000000000         1.9392683547
        1.2300000000         0.5000000000         1.8577158937
        1.2350000000         0.5000000000         1.7761634328
        1.2400000000         0.5000000000         1.6920624574
        1.2450000000         0.5000000000         1.6105099965
        1.2500000000         0.5000000000         1.5213119924
        1.2550000000         0.5000000000         1.4397595314
        1.2600000000         0.5000000000         1.3556585561
        1.2650000000         0.5000000000         1.2677348091
        1.2700000000         0.5000000000         1.1849080910
        1.2750000000         0.5000000000         1.1008071157
        1.2800000000         0.5000000000         1.0179803975
        1.2850000000         0.5000000000         0.9287823934
        1.2900000000         0.5000000000         0.8383101320
        1.2950000000         0.5000000000         0.7593061855
        1.3000000000         0.5000000000         0.6713824386
        1.3050000000         0.5000000000         0.5821844344
        1.3100000000         0.5000000000         0.4942606875
        1.3150000000         0.5000000000         0.4037884261
        1.3200000000         0.5000000000         0.3184131936
        1.3250000000         0.5000000000         0.2304894466
        1.3300000000         0.5000000000         0.1349201565
        1.3350000000         0.5000000000         0.0457221523
        1.3400000000         0.5000000000         0.0049459219
        1.3450000000         0.5000000000         0.0011231503
        1.3500000000         0.5000000000         5.0675697858
        1.3550000000         0.5000000000         5.0675697858
        1.3600000000         0.5000000000         4.9783717817
        1.3650000000         0.5000000000         4.8853510059
        1.3700000000         0.5000000000         4.7872332013
        1.3750000000         0.5000000000         4.6967609400
        1.3800000000         0.5000000000         4.6088371931
        1.3850000000         0.5000000000         4.5170906745
        1.3900000000         0.5000000000         4.4227956415
        1.3950000000         0.5000000000         4.3310491230
        1.4000000000         0.5000000000         4.2405768616
        1.4050000000         0.5000000000         4.1526531147
        1.4100000000         0.5000000000         4.0609065961
        1.4150000000         0.5000000000         3.9742571064
        1.4200000000         0.5000000000         3.8837848451
        1.4250000000         0.5000000000         3.7894898121
        1.4300000000         0.5000000000         3.7130343800
        1.4350000000         0.5000000000         3.6200136042
        1.4400000000         0.5000000000         3.5295413429
        1.4450000000         0.5000000000         3.4492631391
        1.4500000000         0.5000000000         3.3549681062
        1.4550000000         0.5000000000         3.2708671308
        1.4600000000         0.5000000000         3.1791206123
        1.4650000000         0.5000000000         3.0988424086
        1.4700000000         0.5000000000         3.0096444044
        1.4750000000         0.5000000000         2.9280919435
        1.4800000000         0.5000000000         2.8427167109
        1.4850000000         0.5000000000         2.7496959352
        1.4900000000         0.5000000000         2.6668692171
        1.4950000000         0.5000000000         2.5814939845
        1.5000000000         0.5000000000         2.4948444948
        1.5050000000         0.5000000000         2.4107435194
        1.5100000000         0.5000000000         2.3266425441
        1.5150000000         0.5000000000         2.2399930543
        1.5200000000         0.5000000000         2.1597148506
        1.5250000000         0.5000000000         2.0756138753
        1.5300000000         0.5000000000         1.9902386427
        1.5350000000         0.5000000000         1.9086861818
        1.5400000000         0.5000000000         1.8258594637
        1.5450000000         0.5000000000         1.7417584883
        1.5500000000         0.5000000000         1.6640287990
        1.5550000000         0.5000000000         1.5799278237
        1.5600000000         0.5000000000         1.4932783339
        1.5650000000         0.5000000000         1.4104516158
        1.5700000000         0.5000000000         1.3263506404
        1.5750000000         0.5000000000         1.2384268935
        1.5800000000         0.5000000000         1.1556001754
        1.5850000000         0.5000000000         1.0689506856
        1.5900000000         0.5000000000         0.9823011959
        1.5950000000         0.5000000000         0.8982002205
        1.6000000000         0.5000000000         0.8051794448
        1.6050000000         0.5000000000         0.7249012410
        1.6100000000         0.5000000000         0.6369774941
        1.6150000000         0.5000000000         0.5439567183
        1.6200000000         0.5000000000         0.4560329714
        1.6250000000         0.5000000000         0.3681092245
        1.6300000000         0.5000000000         0.2814597347
        1.6350000000         0.5000000000         0.1897132162
        1.6400000000         0.5000000000         0.1005152120
        1.6450000000         0.5000000000         0.0125914651
        1.6500000000         0.5000000000        -0.0001511069
        1.6550000000         0.5000000000         1.1059041445
        1.6600000000         0.5000000000         5.0675697858
        1.6650000000         0.5000000000         5.0318905842
        1.6700000000         0.5000000000         4.9414183228
        1.6750000000         0.5000000000         4.8458490326
        1.6800000000         0.5000000000         4.7553767713
        1.6850000000         0.5000000000         4.6623559955
        1.6900000000         0.5000000000         4.5642381910
        1.6950000000         0.5000000000         4.4724916724
        1.7000000000         0.5000000000         4.3858421827
        1.7050000000         0.5000000000         4.2940956641
        1.7100000000         0.5000000000         4.1998006312
        1.7150000000         0.5000000000         4.1131511414
        1.7200000000         0.5000000000         4.0226788801
        1.7250000000         0.5000000000         3.9347551331
        1.7300000000         0.5000000000         3.8468313862
        1.7350000000         0.5000000000         3.7589076393
        1.7400000000         0.5000000000         3.6646126063
        1.7450000000         0.5000000000         3.5766888594
        1.7500000000         0.5000000000         3.4964106556
        1.7550000000         0.5000000000         3.4033898799
        1.7600000000         0.5000000000         3.3129176185
        1.7650000000         0.5000000000         3.2300909004
        1.7700000000         0.5000000000         3.1434414106
        1.7750000000         0.5000000000         3.0580661781
        1.7800000000         0.5000000000         2.9675939167
        1.7850000000         0.5000000000         2.8796701698
        1.7900000000         0.5000000000         2.7981177089
        1.7950000000         0.5000000000         2.7089197047
        1.8000000000         0.5000000000         2.6235444722
        1.8050000000         0.5000000000         2.5368949824
        1.8100000000         0.5000000000         2.4515197499
        1.8150000000         0.5000000000         2.3788870894
        1.8200000000         0.5000000000         2.2820435420
        1.8250000000         0.5000000000         2.1966683095
        1.8300000000         0.5000000000         2.1278584206
        1.8350000000         0.5000000000         2.0348376448
        1.8400000000         0.5000000000         1.9430911263
        1.8450000000         0.5000000000         1.8615386653
        1.8500000000         0.5000000000         1.7838089760
        1.8550000000         0.5000000000         1.7009822579
        1.8600000000         0.5000000000         1.6181555397
        1.8650000000         0.5000000000         1.5315060500
        1.8700000000         0.5000000000         1.4525021034
        1.8750000000         0.5000000000         1.3696753853
        1.8800000000         0.5000000000         1.2753803524
        1.8850000000         0.5000000000         1.1900051198
        1.8900000000         0.5000000000         1.1122754305
        1.8950000000         0.5000000000         1.0218031691
        1.9000000000         0.5000000000         0.9389764510
        1.9050000000         0.5000000000         0.8510527041
        1.9100000000         0.5000000000         0.7656774715
        1.9150000000         0.5000000000         0.6752052102
        1.9200000000         0.5000000000         0.5860072060
        1.9250000000         0.5000000000         0.5044547451
        1.9300000000         0.5000000000         0.4127082265
        1.9350000000         0.5000000000         0.3247844796
        1.9400000000         0.5000000000         0.2317637038
        1.9450000000         0.5000000000         0.1438399569
        1.9500000000         0.5000000000         0.0546419527
        1.9550000000         0.5000000000         0.0011231503
        1.9600000000         0.5000000000         0.0049459219
        1.9650000000         0.5000000000         5.0662955286
        1.9700000000         0.5000000000         5.0650212714
        1.9750000000         0.5000000000         4.9860173249
        1.9800000000         0.5000000000         4.8917222919
        1.9850000000         0.5000000000         4.7987015162
        1.9900000000         0.5000000000         4.7031322260
        1.9950000000         0.5000000000         4.6113857075
        2.0000000000         0.5000000000         4.5196391889
        2.0050000000         0.5000000000         4.4291669276
        2.0100000000         0.5000000000         4.3412431806
        2.0150000000         0.5000000000         4.2520451765
        2.0200000000         0.5000000000         4.1602986579
        2.0250000000         0.5000000000         4.0698263966
        2.0300000000         0.5000000000         3.9780798780
        2.0350000000         0.5000000000         3.8901561311
        2.0400000000         0.5000000000         3.8060551557
        2.0450000000         0.5000000000         3.7143086372
        2.0500000000         0.5000000000         3.6251106330
        2.0550000000         0.5000000000         3.5384611433
        2.0600000000         0.5000000000         3.4518116535
        2.0650000000         0.5000000000         3.3575166206
        2.0700000000         0.5000000000         3.2823354457
        2.0750000000         0.5000000000         3.1829433839
        2.0800000000         0.5000000000         3.0950196370
        2.0850000000         0.5000000000         3.0109186616
        2.0900000000         0.5000000000         2.9217206575
        2.0950000000         0.5000000000         2.8312483961
        2.1000000000         0.5000000000         2.7484216780
        2.1050000000         0.5000000000         2.6630464454
        2.1100000000         0.5000000000         2.5776712129
        2.1150000000         0.5000000000         2.4935702376
        2.1200000000         0.5000000000         2.4132920338
        2.1250000000         0.5000000000         2.3215455153
        2.1300000000         0.5000000000         2.2361702827
        2.1350000000         0.5000000000         2.1482465358
        2.1400000000         0.5000000000         2.0730653609
        2.1450000000         0.5000000000         1.9876901283
        2.1500000000         0.5000000000         1.9010406386
        2.1550000000         0.5000000000         1.8194881777
        2.1600000000         0.5000000000         1.7341129451
        2.1650000000         0.5000000000         1.6512862270
        2.1700000000         0.5000000000         1.5684595088
        2.1750000000         0.5000000000         1.4843585335
        2.1800000000         0.5000000000         1.4040803298
        2.1850000000         0.5000000000         1.3199793544
        2.1900000000         0.5000000000         1.2295070931
        2.1950000000         0.5000000000         1.1466803749
        2.2000000000         0.5000000000         1.0562081136
        2.2050000000         0.5000000000         0.9695586239
        2.2100000000         0.5000000000         0.8867319057
        2.2150000000         0.5000000000         0.8039051876
        2.2200000000         0.5000000000         0.7147071834
        2.2250000000         0.5000000000         0.6255091793
        2.2300000000         0.5000000000         0.5337626607
        2.2350000000         0.5000000000         0.4458389138
        2.2400000000         0.5000000000         0.3604636812
        2.2450000000         0.5000000000         0.2687171627
        2.2500000000         0.5000000000         0.1820676730
        2.2550000000         0.5000000000         0.0852241256
        2.2600000000         0.5000000000        -0.0014253642
        2.2650000000         0.5000000000        -0.0001511069
        2.2700000000         0.5000000000         1.1046298873
        2.2750000000         0.5000000000         5.0650212714
        2.2800000000         0.5000000000         5.0204222693
        2.2850000000         0.5000000000         4.9235787220
        2.2900000000         0.5000000000         4.8331064606
        2.2950000000         0.5000000000         4.7388114277
        2.3000000000         0.5000000000         4.6483391663
        2.3050000000         0.5000000000         4.5553183906
        2.3100000000         0.5000000000         4.4597491004
        2.3150000000         0.5000000000         4.3692768391
        2.3200000000         0.5000000000         4.2839016065
        2.3250000000         0.5000000000         4.1908808308
        2.3300000000         0.5000000000         4.1055055982
        2.3350000000         0.5000000000         4.0175818513
        2.3400000000         0.5000000000         3.9258353327
        2.3450000000         0.5000000000         3.8379115858
        2.3500000000         0.5000000000         3.7499878388
        2.3550000000         0.5000000000         3.6620640919
        2.3600000000         0.5000000000         3.5715918305
        2.3650000000         0.5000000000         3.4798453120
        2.3700000000         0.5000000000         3.3957443367
        2.3750000000         0.5000000000         3.3039978181
        2.3800000000         0.5000000000         3.2237196144
        2.3850000000         0.5000000000         3.1332473530
        2.3900000000         0.5000000000         3.0465978633
        2.3950000000         0.5000000000         2.9586741163
        2.4000000000         0.5000000000         2.8720246266
        2.4050000000         0.5000000000         2.7879236513
        2.4100000000         0.5000000000         2.6974513899
        2.4150000000         0.5000000000         2.6184474434
        2.4200000000         0.5000000000         2.5317979536
        2.4250000000         0.5000000000         2.4451484639
        2.4300000000         0.5000000000         2.3546762025
        2.4350000000         0.5000000000         2.2731237416
        2.4400000000         0.5000000000         2.1902970235
        2.4450000000         0.5000000000         2.1036475337
        2.4500000000         0.5000000000         2.0195465584
        2.4550000000         0.5000000000         1.9392683547
        2.4600000000         0.5000000000         1.8500703505
        2.4650000000         0.5000000000         1.7697921468
        2.4700000000         0.5000000000         1.6882396858
        2.4750000000         0.5000000000         1.6028644533
        2.4800000000         0.5000000000         1.5187634780
        2.4850000000         0.5000000000         1.4384852742
        2.4900000000         0.5000000000         1.3543842989
        2.4950000000         0.5000000000         1.2664605519
        2.5000000000         0.5000000000         1.1849080910
        2.5050000000         0.5000000000         1.0931615725
        2.5100000000         0.5000000000         1.0103348543
        2.5150000000         0.5000000000         0.9236853646
        2.5200000000         0.5000000000         0.8332131032
        2.5250000000         0.5000000000         0.7491121279
        2.5300000000         0.5000000000         0.6624626381
        2.5350000000         0.5000000000         0.5745388912
        2.5400000000         0.5000000000         0.4815181154
        2.5450000000         0.5000000000         0.3948686257
        2.5500000000         0.5000000000         0.3031221072
        2.5550000000         0.5000000000         0.2228439034
        2.5600000000         0.5000000000         0.1272746133
        2.5650000000         0.5000000000         0.0368023519
        2.5700000000         0.5000000000         0.0036716647
        2.5750000000         0.5000000000         1.1033556301
        2.5800000000         0.5000000000         5.0637470142
        2.5850000000         0.5000000000         5.0535529566
        2.5900000000         0.5000000000         4.9605321808
        2.5950000000         0.5000000000         4.8662371479
        2.6000000000         0.5000000000         4.7732163721
        2.6050000000         0.5000000000         4.6827441108
        2.6100000000         0.5000000000         4.5846263062
        2.6150000000         0.5000000000         4.4992510737
        2.6200000000         0.5000000000         4.4036817835
        2.6250000000         0.5000000000         4.3157580366
        2.6300000000         0.5000000000         4.2252857752
        2.6350000000         0.5000000000         4.1373620283
        2.6400000000         0.5000000000         4.0468897669
        2.6450000000         0.5000000000         3.9615145344
        2.6500000000         0.5000000000         3.8672195014
        2.6550000000         0.5000000000         3.7754729829
        2.6600000000         0.5000000000         3.6888234931
        2.6650000000         0.5000000000         3.5970769746
        2.6700000000         0.5000000000         3.5155245137
        2.6750000000         0.5000000000         3.4263265095
        2.6800000000         0.5000000000         3.3345799910
        2.6850000000         0.5000000000         3.2504790156
        2.6900000000         0.5000000000         3.1587324971
        2.6950000000         0.5000000000         3.0695344929
        2.7000000000         0.5000000000         2.9854335176
        2.7050000000         0.5000000000         2.9013325422
        2.7100000000         0.5000000000         2.8146830525
        2.7150000000         0.5000000000         2.7242107911
        2.7200000000         0.5000000000         2.6401098158
        2.7250000000         0.5000000000         2.5534603261
        2.7300000000         0.5000000000         2.4680850935
        2.7350000000         0.5000000000         2.3852583754
        2.7400000000         0.5000000000         2.2973346284
        2.7450000000         0.5000000000         2.2183306819
        2.7500000000         0.5000000000         2.1240356490
        2.7550000000         0.5000000000         2.0437574452
        2.7600000000         0.5000000000         1.9634792415
        2.7650000000         0.5000000000         1.8730069801
        2.7700000000         0.5000000000         1.7927287764
        2.7750000000         0.5000000000         1.7099020583
        2.7800000000         0.5000000000         1.6258010829
        2.7850000000         0.5000000000         1.5417001076
        2.7900000000         0.5000000000         1.4614219039
        2.7950000000         0.5000000000         1.3734981569
        2.8000000000         0.5000000000         1.2855744100
        2.8050000000         0.5000000000         1.2052962062
        2.8100000000         0.5000000000         1.1135496877
        2.8150000000         0.5000000000         1.0294487123
        2.8200000000         0.5000000000         0.9427992226
        2.8250000000         0.5000000000         0.8574239901
        2.8300000000         0.5000000000         0.7656774715
        2.8350000000         0.5000000000         0.6803022390
        2.8400000000         0.5000000000         0.5936527492
        2.8450000000         0.5000000000         0.5031804879
        2.8500000000         0.5000000000         0.4178052553
        2.8550000000         0.5000000000         0.3235102224
        2.8600000000         0.5000000000         0.2330379610
        2.8650000000         0.5000000000         0.1451142141
        2.8700000000         0.5000000000         0.0533676955
        2.8750000000         0.5000000000        -0.0001511069
        2.8800000000         0.5000000000         0.0011231503
        2.8850000000         0.5000000000         5.0675697858
        2.8900000000         0.5000000000         5.0713925574
        2.8950000000         0.5000000000         4.9770975245
        2.9000000000         0.5000000000         4.8840767487
        2.9050000000         0.5000000000         4.7948787446
        2.9100000000         0.5000000000         4.7044064832
        2.9150000000         0.5000000000         4.6024659070
        2.9200000000         0.5000000000         4.5196391889
        2.9250000000         0.5000000000         4.4253441560
        2.9300000000         0.5000000000         4.3310491230
        2.9350000000         0.5000000000         4.2418511188
        2.9400000000         0.5000000000         4.1564758863
        2.9450000000         0.5000000000         4.0660036250
        2.9500000000         0.5000000000         3.9729828492
        2.9550000000         0.5000000000         3.8850591023
        2.9600000000         0.5000000000         3.7945868409
        2.9650000000         0.5000000000         3.7066630940
        2.9700000000         0.5000000000         3.6187393470
        2.9750000000         0.5000000000         3.5282670857
        2.9800000000         0.5000000000         3.4377948243
        2.9850000000         0.5000000000         3.3498710774
        2.9900000000         0.5000000000         3.2670443592
        2.9950000000         0.5000000000         3.1752978407
        3.0000000000         0.5000000000         3.0860998365
        3.0050000000         0.5000000000         2.9994503468
        3.0100000000         0.5000000000         2.9178978859
        3.0150000000         0.5000000000         2.8325226533
        3.0200000000         0.5000000000         2.7484216780
        3.0250000000         0.5000000000         2.6579494166
        3.0300000000         0.5000000000         2.5725741841
        3.0350000000         0.5000000000         2.4846504371
        3.0400000000         0.5000000000         2.4018237190
        3.0450000000         0.5000000000         2.3177227437
        3.0500000000         0.5000000000         2.2323475111
        3.0550000000         0.5000000000         2.1507950502
        3.0600000000         0.5000000000         2.0641455605
        3.0650000000         0.5000000000         1.9762218135
        3.0700000000         0.5000000000         1.8959436098
        3.0750000000         0.5000000000         1.8131168916
        3.0800000000         0.5000000000         1.7302901735
        3.0850000000         0.5000000000         1.6500119698
        3.0900000000         0.5000000000         1.5633624800
        3.0950000000         0.5000000000         1.4767129903
        3.1000000000         0.5000000000         1.3977090438
        3.1050000000         0.5000000000         1.3136080684
        3.1100000000         0.5000000000         1.2244100643
        3.1150000000         0.5000000000         1.1352120601
        3.1200000000         0.5000000000         1.0523853420
        3.1250000000         0.5000000000         0.9682843666
        3.1300000000         0.5000000000         0.8790863625
        3.1350000000         0.5000000000         0.7886141012
        3.1400000000         0.5000000000         0.7070616402
        3.1450000000         0.5000000000         0.6165893789
        3.1500000000         0.5000000000         0.5197458315
        3.1550000000         0.5000000000         0.4318220846
        3.1600000000         0.5000000000         0.3451725948
        3.1650000000         0.5000000000         0.2572488479
        3.1700000000         0.5000000000         0.1616795577
        3.1750000000         0.5000000000         0.0737558108
        3.1800000000         0.5000000000        -0.0001511069
        3.1850000000         0.5000000000         0.0011231503
        3.1900000000         0.5000000000         1.1059041445
        3.1950000000         0.5000000000         5.0675697858
        3.2000000000         0.5000000000         4.9987598969
        3.2050000000         0.5000000000         4.9133846644
        3.2100000000         0.5000000000         4.8190896314
        3.2150000000         0.5000000000         4.7235203412
        3.2200000000         0.5000000000         4.6279510511
        3.2250000000         0.5000000000         4.5349302753
        3.2300000000         0.5000000000         4.4431837568
        3.2350000000         0.5000000000         4.3552600098
        3.2400000000         0.5000000000         4.2622392341
        3.2450000000         0.5000000000         4.1704927155
        3.2500000000         0.5000000000         4.0800204542
        3.2550000000         0.5000000000         3.9946452216
        3.2600000000         0.5000000000         3.9016244459
        3.2650000000         0.5000000000         3.8124264417
        3.2700000000         0.5000000000         3.7283254664
        3.2750000000         0.5000000000         3.6314819190
        3.2800000000         0.5000000000         3.5512037153
        3.2850000000         0.5000000000         3.4658284828
        3.2900000000         0.5000000000         3.3728077070
        3.2950000000         0.5000000000         3.2836097029
        3.3000000000         0.5000000000         3.2020572419
        3.3050000000         0.5000000000         3.1141334950
        3.3100000000         0.5000000000         3.0211127192
        3.3150000000         0.5000000000         2.9331889723
        3.3200000000         0.5000000000         2.8503622542
        3.3250000000         0.5000000000         2.7662612788
        3.3300000000         0.5000000000         2.6796117891
        3.3350000000         0.5000000000         2.5891395277
        3.3400000000         0.5000000000         2.5088613240
        3.3450000000         0.5000000000         2.4183890626
        3.3500000000         0.5000000000         2.3355623445
        3.3550000000         0.5000000000         2.2514613692
        3.3600000000         0.5000000000         2.1673603938
        3.3650000000         0.5000000000         2.0768881325
        3.3700000000         0.5000000000         1.9953356715
        3.3750000000         0.5000000000         1.9176059822
        3.3800000000         0.5000000000         1.8424248073
        3.3850000000         0.5000000000         1.7468555171
        3.3900000000         0.5000000000         1.6678515706
        3.3950000000         0.5000000000         1.5837505953
        3.4000000000         0.5000000000         1.4983753627
        3.4050000000         0.5000000000         1.4091773586
        3.4100000000         0.5000000000         1.3339961837
        3.4150000000         0.5000000000         1.2435239223
        3.4200000000         0.5000000000         1.1543259182
        3.4250000000         0.5000000000         1.0753219716
        3.4300000000         0.5000000000         0.9823011959
        3.4350000000         0.5000000000         0.8982002205
        3.4400000000         0.5000000000         0.8115507308
        3.4450000000         0.5000000000         0.7223527266
        3.4500000000         0.5000000000         0.6382517513
        3.4550000000         0.5000000000         0.5477794900
        3.4600000000         0.5000000000         0.4522101998
        3.4650000000         0.5000000000         0.3642864529
        3.4700000000         0.5000000000         0.2801854775
        3.4750000000         0.5000000000         0.1897132162
        3.4800000000         0.5000000000         0.0966924404
        3.4850000000         0.5000000000         0.0074944363
        3.4900000000         0.5000000000        -0.0026996214
        3.4950000000         0.5000000000         1.1059041445
        3.5000000000         0.5000000000         5.0675697858
        3.5050000000         0.5000000000         5.0293420697
        3.5100000000         0.5000000000         4.9363212940
        3.5150000000         0.5000000000         4.8394777466
        3.5200000000         0.5000000000         4.7477312281
        3.5250000000         0.5000000000         4.6496134235
        3.5300000000         0.5000000000         4.5565926478
        3.5350000000         0.5000000000         4.4673946436
        3.5400000000         0.5000000000         4.3756481251
        3.5450000000         0.5000000000         4.2889986353
        3.5500000000         0.5000000000         4.1972521168
        3.5550000000         0.5000000000         4.1106026270
        3.5600000000         0.5000000000         4.0137590797
        3.5650000000         0.5000000000         3.9309323615
        3.5700000000         0.5000000000         3.8379115858
        3.5750000000         0.5000000000         3.7499878388
        3.5800000000         0.5000000000         3.6595155775
        3.5850000000         0.5000000000         3.5690433161
        3.5900000000         0.5000000000         3.4849423408
        3.5950000000         0.5000000000         3.3970185939
        3.6000000000         0.5000000000         3.3078205897
        3.6050000000         0.5000000000         3.2198968428
        3.6100000000         0.5000000000         3.1306988386
        3.6150000000         0.5000000000         3.0453236061
        3.6200000000         0.5000000000         2.9586741163
        3.6250000000         0.5000000000         2.8682018550
        3.6300000000         0.5000000000         2.7891979085
        3.6350000000         0.5000000000         2.6999999043
        3.6400000000         0.5000000000         2.6146246718
        3.6450000000         0.5000000000         2.5305236964
        3.6500000000         0.5000000000         2.4400514351
        3.6550000000         0.5000000000         2.3597732313
        3.6600000000         0.5000000000         2.2705752272
        3.6650000000         0.5000000000         2.1839257375
        3.6700000000         0.5000000000         2.1036475337
        3.6750000000         0.5000000000         2.0169980440
        3.6800000000         0.5000000000         1.9354455830
        3.6850000000         0.5000000000         1.8513446077
        3.6900000000         0.5000000000         1.7697921468
        3.6950000000         0.5000000000         1.6869654286
        3.7000000000         0.5000000000         1.6079614821
        3.7050000000         0.5000000000         1.5187634780
        3.7100000000         0.5000000000         1.4359367598
        3.7150000000         0.5000000000         1.3531100417
        3.7200000000         0.5000000000         1.2626377803
        3.7250000000         0.5000000000         1.1849080910
        3.7300000000         0.5000000000         1.0957100869
        3.7350000000         0.5000000000         1.0128833687
        3.7400000000         0.5000000000         0.9198625930
        3.7450000000         0.5000000000         0.8344873604
        3.7500000000         0.5000000000         0.7491121279
        3.7550000000         0.5000000000         0.6624626381
        3.7600000000         0.5000000000         0.5668933480
        3.7650000000         0.5000000000         0.4802438582
        3.7700000000         0.5000000000         0.3897715969
        3.7750000000         0.5000000000         0.3069448788
        3.7800000000         0.5000000000         0.2126498458
        3.7850000000         0.5000000000         0.1221775845
        3.7900000000         0.5000000000         0.0266082943
        3.7950000000         0.5000000000        -0.0026996214
        3.8000000000         0.5000000000         1.1008071157
        3.8050000000         0.5000000000         5.0662955286
        3.8100000000         0.5000000000         5.0484559278
        3.8150000000         0.5000000000         4.9579836664
        3.8200000000         0.5000000000         4.8687856623
        3.8250000000         0.5000000000         4.7719421149
        3.8300000000         0.5000000000         4.6750985676
        3.8350000000         0.5000000000         4.5795292774
        3.8400000000         0.5000000000         4.4865085017
        3.8450000000         0.5000000000         4.4011332691
        3.8500000000         0.5000000000         4.3106610078
        3.8550000000         0.5000000000         4.2163659748
        3.8600000000         0.5000000000         4.1246194563
        3.8650000000         0.5000000000         4.0379699665
        3.8700000000         0.5000000000         3.9500462196
        3.8750000000         0.5000000000         3.8582997010
        3.8800000000         0.5000000000         3.7691016969
        3.8850000000         0.5000000000         3.6811779499
        3.8900000000         0.5000000000         3.5983512318
        3.8950000000         0.5000000000         3.5027819416
        3.9000000000         0.5000000000         3.4123096803
        3.9050000000         0.5000000000         3.3294829621
        3.9100000000         0.5000000000         3.2415592152
        3.9150000000         0.5000000000         3.1472641822
        3.9200000000         0.5000000000         3.0631632069
        3.9250000000         0.5000000000         2.9816107460
        3.9300000000         0.5000000000         2.8885899702
        3.9350000000         0.5000000000         2.8070375093
        3.9400000000         0.5000000000         2.7165652479
        3.9450000000         0.5000000000         2.6311900154
        3.9500000000         0.5000000000         2.5470890401
        3.9550000000         0.5000000000         2.4642623219
        3.9600000000         0.5000000000         2.3763385750
        3.9650000000         0.5000000000         2.2871405708
        3.9700000000         0.5000000000         2.2106851387
        3.9750000000         0.5000000000         2.1202128773
        3.9800000000         0.5000000000         2.0373861592
        3.9850000000         0.5000000000         1.9558336983
        3.9900000000         0.5000000000         1.8717327229
        3.9950000000         0.5000000000         1.7863574904
        4.0000000000         0.5000000000         1.7035307723
        4.0050000000         0.5000000000         1.6245268257
        4.0100000000         0.5000000000         1.5429743648
        4.0150000000         0.5000000000         1.4537763606
        4.0200000000         0.5000000000         1.3684011281
        4.0250000000         0.5000000000         1.2855744100
        4.0300000000         0.5000000000         1.2001991774
        4.0350000000         0.5000000000         1.1262922597
        4.0400000000         0.5000000000         1.0256259407
        4.0450000000         0.5000000000         0.9402507082
        4.0500000000         0.5000000000         0.8548754757
        4.0550000000         0.5000000000         0.7682259859
        4.0600000000         0.5000000000         0.6790279818
        4.0650000000         0.5000000000         0.5911042348
        4.0700000000         0.5000000000         0.5031804879
        4.0750000000         0.5000000000         0.4152567409
        4.0800000000         0.5000000000         0.3286072512
        4.0850000000         0.5000000000         0.2381349898
        4.0900000000         0.5000000000         0.1463884713
        4.0950000000         0.5000000000         0.0559162099
        4.1000000000         0.5000000000        -0.0026996214
        4.1050000000         0.5000000000        -0.0026996214
        4.1100000000         0.5000000000         5.0637470142
        4.1150000000         0.5000000000         5.0662955286
        4.1200000000         0.5000000000         4.9885658393
        4.1250000000         0.5000000000         4.8955450635
        4.1300000000         0.5000000000         4.7999757734
        4.1350000000         0.5000000000         4.7018579688
        4.1400000000         0.5000000000         4.6062886786
        4.1450000000         0.5000000000         4.5145421601
        4.1500000000         0.5000000000         4.4291669276
        4.1550000000         0.5000000000         4.3386946662
        4.1600000000         0.5000000000         4.2494966621
        4.1650000000         0.5000000000         4.1577501435
        4.1700000000         0.5000000000         4.0685521394
        4.1750000000         0.5000000000         3.9831769068
        4.1800000000         0.5000000000         3.8863333595
        4.1850000000         0.5000000000         3.8047808985
        4.1900000000         0.5000000000         3.7155828944
        4.1950000000         0.5000000000         3.6251106330
        4.2000000000         0.5000000000         3.5371868861
        4.2050000000         0.5000000000         3.4492631391
        4.2100000000         0.5000000000         3.3626136494
        4.2150000000         0.5000000000         3.2695928736
        4.2200000000         0.5000000000         3.1816691267
        4.2250000000         0.5000000000         3.1001166658
        4.2300000000         0.5000000000         3.0096444044
        4.2350000000         0.5000000000         2.9229949147
        4.2400000000         0.5000000000         2.8337969105
        4.2450000000         0.5000000000         2.7496959352
        4.2500000000         0.5000000000         2.6617721882
        4.2550000000         0.5000000000         2.5751226985
        4.2600000000         0.5000000000         2.4948444948
        4.2650000000         0.5000000000         2.4081950050
        4.2700000000         0.5000000000         2.3228197725
        4.2750000000         0.5000000000         2.2361702827
        4.2800000000         0.5000000000         2.1469722786
        4.2850000000         0.5000000000         2.0768881325
        4.2900000000         0.5000000000         1.9838673567
        4.2950000000         0.5000000000         1.8997663814
        4.3000000000         0.5000000000         1.8207624349
        4.3050000000         0.5000000000         1.7353872023
        4.3100000000         0.5000000000         1.6487377126
        4.3150000000         0.5000000000         1.5633624800
        4.3200000000         0.5000000000         1.4792615047
        4.3250000000         0.5000000000         1.3977090438
        4.3300000000         0.5000000000         1.3136080684
        4.3350000000         0.5000000000         1.2269585787
        4.3400000000         0.5000000000         1.1415833461
        4.3450000000         0.5000000000         1.0574823708
        4.3500000000         0.5000000000         0.9670101094
        4.3550000000         0.5000000000         0.8880061629
        4.3600000000         0.5000000000         0.7988081588
        4.3650000000         0.5000000000         0.7083358974
        4.3700000000         0.5000000000         0.6191378933
        4.3750000000         0.5000000000         0.5261171175
        4.3800000000         0.5000000000         0.4369191134
        4.3850000000         0.5000000000         0.3528181380
        4.3900000000         0.5000000000         0.2610716195
        4.3950000000         0.5000000000         0.1705993581
        4.4000000000         0.5000000000         0.0763043252
        4.4050000000         0.5000000000        -0.0026996214
        4.4100000000         0.5000000000         0.0062201791
        4.4150000000         0.5000000000         1.1084526589
        4.4200000000         0.5000000000         5.0688440430
        4.4250000000         0.5000000000         5.0140509833
        4.4300000000         0.5000000000         4.9184816932
        4.4350000000         0.5000000000         4.8216381458
        4.4400000000         0.5000000000         4.7286173701
        4.4450000000         0.5000000000         4.6368708515
        4.4500000000         0.5000000000         4.5400273041
        4.4550000000         0.5000000000         4.4521035572
        4.4600000000         0.5000000000         4.3578085242
        4.4650000000         0.5000000000         4.2724332917
        4.4700000000         0.5000000000         4.1832352876
        4.4750000000         0.5000000000         4.0940372834
        4.4800000000         0.5000000000         4.0048392793
        4.4850000000         0.5000000000         3.9130927607
        4.4900000000         0.5000000000         3.8264432710
        4.4950000000         0.5000000000         3.7346967524
        4.5000000000         0.5000000000         3.6480472627
        4.5050000000         0.5000000000         3.5550264869
        4.5100000000         0.5000000000         3.4671027400
        4.5150000000         0.5000000000         3.3830017646
        4.5200000000         0.5000000000         3.2938037605
        4.5250000000         0.5000000000         3.2007829847
        4.5300000000         0.5000000000         3.1154077522
        4.5350000000         0.5000000000         3.0325810341
        4.5400000000         0.5000000000         2.9459315443
        4.5450000000         0.5000000000         2.8554592830
        4.5500000000         0.5000000000         2.7688097932
        4.5550000000         0.5000000000         2.6821603035
        4.5600000000         0.5000000000         2.5980593281
        4.5650000000         0.5000000000         2.5126840956
        4.5700000000         0.5000000000         2.4273088631
        4.5750000000         0.5000000000         2.3419336305
        4.5800000000         0.5000000000         2.2552841408
        4.5850000000         0.5000000000         2.1686346510
        4.5900000000         0.5000000000         2.0883564473
        4.5950000000         0.5000000000         2.0042554720
        4.6000000000         0.5000000000         1.9201544966
        4.6050000000         0.5000000000         1.8398762929
        4.6100000000         0.5000000000         1.7545010603
        4.6150000000         0.5000000000         1.6691258278
        4.6200000000         0.5000000000         1.5888476241
        4.6250000000         0.5000000000         1.5034723915
        4.6300000000         0.5000000000         1.4168229018
        4.6350000000         0.5000000000         1.3301734120
        4.6400000000         0.5000000000         1.2498952083
        4.6450000000         0.5000000000         1.1632457186
        4.6500000000         0.5000000000         1.0791447432
        4.6550000000         0.5000000000         0.9886724819
        4.6600000000         0.5000000000         0.9007487349
        4.6650000000         0.5000000000         0.8191962740
        4.6700000000         0.5000000000         0.7312725271
        4.6750000000         0.5000000000         0.6408002657
        4.6800000000         0.5000000000         0.5541507760
        4.6850000000         0.5000000000         0.4598557430
        4.6900000000         0.5000000000         0.3693834817
        4.6950000000         0.5000000000         0.2840082491
        4.7000000000         0.5000000000         0.1909874734
        4.7050000000         0.5000000000         0.1030637264
        4.7100000000         0.5000000000         0.0138657223
        4.7150000000         0.5000000000        -0.0014253642
        4.7200000000         0.5000000000         1.1097269161
        4.7250000000         0.5000000000         5.0713925574
        4.7300000000         0.5000000000         5.0306163269
        4.7350000000         0.5000000000         4.9375955512
        4.7400000000         0.5000000000         4.8433005182
        4.7450000000         0.5000000000         4.7515539997
        4.7500000000         0.5000000000         4.6559847095
        4.7550000000         0.5000000000         4.5616896766
        4.7600000000         0.5000000000         4.4763144440
        4.7650000000         0.5000000000         4.3807451539
        4.7700000000         0.5000000000         4.2940956641
        4.7750000000         0.5000000000         4.2036234028
        4.7800000000         0.5000000000         4.1106026270
        4.7850000000         0.5000000000         4.0214046229
        4.7900000000         0.5000000000         3.9334808759
        4.7950000000         0.5000000000         3.8442828718
        4.8000000000         0.5000000000         3.7538106104
        4.8050000000         0.5000000000         3.6646126063
        4.8100000000         0.5000000000         3.5792373738
        4.8150000000         0.5000000000         3.4849423408
        4.8200000000         0.5000000000         3.4008413655
        4.8250000000         0.5000000000         3.3090948469
        4.8300000000         0.5000000000         3.2198968428
        4.8350000000         0.5000000000         3.1345216102
        4.8400000000         0.5000000000         3.0478721205
        4.8450000000         0.5000000000         2.9548513447
        4.8500000000         0.5000000000         2.8732988838
        4.8550000000         0.5000000000         2.7866493940
        4.8600000000         0.5000000000         2.6987256471
        4.8650000000         0.5000000000         2.6171731862
        4.8700000000         0.5000000000         2.5292494392
        4.8750000000         0.5000000000         2.4413256923
        4.8800000000         0.5000000000         2.3584989741
        4.8850000000         0.5000000000         2.2705752272
        4.8900000000         0.5000000000         2.1851999947
        4.8950000000         0.5000000000         2.1061960481
        4.9000000000         0.5000000000         2.0182723012
        4.9050000000         0.5000000000         1.9379940974
        4.9100000000         0.5000000000         1.8487960933
        4.9150000000         0.5000000000         1.7672436324
        4.9200000000         0.5000000000         1.6882396858
        4.9250000000         0.5000000000         1.6015901961
        4.9300000000         0.5000000000         1.5162149636
        4.9350000000         0.5000000000         1.4308397310
        4.9400000000         0.5000000000         1.3429159841
        4.9450000000         0.5000000000         1.2677348091
        4.9500000000         0.5000000000         1.1810853194
        4.9550000000         0.5000000000         1.0906130581
        4.9600000000         0.5000000000         1.0014150539
        4.9650000000         0.5000000000         0.9147655642
        4.9700000000         0.5000000000         0.8319388460
        4.9750000000         0.5000000000         0.7452893563
        4.9800000000         0.5000000000         0.6535428377
        4.9850000000         0.5000000000         0.5707161196
        4.9900000000         0.5000000000         0.4827923726
        4.9950000000         0.5000000000         0.3897715969
