        0.0000000000         0.9000000000         1.9023148958
        0.0050000000         0.9000000000         1.9010406386
        0.0100000000         0.9000000000         1.9010406386
        0.0150000000         0.9000000000         1.9010406386
        0.0200000000         0.9000000000         1.8857495522
        0.0250000000         0.9000000000         1.8653614369
        0.0300000000         0.9000000000         1.8475218361
        0.0350000000         0.9000000000         1.8105683772
        0.0400000000         0.9000000000         1.7838089760
        0.0450000000         0.9000000000         1.7443070027
        0.0500000000         0.9000000000         1.7009822579
        0.0550000000         0.9000000000         1.6576575130
        0.0600000000         0.9000000000         1.6156070253
        0.0650000000         0.9000000000         1.5710080232
        0.0700000000         0.9000000000         1.5149407064
        0.0750000000         0.9000000000         1.4665189327
        0.0800000000         0.9000000000         1.4180971590
        0.0850000000         0.9000000000         1.3645783565
        0.0900000000         0.9000000000         1.3072367824
        0.0950000000         0.9000000000         1.2447981795
        0.1000000000         0.9000000000         1.1989249202
        0.1050000000         0.9000000000         1.1390348317
        0.1100000000         0.9000000000         1.0765962288
        0.1150000000         0.9000000000         1.0205289119
        0.1200000000         0.9000000000         0.9580903090
        0.1250000000         0.9000000000         0.8982002205
        0.1300000000         0.9000000000         0.8408586464
        0.1350000000         0.9000000000         0.7822428151
        0.1400000000         0.9000000000         0.7121586690
        0.1450000000         0.9000000000         0.6471715517
        0.1500000000         0.9000000000         0.5834586916
        0.1550000000         0.9000000000         0.5171973171
        0.1600000000         0.9000000000         0.4509359426
        0.1650000000         0.9000000000         0.3846745681
        0.1700000000         0.9000000000         0.3196874508
        0.1750000000         0.9000000000         0.2508775619
        0.1800000000         0.9000000000         0.1884389590
        0.1850000000         0.9000000000         0.1119835268
        0.1900000000         0.9000000000         0.0457221523
        0.1950000000         0.9000000000         0.0023974075
        0.2000000000         0.9000000000        -0.0014253642
        0.2050000000         0.9000000000         1.0944358297
        0.2100000000         0.9000000000         5.0662955286
        0.2150000000         0.9000000000         5.0650212714
        0.2200000000         0.9000000000         5.0025826685
        0.2250000000         0.9000000000         4.9274014936
        0.2300000000         0.9000000000         4.8573173475
        0.2350000000         0.9000000000         4.7808619153
        0.2400000000         0.9000000000         4.7044064832
        0.2450000000         0.9000000000         4.6317738227
        0.2500000000         0.9000000000         4.5578669050
        0.2550000000         0.9000000000         4.4814114728
        0.2600000000         0.9000000000         4.4087788123
        0.2650000000         0.9000000000         4.3335976374
        0.2700000000         0.9000000000         4.2635134913
        0.2750000000         0.9000000000         4.1896065736
        0.2800000000         0.9000000000         4.1182481702
        0.2850000000         0.9000000000         4.0405184809
        0.2900000000         0.9000000000         3.9729828492
        0.2950000000         0.9000000000         3.8978016743
        0.3000000000         0.9000000000         3.8251690138
        0.3050000000         0.9000000000         3.7538106104
        0.3100000000         0.9000000000         3.6773551783
        0.3150000000         0.9000000000         3.6034482606
        0.3200000000         0.9000000000         3.5320898573
        0.3250000000         0.9000000000         3.4594571968
        0.3300000000         0.9000000000         3.3880987934
        0.3350000000         0.9000000000         3.3103691041
        0.3400000000         0.9000000000         3.2351879292
        0.3450000000         0.9000000000         3.1702008119
        0.3500000000         0.9000000000         3.0975681514
        0.3550000000         0.9000000000         3.0172899476
        0.3600000000         0.9000000000         2.9497543159
        0.3650000000         0.9000000000         2.8732988838
        0.3700000000         0.9000000000         2.8070375093
        0.3750000000         0.9000000000         2.7305820772
        0.3800000000         0.9000000000         2.6566751594
        0.3850000000         0.9000000000         2.5878652705
        0.3900000000         0.9000000000         2.5075870668
        0.3950000000         0.9000000000         2.4387771779
        0.4000000000         0.9000000000         2.3661445174
        0.4050000000         0.9000000000         2.2909633424
        0.4100000000         0.9000000000         2.2196049391
        0.4150000000         0.9000000000         2.1495207930
        0.4200000000         0.9000000000         2.0781623897
        0.4250000000         0.9000000000         2.0017069576
        0.4300000000         0.9000000000         1.9367198402
        0.4350000000         0.9000000000         1.8602644081
        0.4400000000         0.9000000000         1.7914545192
        0.4450000000         0.9000000000         1.7175476015
        0.4500000000         0.9000000000         1.6487377126
        0.4550000000         0.9000000000         1.5773793093
        0.4600000000         0.9000000000         1.5021981343
        0.4650000000         0.9000000000         1.4359367598
        0.4700000000         0.9000000000         1.3607555849
        0.4750000000         0.9000000000         1.2855744100
        0.4800000000         0.9000000000         1.2167645211
        0.4850000000         0.9000000000         1.1377605745
        0.4900000000         0.9000000000         1.0689506856
        0.4950000000         0.9000000000         0.9950437679
        0.5000000000         0.9000000000         0.9198625930
        0.5050000000         0.9000000000         0.8497784469
        0.5100000000         0.9000000000         0.7707745003
        0.5150000000         0.9000000000         0.6994160970
        0.5200000000         0.9000000000         0.6280576937
        0.5250000000         0.9000000000         0.5452309756
        0.5300000000         0.9000000000         0.4725983150
        0.5350000000         0.9000000000         0.3986913973
        0.5400000000         0.9000000000         0.3247844796
        0.5450000000         0.9000000000         0.2470547903
        0.5500000000         0.9000000000         0.1731478725
        0.5550000000         0.9000000000         0.0954181832
        0.5600000000         0.9000000000         0.0189627511
        0.5650000000         0.9000000000         0.0049459219
        0.5700000000         0.9000000000        -0.0014253642
        0.5750000000         0.9000000000         5.0662955286
        0.5800000000         0.9000000000         5.0675697858
        0.5850000000         0.9000000000         5.0178737549
        0.5900000000         0.9000000000         4.9401440656
        0.5950000000         0.9000000000         4.8573173475
        0.6000000000         0.9000000000         4.7783134009
        0.6050000000         0.9000000000         4.7018579688
        0.6100000000         0.9000000000         4.6190312507
        0.6150000000         0.9000000000         4.5463985902
        0.6200000000         0.9000000000         4.4686689008
        0.6250000000         0.9000000000         4.3858421827
        0.6300000000         0.9000000000         4.3119352650
        0.6350000000         0.9000000000         4.2393026044
        0.6400000000         0.9000000000         4.1615729151
        0.6450000000         0.9000000000         4.0876659974
        0.6500000000         0.9000000000         4.0099363081
        0.6550000000         0.9000000000         3.9322066187
        0.6600000000         0.9000000000         3.8582997010
        0.6650000000         0.9000000000         3.7831185261
        0.6700000000         0.9000000000         3.7079373512
        0.6750000000         0.9000000000         3.6340304334
        0.6800000000         0.9000000000         3.5550264869
        0.6850000000         0.9000000000         3.4785710548
        0.6900000000         0.9000000000         3.4072126515
        0.6950000000         0.9000000000         3.3307572193
        0.7000000000         0.9000000000         3.2581245588
        0.7050000000         0.9000000000         3.1829433839
        0.7100000000         0.9000000000         3.1013909230
        0.7150000000         0.9000000000         3.0313067769
        0.7200000000         0.9000000000         2.9586741163
        0.7250000000         0.9000000000         2.8847671986
        0.7300000000         0.9000000000         2.8070375093
        0.7350000000         0.9000000000         2.7331305916
        0.7400000000         0.9000000000         2.6630464454
        0.7450000000         0.9000000000         2.5878652705
        0.7500000000         0.9000000000         2.5139583528
        0.7550000000         0.9000000000         2.4400514351
        0.7600000000         0.9000000000         2.3648702602
        0.7650000000         0.9000000000         2.2909633424
        0.7700000000         0.9000000000         2.2094108815
        0.7750000000         0.9000000000         2.1469722786
        0.7800000000         0.9000000000         2.0717911037
        0.7850000000         0.9000000000         1.9978841859
        0.7900000000         0.9000000000         1.9239772682
        0.7950000000         0.9000000000         1.8551673793
        0.8000000000         0.9000000000         1.7850832332
        0.8050000000         0.9000000000         1.7086278011
        0.8100000000         0.9000000000         1.6385436550
        0.8150000000         0.9000000000         1.5633624800
        0.8200000000         0.9000000000         1.4971011055
        0.8250000000         0.9000000000         1.4231941878
        0.8300000000         0.9000000000         1.3505615273
        0.8350000000         0.9000000000         1.2766546096
        0.8400000000         0.9000000000         1.2052962062
        0.8450000000         0.9000000000         1.1275665169
        0.8500000000         0.9000000000         1.0587566280
        0.8550000000         0.9000000000         0.9810269387
        0.8600000000         0.9000000000         0.9122170498
        0.8650000000         0.9000000000         0.8357616176
        0.8700000000         0.9000000000         0.7618546999
        0.8750000000         0.9000000000         0.6866735250
        0.8800000000         0.9000000000         0.6127666073
        0.8850000000         0.9000000000         0.5363111751
        0.8900000000         0.9000000000         0.4624042574
        0.8950000000         0.9000000000         0.3859488253
        0.9000000000         0.9000000000         0.3069448788
        0.9050000000         0.9000000000         0.2368607326
        0.9100000000         0.9000000000         0.1578567861
        0.9150000000         0.9000000000         0.0801270968
        0.9200000000         0.9000000000         0.0049459219
        0.9250000000         0.9000000000        -0.0001511069
        0.9300000000         0.9000000000         1.1008071157
        0.9350000000         0.9000000000         5.0637470142
        0.9400000000         0.9000000000         5.0688440430
        0.9450000000         0.9000000000         5.0038569257
        0.9500000000         0.9000000000         4.9223044648
        0.9550000000         0.9000000000         4.8458490326
        0.9600000000         0.9000000000         4.7668450861
        0.9650000000         0.9000000000         4.6852926252
        0.9700000000         0.9000000000         4.6050144214
        0.9750000000         0.9000000000         4.5285589893
        0.9800000000         0.9000000000         4.4495550428
        0.9850000000         0.9000000000         4.3705510963
        0.9900000000         0.9000000000         4.2979184357
        0.9950000000         0.9000000000         4.2240115180
        1.0000000000         0.9000000000         4.1462818287
        1.0050000000         0.9000000000         4.0672778822
        1.0100000000         0.9000000000         3.9971937360
        1.0150000000         0.9000000000         3.9194640467
        1.0200000000         0.9000000000         3.8366373286
        1.0250000000         0.9000000000         3.7627304109
        1.0300000000         0.9000000000         3.6900977503
        1.0350000000         0.9000000000         3.6161908326
        1.0400000000         0.9000000000         3.5359126289
        1.0450000000         0.9000000000         3.4658284828
        1.0500000000         0.9000000000         3.3868245362
        1.0550000000         0.9000000000         3.3141918757
        1.0600000000         0.9000000000         3.2377364436
        1.0650000000         0.9000000000         3.1561839827
        1.0700000000         0.9000000000         3.0822770649
        1.0750000000         0.9000000000         3.0121929188
        1.0800000000         0.9000000000         2.9344632295
        1.0850000000         0.9000000000         2.8618305690
        1.0900000000         0.9000000000         2.7904721657
        1.0950000000         0.9000000000         2.7101939619
        1.1000000000         0.9000000000         2.6350127870
        1.1050000000         0.9000000000         2.5623801265
        1.1100000000         0.9000000000         2.4935702376
        1.1150000000         0.9000000000         2.4094692622
        1.1200000000         0.9000000000         2.3355623445
        1.1250000000         0.9000000000         2.2743979988
        1.1300000000         0.9000000000         2.1864742519
        1.1350000000         0.9000000000         2.1138415913
        1.1400000000         0.9000000000         2.0565000172
        1.1450000000         0.9000000000         1.9711247847
        1.1500000000         0.9000000000         1.8972178670
        1.1550000000         0.9000000000         1.8284079781
        1.1600000000         0.9000000000         1.7519525459
        1.1650000000         0.9000000000         1.6831426570
        1.1700000000         0.9000000000         1.6092357393
        1.1750000000         0.9000000000         1.5327803072
        1.1800000000         0.9000000000         1.4665189327
        1.1850000000         0.9000000000         1.3887892433
        1.1900000000         0.9000000000         1.3161565828
        1.1950000000         0.9000000000         1.2435239223
        1.2000000000         0.9000000000         1.1645199758
        1.2050000000         0.9000000000         1.0944358297
        1.2100000000         0.9000000000         1.0230774263
        1.2150000000         0.9000000000         0.9453477370
        1.2200000000         0.9000000000         0.8688923049
        1.2250000000         0.9000000000         0.8000824160
        1.2300000000         0.9000000000         0.7236269838
        1.2350000000         0.9000000000         0.6484458089
        1.2400000000         0.9000000000         0.5694418624
        1.2450000000         0.9000000000         0.4955349447
        1.2500000000         0.9000000000         0.4216280269
        1.2550000000         0.9000000000         0.3388013088
        1.2600000000         0.9000000000         0.2661686483
        1.2650000000         0.9000000000         0.1871647018
        1.2700000000         0.9000000000         0.1132577840
        1.2750000000         0.9000000000         0.0355280947
        1.2800000000         0.9000000000        -0.0001511069
        1.2850000000         0.9000000000        -0.0014253642
        1.2900000000         0.9000000000         1.1160982021
        1.2950000000         0.9000000000         5.0688440430
        1.3000000000         0.9000000000         5.0318905842
        1.3050000000         0.9000000000         4.9465153516
        1.3100000000         0.9000000000         4.8726084339
        1.3150000000         0.9000000000         4.7910559730
        1.3200000000         0.9000000000         4.7069549976
        1.3250000000         0.9000000000         4.6304995655
        1.3300000000         0.9000000000         4.5553183906
        1.3350000000         0.9000000000         4.4763144440
        1.3400000000         0.9000000000         4.3960362403
        1.3450000000         0.9000000000         4.3170322938
        1.3500000000         0.9000000000         4.2456738905
        1.3550000000         0.9000000000         4.1666699439
        1.3600000000         0.9000000000         4.0914887690
        1.3650000000         0.9000000000         4.0163075941
        1.3700000000         0.9000000000         3.9398521620
        1.3750000000         0.9000000000         3.8582997010
        1.3800000000         0.9000000000         3.7882155549
        1.3850000000         0.9000000000         3.7092116084
        1.3900000000         0.9000000000         3.6263848902
        1.3950000000         0.9000000000         3.5613977729
        1.4000000000         0.9000000000         3.4836680836
        1.4050000000         0.9000000000         3.3995671083
        1.4100000000         0.9000000000         3.3294829621
        1.4150000000         0.9000000000         3.2530275300
        1.4200000000         0.9000000000         3.1752978407
        1.4250000000         0.9000000000         3.1013909230
        1.4300000000         0.9000000000         3.0262097480
        1.4350000000         0.9000000000         2.9535770875
        1.4400000000         0.9000000000         2.8783959126
        1.4450000000         0.9000000000         2.8032147377
        1.4500000000         0.9000000000         2.7305820772
        1.4550000000         0.9000000000         2.6541266450
        1.4600000000         0.9000000000         2.5802197273
        1.4650000000         0.9000000000         2.5063128096
        1.4700000000         0.9000000000         2.4362286635
        1.4750000000         0.9000000000         2.3546762025
        1.4800000000         0.9000000000         2.2871405708
        1.4850000000         0.9000000000         2.2106851387
        1.4900000000         0.9000000000         2.1329554494
        1.4950000000         0.9000000000         2.0654198177
        1.5000000000         0.9000000000         1.9915128999
        1.5050000000         0.9000000000         1.9163317250
        1.5100000000         0.9000000000         1.8449733217
        1.5150000000         0.9000000000         1.7723406612
        1.5200000000         0.9000000000         1.6971594863
        1.5250000000         0.9000000000         1.6258010829
        1.5300000000         0.9000000000         1.5531684224
        1.5350000000         0.9000000000         1.4805357619
        1.5400000000         0.9000000000         1.4091773586
        1.5450000000         0.9000000000         1.3327219264
        1.5500000000         0.9000000000         1.2613635231
        1.5550000000         0.9000000000         1.1887308626
        1.5600000000         0.9000000000         1.1160982021
        1.5650000000         0.9000000000         1.0370942556
        1.5700000000         0.9000000000         0.9644615950
        1.5750000000         0.9000000000         0.8880061629
        1.5800000000         0.9000000000         0.8115507308
        1.5850000000         0.9000000000         0.7376438131
        1.5900000000         0.9000000000         0.6637368953
        1.5950000000         0.9000000000         0.5860072060
        1.6000000000         0.9000000000         0.5057290023
        1.6050000000         0.9000000000         0.4318220846
        1.6100000000         0.9000000000         0.3528181380
        1.6150000000         0.9000000000         0.2712656771
        1.6200000000         0.9000000000         0.1960845022
        1.6250000000         0.9000000000         0.1209033273
        1.6300000000         0.9000000000         0.0508191811
        1.6350000000         0.9000000000        -0.0026996214
        1.6400000000         0.9000000000        -0.0026996214
        1.6450000000         0.9000000000         1.0918873153
        1.6500000000         0.9000000000         5.0713925574
        1.6550000000         0.9000000000         5.0395361274
        1.6600000000         0.9000000000         4.9592579236
        1.6650000000         0.9000000000         4.8777054627
        1.6700000000         0.9000000000         4.7974272590
        1.6750000000         0.9000000000         4.7184233124
        1.6800000000         0.9000000000         4.6330480799
        1.6850000000         0.9000000000         4.5629639338
        1.6900000000         0.9000000000         4.4788629584
        1.6950000000         0.9000000000         4.3998590119
        1.7000000000         0.9000000000         4.3208550654
        1.7050000000         0.9000000000         4.2456738905
        1.7100000000         0.9000000000         4.1692184583
        1.7150000000         0.9000000000         4.0927630262
        1.7200000000         0.9000000000         4.0150333369
        1.7250000000         0.9000000000         3.9411264192
        1.7300000000         0.9000000000         3.8595739582
        1.7350000000         0.9000000000         3.7882155549
        1.7400000000         0.9000000000         3.7092116084
        1.7450000000         0.9000000000         3.6327561762
        1.7500000000         0.9000000000         3.5588492585
        1.7550000000         0.9000000000         3.4811195692
        1.7600000000         0.9000000000         3.4186809663
        1.7650000000         0.9000000000         3.3269344477
        1.7700000000         0.9000000000         3.2543017872
        1.7750000000         0.9000000000         3.1778463551
        1.7800000000         0.9000000000         3.1052136946
        1.7850000000         0.9000000000         3.0249354908
        1.7900000000         0.9000000000         2.9510285731
        1.7950000000         0.9000000000         2.8745731410
        1.8000000000         0.9000000000         2.8019404805
        1.8050000000         0.9000000000         2.7280335628
        1.8100000000         0.9000000000         2.6490296162
        1.8150000000         0.9000000000         2.5776712129
        1.8200000000         0.9000000000         2.5024900380
        1.8250000000         0.9000000000         2.4298573775
        1.8300000000         0.9000000000         2.3559504597
        1.8350000000         0.9000000000         2.2769465132
        1.8400000000         0.9000000000         2.2068623671
        1.8450000000         0.9000000000         2.1355039638
        1.8500000000         0.9000000000         2.0552257600
        1.8550000000         0.9000000000         1.9876901283
        1.8600000000         0.9000000000         1.9137832106
        1.8650000000         0.9000000000         1.8398762929
        1.8700000000         0.9000000000         1.7685178896
        1.8750000000         0.9000000000         1.6933367146
        1.8800000000         0.9000000000         1.6194297969
        1.8850000000         0.9000000000         1.5531684224
        1.8900000000         0.9000000000         1.4741644759
        1.8950000000         0.9000000000         1.4040803298
        1.9000000000         0.9000000000         1.3301734120
        1.9050000000         0.9000000000         1.2549922371
        1.9100000000         0.9000000000         1.1785368050
        1.9150000000         0.9000000000         1.1097269161
        1.9200000000         0.9000000000         1.0319972268
        1.9250000000         0.9000000000         0.9593645662
        1.9300000000         0.9000000000         0.8803606197
        1.9350000000         0.9000000000         0.8039051876
        1.9400000000         0.9000000000         0.7363695559
        1.9450000000         0.9000000000         0.6535428377
        1.9500000000         0.9000000000         0.5770874056
        1.9550000000         0.9000000000         0.4980834591
        1.9600000000         0.9000000000         0.4267250558
        1.9650000000         0.9000000000         0.3477211092
        1.9700000000         0.9000000000         0.2687171627
        1.9750000000         0.9000000000         0.1973587594
        1.9800000000         0.9000000000         0.1132577840
        1.9850000000         0.9000000000         0.0444478951
        1.9900000000         0.9000000000        -0.0001511069
        1.9950000000         0.9000000000         0.0011231503
        2.0000000000         0.9000000000         1.1046298873
        2.0050000000         0.9000000000         5.0650212714
        2.0100000000         0.9000000000         5.0344390986
        2.0150000000         0.9000000000         4.9592579236
        2.0200000000         0.9000000000         4.8751569483
        2.0250000000         0.9000000000         4.7923302302
        2.0300000000         0.9000000000         4.7133262836
        2.0350000000         0.9000000000         4.6355965943
        2.0400000000         0.9000000000         4.5502213618
        2.0450000000         0.9000000000         4.4699431580
        2.0500000000         0.9000000000         4.4011332691
        2.0550000000         0.9000000000         4.3183065510
        2.0600000000         0.9000000000         4.2393026044
        2.0650000000         0.9000000000         4.1577501435
        2.0700000000         0.9000000000         4.0876659974
        2.0750000000         0.9000000000         4.0086620509
        2.0800000000         0.9000000000         3.9347551331
        2.0850000000         0.9000000000         3.8506541578
        2.0900000000         0.9000000000         3.7741987257
        2.0950000000         0.9000000000         3.6964690363
        2.1000000000         0.9000000000         3.6225621186
        2.1050000000         0.9000000000         3.5473809437
        2.1100000000         0.9000000000         3.4734740260
        2.1150000000         0.9000000000         3.3893730506
        2.1200000000         0.9000000000         3.3192889045
        2.1250000000         0.9000000000         3.2428334724
        2.1300000000         0.9000000000         3.1689265547
        2.1350000000         0.9000000000         3.0886483509
        2.1400000000         0.9000000000         3.0109186616
        2.1450000000         0.9000000000         2.9344632295
        2.1500000000         0.9000000000         2.8631048262
        2.1550000000         0.9000000000         2.7866493940
        2.1600000000         0.9000000000         2.7140167335
        2.1650000000         0.9000000000         2.6388355586
        2.1700000000         0.9000000000         2.5611058693
        2.1750000000         0.9000000000         2.4859246944
        2.1800000000         0.9000000000         2.4132920338
        2.1850000000         0.9000000000         2.3406593733
        2.1900000000         0.9000000000         2.2654781984
        2.1950000000         0.9000000000         2.1890227663
        2.2000000000         0.9000000000         2.1138415913
        2.2050000000         0.9000000000         2.0412089308
        2.2100000000         0.9000000000         1.9711247847
        2.2150000000         0.9000000000         1.8984921242
        2.2200000000         0.9000000000         1.8284079781
        2.2250000000         0.9000000000         1.7532268031
        2.2300000000         0.9000000000         1.6780456282
        2.2350000000         0.9000000000         1.6041387105
        2.2400000000         0.9000000000         1.5353288216
        2.2450000000         0.9000000000         1.4652446755
        2.2500000000         0.9000000000         1.3951605294
        2.2550000000         0.9000000000         1.3136080684
        2.2600000000         0.9000000000         1.2346041219
        2.2650000000         0.9000000000         1.1696170046
        2.2700000000         0.9000000000         1.0880645436
        2.2750000000         0.9000000000         1.0141576259
        2.2800000000         0.9000000000         0.9389764510
        2.2850000000         0.9000000000         0.8625210189
        2.2900000000         0.9000000000         0.7860655867
        2.2950000000         0.9000000000         0.7172556978
        2.3000000000         0.9000000000         0.6395260085
        2.3050000000         0.9000000000         0.5605220620
        2.3100000000         0.9000000000         0.4802438582
        2.3150000000         0.9000000000         0.4012399117
        2.3200000000         0.9000000000         0.3247844796
        2.3250000000         0.9000000000         0.2508775619
        2.3300000000         0.9000000000         0.1718736153
        2.3350000000         0.9000000000         0.0966924404
        2.3400000000         0.9000000000         0.0215112655
        2.3450000000         0.9000000000        -0.0001511069
        2.3500000000         0.9000000000         0.0023974075
        2.3550000000         0.9000000000         5.0650212714
        2.3600000000         0.9000000000         5.0688440430
        2.3650000000         0.9000000000         5.0178737549
        2.3700000000         0.9000000000         4.9375955512
        2.3750000000         0.9000000000         4.8534945759
        2.3800000000         0.9000000000         4.7693936005
        2.3850000000         0.9000000000         4.6878411396
        2.3900000000         0.9000000000         4.6101114503
        2.3950000000         0.9000000000         4.5298332465
        2.4000000000         0.9000000000         4.4495550428
        2.4050000000         0.9000000000         4.3730996107
        2.4100000000         0.9000000000         4.2940956641
        2.4150000000         0.9000000000         4.2163659748
        2.4200000000         0.9000000000         4.1386362855
        2.4250000000         0.9000000000         4.0596323389
        2.4300000000         0.9000000000         3.9857254212
        2.4350000000         0.9000000000         3.9028987031
        2.4400000000         0.9000000000         3.8264432710
        2.4450000000         0.9000000000         3.7550848676
        2.4500000000         0.9000000000         3.6735324067
        2.4550000000         0.9000000000         3.5983512318
        2.4600000000         0.9000000000         3.5167987709
        2.4650000000         0.9000000000         3.4390690815
        2.4700000000         0.9000000000         3.3689849354
        2.4750000000         0.9000000000         3.2912552461
        2.4800000000         0.9000000000         3.2147998140
        2.4850000000         0.9000000000         3.1357958674
        2.4900000000         0.9000000000         3.0644374641
        2.4950000000         0.9000000000         2.9892562892
        2.5000000000         0.9000000000         2.9077038282
        2.5050000000         0.9000000000         2.8325226533
        2.5100000000         0.9000000000         2.7560672212
        2.5150000000         0.9000000000         2.6821603035
        2.5200000000         0.9000000000         2.6120761574
        2.5250000000         0.9000000000         2.5317979536
        2.5300000000         0.9000000000         2.4591652931
        2.5350000000         0.9000000000         2.3827098610
        2.5400000000         0.9000000000         2.3177227437
        2.5450000000         0.9000000000         2.2348960255
        2.5500000000         0.9000000000         2.1571663362
        2.5550000000         0.9000000000         2.0819851613
        2.5600000000         0.9000000000         2.0106267580
        2.5650000000         0.9000000000         1.9405426119
        2.5700000000         0.9000000000         1.8653614369
        2.5750000000         0.9000000000         1.7927287764
        2.5800000000         0.9000000000         1.7188218587
        2.5850000000         0.9000000000         1.6461891982
        2.5900000000         0.9000000000         1.5697337660
        2.5950000000         0.9000000000         1.4983753627
        2.6000000000         0.9000000000         1.4270169594
        2.6050000000         0.9000000000         1.3480130129
        2.6100000000         0.9000000000         1.2804773812
        2.6150000000         0.9000000000         1.2052962062
        2.6200000000         0.9000000000         1.1275665169
        2.6250000000         0.9000000000         1.0536595992
        2.6300000000         0.9000000000         0.9733813955
        2.6350000000         0.9000000000         0.9032972493
        2.6400000000         0.9000000000         0.8255675600
        2.6450000000         0.9000000000         0.7478378707
        2.6500000000         0.9000000000         0.6726566958
        2.6550000000         0.9000000000         0.5962012636
        2.6600000000         0.9000000000         0.5184715743
        2.6650000000         0.9000000000         0.4432903994
        2.6700000000         0.9000000000         0.3668349673
        2.6750000000         0.9000000000         0.2878310207
        2.6800000000         0.9000000000         0.2088270742
        2.6850000000         0.9000000000         0.1310973849
        2.6900000000         0.9000000000         0.0533676955
        2.6950000000         0.9000000000         0.0011231503
        2.7000000000         0.9000000000        -0.0026996214
        2.7050000000         0.9000000000         1.1186467165
        2.7100000000         0.9000000000         5.0675697858
        2.7150000000         0.9000000000         5.0420846418
        2.7200000000         0.9000000000         4.9618064380
        2.7250000000         0.9000000000         4.8815282343
        2.7300000000         0.9000000000         4.7987015162
        2.7350000000         0.9000000000         4.7209718268
        2.7400000000         0.9000000000         4.6419678803
        2.7450000000         0.9000000000         4.5604154194
        2.7500000000         0.9000000000         4.4763144440
        2.7550000000         0.9000000000         4.4024075263
        2.7600000000         0.9000000000         4.3208550654
        2.7650000000         0.9000000000         4.2405768616
        2.7700000000         0.9000000000         4.1628471723
        2.7750000000         0.9000000000         4.0889402546
        2.7800000000         0.9000000000         4.0150333369
        2.7850000000         0.9000000000         3.9360293903
        2.7900000000         0.9000000000         3.8595739582
        2.7950000000         0.9000000000         3.7818442689
        2.8000000000         0.9000000000         3.6990175508
        2.8050000000         0.9000000000         3.6251106330
        2.8100000000         0.9000000000         3.5461066865
        2.8150000000         0.9000000000         3.4721997688
        2.8200000000         0.9000000000         3.3931958222
        2.8250000000         0.9000000000         3.3154661329
        2.8300000000         0.9000000000         3.2364621864
        2.8350000000         0.9000000000         3.1676522975
        2.8400000000         0.9000000000         3.0860998365
        2.8450000000         0.9000000000         3.0109186616
        2.8500000000         0.9000000000         2.9357374867
        2.8550000000         0.9000000000         2.8567335402
        2.8600000000         0.9000000000         2.7828266224
        2.8650000000         0.9000000000         2.7101939619
        2.8700000000         0.9000000000         2.6311900154
        2.8750000000         0.9000000000         2.5572830977
        2.8800000000         0.9000000000         2.4846504371
        2.8850000000         0.9000000000         2.4043722334
        2.8900000000         0.9000000000         2.3317395729
        2.8950000000         0.9000000000         2.2642039412
        2.9000000000         0.9000000000         2.1788287086
        2.9050000000         0.9000000000         2.1087445625
        2.9100000000         0.9000000000         2.0386604164
        2.9150000000         0.9000000000         1.9609307271
        2.9200000000         0.9000000000         1.8832010378
        2.9250000000         0.9000000000         1.8143911488
        2.9300000000         0.9000000000         1.7379357167
        2.9350000000         0.9000000000         1.6678515706
        2.9400000000         0.9000000000         1.5926703957
        2.9450000000         0.9000000000         1.5200377352
        2.9500000000         0.9000000000         1.4461308174
        2.9550000000         0.9000000000         1.3671268709
        2.9600000000         0.9000000000         1.2957684676
        2.9650000000         0.9000000000         1.2180387783
        2.9700000000         0.9000000000         1.1454061177
        2.9750000000         0.9000000000         1.0714992000
        2.9800000000         0.9000000000         0.9950437679
        2.9850000000         0.9000000000         0.9211368502
        2.9900000000         0.9000000000         0.8421329036
        2.9950000000         0.9000000000         0.7733230147
        3.0000000000         0.9000000000         0.6917705538
        3.0050000000         0.9000000000         0.6153151217
        3.0100000000         0.9000000000         0.5375854323
        3.0150000000         0.9000000000         0.4624042574
        3.0200000000         0.9000000000         0.3859488253
        3.0250000000         0.9000000000         0.3069448788
        3.0300000000         0.9000000000         0.2266666750
        3.0350000000         0.9000000000         0.1565825289
        3.0400000000         0.9000000000         0.0724815536
        3.0450000000         0.9000000000         0.0011231503
        3.0500000000         0.9000000000         0.0049459219
        3.0550000000         0.9000000000         1.1122754305
        3.0600000000         0.9000000000         5.0688440430
        3.0650000000         0.9000000000         5.0637470142
        3.0700000000         0.9000000000         4.9783717817
        3.0750000000         0.9000000000         4.9006420923
        3.0800000000         0.9000000000         4.8203638886
        3.0850000000         0.9000000000         4.7388114277
        3.0900000000         0.9000000000         4.6547104523
        3.0950000000         0.9000000000         4.5731579914
        3.1000000000         0.9000000000         4.4967025593
        3.1050000000         0.9000000000         4.4189728699
        3.1100000000         0.9000000000         4.3425174378
        3.1150000000         0.9000000000         4.2622392341
        3.1200000000         0.9000000000         4.1794125159
        3.1250000000         0.9000000000         4.1042313410
        3.1300000000         0.9000000000         4.0303244233
        3.1350000000         0.9000000000         3.9487719624
        3.1400000000         0.9000000000         3.8697680158
        3.1450000000         0.9000000000         3.7958610981
        3.1500000000         0.9000000000         3.7168571516
        3.1550000000         0.9000000000         3.6365789479
        3.1600000000         0.9000000000         3.5639462873
        3.1650000000         0.9000000000         3.4836680836
        3.1700000000         0.9000000000         3.4059383943
        3.1750000000         0.9000000000         3.3333057337
        3.1800000000         0.9000000000         3.2543017872
        3.1850000000         0.9000000000         3.1752978407
        3.1900000000         0.9000000000         3.0988424086
        3.1950000000         0.9000000000         3.0236612336
        3.2000000000         0.9000000000         2.9446572871
        3.2050000000         0.9000000000         2.8707503694
        3.2100000000         0.9000000000         2.7942949373
        3.2150000000         0.9000000000         2.7191137623
        3.2200000000         0.9000000000         2.6439325874
        3.2250000000         0.9000000000         2.5725741841
        3.2300000000         0.9000000000         2.4935702376
        3.2350000000         0.9000000000         2.4196633198
        3.2400000000         0.9000000000         2.3444821449
        3.2450000000         0.9000000000         2.2693009700
        3.2500000000         0.9000000000         2.1928455379
        3.2550000000         0.9000000000         2.1253099062
        3.2600000000         0.9000000000         2.0526772456
        3.2650000000         0.9000000000         1.9723990419
        3.2700000000         0.9000000000         1.9035891530
        3.2750000000         0.9000000000         1.8284079781
        3.2800000000         0.9000000000         1.7545010603
        3.2850000000         0.9000000000         1.6805941426
        3.2900000000         0.9000000000         1.6066872249
        3.2950000000         0.9000000000         1.5340545644
        3.3000000000         0.9000000000         1.4703417043
        3.3050000000         0.9000000000         1.3811437001
        3.3100000000         0.9000000000         1.3097852968
        3.3150000000         0.9000000000         1.2422496651
        3.3200000000         0.9000000000         1.1606972042
        3.3250000000         0.9000000000         1.0816932576
        3.3300000000         0.9000000000         1.0065120827
        3.3350000000         0.9000000000         0.9377021938
        3.3400000000         0.9000000000         0.8586982473
        3.3450000000         0.9000000000         0.7822428151
        3.3500000000         0.9000000000         0.7083358974
        3.3550000000         0.9000000000         0.6267834365
        3.3600000000         0.9000000000         0.5554250332
        3.3650000000         0.9000000000         0.4751468294
        3.3700000000         0.9000000000         0.3999656545
        3.3750000000         0.9000000000         0.3222359652
        3.3800000000         0.9000000000         0.2432320187
        3.3850000000         0.9000000000         0.1604053005
        3.3900000000         0.9000000000         0.0839498684
        3.3950000000         0.9000000000         0.0049459219
        3.4000000000         0.9000000000         0.0023974075
        3.4050000000         0.9000000000         1.1046298873
        3.4100000000         0.9000000000         5.0662955286
        3.4150000000         0.9000000000         5.0713925574
        3.4200000000         0.9000000000         4.9974856397
        3.4250000000         0.9000000000         4.9108361500
        3.4300000000         0.9000000000         4.8305579462
        3.4350000000         0.9000000000         4.7553767713
        3.4400000000         0.9000000000         4.6750985676
        3.4450000000         0.9000000000         4.5859005634
        3.4500000000         0.9000000000         4.5056223597
        3.4550000000         0.9000000000         4.4342639564
        3.4600000000         0.9000000000         4.3552600098
        3.4650000000         0.9000000000         4.2737075489
        3.4700000000         0.9000000000         4.1921550880
        3.4750000000         0.9000000000         4.1207966846
        3.4800000000         0.9000000000         4.0405184809
        3.4850000000         0.9000000000         3.9615145344
        3.4900000000         0.9000000000         3.8876076167
        3.4950000000         0.9000000000         3.8047808985
        3.5000000000         0.9000000000         3.7308739808
        3.5050000000         0.9000000000         3.6531442915
        3.5100000000         0.9000000000         3.5754146021
        3.5150000000         0.9000000000         3.5027819416
        3.5200000000         0.9000000000         3.4174067091
        3.5250000000         0.9000000000         3.3447740486
        3.5300000000         0.9000000000         3.2657701020
        3.5350000000         0.9000000000         3.1918631843
        3.5400000000         0.9000000000         3.1103107234
        3.5450000000         0.9000000000         3.0338552913
        3.5500000000         0.9000000000         2.9599483735
        3.5550000000         0.9000000000         2.8873157130
        3.5600000000         0.9000000000         2.8070375093
        3.5650000000         0.9000000000         2.7369533632
        3.5700000000         0.9000000000         2.6681434743
        3.5750000000         0.9000000000         2.5814939845
        3.5800000000         0.9000000000         2.5075870668
        3.5850000000         0.9000000000         2.4298573775
        3.5900000000         0.9000000000         2.3572247169
        3.5950000000         0.9000000000         2.2782207704
        3.6000000000         0.9000000000         2.2106851387
        3.6050000000         0.9000000000         2.1342297066
        3.6100000000         0.9000000000         2.0603227889
        3.6150000000         0.9000000000         1.9851416139
        3.6200000000         0.9000000000         1.9112346962
        3.6250000000         0.9000000000         1.8373277785
        3.6300000000         0.9000000000         1.7659693752
        3.6350000000         0.9000000000         1.6882396858
        3.6400000000         0.9000000000         1.6181555397
        3.6450000000         0.9000000000         1.5442486220
        3.6500000000         0.9000000000         1.4703417043
        3.6550000000         0.9000000000         1.4002575582
        3.6600000000         0.9000000000         1.3212536116
        3.6650000000         0.9000000000         1.2473466939
        3.6700000000         0.9000000000         1.1657942330
        3.6750000000         0.9000000000         1.0957100869
        3.6800000000         0.9000000000         1.0205289119
        3.6850000000         0.9000000000         0.9427992226
        3.6900000000         0.9000000000         0.8714408193
        3.6950000000         0.9000000000         0.8013566732
        3.7000000000         0.9000000000         0.7159814406
        3.7050000000         0.9000000000         0.6382517513
        3.7100000000         0.9000000000         0.5592478048
        3.7150000000         0.9000000000         0.4840666298
        3.7200000000         0.9000000000         0.4012399117
        3.7250000000         0.9000000000         0.3273329940
        3.7300000000         0.9000000000         0.2470547903
        3.7350000000         0.9000000000         0.1744221297
        3.7400000000         0.9000000000         0.0941439260
        3.7450000000         0.9000000000         0.0138657223
        3.7500000000         0.9000000000         0.0049459219
        3.7550000000         0.9000000000         1.1122754305
        3.7600000000         0.9000000000         5.0675697858
        3.7650000000         0.9000000000         5.0688440430
        3.7700000000         0.9000000000         5.0025826685
        3.7750000000         0.9000000000         4.9197559504
        3.7800000000         0.9000000000         4.8356549750
        3.7850000000         0.9000000000         4.7591995429
        3.7900000000         0.9000000000         4.6763728248
        3.7950000000         0.9000000000         4.5948203638
        3.8000000000         0.9000000000         4.5196391889
        3.8050000000         0.9000000000         4.4355382136
        3.8100000000         0.9000000000         4.3578085242
        3.8150000000         0.9000000000         4.2800788349
        3.8200000000         0.9000000000         4.2023491456
        3.8250000000         0.9000000000         4.1271679707
        3.8300000000         0.9000000000         4.0430669953
        3.8350000000         0.9000000000         3.9678858204
        3.8400000000         0.9000000000         3.8876076167
        3.8450000000         0.9000000000         3.8060551557
        3.8500000000         0.9000000000         3.7295997236
        3.8550000000         0.9000000000         3.6544185487
        3.8600000000         0.9000000000         3.5754146021
        3.8650000000         0.9000000000         3.5002334272
        3.8700000000         0.9000000000         3.4212294807
        3.8750000000         0.9000000000         3.3460483058
        3.8800000000         0.9000000000         3.2683186164
        3.8850000000         0.9000000000         3.1931374415
        3.8900000000         0.9000000000         3.1115849806
        3.8950000000         0.9000000000         3.0402265773
        3.9000000000         0.9000000000         2.9624968879
        3.9050000000         0.9000000000         2.8885899702
        3.9100000000         0.9000000000         2.8070375093
        3.9150000000         0.9000000000         2.7382276204
        3.9200000000         0.9000000000         2.6604979310
        3.9250000000         0.9000000000         2.5853167561
        3.9300000000         0.9000000000         2.5126840956
        3.9350000000         0.9000000000         2.4298573775
        3.9400000000         0.9000000000         2.3584989741
        3.9450000000         0.9000000000         2.2845920564
        3.9500000000         0.9000000000         2.2068623671
        3.9550000000         0.9000000000         2.1367782210
        3.9600000000         0.9000000000         2.0577742744
        3.9650000000         0.9000000000         1.9800445851
        3.9700000000         0.9000000000         1.9150574678
        3.9750000000         0.9000000000         1.8322307497
        3.9800000000         0.9000000000         1.7672436324
        3.9850000000         0.9000000000         1.6869654286
        3.9900000000         0.9000000000         1.6181555397
        3.9950000000         0.9000000000         1.5417001076
        4.0000000000         0.9000000000         1.4728902187
        4.0050000000         0.9000000000         1.3951605294
        4.0100000000         0.9000000000         1.3238021260
        4.0150000000         0.9000000000         1.2460724367
        4.0200000000         0.9000000000         1.1708912618
        4.0250000000         0.9000000000         1.0944358297
        4.0300000000         0.9000000000         1.0192546547
        4.0350000000         0.9000000000         0.9415249654
        4.0400000000         0.9000000000         0.8701665621
        4.0450000000         0.9000000000         0.7911626156
        4.0500000000         0.9000000000         0.7185299550
        4.0550000000         0.9000000000         0.6344289797
        4.0600000000         0.9000000000         0.5566992904
        4.0650000000         0.9000000000         0.4840666298
        4.0700000000         0.9000000000         0.4037884261
        4.0750000000         0.9000000000         0.3235102224
        4.0800000000         0.9000000000         0.2483290475
        4.0850000000         0.9000000000         0.1693251009
        4.0900000000         0.9000000000         0.0915954116
        4.0950000000         0.9000000000         0.0138657223
        4.1000000000         0.9000000000        -0.0001511069
        4.1050000000         0.9000000000         1.1084526589
        4.1100000000         0.9000000000         5.0701183002
        4.1150000000         0.9000000000         5.0637470142
        4.1200000000         0.9000000000         5.0025826685
        4.1250000000         0.9000000000         4.9184816932
        4.1300000000         0.9000000000         4.8369292322
        4.1350000000         0.9000000000         4.7591995429
        4.1400000000         0.9000000000         4.6763728248
        4.1450000000         0.9000000000         4.5986431354
        4.1500000000         0.9000000000         4.5145421601
        4.1550000000         0.9000000000         4.4406352424
        4.1600000000         0.9000000000         4.3578085242
        4.1650000000         0.9000000000         4.2826273493
        4.1700000000         0.9000000000         4.1998006312
        4.1750000000         0.9000000000         4.1220709419
        4.1800000000         0.9000000000         4.0430669953
        4.1850000000         0.9000000000         3.9653373060
        4.1900000000         0.9000000000         3.8876076167
        4.1950000000         0.9000000000         3.8111521845
        4.2000000000         0.9000000000         3.7270512092
        4.2050000000         0.9000000000         3.6518700343
        4.2100000000         0.9000000000         3.5715918305
        4.2150000000         0.9000000000         3.5027819416
        4.2200000000         0.9000000000         3.4199552235
        4.2250000000         0.9000000000         3.3473225630
        4.2300000000         0.9000000000         3.2708671308
        4.2350000000         0.9000000000         3.1893146699
        4.2400000000         0.9000000000         3.1141334950
        4.2450000000         0.9000000000         3.0402265773
        4.2500000000         0.9000000000         2.9586741163
        4.2550000000         0.9000000000         2.8885899702
        4.2600000000         0.9000000000         2.8121345381
        4.2650000000         0.9000000000         2.7356791060
        4.2700000000         0.9000000000         2.6630464454
        4.2750000000         0.9000000000         2.5802197273
        4.2800000000         0.9000000000         2.5075870668
        4.2850000000         0.9000000000         2.4324058919
        4.2900000000         0.9000000000         2.3610474885
        4.2950000000         0.9000000000         2.2833177992
        4.3000000000         0.9000000000         2.2043138527
        4.3050000000         0.9000000000         2.1355039638
        4.3100000000         0.9000000000         2.0552257600
        4.3150000000         0.9000000000         1.9838673567
        4.3200000000         0.9000000000         1.9112346962
        4.3250000000         0.9000000000         1.8360535213
        4.3300000000         0.9000000000         1.7685178896
        4.3350000000         0.9000000000         1.6907882002
        4.3400000000         0.9000000000         1.6156070253
        4.3450000000         0.9000000000         1.5417001076
        4.3500000000         0.9000000000         1.4716159615
        4.3550000000         0.9000000000         1.3977090438
        4.3600000000         0.9000000000         1.3212536116
        4.3650000000         0.9000000000         1.2422496651
        4.3700000000         0.9000000000         1.1721655190
        4.3750000000         0.9000000000         1.0918873153
        4.3800000000         0.9000000000         1.0192546547
        4.3850000000         0.9000000000         0.9440734798
        4.3900000000         0.9000000000         0.8650695333
        4.3950000000         0.9000000000         0.7924368728
        4.4000000000         0.9000000000         0.7108844118
        4.4050000000         0.9000000000         0.6357032369
        4.4100000000         0.9000000000         0.5579735476
        4.4150000000         0.9000000000         0.4776953438
        4.4200000000         0.9000000000         0.4025141689
        4.4250000000         0.9000000000         0.3273329940
        4.4300000000         0.9000000000         0.2483290475
        4.4350000000         0.9000000000         0.1667765865
        4.4400000000         0.9000000000         0.0864983828
        4.4450000000         0.9000000000         0.0138657223
        4.4500000000         0.9000000000        -0.0014253642
        4.4550000000         0.9000000000         1.1033556301
        4.4600000000         0.9000000000         5.0650212714
        4.4650000000         0.9000000000         5.0662955286
        4.4700000000         0.9000000000         4.9987598969
        4.4750000000         0.9000000000         4.9210302076
        4.4800000000         0.9000000000         4.8343807178
        4.4850000000         0.9000000000         4.7591995429
        4.4900000000         0.9000000000         4.6712757960
        4.4950000000         0.9000000000         4.5935461066
        4.5000000000         0.9000000000         4.5132679029
        4.5050000000         0.9000000000         4.4291669276
        4.5100000000         0.9000000000         4.3578085242
        4.5150000000         0.9000000000         4.2749818061
        4.5200000000         0.9000000000         4.1972521168
        4.5250000000         0.9000000000         4.1220709419
        4.5300000000         0.9000000000         4.0417927381
        4.5350000000         0.9000000000         3.9615145344
        4.5400000000         0.9000000000         3.8863333595
        4.5450000000         0.9000000000         3.8098779273
        4.5500000000         0.9000000000         3.7270512092
        4.5550000000         0.9000000000         3.6544185487
        4.5600000000         0.9000000000         3.5792373738
        4.5650000000         0.9000000000         3.4964106556
        4.5700000000         0.9000000000         3.4199552235
        4.5750000000         0.9000000000         3.3447740486
        4.5800000000         0.9000000000         3.2683186164
        4.5850000000         0.9000000000         3.1944116987
        4.5900000000         0.9000000000         3.1154077522
        4.5950000000         0.9000000000         3.0389523201
        4.6000000000         0.9000000000         2.9650454023
        4.6050000000         0.9000000000         2.8847671986
        4.6100000000         0.9000000000         2.8108602809
        4.6150000000         0.9000000000         2.7356791060
        4.6200000000         0.9000000000         2.6604979310
        4.6250000000         0.9000000000         2.5840424989
        4.6300000000         0.9000000000         2.5075870668
        4.6350000000         0.9000000000         2.4324058919
        4.6400000000         0.9000000000         2.3559504597
        4.6450000000         0.9000000000         2.2858663136
        4.6500000000         0.9000000000         2.2043138527
        4.6550000000         0.9000000000         2.1329554494
        4.6600000000         0.9000000000         2.0590485316
        4.6650000000         0.9000000000         1.9838673567
        4.6700000000         0.9000000000         1.9137832106
        4.6750000000         0.9000000000         1.8360535213
        4.6800000000         0.9000000000         1.7697921468
        4.6850000000         0.9000000000         1.6946109718
        4.6900000000         0.9000000000         1.6181555397
        4.6950000000         0.9000000000         1.5442486220
        4.7000000000         0.9000000000         1.4767129903
        4.7050000000         0.9000000000         1.4002575582
        4.7100000000         0.9000000000         1.3288991548
        4.7150000000         0.9000000000         1.2447981795
        4.7200000000         0.9000000000         1.1747140334
        4.7250000000         0.9000000000         1.0982586013
        4.7300000000         0.9000000000         1.0205289119
        4.7350000000         0.9000000000         0.9529932802
        4.7400000000         0.9000000000         0.8727150765
        4.7450000000         0.9000000000         0.7962596444
        4.7500000000         0.9000000000         0.7236269838
        4.7550000000         0.9000000000         0.6408002657
        4.7600000000         0.9000000000         0.5681676052
        4.7650000000         0.9000000000         0.4878894015
        4.7700000000         0.9000000000         0.4114339693
        4.7750000000         0.9000000000         0.3349785372
        4.7800000000         0.9000000000         0.2597973623
        4.7850000000         0.9000000000         0.1807934157
        4.7900000000         0.9000000000         0.1030637264
        4.7950000000         0.9000000000         0.0202370083
        4.8000000000         0.9000000000         0.0036716647
        4.8050000000         0.9000000000         0.0011231503
        4.8100000000         0.9000000000         5.0637470142
        4.8150000000         0.9000000000         5.0662955286
        4.8200000000         0.9000000000         5.0178737549
        4.8250000000         0.9000000000         4.9337727796
        4.8300000000         0.9000000000         4.8560430903
        4.8350000000         0.9000000000         4.7681193433
        4.8400000000         0.9000000000         4.6942124256
        4.8450000000         0.9000000000         4.6126599647
        4.8500000000         0.9000000000         4.5260104749
        4.8550000000         0.9000000000         4.4533778144
        4.8600000000         0.9000000000         4.3680025819
        4.8650000000         0.9000000000         4.2915471497
        4.8700000000         0.9000000000         4.2189144892
        4.8750000000         0.9000000000         4.1399105427
        4.8800000000         0.9000000000         4.0596323389
        4.8850000000         0.9000000000         3.9882739356
        4.8900000000         0.9000000000         3.9041729603
        4.8950000000         0.9000000000         3.8277175282
        4.9000000000         0.9000000000         3.7487135816
        4.9050000000         0.9000000000         3.6760809211
        4.9100000000         0.9000000000         3.5983512318
        4.9150000000         0.9000000000         3.5180730281
        4.9200000000         0.9000000000         3.4428918531
        4.9250000000         0.9000000000         3.3651621638
        4.9300000000         0.9000000000         3.2963522749
        4.9350000000         0.9000000000         3.2160740712
        4.9400000000         0.9000000000         3.1396186390
        4.9450000000         0.9000000000         3.0669859785
        4.9500000000         0.9000000000         2.9867077748
        4.9550000000         0.9000000000         2.9115265999
        4.9600000000         0.9000000000         2.8363454249
        4.9650000000         0.9000000000         2.7598899928
        4.9700000000         0.9000000000         2.6796117891
        4.9750000000         0.9000000000         2.6031563569
        4.9800000000         0.9000000000         2.5317979536
        4.9850000000         0.9000000000         2.4566167787
        4.9900000000         0.9000000000         2.3827098610
        4.9950000000         0.9000000000         2.3138999721
        5.0000000000         0.9000000000         2.2336217683
        5.0050000000         0.9000000000         2.1533435646
        5.0100000000         0.9000000000         2.0832594185
        5.0150000000         0.9000000000         2.0106267580
        5.0200000000         0.9000000000         1.9316228114
        5.0250000000         0.9000000000         1.8666356941
        5.0300000000         0.9000000000         1.7889060048
        5.0350000000         0.9000000000         1.7137248299
        5.0400000000         0.9000000000         1.6372693978
        5.0450000000         0.9000000000         1.5722822804
        5.0500000000         0.9000000000         1.4958268483
        5.0550000000         0.9000000000         1.4219199306
        5.0600000000         0.9000000000         1.3531100417
        5.0650000000         0.9000000000         1.2690090663
        5.0700000000         0.9000000000         1.1976506630
        5.0750000000         0.9000000000         1.1250180025
        5.0800000000         0.9000000000         1.0498368276
        5.0850000000         0.9000000000         0.9772041671
        5.0900000000         0.9000000000         0.8969259633
        5.0950000000         0.9000000000         0.8242933028
        5.1000000000         0.9000000000         0.7465636135
        5.1050000000         0.9000000000         0.6713824386
        5.1100000000         0.9000000000         0.5949270064
        5.1150000000         0.9000000000         0.5197458315
        5.1200000000         0.9000000000         0.4381933706
        5.1250000000         0.9000000000         0.3630121957
        5.1300000000         0.9000000000         0.2865567635
        5.1350000000         0.9000000000         0.2075528170
        5.1400000000         0.9000000000         0.1310973849
        5.1450000000         0.9000000000         0.0508191811
        5.1500000000         0.9000000000         0.0049459219
        5.1550000000         0.9000000000         0.0011231503
        5.1600000000         0.9000000000         1.1199209737
        5.1650000000         0.9000000000         5.0637470142
        5.1700000000         0.9000000000         5.0459074134
        5.1750000000         0.9000000000         4.9605321808
        5.1800000000         0.9000000000         4.8802539771
        5.1850000000         0.9000000000         4.7961530018
        5.1900000000         0.9000000000         4.7196975696
        5.1950000000         0.9000000000         4.6368708515
        5.2000000000         0.9000000000         4.5553183906
        5.2050000000         0.9000000000         4.4801372156
        5.2100000000         0.9000000000         4.3985847547
        5.2150000000         0.9000000000         4.3208550654
        5.2200000000         0.9000000000         4.2418511188
        5.2250000000         0.9000000000         4.1653956867
        5.2300000000         0.9000000000         4.0876659974
        5.2350000000         0.9000000000         4.0086620509
        5.2400000000         0.9000000000         3.9322066187
        5.2450000000         0.9000000000         3.8570254438
        5.2500000000         0.9000000000         3.7754729829
        5.2550000000         0.9000000000         3.7002918080
        5.2600000000         0.9000000000         3.6212878614
        5.2650000000         0.9000000000         3.5473809437
        5.2700000000         0.9000000000         3.4709255116
        5.2750000000         0.9000000000         3.3906473078
        5.2800000000         0.9000000000         3.3205631617
        5.2850000000         0.9000000000         3.2402849580
        5.2900000000         0.9000000000         3.1625552687
        5.2950000000         0.9000000000         3.0860998365
        5.3000000000         0.9000000000         3.0109186616
        5.3050000000         0.9000000000         2.9319147151
        5.3100000000         0.9000000000         2.8605563118
        5.3150000000         0.9000000000         2.7841008796
        5.3200000000         0.9000000000         2.7063711903
        5.3250000000         0.9000000000         2.6337385298
        5.3300000000         0.9000000000         2.5534603261
        5.3350000000         0.9000000000         2.4782791511
        5.3400000000         0.9000000000         2.4069207478
        5.3450000000         0.9000000000         2.3317395729
        5.3500000000         0.9000000000         2.2565583980
        5.3550000000         0.9000000000         2.1801029658
        5.3600000000         0.9000000000         2.1100188197
        5.3650000000         0.9000000000         2.0310148732
        5.3700000000         0.9000000000         1.9596564699
        5.3750000000         0.9000000000         1.8870238094
        5.3800000000         0.9000000000         1.8080198628
        5.3850000000         0.9000000000         1.7366614595
        5.3900000000         0.9000000000         1.6640287990
        5.3950000000         0.9000000000         1.5926703957
