        0.0000000000         1.1750000000         2.7344048488
        0.0050000000         1.1750000000         2.7331305916
        0.0100000000         1.1750000000         2.7356791060
        0.0150000000         1.1750000000         2.7331305916
        0.0200000000         1.1750000000         2.7152909907
        0.0250000000         1.1750000000         2.7050969331
        0.0300000000         1.1750000000         2.6834345607
        0.0350000000         1.1750000000         2.6426583302
        0.0400000000         1.1750000000         2.6311900154
        0.0450000000         1.1750000000         2.5967850709
        0.0500000000         1.1750000000         2.5560088405
        0.0550000000         1.1750000000         2.5254266676
        0.0600000000         1.1750000000         2.4871989516
        0.0650000000         1.1750000000         2.4451484639
        0.0700000000         1.1750000000         2.4081950050
        0.0750000000         1.1750000000         2.3635960030
        0.0800000000         1.1750000000         2.3164484865
        0.0850000000         1.1750000000         2.2756722560
        0.0900000000         1.1750000000         2.2259762251
        0.0950000000         1.1750000000         2.1813772230
        0.1000000000         1.1750000000         2.1316811922
        0.1050000000         1.1750000000         2.0883564473
        0.1100000000         1.1750000000         2.0361119020
        0.1150000000         1.1750000000         1.9902386427
        0.1200000000         1.1750000000         1.9405426119
        0.1250000000         1.1750000000         1.8882980666
        0.1300000000         1.1750000000         1.8449733217
        0.1350000000         1.1750000000         1.7901802620
        0.1400000000         1.1750000000         1.7417584883
        0.1450000000         1.1750000000         1.6895139430
        0.1500000000         1.1750000000         1.6385436550
        0.1550000000         1.1750000000         1.5837505953
        0.1600000000         1.1750000000         1.5315060500
        0.1650000000         1.1750000000         1.4767129903
        0.1700000000         1.1750000000         1.4244684450
        0.1750000000         1.1750000000         1.3645783565
        0.1800000000         1.1750000000         1.3187050972
        0.1850000000         1.1750000000         1.2600892659
        0.1900000000         1.1750000000         1.2040219490
        0.1950000000         1.1750000000         1.1479546321
        0.2000000000         1.1750000000         1.0957100869
        0.2050000000         1.1750000000         1.0370942556
        0.2100000000         1.1750000000         0.9784784243
        0.2150000000         1.1750000000         0.9249596218
        0.2200000000         1.1750000000         0.8625210189
        0.2250000000         1.1750000000         0.8090022164
        0.2300000000         1.1750000000         0.7452893563
        0.2350000000         1.1750000000         0.6892220394
        0.2400000000         1.1750000000         0.6280576937
        0.2450000000         1.1750000000         0.5707161196
        0.2500000000         1.1750000000         0.5095517739
        0.2550000000         1.1750000000         0.4496616854
        0.2600000000         1.1750000000         0.3884973397
        0.2650000000         1.1750000000         0.3298815084
        0.2700000000         1.1750000000         0.2725399343
        0.2750000000         1.1750000000         0.2101013314
        0.2800000000         1.1750000000         0.1527597573
        0.2850000000         1.1750000000         0.0839498684
        0.2900000000         1.1750000000         0.0240597799
        0.2950000000         1.1750000000         0.0049459219
        0.3000000000         1.1750000000        -0.0014253642
        0.3050000000         1.1750000000         1.0906130581
        0.3100000000         1.1750000000         5.0662955286
        0.3150000000         1.1750000000         5.0662955286
        0.3200000000         1.1750000000         5.0344390986
        0.3250000000         1.1750000000         4.9745490101
        0.3300000000         1.1750000000         4.9070133783
        0.3350000000         1.1750000000         4.8394777466
        0.3400000000         1.1750000000         4.7757648865
        0.3450000000         1.1750000000         4.7082292548
        0.3500000000         1.1750000000         4.6457906519
        0.3550000000         1.1750000000         4.5757065058
        0.3600000000         1.1750000000         4.5170906745
        0.3650000000         1.1750000000         4.4533778144
        0.3700000000         1.1750000000         4.3896649543
        0.3750000000         1.1750000000         4.3208550654
        0.3800000000         1.1750000000         4.2584164625
        0.3850000000         1.1750000000         4.1934293452
        0.3900000000         1.1750000000         4.1309907423
        0.3950000000         1.1750000000         4.0621808534
        0.4000000000         1.1750000000         4.0073877937
        0.4050000000         1.1750000000         3.9398521620
        0.4100000000         1.1750000000         3.8748650446
        0.4150000000         1.1750000000         3.8111521845
        0.4200000000         1.1750000000         3.7436165528
        0.4250000000         1.1750000000         3.6875492359
        0.4300000000         1.1750000000         3.6200136042
        0.4350000000         1.1750000000         3.5537522297
        0.4400000000         1.1750000000         3.4938621412
        0.4450000000         1.1750000000         3.4225037379
        0.4500000000         1.1750000000         3.3600651350
        0.4550000000         1.1750000000         3.2963522749
        0.4600000000         1.1750000000         3.2288166432
        0.4650000000         1.1750000000         3.1702008119
        0.4700000000         1.1750000000         3.1013909230
        0.4750000000         1.1750000000         3.0402265773
        0.4800000000         1.1750000000         2.9726909456
        0.4850000000         1.1750000000         2.9140751143
        0.4900000000         1.1750000000         2.8478137397
        0.4950000000         1.1750000000         2.7917464229
        0.5000000000         1.1750000000         2.7165652479
        0.5050000000         1.1750000000         2.6554009022
        0.5100000000         1.1750000000         2.5865910133
        0.5150000000         1.1750000000         2.5228781532
        0.5200000000         1.1750000000         2.4617138075
        0.5250000000         1.1750000000         2.3954524330
        0.5300000000         1.1750000000         2.3368366017
        0.5350000000         1.1750000000         2.2667524556
        0.5400000000         1.1750000000         2.2055881099
        0.5450000000         1.1750000000         2.1444237642
        0.5500000000         1.1750000000         2.0743396181
        0.5550000000         1.1750000000         2.0157237868
        0.5600000000         1.1750000000         1.9507366695
        0.5650000000         1.1750000000         1.8882980666
        0.5700000000         1.1750000000         1.8284079781
        0.5750000000         1.1750000000         1.7608723464
        0.5800000000         1.1750000000         1.6997080007
        0.5850000000         1.1750000000         1.6398179122
        0.5900000000         1.1750000000         1.5773793093
        0.5950000000         1.1750000000         1.5149407064
        0.6000000000         1.1750000000         1.4486793318
        0.6050000000         1.1750000000         1.3875149861
        0.6100000000         1.1750000000         1.3263506404
        0.6150000000         1.1750000000         1.2613635231
        0.6200000000         1.1750000000         1.1976506630
        0.6250000000         1.1750000000         1.1390348317
        0.6300000000         1.1750000000         1.0765962288
        0.6350000000         1.1750000000         1.0128833687
        0.6400000000         1.1750000000         0.9466219942
        0.6450000000         1.1750000000         0.8790863625
        0.6500000000         1.1750000000         0.8140992452
        0.6550000000         1.1750000000         0.7554834139
        0.6600000000         1.1750000000         0.6853992678
        0.6650000000         1.1750000000         0.6242349221
        0.6700000000         1.1750000000         0.5592478048
        0.6750000000         1.1750000000         0.4904379159
        0.6800000000         1.1750000000         0.4318220846
        0.6850000000         1.1750000000         0.3617379384
        0.6900000000         1.1750000000         0.3018478499
        0.6950000000         1.1750000000         0.2355864754
        0.7000000000         1.1750000000         0.1642280721
        0.7050000000         1.1750000000         0.1043379836
        0.7100000000         1.1750000000         0.0444478951
        0.7150000000         1.1750000000         0.0011231503
        0.7200000000         1.1750000000         0.0049459219
        0.7250000000         1.1750000000         1.0995328585
        0.7300000000         1.1750000000         5.0650212714
        0.7350000000         1.1750000000         5.0662955286
        0.7400000000         1.1750000000         5.0293420697
        0.7450000000         1.1750000000         4.9630806952
        0.7500000000         1.1750000000         4.8968193207
        0.7550000000         1.1750000000         4.8292836890
        0.7600000000         1.1750000000         4.7579252857
        0.7650000000         1.1750000000         4.6916639112
        0.7700000000         1.1750000000         4.6254025367
        0.7750000000         1.1750000000         4.5527698762
        0.7800000000         1.1750000000         4.4903312733
        0.7850000000         1.1750000000         4.4240698987
        0.7900000000         1.1750000000         4.3527114954
        0.7950000000         1.1750000000         4.2915471497
        0.8000000000         1.1750000000         4.2252857752
        0.8050000000         1.1750000000         4.1602986579
        0.8100000000         1.1750000000         4.0991343122
        0.8150000000         1.1750000000         4.0303244233
        0.8200000000         1.1750000000         3.9666115632
        0.8250000000         1.1750000000         3.9016244459
        0.8300000000         1.1750000000         3.8328145570
        0.8350000000         1.1750000000         3.7665531825
        0.8400000000         1.1750000000         3.7066630940
        0.8450000000         1.1750000000         3.6404017195
        0.8500000000         1.1750000000         3.5703175733
        0.8550000000         1.1750000000         3.5091532276
        0.8600000000         1.1750000000         3.4428918531
        0.8650000000         1.1750000000         3.3804532502
        0.8700000000         1.1750000000         3.3154661329
        0.8750000000         1.1750000000         3.2504790156
        0.8800000000         1.1750000000         3.1842176411
        0.8850000000         1.1750000000         3.1205047810
        0.8900000000         1.1750000000         3.0593404353
        0.8950000000         1.1750000000         2.9918048036
        0.9000000000         1.1750000000         2.9280919435
        0.9050000000         1.1750000000         2.8682018550
        0.9100000000         1.1750000000         2.7981177089
        0.9150000000         1.1750000000         2.7356791060
        0.9200000000         1.1750000000         2.6681434743
        0.9250000000         1.1750000000         2.6095276430
        0.9300000000         1.1750000000         2.5419920112
        0.9350000000         1.1750000000         2.4770048939
        0.9400000000         1.1750000000         2.4145662910
        0.9450000000         1.1750000000         2.3483049165
        0.9500000000         1.1750000000         2.2833177992
        0.9550000000         1.1750000000         2.2183306819
        0.9600000000         1.1750000000         2.1546178218
        0.9650000000         1.1750000000         2.0870821901
        0.9700000000         1.1750000000         2.0297406160
        0.9750000000         1.1750000000         1.9634792415
        0.9800000000         1.1750000000         1.9010406386
        0.9850000000         1.1750000000         1.8398762929
        0.9900000000         1.1750000000         1.7723406612
        0.9950000000         1.1750000000         1.7149990871
        1.0000000000         1.1750000000         1.6525604842
        1.0050000000         1.1750000000         1.5939446529
        1.0100000000         1.1750000000         1.5251347640
        1.0150000000         1.1750000000         1.4639704183
        1.0200000000         1.1750000000         1.4002575582
        1.0250000000         1.1750000000         1.3339961837
        1.0300000000         1.1750000000         1.2753803524
        1.0350000000         1.1750000000         1.2065704634
        1.0400000000         1.1750000000         1.1454061177
        1.0450000000         1.1750000000         1.0829675148
        1.0500000000         1.1750000000         1.0179803975
        1.0550000000         1.1750000000         0.9529932802
        1.0600000000         1.1750000000         0.8905546773
        1.0650000000         1.1750000000         0.8242933028
        1.0700000000         1.1750000000         0.7631289571
        1.0750000000         1.1750000000         0.6917705538
        1.0800000000         1.1750000000         0.6306062081
        1.0850000000         1.1750000000         0.5643448336
        1.0900000000         1.1750000000         0.4955349447
        1.0950000000         1.1750000000         0.4343705990
        1.1000000000         1.1750000000         0.3630121957
        1.1050000000         1.1750000000         0.3043963644
        1.1100000000         1.1750000000         0.2343122182
        1.1150000000         1.1750000000         0.1693251009
        1.1200000000         1.1750000000         0.0992409548
        1.1250000000         1.1750000000         0.0355280947
        1.1300000000         1.1750000000        -0.0001511069
        1.1350000000         1.1750000000        -0.0026996214
        1.1400000000         1.1750000000         1.1020813729
        1.1450000000         1.1750000000         5.0624727570
        1.1500000000         1.1750000000         5.0688440430
        1.1550000000         1.1750000000         5.0191480121
        1.1600000000         1.1750000000         4.9503381232
        1.1650000000         1.1750000000         4.8840767487
        1.1700000000         1.1750000000         4.8127183454
        1.1750000000         1.1750000000         4.7477312281
        1.1800000000         1.1750000000         4.6725500532
        1.1850000000         1.1750000000         4.6075629359
        1.1900000000         1.1750000000         4.5349302753
        1.1950000000         1.1750000000         4.4661203864
        1.2000000000         1.1750000000         4.4024075263
        1.2050000000         1.1750000000         4.3361461518
        1.2100000000         1.1750000000         4.2673362629
        1.2150000000         1.1750000000         4.2036234028
        1.2200000000         1.1750000000         4.1424590571
        1.2250000000         1.1750000000         4.0698263966
        1.2300000000         1.1750000000         4.0073877937
        1.2350000000         1.1750000000         3.9424006764
        1.2400000000         1.1750000000         3.8723165302
        1.2450000000         1.1750000000         3.8111521845
        1.2500000000         1.1750000000         3.7448908100
        1.2550000000         1.1750000000         3.6748066639
        1.2600000000         1.1750000000         3.6136423182
        1.2650000000         1.1750000000         3.5461066865
        1.2700000000         1.1750000000         3.4811195692
        1.2750000000         1.1750000000         3.4225037379
        1.2800000000         1.1750000000         3.3460483058
        1.2850000000         1.1750000000         3.2848839601
        1.2900000000         1.1750000000         3.2186225856
        1.2950000000         1.1750000000         3.1485384394
        1.3000000000         1.1750000000         3.0899226081
        1.3050000000         1.1750000000         3.0262097480
        1.3100000000         1.1750000000         2.9548513447
        1.3150000000         1.1750000000         2.8936869990
        1.3200000000         1.1750000000         2.8312483961
        1.3250000000         1.1750000000         2.7611642500
        1.3300000000         1.1750000000         2.7012741615
        1.3350000000         1.1750000000         2.6350127870
        1.3400000000         1.1750000000         2.5674771553
        1.3450000000         1.1750000000         2.5037642952
        1.3500000000         1.1750000000         2.4362286635
        1.3550000000         1.1750000000         2.3763385750
        1.3600000000         1.1750000000         2.3088029433
        1.3650000000         1.1750000000         2.2438158260
        1.3700000000         1.1750000000         2.1788287086
        1.3750000000         1.1750000000         2.1176643629
        1.3800000000         1.1750000000         2.0565000172
        1.3850000000         1.1750000000         1.9851416139
        1.3900000000         1.1750000000         1.9201544966
        1.3950000000         1.1750000000         1.8640871797
        1.4000000000         1.1750000000         1.7991000624
        1.4050000000         1.1750000000         1.7353872023
        1.4100000000         1.1750000000         1.6729485994
        1.4150000000         1.1750000000         1.6130585109
        1.4200000000         1.1750000000         1.5391515932
        1.4250000000         1.1750000000         1.4805357619
        1.4300000000         1.1750000000         1.4231941878
        1.4350000000         1.1750000000         1.3556585561
        1.4400000000         1.1750000000         1.2855744100
        1.4450000000         1.1750000000         1.2244100643
        1.4500000000         1.1750000000         1.1594229470
        1.4550000000         1.1750000000         1.0969843441
        1.4600000000         1.1750000000         1.0319972268
        1.4650000000         1.1750000000         0.9682843666
        1.4700000000         1.1750000000         0.9045715065
        1.4750000000         1.1750000000         0.8395843892
        1.4800000000         1.1750000000         0.7720487575
        1.4850000000         1.1750000000         0.7070616402
        1.4900000000         1.1750000000         0.6420745229
        1.4950000000         1.1750000000         0.5796359200
        1.5000000000         1.1750000000         0.5082775167
        1.5050000000         1.1750000000         0.4407418850
        1.5100000000         1.1750000000         0.3808517965
        1.5150000000         1.1750000000         0.3094933932
        1.5200000000         1.1750000000         0.2457805331
        1.5250000000         1.1750000000         0.1807934157
        1.5300000000         1.1750000000         0.1170805556
        1.5350000000         1.1750000000         0.0482706667
        1.5400000000         1.1750000000         0.0023974075
        1.5450000000         1.1750000000        -0.0026996214
        1.5500000000         1.1750000000         1.1135496877
        1.5550000000         1.1750000000         5.0688440430
        1.5600000000         1.1750000000         5.0675697858
        1.5650000000         1.1750000000         5.0318905842
        1.5700000000         1.1750000000         4.9630806952
        1.5750000000         1.1750000000         4.8929965491
        1.5800000000         1.1750000000         4.8292836890
        1.5850000000         1.1750000000         4.7604738001
        1.5900000000         1.1750000000         4.6865668824
        1.5950000000         1.1750000000         4.6215797651
        1.6000000000         1.1750000000         4.5540441334
        1.6050000000         1.1750000000         4.4877827589
        1.6100000000         1.1750000000         4.4176986127
        1.6150000000         1.1750000000         4.3539857526
        1.6200000000         1.1750000000         4.2915471497
        1.6250000000         1.1750000000         4.2265600324
        1.6300000000         1.1750000000         4.1564758863
        1.6350000000         1.1750000000         4.0940372834
        1.6400000000         1.1750000000         4.0303244233
        1.6450000000         1.1750000000         3.9627887916
        1.6500000000         1.1750000000         3.9016244459
        1.6550000000         1.1750000000         3.8315402998
        1.6600000000         1.1750000000         3.7678274397
        1.6650000000         1.1750000000         3.7028403224
        1.6700000000         1.1750000000         3.6340304334
        1.6750000000         1.1750000000         3.5741403449
        1.6800000000         1.1750000000         3.5066047132
        1.6850000000         1.1750000000         3.4428918531
        1.6900000000         1.1750000000         3.3804532502
        1.6950000000         1.1750000000         3.3078205897
        1.7000000000         1.1750000000         3.2466562440
        1.7050000000         1.1750000000         3.1803948695
        1.7100000000         1.1750000000         3.1103107234
        1.7150000000         1.1750000000         3.0529691493
        1.7200000000         1.1750000000         2.9892562892
        1.7250000000         1.1750000000         2.9191721431
        1.7300000000         1.1750000000         2.8554592830
        1.7350000000         1.1750000000         2.7917464229
        1.7400000000         1.1750000000         2.7203880195
        1.7450000000         1.1750000000         2.6592236738
        1.7500000000         1.1750000000         2.5904137849
        1.7550000000         1.1750000000         2.5267009248
        1.7600000000         1.1750000000         2.4629880647
        1.7650000000         1.1750000000         2.3992752046
        1.7700000000         1.1750000000         2.3279168013
        1.7750000000         1.1750000000         2.2654781984
        1.7800000000         1.1750000000         2.2017653383
        1.7850000000         1.1750000000         2.1329554494
        1.7900000000         1.1750000000         2.0756138753
        1.7950000000         1.1750000000         2.0068039864
        1.8000000000         1.1750000000         1.9443653835
        1.8050000000         1.1750000000         1.8793782662
        1.8100000000         1.1750000000         1.8105683772
        1.8150000000         1.1750000000         1.7570495747
        1.8200000000         1.1750000000         1.6882396858
        1.8250000000         1.1750000000         1.6245268257
        1.8300000000         1.1750000000         1.5608139656
        1.8350000000         1.1750000000         1.4983753627
        1.8400000000         1.1750000000         1.4359367598
        1.8450000000         1.1750000000         1.3696753853
        1.8500000000         1.1750000000         1.3059625252
        1.8550000000         1.1750000000         1.2371526363
        1.8600000000         1.1750000000         1.1747140334
        1.8650000000         1.1750000000         1.1110011733
        1.8700000000         1.1750000000         1.0421912844
        1.8750000000         1.1750000000         0.9835754531
        1.8800000000         1.1750000000         0.9134913070
        1.8850000000         1.1750000000         0.8510527041
        1.8900000000         1.1750000000         0.7873398440
        1.8950000000         1.1750000000         0.7185299550
        1.9000000000         1.1750000000         0.6573656093
        1.9050000000         1.1750000000         0.5923784920
        1.9100000000         1.1750000000         0.5197458315
        1.9150000000         1.1750000000         0.4547587142
        1.9200000000         1.1750000000         0.3884973397
        1.9250000000         1.1750000000         0.3247844796
        1.9300000000         1.1750000000         0.2610716195
        1.9350000000         1.1750000000         0.1871647018
        1.9400000000         1.1750000000         0.1272746133
        1.9450000000         1.1750000000         0.0571904671
        1.9500000000         1.1750000000        -0.0026996214
        1.9550000000         1.1750000000         0.0049459219
        1.9600000000         1.1750000000         1.1122754305
        1.9650000000         1.1750000000         5.0650212714
        1.9700000000         1.1750000000         5.0675697858
        1.9750000000         1.1750000000         5.0331648414
        1.9800000000         1.1750000000         4.9605321808
        1.9850000000         1.1750000000         4.8942708063
        1.9900000000         1.1750000000         4.8280094318
        1.9950000000         1.1750000000         4.7528282569
        2.0000000000         1.1750000000         4.6814698536
        2.0050000000         1.1750000000         4.6177569935
        2.0100000000         1.1750000000         4.5463985902
        2.0150000000         1.1750000000         4.4788629584
        2.0200000000         1.1750000000         4.4113273267
        2.0250000000         1.1750000000         4.3425174378
        2.0300000000         1.1750000000         4.2749818061
        2.0350000000         1.1750000000         4.2074461744
        2.0400000000         1.1750000000         4.1424590571
        2.0450000000         1.1750000000         4.0787461970
        2.0500000000         1.1750000000         4.0035650221
        2.0550000000         1.1750000000         3.9424006764
        2.0600000000         1.1750000000         3.8799620735
        2.0650000000         1.1750000000         3.8060551557
        2.0700000000         1.1750000000         3.7410680384
        2.0750000000         1.1750000000         3.6709838923
        2.0800000000         1.1750000000         3.6059967750
        2.0850000000         1.1750000000         3.5397354005
        2.0900000000         1.1750000000         3.4709255116
        2.0950000000         1.1750000000         3.4059383943
        2.1000000000         1.1750000000         3.3409512770
        2.1050000000         1.1750000000         3.2734156453
        2.1100000000         1.1750000000         3.2084285279
        2.1150000000         1.1750000000         3.1370701246
        2.1200000000         1.1750000000         3.0733572645
        2.1250000000         1.1750000000         3.0070958900
        2.1300000000         1.1750000000         2.9395602583
        2.1350000000         1.1750000000         2.8796701698
        2.1400000000         1.1750000000         2.8121345381
        2.1450000000         1.1750000000         2.7471474208
        2.1500000000         1.1750000000         2.6796117891
        2.1550000000         1.1750000000         2.6158989290
        2.1600000000         1.1750000000         2.5470890401
        2.1650000000         1.1750000000         2.4821019227
        2.1700000000         1.1750000000         2.4171148054
        2.1750000000         1.1750000000         2.3483049165
        2.1800000000         1.1750000000         2.2871405708
        2.1850000000         1.1750000000         2.2170564247
        2.1900000000         1.1750000000         2.1584405934
        2.1950000000         1.1750000000         2.0909049617
        2.2000000000         1.1750000000         2.0246435872
        2.2050000000         1.1750000000         1.9609307271
        2.2100000000         1.1750000000         1.9099604390
        2.2150000000         1.1750000000         1.8322307497
        2.2200000000         1.1750000000         1.7659693752
        2.2250000000         1.1750000000         1.7073535439
        2.2300000000         1.1750000000         1.6398179122
        2.2350000000         1.1750000000         1.5786535665
        2.2400000000         1.1750000000         1.5085694203
        2.2450000000         1.1750000000         1.4461308174
        2.2500000000         1.1750000000         1.3824179573
        2.2550000000         1.1750000000         1.3199793544
        2.2600000000         1.1750000000         1.2498952083
        2.2650000000         1.1750000000         1.1849080910
        2.2700000000         1.1750000000         1.1199209737
        2.2750000000         1.1750000000         1.0574823708
        2.2800000000         1.1750000000         0.9861239675
        2.2850000000         1.1750000000         0.9287823934
        2.2900000000         1.1750000000         0.8612467617
        2.2950000000         1.1750000000         0.7949853872
        2.3000000000         1.1750000000         0.7312725271
        2.3050000000         1.1750000000         0.6599141237
        2.3100000000         1.1750000000         0.5949270064
        2.3150000000         1.1750000000         0.5261171175
        2.3200000000         1.1750000000         0.4649527718
        2.3250000000         1.1750000000         0.3910458541
        2.3300000000         1.1750000000         0.3273329940
        2.3350000000         1.1750000000         0.2610716195
        2.3400000000         1.1750000000         0.1922617306
        2.3450000000         1.1750000000         0.1298231277
        2.3500000000         1.1750000000         0.0546419527
        2.3550000000         1.1750000000        -0.0001511069
        2.3600000000         1.1750000000         0.0011231503
        2.3650000000         1.1750000000         1.1059041445
        2.3700000000         1.1750000000         5.0650212714
        2.3750000000         1.1750000000         5.0688440430
        2.3800000000         1.1750000000         5.0382618702
        2.3850000000         1.1750000000         4.9694519812
        2.3900000000         1.1750000000         4.9019163495
        2.3950000000         1.1750000000         4.8280094318
        2.4000000000         1.1750000000         4.7642965717
        2.4050000000         1.1750000000         4.6942124256
        2.4100000000         1.1750000000         4.6190312507
        2.4150000000         1.1750000000         4.5527698762
        2.4200000000         1.1750000000         4.4852342444
        2.4250000000         1.1750000000         4.4176986127
        2.4300000000         1.1750000000         4.3450659522
        2.4350000000         1.1750000000         4.2813530921
        2.4400000000         1.1750000000         4.2087204316
        2.4450000000         1.1750000000         4.1501046003
        2.4500000000         1.1750000000         4.0800204542
        2.4550000000         1.1750000000         4.0137590797
        2.4600000000         1.1750000000         3.9474977052
        2.4650000000         1.1750000000         3.8774135590
        2.4700000000         1.1750000000         3.8124264417
        2.4750000000         1.1750000000         3.7436165528
        2.4800000000         1.1750000000         3.6735324067
        2.4850000000         1.1750000000         3.6110938038
        2.4900000000         1.1750000000         3.5486552009
        2.4950000000         1.1750000000         3.4772967976
        2.5000000000         1.1750000000         3.4186809663
        2.5050000000         1.1750000000         3.3447740486
        2.5100000000         1.1750000000         3.2772384169
        2.5150000000         1.1750000000         3.2173483284
        2.5200000000         1.1750000000         3.1472641822
        2.5250000000         1.1750000000         3.0822770649
        2.5300000000         1.1750000000         3.0160156904
        2.5350000000         1.1750000000         2.9484800587
        2.5400000000         1.1750000000         2.8898642274
        2.5450000000         1.1750000000         2.8210543385
        2.5500000000         1.1750000000         2.7560672212
        2.5550000000         1.1750000000         2.6923543611
        2.5600000000         1.1750000000         2.6235444722
        2.5650000000         1.1750000000         2.5572830977
        2.5700000000         1.1750000000         2.4897474660
        2.5750000000         1.1750000000         2.4336801491
        2.5800000000         1.1750000000         2.3648702602
        2.5850000000         1.1750000000         2.2998831428
        2.5900000000         1.1750000000         2.2310732539
        2.5950000000         1.1750000000         2.1711831654
        2.6000000000         1.1750000000         2.1061960481
        2.6050000000         1.1750000000         2.0348376448
        2.6100000000         1.1750000000         1.9749475563
        2.6150000000         1.1750000000         1.9112346962
        2.6200000000         1.1750000000         1.8436990645
        2.6250000000         1.1750000000         1.7850832332
        2.6300000000         1.1750000000         1.7188218587
        2.6350000000         1.1750000000         1.6551089986
        2.6400000000         1.1750000000         1.5939446529
        2.6450000000         1.1750000000         1.5276832784
        2.6500000000         1.1750000000         1.4626961611
        2.6550000000         1.1750000000         1.3951605294
        2.6600000000         1.1750000000         1.3378189553
        2.6650000000         1.1750000000         1.2690090663
        2.6700000000         1.1750000000         1.2052962062
        2.6750000000         1.1750000000         1.1441318605
        2.6800000000         1.1750000000         1.0740477144
        2.6850000000         1.1750000000         1.0103348543
        2.6900000000         1.1750000000         0.9427992226
        2.6950000000         1.1750000000         0.8816348769
        2.7000000000         1.1750000000         0.8128249880
        2.7050000000         1.1750000000         0.7427408419
        2.7100000000         1.1750000000         0.6841250106
        2.7150000000         1.1750000000         0.6153151217
        2.7200000000         1.1750000000         0.5490537472
        2.7250000000         1.1750000000         0.4815181154
        2.7300000000         1.1750000000         0.4165309981
        2.7350000000         1.1750000000         0.3489953664
        2.7400000000         1.1750000000         0.2814597347
        2.7450000000         1.1750000000         0.2151983602
        2.7500000000         1.1750000000         0.1489369857
        2.7550000000         1.1750000000         0.0801270968
        2.7600000000         1.1750000000         0.0176884939
        2.7650000000         1.1750000000        -0.0001511069
        2.7700000000         1.1750000000         0.0049459219
        2.7750000000         1.1750000000         1.1110011733
        2.7800000000         1.1750000000         5.0701183002
        2.7850000000         1.1750000000         5.0548272138
        2.7900000000         1.1750000000         4.9911143537
        2.7950000000         1.1750000000         4.9223044648
        2.8000000000         1.1750000000         4.8509460615
        2.8050000000         1.1750000000         4.7846846869
        2.8100000000         1.1750000000         4.7158747980
        2.8150000000         1.1750000000         4.6483391663
        2.8200000000         1.1750000000         4.5718837342
        2.8250000000         1.1750000000         4.5068966169
        2.8300000000         1.1750000000         4.4406352424
        2.8350000000         1.1750000000         4.3667283247
        2.8400000000         1.1750000000         4.3042897218
        2.8450000000         1.1750000000         4.2329313184
        2.8500000000         1.1750000000         4.1704927155
        2.8550000000         1.1750000000         4.1029570838
        2.8600000000         1.1750000000         4.0328729377
        2.8650000000         1.1750000000         3.9678858204
        2.8700000000         1.1750000000         3.8990759315
        2.8750000000         1.1750000000         3.8289917854
        2.8800000000         1.1750000000         3.7652789253
        2.8850000000         1.1750000000         3.6990175508
        2.8900000000         1.1750000000         3.6276591474
        2.8950000000         1.1750000000         3.5690433161
        2.9000000000         1.1750000000         3.4964106556
        2.9050000000         1.1750000000         3.4301492811
        2.9100000000         1.1750000000         3.3664364210
        2.9150000000         1.1750000000         3.2925295033
        2.9200000000         1.1750000000         3.2339136720
        2.9250000000         1.1750000000         3.1638295259
        2.9300000000         1.1750000000         3.0962938942
        2.9350000000         1.1750000000         3.0338552913
        2.9400000000         1.1750000000         2.9675939167
        2.9450000000         1.1750000000         2.9038810566
        2.9500000000         1.1750000000         2.8388939393
        2.9550000000         1.1750000000         2.7662612788
        2.9600000000         1.1750000000         2.7038226759
        2.9650000000         1.1750000000         2.6388355586
        2.9700000000         1.1750000000         2.5712999269
        2.9750000000         1.1750000000         2.5050385524
        2.9800000000         1.1750000000         2.4413256923
        2.9850000000         1.1750000000         2.3750643178
        2.9900000000         1.1750000000         2.3075286861
        2.9950000000         1.1750000000         2.2438158260
        3.0000000000         1.1750000000         2.1737316798
        3.0050000000         1.1750000000         2.1074703053
        3.0100000000         1.1750000000         2.0475802168
        3.0150000000         1.1750000000         1.9813188423
        3.0200000000         1.1750000000         1.9150574678
        3.0250000000         1.1750000000         1.8513446077
        3.0300000000         1.1750000000         1.7876317476
        3.0350000000         1.1750000000         1.7251931447
        3.0400000000         1.1750000000         1.6602060274
        3.0450000000         1.1750000000         1.5952189101
        3.0500000000         1.1750000000         1.5289575356
        3.0550000000         1.1750000000         1.4703417043
        3.0600000000         1.1750000000         1.4028060726
        3.0650000000         1.1750000000         1.3390932125
        3.0700000000         1.1750000000         1.2715575807
        3.0750000000         1.1750000000         1.2129417495
        3.0800000000         1.1750000000         1.1454061177
        3.0850000000         1.1750000000         1.0804190004
        3.0900000000         1.1750000000         1.0167061403
        3.0950000000         1.1750000000         0.9478962514
        3.1000000000         1.1750000000         0.8880061629
        3.1050000000         1.1750000000         0.8153735024
        3.1100000000         1.1750000000         0.7503863851
        3.1150000000         1.1750000000         0.6866735250
        3.1200000000         1.1750000000         0.6242349221
        3.1250000000         1.1750000000         0.5541507760
        3.1300000000         1.1750000000         0.4866151443
        3.1350000000         1.1750000000         0.4178052553
        3.1400000000         1.1750000000         0.3489953664
        3.1450000000         1.1750000000         0.2878310207
        3.1500000000         1.1750000000         0.2190211318
        3.1550000000         1.1750000000         0.1514855001
        3.1600000000         1.1750000000         0.0826756112
        3.1650000000         1.1750000000         0.0125914651
        3.1700000000         1.1750000000        -0.0026996214
        3.1750000000         1.1750000000         0.0049459219
        3.1800000000         1.1750000000         1.0893388008
        3.1850000000         1.1750000000         5.0675697858
        3.1900000000         1.1750000000         5.0599242426
        3.1950000000         1.1750000000         4.9872915821
        3.2000000000         1.1750000000         4.9248529792
        3.2050000000         1.1750000000         4.8509460615
        3.2100000000         1.1750000000         4.7834104297
        3.2150000000         1.1750000000         4.7133262836
        3.2200000000         1.1750000000         4.6394193659
        3.2250000000         1.1750000000         4.5782550202
        3.2300000000         1.1750000000         4.5068966169
        3.2350000000         1.1750000000         4.4329896992
        3.2400000000         1.1750000000         4.3667283247
        3.2450000000         1.1750000000         4.3030154645
        3.2500000000         1.1750000000         4.2278342896
        3.2550000000         1.1750000000         4.1641214295
        3.2600000000         1.1750000000         4.0991343122
        3.2650000000         1.1750000000         4.0328729377
        3.2700000000         1.1750000000         3.9627887916
        3.2750000000         1.1750000000         3.8990759315
        3.2800000000         1.1750000000         3.8302660426
        3.2850000000         1.1750000000         3.7614561537
        3.2900000000         1.1750000000         3.7015660652
        3.2950000000         1.1750000000         3.6302076618
        3.3000000000         1.1750000000         3.5664948017
        3.3050000000         1.1750000000         3.5002334272
        3.3100000000         1.1750000000         3.4276007667
        3.3150000000         1.1750000000         3.3613393922
        3.3200000000         1.1750000000         3.3014493037
        3.3250000000         1.1750000000         3.2339136720
        3.3300000000         1.1750000000         3.1663780403
        3.3350000000         1.1750000000         3.1039394374
        3.3400000000         1.1750000000         3.0338552913
        3.3450000000         1.1750000000         2.9701424312
        3.3500000000         1.1750000000         2.9089780854
        3.3550000000         1.1750000000         2.8363454249
        3.3600000000         1.1750000000         2.7739068220
        3.3650000000         1.1750000000         2.7063711903
        3.3700000000         1.1750000000         2.6375613014
        3.3750000000         1.1750000000         2.5776712129
        3.3800000000         1.1750000000         2.5075870668
        3.3850000000         1.1750000000         2.4425999495
        3.3900000000         1.1750000000         2.3776128322
        3.3950000000         1.1750000000         2.3062544289
        3.4000000000         1.1750000000         2.2412673115
        3.4050000000         1.1750000000         2.1775544514
        3.4100000000         1.1750000000         2.1100188197
        3.4150000000         1.1750000000         2.0526772456
        3.4200000000         1.1750000000         1.9825930995
        3.4250000000         1.1750000000         1.9137832106
        3.4300000000         1.1750000000         1.8551673793
        3.4350000000         1.1750000000         1.7876317476
        3.4400000000         1.1750000000         1.7315644307
        3.4450000000         1.1750000000         1.6589317702
        3.4500000000         1.1750000000         1.5990416817
        3.4550000000         1.1750000000         1.5327803072
        3.4600000000         1.1750000000         1.4690674471
        3.4650000000         1.1750000000         1.4079031014
        3.4700000000         1.1750000000         1.3378189553
        3.4750000000         1.1750000000         1.2753803524
        3.4800000000         1.1750000000         1.2078447206
        3.4850000000         1.1750000000         1.1505031465
        3.4900000000         1.1750000000         1.0842417720
        3.4950000000         1.1750000000         1.0154318831
        3.5000000000         1.1750000000         0.9555417946
        3.5050000000         1.1750000000         0.8854576485
        3.5100000000         1.1750000000         0.8204705312
        3.5150000000         1.1750000000         0.7516606423
        3.5200000000         1.1750000000         0.6879477822
        3.5250000000         1.1750000000         0.6216864077
        3.5300000000         1.1750000000         0.5541507760
        3.5350000000         1.1750000000         0.4878894015
        3.5400000000         1.1750000000         0.4241765414
        3.5450000000         1.1750000000         0.3502696236
        3.5500000000         1.1750000000         0.2878310207
        3.5550000000         1.1750000000         0.2215696462
        3.5600000000         1.1750000000         0.1514855001
        3.5650000000         1.1750000000         0.0864983828
        3.5700000000         1.1750000000         0.0202370083
        3.5750000000         1.1750000000        -0.0001511069
        3.5800000000         1.1750000000         0.0062201791
        3.5850000000         1.1750000000         1.0931615725
        3.5900000000         1.1750000000         5.0701183002
        3.5950000000         1.1750000000         5.0637470142
        3.6000000000         1.1750000000         4.9974856397
        3.6050000000         1.1750000000         4.9235787220
        3.6100000000         1.1750000000         4.8573173475
        3.6150000000         1.1750000000         4.7834104297
        3.6200000000         1.1750000000         4.7196975696
        3.6250000000         1.1750000000         4.6470649091
        3.6300000000         1.1750000000         4.5744322486
        3.6350000000         1.1750000000         4.5056223597
        3.6400000000         1.1750000000         4.4368124708
        3.6450000000         1.1750000000         4.3680025819
        3.6500000000         1.1750000000         4.2979184357
        3.6550000000         1.1750000000         4.2329313184
        3.6600000000         1.1750000000         4.1692184583
        3.6650000000         1.1750000000         4.1004085694
        3.6700000000         1.1750000000         4.0366957093
        3.6750000000         1.1750000000         3.9653373060
        3.6800000000         1.1750000000         3.8990759315
        3.6850000000         1.1750000000         3.8328145570
        3.6900000000         1.1750000000         3.7640046681
        3.6950000000         1.1750000000         3.7015660652
        3.7000000000         1.1750000000         3.6314819190
        3.7050000000         1.1750000000         3.5703175733
        3.7100000000         1.1750000000         3.4976849128
        3.7150000000         1.1750000000         3.4314235383
        3.7200000000         1.1750000000         3.3638879066
        3.7250000000         1.1750000000         3.3027235609
        3.7300000000         1.1750000000         3.2326394148
        3.7350000000         1.1750000000         3.1663780403
        3.7400000000         1.1750000000         3.1039394374
        3.7450000000         1.1750000000         3.0351295485
        3.7500000000         1.1750000000         2.9688681739
        3.7550000000         1.1750000000         2.9191721431
        3.7600000000         1.1750000000         2.8325226533
        3.7650000000         1.1750000000         2.7713583076
        3.7700000000         1.1750000000         2.6999999043
        3.7750000000         1.1750000000         2.6362870442
        3.7800000000         1.1750000000         2.5700256697
        3.7850000000         1.1750000000         2.4999415236
        3.7900000000         1.1750000000         2.4387771779
        3.7950000000         1.1750000000         2.3725158034
        3.8000000000         1.1750000000         2.3037059145
        3.8050000000         1.1750000000         2.2374445399
        3.8100000000         1.1750000000         2.1724574226
        3.8150000000         1.1750000000         2.1100188197
        3.8200000000         1.1750000000         2.0335633876
        3.8250000000         1.1750000000         1.9787703279
        3.8300000000         1.1750000000         1.9125089534
        3.8350000000         1.1750000000         1.8436990645
        3.8400000000         1.1750000000         1.7838089760
        3.8450000000         1.1750000000         1.7162733443
        3.8500000000         1.1750000000         1.6538347414
        3.8550000000         1.1750000000         1.5901218813
        3.8600000000         1.1750000000         1.5213119924
        3.8650000000         1.1750000000         1.4626961611
        3.8700000000         1.1750000000         1.3964347866
        3.8750000000         1.1750000000         1.3314476692
        3.8800000000         1.1750000000         1.2741060952
        3.8850000000         1.1750000000         1.1976506630
        3.8900000000         1.1750000000         1.1339378029
        3.8950000000         1.1750000000         1.0702249428
        3.9000000000         1.1750000000         1.0026893111
        3.9050000000         1.1750000000         0.9415249654
        3.9100000000         1.1750000000         0.8688923049
        3.9150000000         1.1750000000         0.8039051876
        3.9200000000         1.1750000000         0.7389180703
        3.9250000000         1.1750000000         0.6688339242
        3.9300000000         1.1750000000         0.6051210640
        3.9350000000         1.1750000000         0.5401339467
        3.9400000000         1.1750000000         0.4738725722
        3.9450000000         1.1750000000         0.4025141689
        3.9500000000         1.1750000000         0.3426240804
        3.9550000000         1.1750000000         0.2725399343
        3.9600000000         1.1750000000         0.2050043026
        3.9650000000         1.1750000000         0.1387429281
        3.9700000000         1.1750000000         0.0673845248
        3.9750000000         1.1750000000         0.0049459219
        3.9800000000         1.1750000000         0.0011231503
        3.9850000000         1.1750000000         0.0023974075
        3.9900000000         1.1750000000         1.1008071157
        3.9950000000         1.1750000000         5.0637470142
        4.0000000000         1.1750000000         5.0471816706
        4.0050000000         1.1750000000         4.9770975245
        4.0100000000         1.1750000000         4.9082876355
        4.0150000000         1.1750000000         4.8356549750
        4.0200000000         1.1750000000         4.7757648865
        4.0250000000         1.1750000000         4.6967609400
        4.0300000000         1.1750000000         4.6292253083
        4.0350000000         1.1750000000         4.5604154194
        4.0400000000         1.1750000000         4.4865085017
        4.0450000000         1.1750000000         4.4227956415
        4.0500000000         1.1750000000         4.3527114954
        4.0550000000         1.1750000000         4.2851758637
        4.0600000000         1.1750000000         4.2189144892
        4.0650000000         1.1750000000         4.1526531147
        4.0700000000         1.1750000000         4.0812947114
        4.0750000000         1.1750000000         4.0175818513
        4.0800000000         1.1750000000         3.9449491908
        4.0850000000         1.1750000000         3.8812363307
        4.0900000000         1.1750000000         3.8149749561
        4.0950000000         1.1750000000         3.7487135816
        4.1000000000         1.1750000000         3.6748066639
        4.1050000000         1.1750000000         3.6123680610
        4.1100000000         1.1750000000         3.5448324293
        4.1150000000         1.1750000000         3.4772967976
        4.1200000000         1.1750000000         3.4161324519
        4.1250000000         1.1750000000         3.3434997914
        4.1300000000         1.1750000000         3.2823354457
        4.1350000000         1.1750000000         3.2097027851
        4.1400000000         1.1750000000         3.1485384394
        4.1450000000         1.1750000000         3.0810028077
        4.1500000000         1.1750000000         3.0134671760
        4.1550000000         1.1750000000         2.9535770875
        4.1600000000         1.1750000000         2.8847671986
        4.1650000000         1.1750000000         2.8210543385
        4.1700000000         1.1750000000         2.7522444496
        4.1750000000         1.1750000000         2.6885315895
        4.1800000000         1.1750000000         2.6235444722
        4.1850000000         1.1750000000         2.5547345833
        4.1900000000         1.1750000000         2.4910217232
        4.1950000000         1.1750000000         2.4196633198
        4.2000000000         1.1750000000         2.3584989741
        4.2050000000         1.1750000000         2.2922375996
        4.2100000000         1.1750000000         2.2234277107
        4.2150000000         1.1750000000         2.1622633650
        4.2200000000         1.1750000000         2.0972762477
        4.2250000000         1.1750000000         2.0322891304
        4.2300000000         1.1750000000         1.9685762703
        4.2350000000         1.1750000000         1.9048634102
        4.2400000000         1.1750000000         1.8347792641
        4.2450000000         1.1750000000         1.7748891756
        4.2500000000         1.1750000000         1.7111763155
        4.2550000000         1.1750000000         1.6474634554
        4.2600000000         1.1750000000         1.5837505953
        4.2650000000         1.1750000000         1.5136664491
        4.2700000000         1.1750000000         1.4563248751
        4.2750000000         1.1750000000         1.4015318154
        4.2800000000         1.1750000000         1.3225278688
        4.2850000000         1.1750000000         1.2549922371
        4.2900000000         1.1750000000         1.1925536342
        4.2950000000         1.1750000000         1.1275665169
        4.3000000000         1.1750000000         1.0587566280
        4.3050000000         1.1750000000         1.0001407967
        4.3100000000         1.1750000000         0.9313309078
        4.3150000000         1.1750000000         0.8688923049
        4.3200000000         1.1750000000         0.8000824160
        4.3250000000         1.1750000000         0.7325467843
        4.3300000000         1.1750000000         0.6713824386
        4.3350000000         1.1750000000         0.5974755208
        4.3400000000         1.1750000000         0.5337626607
        4.3450000000         1.1750000000         0.4675012862
        4.3500000000         1.1750000000         0.3974171401
        4.3550000000         1.1750000000         0.3362527944
        4.3600000000         1.1750000000         0.2636201339
        4.3650000000         1.1750000000         0.1999072738
        4.3700000000         1.1750000000         0.1310973849
        4.3750000000         1.1750000000         0.0673845248
        4.3800000000         1.1750000000        -0.0026996214
        4.3850000000         1.1750000000         0.0011231503
        4.3900000000         1.1750000000         0.0049459219
        4.3950000000         1.1750000000         5.0395361274
        4.4000000000         1.1750000000         5.0701183002
        4.4050000000         1.1750000000         5.0497301850
        4.4100000000         1.1750000000         4.9720004957
        4.4150000000         1.1750000000         4.9057391211
        4.4200000000         1.1750000000         4.8318322034
        4.4250000000         1.1750000000         4.7655708289
        4.4300000000         1.1750000000         4.6993094544
        4.4350000000         1.1750000000         4.6228540223
        4.4400000000         1.1750000000         4.5578669050
        4.4450000000         1.1750000000         4.4941540449
        4.4500000000         1.1750000000         4.4151500983
        4.4550000000         1.1750000000         4.3476144666
        4.4600000000         1.1750000000         4.2864501209
        4.4650000000         1.1750000000         4.2176402320
        4.4700000000         1.1750000000         4.1513788575
        4.4750000000         1.1750000000         4.0889402546
        4.4800000000         1.1750000000         4.0137590797
        4.4850000000         1.1750000000         3.9487719624
        4.4900000000         1.1750000000         3.8876076167
        4.4950000000         1.1750000000         3.8162492133
        4.5000000000         1.1750000000         3.7550848676
        4.5050000000         1.1750000000         3.6888234931
        4.5100000000         1.1750000000         3.6187393470
        4.5150000000         1.1750000000         3.5524779725
        4.5200000000         1.1750000000         3.4849423408
        4.5250000000         1.1750000000         3.4212294807
        4.5300000000         1.1750000000         3.3575166206
        4.5350000000         1.1750000000         3.2874324745
        4.5400000000         1.1750000000         3.2211711000
        4.5450000000         1.1750000000         3.1702008119
        4.5500000000         1.1750000000         3.0860998365
        4.5550000000         1.1750000000         3.0236612336
        4.5600000000         1.1750000000         2.9637711451
        4.5650000000         1.1750000000         2.8898642274
        4.5700000000         1.1750000000         2.8325226533
        4.5750000000         1.1750000000         2.7611642500
        4.5800000000         1.1750000000         2.6949028755
        4.5850000000         1.1750000000         2.6324642726
        4.5900000000         1.1750000000         2.5598316121
        4.5950000000         1.1750000000         2.4973930092
        4.6000000000         1.1750000000         2.4311316347
        4.6050000000         1.1750000000         2.3635960030
        4.6100000000         1.1750000000         2.3037059145
        4.6150000000         1.1750000000         2.2310732539
        4.6200000000         1.1750000000         2.1699089082
        4.6250000000         1.1750000000         2.1036475337
        4.6300000000         1.1750000000         2.0373861592
        4.6350000000         1.1750000000         1.9711247847
        4.6400000000         1.1750000000         1.9061376674
        4.6450000000         1.1750000000         1.8487960933
        4.6500000000         1.1750000000         1.7812604616
        4.6550000000         1.1750000000         1.7175476015
        4.6600000000         1.1750000000         1.6563832558
        4.6650000000         1.1750000000         1.5850248525
        4.6700000000         1.1750000000         1.5238605068
        4.6750000000         1.1750000000         1.4601476467
        4.6800000000         1.1750000000         1.3913377577
        4.6850000000         1.1750000000         1.3263506404
        4.6900000000         1.1750000000         1.2677348091
        4.6950000000         1.1750000000         1.2040219490
        4.7000000000         1.1750000000         1.1326635457
        4.7050000000         1.1750000000         1.0702249428
        4.7100000000         1.1750000000         1.0039635683
        4.7150000000         1.1750000000         0.9389764510
        4.7200000000         1.1750000000         0.8727150765
        4.7250000000         1.1750000000         0.8090022164
        4.7300000000         1.1750000000         0.7363695559
        4.7350000000         1.1750000000         0.6752052102
        4.7400000000         1.1750000000         0.6051210640
        4.7450000000         1.1750000000         0.5388596895
        4.7500000000         1.1750000000         0.4738725722
        4.7550000000         1.1750000000         0.4076111977
        4.7600000000         1.1750000000         0.3388013088
        4.7650000000         1.1750000000         0.2750884487
        4.7700000000         1.1750000000         0.2088270742
        4.7750000000         1.1750000000         0.1374686709
        4.7800000000         1.1750000000         0.0699330392
        4.7850000000         1.1750000000         0.0011231503
        4.7900000000         1.1750000000         0.0023974075
        4.7950000000         1.1750000000         0.0011231503
        4.8000000000         1.1750000000         1.1454061177
        4.8050000000         1.1750000000         5.0637470142
        4.8100000000         1.1750000000         5.0497301850
        4.8150000000         1.1750000000         4.9809202961
        4.8200000000         1.1750000000         4.9121104072
        4.8250000000         1.1750000000         4.8407520038
        4.8300000000         1.1750000000         4.7732163721
        4.8350000000         1.1750000000         4.7005837116
        4.8400000000         1.1750000000         4.6381451087
        4.8450000000         1.1750000000         4.5642381910
        4.8500000000         1.1750000000         4.4954283021
        4.8550000000         1.1750000000         4.4278926704
        4.8600000000         1.1750000000         4.3603570386
        4.8650000000         1.1750000000         4.2953699213
        4.8700000000         1.1750000000         4.2240115180
        4.8750000000         1.1750000000         4.1577501435
        4.8800000000         1.1750000000         4.0965857978
        4.8850000000         1.1750000000         4.0290501661
        4.8900000000         1.1750000000         3.9627887916
        4.8950000000         1.1750000000         3.8952531599
        4.9000000000         1.1750000000         3.8289917854
        4.9050000000         1.1750000000         3.7652789253
        4.9100000000         1.1750000000         3.6939205219
        4.9150000000         1.1750000000         3.6314819190
        4.9200000000         1.1750000000         3.5639462873
        4.9250000000         1.1750000000         3.4964106556
        4.9300000000         1.1750000000         3.4288750239
        4.9350000000         1.1750000000         3.3613393922
        4.9400000000         1.1750000000         3.2963522749
        4.9450000000         1.1750000000         3.2300909004
        4.9500000000         1.1750000000         3.1638295259
        4.9550000000         1.1750000000         3.0962938942
        4.9600000000         1.1750000000         3.0338552913
        4.9650000000         1.1750000000         2.9612226307
        4.9700000000         1.1750000000         2.9000582850
        4.9750000000         1.1750000000         2.8337969105
        4.9800000000         1.1750000000         2.7649870216
        4.9850000000         1.1750000000         2.6987256471
        4.9900000000         1.1750000000         2.6362870442
        4.9950000000         1.1750000000         2.5662028981
        5.0000000000         1.1750000000         2.5050385524
        5.0050000000         1.1750000000         2.4413256923
        5.0100000000         1.1750000000         2.3699672890
        5.0150000000         1.1750000000         2.3037059145
        5.0200000000         1.1750000000         2.2425415688
        5.0250000000         1.1750000000         2.1788287086
        5.0300000000         1.1750000000         2.1074703053
        5.0350000000         1.1750000000         2.0424831880
        5.0400000000         1.1750000000         1.9851416139
        5.0450000000         1.1750000000         1.9201544966
        5.0500000000         1.1750000000         1.8526188649
        5.0550000000         1.1750000000         1.7901802620
        5.0600000000         1.1750000000         1.7264674019
        5.0650000000         1.1750000000         1.6627545418
        5.0700000000         1.1750000000         1.5939446529
        5.0750000000         1.1750000000         1.5353288216
        5.0800000000         1.1750000000         1.4677931899
        5.0850000000         1.1750000000         1.4053545870
        5.0900000000         1.1750000000         1.3441902413
        5.0950000000         1.1750000000         1.2715575807
        5.1000000000         1.1750000000         1.2103932350
        5.1050000000         1.1750000000         1.1466803749
        5.1100000000         1.1750000000         1.0778704860
        5.1150000000         1.1750000000         1.0192546547
        5.1200000000         1.1750000000         0.9517190230
        5.1250000000         1.1750000000         0.8816348769
        5.1300000000         1.1750000000         0.8242933028
        5.1350000000         1.1750000000         0.7529348995
        5.1400000000         1.1750000000         0.6866735250
        5.1450000000         1.1750000000         0.6267834365
        5.1500000000         1.1750000000         0.5541507760
        5.1550000000         1.1750000000         0.4891636587
        5.1600000000         1.1750000000         0.4241765414
        5.1650000000         1.1750000000         0.3630121957
        5.1700000000         1.1750000000         0.2878310207
        5.1750000000         1.1750000000         0.2253924178
        5.1800000000         1.1750000000         0.1565825289
        5.1850000000         1.1750000000         0.0903211544
        5.1900000000         1.1750000000         0.0189627511
        5.1950000000         1.1750000000        -0.0026996214
        5.2000000000         1.1750000000         0.0049459219
        5.2050000000         1.1750000000         1.0969843441
        5.2100000000         1.1750000000         5.0675697858
        5.2150000000         1.1750000000         5.0650212714
        5.2200000000         1.1750000000         4.9987598969
        5.2250000000         1.1750000000         4.9324985224
        5.2300000000         1.1750000000         4.8662371479
        5.2350000000         1.1750000000         4.7885074586
        5.2400000000         1.1750000000         4.7209718268
        5.2450000000         1.1750000000         4.6559847095
        5.2500000000         1.1750000000         4.5833520490
        5.2550000000         1.1750000000         4.5158164173
        5.2600000000         1.1750000000         4.4457322712
        5.2650000000         1.1750000000         4.3820194111
        5.2700000000         1.1750000000         4.3106610078
        5.2750000000         1.1750000000         4.2469481477
        5.2800000000         1.1750000000         4.1806867731
        5.2850000000         1.1750000000         4.1093283698
        5.2900000000         1.1750000000         4.0494382813
        5.2950000000         1.1750000000         3.9806283924
        5.3000000000         1.1750000000         3.9092699891
        5.3050000000         1.1750000000         3.8455571290
        5.3100000000         1.1750000000         3.7792957545
        5.3150000000         1.1750000000         3.7117601228
        5.3200000000         1.1750000000         3.6454987483
        5.3250000000         1.1750000000         3.5754146021
        5.3300000000         1.1750000000         3.5117017420
        5.3350000000         1.1750000000         3.4377948243
        5.3400000000         1.1750000000         3.3791789930
        5.3450000000         1.1750000000         3.3065463325
        5.3500000000         1.1750000000         3.2390107008
        5.3550000000         1.1750000000         3.1778463551
        5.3600000000         1.1750000000         3.1115849806
        5.3650000000         1.1750000000         3.0427750917
        5.3700000000         1.1750000000         2.9739652028
        5.3750000000         1.1750000000         2.9089780854
        5.3800000000         1.1750000000         2.8439909681
        5.3850000000         1.1750000000         2.7777295936
        5.3900000000         1.1750000000         2.7101939619
        5.3950000000         1.1750000000         2.6503038734
        5.4000000000         1.1750000000         2.5827682417
        5.4050000000         1.1750000000         2.5152326100
        5.4100000000         1.1750000000         2.4451484639
        5.4150000000         1.1750000000         2.3801613466
        5.4200000000         1.1750000000         2.3164484865
        5.4250000000         1.1750000000         2.2514613692
        5.4300000000         1.1750000000         2.1851999947
        5.4350000000         1.1750000000         2.1240356490
        5.4400000000         1.1750000000         2.0577742744
        5.4450000000         1.1750000000         1.9927871571
        5.4500000000         1.1750000000         1.9239772682
        5.4550000000         1.1750000000         1.8615386653
        5.4600000000         1.1750000000         1.7978258052
        5.4650000000         1.1750000000         1.7302901735
        5.4700000000         1.1750000000         1.6665773134
        5.4750000000         1.1750000000         1.6003159389
        5.4800000000         1.1750000000         1.5404258504
        5.4850000000         1.1750000000         1.4728902187
        5.4900000000         1.1750000000         1.4142743874
        5.4950000000         1.1750000000         1.3429159841
        5.5000000000         1.1750000000         1.2779288668
        5.5050000000         1.1750000000         1.2129417495
        5.5100000000         1.1750000000         1.1479546321
        5.5150000000         1.1750000000         1.0829675148
        5.5200000000         1.1750000000         1.0141576259
        5.5250000000         1.1750000000         0.9555417946
        5.5300000000         1.1750000000         0.8867319057
        5.5350000000         1.1750000000         0.8179220168
        5.5400000000         1.1750000000         0.7529348995
        5.5450000000         1.1750000000         0.6866735250
        5.5500000000         1.1750000000         0.6165893789
        5.5550000000         1.1750000000         0.5566992904
        5.5600000000         1.1750000000         0.4815181154
        5.5650000000         1.1750000000         0.4216280269
        5.5700000000         1.1750000000         0.3477211092
        5.5750000000         1.1750000000         0.2801854775
        5.5800000000         1.1750000000         0.2190211318
        5.5850000000         1.1750000000         0.1514855001
        5.5900000000         1.1750000000         0.0763043252
        5.5950000000         1.1750000000         0.0138657223
        5.6000000000         1.1750000000        -0.0026996214
        5.6050000000         1.1750000000         0.0011231503
        5.6100000000         1.1750000000         1.1110011733
        5.6150000000         1.1750000000         5.0624727570
        5.6200000000         1.1750000000         5.0599242426
        5.6250000000         1.1750000000         4.9860173249
        5.6300000000         1.1750000000         4.9172074360
        5.6350000000         1.1750000000         4.8509460615
        5.6400000000         1.1750000000         4.7732163721
        5.6450000000         1.1750000000         4.7120520264
        5.6500000000         1.1750000000         4.6381451087
        5.6550000000         1.1750000000         4.5706094770
        5.6600000000         1.1750000000         4.5030738453
        5.6650000000         1.1750000000         4.4278926704
        5.6700000000         1.1750000000         4.3603570386
