        0.0000000000         1.4500000000         3.5397354005
        0.0050000000         1.4500000000         3.5346383717
        0.0100000000         1.4500000000         3.5333641145
        0.0150000000         1.4500000000         3.5295413429
        0.0200000000         1.4500000000         3.5218957997
        0.0250000000         1.4500000000         3.5167987709
        0.0300000000         1.4500000000         3.4976849128
        0.0350000000         1.4500000000         3.4785710548
        0.0400000000         1.4500000000         3.4530859107
        0.0450000000         1.4500000000         3.4301492811
        0.0500000000         1.4500000000         3.3970185939
        0.0550000000         1.4500000000         3.3715334498
        0.0600000000         1.4500000000         3.3371285054
        0.0650000000         1.4500000000         3.3052720753
        0.0700000000         1.4500000000         3.2708671308
        0.0750000000         1.4500000000         3.2428334724
        0.0800000000         1.4500000000         3.2046057563
        0.0850000000         1.4500000000         3.1740235835
        0.0900000000         1.4500000000         3.1332473530
        0.0950000000         1.4500000000         3.0950196370
        0.1000000000         1.4500000000         3.0593404353
        0.1050000000         1.4500000000         3.0185642048
        0.1100000000         1.4500000000         2.9777879744
        0.1150000000         1.4500000000         2.9395602583
        0.1200000000         1.4500000000         2.9000582850
        0.1250000000         1.4500000000         2.8580077974
        0.1300000000         1.4500000000         2.8172315669
        0.1350000000         1.4500000000         2.7751810792
        0.1400000000         1.4500000000         2.7293078200
        0.1450000000         1.4500000000         2.6923543611
        0.1500000000         1.4500000000         2.6464811018
        0.1550000000         1.4500000000         2.5980593281
        0.1600000000         1.4500000000         2.5572830977
        0.1650000000         1.4500000000         2.5152326100
        0.1700000000         1.4500000000         2.4833761799
        0.1750000000         1.4500000000         2.4247603487
        0.1800000000         1.4500000000         2.3776128322
        0.1850000000         1.4500000000         2.3355623445
        0.1900000000         1.4500000000         2.2858663136
        0.1950000000         1.4500000000         2.2476385976
        0.2000000000         1.4500000000         2.1979425667
        0.2050000000         1.4500000000         2.1520693074
        0.2100000000         1.4500000000         2.1100188197
        0.2150000000         1.4500000000         2.0615970461
        0.2200000000         1.4500000000         2.0144495296
        0.2250000000         1.4500000000         1.9698505275
        0.2300000000         1.4500000000         1.9214287538
        0.2350000000         1.4500000000         1.8755554945
        0.2400000000         1.4500000000         1.8309564925
        0.2450000000         1.4500000000         1.7774376900
        0.2500000000         1.4500000000         1.7379357167
        0.2550000000         1.4500000000         1.6895139430
        0.2600000000         1.4500000000         1.6385436550
        0.2650000000         1.4500000000         1.5964931673
        0.2700000000         1.4500000000         1.5493456508
        0.2750000000         1.4500000000         1.5085694203
        0.2800000000         1.4500000000         1.4563248751
        0.2850000000         1.4500000000         1.4079031014
        0.2900000000         1.4500000000         1.3633040993
        0.2950000000         1.4500000000         1.3148823256
        0.3000000000         1.4500000000         1.2639120375
        0.3050000000         1.4500000000         1.2167645211
        0.3100000000         1.4500000000         1.1696170046
        0.3150000000         1.4500000000         1.1199209737
        0.3200000000         1.4500000000         1.0791447432
        0.3250000000         1.4500000000         1.0281744551
        0.3300000000         1.4500000000         0.9784784243
        0.3350000000         1.4500000000         0.9338794222
        0.3400000000         1.4500000000         0.8841833913
        0.3450000000         1.4500000000         0.8332131032
        0.3500000000         1.4500000000         0.7886141012
        0.3550000000         1.4500000000         0.7338210415
        0.3600000000         1.4500000000         0.6892220394
        0.3650000000         1.4500000000         0.6395260085
        0.3700000000         1.4500000000         0.5911042348
        0.3750000000         1.4500000000         0.5439567183
        0.3800000000         1.4500000000         0.4878894015
        0.3850000000         1.4500000000         0.4445646566
        0.3900000000         1.4500000000         0.3923201113
        0.3950000000         1.4500000000         0.3413498232
        0.4000000000         1.4500000000         0.2992993355
        0.4050000000         1.4500000000         0.2483290475
        0.4100000000         1.4500000000         0.2011815310
        0.4150000000         1.4500000000         0.1514855001
        0.4200000000         1.4500000000         0.1030637264
        0.4250000000         1.4500000000         0.0508191811
        0.4300000000         1.4500000000         0.0023974075
        0.4350000000         1.4500000000         0.0062201791
        0.4400000000         1.4500000000        -0.0001511069
        0.4450000000         1.4500000000         1.0982586013
        0.4500000000         1.4500000000         1.1326635457
        0.4550000000         1.4500000000         5.0675697858
        0.4600000000         1.4500000000         5.0637470142
        0.4650000000         1.4500000000         5.0369876130
        0.4700000000         1.4500000000         4.9847430677
        0.4750000000         1.4500000000         4.9312242652
        0.4800000000         1.4500000000         4.8815282343
        0.4850000000         1.4500000000         4.8254609174
        0.4900000000         1.4500000000         4.7706678577
        0.4950000000         1.4500000000         4.7184233124
        0.5000000000         1.4500000000         4.6700015388
        0.5050000000         1.4500000000         4.6177569935
        0.5100000000         1.4500000000         4.5667867054
        0.5150000000         1.4500000000         4.5145421601
        0.5200000000         1.4500000000         4.4622976148
        0.5250000000         1.4500000000         4.4075045551
        0.5300000000         1.4500000000         4.3629055530
        0.5350000000         1.4500000000         4.3081124934
        0.5400000000         1.4500000000         4.2609649769
        0.5450000000         1.4500000000         4.2036234028
        0.5500000000         1.4500000000         4.1539273719
        0.5550000000         1.4500000000         4.1029570838
        0.5600000000         1.4500000000         4.0507125385
        0.5650000000         1.4500000000         4.0048392793
        0.5700000000         1.4500000000         3.9462234480
        0.5750000000         1.4500000000         3.9003501887
        0.5800000000         1.4500000000         3.8430086146
        0.5850000000         1.4500000000         3.7984096125
        0.5900000000         1.4500000000         3.7397937812
        0.5950000000         1.4500000000         3.6888234931
        0.6000000000         1.4500000000         3.6378532051
        0.6050000000         1.4500000000         3.5843344026
        0.6100000000         1.4500000000         3.5295413429
        0.6150000000         1.4500000000         3.4811195692
        0.6200000000         1.4500000000         3.4225037379
        0.6250000000         1.4500000000         3.3766304786
        0.6300000000         1.4500000000         3.3192889045
        0.6350000000         1.4500000000         3.2695928736
        0.6400000000         1.4500000000         3.2198968428
        0.6450000000         1.4500000000         3.1702008119
        0.6500000000         1.4500000000         3.1103107234
        0.6550000000         1.4500000000         3.0606146925
        0.6600000000         1.4500000000         3.0083701472
        0.6650000000         1.4500000000         2.9548513447
        0.6700000000         1.4500000000         2.9064295710
        0.6750000000         1.4500000000         2.8490879970
        0.6800000000         1.4500000000         2.7993919661
        0.6850000000         1.4500000000         2.7484216780
        0.6900000000         1.4500000000         2.6923543611
        0.6950000000         1.4500000000         2.6439325874
        0.7000000000         1.4500000000         2.5865910133
        0.7050000000         1.4500000000         2.5368949824
        0.7100000000         1.4500000000         2.4846504371
        0.7150000000         1.4500000000         2.4298573775
        0.7200000000         1.4500000000         2.3801613466
        0.7250000000         1.4500000000         2.3240940297
        0.7300000000         1.4500000000         2.2731237416
        0.7350000000         1.4500000000         2.2183306819
        0.7400000000         1.4500000000         2.1750059370
        0.7450000000         1.4500000000         2.1151158485
        0.7500000000         1.4500000000         2.0679683321
        0.7550000000         1.4500000000         2.0169980440
        0.7600000000         1.4500000000         1.9634792415
        0.7650000000         1.4500000000         1.9137832106
        0.7700000000         1.4500000000         1.8640871797
        0.7750000000         1.4500000000         1.8067456056
        0.7800000000         1.4500000000         1.7595980892
        0.7850000000         1.4500000000         1.7111763155
        0.7900000000         1.4500000000         1.6563832558
        0.7950000000         1.4500000000         1.6105099965
        0.8000000000         1.4500000000         1.5531684224
        0.8050000000         1.4500000000         1.5047466487
        0.8100000000         1.4500000000         1.4537763606
        0.8150000000         1.4500000000         1.4028060726
        0.8200000000         1.4500000000         1.3467387557
        0.8250000000         1.4500000000         1.2995912392
        0.8300000000         1.4500000000         1.2498952083
        0.8350000000         1.4500000000         1.2001991774
        0.8400000000         1.4500000000         1.1466803749
        0.8450000000         1.4500000000         1.0931615725
        0.8500000000         1.4500000000         1.0434655416
        0.8550000000         1.4500000000         0.9912209963
        0.8600000000         1.4500000000         0.9491705086
        0.8650000000         1.4500000000         0.8943774489
        0.8700000000         1.4500000000         0.8395843892
        0.8750000000         1.4500000000         0.7911626156
        0.8800000000         1.4500000000         0.7440150991
        0.8850000000         1.4500000000         0.6892220394
        0.8900000000         1.4500000000         0.6357032369
        0.8950000000         1.4500000000         0.5898299776
        0.9000000000         1.4500000000         0.5388596895
        0.9050000000         1.4500000000         0.4853408871
        0.9100000000         1.4500000000         0.4369191134
        0.9150000000         1.4500000000         0.3821260537
        0.9200000000         1.4500000000         0.3298815084
        0.9250000000         1.4500000000         0.2814597347
        0.9300000000         1.4500000000         0.2355864754
        0.9350000000         1.4500000000         0.1782449013
        0.9400000000         1.4500000000         0.1298231277
        0.9450000000         1.4500000000         0.0750300680
        0.9500000000         1.4500000000         0.0202370083
        0.9550000000         1.4500000000         0.0049459219
        0.9600000000         1.4500000000        -0.0014253642
        0.9650000000         1.4500000000         0.0062201791
        0.9700000000         1.4500000000         1.1135496877
        0.9750000000         1.4500000000         5.0701183002
        0.9800000000         1.4500000000         5.0662955286
        0.9850000000         1.4500000000         5.0459074134
        0.9900000000         1.4500000000         4.9911143537
        0.9950000000         1.4500000000         4.9375955512
        1.0000000000         1.4500000000         4.8802539771
        1.0050000000         1.4500000000         4.8280094318
        1.0100000000         1.4500000000         4.7744906293
        1.0150000000         1.4500000000         4.7209718268
        1.0200000000         1.4500000000         4.6687272816
        1.0250000000         1.4500000000         4.6075629359
        1.0300000000         1.4500000000         4.5616896766
        1.0350000000         1.4500000000         4.5017995881
        1.0400000000         1.4500000000         4.4533778144
        1.0450000000         1.4500000000         4.4024075263
        1.0500000000         1.4500000000         4.3425174378
        1.0550000000         1.4500000000         4.2928214069
        1.0600000000         1.4500000000         4.2342055756
        1.0650000000         1.4500000000         4.1806867731
        1.0700000000         1.4500000000         4.1322649995
        1.0750000000         1.4500000000         4.0774719398
        1.0800000000         1.4500000000         4.0239531373
        1.0850000000         1.4500000000         3.9704343348
        1.0900000000         1.4500000000         3.9156412751
        1.0950000000         1.4500000000         3.8633967298
        1.1000000000         1.4500000000         3.8047808985
        1.1050000000         1.4500000000         3.7550848676
        1.1100000000         1.4500000000         3.6939205219
        1.1150000000         1.4500000000         3.6493215199
        1.1200000000         1.4500000000         3.5958027174
        1.1250000000         1.4500000000         3.5371868861
        1.1300000000         1.4500000000         3.4836680836
        1.1350000000         1.4500000000         3.4390690815
        1.1400000000         1.4500000000         3.3804532502
        1.1450000000         1.4500000000         3.3282087049
        1.1500000000         1.4500000000         3.2746899025
        1.1550000000         1.4500000000         3.2249938716
        1.1600000000         1.4500000000         3.1663780403
        1.1650000000         1.4500000000         3.1166820094
        1.1700000000         1.4500000000         3.0580661781
        1.1750000000         1.4500000000         3.0096444044
        1.1800000000         1.4500000000         2.9523028303
        1.1850000000         1.4500000000         2.9051553138
        1.1900000000         1.4500000000         2.8465394825
        1.1950000000         1.4500000000         2.7955691945
        1.2000000000         1.4500000000         2.7395018776
        1.2050000000         1.4500000000         2.6898058467
        1.2100000000         1.4500000000         2.6375613014
        1.2150000000         1.4500000000         2.5865910133
        1.2200000000         1.4500000000         2.5279751820
        1.2250000000         1.4500000000         2.4782791511
        1.2300000000         1.4500000000         2.4273088631
        1.2350000000         1.4500000000         2.3725158034
        1.2400000000         1.4500000000         2.3228197725
        1.2450000000         1.4500000000         2.2642039412
        1.2500000000         1.4500000000         2.2145079103
        1.2550000000         1.4500000000         2.1635376222
        1.2600000000         1.4500000000         2.1049217909
        1.2650000000         1.4500000000         2.0577742744
        1.2700000000         1.4500000000         2.0004327004
        1.2750000000         1.4500000000         1.9545594411
        1.2800000000         1.4500000000         1.8984921242
        1.2850000000         1.4500000000         1.8487960933
        1.2900000000         1.4500000000         1.7940030336
        1.2950000000         1.4500000000         1.7494040315
        1.3000000000         1.4500000000         1.6958852290
        1.3050000000         1.4500000000         1.6436406838
        1.3100000000         1.4500000000         1.5926703957
        1.3150000000         1.4500000000         1.5366030788
        1.3200000000         1.4500000000         1.4907298195
        1.3250000000         1.4500000000         1.4384852742
        1.3300000000         1.4500000000         1.3836922145
        1.3350000000         1.4500000000         1.3403674697
        1.3400000000         1.4500000000         1.2830258956
        1.3450000000         1.4500000000         1.2295070931
        1.3500000000         1.4500000000         1.1823595766
        1.3550000000         1.4500000000         1.1262922597
        1.3600000000         1.4500000000         1.0791447432
        1.3650000000         1.4500000000         1.0294487123
        1.3700000000         1.4500000000         0.9746556527
        1.3750000000         1.4500000000         0.9262338790
        1.3800000000         1.4500000000         0.8701665621
        1.3850000000         1.4500000000         0.8242933028
        1.3900000000         1.4500000000         0.7695002431
        1.3950000000         1.4500000000         0.7249012410
        1.4000000000         1.4500000000         0.6701081814
        1.4050000000         1.4500000000         0.6191378933
        1.4100000000         1.4500000000         0.5668933480
        1.4150000000         1.4500000000         0.5159230599
        1.4200000000         1.4500000000         0.4624042574
        1.4250000000         1.4500000000         0.4114339693
        1.4300000000         1.4500000000         0.3630121957
        1.4350000000         1.4500000000         0.3120419076
        1.4400000000         1.4500000000         0.2585231051
        1.4450000000         1.4500000000         0.2075528170
        1.4500000000         1.4500000000         0.1565825289
        1.4550000000         1.4500000000         0.1056122408
        1.4600000000         1.4500000000         0.0520934383
        1.4650000000         1.4500000000         0.0074944363
        1.4700000000         1.4500000000        -0.0026996214
        1.4750000000         1.4500000000         0.0011231503
        1.4800000000         1.4500000000         1.1288407741
        1.4850000000         1.4500000000         5.0459074134
        1.4900000000         1.4500000000         5.0701183002
        1.4950000000         1.4500000000         5.0662955286
        1.5000000000         1.4500000000         5.0255192981
        1.5050000000         1.4500000000         4.9732747529
        1.5100000000         1.4500000000         4.9159331788
        1.5150000000         1.4500000000         4.8624143763
        1.5200000000         1.4500000000         4.8063470594
        1.5250000000         1.4500000000         4.7566510285
        1.5300000000         1.4500000000         4.7005837116
        1.5350000000         1.4500000000         4.6496134235
        1.5400000000         1.4500000000         4.5897233350
        1.5450000000         1.4500000000         4.5349302753
        1.5500000000         1.4500000000         4.4865085017
        1.5550000000         1.4500000000         4.4304411848
        1.5600000000         1.4500000000         4.3794708967
        1.5650000000         1.4500000000         4.3234035798
        1.5700000000         1.4500000000         4.2660620057
        1.5750000000         1.4500000000         4.2214630036
        1.5800000000         1.4500000000         4.1641214295
        1.5850000000         1.4500000000         4.1131511414
        1.5900000000         1.4500000000         4.0647293678
        1.5950000000         1.4500000000         4.0073877937
        1.6000000000         1.4500000000         3.9462234480
        1.6050000000         1.4500000000         3.8952531599
        1.6100000000         1.4500000000         3.8404601002
        1.6150000000         1.4500000000         3.7869412977
        1.6200000000         1.4500000000         3.7346967524
        1.6250000000         1.4500000000         3.6786294355
        1.6300000000         1.4500000000         3.6276591474
        1.6350000000         1.4500000000         3.5703175733
        1.6400000000         1.4500000000         3.5193472853
        1.6450000000         1.4500000000         3.4632799684
        1.6500000000         1.4500000000         3.4161324519
        1.6550000000         1.4500000000         3.3587908778
        1.6600000000         1.4500000000         3.3052720753
        1.6650000000         1.4500000000         3.2530275300
        1.6700000000         1.4500000000         3.1969602131
        1.6750000000         1.4500000000         3.1472641822
        1.6800000000         1.4500000000         3.0899226081
        1.6850000000         1.4500000000         3.0376780629
        1.6900000000         1.4500000000         2.9828850032
        1.6950000000         1.4500000000         2.9280919435
        1.7000000000         1.4500000000         2.8732988838
        1.7050000000         1.4500000000         2.8210543385
        1.7100000000         1.4500000000         2.7675355360
        1.7150000000         1.4500000000         2.7140167335
        1.7200000000         1.4500000000         2.6630464454
        1.7250000000         1.4500000000         2.6069791286
        1.7300000000         1.4500000000         2.5509118117
        1.7350000000         1.4500000000         2.4961187520
        1.7400000000         1.4500000000         2.4489712355
        1.7450000000         1.4500000000         2.3890811470
        1.7500000000         1.4500000000         2.3381108589
        1.7550000000         1.4500000000         2.2845920564
        1.7600000000         1.4500000000         2.2323475111
        1.7650000000         1.4500000000         2.1788287086
        1.7700000000         1.4500000000         2.1240356490
        1.7750000000         1.4500000000         2.0756138753
        1.7800000000         1.4500000000         2.0169980440
        1.7850000000         1.4500000000         1.9647534987
        1.7900000000         1.4500000000         1.9176059822
        1.7950000000         1.4500000000         1.8589901509
        1.8000000000         1.4500000000         1.8131168916
        1.8050000000         1.4500000000         1.7595980892
        1.8100000000         1.4500000000         1.7060792867
        1.8150000000         1.4500000000         1.6538347414
        1.8200000000         1.4500000000         1.6066872249
        1.8250000000         1.4500000000         1.5493456508
        1.8300000000         1.4500000000         1.5009238771
        1.8350000000         1.4500000000         1.4474050746
        1.8400000000         1.4500000000         1.3951605294
        1.8450000000         1.4500000000         1.3441902413
        1.8500000000         1.4500000000         1.2906714388
        1.8550000000         1.4500000000         1.2435239223
        1.8600000000         1.4500000000         1.1900051198
        1.8650000000         1.4500000000         1.1403090889
        1.8700000000         1.4500000000         1.0842417720
        1.8750000000         1.4500000000         1.0345457412
        1.8800000000         1.4500000000         0.9810269387
        1.8850000000         1.4500000000         0.9313309078
        1.8900000000         1.4500000000         0.8854576485
        1.8950000000         1.4500000000         0.8281160744
        1.9000000000         1.4500000000         0.7771457863
        1.9050000000         1.4500000000         0.7261754982
        1.9100000000         1.4500000000         0.6688339242
        1.9150000000         1.4500000000         0.6191378933
        1.9200000000         1.4500000000         0.5668933480
        1.9250000000         1.4500000000         0.5184715743
        1.9300000000         1.4500000000         0.4598557430
        1.9350000000         1.4500000000         0.4101597121
        1.9400000000         1.4500000000         0.3604636812
        1.9450000000         1.4500000000         0.3094933932
        1.9500000000         1.4500000000         0.2521518191
        1.9550000000         1.4500000000         0.2062785598
        1.9600000000         1.4500000000         0.1502112429
        1.9650000000         1.4500000000         0.0979666976
        1.9700000000         1.4500000000         0.0444478951
        1.9750000000         1.4500000000        -0.0001511069
        1.9800000000         1.4500000000        -0.0001511069
        1.9850000000         1.4500000000         0.0049459219
        1.9900000000         1.4500000000         1.1071784017
        1.9950000000         1.4500000000         5.0662955286
        2.0000000000         1.4500000000         5.0637470142
        2.0050000000         1.4500000000         5.0624727570
        2.0100000000         1.4500000000         5.0089539545
        2.0150000000         1.4500000000         4.9554351520
        2.0200000000         1.4500000000         4.9057391211
        2.0250000000         1.4500000000         4.8433005182
        2.0300000000         1.4500000000         4.7897817158
        2.0350000000         1.4500000000         4.7375371705
        2.0400000000         1.4500000000         4.6840183680
        2.0450000000         1.4500000000         4.6317738227
        2.0500000000         1.4500000000         4.5744322486
        2.0550000000         1.4500000000         4.5183649317
        2.0600000000         1.4500000000         4.4673946436
        2.0650000000         1.4500000000         4.4087788123
        2.0700000000         1.4500000000         4.3565342670
        2.0750000000         1.4500000000         4.3017412073
        2.0800000000         1.4500000000         4.2584164625
        2.0850000000         1.4500000000         4.1972521168
        2.0900000000         1.4500000000         4.1437333143
        2.0950000000         1.4500000000         4.1042313410
        2.1000000000         1.4500000000         4.0379699665
        2.1050000000         1.4500000000         3.9819026496
        2.1100000000         1.4500000000         3.9245610755
        2.1150000000         1.4500000000         3.8697680158
        2.1200000000         1.4500000000         3.8175234705
        2.1250000000         1.4500000000         3.7678274397
        2.1300000000         1.4500000000         3.7079373512
        2.1350000000         1.4500000000         3.6582413203
        2.1400000000         1.4500000000         3.5996254890
        2.1450000000         1.4500000000         3.5524779725
        2.1500000000         1.4500000000         3.4964106556
        2.1550000000         1.4500000000         3.4416175959
        2.1600000000         1.4500000000         3.3893730506
        2.1650000000         1.4500000000         3.3333057337
        2.1700000000         1.4500000000         3.2785126741
        2.1750000000         1.4500000000         3.2224453572
        2.1800000000         1.4500000000         3.1765720979
        2.1850000000         1.4500000000         3.1179562666
        2.1900000000         1.4500000000         3.0669859785
        2.1950000000         1.4500000000         3.0134671760
        2.2000000000         1.4500000000         2.9548513447
        2.2050000000         1.4500000000         2.9089780854
        2.2100000000         1.4500000000         2.8490879970
        2.2150000000         1.4500000000         2.7930206801
        2.2200000000         1.4500000000         2.7458731636
        2.2250000000         1.4500000000         2.6923543611
        2.2300000000         1.4500000000         2.6350127870
        2.2350000000         1.4500000000         2.5802197273
        2.2400000000         1.4500000000         2.5317979536
        2.2450000000         1.4500000000         2.4706336079
        2.2500000000         1.4500000000         2.4209375770
        2.2550000000         1.4500000000         2.3661445174
        2.2600000000         1.4500000000         2.3151742293
        2.2650000000         1.4500000000         2.2578326552
        2.2700000000         1.4500000000         2.2043138527
        2.2750000000         1.4500000000         2.1507950502
        2.2800000000         1.4500000000         2.0972762477
        2.2850000000         1.4500000000         2.0450317024
        2.2900000000         1.4500000000         1.9915128999
        2.2950000000         1.4500000000         1.9354455830
        2.3000000000         1.4500000000         1.8793782662
        2.3050000000         1.4500000000         1.8347792641
        2.3100000000         1.4500000000         1.7838089760
        2.3150000000         1.4500000000         1.7264674019
        2.3200000000         1.4500000000         1.6818683998
        2.3250000000         1.4500000000         1.6258010829
        2.3300000000         1.4500000000         1.5735565376
        2.3350000000         1.4500000000         1.5302317928
        2.3400000000         1.4500000000         1.4665189327
        2.3450000000         1.4500000000         1.4180971590
        2.3500000000         1.4500000000         1.3684011281
        2.3550000000         1.4500000000         1.3110595540
        2.3600000000         1.4500000000         1.2588150087
        2.3650000000         1.4500000000         1.2065704634
        2.3700000000         1.4500000000         1.1530516610
        2.3750000000         1.4500000000         1.0995328585
        2.3800000000         1.4500000000         1.0536595992
        2.3850000000         1.4500000000         0.9975922823
        2.3900000000         1.4500000000         0.9504447658
        2.3950000000         1.4500000000         0.8931031917
        2.4000000000         1.4500000000         0.8357616176
        2.4050000000         1.4500000000         0.7886141012
        2.4100000000         1.4500000000         0.7325467843
        2.4150000000         1.4500000000         0.6815764962
        2.4200000000         1.4500000000         0.6267834365
        2.4250000000         1.4500000000         0.5719903768
        2.4300000000         1.4500000000         0.5248428603
        2.4350000000         1.4500000000         0.4687755434
        2.4400000000         1.4500000000         0.4165309981
        2.4450000000         1.4500000000         0.3681092245
        2.4500000000         1.4500000000         0.3145904220
        2.4550000000         1.4500000000         0.2623458767
        2.4600000000         1.4500000000         0.2050043026
        2.4650000000         1.4500000000         0.1553082717
        2.4700000000         1.4500000000         0.1017894692
        2.4750000000         1.4500000000         0.0482706667
        2.4800000000         1.4500000000         0.0023974075
        2.4850000000         1.4500000000         0.0011231503
        2.4900000000         1.4500000000         0.0011231503
        2.4950000000         1.4500000000         1.1250180025
        2.5000000000         1.4500000000         5.0675697858
        2.5050000000         1.4500000000         5.0662955286
        2.5100000000         1.4500000000         5.0624727570
        2.5150000000         1.4500000000         5.0115024689
        2.5200000000         1.4500000000         4.9528866376
        2.5250000000         1.4500000000         4.9057391211
        2.5300000000         1.4500000000         4.8471232898
        2.5350000000         1.4500000000         4.7897817158
        2.5400000000         1.4500000000         4.7375371705
        2.5450000000         1.4500000000         4.6789213392
        2.5500000000         1.4500000000         4.6254025367
        2.5550000000         1.4500000000         4.5706094770
        2.5600000000         1.4500000000         4.5119936457
        2.5650000000         1.4500000000         4.4635718720
        2.5700000000         1.4500000000         4.4062302979
        2.5750000000         1.4500000000         4.3514372382
        2.5800000000         1.4500000000         4.2966441785
        2.5850000000         1.4500000000         4.2418511188
        2.5900000000         1.4500000000         4.1921550880
        2.5950000000         1.4500000000         4.1373620283
        2.6000000000         1.4500000000         4.0876659974
        2.6050000000         1.4500000000         4.0277759089
        2.6100000000         1.4500000000         3.9793541352
        2.6150000000         1.4500000000         3.9245610755
        2.6200000000         1.4500000000         3.8659452442
        2.6250000000         1.4500000000         3.8124264417
        2.6300000000         1.4500000000         3.7627304109
        2.6350000000         1.4500000000         3.7079373512
        2.6400000000         1.4500000000         3.6531442915
        2.6450000000         1.4500000000         3.5958027174
        2.6500000000         1.4500000000         3.5486552009
        2.6550000000         1.4500000000         3.4887651124
        2.6600000000         1.4500000000         3.4365205671
        2.6650000000         1.4500000000         3.3855502790
        2.6700000000         1.4500000000         3.3269344477
        2.6750000000         1.4500000000         3.2746899025
        2.6800000000         1.4500000000         3.2211711000
        2.6850000000         1.4500000000         3.1651037831
        2.6900000000         1.4500000000         3.1154077522
        2.6950000000         1.4500000000         3.0567919209
        2.7000000000         1.4500000000         3.0058216328
        2.7050000000         1.4500000000         2.9510285731
        2.7100000000         1.4500000000         2.8975097706
        2.7150000000         1.4500000000         2.8465394825
        2.7200000000         1.4500000000         2.7917464229
        2.7250000000         1.4500000000         2.7395018776
        2.7300000000         1.4500000000         2.6796117891
        2.7350000000         1.4500000000         2.6311900154
        2.7400000000         1.4500000000         2.5725741841
        2.7450000000         1.4500000000         2.5228781532
        2.7500000000         1.4500000000         2.4693593507
        2.7550000000         1.4500000000         2.4132920338
        2.7600000000         1.4500000000         2.3623217457
        2.7650000000         1.4500000000         2.3075286861
        2.7700000000         1.4500000000         2.2667524556
        2.7750000000         1.4500000000         2.1979425667
        2.7800000000         1.4500000000         2.1507950502
        2.7850000000         1.4500000000         2.0921792189
        2.7900000000         1.4500000000         2.0399346736
        2.7950000000         1.4500000000         1.9864158711
        2.8000000000         1.4500000000         1.9290742970
        2.8050000000         1.4500000000         1.8832010378
        2.8100000000         1.4500000000         1.8322307497
        2.8150000000         1.4500000000         1.7799862044
        2.8200000000         1.4500000000         1.7251931447
        2.8250000000         1.4500000000         1.6729485994
        2.8300000000         1.4500000000         1.6232525685
        2.8350000000         1.4500000000         1.5646367372
        2.8400000000         1.4500000000         1.5213119924
        2.8450000000         1.4500000000         1.4626961611
        2.8500000000         1.4500000000         1.4130001302
        2.8550000000         1.4500000000         1.3594813277
        2.8600000000         1.4500000000         1.3046882680
        2.8650000000         1.4500000000         1.2575407515
        2.8700000000         1.4500000000         1.1989249202
        2.8750000000         1.4500000000         1.1454061177
        2.8800000000         1.4500000000         1.0982586013
        2.8850000000         1.4500000000         1.0434655416
        2.8900000000         1.4500000000         0.9873982247
        2.8950000000         1.4500000000         0.9415249654
        2.9000000000         1.4500000000         0.8867319057
        2.9050000000         1.4500000000         0.8344873604
        2.9100000000         1.4500000000         0.7784200435
        2.9150000000         1.4500000000         0.7325467843
        2.9200000000         1.4500000000         0.6739309530
        2.9250000000         1.4500000000         0.6229606649
        2.9300000000         1.4500000000         0.5643448336
        2.9350000000         1.4500000000         0.5121002883
        2.9400000000         1.4500000000         0.4598557430
        2.9450000000         1.4500000000         0.4076111977
        2.9500000000         1.4500000000         0.3566409096
        2.9550000000         1.4500000000         0.2992993355
        2.9600000000         1.4500000000         0.2508775619
        2.9650000000         1.4500000000         0.1922617306
        2.9700000000         1.4500000000         0.1451142141
        2.9750000000         1.4500000000         0.0890468972
        2.9800000000         1.4500000000         0.0444478951
        2.9850000000         1.4500000000         0.0049459219
        2.9900000000         1.4500000000        -0.0001511069
        2.9950000000         1.4500000000         0.0011231503
        3.0000000000         1.4500000000         1.0969843441
        3.0050000000         1.4500000000         5.0650212714
        3.0100000000         1.4500000000         5.0650212714
        3.0150000000         1.4500000000         5.0510044422
        3.0200000000         1.4500000000         4.9936628681
        3.0250000000         1.4500000000         4.9337727796
        3.0300000000         1.4500000000         4.8853510059
        3.0350000000         1.4500000000         4.8254609174
        3.0400000000         1.4500000000         4.7706678577
        3.0450000000         1.4500000000         4.7196975696
        3.0500000000         1.4500000000         4.6559847095
        3.0550000000         1.4500000000         4.6024659070
        3.0600000000         1.4500000000         4.5476728474
        3.0650000000         1.4500000000         4.4890570161
        3.0700000000         1.4500000000         4.4406352424
        3.0750000000         1.4500000000         4.3794708967
        3.0800000000         1.4500000000         4.3310491230
        3.0850000000         1.4500000000         4.2749818061
        3.0900000000         1.4500000000         4.2201887464
        3.0950000000         1.4500000000         4.1717669727
        3.1000000000         1.4500000000         4.1106026270
        3.1050000000         1.4500000000         4.0609065961
        3.1100000000         1.4500000000         4.0048392793
        3.1150000000         1.4500000000         3.9525947340
        3.1200000000         1.4500000000         3.8939789027
        3.1250000000         1.4500000000         3.8404601002
        3.1300000000         1.4500000000         3.7882155549
        3.1350000000         1.4500000000         3.7283254664
        3.1400000000         1.4500000000         3.6773551783
        3.1450000000         1.4500000000         3.6225621186
        3.1500000000         1.4500000000         3.5664948017
        3.1550000000         1.4500000000         3.5180730281
        3.1600000000         1.4500000000         3.4594571968
        3.1650000000         1.4500000000         3.4033898799
        3.1700000000         1.4500000000         3.3473225630
        3.1750000000         1.4500000000         3.3116433613
        3.1800000000         1.4500000000         3.2390107008
        3.1850000000         1.4500000000         3.1842176411
        3.1900000000         1.4500000000         3.1370701246
        3.1950000000         1.4500000000         3.0708087501
        3.2000000000         1.4500000000         3.0185642048
        3.2050000000         1.4500000000         2.9650454023
        3.2100000000         1.4500000000         2.9140751143
        3.2150000000         1.4500000000         2.8592820546
        3.2200000000         1.4500000000         2.8108602809
        3.2250000000         1.4500000000         2.7535187068
        3.2300000000         1.4500000000         2.6936286183
        3.2350000000         1.4500000000         2.6401098158
        3.2400000000         1.4500000000         2.5865910133
        3.2450000000         1.4500000000         2.5330722108
        3.2500000000         1.4500000000         2.4808276655
        3.2550000000         1.4500000000         2.4196633198
        3.2600000000         1.4500000000         2.3686930318
        3.2650000000         1.4500000000         2.3215455153
        3.2700000000         1.4500000000         2.2642039412
        3.2750000000         1.4500000000         2.2081366243
        3.2800000000         1.4500000000         2.1597148506
        3.2850000000         1.4500000000         2.1036475337
        3.2900000000         1.4500000000         2.0526772456
        3.2950000000         1.4500000000         1.9940614143
        3.3000000000         1.4500000000         1.9443653835
        3.3050000000         1.4500000000         1.8870238094
        3.3100000000         1.4500000000         1.8360535213
        3.3150000000         1.4500000000         1.7838089760
        3.3200000000         1.4500000000         1.7315644307
        3.3250000000         1.4500000000         1.6805941426
        3.3300000000         1.4500000000         1.6283495973
        3.3350000000         1.4500000000         1.5710080232
        3.3400000000         1.4500000000         1.5238605068
        3.3450000000         1.4500000000         1.4690674471
        3.3500000000         1.4500000000         1.4193714162
        3.3550000000         1.4500000000         1.3633040993
        3.3600000000         1.4500000000         1.3136080684
        3.3650000000         1.4500000000         1.2575407515
        3.3700000000         1.4500000000         1.2091189778
        3.3750000000         1.4500000000         1.1543259182
        3.3800000000         1.4500000000         1.1008071157
        3.3850000000         1.4500000000         1.0472883132
        3.3900000000         1.4500000000         0.9963180251
        3.3950000000         1.4500000000         0.9440734798
        3.4000000000         1.4500000000         0.8892804201
        3.4050000000         1.4500000000         0.8383101320
        3.4100000000         1.4500000000         0.7860655867
        3.4150000000         1.4500000000         0.7299982699
        3.4200000000         1.4500000000         0.6790279818
        3.4250000000         1.4500000000         0.6280576937
        3.4300000000         1.4500000000         0.5681676052
        3.4350000000         1.4500000000         0.5197458315
        3.4400000000         1.4500000000         0.4636785146
        3.4450000000         1.4500000000         0.4088854549
        3.4500000000         1.4500000000         0.3630121957
        3.4550000000         1.4500000000         0.3056706216
        3.4600000000         1.4500000000         0.2521518191
        3.4650000000         1.4500000000         0.1986330166
        3.4700000000         1.4500000000         0.1438399569
        3.4750000000         1.4500000000         0.0941439260
        3.4800000000         1.4500000000         0.0406251235
        3.4850000000         1.4500000000         0.0011231503
        3.4900000000         1.4500000000         0.0011231503
        3.4950000000         1.4500000000        -0.0026996214
        3.5000000000         1.4500000000         1.0944358297
        3.5050000000         1.4500000000         5.0662955286
        3.5100000000         1.4500000000         5.0662955286
        3.5150000000         1.4500000000         5.0497301850
        3.5200000000         1.4500000000         4.9911143537
        3.5250000000         1.4500000000         4.9363212940
        3.5300000000         1.4500000000         4.8802539771
        3.5350000000         1.4500000000         4.8229124030
        3.5400000000         1.4500000000         4.7732163721
        3.5450000000         1.4500000000         4.7133262836
        3.5500000000         1.4500000000         4.6521619379
        3.5550000000         1.4500000000         4.6024659070
        3.5600000000         1.4500000000         4.5502213618
        3.5650000000         1.4500000000         4.4928797877
        3.5700000000         1.4500000000         4.4406352424
        3.5750000000         1.4500000000         4.3807451539
        3.5800000000         1.4500000000         4.3285006086
        3.5850000000         1.4500000000         4.2762560633
        3.5900000000         1.4500000000         4.2150917176
        3.5950000000         1.4500000000         4.1653956867
        3.6000000000         1.4500000000         4.1106026270
        3.6050000000         1.4500000000         4.0519867957
        3.6100000000         1.4500000000         4.0048392793
        3.6150000000         1.4500000000         3.9474977052
        3.6200000000         1.4500000000         3.8901561311
        3.6250000000         1.4500000000         3.8417343574
        3.6300000000         1.4500000000         3.7831185261
        3.6350000000         1.4500000000         3.7321482380
        3.6400000000         1.4500000000         3.6748066639
        3.6450000000         1.4500000000         3.6238363758
        3.6500000000         1.4500000000         3.5639462873
        3.6550000000         1.4500000000         3.5142502564
        3.6600000000         1.4500000000         3.4543601679
        3.6650000000         1.4500000000         3.4033898799
        3.6700000000         1.4500000000         3.3524195918
        3.6750000000         1.4500000000         3.2950780177
        3.6800000000         1.4500000000         3.2377364436
        3.6850000000         1.4500000000         3.1995087275
        3.6900000000         1.4500000000         3.1332473530
        3.6950000000         1.4500000000         3.0746315217
        3.7000000000         1.4500000000         3.0172899476
        3.7050000000         1.4500000000         2.9688681739
        3.7100000000         1.4500000000         2.9128008571
        3.7150000000         1.4500000000         2.8592820546
        3.7200000000         1.4500000000         2.8057632521
        3.7250000000         1.4500000000         2.7496959352
        3.7300000000         1.4500000000         2.6898058467
        3.7350000000         1.4500000000         2.6413840730
        3.7400000000         1.4500000000         2.5878652705
        3.7450000000         1.4500000000         2.5279751820
        3.7500000000         1.4500000000         2.4782791511
        3.7550000000         1.4500000000         2.4209375770
        3.7600000000         1.4500000000         2.3712415462
        3.7650000000         1.4500000000         2.3151742293
        3.7700000000         1.4500000000         2.2654781984
        3.7750000000         1.4500000000         2.2055881099
        3.7800000000         1.4500000000         2.1546178218
        3.7850000000         1.4500000000         2.1049217909
        3.7900000000         1.4500000000         2.0501287312
        3.7950000000         1.4500000000         1.9940614143
        3.8000000000         1.4500000000         1.9443653835
        3.8050000000         1.4500000000         1.8882980666
        3.8100000000         1.4500000000         1.8373277785
        3.8150000000         1.4500000000         1.7825347188
        3.8200000000         1.4500000000         1.7277416591
        3.8250000000         1.4500000000         1.6805941426
        3.8300000000         1.4500000000         1.6219783113
        3.8350000000         1.4500000000         1.5710080232
        3.8400000000         1.4500000000         1.5213119924
        3.8450000000         1.4500000000         1.4652446755
        3.8500000000         1.4500000000         1.4142743874
        3.8550000000         1.4500000000         1.3594813277
        3.8600000000         1.4500000000         1.3097852968
        3.8650000000         1.4500000000         1.2498952083
        3.8700000000         1.4500000000         1.2014734346
        3.8750000000         1.4500000000         1.1479546321
        3.8800000000         1.4500000000         1.0918873153
        3.8850000000         1.4500000000         1.0460140560
        3.8900000000         1.4500000000         0.9861239675
        3.8950000000         1.4500000000         0.9338794222
        3.9000000000         1.4500000000         0.8854576485
        3.9050000000         1.4500000000         0.8268418172
        3.9100000000         1.4500000000         0.7695002431
        3.9150000000         1.4500000000         0.7223527266
        3.9200000000         1.4500000000         0.6688339242
        3.9250000000         1.4500000000         0.6102180929
        3.9300000000         1.4500000000         0.5592478048
        3.9350000000         1.4500000000         0.5031804879
        3.9400000000         1.4500000000         0.4534844570
        3.9450000000         1.4500000000         0.3935943685
        3.9500000000         1.4500000000         0.3426240804
        3.9550000000         1.4500000000         0.2891052779
        3.9600000000         1.4500000000         0.2368607326
        3.9650000000         1.4500000000         0.1820676730
        3.9700000000         1.4500000000         0.1260003561
        3.9750000000         1.4500000000         0.0763043252
        3.9800000000         1.4500000000         0.0138657223
        3.9850000000         1.4500000000        -0.0001511069
        3.9900000000         1.4500000000        -0.0014253642
        3.9950000000         1.4500000000         1.1135496877
        4.0000000000         1.4500000000         1.1071784017
        4.0050000000         1.4500000000         5.0688440430
        4.0100000000         1.4500000000         5.0650212714
        4.0150000000         1.4500000000         5.0267935553
        4.0200000000         1.4500000000         4.9669034668
        4.0250000000         1.4500000000         4.9159331788
        4.0300000000         1.4500000000         4.8560430903
        4.0350000000         1.4500000000         4.7987015162
        4.0400000000         1.4500000000         4.7439084565
        4.0450000000         1.4500000000         4.6827441108
        4.0500000000         1.4500000000         4.6368708515
        4.0550000000         1.4500000000         4.5757065058
        4.0600000000         1.4500000000         4.5183649317
        4.0650000000         1.4500000000         4.4686689008
        4.0700000000         1.4500000000         4.4075045551
        4.0750000000         1.4500000000         4.3590827814
        4.0800000000         1.4500000000         4.3030154645
        4.0850000000         1.4500000000         4.2494966621
        4.0900000000         1.4500000000         4.1947036024
        4.0950000000         1.4500000000         4.1360877711
        4.1000000000         1.4500000000         4.0851174830
        4.1050000000         1.4500000000         4.0265016517
        4.1100000000         1.4500000000         3.9755313636
        4.1150000000         1.4500000000         3.9220125611
        4.1200000000         1.4500000000         3.8621224726
        4.1250000000         1.4500000000         3.8149749561
        4.1300000000         1.4500000000         3.7563591248
        4.1350000000         1.4500000000         3.7015660652
        4.1400000000         1.4500000000         3.6518700343
        4.1450000000         1.4500000000         3.5894314314
        4.1500000000         1.4500000000         3.5397354005
        4.1550000000         1.4500000000         3.4836680836
        4.1600000000         1.4500000000         3.4288750239
        4.1650000000         1.4500000000         3.3740819642
        4.1700000000         1.4500000000         3.3180146473
        4.1750000000         1.4500000000         3.2632215876
        4.1800000000         1.4500000000         3.2071542707
        4.1850000000         1.4500000000         3.1587324971
        4.1900000000         1.4500000000         3.1013909230
        4.1950000000         1.4500000000         3.0516948921
        4.2000000000         1.4500000000         2.9892562892
        4.2050000000         1.4500000000         2.9344632295
        4.2100000000         1.4500000000         2.8949612562
        4.2150000000         1.4500000000         2.8312483961
        4.2200000000         1.4500000000         2.7726325648
        4.2250000000         1.4500000000         2.7165652479
        4.2300000000         1.4500000000         2.6630464454
        4.2350000000         1.4500000000         2.6120761574
        4.2400000000         1.4500000000         2.5560088405
        4.2450000000         1.4500000000         2.4986672664
        4.2500000000         1.4500000000         2.4489712355
        4.2550000000         1.4500000000         2.3929039186
        4.2600000000         1.4500000000         2.3406593733
        4.2650000000         1.4500000000         2.2833177992
        4.2700000000         1.4500000000         2.2323475111
        4.2750000000         1.4500000000         2.1788287086
        4.2800000000         1.4500000000         2.1393267354
        4.2850000000         1.4500000000         2.0730653609
        4.2900000000         1.4500000000         2.0220950728
        4.2950000000         1.4500000000         1.9647534987
        4.3000000000         1.4500000000         1.9150574678
        4.3050000000         1.4500000000         1.8602644081
        4.3100000000         1.4500000000         1.8118426344
        4.3150000000         1.4500000000         1.7570495747
        4.3200000000         1.4500000000         1.6997080007
        4.3250000000         1.4500000000         1.6525604842
        4.3300000000         1.4500000000         1.5939446529
        4.3350000000         1.4500000000         1.5480713936
        4.3400000000         1.4500000000         1.4932783339
        4.3450000000         1.4500000000         1.4372110170
        4.3500000000         1.4500000000         1.3926120149
        4.3550000000         1.4500000000         1.3352704409
        4.3600000000         1.4500000000         1.2804773812
        4.3650000000         1.4500000000         1.2295070931
        4.3700000000         1.4500000000         1.1734397762
        4.3750000000         1.4500000000         1.1211952309
        4.3800000000         1.4500000000         1.0702249428
        4.3850000000         1.4500000000         1.0179803975
        4.3900000000         1.4500000000         0.9644615950
        4.3950000000         1.4500000000         0.9083942781
        4.4000000000         1.4500000000         0.8599725045
        4.4050000000         1.4500000000         0.8051794448
        4.4100000000         1.4500000000         0.7554834139
        4.4150000000         1.4500000000         0.6981418398
        4.4200000000         1.4500000000         0.6458972945
        4.4250000000         1.4500000000         0.5936527492
        4.4300000000         1.4500000000         0.5388596895
        4.4350000000         1.4500000000         0.4891636587
        4.4400000000         1.4500000000         0.4305478274
        4.4450000000         1.4500000000         0.3770290249
        4.4500000000         1.4500000000         0.3247844796
        4.4550000000         1.4500000000         0.2674429055
        4.4600000000         1.4500000000         0.2228439034
        4.4650000000         1.4500000000         0.1616795577
        4.4700000000         1.4500000000         0.1081607552
        4.4750000000         1.4500000000         0.0533676955
        4.4800000000         1.4500000000         0.0036716647
        4.4850000000         1.4500000000        -0.0014253642
        4.4900000000         1.4500000000        -0.0014253642
        4.4950000000         1.4500000000         1.1160982021
        4.5000000000         1.4500000000         5.0650212714
        4.5050000000         1.4500000000         5.0713925574
        4.5100000000         1.4500000000         5.0573757282
        4.5150000000         1.4500000000         5.0076796973
        4.5200000000         1.4500000000         4.9567094092
        4.5250000000         1.4500000000         4.8955450635
        4.5300000000         1.4500000000         4.8382034894
        4.5350000000         1.4500000000         4.7846846869
        4.5400000000         1.4500000000         4.7260688556
        4.5450000000         1.4500000000         4.6700015388
        4.5500000000         1.4500000000         4.6139342219
        4.5550000000         1.4500000000         4.5604154194
        4.5600000000         1.4500000000         4.5017995881
        4.5650000000         1.4500000000         4.4521035572
        4.5700000000         1.4500000000         4.3922134687
        4.5750000000         1.4500000000         4.3450659522
        4.5800000000         1.4500000000         4.2826273493
        4.5850000000         1.4500000000         4.2342055756
        4.5900000000         1.4500000000         4.1743154871
        4.5950000000         1.4500000000         4.1220709419
        4.6000000000         1.4500000000         4.0672778822
        4.6050000000         1.4500000000         4.0137590797
        4.6100000000         1.4500000000         3.9602402772
        4.6150000000         1.4500000000         3.8965274171
        4.6200000000         1.4500000000         3.8468313862
        4.6250000000         1.4500000000         3.7907640693
        4.6300000000         1.4500000000         3.7321482380
        4.6350000000         1.4500000000         3.6799036927
        4.6400000000         1.4500000000         3.6225621186
        4.6450000000         1.4500000000         3.5703175733
        4.6500000000         1.4500000000         3.5193472853
        4.6550000000         1.4500000000         3.4594571968
        4.6600000000         1.4500000000         3.4110354231
        4.6650000000         1.4500000000         3.3511453346
        4.6700000000         1.4500000000         3.2989007893
        4.6750000000         1.4500000000         3.2364621864
        4.6800000000         1.4500000000         3.1829433839
        4.6850000000         1.4500000000         3.1306988386
        4.6900000000         1.4500000000         3.0746315217
        4.6950000000         1.4500000000         3.0211127192
        4.7000000000         1.4500000000         2.9675939167
        4.7050000000         1.4500000000         2.9166236287
        4.7100000000         1.4500000000         2.8580077974
        4.7150000000         1.4500000000         2.8044889949
        4.7200000000         1.4500000000         2.7547929640
        4.7250000000         1.4500000000         2.6987256471
        4.7300000000         1.4500000000         2.6439325874
        4.7350000000         1.4500000000         2.5865910133
        4.7400000000         1.4500000000         2.5356207252
        4.7450000000         1.4500000000         2.4782791511
        4.7500000000         1.4500000000         2.4196633198
        4.7550000000         1.4500000000         2.3737900606
        4.7600000000         1.4500000000         2.3164484865
        4.7650000000         1.4500000000         2.2603811696
        4.7700000000         1.4500000000         2.2106851387
        4.7750000000         1.4500000000         2.1533435646
        4.7800000000         1.4500000000         2.0998247621
        4.7850000000         1.4500000000         2.0424831880
        4.7900000000         1.4500000000         1.9940614143
        4.7950000000         1.4500000000         1.9418168691
        4.8000000000         1.4500000000         1.8832010378
        4.8050000000         1.4500000000         1.8347792641
        4.8100000000         1.4500000000         1.7799862044
        4.8150000000         1.4500000000         1.7290159163
        4.8200000000         1.4500000000         1.6780456282
        4.8250000000         1.4500000000         1.6270753401
        4.8300000000         1.4500000000         1.5684595088
        4.8350000000         1.4500000000         1.5225862496
        4.8400000000         1.4500000000         1.4665189327
        4.8450000000         1.4500000000         1.4091773586
        4.8500000000         1.4500000000         1.3620298421
        4.8550000000         1.4500000000         1.3097852968
        4.8600000000         1.4500000000         1.2524437227
        4.8650000000         1.4500000000         1.2014734346
        4.8700000000         1.4500000000         1.1505031465
        4.8750000000         1.4500000000         1.0957100869
        4.8800000000         1.4500000000         1.0447397988
        4.8850000000         1.4500000000         0.9848497103
        4.8900000000         1.4500000000         0.9364279366
        4.8950000000         1.4500000000         0.8867319057
        4.9000000000         1.4500000000         0.8281160744
        4.9050000000         1.4500000000         0.7796943007
        4.9100000000         1.4500000000         0.7223527266
        4.9150000000         1.4500000000         0.6713824386
        4.9200000000         1.4500000000         0.6153151217
        4.9250000000         1.4500000000         0.5643448336
        4.9300000000         1.4500000000         0.5070032595
        4.9350000000         1.4500000000         0.4573072286
        4.9400000000         1.4500000000         0.3961428829
        4.9450000000         1.4500000000         0.3438983376
        4.9500000000         1.4500000000         0.2942023067
        4.9550000000         1.4500000000         0.2394092470
        4.9600000000         1.4500000000         0.1833419302
        4.9650000000         1.4500000000         0.1298231277
        4.9700000000         1.4500000000         0.0724815536
        4.9750000000         1.4500000000         0.0215112655
        4.9800000000         1.4500000000        -0.0001511069
        4.9850000000         1.4500000000        -0.0026996214
        4.9900000000         1.4500000000         0.9848497103
        4.9950000000         1.4500000000         1.0906130581
        5.0000000000         1.4500000000         5.0701183002
        5.0050000000         1.4500000000         5.0637470142
        5.0100000000         1.4500000000         5.0293420697
        5.0150000000         1.4500000000         4.9758232673
        5.0200000000         1.4500000000         4.9146589216
        5.0250000000         1.4500000000         4.8649628907
        5.0300000000         1.4500000000         4.8025242878
        5.0350000000         1.4500000000         4.7490054853
        5.0400000000         1.4500000000         4.6942124256
        5.0450000000         1.4500000000         4.6368708515
        5.0500000000         1.4500000000         4.5795292774
        5.0550000000         1.4500000000         4.5221877033
        5.0600000000         1.4500000000         4.4661203864
        5.0650000000         1.4500000000         4.4138758411
        5.0700000000         1.4500000000         4.3603570386
        5.0750000000         1.4500000000         4.3030154645
        5.0800000000         1.4500000000         4.2520451765
        5.0850000000         1.4500000000         4.1908808308
        5.0900000000         1.4500000000         4.1399105427
        5.0950000000         1.4500000000         4.0851174830
        5.1000000000         1.4500000000         4.0277759089
        5.1050000000         1.4500000000         3.9768056208
        5.1100000000         1.4500000000         3.9232868183
        5.1150000000         1.4500000000         3.8646709870
        5.1200000000         1.4500000000         3.8086036701
        5.1250000000         1.4500000000         3.7538106104
        5.1300000000         1.4500000000         3.7002918080
        5.1350000000         1.4500000000         3.6467730055
        5.1400000000         1.4500000000         3.5894314314
        5.1450000000         1.4500000000         3.5346383717
        5.1500000000         1.4500000000         3.4849423408
        5.1550000000         1.4500000000         3.4250522523
        5.1600000000         1.4500000000         3.3715334498
        5.1650000000         1.4500000000         3.3141918757
        5.1700000000         1.4500000000         3.2619473304
        5.1750000000         1.4500000000         3.2046057563
        5.1800000000         1.4500000000         3.1536354683
        5.1850000000         1.4500000000         3.0988424086
        5.1900000000         1.4500000000         3.0389523201
        5.1950000000         1.4500000000         2.9905305464
        5.2000000000         1.4500000000         2.9344632295
        5.2050000000         1.4500000000         2.8796701698
        5.2100000000         1.4500000000         2.8248771101
        5.2150000000         1.4500000000         2.7713583076
        5.2200000000         1.4500000000         2.7165652479
        5.2250000000         1.4500000000         2.6617721882
        5.2300000000         1.4500000000         2.6133504146
        5.2350000000         1.4500000000         2.5560088405
        5.2400000000         1.4500000000         2.4986672664
        5.2450000000         1.4500000000         2.4515197499
        5.2500000000         1.4500000000         2.3929039186
        5.2550000000         1.4500000000         2.3406593733
        5.2600000000         1.4500000000         2.2871405708
        5.2650000000         1.4500000000         2.2297989967
        5.2700000000         1.4500000000         2.1788287086
        5.2750000000         1.4500000000         2.1202128773
        5.2800000000         1.4500000000         2.0666940749
        5.2850000000         1.4500000000         2.0182723012
        5.2900000000         1.4500000000         1.9634792415
        5.2950000000         1.4500000000         1.9074119246
        5.3000000000         1.4500000000         1.8602644081
        5.3050000000         1.4500000000         1.8016485768
        5.3100000000         1.4500000000         1.7557753175
        5.3150000000         1.4500000000         1.6971594863
        5.3200000000         1.4500000000         1.6500119698
        5.3250000000         1.4500000000         1.5939446529
        5.3300000000         1.4500000000         1.5417001076
        5.3350000000         1.4500000000         1.4869070479
        5.3400000000         1.4500000000         1.4372110170
        5.3450000000         1.4500000000         1.3798694429
        5.3500000000         1.4500000000         1.3301734120
        5.3550000000         1.4500000000         1.2753803524
        5.3600000000         1.4500000000         1.2205872927
        5.3650000000         1.4500000000         1.1721655190
        5.3700000000         1.4500000000         1.1186467165
        5.3750000000         1.4500000000         1.0587566280
        5.3800000000         1.4500000000         1.0141576259
        5.3850000000         1.4500000000         0.9555417946
        5.3900000000         1.4500000000         0.9058457637
        5.3950000000         1.4500000000         0.8497784469
        5.4000000000         1.4500000000         0.7937111300
        5.4050000000         1.4500000000         0.7440150991
        5.4100000000         1.4500000000         0.6841250106
        5.4150000000         1.4500000000         0.6357032369
        5.4200000000         1.4500000000         0.5809101772
        5.4250000000         1.4500000000         0.5286656319
        5.4300000000         1.4500000000         0.4687755434
        5.4350000000         1.4500000000         0.4190795125
        5.4400000000         1.4500000000         0.3617379384
        5.4450000000         1.4500000000         0.3094933932
        5.4500000000         1.4500000000         0.2572488479
        5.4550000000         1.4500000000         0.1999072738
        5.4600000000         1.4500000000         0.1527597573
        5.4650000000         1.4500000000         0.0941439260
        5.4700000000         1.4500000000         0.0469964095
        5.4750000000         1.4500000000        -0.0026996214
        5.4800000000         1.4500000000         0.0011231503
        5.4850000000         1.4500000000         0.0023974075
        5.4900000000         1.4500000000         1.1008071157
        5.4950000000         1.4500000000         5.0624727570
        5.5000000000         1.4500000000         5.0675697858
        5.5050000000         1.4500000000         5.0446331562
        5.5100000000         1.4500000000         4.9911143537
        5.5150000000         1.4500000000         4.9324985224
        5.5200000000         1.4500000000         4.8789797199
        5.5250000000         1.4500000000         4.8178153742
        5.5300000000         1.4500000000         4.7642965717
        5.5350000000         1.4500000000         4.7018579688
        5.5400000000         1.4500000000         4.6496134235
        5.5450000000         1.4500000000         4.5922718494
        5.5500000000         1.4500000000         4.5362045325
        5.5550000000         1.4500000000         4.4788629584
        5.5600000000         1.4500000000         4.4240698987
        5.5650000000         1.4500000000         4.3692768391
        5.5700000000         1.4500000000         4.3132095222
        5.5750000000         1.4500000000         4.2635134913
        5.5800000000         1.4500000000         4.2048976600
        5.5850000000         1.4500000000         4.1526531147
        5.5900000000         1.4500000000         4.1004085694
        5.5950000000         1.4500000000         4.0417927381
        5.6000000000         1.4500000000         3.9857254212
        5.6050000000         1.4500000000         3.9334808759
        5.6100000000         1.4500000000         3.8761393018
        5.6150000000         1.4500000000         3.8251690138
        5.6200000000         1.4500000000         3.7678274397
        5.6250000000         1.4500000000         3.7245026948
        5.6300000000         1.4500000000         3.6569670631
        5.6350000000         1.4500000000         3.5996254890
        5.6400000000         1.4500000000         3.5486552009
        5.6450000000         1.4500000000         3.4938621412
        5.6500000000         1.4500000000         3.4365205671
        5.6550000000         1.4500000000         3.3855502790
        5.6600000000         1.4500000000         3.3282087049
        5.6650000000         1.4500000000         3.2746899025
        5.6700000000         1.4500000000         3.2211711000
        5.6750000000         1.4500000000         3.1638295259
        5.6800000000         1.4500000000         3.1090364662
        5.6850000000         1.4500000000         3.0606146925
        5.6900000000         1.4500000000         2.9956275752
        5.6950000000         1.4500000000         2.9459315443
        5.7000000000         1.4500000000         2.8898642274
        5.7050000000         1.4500000000         2.8325226533
        5.7100000000         1.4500000000         2.7815523652
        5.7150000000         1.4500000000         2.7229365339
        5.7200000000         1.4500000000         2.6719662459
        5.7250000000         1.4500000000         2.6133504146
        5.7300000000         1.4500000000         2.5611058693
        5.7350000000         1.4500000000         2.5088613240
        5.7400000000         1.4500000000         2.4515197499
        5.7450000000         1.4500000000         2.3980009474
        5.7500000000         1.4500000000         2.3470306593
        5.7550000000         1.4500000000         2.2909633424
        5.7600000000         1.4500000000         2.2323475111
        5.7650000000         1.4500000000         2.1750059370
        5.7700000000         1.4500000000         2.1278584206
        5.7750000000         1.4500000000         2.0654198177
        5.7800000000         1.4500000000         2.0182723012
        5.7850000000         1.4500000000         1.9583822127
        5.7900000000         1.4500000000         1.9099604390
        5.7950000000         1.4500000000         1.8551673793
        5.8000000000         1.4500000000         1.8016485768
        5.8050000000         1.4500000000         1.7519525459
        5.8100000000         1.4500000000         1.6920624574
        5.8150000000         1.4500000000         1.6359951406
        5.8200000000         1.4500000000         1.5875733669
        5.8250000000         1.4500000000         1.5404258504
        5.8300000000         1.4500000000         1.4767129903
        5.8350000000         1.4500000000         1.4346625026
        5.8400000000         1.4500000000         1.3785951857
        5.8450000000         1.4500000000         1.3263506404
        5.8500000000         1.4500000000         1.2728318380
        5.8550000000         1.4500000000         1.2129417495
        5.8600000000         1.4500000000         1.1645199758
        5.8650000000         1.4500000000         1.1097269161
        5.8700000000         1.4500000000         1.0574823708
        5.8750000000         1.4500000000         1.0039635683
        5.8800000000         1.4500000000         0.9491705086
        5.8850000000         1.4500000000         0.9020229921
        5.8900000000         1.4500000000         0.8446814180
        5.8950000000         1.4500000000         0.7911626156
        5.9000000000         1.4500000000         0.7376438131
        5.9050000000         1.4500000000         0.6841250106
        5.9100000000         1.4500000000         0.6293319509
        5.9150000000         1.4500000000         0.5783616628
        5.9200000000         1.4500000000         0.5197458315
        5.9250000000         1.4500000000         0.4725983150
        5.9300000000         1.4500000000         0.4165309981
        5.9350000000         1.4500000000         0.3681092245
        5.9400000000         1.4500000000         0.3094933932
