        0.0000000000         1.5750000000         3.2823354457
        0.0050000000         1.5750000000         3.2861582173
        0.0100000000         1.5750000000         3.2810611885
        0.0150000000         1.5750000000         3.2861582173
        0.0200000000         1.5750000000         3.2759641597
        0.0250000000         1.5750000000         3.2670443592
        0.0300000000         1.5750000000         3.2492047584
        0.0350000000         1.5750000000         3.2351879292
        0.0400000000         1.5750000000         3.2147998140
        0.0450000000         1.5750000000         3.1969602131
        0.0500000000         1.5750000000         3.1752978407
        0.0550000000         1.5750000000         3.1370701246
        0.0600000000         1.5750000000         3.1230532954
        0.0650000000         1.5750000000         3.1001166658
        0.0700000000         1.5750000000         3.0682602357
        0.0750000000         1.5750000000         3.0415008345
        0.0800000000         1.5750000000         3.0096444044
        0.0850000000         1.5750000000         2.9790622316
        0.0900000000         1.5750000000         2.9523028303
        0.0950000000         1.5750000000         2.9191721431
        0.1000000000         1.5750000000         2.8860414558
        0.1050000000         1.5750000000         2.8541850258
        0.1100000000         1.5750000000         2.8236028529
        0.1150000000         1.5750000000         2.7891979085
        0.1200000000         1.5750000000         2.7522444496
        0.1250000000         1.5750000000         2.7127424763
        0.1300000000         1.5750000000         2.6783375319
        0.1350000000         1.5750000000         2.6464811018
        0.1400000000         1.5750000000         2.6031563569
        0.1450000000         1.5750000000         2.5700256697
        0.1500000000         1.5750000000         2.5292494392
        0.1550000000         1.5750000000         2.4948444948
        0.1600000000         1.5750000000         2.4578910359
        0.1650000000         1.5750000000         2.4222118342
        0.1700000000         1.5750000000         2.3776128322
        0.1750000000         1.5750000000         2.3457564021
        0.1800000000         1.5750000000         2.3024316572
        0.1850000000         1.5750000000         2.2642039412
        0.1900000000         1.5750000000         2.2208791963
        0.1950000000         1.5750000000         2.1813772230
        0.2000000000         1.5750000000         2.1431495070
        0.2050000000         1.5750000000         2.1010990193
        0.2100000000         1.5750000000         2.0641455605
        0.2150000000         1.5750000000         2.0220950728
        0.2200000000         1.5750000000         1.9825930995
        0.2250000000         1.5750000000         1.9418168691
        0.2300000000         1.5750000000         1.8984921242
        0.2350000000         1.5750000000         1.8602644081
        0.2400000000         1.5750000000         1.8182139205
        0.2450000000         1.5750000000         1.7761634328
        0.2500000000         1.5750000000         1.7455812599
        0.2550000000         1.5750000000         1.6933367146
        0.2600000000         1.5750000000         1.6538347414
        0.2650000000         1.5750000000         1.6168812825
        0.2700000000         1.5750000000         1.5748307948
        0.2750000000         1.5750000000         1.5315060500
        0.2800000000         1.5750000000         1.4894555623
        0.2850000000         1.5750000000         1.4486793318
        0.2900000000         1.5750000000         1.4091773586
        0.2950000000         1.5750000000         1.3684011281
        0.3000000000         1.5750000000         1.3238021260
        0.3050000000         1.5750000000         1.2830258956
        0.3100000000         1.5750000000         1.2422496651
        0.3150000000         1.5750000000         1.2001991774
        0.3200000000         1.5750000000         1.1581486898
        0.3250000000         1.5750000000         1.1148239449
        0.3300000000         1.5750000000         1.0778704860
        0.3350000000         1.5750000000         1.0281744551
        0.3400000000         1.5750000000         0.9886724819
        0.3450000000         1.5750000000         0.9440734798
        0.3500000000         1.5750000000         0.9045715065
        0.3550000000         1.5750000000         0.8599725045
        0.3600000000         1.5750000000         0.8217447884
        0.3650000000         1.5750000000         0.7745972719
        0.3700000000         1.5750000000         0.7325467843
        0.3750000000         1.5750000000         0.6904962966
        0.3800000000         1.5750000000         0.6497200661
        0.3850000000         1.5750000000         0.5974755208
        0.3900000000         1.5750000000         0.5592478048
        0.3950000000         1.5750000000         0.5210200887
        0.4000000000         1.5750000000         0.4751468294
        0.4050000000         1.5750000000         0.4318220846
        0.4100000000         1.5750000000         0.3846745681
        0.4150000000         1.5750000000         0.3362527944
        0.4200000000         1.5750000000         0.2967508211
        0.4250000000         1.5750000000         0.2534260763
        0.4300000000         1.5750000000         0.2101013314
        0.4350000000         1.5750000000         0.1616795577
        0.4400000000         1.5750000000         0.1221775845
        0.4450000000         1.5750000000         0.0763043252
        0.4500000000         1.5750000000         0.0368023519
        0.4550000000         1.5750000000         0.0023974075
        0.4600000000         1.5750000000        -0.0026996214
        0.4650000000         1.5750000000         0.0011231503
        0.4700000000         1.5750000000         1.0944358297
        0.4750000000         1.5750000000         1.0867902864
        0.4800000000         1.5750000000         5.0675697858
        0.4850000000         1.5750000000         5.0675697858
        0.4900000000         1.5750000000         5.0611984998
        0.4950000000         1.5750000000         5.0153252405
        0.5000000000         1.5750000000         4.9656292096
        0.5050000000         1.5750000000         4.9235787220
        0.5100000000         1.5750000000         4.8777054627
        0.5150000000         1.5750000000         4.8254609174
        0.5200000000         1.5750000000         4.7783134009
        0.5250000000         1.5750000000         4.7362629133
        0.5300000000         1.5750000000         4.6852926252
        0.5350000000         1.5750000000         4.6406936231
        0.5400000000         1.5750000000         4.5859005634
        0.5450000000         1.5750000000         4.5413015613
        0.5500000000         1.5750000000         4.4979768165
        0.5550000000         1.5750000000         4.4508293000
        0.5600000000         1.5750000000         4.4036817835
        0.5650000000         1.5750000000         4.3603570386
        0.5700000000         1.5750000000         4.3093867506
        0.5750000000         1.5750000000         4.2660620057
        0.5800000000         1.5750000000         4.2240115180
        0.5850000000         1.5750000000         4.1730412299
        0.5900000000         1.5750000000         4.1322649995
        0.5950000000         1.5750000000         4.0851174830
        0.6000000000         1.5750000000         4.0392442237
        0.6050000000         1.5750000000         3.9895481928
        0.6100000000         1.5750000000         3.9449491908
        0.6150000000         1.5750000000         3.8952531599
        0.6200000000         1.5750000000         3.8481056434
        0.6250000000         1.5750000000         3.8086036701
        0.6300000000         1.5750000000         3.7627304109
        0.6350000000         1.5750000000         3.7130343800
        0.6400000000         1.5750000000         3.6633383491
        0.6450000000         1.5750000000         3.6225621186
        0.6500000000         1.5750000000         3.5703175733
        0.6550000000         1.5750000000         3.5206215425
        0.6600000000         1.5750000000         3.4798453120
        0.6650000000         1.5750000000         3.4301492811
        0.6700000000         1.5750000000         3.3830017646
        0.6750000000         1.5750000000         3.3422255342
        0.6800000000         1.5750000000         3.2912552461
        0.6850000000         1.5750000000         3.2428334724
        0.6900000000         1.5750000000         3.1982344703
        0.6950000000         1.5750000000         3.1498126966
        0.7000000000         1.5750000000         3.1064879518
        0.7050000000         1.5750000000         3.0593404353
        0.7100000000         1.5750000000         3.0109186616
        0.7150000000         1.5750000000         2.9675939167
        0.7200000000         1.5750000000         2.9153493715
        0.7250000000         1.5750000000         2.8707503694
        0.7300000000         1.5750000000         2.8261513673
        0.7350000000         1.5750000000         2.7777295936
        0.7400000000         1.5750000000         2.7344048488
        0.7450000000         1.5750000000         2.6885315895
        0.7500000000         1.5750000000         2.6401098158
        0.7550000000         1.5750000000         2.5891395277
        0.7600000000         1.5750000000         2.5458147829
        0.7650000000         1.5750000000         2.4986672664
        0.7700000000         1.5750000000         2.4642623219
        0.7750000000         1.5750000000         2.4094692622
        0.7800000000         1.5750000000         2.3597732313
        0.7850000000         1.5750000000         2.3164484865
        0.7900000000         1.5750000000         2.2629296840
        0.7950000000         1.5750000000         2.2196049391
        0.8000000000         1.5750000000         2.1737316798
        0.8050000000         1.5750000000         2.1227613918
        0.8100000000         1.5750000000         2.0807109041
        0.8150000000         1.5750000000         2.0310148732
        0.8200000000         1.5750000000         1.9889643855
        0.8250000000         1.5750000000         1.9379940974
        0.8300000000         1.5750000000         1.8997663814
        0.8350000000         1.5750000000         1.8487960933
        0.8400000000         1.5750000000         1.8054713484
        0.8450000000         1.5750000000         1.7570495747
        0.8500000000         1.5750000000         1.7149990871
        0.8550000000         1.5750000000         1.6665773134
        0.8600000000         1.5750000000         1.6270753401
        0.8650000000         1.5750000000         1.5799278237
        0.8700000000         1.5750000000         1.5327803072
        0.8750000000         1.5750000000         1.4920040767
        0.8800000000         1.5750000000         1.4461308174
        0.8850000000         1.5750000000         1.4015318154
        0.8900000000         1.5750000000         1.3582070705
        0.8950000000         1.5750000000         1.3059625252
        0.9000000000         1.5750000000         1.2677348091
        0.9050000000         1.5750000000         1.2154902639
        0.9100000000         1.5750000000         1.1772625478
        0.9150000000         1.5750000000         1.1288407741
        0.9200000000         1.5750000000         1.0855160292
        0.9250000000         1.5750000000         1.0421912844
        0.9300000000         1.5750000000         0.9937695107
        0.9350000000         1.5750000000         0.9542675374
        0.9400000000         1.5750000000         0.9045715065
        0.9450000000         1.5750000000         0.8599725045
        0.9500000000         1.5750000000         0.8166477596
        0.9550000000         1.5750000000         0.7682259859
        0.9600000000         1.5750000000         0.7312725271
        0.9650000000         1.5750000000         0.6815764962
        0.9700000000         1.5750000000         0.6331547225
        0.9750000000         1.5750000000         0.5923784920
        0.9800000000         1.5750000000         0.5439567183
        0.9850000000         1.5750000000         0.4968092019
        0.9900000000         1.5750000000         0.4560329714
        0.9950000000         1.5750000000         0.4063369405
        1.0000000000         1.5750000000         0.3693834817
        1.0050000000         1.5750000000         0.3209617080
        1.0100000000         1.5750000000         0.2750884487
        1.0150000000         1.5750000000         0.2292151894
        1.0200000000         1.5750000000         0.1820676730
        1.0250000000         1.5750000000         0.1387429281
        1.0300000000         1.5750000000         0.0966924404
        1.0350000000         1.5750000000         0.0495449239
        1.0400000000         1.5750000000         0.0062201791
        1.0450000000         1.5750000000        -0.0039738786
        1.0500000000         1.5750000000        -0.0001511069
        1.0550000000         1.5750000000        -0.0014253642
        1.0600000000         1.5750000000         1.1301150313
        1.0650000000         1.5750000000         5.0675697858
        1.0700000000         1.5750000000         5.0624727570
        1.0750000000         1.5750000000         5.0662955286
        1.0800000000         1.5750000000         5.0191480121
        1.0850000000         1.5750000000         4.9720004957
        1.0900000000         1.5750000000         4.9261272364
        1.0950000000         1.5750000000         4.8738826911
        1.1000000000         1.5750000000         4.8267351746
        1.1050000000         1.5750000000         4.7859589441
        1.1100000000         1.5750000000         4.7298916273
        1.1150000000         1.5750000000         4.6865668824
        1.1200000000         1.5750000000         4.6394193659
        1.1250000000         1.5750000000         4.5909975922
        1.1300000000         1.5750000000         4.5374787897
        1.1350000000         1.5750000000         4.4928797877
        1.1400000000         1.5750000000         4.4470065284
        1.1450000000         1.5750000000         4.3947619831
        1.1500000000         1.5750000000         4.3539857526
        1.1550000000         1.5750000000         4.3055639790
        1.1600000000         1.5750000000         4.2558679481
        1.1650000000         1.5750000000         4.2112689460
        1.1700000000         1.5750000000         4.1628471723
        1.1750000000         1.5750000000         4.1169739130
        1.1800000000         1.5750000000         4.0634551106
        1.1850000000         1.5750000000         4.0188561085
        1.1900000000         1.5750000000         3.9704343348
        1.1950000000         1.5750000000         3.9232868183
        1.2000000000         1.5750000000         3.8774135590
        1.2050000000         1.5750000000         3.8340888142
        1.2100000000         1.5750000000         3.7831185261
        1.2150000000         1.5750000000         3.7397937812
        1.2200000000         1.5750000000         3.6913720075
        1.2250000000         1.5750000000         3.6429502339
        1.2300000000         1.5750000000         3.5945284602
        1.2350000000         1.5750000000         3.5512037153
        1.2400000000         1.5750000000         3.5027819416
        1.2450000000         1.5750000000         3.4530859107
        1.2500000000         1.5750000000         3.4097611659
        1.2550000000         1.5750000000         3.3587908778
        1.2600000000         1.5750000000         3.3180146473
        1.2650000000         1.5750000000         3.2670443592
        1.2700000000         1.5750000000         3.2198968428
        1.2750000000         1.5750000000         3.1778463551
        1.2800000000         1.5750000000         3.1230532954
        1.2850000000         1.5750000000         3.0797285505
        1.2900000000         1.5750000000         3.0351295485
        1.2950000000         1.5750000000         2.9841592604
        1.3000000000         1.5750000000         2.9421087727
        1.3050000000         1.5750000000         2.8936869990
        1.3100000000         1.5750000000         2.8452652253
        1.3150000000         1.5750000000         2.8032147377
        1.3200000000         1.5750000000         2.7496959352
        1.3250000000         1.5750000000         2.7063711903
        1.3300000000         1.5750000000         2.6617721882
        1.3350000000         1.5750000000         2.6095276430
        1.3400000000         1.5750000000         2.5636543837
        1.3450000000         1.5750000000         2.5139583528
        1.3500000000         1.5750000000         2.4731821223
        1.3550000000         1.5750000000         2.4196633198
        1.3600000000         1.5750000000         2.3750643178
        1.3650000000         1.5750000000         2.3304653157
        1.3700000000         1.5750000000         2.2807692848
        1.3750000000         1.5750000000         2.2361702827
        1.3800000000         1.5750000000         2.1851999947
        1.3850000000         1.5750000000         2.1456980214
        1.3900000000         1.5750000000         2.0960019905
        1.3950000000         1.5750000000         2.0475802168
        1.4000000000         1.5750000000         2.0029812148
        1.4050000000         1.5750000000         1.9571079555
        1.4100000000         1.5750000000         1.9086861818
        1.4150000000         1.5750000000         1.8679099513
        1.4200000000         1.5750000000         1.8182139205
        1.4250000000         1.5750000000         1.7774376900
        1.4300000000         1.5750000000         1.7290159163
        1.4350000000         1.5750000000         1.6869654286
        1.4400000000         1.5750000000         1.6398179122
        1.4450000000         1.5750000000         1.5926703957
        1.4500000000         1.5750000000         1.5493456508
        1.4550000000         1.5750000000         1.4971011055
        1.4600000000         1.5750000000         1.4550506179
        1.4650000000         1.5750000000         1.4079031014
        1.4700000000         1.5750000000         1.3671268709
        1.4750000000         1.5750000000         1.3225278688
        1.4800000000         1.5750000000         1.2728318380
        1.4850000000         1.5750000000         1.2231358071
        1.4900000000         1.5750000000         1.1823595766
        1.4950000000         1.5750000000         1.1326635457
        1.5000000000         1.5750000000         1.0893388008
        1.5050000000         1.5750000000         1.0460140560
        1.5100000000         1.5750000000         1.0014150539
        1.5150000000         1.5750000000         0.9555417946
        1.5200000000         1.5750000000         0.9096685354
        1.5250000000         1.5750000000         0.8625210189
        1.5300000000         1.5750000000         0.8153735024
        1.5350000000         1.5750000000         0.7758715291
        1.5400000000         1.5750000000         0.7249012410
        1.5450000000         1.5750000000         0.6790279818
        1.5500000000         1.5750000000         0.6357032369
        1.5550000000         1.5750000000         0.5898299776
        1.5600000000         1.5750000000         0.5401339467
        1.5650000000         1.5750000000         0.4929864303
        1.5700000000         1.5750000000         0.4522101998
        1.5750000000         1.5750000000         0.3999656545
        1.5800000000         1.5750000000         0.3591894240
        1.5850000000         1.5750000000         0.3069448788
        1.5900000000         1.5750000000         0.2636201339
        1.5950000000         1.5750000000         0.2215696462
        1.6000000000         1.5750000000         0.1667765865
        1.6050000000         1.5750000000         0.1260003561
        1.6100000000         1.5750000000         0.0750300680
        1.6150000000         1.5750000000         0.0342538375
        1.6200000000         1.5750000000        -0.0001511069
        1.6250000000         1.5750000000        -0.0039738786
        1.6300000000         1.5750000000         0.0062201791
        1.6350000000         1.5750000000         1.0855160292
        1.6400000000         1.5750000000         1.1059041445
        1.6450000000         1.5750000000         5.0675697858
        1.6500000000         1.5750000000         5.0650212714
        1.6550000000         1.5750000000         5.0510044422
        1.6600000000         1.5750000000         4.9962113825
        1.6650000000         1.5750000000         4.9541608948
        1.6700000000         1.5750000000         4.9019163495
        1.6750000000         1.5750000000         4.8573173475
        1.6800000000         1.5750000000         4.8076213166
        1.6850000000         1.5750000000         4.7579252857
        1.6900000000         1.5750000000         4.7107777692
        1.6950000000         1.5750000000         4.6610817383
        1.7000000000         1.5750000000         4.6113857075
        1.7050000000         1.5750000000         4.5591411622
        1.7100000000         1.5750000000         4.5119936457
        1.7150000000         1.5750000000         4.4712174152
        1.7200000000         1.5750000000         4.4202471271
        1.7250000000         1.5750000000         4.3667283247
        1.7300000000         1.5750000000         4.3259520942
        1.7350000000         1.5750000000         4.2775303205
        1.7400000000         1.5750000000         4.2291085468
        1.7450000000         1.5750000000         4.1857838020
        1.7500000000         1.5750000000         4.1360877711
        1.7550000000         1.5750000000         4.0927630262
        1.7600000000         1.5750000000         4.0443412525
        1.7650000000         1.5750000000         3.9946452216
        1.7700000000         1.5750000000         3.9474977052
        1.7750000000         1.5750000000         3.9016244459
        1.7800000000         1.5750000000         3.8570254438
        1.7850000000         1.5750000000         3.8073294129
        1.7900000000         1.5750000000         3.7652789253
        1.7950000000         1.5750000000         3.7143086372
        1.8000000000         1.5750000000         3.6646126063
        1.8050000000         1.5750000000         3.6174650898
        1.8100000000         1.5750000000         3.5728660877
        1.8150000000         1.5750000000         3.5244443141
        1.8200000000         1.5750000000         3.4760225404
        1.8250000000         1.5750000000         3.4339720527
        1.8300000000         1.5750000000         3.3906473078
        1.8350000000         1.5750000000         3.3384027626
        1.8400000000         1.5750000000         3.2963522749
        1.8450000000         1.5750000000         3.2390107008
        1.8500000000         1.5750000000         3.1995087275
        1.8550000000         1.5750000000         3.1472641822
        1.8600000000         1.5750000000         3.1026651802
        1.8650000000         1.5750000000         3.0567919209
        1.8700000000         1.5750000000         3.0070958900
        1.8750000000         1.5750000000         2.9599483735
        1.8800000000         1.5750000000         2.9166236287
        1.8850000000         1.5750000000         2.8694761122
        1.8900000000         1.5750000000         2.8210543385
        1.8950000000         1.5750000000         2.7751810792
        1.9000000000         1.5750000000         2.7344048488
        1.9050000000         1.5750000000         2.6821603035
        1.9100000000         1.5750000000         2.6401098158
        1.9150000000         1.5750000000         2.5878652705
        1.9200000000         1.5750000000         2.5445405256
        1.9250000000         1.5750000000         2.4922959804
        1.9300000000         1.5750000000         2.4502454927
        1.9350000000         1.5750000000         2.3992752046
        1.9400000000         1.5750000000         2.3495791737
        1.9450000000         1.5750000000         2.3049801717
        1.9500000000         1.5750000000         2.2616554268
        1.9550000000         1.5750000000         2.2106851387
        1.9600000000         1.5750000000         2.1673603938
        1.9650000000         1.5750000000         2.1163901057
        1.9700000000         1.5750000000         2.0730653609
        1.9750000000         1.5750000000         2.0208208156
        1.9800000000         1.5750000000         1.9774960707
        1.9850000000         1.5750000000         1.9265257826
        1.9900000000         1.5750000000         1.8819267806
        1.9950000000         1.5750000000         1.8411505501
        2.0000000000         1.5750000000         1.7927287764
        2.0050000000         1.5750000000         1.7468555171
        2.0100000000         1.5750000000         1.6971594863
        2.0150000000         1.5750000000         1.6589317702
        2.0200000000         1.5750000000         1.6092357393
        2.0250000000         1.5750000000         1.5620882228
        2.0300000000         1.5750000000         1.5213119924
        2.0350000000         1.5750000000         1.4728902187
        2.0400000000         1.5750000000         1.4295654738
        2.0450000000         1.5750000000         1.3951605294
        2.0500000000         1.5750000000         1.3378189553
        2.0550000000         1.5750000000         1.2881229244
        2.0600000000         1.5750000000         1.2486209511
        2.0650000000         1.5750000000         1.1976506630
        2.0700000000         1.5750000000         1.1543259182
        2.0750000000         1.5750000000         1.1135496877
        2.0800000000         1.5750000000         1.0625793996
        2.0850000000         1.5750000000         1.0167061403
        2.0900000000         1.5750000000         0.9721071383
        2.0950000000         1.5750000000         0.9262338790
        2.1000000000         1.5750000000         0.8803606197
        2.1050000000         1.5750000000         0.8383101320
        2.1100000000         1.5750000000         0.7898883584
        2.1150000000         1.5750000000         0.7440150991
        2.1200000000         1.5750000000         0.7019646114
        2.1250000000         1.5750000000         0.6522685805
        2.1300000000         1.5750000000         0.6102180929
        2.1350000000         1.5750000000         0.5605220620
        2.1400000000         1.5750000000         0.5184715743
        2.1450000000         1.5750000000         0.4687755434
        2.1500000000         1.5750000000         0.4229022841
        2.1550000000         1.5750000000         0.3770290249
        2.1600000000         1.5750000000         0.3337042800
        2.1650000000         1.5750000000         0.2852825063
        2.1700000000         1.5750000000         0.2406835042
        2.1750000000         1.5750000000         0.1922617306
        2.1800000000         1.5750000000         0.1514855001
        2.1850000000         1.5750000000         0.0992409548
        2.1900000000         1.5750000000         0.0546419527
        2.1950000000         1.5750000000         0.0125914651
        2.2000000000         1.5750000000        -0.0026996214
        2.2050000000         1.5750000000         0.0011231503
        2.2100000000         1.5750000000        -0.0026996214
        2.2150000000         1.5750000000         1.1403090889
        2.2200000000         1.5750000000         5.0662955286
        2.2250000000         1.5750000000         5.0662955286
        2.2300000000         1.5750000000         5.0675697858
        2.2350000000         1.5750000000         5.0242450409
        2.2400000000         1.5750000000         4.9745490101
        2.2450000000         1.5750000000         4.9274014936
        2.2500000000         1.5750000000         4.8751569483
        2.2550000000         1.5750000000         4.8331064606
        2.2600000000         1.5750000000         4.7770391437
        2.2650000000         1.5750000000         4.7311658845
        2.2700000000         1.5750000000         4.6852926252
        2.2750000000         1.5750000000         4.6381451087
        2.2800000000         1.5750000000         4.5859005634
        2.2850000000         1.5750000000         4.5413015613
        2.2900000000         1.5750000000         4.4979768165
        2.2950000000         1.5750000000         4.4495550428
        2.3000000000         1.5750000000         4.4036817835
        2.3050000000         1.5750000000         4.3539857526
        2.3100000000         1.5750000000         4.3042897218
        2.3150000000         1.5750000000         4.2647877485
        2.3200000000         1.5750000000         4.2125432032
        2.3250000000         1.5750000000         4.1666699439
        2.3300000000         1.5750000000         4.1309907423
        2.3350000000         1.5750000000         4.0787461970
        2.3400000000         1.5750000000         4.0252273945
        2.3450000000         1.5750000000         3.9908224500
        2.3500000000         1.5750000000         3.9334808759
        2.3550000000         1.5750000000         3.8876076167
        2.3600000000         1.5750000000         3.8353630714
        2.3650000000         1.5750000000         3.7933125837
        2.3700000000         1.5750000000         3.7474393244
        2.3750000000         1.5750000000         3.6990175508
        2.3800000000         1.5750000000         3.6531442915
        2.3850000000         1.5750000000         3.6072710322
        2.3900000000         1.5750000000         3.5550264869
        2.3950000000         1.5750000000         3.5142502564
        2.4000000000         1.5750000000         3.4645542256
        2.4050000000         1.5750000000         3.4148581947
        2.4100000000         1.5750000000         3.3740819642
        2.4150000000         1.5750000000         3.3256601905
        2.4200000000         1.5750000000         3.2759641597
        2.4250000000         1.5750000000         3.2339136720
        2.4300000000         1.5750000000         3.1791206123
        2.4350000000         1.5750000000         3.1383443818
        2.4400000000         1.5750000000         3.0924711226
        2.4450000000         1.5750000000         3.0453236061
        2.4500000000         1.5750000000         2.9969018324
        2.4550000000         1.5750000000         2.9535770875
        2.4600000000         1.5750000000         2.9038810566
        2.4650000000         1.5750000000         2.8554592830
        2.4700000000         1.5750000000         2.8159573097
        2.4750000000         1.5750000000         2.7662612788
        2.4800000000         1.5750000000         2.7152909907
        2.4850000000         1.5750000000         2.6681434743
        2.4900000000         1.5750000000         2.6197217006
        2.4950000000         1.5750000000         2.5751226985
        2.5000000000         1.5750000000         2.5241524104
        2.5050000000         1.5750000000         2.4846504371
        2.5100000000         1.5750000000         2.4311316347
        2.5150000000         1.5750000000         2.3916296614
        2.5200000000         1.5750000000         2.3381108589
        2.5250000000         1.5750000000         2.2909633424
        2.5300000000         1.5750000000         2.2463643404
        2.5350000000         1.5750000000         2.2030395955
        2.5400000000         1.5750000000         2.1520693074
        2.5450000000         1.5750000000         2.1087445625
        2.5500000000         1.5750000000         2.0577742744
        2.5550000000         1.5750000000         2.0169980440
        2.5600000000         1.5750000000         1.9711247847
        2.5650000000         1.5750000000         1.9214287538
        2.5700000000         1.5750000000         1.8717327229
        2.5750000000         1.5750000000         1.8322307497
        2.5800000000         1.5750000000         1.7825347188
        2.5850000000         1.5750000000         1.7341129451
        2.5900000000         1.5750000000         1.6946109718
        2.5950000000         1.5750000000         1.6474634554
        2.6000000000         1.5750000000         1.5977674245
        2.6050000000         1.5750000000         1.5582654512
        2.6100000000         1.5750000000         1.5072951631
        2.6150000000         1.5750000000         1.4626961611
        2.6200000000         1.5750000000         1.4206456734
        2.6250000000         1.5750000000         1.3722238997
        2.6300000000         1.5750000000         1.3238021260
        2.6350000000         1.5750000000         1.2753803524
        2.6400000000         1.5750000000         1.2333298647
        2.6450000000         1.5750000000         1.1900051198
        2.6500000000         1.5750000000         1.1403090889
        2.6550000000         1.5750000000         1.0918873153
        2.6600000000         1.5750000000         1.0511110848
        2.6650000000         1.5750000000         0.9988665395
        2.6700000000         1.5750000000         0.9529932802
        2.6750000000         1.5750000000         0.9147655642
        2.6800000000         1.5750000000         0.8650695333
        2.6850000000         1.5750000000         0.8140992452
        2.6900000000         1.5750000000         0.7720487575
        2.6950000000         1.5750000000         0.7274497555
        2.7000000000         1.5750000000         0.6790279818
        2.7050000000         1.5750000000         0.6318804653
        2.7100000000         1.5750000000         0.5872814632
        2.7150000000         1.5750000000         0.5363111751
        2.7200000000         1.5750000000         0.4955349447
        2.7250000000         1.5750000000         0.4458389138
        2.7300000000         1.5750000000         0.3999656545
        2.7350000000         1.5750000000         0.3553666524
        2.7400000000         1.5750000000         0.3069448788
        2.7450000000         1.5750000000         0.2572488479
        2.7500000000         1.5750000000         0.2177468746
        2.7550000000         1.5750000000         0.1604053005
        2.7600000000         1.5750000000         0.1234518417
        2.7650000000         1.5750000000         0.0763043252
        2.7700000000         1.5750000000         0.0227855227
        2.7750000000         1.5750000000        -0.0001511069
        2.7800000000         1.5750000000        -0.0001511069
        2.7850000000         1.5750000000        -0.0001511069
        2.7900000000         1.5750000000         1.0906130581
        2.7950000000         1.5750000000         5.0446331562
        2.8000000000         1.5750000000         5.0701183002
        2.8050000000         1.5750000000         5.0637470142
        2.8100000000         1.5750000000         5.0395361274
        2.8150000000         1.5750000000         4.9860173249
        2.8200000000         1.5750000000         4.9375955512
        2.8250000000         1.5750000000         4.8917222919
        2.8300000000         1.5750000000         4.8471232898
        2.8350000000         1.5750000000         4.7897817158
        2.8400000000         1.5750000000         4.7439084565
        2.8450000000         1.5750000000         4.6993094544
        2.8500000000         1.5750000000         4.6457906519
        2.8550000000         1.5750000000         4.6011916498
        2.8600000000         1.5750000000         4.5540441334
        2.8650000000         1.5750000000         4.5017995881
        2.8700000000         1.5750000000         4.4584748432
        2.8750000000         1.5750000000         4.4126015839
        2.8800000000         1.5750000000         4.3590827814
        2.8850000000         1.5750000000         4.3183065510
        2.8900000000         1.5750000000         4.2686105201
        2.8950000000         1.5750000000         4.2227372608
        2.9000000000         1.5750000000         4.1743154871
        2.9050000000         1.5750000000         4.1271679707
        2.9100000000         1.5750000000         4.0876659974
        2.9150000000         1.5750000000         4.0303244233
        2.9200000000         1.5750000000         3.9895481928
        2.9250000000         1.5750000000         3.9436749336
        2.9300000000         1.5750000000         3.8901561311
        2.9350000000         1.5750000000         3.8544769294
        2.9400000000         1.5750000000         3.8098779273
        2.9450000000         1.5750000000         3.7525363532
        2.9500000000         1.5750000000         3.7130343800
        2.9550000000         1.5750000000         3.6633383491
        2.9600000000         1.5750000000         3.6187393470
        2.9650000000         1.5750000000         3.5703175733
        2.9700000000         1.5750000000         3.5244443141
        2.9750000000         1.5750000000         3.4760225404
        2.9800000000         1.5750000000         3.4314235383
        2.9850000000         1.5750000000         3.3893730506
        2.9900000000         1.5750000000         3.3396770198
        2.9950000000         1.5750000000         3.2887067317
        3.0000000000         1.5750000000         3.2441077296
        3.0050000000         1.5750000000         3.1969602131
        3.0100000000         1.5750000000         3.1498126966
        3.0150000000         1.5750000000         3.1013909230
        3.0200000000         1.5750000000         3.0542434065
        3.0250000000         1.5750000000         3.0096444044
        3.0300000000         1.5750000000         2.9599483735
        3.0350000000         1.5750000000         2.9140751143
        3.0400000000         1.5750000000         2.8707503694
        3.0450000000         1.5750000000         2.8197800813
        3.0500000000         1.5750000000         2.7777295936
        3.0550000000         1.5750000000         2.7331305916
        3.0600000000         1.5750000000         2.6821603035
        3.0650000000         1.5750000000         2.6375613014
        3.0700000000         1.5750000000         2.6006078425
        3.0750000000         1.5750000000         2.5356207252
        3.0800000000         1.5750000000         2.4922959804
        3.0850000000         1.5750000000         2.4451484639
        3.0900000000         1.5750000000         2.3954524330
        3.0950000000         1.5750000000         2.3508534309
        3.1000000000         1.5750000000         2.2998831428
        3.1050000000         1.5750000000         2.2578326552
        3.1100000000         1.5750000000         2.2094108815
        3.1150000000         1.5750000000         2.1597148506
        3.1200000000         1.5750000000         2.1189386201
        3.1250000000         1.5750000000         2.0666940749
        3.1300000000         1.5750000000         2.0246435872
        3.1350000000         1.5750000000         1.9736732991
        3.1400000000         1.5750000000         1.9278000398
        3.1450000000         1.5750000000         1.8793782662
        3.1500000000         1.5750000000         1.8360535213
        3.1550000000         1.5750000000         1.7889060048
        3.1600000000         1.5750000000         1.7417584883
        3.1650000000         1.5750000000         1.6984337435
        3.1700000000         1.5750000000         1.6487377126
        3.1750000000         1.5750000000         1.6066872249
        3.1800000000         1.5750000000         1.5569911940
        3.1850000000         1.5750000000         1.5162149636
        3.1900000000         1.5750000000         1.4677931899
        3.1950000000         1.5750000000         1.4219199306
        3.2000000000         1.5750000000         1.3773209285
        3.2050000000         1.5750000000         1.3288991548
        3.2100000000         1.5750000000         1.2855744100
        3.2150000000         1.5750000000         1.2358783791
        3.2200000000         1.5750000000         1.1989249202
        3.2250000000         1.5750000000         1.1415833461
        3.2300000000         1.5750000000         1.0969843441
        3.2350000000         1.5750000000         1.0523853420
        3.2400000000         1.5750000000         1.0077863399
        3.2450000000         1.5750000000         0.9593645662
        3.2500000000         1.5750000000         0.9134913070
        3.2550000000         1.5750000000         0.8663437905
        3.2600000000         1.5750000000         0.8230190456
        3.2650000000         1.5750000000         0.7745972719
        3.2700000000         1.5750000000         0.7325467843
        3.2750000000         1.5750000000         0.6815764962
        3.2800000000         1.5750000000         0.6382517513
        3.2850000000         1.5750000000         0.5898299776
        3.2900000000         1.5750000000         0.5414082039
        3.2950000000         1.5750000000         0.4968092019
        3.3000000000         1.5750000000         0.4522101998
        3.3050000000         1.5750000000         0.4076111977
        3.3100000000         1.5750000000         0.3604636812
        3.3150000000         1.5750000000         0.3133161648
        3.3200000000         1.5750000000         0.2699914199
        3.3250000000         1.5750000000         0.2202953890
        3.3300000000         1.5750000000         0.1756963869
        3.3350000000         1.5750000000         0.1298231277
        3.3400000000         1.5750000000         0.0814013540
        3.3450000000         1.5750000000         0.0355280947
        3.3500000000         1.5750000000        -0.0001511069
        3.3550000000         1.5750000000         0.0049459219
        3.3600000000         1.5750000000        -0.0001511069
        3.3650000000         1.5750000000         1.1046298873
        3.3700000000         1.5750000000         1.1275665169
        3.3750000000         1.5750000000         5.0662955286
        3.3800000000         1.5750000000         5.0637470142
        3.3850000000         1.5750000000         5.0497301850
        3.3900000000         1.5750000000         5.0013084113
        3.3950000000         1.5750000000         4.9477896088
        3.4000000000         1.5750000000         4.9031906067
        3.4050000000         1.5750000000         4.8509460615
        3.4100000000         1.5750000000         4.8050728022
        3.4150000000         1.5750000000         4.7541025141
        3.4200000000         1.5750000000         4.7082292548
        3.4250000000         1.5750000000         4.6559847095
        3.4300000000         1.5750000000         4.6062886786
        3.4350000000         1.5750000000         4.5553183906
        3.4400000000         1.5750000000         4.5119936457
        3.4450000000         1.5750000000         4.4584748432
        3.4500000000         1.5750000000         4.4151500983
        3.4550000000         1.5750000000         4.3641798103
        3.4600000000         1.5750000000         4.3144837794
        3.4650000000         1.5750000000         4.2686105201
        3.4700000000         1.5750000000         4.2252857752
        3.4750000000         1.5750000000         4.1794125159
        3.4800000000         1.5750000000         4.1271679707
        3.4850000000         1.5750000000         4.0851174830
        3.4900000000         1.5750000000         4.0328729377
        3.4950000000         1.5750000000         3.9844511640
        3.5000000000         1.5750000000         3.9449491908
        3.5050000000         1.5750000000         3.8914303883
        3.5100000000         1.5750000000         3.8442828718
        3.5150000000         1.5750000000         3.7958610981
        3.5200000000         1.5750000000         3.7576333820
        3.5250000000         1.5750000000         3.7015660652
        3.5300000000         1.5750000000         3.6556928059
        3.5350000000         1.5750000000         3.6047225178
        3.5400000000         1.5750000000         3.5613977729
        3.5450000000         1.5750000000         3.5117017420
        3.5500000000         1.5750000000         3.4658284828
        3.5550000000         1.5750000000         3.4225037379
        3.5600000000         1.5750000000         3.3702591926
        3.5650000000         1.5750000000         3.3243859333
        3.5700000000         1.5750000000         3.2759641597
        3.5750000000         1.5750000000         3.2237196144
        3.5800000000         1.5750000000         3.1816691267
        3.5850000000         1.5750000000         3.1294245814
        3.5900000000         1.5750000000         3.0822770649
        3.5950000000         1.5750000000         3.0402265773
        3.6000000000         1.5750000000         2.9892562892
        3.6050000000         1.5750000000         2.9357374867
        3.6100000000         1.5750000000         2.8962355134
        3.6150000000         1.5750000000         2.8465394825
        3.6200000000         1.5750000000         2.7981177089
        3.6250000000         1.5750000000         2.7547929640
        3.6300000000         1.5750000000         2.7152909907
        3.6350000000         1.5750000000         2.6554009022
        3.6400000000         1.5750000000         2.6082533858
        3.6450000000         1.5750000000         2.5611058693
        3.6500000000         1.5750000000         2.5101355812
        3.6550000000         1.5750000000         2.4617138075
        3.6600000000         1.5750000000         2.4171148054
        3.6650000000         1.5750000000         2.3674187746
        3.6700000000         1.5750000000         2.3253682869
        3.6750000000         1.5750000000         2.2718494844
        3.6800000000         1.5750000000         2.2208791963
        3.6850000000         1.5750000000         2.1813772230
        3.6900000000         1.5750000000         2.1304069350
        3.6950000000         1.5750000000         2.0832594185
        3.7000000000         1.5750000000         2.0373861592
        3.7050000000         1.5750000000         1.9889643855
        3.7100000000         1.5750000000         1.9418168691
        3.7150000000         1.5750000000         1.8984921242
        3.7200000000         1.5750000000         1.8513446077
        3.7250000000         1.5750000000         1.8029228340
        3.7300000000         1.5750000000         1.7621466036
        3.7350000000         1.5750000000         1.7086278011
        3.7400000000         1.5750000000         1.6678515706
        3.7450000000         1.5750000000         1.6168812825
        3.7500000000         1.5750000000         1.5722822804
        3.7550000000         1.5750000000         1.5225862496
        3.7600000000         1.5750000000         1.4792615047
        3.7650000000         1.5750000000         1.4346625026
        3.7700000000         1.5750000000         1.3875149861
        3.7750000000         1.5750000000         1.3429159841
        3.7800000000         1.5750000000         1.2906714388
        3.7850000000         1.5750000000         1.2460724367
        3.7900000000         1.5750000000         1.2027476918
        3.7950000000         1.5750000000         1.1505031465
        3.8000000000         1.5750000000         1.1084526589
        3.8050000000         1.5750000000         1.0651279140
        3.8100000000         1.5750000000         1.0154318831
        3.8150000000         1.5750000000         0.9682843666
        3.8200000000         1.5750000000         0.9224111074
        3.8250000000         1.5750000000         0.8765378481
        3.8300000000         1.5750000000         0.8306645888
        3.8350000000         1.5750000000         0.7860655867
        3.8400000000         1.5750000000         0.7376438131
        3.8450000000         1.5750000000         0.6930448110
        3.8500000000         1.5750000000         0.6420745229
        3.8550000000         1.5750000000         0.5974755208
        3.8600000000         1.5750000000         0.5490537472
        3.8650000000         1.5750000000         0.5044547451
        3.8700000000         1.5750000000         0.4560329714
        3.8750000000         1.5750000000         0.4152567409
        3.8800000000         1.5750000000         0.3630121957
        3.8850000000         1.5750000000         0.3209617080
        3.8900000000         1.5750000000         0.2699914199
        3.8950000000         1.5750000000         0.2241181606
        3.9000000000         1.5750000000         0.1820676730
        3.9050000000         1.5750000000         0.1298231277
        3.9100000000         1.5750000000         0.0852241256
        3.9150000000         1.5750000000         0.0431736379
        3.9200000000         1.5750000000        -0.0039738786
        3.9250000000         1.5750000000         0.0049459219
        3.9300000000         1.5750000000        -0.0039738786
        3.9350000000         1.5750000000         1.1097269161
        3.9400000000         1.5750000000         1.0918873153
        3.9450000000         1.5750000000         5.0713925574
        3.9500000000         1.5750000000         5.0688440430
        3.9550000000         1.5750000000         5.0471816706
        3.9600000000         1.5750000000         5.0038569257
        3.9650000000         1.5750000000         4.9528866376
        3.9700000000         1.5750000000         4.9044648639
        3.9750000000         1.5750000000         4.8598658619
        3.9800000000         1.5750000000         4.8063470594
        3.9850000000         1.5750000000         4.7604738001
        3.9900000000         1.5750000000         4.7095035120
        3.9950000000         1.5750000000         4.6649045099
        4.0000000000         1.5750000000         4.6101114503
        4.0050000000         1.5750000000         4.5655124482
        4.0100000000         1.5750000000         4.5145421601
        4.0150000000         1.5750000000         4.4686689008
        4.0200000000         1.5750000000         4.4176986127
        4.0250000000         1.5750000000         4.3718253535
        4.0300000000         1.5750000000         4.3234035798
        4.0350000000         1.5750000000         4.2724332917
        4.0400000000         1.5750000000         4.2265600324
        4.0450000000         1.5750000000         4.1806867731
        4.0500000000         1.5750000000         4.1297164851
        4.0550000000         1.5750000000         4.0838432258
        4.0600000000         1.5750000000         4.0328729377
        4.0650000000         1.5750000000         3.9869996784
        4.0700000000         1.5750000000         3.9385779047
        4.0750000000         1.5750000000         3.8876076167
        4.0800000000         1.5750000000         3.8430086146
        4.0850000000         1.5750000000         3.8047808985
        4.0900000000         1.5750000000         3.7512620960
        4.0950000000         1.5750000000         3.7015660652
        4.1000000000         1.5750000000         3.6556928059
        4.1050000000         1.5750000000         3.6034482606
        4.1100000000         1.5750000000         3.5613977729
        4.1150000000         1.5750000000         3.5129759992
        4.1200000000         1.5750000000         3.4607314540
        4.1250000000         1.5750000000         3.4174067091
        4.1300000000         1.5750000000         3.3702591926
        4.1350000000         1.5750000000         3.3180146473
        4.1400000000         1.5750000000         3.2759641597
        4.1450000000         1.5750000000         3.2262681288
        4.1500000000         1.5750000000         3.1778463551
        4.1550000000         1.5750000000         3.1357958674
        4.1600000000         1.5750000000         3.0860998365
        4.1650000000         1.5750000000         3.0415008345
        4.1700000000         1.5750000000         2.9930790608
        4.1750000000         1.5750000000         2.9472058015
        4.1800000000         1.5750000000         2.9038810566
        4.1850000000         1.5750000000         2.8503622542
        4.1900000000         1.5750000000         2.8057632521
        4.1950000000         1.5750000000         2.7611642500
        4.2000000000         1.5750000000         2.7089197047
        4.2050000000         1.5750000000         2.6681434743
        4.2100000000         1.5750000000         2.6197217006
        4.2150000000         1.5750000000         2.5712999269
        4.2200000000         1.5750000000         2.5190553816
        4.2250000000         1.5750000000         2.4782791511
        4.2300000000         1.5750000000         2.4260346059
        4.2350000000         1.5750000000         2.3788870894
        4.2400000000         1.5750000000         2.3342880873
        4.2450000000         1.5750000000         2.2820435420
        4.2500000000         1.5750000000         2.2336217683
        4.2550000000         1.5750000000         2.1928455379
        4.2600000000         1.5750000000         2.1495207930
        4.2650000000         1.5750000000         2.0972762477
        4.2700000000         1.5750000000         2.0539515028
        4.2750000000         1.5750000000         2.0068039864
        4.2800000000         1.5750000000         1.9571079555
        4.2850000000         1.5750000000         1.9150574678
        4.2900000000         1.5750000000         1.8615386653
        4.2950000000         1.5750000000         1.8220366921
        4.3000000000         1.5750000000         1.7685178896
        4.3050000000         1.5750000000         1.7264674019
        4.3100000000         1.5750000000         1.6793198854
        4.3150000000         1.5750000000         1.6308981117
        4.3200000000         1.5750000000         1.5862991097
        4.3250000000         1.5750000000         1.5366030788
        4.3300000000         1.5750000000         1.4932783339
        4.3350000000         1.5750000000         1.4486793318
        4.3400000000         1.5750000000         1.4015318154
        4.3450000000         1.5750000000         1.3543842989
        4.3500000000         1.5750000000         1.3059625252
        4.3550000000         1.5750000000         1.2613635231
        4.3600000000         1.5750000000         1.2154902639
        4.3650000000         1.5750000000         1.1708912618
        4.3700000000         1.5750000000         1.1199209737
        4.3750000000         1.5750000000         1.0753219716
        4.3800000000         1.5750000000         1.0332714840
        4.3850000000         1.5750000000         0.9835754531
        4.3900000000         1.5750000000         0.9402507082
        4.3950000000         1.5750000000         0.8943774489
        4.4000000000         1.5750000000         0.8408586464
        4.4050000000         1.5750000000         0.7988081588
        4.4100000000         1.5750000000         0.7554834139
        4.4150000000         1.5750000000         0.7032388686
        4.4200000000         1.5750000000         0.6611883809
        4.4250000000         1.5750000000         0.6165893789
        4.4300000000         1.5750000000         0.5630705764
        4.4350000000         1.5750000000         0.5171973171
        4.4400000000         1.5750000000         0.4687755434
        4.4450000000         1.5750000000         0.4292735702
        4.4500000000         1.5750000000         0.3795775393
        4.4550000000         1.5750000000         0.3337042800
        4.4600000000         1.5750000000         0.2865567635
        4.4650000000         1.5750000000         0.2394092470
        4.4700000000         1.5750000000         0.1871647018
        4.4750000000         1.5750000000         0.1425656997
        4.4800000000         1.5750000000         0.0954181832
        4.4850000000         1.5750000000         0.0520934383
        4.4900000000         1.5750000000        -0.0014253642
        4.4950000000         1.5750000000         0.0049459219
        4.5000000000         1.5750000000         0.0011231503
        4.5050000000         1.5750000000         0.3923201113
        4.5100000000         1.5750000000         1.1403090889
        4.5150000000         1.5750000000         5.0701183002
        4.5200000000         1.5750000000         5.0688440430
        4.5250000000         1.5750000000         5.0510044422
        4.5300000000         1.5750000000         5.0089539545
        4.5350000000         1.5750000000         4.9528866376
        4.5400000000         1.5750000000         4.9082876355
        4.5450000000         1.5750000000         4.8585916047
        4.5500000000         1.5750000000         4.8127183454
        4.5550000000         1.5750000000         4.7553767713
        4.5600000000         1.5750000000         4.7120520264
        4.5650000000         1.5750000000         4.6649045099
        4.5700000000         1.5750000000         4.6062886786
        4.5750000000         1.5750000000         4.5616896766
        4.5800000000         1.5750000000         4.5107193885
        4.5850000000         1.5750000000         4.4635718720
        4.5900000000         1.5750000000         4.4151500983
        4.5950000000         1.5750000000         4.3641798103
        4.6000000000         1.5750000000         4.3195808082
        4.6050000000         1.5750000000         4.2711590345
        4.6100000000         1.5750000000         4.2227372608
        4.6150000000         1.5750000000         4.1743154871
        4.6200000000         1.5750000000         4.1284422279
        4.6250000000         1.5750000000         4.0851174830
        4.6300000000         1.5750000000         4.0303244233
        4.6350000000         1.5750000000         3.9844511640
        4.6400000000         1.5750000000         3.9411264192
        4.6450000000         1.5750000000         3.8876076167
        4.6500000000         1.5750000000         3.8417343574
        4.6550000000         1.5750000000         3.7920383265
        4.6600000000         1.5750000000         3.7512620960
        4.6650000000         1.5750000000         3.7028403224
        4.6700000000         1.5750000000         3.6569670631
        4.6750000000         1.5750000000         3.6047225178
        4.6800000000         1.5750000000         3.5588492585
        4.6850000000         1.5750000000         3.5117017420
        4.6900000000         1.5750000000         3.4594571968
        4.6950000000         1.5750000000         3.4186809663
        4.7000000000         1.5750000000         3.3664364210
        4.7050000000         1.5750000000         3.3180146473
        4.7100000000         1.5750000000         3.2759641597
        4.7150000000         1.5750000000         3.2224453572
        4.7200000000         1.5750000000         3.1816691267
        4.7250000000         1.5750000000         3.1306988386
        4.7300000000         1.5750000000         3.0835513221
        4.7350000000         1.5750000000         3.0351295485
        4.7400000000         1.5750000000         2.9841592604
        4.7450000000         1.5750000000         2.9421087727
        4.7500000000         1.5750000000         2.8898642274
        4.7550000000         1.5750000000         2.8516365114
        4.7600000000         1.5750000000         2.7993919661
        4.7650000000         1.5750000000         2.7522444496
        4.7700000000         1.5750000000         2.7025484187
        4.7750000000         1.5750000000         2.6592236738
        4.7800000000         1.5750000000         2.6082533858
        4.7850000000         1.5750000000         2.5623801265
        4.7900000000         1.5750000000         2.5126840956
        4.7950000000         1.5750000000         2.4693593507
        4.8000000000         1.5750000000         2.4209375770
        4.8050000000         1.5750000000         2.3725158034
        4.8100000000         1.5750000000         2.3279168013
        4.8150000000         1.5750000000         2.2756722560
        4.8200000000         1.5750000000         2.2336217683
        4.8250000000         1.5750000000         2.1788287086
        4.8300000000         1.5750000000         2.1355039638
        4.8350000000         1.5750000000         2.0858079329
        4.8400000000         1.5750000000         2.0424831880
        4.8450000000         1.5750000000         1.9953356715
        4.8500000000         1.5750000000         1.9430911263
        4.8550000000         1.5750000000         1.9010406386
        4.8600000000         1.5750000000         1.8526188649
        4.8650000000         1.5750000000         1.8080198628
        4.8700000000         1.5750000000         1.7608723464
        4.8750000000         1.5750000000         1.7149990871
        4.8800000000         1.5750000000         1.6665773134
        4.8850000000         1.5750000000         1.6258010829
        4.8900000000         1.5750000000         1.5735565376
        4.8950000000         1.5750000000         1.5315060500
        4.9000000000         1.5750000000         1.4843585335
        4.9050000000         1.5750000000         1.4461308174
        4.9100000000         1.5750000000         1.3900635005
        4.9150000000         1.5750000000         1.3480130129
        4.9200000000         1.5750000000         1.3136080684
        4.9250000000         1.5750000000         1.2537179799
        4.9300000000         1.5750000000         1.2091189778
        4.9350000000         1.5750000000         1.1543259182
        4.9400000000         1.5750000000         1.1160982021
        4.9450000000         1.5750000000         1.0702249428
        4.9500000000         1.5750000000         1.0230774263
        4.9550000000         1.5750000000         0.9733813955
        4.9600000000         1.5750000000         0.9313309078
        4.9650000000         1.5750000000         0.8905546773
        4.9700000000         1.5750000000         0.8370358748
        4.9750000000         1.5750000000         0.7937111300
        4.9800000000         1.5750000000         0.7491121279
        4.9850000000         1.5750000000         0.7019646114
        4.9900000000         1.5750000000         0.6573656093
        4.9950000000         1.5750000000         0.6102180929
        5.0000000000         1.5750000000         0.5643448336
        5.0050000000         1.5750000000         0.5159230599
        5.0100000000         1.5750000000         0.4662270290
        5.0150000000         1.5750000000         0.4267250558
        5.0200000000         1.5750000000         0.3783032821
        5.0250000000         1.5750000000         0.3298815084
        5.0300000000         1.5750000000         0.2878310207
        5.0350000000         1.5750000000         0.2381349898
        5.0400000000         1.5750000000         0.1960845022
        5.0450000000         1.5750000000         0.1438399569
        5.0500000000         1.5750000000         0.1005152120
        5.0550000000         1.5750000000         0.0546419527
        5.0600000000         1.5750000000         0.0100429507
        5.0650000000         1.5750000000         0.0011231503
        5.0700000000         1.5750000000         0.0049459219
        5.0750000000         1.5750000000         0.0011231503
        5.0800000000         1.5750000000         1.1059041445
        5.0850000000         1.5750000000         5.0662955286
        5.0900000000         1.5750000000         5.0650212714
        5.0950000000         1.5750000000         5.0650212714
        5.1000000000         1.5750000000         5.0115024689
        5.1050000000         1.5750000000         4.9669034668
        5.1100000000         1.5750000000         4.9146589216
        5.1150000000         1.5750000000         4.8687856623
        5.1200000000         1.5750000000         4.8165411170
        5.1250000000         1.5750000000         4.7706678577
        5.1300000000         1.5750000000         4.7171490552
        5.1350000000         1.5750000000         4.6712757960
        5.1400000000         1.5750000000         4.6190312507
        5.1450000000         1.5750000000         4.5731579914
        5.1500000000         1.5750000000         4.5221877033
        5.1550000000         1.5750000000         4.4788629584
        5.1600000000         1.5750000000         4.4291669276
        5.1650000000         1.5750000000         4.3718253535
        5.1700000000         1.5750000000         4.3335976374
        5.1750000000         1.5750000000         4.2775303205
        5.1800000000         1.5750000000         4.2316570612
        5.1850000000         1.5750000000         4.1845095448
        5.1900000000         1.5750000000         4.1399105427
        5.1950000000         1.5750000000         4.0940372834
        5.2000000000         1.5750000000         4.0405184809
        5.2050000000         1.5750000000         3.9971937360
        5.2100000000         1.5750000000         3.9462234480
        5.2150000000         1.5750000000         3.8952531599
        5.2200000000         1.5750000000         3.8519284150
        5.2250000000         1.5750000000         3.8060551557
        5.2300000000         1.5750000000         3.7538106104
        5.2350000000         1.5750000000         3.7028403224
        5.2400000000         1.5750000000         3.6582413203
        5.2450000000         1.5750000000         3.6085452894
        5.2500000000         1.5750000000         3.5652205445
        5.2550000000         1.5750000000         3.5129759992
        5.2600000000         1.5750000000         3.4645542256
        5.2650000000         1.5750000000         3.4199552235
        5.2700000000         1.5750000000         3.3664364210
        5.2750000000         1.5750000000         3.3205631617
        5.2800000000         1.5750000000         3.2746899025
        5.2850000000         1.5750000000         3.2211711000
        5.2900000000         1.5750000000         3.1791206123
        5.2950000000         1.5750000000         3.1294245814
        5.3000000000         1.5750000000         3.0797285505
        5.3050000000         1.5750000000         3.0364038057
        5.3100000000         1.5750000000         2.9828850032
        5.3150000000         1.5750000000         2.9344632295
        5.3200000000         1.5750000000         2.8924127418
        5.3250000000         1.5750000000         2.8414424537
        5.3300000000         1.5750000000         2.7955691945
        5.3350000000         1.5750000000         2.7522444496
        5.3400000000         1.5750000000         2.6987256471
        5.3450000000         1.5750000000         2.6490296162
        5.3500000000         1.5750000000         2.6031563569
        5.3550000000         1.5750000000         2.5509118117
        5.3600000000         1.5750000000         2.5075870668
        5.3650000000         1.5750000000         2.4566167787
        5.3700000000         1.5750000000         2.4107435194
        5.3750000000         1.5750000000         2.3623217457
        5.3800000000         1.5750000000         2.3151742293
        5.3850000000         1.5750000000         2.2680267128
        5.3900000000         1.5750000000         2.2170564247
        5.3950000000         1.5750000000         2.1737316798
        5.4000000000         1.5750000000         2.1202128773
        5.4050000000         1.5750000000         2.0756138753
        5.4100000000         1.5750000000         2.0233693300
        5.4150000000         1.5750000000         1.9800445851
        5.4200000000         1.5750000000         1.9290742970
        5.4250000000         1.5750000000         1.8857495522
        5.4300000000         1.5750000000         1.8347792641
        5.4350000000         1.5750000000         1.7901802620
        5.4400000000         1.5750000000         1.7443070027
        5.4450000000         1.5750000000         1.7009822579
        5.4500000000         1.5750000000         1.6512862270
        5.4550000000         1.5750000000         1.6079614821
        5.4600000000         1.5750000000         1.5557169368
        5.4650000000         1.5750000000         1.5111179347
        5.4700000000         1.5750000000         1.4665189327
        5.4750000000         1.5750000000         1.4168229018
        5.4800000000         1.5750000000         1.3709496425
        5.4850000000         1.5750000000         1.3288991548
        5.4900000000         1.5750000000         1.2741060952
        5.4950000000         1.5750000000         1.2295070931
        5.5000000000         1.5750000000         1.1836338338
        5.5050000000         1.5750000000         1.1364863173
        5.5100000000         1.5750000000         1.0867902864
        5.5150000000         1.5750000000         1.0447397988
        5.5200000000         1.5750000000         0.9950437679
        5.5250000000         1.5750000000         0.9555417946
        5.5300000000         1.5750000000         0.9045715065
        5.5350000000         1.5750000000         0.8574239901
        5.5400000000         1.5750000000         0.8140992452
        5.5450000000         1.5750000000         0.7593061855
        5.5500000000         1.5750000000         0.7185299550
        5.5550000000         1.5750000000         0.6713824386
        5.5600000000         1.5750000000         0.6229606649
        5.5650000000         1.5750000000         0.5770874056
        5.5700000000         1.5750000000         0.5235686031
        5.5750000000         1.5750000000         0.4815181154
        5.5800000000         1.5750000000         0.4305478274
        5.5850000000         1.5750000000         0.3859488253
        5.5900000000         1.5750000000         0.3413498232
        5.5950000000         1.5750000000         0.2929280495
        5.6000000000         1.5750000000         0.2470547903
        5.6050000000         1.5750000000         0.1922617306
        5.6100000000         1.5750000000         0.1540340145
        5.6150000000         1.5750000000         0.1030637264
        5.6200000000         1.5750000000         0.0533676955
        5.6250000000         1.5750000000         0.0125914651
        5.6300000000         1.5750000000        -0.0001511069
        5.6350000000         1.5750000000        -0.0001511069
        5.6400000000         1.5750000000         0.0062201791
        5.6450000000         1.5750000000         1.1097269161
        5.6500000000         1.5750000000         5.0675697858
        5.6550000000         1.5750000000         5.0637470142
        5.6600000000         1.5750000000         5.0586499854
        5.6650000000         1.5750000000         5.0115024689
        5.6700000000         1.5750000000         4.9681777240
        5.6750000000         1.5750000000         4.9159331788
        5.6800000000         1.5750000000         4.8713341767
        5.6850000000         1.5750000000         4.8203638886
        5.6900000000         1.5750000000         4.7706678577
        5.6950000000         1.5750000000         4.7171490552
        5.7000000000         1.5750000000         4.6700015388
        5.7050000000         1.5750000000         4.6152084791
        5.7100000000         1.5750000000         4.5693352198
        5.7150000000         1.5750000000         4.5158164173
        5.7200000000         1.5750000000         4.4750401868
        5.7250000000         1.5750000000         4.4202471271
        5.7300000000         1.5750000000         4.3718253535
        5.7350000000         1.5750000000         4.3208550654
        5.7400000000         1.5750000000         4.2800788349
        5.7450000000         1.5750000000         4.2316570612
        5.7500000000         1.5750000000         4.1768640015
        5.7550000000         1.5750000000         4.1335392567
        5.7600000000         1.5750000000         4.0889402546
        5.7650000000         1.5750000000         4.0366957093
        5.7700000000         1.5750000000         3.9831769068
        5.7750000000         1.5750000000         3.9424006764
        5.7800000000         1.5750000000         3.8901561311
        5.7850000000         1.5750000000         3.8417343574
        5.7900000000         1.5750000000         3.7996838697
        5.7950000000         1.5750000000         3.7474393244
        5.8000000000         1.5750000000         3.7028403224
        5.8050000000         1.5750000000         3.6531442915
        5.8100000000         1.5750000000         3.6072710322
        5.8150000000         1.5750000000         3.5588492585
        5.8200000000         1.5750000000         3.5142502564
        5.8250000000         1.5750000000         3.4620057112
        5.8300000000         1.5750000000         3.4186809663
        5.8350000000         1.5750000000         3.3715334498
        5.8400000000         1.5750000000         3.3231116761
        5.8450000000         1.5750000000         3.2823354457
        5.8500000000         1.5750000000         3.2288166432
        5.8550000000         1.5750000000         3.1791206123
        5.8600000000         1.5750000000         3.1408928962
        5.8650000000         1.5750000000         3.0886483509
        5.8700000000         1.5750000000         3.0415008345
        5.8750000000         1.5750000000         2.9969018324
        5.8800000000         1.5750000000         2.9484800587
        5.8850000000         1.5750000000         2.8924127418
        5.8900000000         1.5750000000         2.8503622542
        5.8950000000         1.5750000000         2.8044889949
        5.9000000000         1.5750000000         2.7637127644
        5.9050000000         1.5750000000         2.7089197047
        5.9100000000         1.5750000000         2.6617721882
        5.9150000000         1.5750000000         2.6273672438
        5.9200000000         1.5750000000         2.5662028981
        5.9250000000         1.5750000000         2.5203296388
        5.9300000000         1.5750000000         2.4770048939
        5.9350000000         1.5750000000         2.4209375770
        5.9400000000         1.5750000000         2.3788870894
        5.9450000000         1.5750000000         2.3304653157
        5.9500000000         1.5750000000         2.2782207704
        5.9550000000         1.5750000000         2.2361702827
        5.9600000000         1.5750000000         2.1864742519
        5.9650000000         1.5750000000         2.1367782210
        5.9700000000         1.5750000000         2.0934534761
        5.9750000000         1.5750000000         2.0437574452
        5.9800000000         1.5750000000         1.9966099287
        5.9850000000         1.5750000000         1.9469138979
        5.9900000000         1.5750000000         1.9035891530
        5.9950000000         1.5750000000         1.8538931221
        6.0000000000         1.5750000000         1.8131168916
        6.0050000000         1.5750000000         1.7634208608
        6.0100000000         1.5750000000         1.7175476015
        6.0150000000         1.5750000000         1.6678515706
        6.0200000000         1.5750000000         1.6245268257
        6.0250000000         1.5750000000         1.5761050521
        6.0300000000         1.5750000000         1.5327803072
        6.0350000000         1.5750000000         1.4881813051
        6.0400000000         1.5750000000         1.4397595314
        6.0450000000         1.5750000000         1.3938862722
        6.0500000000         1.5750000000         1.3467387557
        6.0550000000         1.5750000000         1.3008654964
        6.0600000000         1.5750000000         1.2537179799
        6.0650000000         1.5750000000         1.2091189778
