        0.0000000000         1.6500000000         4.1411847999
        0.0050000000         1.6500000000         4.1475560859
        0.0100000000         1.6500000000         4.1411847999
        0.0150000000         1.6500000000         4.1462818287
        0.0200000000         1.6500000000         4.1399105427
        0.0250000000         1.6500000000         4.1348135139
        0.0300000000         1.6500000000         4.1220709419
        0.0350000000         1.6500000000         4.1055055982
        0.0400000000         1.6500000000         4.0914887690
        0.0450000000         1.6500000000         4.0698263966
        0.0500000000         1.6500000000         4.0519867957
        0.0550000000         1.6500000000         4.0265016517
        0.0600000000         1.6500000000         4.0048392793
        0.0650000000         1.6500000000         3.9793541352
        0.0700000000         1.6500000000         3.9487719624
        0.0750000000         1.6500000000         3.9207383039
        0.0800000000         1.6500000000         3.8978016743
        0.0850000000         1.6500000000         3.8710422730
        0.0900000000         1.6500000000         3.8404601002
        0.0950000000         1.6500000000         3.8098779273
        0.1000000000         1.6500000000         3.7767472401
        0.1050000000         1.6500000000         3.7538106104
        0.1100000000         1.6500000000         3.7245026948
        0.1150000000         1.6500000000         3.6824522071
        0.1200000000         1.6500000000         3.6569670631
        0.1250000000         1.6500000000         3.6314819190
        0.1300000000         1.6500000000         3.5919799458
        0.1350000000         1.6500000000         3.5639462873
        0.1400000000         1.6500000000         3.5257185713
        0.1450000000         1.6500000000         3.4964106556
        0.1500000000         1.6500000000         3.4607314540
        0.1550000000         1.6500000000         3.4276007667
        0.1600000000         1.6500000000         3.3868245362
        0.1650000000         1.6500000000         3.3536938490
        0.1700000000         1.6500000000         3.3192889045
        0.1750000000         1.6500000000         3.2823354457
        0.1800000000         1.6500000000         3.2479305012
        0.1850000000         1.6500000000         3.2097027851
        0.1900000000         1.6500000000         3.1727493263
        0.1950000000         1.6500000000         3.1357958674
        0.2000000000         1.6500000000         3.1013909230
        0.2050000000         1.6500000000         3.0669859785
        0.2100000000         1.6500000000         3.0236612336
        0.2150000000         1.6500000000         2.9918048036
        0.2200000000         1.6500000000         2.9510285731
        0.2250000000         1.6500000000         2.9166236287
        0.2300000000         1.6500000000         2.8809444270
        0.2350000000         1.6500000000         2.8401681965
        0.2400000000         1.6500000000         2.8032147377
        0.2450000000         1.6500000000         2.7700840504
        0.2500000000         1.6500000000         2.7280335628
        0.2550000000         1.6500000000         2.6898058467
        0.2600000000         1.6500000000         2.6528523878
        0.2650000000         1.6500000000         2.6082533858
        0.2700000000         1.6500000000         2.5725741841
        0.2750000000         1.6500000000         2.5317979536
        0.2800000000         1.6500000000         2.4961187520
        0.2850000000         1.6500000000         2.4591652931
        0.2900000000         1.6500000000         2.4158405482
        0.2950000000         1.6500000000         2.3788870894
        0.3000000000         1.6500000000         2.3432078877
        0.3050000000         1.6500000000         2.2998831428
        0.3100000000         1.6500000000         2.2591069124
        0.3150000000         1.6500000000         2.2183306819
        0.3200000000         1.6500000000         2.1801029658
        0.3250000000         1.6500000000         2.1367782210
        0.3300000000         1.6500000000         2.1036475337
        0.3350000000         1.6500000000         2.0590485316
        0.3400000000         1.6500000000         2.0208208156
        0.3450000000         1.6500000000         1.9813188423
        0.3500000000         1.6500000000         1.9392683547
        0.3550000000         1.6500000000         1.9023148958
        0.3600000000         1.6500000000         1.8666356941
        0.3650000000         1.6500000000         1.8207624349
        0.3700000000         1.6500000000         1.7863574904
        0.3750000000         1.6500000000         1.7468555171
        0.3800000000         1.6500000000         1.7048050295
        0.3850000000         1.6500000000         1.6704000850
        0.3900000000         1.6500000000         1.6308981117
        0.3950000000         1.6500000000         1.5939446529
        0.4000000000         1.6500000000         1.5569911940
        0.4050000000         1.6500000000         1.5162149636
        0.4100000000         1.6500000000         1.4792615047
        0.4150000000         1.6500000000         1.4372110170
        0.4200000000         1.6500000000         1.4002575582
        0.4250000000         1.6500000000         1.3607555849
        0.4300000000         1.6500000000         1.3225278688
        0.4350000000         1.6500000000         1.2817516384
        0.4400000000         1.6500000000         1.2409754079
        0.4450000000         1.6500000000         1.2040219490
        0.4500000000         1.6500000000         1.1632457186
        0.4550000000         1.6500000000         1.1301150313
        0.4600000000         1.6500000000         1.0880645436
        0.4650000000         1.6500000000         1.0511110848
        0.4700000000         1.6500000000         1.0141576259
        0.4750000000         1.6500000000         0.9733813955
        0.4800000000         1.6500000000         0.9338794222
        0.4850000000         1.6500000000         0.9007487349
        0.4900000000         1.6500000000         0.8548754757
        0.4950000000         1.6500000000         0.8217447884
        0.5000000000         1.6500000000         0.7745972719
        0.5050000000         1.6500000000         0.7427408419
        0.5100000000         1.6500000000         0.6994160970
        0.5150000000         1.6500000000         0.6637368953
        0.5200000000         1.6500000000         0.6242349221
        0.5250000000         1.6500000000         0.5860072060
        0.5300000000         1.6500000000         0.5477794900
        0.5350000000         1.6500000000         0.5044547451
        0.5400000000         1.6500000000         0.4675012862
        0.5450000000         1.6500000000         0.4292735702
        0.5500000000         1.6500000000         0.3884973397
        0.5550000000         1.6500000000         0.3489953664
        0.5600000000         1.6500000000         0.3094933932
        0.5650000000         1.6500000000         0.2712656771
        0.5700000000         1.6500000000         0.2330379610
        0.5750000000         1.6500000000         0.1909874734
        0.5800000000         1.6500000000         0.1578567861
        0.5850000000         1.6500000000         0.1170805556
        0.5900000000         1.6500000000         0.0814013540
        0.5950000000         1.6500000000         0.0393508663
        0.6000000000         1.6500000000         0.0049459219
        0.6050000000         1.6500000000         0.0023974075
        0.6100000000         1.6500000000        -0.0026996214
        0.6150000000         1.6500000000         0.0062201791
        0.6200000000         1.6500000000         1.0804190004
        0.6250000000         1.6500000000         1.1071784017
        0.6300000000         1.6500000000         5.0701183002
        0.6350000000         1.6500000000         5.0624727570
        0.6400000000         1.6500000000         5.0688440430
        0.6450000000         1.6500000000         5.0306163269
        0.6500000000         1.6500000000         4.9860173249
        0.6550000000         1.6500000000         4.9477896088
        0.6600000000         1.6500000000         4.9019163495
        0.6650000000         1.6500000000         4.8649628907
        0.6700000000         1.6500000000         4.8190896314
        0.6750000000         1.6500000000         4.7744906293
        0.6800000000         1.6500000000         4.7362629133
        0.6850000000         1.6500000000         4.6916639112
        0.6900000000         1.6500000000         4.6534361951
        0.6950000000         1.6500000000         4.6050144214
        0.7000000000         1.6500000000         4.5680609626
        0.7050000000         1.6500000000         4.5196391889
        0.7100000000         1.6500000000         4.4839599872
        0.7150000000         1.6500000000         4.4419094996
        0.7200000000         1.6500000000         4.3947619831
        0.7250000000         1.6500000000         4.3527114954
        0.7300000000         1.6500000000         4.3144837794
        0.7350000000         1.6500000000         4.2724332917
        0.7400000000         1.6500000000         4.2342055756
        0.7450000000         1.6500000000         4.1947036024
        0.7500000000         1.6500000000         4.1526531147
        0.7550000000         1.6500000000         4.1106026270
        0.7600000000         1.6500000000         4.0647293678
        0.7650000000         1.6500000000         4.0252273945
        0.7700000000         1.6500000000         3.9844511640
        0.7750000000         1.6500000000         3.9449491908
        0.7800000000         1.6500000000         3.9028987031
        0.7850000000         1.6500000000         3.8570254438
        0.7900000000         1.6500000000         3.8111521845
        0.7950000000         1.6500000000         3.7767472401
        0.8000000000         1.6500000000         3.7283254664
        0.8050000000         1.6500000000         3.6888234931
        0.8100000000         1.6500000000         3.6454987483
        0.8150000000         1.6500000000         3.6034482606
        0.8200000000         1.6500000000         3.5613977729
        0.8250000000         1.6500000000         3.5193472853
        0.8300000000         1.6500000000         3.4772967976
        0.8350000000         1.6500000000         3.4365205671
        0.8400000000         1.6500000000         3.3931958222
        0.8450000000         1.6500000000         3.3524195918
        0.8500000000         1.6500000000         3.3078205897
        0.8550000000         1.6500000000         3.2657701020
        0.8600000000         1.6500000000         3.2224453572
        0.8650000000         1.6500000000         3.1803948695
        0.8700000000         1.6500000000         3.1345216102
        0.8750000000         1.6500000000         3.0924711226
        0.8800000000         1.6500000000         3.0516948921
        0.8850000000         1.6500000000         3.0134671760
        0.8900000000         1.6500000000         2.9675939167
        0.8950000000         1.6500000000         2.9268176863
        0.9000000000         1.6500000000         2.8847671986
        0.9050000000         1.6500000000         2.8376196821
        0.9100000000         1.6500000000         2.8019404805
        0.9150000000         1.6500000000         2.7598899928
        0.9200000000         1.6500000000         2.7114682191
        0.9250000000         1.6500000000         2.6719662459
        0.9300000000         1.6500000000         2.6299157582
        0.9350000000         1.6500000000         2.5878652705
        0.9400000000         1.6500000000         2.5483632973
        0.9450000000         1.6500000000         2.4961187520
        0.9500000000         1.6500000000         2.4642623219
        0.9550000000         1.6500000000         2.4132920338
        0.9600000000         1.6500000000         2.3750643178
        0.9650000000         1.6500000000         2.3317395729
        0.9700000000         1.6500000000         2.2909633424
        0.9750000000         1.6500000000         2.2489128548
        0.9800000000         1.6500000000         2.2017653383
        0.9850000000         1.6500000000         2.1673603938
        0.9900000000         1.6500000000         2.1227613918
        0.9950000000         1.6500000000         2.0972762477
        1.0000000000         1.6500000000         2.0399346736
        1.0050000000         1.6500000000         1.9978841859
        1.0100000000         1.6500000000         1.9596564699
        1.0150000000         1.6500000000         1.9125089534
        1.0200000000         1.6500000000         1.8755554945
        1.0250000000         1.6500000000         1.8360535213
        1.0300000000         1.6500000000         1.7889060048
        1.0350000000         1.6500000000         1.7532268031
        1.0400000000         1.6500000000         1.7124505727
        1.0450000000         1.6500000000         1.6691258278
        1.0500000000         1.6500000000         1.6308981117
        1.0550000000         1.6500000000         1.5926703957
        1.0600000000         1.6500000000         1.5557169368
        1.0650000000         1.6500000000         1.5098436775
        1.0700000000         1.6500000000         1.4741644759
        1.0750000000         1.6500000000         1.4321139882
        1.0800000000         1.6500000000         1.3951605294
        1.0850000000         1.6500000000         1.3467387557
        1.0900000000         1.6500000000         1.3123338112
        1.0950000000         1.6500000000         1.2715575807
        1.1000000000         1.6500000000         1.2282328359
        1.1050000000         1.6500000000         1.1938278914
        1.1100000000         1.6500000000         1.1479546321
        1.1150000000         1.6500000000         1.1160982021
        1.1200000000         1.6500000000         1.0702249428
        1.1250000000         1.6500000000         1.0358199984
        1.1300000000         1.6500000000         0.9924952535
        1.1350000000         1.6500000000         0.9555417946
        1.1400000000         1.6500000000         0.9109427926
        1.1450000000         1.6500000000         0.8778121053
        1.1500000000         1.6500000000         0.8332131032
        1.1550000000         1.6500000000         0.7962596444
        1.1600000000         1.6500000000         0.7516606423
        1.1650000000         1.6500000000         0.7159814406
        1.1700000000         1.6500000000         0.6726566958
        1.1750000000         1.6500000000         0.6382517513
        1.1800000000         1.6500000000         0.5974755208
        1.1850000000         1.6500000000         0.5528765188
        1.1900000000         1.6500000000         0.5171973171
        1.1950000000         1.6500000000         0.4789696010
        1.2000000000         1.6500000000         0.4369191134
        1.2050000000         1.6500000000         0.3935943685
        1.2100000000         1.6500000000         0.3630121957
        1.2150000000         1.6500000000         0.3196874508
        1.2200000000         1.6500000000         0.2827339919
        1.2250000000         1.6500000000         0.2381349898
        1.2300000000         1.6500000000         0.1960845022
        1.2350000000         1.6500000000         0.1604053005
        1.2400000000         1.6500000000         0.1234518417
        1.2450000000         1.6500000000         0.0775785824
        1.2500000000         1.6500000000         0.0457221523
        1.2550000000         1.6500000000        -0.0001511069
        1.2600000000         1.6500000000        -0.0001511069
        1.2650000000         1.6500000000        -0.0001511069
        1.2700000000         1.6500000000        -0.0001511069
        1.2750000000         1.6500000000         1.0867902864
        1.2800000000         1.6500000000         1.0829675148
        1.2850000000         1.6500000000         5.0675697858
        1.2900000000         1.6500000000         5.0675697858
        1.2950000000         1.6500000000         5.0662955286
        1.3000000000         1.6500000000         5.0280678125
        1.3050000000         1.6500000000         4.9885658393
        1.3100000000         1.6500000000         4.9388698084
        1.3150000000         1.6500000000         4.9006420923
        1.3200000000         1.6500000000         4.8585916047
        1.3250000000         1.6500000000         4.8152668598
        1.3300000000         1.6500000000         4.7706678577
        1.3350000000         1.6500000000         4.7362629133
        1.3400000000         1.6500000000         4.6865668824
        1.3450000000         1.6500000000         4.6483391663
        1.3500000000         1.6500000000         4.6011916498
        1.3550000000         1.6500000000         4.5655124482
        1.3600000000         1.6500000000         4.5183649317
        1.3650000000         1.6500000000         4.4763144440
        1.3700000000         1.6500000000         4.4317154420
        1.3750000000         1.6500000000         4.3973104975
        1.3800000000         1.6500000000         4.3552600098
        1.3850000000         1.6500000000         4.3081124934
        1.3900000000         1.6500000000         4.2673362629
        1.3950000000         1.6500000000         4.2227372608
        1.4000000000         1.6500000000         4.1794125159
        1.4050000000         1.6500000000         4.1411847999
        1.4100000000         1.6500000000         4.0965857978
        1.4150000000         1.6500000000         4.0545353101
        1.4200000000         1.6500000000         4.0086620509
        1.4250000000         1.6500000000         3.9678858204
        1.4300000000         1.6500000000         3.9245610755
        1.4350000000         1.6500000000         3.8876076167
        1.4400000000         1.6500000000         3.8417343574
        1.4450000000         1.6500000000         3.8022323841
        1.4500000000         1.6500000000         3.7550848676
        1.4550000000         1.6500000000         3.7143086372
        1.4600000000         1.6500000000         3.6684353779
        1.4650000000         1.6500000000         3.6276591474
        1.4700000000         1.6500000000         3.5843344026
        1.4750000000         1.6500000000         3.5448324293
        1.4800000000         1.6500000000         3.4964106556
        1.4850000000         1.6500000000         3.4581829396
        1.4900000000         1.6500000000         3.4148581947
        1.4950000000         1.6500000000         3.3753562214
        1.5000000000         1.6500000000         3.3269344477
        1.5050000000         1.6500000000         3.2887067317
        1.5100000000         1.6500000000         3.2441077296
        1.5150000000         1.6500000000         3.1982344703
        1.5200000000         1.6500000000         3.1638295259
        1.5250000000         1.6500000000         3.1166820094
        1.5300000000         1.6500000000         3.0746315217
        1.5350000000         1.6500000000         3.0338552913
        1.5400000000         1.6500000000         2.9892562892
        1.5450000000         1.6500000000         2.9484800587
        1.5500000000         1.6500000000         2.9115265999
        1.5550000000         1.6500000000         2.8618305690
        1.5600000000         1.6500000000         2.8223285957
        1.5650000000         1.6500000000         2.7777295936
        1.5700000000         1.6500000000         2.7382276204
        1.5750000000         1.6500000000         2.6936286183
        1.5800000000         1.6500000000         2.6490296162
        1.5850000000         1.6500000000         2.6069791286
        1.5900000000         1.6500000000         2.5598316121
        1.5950000000         1.6500000000         2.5216038960
        1.6000000000         1.6500000000         2.4795534083
        1.6050000000         1.6500000000         2.4324058919
        1.6100000000         1.6500000000         2.3954524330
        1.6150000000         1.6500000000         2.3483049165
        1.6200000000         1.6500000000         2.3062544289
        1.6250000000         1.6500000000         2.2667524556
        1.6300000000         1.6500000000         2.2247019679
        1.6350000000         1.6500000000         2.1788287086
        1.6400000000         1.6500000000         2.1418752498
        1.6450000000         1.6500000000         2.0960019905
        1.6500000000         1.6500000000         2.0514029884
        1.6550000000         1.6500000000         2.0119010152
        1.6600000000         1.6500000000         1.9736732991
        1.6650000000         1.6500000000         1.9265257826
        1.6700000000         1.6500000000         1.8946693526
        1.6750000000         1.6500000000         1.8526188649
        1.6800000000         1.6500000000         1.8105683772
        1.6850000000         1.6500000000         1.7723406612
        1.6900000000         1.6500000000         1.7290159163
        1.6950000000         1.6500000000         1.6869654286
        1.7000000000         1.6500000000         1.6461891982
        1.7050000000         1.6500000000         1.6156070253
        1.7100000000         1.6500000000         1.5659109944
        1.7150000000         1.6500000000         1.5264090212
        1.7200000000         1.6500000000         1.4971011055
        1.7250000000         1.6500000000         1.4461308174
        1.7300000000         1.6500000000         1.4066288442
        1.7350000000         1.6500000000         1.3620298421
        1.7400000000         1.6500000000         1.3288991548
        1.7450000000         1.6500000000         1.2830258956
        1.7500000000         1.6500000000         1.2460724367
        1.7550000000         1.6500000000         1.2027476918
        1.7600000000         1.6500000000         1.1657942330
        1.7650000000         1.6500000000         1.1250180025
        1.7700000000         1.6500000000         1.0842417720
        1.7750000000         1.6500000000         1.0434655416
        1.7800000000         1.6500000000         1.0052378255
        1.7850000000         1.6500000000         0.9644615950
        1.7900000000         1.6500000000         0.9275081362
        1.7950000000         1.6500000000         0.8867319057
        1.8000000000         1.6500000000         0.8459556752
        1.8050000000         1.6500000000         0.8064537020
        1.8100000000         1.6500000000         0.7644032143
        1.8150000000         1.6500000000         0.7261754982
        1.8200000000         1.6500000000         0.6853992678
        1.8250000000         1.6500000000         0.6446230373
        1.8300000000         1.6500000000         0.6038468068
        1.8350000000         1.6500000000         0.5630705764
        1.8400000000         1.6500000000         0.5210200887
        1.8450000000         1.6500000000         0.4866151443
        1.8500000000         1.6500000000         0.4445646566
        1.8550000000         1.6500000000         0.4025141689
        1.8600000000         1.6500000000         0.3630121957
        1.8650000000         1.6500000000         0.3273329940
        1.8700000000         1.6500000000         0.2814597347
        1.8750000000         1.6500000000         0.2445062759
        1.8800000000         1.6500000000         0.2062785598
        1.8850000000         1.6500000000         0.1655023293
        1.8900000000         1.6500000000         0.1260003561
        1.8950000000         1.6500000000         0.0903211544
        1.9000000000         1.6500000000         0.0457221523
        1.9050000000         1.6500000000         0.0100429507
        1.9100000000         1.6500000000        -0.0026996214
        1.9150000000         1.6500000000        -0.0001511069
        1.9200000000         1.6500000000        -0.0001511069
        1.9250000000         1.6500000000         1.1313892885
        1.9300000000         1.6500000000         1.1352120601
        1.9350000000         1.6500000000         5.0650212714
        1.9400000000         1.6500000000         5.0701183002
        1.9450000000         1.6500000000         5.0650212714
        1.9500000000         1.6500000000         5.0306163269
        1.9550000000         1.6500000000         4.9872915821
        1.9600000000         1.6500000000         4.9439668372
        1.9650000000         1.6500000000         4.9006420923
        1.9700000000         1.6500000000         4.8598658619
        1.9750000000         1.6500000000         4.8127183454
        1.9800000000         1.6500000000         4.7681193433
        1.9850000000         1.6500000000         4.7286173701
        1.9900000000         1.6500000000         4.6801955964
        1.9950000000         1.6500000000         4.6406936231
        2.0000000000         1.6500000000         4.5935461066
        2.0050000000         1.6500000000         4.5502213618
        2.0100000000         1.6500000000         4.5094451313
        2.0150000000         1.6500000000         4.4622976148
        2.0200000000         1.6500000000         4.4227956415
        2.0250000000         1.6500000000         4.3794708967
        2.0300000000         1.6500000000         4.3335976374
        2.0350000000         1.6500000000         4.2940956641
        2.0400000000         1.6500000000         4.2571422053
        2.0450000000         1.6500000000         4.2074461744
        2.0500000000         1.6500000000         4.1641214295
        2.0550000000         1.6500000000         4.1335392567
        2.0600000000         1.6500000000         4.0851174830
        2.0650000000         1.6500000000         4.0366957093
        2.0700000000         1.6500000000         4.0022907649
        2.0750000000         1.6500000000         3.9513204768
        2.0800000000         1.6500000000         3.9092699891
        2.0850000000         1.6500000000         3.8672195014
        2.0900000000         1.6500000000         3.8264432710
        2.0950000000         1.6500000000         3.7805700117
        2.1000000000         1.6500000000         3.7346967524
        2.1050000000         1.6500000000         3.6990175508
        2.1100000000         1.6500000000         3.6518700343
        2.1150000000         1.6500000000         3.6034482606
        2.1200000000         1.6500000000         3.5664948017
        2.1250000000         1.6500000000         3.5180730281
        2.1300000000         1.6500000000         3.4760225404
        2.1350000000         1.6500000000         3.4352463099
        2.1400000000         1.6500000000         3.3855502790
        2.1450000000         1.6500000000         3.3473225630
        2.1500000000         1.6500000000         3.3027235609
        2.1550000000         1.6500000000         3.2568503016
        2.1600000000         1.6500000000         3.2147998140
        2.1650000000         1.6500000000         3.1752978407
        2.1700000000         1.6500000000         3.1294245814
        2.1750000000         1.6500000000         3.0899226081
        2.1800000000         1.6500000000         3.0453236061
        2.1850000000         1.6500000000         3.0007246040
        2.1900000000         1.6500000000         2.9523028303
        2.1950000000         1.6500000000         2.9115265999
        2.2000000000         1.6500000000         2.8707503694
        2.2050000000         1.6500000000         2.8248771101
        2.2100000000         1.6500000000         2.7904721657
        2.2150000000         1.6500000000         2.7407761348
        2.2200000000         1.6500000000         2.6961771327
        2.2250000000         1.6500000000         2.6515781306
        2.2300000000         1.6500000000         2.6120761574
        2.2350000000         1.6500000000         2.5674771553
        2.2400000000         1.6500000000         2.5216038960
        2.2450000000         1.6500000000         2.4846504371
        2.2500000000         1.6500000000         2.4400514351
        2.2550000000         1.6500000000         2.3916296614
        2.2600000000         1.6500000000         2.3534019453
        2.2650000000         1.6500000000         2.3088029433
        2.2700000000         1.6500000000         2.2642039412
        2.2750000000         1.6500000000         2.2234277107
        2.2800000000         1.6500000000         2.1762801942
        2.2850000000         1.6500000000         2.1355039638
        2.2900000000         1.6500000000         2.0896307045
        2.2950000000         1.6500000000         2.0539515028
        2.3000000000         1.6500000000         2.0093525008
        2.3050000000         1.6500000000         1.9647534987
        2.3100000000         1.6500000000         1.9239772682
        2.3150000000         1.6500000000         1.8832010378
        2.3200000000         1.6500000000         1.8424248073
        2.3250000000         1.6500000000         1.7978258052
        2.3300000000         1.6500000000         1.7621466036
        2.3350000000         1.6500000000         1.7149990871
        2.3400000000         1.6500000000         1.6805941426
        2.3450000000         1.6500000000         1.6321723689
        2.3500000000         1.6500000000         1.5939446529
        2.3550000000         1.6500000000         1.5518941652
        2.3600000000         1.6500000000         1.5123921919
        2.3650000000         1.6500000000         1.4728902187
        2.3700000000         1.6500000000         1.4295654738
        2.3750000000         1.6500000000         1.3913377577
        2.3800000000         1.6500000000         1.3505615273
        2.3850000000         1.6500000000         1.3097852968
        2.3900000000         1.6500000000         1.2651862947
        2.3950000000         1.6500000000         1.2282328359
        2.4000000000         1.6500000000         1.1874566054
        2.4050000000         1.6500000000         1.1441318605
        2.4100000000         1.6500000000         1.1084526589
        2.4150000000         1.6500000000         1.0676764284
        2.4200000000         1.6500000000         1.0269001979
        2.4250000000         1.6500000000         0.9886724819
        2.4300000000         1.6500000000         0.9415249654
        2.4350000000         1.6500000000         0.9071200209
        2.4400000000         1.6500000000         0.8650695333
        2.4450000000         1.6500000000         0.8191962740
        2.4500000000         1.6500000000         0.7873398440
        2.4550000000         1.6500000000         0.7440150991
        2.4600000000         1.6500000000         0.7057873830
        2.4650000000         1.6500000000         0.6637368953
        2.4700000000         1.6500000000         0.6331547225
        2.4750000000         1.6500000000         0.5834586916
        2.4800000000         1.6500000000         0.5388596895
        2.4850000000         1.6500000000         0.5019062307
        2.4900000000         1.6500000000         0.4624042574
        2.4950000000         1.6500000000         0.4216280269
        2.5000000000         1.6500000000         0.3834003109
        2.5050000000         1.6500000000         0.3400755660
        2.5100000000         1.6500000000         0.3005735927
        2.5150000000         1.6500000000         0.2636201339
        2.5200000000         1.6500000000         0.2202953890
        2.5250000000         1.6500000000         0.1820676730
        2.5300000000         1.6500000000         0.1412914425
        2.5350000000         1.6500000000         0.1030637264
        2.5400000000         1.6500000000         0.0610132388
        2.5450000000         1.6500000000         0.0215112655
        2.5500000000         1.6500000000         0.0049459219
        2.5550000000         1.6500000000         0.0011231503
        2.5600000000         1.6500000000         0.0011231503
        2.5650000000         1.6500000000         1.1033556301
        2.5700000000         1.6500000000         1.0855160292
        2.5750000000         1.6500000000         5.0637470142
        2.5800000000         1.6500000000         5.0650212714
        2.5850000000         1.6500000000         5.0637470142
        2.5900000000         1.6500000000         5.0408103846
        2.5950000000         1.6500000000         4.9962113825
        2.6000000000         1.6500000000         4.9579836664
        2.6050000000         1.6500000000         4.9108361500
        2.6100000000         1.6500000000         4.8675114051
        2.6150000000         1.6500000000         4.8292836890
        2.6200000000         1.6500000000         4.7783134009
        2.6250000000         1.6500000000         4.7375371705
        2.6300000000         1.6500000000         4.6865668824
        2.6350000000         1.6500000000         4.6547104523
        2.6400000000         1.6500000000         4.6062886786
        2.6450000000         1.6500000000         4.5680609626
        2.6500000000         1.6500000000         4.5196391889
        2.6550000000         1.6500000000         4.4877827589
        2.6600000000         1.6500000000         4.4329896992
        2.6650000000         1.6500000000         4.3934877259
        2.6700000000         1.6500000000         4.3616312958
        2.6750000000         1.6500000000         4.3055639790
        2.6800000000         1.6500000000         4.2660620057
        2.6850000000         1.6500000000         4.2176402320
        2.6900000000         1.6500000000         4.1781382587
        2.6950000000         1.6500000000         4.1360877711
        2.7000000000         1.6500000000         4.0889402546
        2.7050000000         1.6500000000         4.0468897669
        2.7100000000         1.6500000000         4.0061135365
        2.7150000000         1.6500000000         3.9653373060
        2.7200000000         1.6500000000         3.9169155323
        2.7250000000         1.6500000000         3.8723165302
        2.7300000000         1.6500000000         3.8251690138
        2.7350000000         1.6500000000         3.7856670405
        2.7400000000         1.6500000000         3.7423422956
        2.7450000000         1.6500000000         3.6964690363
        2.7500000000         1.6500000000         3.6556928059
        2.7550000000         1.6500000000         3.6072710322
        2.7600000000         1.6500000000         3.5639462873
        2.7650000000         1.6500000000         3.5231700569
        2.7700000000         1.6500000000         3.4772967976
        2.7750000000         1.6500000000         3.4288750239
        2.7800000000         1.6500000000         3.3880987934
        2.7850000000         1.6500000000         3.3409512770
        2.7900000000         1.6500000000         3.3001750465
        2.7950000000         1.6500000000         3.2606730732
        2.8000000000         1.6500000000         3.2109770423
        2.8050000000         1.6500000000         3.1676522975
        2.8100000000         1.6500000000         3.1192305238
        2.8150000000         1.6500000000         3.0810028077
        2.8200000000         1.6500000000         3.0313067769
        2.8250000000         1.6500000000         2.9969018324
        2.8300000000         1.6500000000         2.9535770875
        2.8350000000         1.6500000000         2.9128008571
        2.8400000000         1.6500000000         2.8631048262
        2.8450000000         1.6500000000         2.8248771101
        2.8500000000         1.6500000000         2.7751810792
        2.8550000000         1.6500000000         2.7382276204
        2.8600000000         1.6500000000         2.6898058467
        2.8650000000         1.6500000000         2.6515781306
        2.8700000000         1.6500000000         2.6044306141
        2.8750000000         1.6500000000         2.5572830977
        2.8800000000         1.6500000000         2.5203296388
        2.8850000000         1.6500000000         2.4731821223
        2.8900000000         1.6500000000         2.4324058919
        2.8950000000         1.6500000000         2.3865326326
        2.9000000000         1.6500000000         2.3457564021
        2.9050000000         1.6500000000         2.2998831428
        2.9100000000         1.6500000000         2.2603811696
        2.9150000000         1.6500000000         2.2132336531
        2.9200000000         1.6500000000         2.1724574226
        2.9250000000         1.6500000000         2.1304069350
        2.9300000000         1.6500000000         2.0870821901
        2.9350000000         1.6500000000         2.0475802168
        2.9400000000         1.6500000000         1.9978841859
        2.9450000000         1.6500000000         1.9596564699
        2.9500000000         1.6500000000         1.9201544966
        2.9550000000         1.6500000000         1.8717327229
        2.9600000000         1.6500000000         1.8373277785
        2.9650000000         1.6500000000         1.7927287764
        2.9700000000         1.6500000000         1.7519525459
        2.9750000000         1.6500000000         1.7124505727
        2.9800000000         1.6500000000         1.6691258278
        2.9850000000         1.6500000000         1.6245268257
        2.9900000000         1.6500000000         1.5837505953
        2.9950000000         1.6500000000         1.5467971364
        3.0000000000         1.6500000000         1.5021981343
        3.0050000000         1.6500000000         1.4665189327
        3.0100000000         1.6500000000         1.4219199306
        3.0150000000         1.6500000000         1.3849664717
        3.0200000000         1.6500000000         1.3378189553
        3.0250000000         1.6500000000         1.3021397536
        3.0300000000         1.6500000000         1.2588150087
        3.0350000000         1.6500000000         1.2205872927
        3.0400000000         1.6500000000         1.1810853194
        3.0450000000         1.6500000000         1.1377605745
        3.0500000000         1.6500000000         1.1020813729
        3.0550000000         1.6500000000         1.0613051424
        3.0600000000         1.6500000000         1.0192546547
        3.0650000000         1.6500000000         0.9746556527
        3.0700000000         1.6500000000         0.9402507082
        3.0750000000         1.6500000000         0.8994744777
        3.0800000000         1.6500000000         0.8548754757
        3.0850000000         1.6500000000         0.8191962740
        3.0900000000         1.6500000000         0.7784200435
        3.0950000000         1.6500000000         0.7389180703
        3.1000000000         1.6500000000         0.6943190682
        3.1050000000         1.6500000000         0.6573656093
        3.1100000000         1.6500000000         0.6204121505
        3.1150000000         1.6500000000         0.5758131484
        3.1200000000         1.6500000000         0.5388596895
        3.1250000000         1.6500000000         0.4942606875
        3.1300000000         1.6500000000         0.4534844570
        3.1350000000         1.6500000000         0.4203537697
        3.1400000000         1.6500000000         0.3757547677
        3.1450000000         1.6500000000         0.3311557656
        3.1500000000         1.6500000000         0.2980250783
        3.1550000000         1.6500000000         0.2547003335
        3.1600000000         1.6500000000         0.2151983602
        3.1650000000         1.6500000000         0.1769706441
        3.1700000000         1.6500000000         0.1336458993
        3.1750000000         1.6500000000         0.0941439260
        3.1800000000         1.6500000000         0.0584647243
        3.1850000000         1.6500000000         0.0138657223
        3.1900000000         1.6500000000        -0.0014253642
        3.1950000000         1.6500000000        -0.0001511069
        3.2000000000         1.6500000000         0.0011231503
        3.2050000000         1.6500000000         1.0829675148
        3.2100000000         1.6500000000         1.1313892885
        3.2150000000         1.6500000000         5.0675697858
        3.2200000000         1.6500000000         5.0637470142
        3.2250000000         1.6500000000         5.0611984998
        3.2300000000         1.6500000000         5.0306163269
        3.2350000000         1.6500000000         4.9860173249
        3.2400000000         1.6500000000         4.9426925800
        3.2450000000         1.6500000000         4.9019163495
        3.2500000000         1.6500000000         4.8585916047
        3.2550000000         1.6500000000         4.8114440882
        3.2600000000         1.6500000000         4.7719421149
        3.2650000000         1.6500000000         4.7286173701
        3.2700000000         1.6500000000         4.6840183680
        3.2750000000         1.6500000000         4.6419678803
        3.2800000000         1.6500000000         4.5973688782
        3.2850000000         1.6500000000         4.5565926478
        3.2900000000         1.6500000000         4.5056223597
        3.2950000000         1.6500000000         4.4661203864
        3.3000000000         1.6500000000         4.4240698987
        3.3050000000         1.6500000000         4.3845679255
        3.3100000000         1.6500000000         4.3399689234
        3.3150000000         1.6500000000         4.2979184357
        3.3200000000         1.6500000000         4.2533194337
        3.3250000000         1.6500000000         4.2074461744
        3.3300000000         1.6500000000         4.1679442011
        3.3350000000         1.6500000000         4.1233451991
        3.3400000000         1.6500000000         4.0761976826
        3.3450000000         1.6500000000         4.0379699665
        3.3500000000         1.6500000000         3.9895481928
        3.3550000000         1.6500000000         3.9513204768
        3.3600000000         1.6500000000         3.9028987031
        3.3650000000         1.6500000000         3.8621224726
        3.3700000000         1.6500000000         3.8162492133
        3.3750000000         1.6500000000         3.7741987257
        3.3800000000         1.6500000000         3.7308739808
        3.3850000000         1.6500000000         3.6888234931
        3.3900000000         1.6500000000         3.6442244911
        3.3950000000         1.6500000000         3.6008997462
        3.4000000000         1.6500000000         3.5601235157
        3.4050000000         1.6500000000         3.5142502564
        3.4100000000         1.6500000000         3.4734740260
        3.4150000000         1.6500000000         3.4263265095
        3.4200000000         1.6500000000         3.3868245362
        3.4250000000         1.6500000000         3.3396770198
        3.4300000000         1.6500000000         3.2976265321
        3.4350000000         1.6500000000         3.2479305012
        3.4400000000         1.6500000000         3.2084285279
        3.4450000000         1.6500000000         3.1651037831
        3.4500000000         1.6500000000         3.1179562666
        3.4550000000         1.6500000000         3.0771800361
        3.4600000000         1.6500000000         3.0287582624
        3.4650000000         1.6500000000         2.9905305464
        3.4700000000         1.6500000000         2.9382860011
        3.4750000000         1.6500000000         2.8987840278
        3.4800000000         1.6500000000         2.8618305690
        3.4850000000         1.6500000000         2.8159573097
        3.4900000000         1.6500000000         2.7675355360
        3.4950000000         1.6500000000         2.7305820772
        3.5000000000         1.6500000000         2.6821603035
        3.5050000000         1.6500000000         2.6452068446
        3.5100000000         1.6500000000         2.5967850709
        3.5150000000         1.6500000000         2.5483632973
        3.5200000000         1.6500000000         2.5114098384
        3.5250000000         1.6500000000         2.4629880647
        3.5300000000         1.6500000000         2.4234860914
        3.5350000000         1.6500000000         2.3776128322
        3.5400000000         1.6500000000         2.3381108589
        3.5450000000         1.6500000000         2.2960603712
        3.5500000000         1.6500000000         2.2476385976
        3.5550000000         1.6500000000         2.2004910811
        3.5600000000         1.6500000000         2.1635376222
        3.5650000000         1.6500000000         2.1240356490
        3.5700000000         1.6500000000         2.0730653609
        3.5750000000         1.6500000000         2.0373861592
        3.5800000000         1.6500000000         1.9915128999
        3.5850000000         1.6500000000         1.9443653835
        3.5900000000         1.6500000000         1.9048634102
        3.5950000000         1.6500000000         1.8628129225
        3.6000000000         1.6500000000         1.8207624349
        3.6050000000         1.6500000000         1.7787119472
        3.6100000000         1.6500000000         1.7366614595
        3.6150000000         1.6500000000         1.6946109718
        3.6200000000         1.6500000000         1.6512862270
        3.6250000000         1.6500000000         1.6296238545
        3.6300000000         1.6500000000         1.5697337660
        3.6350000000         1.6500000000         1.5327803072
        3.6400000000         1.6500000000         1.4830842763
        3.6450000000         1.6500000000         1.4461308174
        3.6500000000         1.6500000000         1.4015318154
        3.6550000000         1.6500000000         1.3633040993
        3.6600000000         1.6500000000         1.3187050972
        3.6650000000         1.6500000000         1.2817516384
        3.6700000000         1.6500000000         1.2371526363
        3.6750000000         1.6500000000         1.1963764058
        3.6800000000         1.6500000000         1.1530516610
        3.6850000000         1.6500000000         1.1173724593
        3.6900000000         1.6500000000         1.0740477144
        3.6950000000         1.6500000000         1.0294487123
        3.7000000000         1.6500000000         0.9873982247
        3.7050000000         1.6500000000         0.9517190230
        3.7100000000         1.6500000000         0.9058457637
        3.7150000000         1.6500000000         0.8663437905
        3.7200000000         1.6500000000         0.8293903316
        3.7250000000         1.6500000000         0.7860655867
        3.7300000000         1.6500000000         0.7440150991
        3.7350000000         1.6500000000         0.7045131258
        3.7400000000         1.6500000000         0.6624626381
        3.7450000000         1.6500000000         0.6229606649
        3.7500000000         1.6500000000         0.5783616628
        3.7550000000         1.6500000000         0.5375854323
        3.7600000000         1.6500000000         0.4980834591
        3.7650000000         1.6500000000         0.4522101998
        3.7700000000         1.6500000000         0.4178052553
        3.7750000000         1.6500000000         0.3719319961
        3.7800000000         1.6500000000         0.3286072512
        3.7850000000         1.6500000000         0.2903795351
        3.7900000000         1.6500000000         0.2457805331
        3.7950000000         1.6500000000         0.2101013314
        3.8000000000         1.6500000000         0.1667765865
        3.8050000000         1.6500000000         0.1298231277
        3.8100000000         1.6500000000         0.0864983828
        3.8150000000         1.6500000000         0.0457221523
        3.8200000000         1.6500000000         0.0087686935
        3.8250000000         1.6500000000         0.0011231503
        3.8300000000         1.6500000000        -0.0001511069
        3.8350000000         1.6500000000         0.0049459219
        3.8400000000         1.6500000000         1.0867902864
        3.8450000000         1.6500000000         1.1326635457
        3.8500000000         1.6500000000         5.0662955286
        3.8550000000         1.6500000000         5.0675697858
        3.8600000000         1.6500000000         5.0611984998
        3.8650000000         1.6500000000         5.0165994977
        3.8700000000         1.6500000000         4.9732747529
        3.8750000000         1.6500000000         4.9350470368
        3.8800000000         1.6500000000         4.8878995203
        3.8850000000         1.6500000000         4.8433005182
        3.8900000000         1.6500000000         4.7987015162
        3.8950000000         1.6500000000         4.7579252857
        3.9000000000         1.6500000000         4.7146005408
        3.9050000000         1.6500000000         4.6687272816
        3.9100000000         1.6500000000         4.6254025367
        3.9150000000         1.6500000000         4.5820777918
        3.9200000000         1.6500000000         4.5374787897
        3.9250000000         1.6500000000         4.4954283021
        3.9300000000         1.6500000000         4.4495550428
        3.9350000000         1.6500000000         4.4100530695
        3.9400000000         1.6500000000         4.3641798103
        3.9450000000         1.6500000000         4.3259520942
        3.9500000000         1.6500000000         4.2788045777
        3.9550000000         1.6500000000         4.2367540900
        3.9600000000         1.6500000000         4.2023491456
        3.9650000000         1.6500000000         4.1501046003
        3.9700000000         1.6500000000         4.1131511414
        3.9750000000         1.6500000000         4.0672778822
        3.9800000000         1.6500000000         4.0303244233
        3.9850000000         1.6500000000         3.9793541352
        3.9900000000         1.6500000000         3.9411264192
        3.9950000000         1.6500000000         3.8952531599
        4.0000000000         1.6500000000         3.8532026722
        4.0050000000         1.6500000000         3.8098779273
        4.0100000000         1.6500000000         3.7640046681
        4.0150000000         1.6500000000         3.7257769520
        4.0200000000         1.6500000000         3.6824522071
        4.0250000000         1.6500000000         3.6340304334
        4.0300000000         1.6500000000         3.5894314314
        4.0350000000         1.6500000000         3.5486552009
        4.0400000000         1.6500000000         3.5040561988
        4.0450000000         1.6500000000         3.4594571968
        4.0500000000         1.6500000000         3.4199552235
        4.0550000000         1.6500000000         3.3715334498
        4.0600000000         1.6500000000         3.3307572193
        4.0650000000         1.6500000000         3.2746899025
        4.0700000000         1.6500000000         3.2441077296
        4.0750000000         1.6500000000         3.1995087275
        4.0800000000         1.6500000000         3.1498126966
        4.0850000000         1.6500000000         3.1115849806
        4.0900000000         1.6500000000         3.0669859785
        4.0950000000         1.6500000000         3.0249354908
        4.1000000000         1.6500000000         2.9816107460
        4.1050000000         1.6500000000         2.9382860011
        4.1100000000         1.6500000000         2.8911384846
        4.1150000000         1.6500000000         2.8478137397
        4.1200000000         1.6500000000         2.8095860237
        4.1250000000         1.6500000000         2.7624385072
        4.1300000000         1.6500000000         2.7216622767
        4.1350000000         1.6500000000         2.6796117891
        4.1400000000         1.6500000000         2.6311900154
        4.1450000000         1.6500000000         2.5904137849
        4.1500000000         1.6500000000         2.5432662684
        4.1550000000         1.6500000000         2.4986672664
        4.1600000000         1.6500000000         2.4617138075
        4.1650000000         1.6500000000         2.4132920338
        4.1700000000         1.6500000000         2.3712415462
        4.1750000000         1.6500000000         2.3279168013
        4.1800000000         1.6500000000         2.2858663136
        4.1850000000         1.6500000000         2.2463643404
        4.1900000000         1.6500000000         2.1941197951
        4.1950000000         1.6500000000         2.1533435646
        4.2000000000         1.6500000000         2.1138415913
        4.2050000000         1.6500000000         2.0705168465
        4.2100000000         1.6500000000         2.0271921016
        4.2150000000         1.6500000000         1.9851416139
        4.2200000000         1.6500000000         1.9379940974
        4.2250000000         1.6500000000         1.8997663814
        4.2300000000         1.6500000000         1.8538931221
        4.2350000000         1.6500000000         1.8182139205
        4.2400000000         1.6500000000         1.7736149184
        4.2450000000         1.6500000000         1.7353872023
        4.2500000000         1.6500000000         1.6895139430
        4.2550000000         1.6500000000         1.6461891982
        4.2600000000         1.6500000000         1.6054129677
        4.2650000000         1.6500000000         1.5620882228
        4.2700000000         1.6500000000         1.5251347640
        4.2750000000         1.6500000000         1.4818100191
        4.2800000000         1.6500000000         1.4448565602
        4.2850000000         1.6500000000         1.3964347866
        4.2900000000         1.6500000000         1.3569328133
        4.2950000000         1.6500000000         1.3174308400
        4.3000000000         1.6500000000         1.2753803524
        4.3050000000         1.6500000000         1.2295070931
        4.3100000000         1.6500000000         1.1900051198
        4.3150000000         1.6500000000         1.1454061177
        4.3200000000         1.6500000000         1.1097269161
        4.3250000000         1.6500000000         1.0664021712
        4.3300000000         1.6500000000         1.0230774263
        4.3350000000         1.6500000000         0.9848497103
        4.3400000000         1.6500000000         0.9389764510
        4.3450000000         1.6500000000         0.9020229921
        4.3500000000         1.6500000000         0.8574239901
        4.3550000000         1.6500000000         0.8179220168
        4.3600000000         1.6500000000         0.7733230147
        4.3650000000         1.6500000000         0.7338210415
        4.3700000000         1.6500000000         0.6943190682
        4.3750000000         1.6500000000         0.6471715517
        4.3800000000         1.6500000000         0.6127666073
        4.3850000000         1.6500000000         0.5630705764
        4.3900000000         1.6500000000         0.5286656319
        4.3950000000         1.6500000000         0.4815181154
        4.4000000000         1.6500000000         0.4381933706
        4.4050000000         1.6500000000         0.3948686257
        4.4100000000         1.6500000000         0.3604636812
        4.4150000000         1.6500000000         0.3196874508
        4.4200000000         1.6500000000         0.2763627059
        4.4250000000         1.6500000000         0.2317637038
        4.4300000000         1.6500000000         0.1960845022
        4.4350000000         1.6500000000         0.1565825289
        4.4400000000         1.6500000000         0.1094350124
        4.4450000000         1.6500000000         0.0737558108
        4.4500000000         1.6500000000         0.0291568087
        4.4550000000         1.6500000000         0.0049459219
        4.4600000000         1.6500000000        -0.0039738786
        4.4650000000         1.6500000000         0.0011231503
        4.4700000000         1.6500000000         0.0023974075
        4.4750000000         1.6500000000         1.0918873153
        4.4800000000         1.6500000000         5.0624727570
        4.4850000000         1.6500000000         5.0675697858
        4.4900000000         1.6500000000         5.0637470142
        4.4950000000         1.6500000000         5.0420846418
        4.5000000000         1.6500000000         4.9987598969
        4.5050000000         1.6500000000         4.9554351520
        4.5100000000         1.6500000000         4.9159331788
        4.5150000000         1.6500000000         4.8675114051
        4.5200000000         1.6500000000         4.8241866602
        4.5250000000         1.6500000000         4.7821361725
        4.5300000000         1.6500000000         4.7375371705
        4.5350000000         1.6500000000         4.6980351972
        4.5400000000         1.6500000000         4.6521619379
        4.5450000000         1.6500000000         4.6088371931
        4.5500000000         1.6500000000         4.5616896766
        4.5550000000         1.6500000000         4.5196391889
        4.5600000000         1.6500000000         4.4775887012
        4.5650000000         1.6500000000         4.4368124708
        4.5700000000         1.6500000000         4.3883906971
        4.5750000000         1.6500000000         4.3463402094
        4.5800000000         1.6500000000         4.3055639790
        4.5850000000         1.6500000000         4.2622392341
        4.5900000000         1.6500000000         4.2189144892
        4.5950000000         1.6500000000         4.1704927155
        4.6000000000         1.6500000000         4.1322649995
        4.6050000000         1.6500000000         4.0838432258
        4.6100000000         1.6500000000         4.0481640241
        4.6150000000         1.6500000000         3.9946452216
        4.6200000000         1.6500000000         3.9564175056
        4.6250000000         1.6500000000         3.9156412751
        4.6300000000         1.6500000000         3.8697680158
        4.6350000000         1.6500000000         3.8238947566
        4.6400000000         1.6500000000         3.7856670405
        4.6450000000         1.6500000000         3.7346967524
        4.6500000000         1.6500000000         3.6939205219
        4.6550000000         1.6500000000         3.6544185487
        4.6600000000         1.6500000000         3.6021740034
        4.6650000000         1.6500000000         3.5639462873
        4.6700000000         1.6500000000         3.5193472853
        4.6750000000         1.6500000000         3.4798453120
        4.6800000000         1.6500000000         3.4428918531
        4.6850000000         1.6500000000         3.3880987934
        4.6900000000         1.6500000000         3.3473225630
        4.6950000000         1.6500000000         3.3014493037
        4.7000000000         1.6500000000         3.2632215876
        4.7050000000         1.6500000000         3.2147998140
        4.7100000000         1.6500000000         3.1676522975
        4.7150000000         1.6500000000         3.1281503242
        4.7200000000         1.6500000000         3.0822770649
        4.7250000000         1.6500000000         3.0389523201
        4.7300000000         1.6500000000         2.9981760896
        4.7350000000         1.6500000000         2.9510285731
        4.7400000000         1.6500000000         2.9077038282
        4.7450000000         1.6500000000         2.8656533406
        4.7500000000         1.6500000000         2.8274256245
        4.7550000000         1.6500000000         2.7751810792
        4.7600000000         1.6500000000         2.7382276204
        4.7650000000         1.6500000000         2.6974513899
        4.7700000000         1.6500000000         2.6452068446
        4.7750000000         1.6500000000         2.6069791286
        4.7800000000         1.6500000000         2.5598316121
        4.7850000000         1.6500000000         2.5152326100
        4.7900000000         1.6500000000         2.4770048939
        4.7950000000         1.6500000000         2.4298573775
        4.8000000000         1.6500000000         2.3865326326
        4.8050000000         1.6500000000         2.3457564021
        4.8100000000         1.6500000000         2.3011574000
        4.8150000000         1.6500000000         2.2552841408
        4.8200000000         1.6500000000         2.2094108815
        4.8250000000         1.6500000000         2.1660861366
        4.8300000000         1.6500000000         2.1202128773
        4.8350000000         1.6500000000         2.0909049617
        4.8400000000         1.6500000000         2.0361119020
        4.8450000000         1.6500000000         1.9915128999
        4.8500000000         1.6500000000         1.9507366695
        4.8550000000         1.6500000000         1.9099604390
        4.8600000000         1.6500000000         1.8691842085
        4.8650000000         1.6500000000         1.8233109493
        4.8700000000         1.6500000000         1.7812604616
        4.8750000000         1.6500000000         1.7404842311
        4.8800000000         1.6500000000         1.6958852290
        4.8850000000         1.6500000000         1.6589317702
        4.8900000000         1.6500000000         1.6117842537
        4.8950000000         1.6500000000         1.5697337660
        4.9000000000         1.6500000000         1.5289575356
        4.9050000000         1.6500000000         1.4805357619
        4.9100000000         1.6500000000         1.4461308174
        4.9150000000         1.6500000000         1.4015318154
        4.9200000000         1.6500000000         1.3582070705
        4.9250000000         1.6500000000         1.3199793544
        4.9300000000         1.6500000000         1.2779288668
        4.9350000000         1.6500000000         1.2346041219
        4.9400000000         1.6500000000         1.1925536342
        4.9450000000         1.6500000000         1.1517774038
        4.9500000000         1.6500000000         1.1110011733
        4.9550000000         1.6500000000         1.0651279140
        4.9600000000         1.6500000000         1.0370942556
        4.9650000000         1.6500000000         0.9823011959
        4.9700000000         1.6500000000         0.9427992226
        4.9750000000         1.6500000000         0.9032972493
        4.9800000000         1.6500000000         0.8574239901
        4.9850000000         1.6500000000         0.8179220168
        4.9900000000         1.6500000000         0.7733230147
        4.9950000000         1.6500000000         0.7350952987
        5.0000000000         1.6500000000         0.6943190682
        5.0050000000         1.6500000000         0.6522685805
        5.0100000000         1.6500000000         0.6127666073
        5.0150000000         1.6500000000         0.5643448336
        5.0200000000         1.6500000000         0.5248428603
        5.0250000000         1.6500000000         0.4840666298
        5.0300000000         1.6500000000         0.4394676278
        5.0350000000         1.6500000000         0.3986913973
        5.0400000000         1.6500000000         0.3617379384
        5.0450000000         1.6500000000         0.3158646792
        5.0500000000         1.6500000000         0.2789112203
        5.0550000000         1.6500000000         0.2330379610
        5.0600000000         1.6500000000         0.1909874734
        5.0650000000         1.6500000000         0.1514855001
        5.0700000000         1.6500000000         0.1132577840
        5.0750000000         1.6500000000         0.0648360104
        5.0800000000         1.6500000000         0.0253340371
        5.0850000000         1.6500000000        -0.0026996214
        5.0900000000         1.6500000000         0.0049459219
        5.0950000000         1.6500000000        -0.0001511069
        5.1000000000         1.6500000000         0.0074944363
        5.1050000000         1.6500000000         1.1377605745
        5.1100000000         1.6500000000         5.0650212714
        5.1150000000         1.6500000000         5.0688440430
        5.1200000000         1.6500000000         5.0650212714
        5.1250000000         1.6500000000         5.0357133558
        5.1300000000         1.6500000000         4.9936628681
        5.1350000000         1.6500000000         4.9465153516
        5.1400000000         1.6500000000         4.9057391211
        5.1450000000         1.6500000000         4.8624143763
        5.1500000000         1.6500000000         4.8190896314
        5.1550000000         1.6500000000         4.7732163721
        5.1600000000         1.6500000000         4.7286173701
        5.1650000000         1.6500000000         4.6878411396
        5.1700000000         1.6500000000         4.6394193659
        5.1750000000         1.6500000000         4.5948203638
        5.1800000000         1.6500000000         4.5527698762
        5.1850000000         1.6500000000         4.5094451313
        5.1900000000         1.6500000000         4.4635718720
        5.1950000000         1.6500000000         4.4202471271
        5.2000000000         1.6500000000         4.3769223823
        5.2050000000         1.6500000000         4.3297748658
        5.2100000000         1.6500000000         4.2915471497
        5.2150000000         1.6500000000         4.2456738905
        5.2200000000         1.6500000000         4.1972521168
        5.2250000000         1.6500000000         4.1602986579
        5.2300000000         1.6500000000         4.1144253986
        5.2350000000         1.6500000000         4.0698263966
        5.2400000000         1.6500000000         4.0290501661
        5.2450000000         1.6500000000         3.9869996784
        5.2500000000         1.6500000000         3.9373036475
        5.2550000000         1.6500000000         3.8952531599
        5.2600000000         1.6500000000         3.8493799006
        5.2650000000         1.6500000000         3.8086036701
        5.2700000000         1.6500000000         3.7665531825
        5.2750000000         1.6500000000         3.7232284376
        5.2800000000         1.6500000000         3.6760809211
        5.2850000000         1.6500000000         3.6353046906
        5.2900000000         1.6500000000         3.5868829170
        5.2950000000         1.6500000000         3.5473809437
        5.3000000000         1.6500000000         3.5040561988
        5.3050000000         1.6500000000         3.4581829396
        5.3100000000         1.6500000000         3.4186809663
        5.3150000000         1.6500000000         3.3728077070
        5.3200000000         1.6500000000         3.3333057337
        5.3250000000         1.6500000000         3.2861582173
        5.3300000000         1.6500000000         3.2402849580
        5.3350000000         1.6500000000         3.1956859559
        5.3400000000         1.6500000000         3.1574582399
        5.3450000000         1.6500000000         3.1077622090
        5.3500000000         1.6500000000         3.0606146925
        5.3550000000         1.6500000000         3.0185642048
        5.3600000000         1.6500000000         2.9803364888
        5.3650000000         1.6500000000         2.9331889723
        5.3700000000         1.6500000000         2.8860414558
        5.3750000000         1.6500000000         2.8503622542
        5.3800000000         1.6500000000         2.8032147377
        5.3850000000         1.6500000000         2.7611642500
        5.3900000000         1.6500000000         2.7165652479
        5.3950000000         1.6500000000         2.6681434743
        5.4000000000         1.6500000000         2.6311900154
        5.4050000000         1.6500000000         2.5827682417
        5.4100000000         1.6500000000         2.5394434968
        5.4150000000         1.6500000000         2.4922959804
        5.4200000000         1.6500000000         2.4515197499
        5.4250000000         1.6500000000         2.4094692622
        5.4300000000         1.6500000000         2.3674187746
        5.4350000000         1.6500000000         2.3202712581
        5.4400000000         1.6500000000         2.2756722560
        5.4450000000         1.6500000000         2.2323475111
        5.4500000000         1.6500000000         2.1877485091
        5.4550000000         1.6500000000         2.1482465358
        5.4600000000         1.6500000000         2.1036475337
        5.4650000000         1.6500000000         2.0552257600
        5.4700000000         1.6500000000         2.0144495296
        5.4750000000         1.6500000000         1.9698505275
        5.4800000000         1.6500000000         1.9316228114
        5.4850000000         1.6500000000         1.8857495522
        5.4900000000         1.6500000000         1.8436990645
        5.4950000000         1.6500000000         1.8029228340
        5.5000000000         1.6500000000         1.7608723464
        5.5050000000         1.6500000000         1.7188218587
        5.5100000000         1.6500000000         1.6691258278
        5.5150000000         1.6500000000         1.6308981117
        5.5200000000         1.6500000000         1.5862991097
        5.5250000000         1.6500000000         1.5493456508
        5.5300000000         1.6500000000         1.5085694203
        5.5350000000         1.6500000000         1.4601476467
        5.5400000000         1.6500000000         1.4219199306
        5.5450000000         1.6500000000         1.3798694429
        5.5500000000         1.6500000000         1.3378189553
        5.5550000000         1.6500000000         1.2906714388
        5.5600000000         1.6500000000         1.2511694655
        5.5650000000         1.6500000000         1.2103932350
        5.5700000000         1.6500000000         1.1721655190
        5.5750000000         1.6500000000         1.1262922597
        5.5800000000         1.6500000000         1.0855160292
        5.5850000000         1.6500000000         1.0485625704
        5.5900000000         1.6500000000         0.9975922823
        5.5950000000         1.6500000000         0.9593645662
        5.6000000000         1.6500000000         0.9185883358
        5.6050000000         1.6500000000         0.8739893337
        5.6100000000         1.6500000000         0.8344873604
        5.6150000000         1.6500000000         0.7873398440
        5.6200000000         1.6500000000         0.7478378707
        5.6250000000         1.6500000000         0.7096101546
        5.6300000000         1.6500000000         0.6662854098
        5.6350000000         1.6500000000         0.6255091793
        5.6400000000         1.6500000000         0.5860072060
        5.6450000000         1.6500000000         0.5388596895
        5.6500000000         1.6500000000         0.4955349447
        5.6550000000         1.6500000000         0.4560329714
        5.6600000000         1.6500000000         0.4165309981
        5.6650000000         1.6500000000         0.3693834817
        5.6700000000         1.6500000000         0.3324300228
        5.6750000000         1.6500000000         0.2929280495
        5.6800000000         1.6500000000         0.2483290475
        5.6850000000         1.6500000000         0.2088270742
        5.6900000000         1.6500000000         0.1616795577
        5.6950000000         1.6500000000         0.1234518417
        5.7000000000         1.6500000000         0.0864983828
        5.7050000000         1.6500000000         0.0508191811
        5.7100000000         1.6500000000         0.0023974075
        5.7150000000         1.6500000000        -0.0026996214
        5.7200000000         1.6500000000        -0.0026996214
        5.7250000000         1.6500000000        -0.0026996214
        5.7300000000         1.6500000000         1.1326635457
        5.7350000000         1.6500000000         5.0573757282
        5.7400000000         1.6500000000         5.0650212714
        5.7450000000         1.6500000000         5.0675697858
        5.7500000000         1.6500000000         5.0471816706
        5.7550000000         1.6500000000         5.0127767261
        5.7600000000         1.6500000000         4.9656292096
        5.7650000000         1.6500000000         4.9197559504
        5.7700000000         1.6500000000         4.8802539771
        5.7750000000         1.6500000000         4.8331064606
        5.7800000000         1.6500000000         4.7846846869
        5.7850000000         1.6500000000         4.7490054853
        5.7900000000         1.6500000000         4.7005837116
        5.7950000000         1.6500000000         4.6585332239
        5.8000000000         1.6500000000         4.6088371931
        5.8050000000         1.6500000000         4.5706094770
        5.8100000000         1.6500000000         4.5196391889
        5.8150000000         1.6500000000         4.4814114728
        5.8200000000         1.6500000000         4.4380867280
        5.8250000000         1.6500000000         4.3947619831
        5.8300000000         1.6500000000         4.3514372382
        5.8350000000         1.6500000000         4.3119352650
        5.8400000000         1.6500000000         4.2686105201
        5.8450000000         1.6500000000         4.2214630036
        5.8500000000         1.6500000000         4.1806867731
        5.8550000000         1.6500000000         4.1373620283
        5.8600000000         1.6500000000         4.0927630262
        5.8650000000         1.6500000000         4.0507125385
        5.8700000000         1.6500000000         4.0099363081
        5.8750000000         1.6500000000         3.9564175056
        5.8800000000         1.6500000000         3.9220125611
        5.8850000000         1.6500000000         3.8748650446
        5.8900000000         1.6500000000         3.8302660426
        5.8950000000         1.6500000000         3.7856670405
        5.9000000000         1.6500000000         3.7436165528
        5.9050000000         1.6500000000         3.7002918080
        5.9100000000         1.6500000000         3.6556928059
        5.9150000000         1.6500000000         3.6085452894
        5.9200000000         1.6500000000         3.5639462873
        5.9250000000         1.6500000000         3.5231700569
        5.9300000000         1.6500000000         3.4772967976
        5.9350000000         1.6500000000         3.4377948243
        5.9400000000         1.6500000000         3.3880987934
        5.9450000000         1.6500000000         3.3575166206
        5.9500000000         1.6500000000         3.3052720753
        5.9550000000         1.6500000000         3.2581245588
        5.9600000000         1.6500000000         3.2186225856
        5.9650000000         1.6500000000         3.1702008119
        5.9700000000         1.6500000000         3.1268760670
        5.9750000000         1.6500000000         3.0797285505
        5.9800000000         1.6500000000         3.0427750917
        5.9850000000         1.6500000000         2.9930790608
        5.9900000000         1.6500000000         2.9510285731
        5.9950000000         1.6500000000         2.9102523427
        6.0000000000         1.6500000000         2.8669275978
        6.0050000000         1.6500000000         2.8210543385
        6.0100000000         1.6500000000         2.7739068220
        6.0150000000         1.6500000000         2.7356791060
        6.0200000000         1.6500000000         2.6885315895
        6.0250000000         1.6500000000         2.6464811018
        6.0300000000         1.6500000000         2.5955108137
        6.0350000000         1.6500000000         2.5534603261
        6.0400000000         1.6500000000         2.5088613240
        6.0450000000         1.6500000000         2.4680850935
        6.0500000000         1.6500000000         2.4183890626
        6.0550000000         1.6500000000         2.3788870894
        6.0600000000         1.6500000000         2.3368366017
        6.0650000000         1.6500000000         2.2884148280
        6.0700000000         1.6500000000         2.2094108815
        6.0750000000         1.6500000000         2.2017653383
        6.0800000000         1.6500000000         2.1571663362
        6.0850000000         1.6500000000         2.1138415913
        6.0900000000         1.6500000000         2.0705168465
        6.0950000000         1.6500000000         2.0297406160
        6.1000000000         1.6500000000         1.9838673567
        6.1050000000         1.6500000000         1.9354455830
        6.1100000000         1.6500000000         1.8972178670
        6.1150000000         1.6500000000         1.8589901509
        6.1200000000         1.6500000000         1.8092941200
        6.1250000000         1.6500000000         1.7723406612
        6.1300000000         1.6500000000         1.7341129451
        6.1350000000         1.6500000000         1.6844169142
        6.1400000000         1.6500000000         1.6436406838
