        0.0000000000         1.7000000000         4.4176986127
        0.0050000000         1.7000000000         4.4164243555
        0.0100000000         1.7000000000         4.4138758411
        0.0150000000         1.7000000000         4.4164243555
        0.0200000000         1.7000000000         4.4151500983
        0.0250000000         1.7000000000         4.4036817835
        0.0300000000         1.7000000000         4.3947619831
        0.0350000000         1.7000000000         4.3769223823
        0.0400000000         1.7000000000         4.3641798103
        0.0450000000         1.7000000000         4.3463402094
        0.0500000000         1.7000000000         4.3285006086
        0.0550000000         1.7000000000         4.3093867506
        0.0600000000         1.7000000000         4.2839016065
        0.0650000000         1.7000000000         4.2660620057
        0.0700000000         1.7000000000         4.2393026044
        0.0750000000         1.7000000000         4.2189144892
        0.0800000000         1.7000000000         4.1908808308
        0.0850000000         1.7000000000         4.1679442011
        0.0900000000         1.7000000000         4.1399105427
        0.0950000000         1.7000000000         4.1144253986
        0.1000000000         1.7000000000         4.0838432258
        0.1050000000         1.7000000000         4.0558095673
        0.1100000000         1.7000000000         4.0252273945
        0.1150000000         1.7000000000         3.9920967072
        0.1200000000         1.7000000000         3.9678858204
        0.1250000000         1.7000000000         3.9334808759
        0.1300000000         1.7000000000         3.9054472175
        0.1350000000         1.7000000000         3.8723165302
        0.1400000000         1.7000000000         3.8570254438
        0.1450000000         1.7000000000         3.8086036701
        0.1500000000         1.7000000000         3.7818442689
        0.1550000000         1.7000000000         3.7499878388
        0.1600000000         1.7000000000         3.7092116084
        0.1650000000         1.7000000000         3.6811779499
        0.1700000000         1.7000000000         3.6480472627
        0.1750000000         1.7000000000         3.6098195466
        0.1800000000         1.7000000000         3.5779631166
        0.1850000000         1.7000000000         3.5422839149
        0.1900000000         1.7000000000         3.5091532276
        0.1950000000         1.7000000000         3.4734740260
        0.2000000000         1.7000000000         3.4416175959
        0.2050000000         1.7000000000         3.4008413655
        0.2100000000         1.7000000000         3.3715334498
        0.2150000000         1.7000000000         3.3320314765
        0.2200000000         1.7000000000         3.3027235609
        0.2250000000         1.7000000000         3.2632215876
        0.2300000000         1.7000000000         3.2262681288
        0.2350000000         1.7000000000         3.1956859559
        0.2400000000         1.7000000000         3.1561839827
        0.2450000000         1.7000000000         3.1192305238
        0.2500000000         1.7000000000         3.0797285505
        0.2550000000         1.7000000000         3.0440493489
        0.2600000000         1.7000000000         3.0070958900
        0.2650000000         1.7000000000         2.9752394600
        0.2700000000         1.7000000000         2.9370117439
        0.2750000000         1.7000000000         2.9026067994
        0.2800000000         1.7000000000         2.8656533406
        0.2850000000         1.7000000000         2.8325226533
        0.2900000000         1.7000000000         2.7904721657
        0.2950000000         1.7000000000         2.7573414784
        0.3000000000         1.7000000000         2.7165652479
        0.3050000000         1.7000000000         2.6847088179
        0.3100000000         1.7000000000         2.6388355586
        0.3150000000         1.7000000000         2.6044306141
        0.3200000000         1.7000000000         2.5712999269
        0.3250000000         1.7000000000         2.5305236964
        0.3300000000         1.7000000000         2.4935702376
        0.3350000000         1.7000000000         2.4578910359
        0.3400000000         1.7000000000         2.4171148054
        0.3450000000         1.7000000000         2.3852583754
        0.3500000000         1.7000000000         2.3406593733
        0.3550000000         1.7000000000         2.3100772005
        0.3600000000         1.7000000000         2.2654781984
        0.3650000000         1.7000000000         2.2297989967
        0.3700000000         1.7000000000         2.1953940523
        0.3750000000         1.7000000000         2.1558920790
        0.3800000000         1.7000000000         2.1202128773
        0.3850000000         1.7000000000         2.0845336757
        0.3900000000         1.7000000000         2.0437574452
        0.3950000000         1.7000000000         2.0080782436
        0.4000000000         1.7000000000         1.9723990419
        0.4050000000         1.7000000000         1.9316228114
        0.4100000000         1.7000000000         1.8984921242
        0.4150000000         1.7000000000         1.8640871797
        0.4200000000         1.7000000000         1.8207624349
        0.4250000000         1.7000000000         1.7850832332
        0.4300000000         1.7000000000         1.7545010603
        0.4350000000         1.7000000000         1.7149990871
        0.4400000000         1.7000000000         1.6856911714
        0.4450000000         1.7000000000         1.6423664266
        0.4500000000         1.7000000000         1.6041387105
        0.4550000000         1.7000000000         1.5799278237
        0.4600000000         1.7000000000         1.5327803072
        0.4650000000         1.7000000000         1.4996496199
        0.4700000000         1.7000000000         1.4601476467
        0.4750000000         1.7000000000         1.4270169594
        0.4800000000         1.7000000000         1.3887892433
        0.4850000000         1.7000000000         1.3518357845
        0.4900000000         1.7000000000         1.3212536116
        0.4950000000         1.7000000000         1.2779288668
        0.5000000000         1.7000000000         1.2511694655
        0.5050000000         1.7000000000         1.2103932350
        0.5100000000         1.7000000000         1.1721655190
        0.5150000000         1.7000000000         1.1415833461
        0.5200000000         1.7000000000         1.1033556301
        0.5250000000         1.7000000000         1.0651279140
        0.5300000000         1.7000000000         1.0319972268
        0.5350000000         1.7000000000         0.9924952535
        0.5400000000         1.7000000000         0.9619130806
        0.5450000000         1.7000000000         0.9249596218
        0.5500000000         1.7000000000         0.8905546773
        0.5550000000         1.7000000000         0.8523269613
        0.5600000000         1.7000000000         0.8179220168
        0.5650000000         1.7000000000         0.7860655867
        0.5700000000         1.7000000000         0.7427408419
        0.5750000000         1.7000000000         0.7121586690
        0.5800000000         1.7000000000         0.6764794674
        0.5850000000         1.7000000000         0.6382517513
        0.5900000000         1.7000000000         0.6025725496
        0.5950000000         1.7000000000         0.5643448336
        0.6000000000         1.7000000000         0.5350369179
        0.6050000000         1.7000000000         0.4980834591
        0.6100000000         1.7000000000         0.4624042574
        0.6150000000         1.7000000000         0.4279993130
        0.6200000000         1.7000000000         0.3859488253
        0.6250000000         1.7000000000         0.3579151668
        0.6300000000         1.7000000000         0.3171389364
        0.6350000000         1.7000000000         0.2840082491
        0.6400000000         1.7000000000         0.2445062759
        0.6450000000         1.7000000000         0.2164726174
        0.6500000000         1.7000000000         0.1782449013
        0.6550000000         1.7000000000         0.1400171853
        0.6600000000         1.7000000000         0.1081607552
        0.6650000000         1.7000000000         0.0673845248
        0.6700000000         1.7000000000         0.0329795803
        0.6750000000         1.7000000000         0.0049459219
        0.6800000000         1.7000000000         0.0023974075
        0.6850000000         1.7000000000         0.0062201791
        0.6900000000         1.7000000000         0.0011231503
        0.6950000000         1.7000000000         1.1033556301
        0.7000000000         1.7000000000         1.0880645436
        0.7050000000         1.7000000000         5.0637470142
        0.7100000000         1.7000000000         5.0675697858
        0.7150000000         1.7000000000         5.0637470142
        0.7200000000         1.7000000000         5.0611984998
        0.7250000000         1.7000000000         5.0255192981
        0.7300000000         1.7000000000         4.9847430677
        0.7350000000         1.7000000000         4.9528866376
        0.7400000000         1.7000000000         4.9121104072
        0.7450000000         1.7000000000         4.8777054627
        0.7500000000         1.7000000000         4.8331064606
        0.7550000000         1.7000000000         4.7974272590
        0.7600000000         1.7000000000         4.7617480573
        0.7650000000         1.7000000000         4.7273431128
        0.7700000000         1.7000000000         4.6865668824
        0.7750000000         1.7000000000         4.6445163947
        0.7800000000         1.7000000000         4.6088371931
        0.7850000000         1.7000000000         4.5769807630
        0.7900000000         1.7000000000         4.5298332465
        0.7950000000         1.7000000000         4.4979768165
        0.8000000000         1.7000000000         4.4584748432
        0.8050000000         1.7000000000         4.4202471271
        0.8100000000         1.7000000000         4.3845679255
        0.8150000000         1.7000000000         4.3463402094
        0.8200000000         1.7000000000         4.3170322938
        0.8250000000         1.7000000000         4.2724332917
        0.8300000000         1.7000000000         4.2367540900
        0.8350000000         1.7000000000         4.2010748884
        0.8400000000         1.7000000000         4.1577501435
        0.8450000000         1.7000000000         4.1207966846
        0.8500000000         1.7000000000         4.0863917402
        0.8550000000         1.7000000000         4.0456155097
        0.8600000000         1.7000000000         4.0086620509
        0.8650000000         1.7000000000         3.9666115632
        0.8700000000         1.7000000000         3.9296581043
        0.8750000000         1.7000000000         3.8901561311
        0.8800000000         1.7000000000         3.8557511866
        0.8850000000         1.7000000000         3.8111521845
        0.8900000000         1.7000000000         3.7754729829
        0.8950000000         1.7000000000         3.7346967524
        0.9000000000         1.7000000000         3.7015660652
        0.9050000000         1.7000000000         3.6544185487
        0.9100000000         1.7000000000         3.6251106330
        0.9150000000         1.7000000000         3.5830601454
        0.9200000000         1.7000000000         3.5448324293
        0.9250000000         1.7000000000         3.5040561988
        0.9300000000         1.7000000000         3.4671027400
        0.9350000000         1.7000000000         3.4288750239
        0.9400000000         1.7000000000         3.3868245362
        0.9450000000         1.7000000000         3.3562423634
        0.9500000000         1.7000000000         3.3116433613
        0.9550000000         1.7000000000         3.2746899025
        0.9600000000         1.7000000000         3.2377364436
        0.9650000000         1.7000000000         3.1982344703
        0.9700000000         1.7000000000         3.1536354683
        0.9750000000         1.7000000000         3.1217790382
        0.9800000000         1.7000000000         3.0797285505
        0.9850000000         1.7000000000         3.0415008345
        0.9900000000         1.7000000000         3.0045473756
        0.9950000000         1.7000000000         2.9637711451
        1.0000000000         1.7000000000         2.9280919435
        1.0050000000         1.7000000000         2.8873157130
        1.0100000000         1.7000000000         2.8465394825
        1.0150000000         1.7000000000         2.8134087953
        1.0200000000         1.7000000000         2.7688097932
        1.0250000000         1.7000000000         2.7344048488
        1.0300000000         1.7000000000         2.6923543611
        1.0350000000         1.7000000000         2.6554009022
        1.0400000000         1.7000000000         2.6184474434
        1.0450000000         1.7000000000         2.5763969557
        1.0500000000         1.7000000000         2.5356207252
        1.0550000000         1.7000000000         2.4986672664
        1.0600000000         1.7000000000         2.4617138075
        1.0650000000         1.7000000000         2.4183890626
        1.0700000000         1.7000000000         2.3878068898
        1.0750000000         1.7000000000         2.3470306593
        1.0800000000         1.7000000000         2.3088029433
        1.0850000000         1.7000000000         2.2680267128
        1.0900000000         1.7000000000         2.2272504823
        1.0950000000         1.7000000000         2.1941197951
        1.1000000000         1.7000000000         2.1546178218
        1.1050000000         1.7000000000         2.1138415913
        1.1100000000         1.7000000000         2.0781623897
        1.1150000000         1.7000000000         2.0424831880
        1.1200000000         1.7000000000         2.0017069576
        1.1250000000         1.7000000000         1.9660277559
        1.1300000000         1.7000000000         1.9227030110
        1.1350000000         1.7000000000         1.8933950954
        1.1400000000         1.7000000000         1.8526188649
        1.1450000000         1.7000000000         1.8169396632
        1.1500000000         1.7000000000         1.7774376900
        1.1550000000         1.7000000000         1.7443070027
        1.1600000000         1.7000000000         1.7035307723
        1.1650000000         1.7000000000         1.6665773134
        1.1700000000         1.7000000000         1.6296238545
        1.1750000000         1.7000000000         1.5964931673
        1.1800000000         1.7000000000         1.5531684224
        1.1850000000         1.7000000000         1.5213119924
        1.1900000000         1.7000000000         1.4805357619
        1.1950000000         1.7000000000         1.4423080458
        1.2000000000         1.7000000000         1.4091773586
        1.2050000000         1.7000000000         1.3734981569
        1.2100000000         1.7000000000         1.3352704409
        1.2150000000         1.7000000000         1.2983169820
        1.2200000000         1.7000000000         1.2639120375
        1.2250000000         1.7000000000         1.2231358071
        1.2300000000         1.7000000000         1.1912793770
        1.2350000000         1.7000000000         1.1530516610
        1.2400000000         1.7000000000         1.1250180025
        1.2450000000         1.7000000000         1.0842417720
        1.2500000000         1.7000000000         1.0498368276
        1.2550000000         1.7000000000         1.0154318831
        1.2600000000         1.7000000000         0.9733813955
        1.2650000000         1.7000000000         0.9453477370
        1.2700000000         1.7000000000         0.9083942781
        1.2750000000         1.7000000000         0.8714408193
        1.2800000000         1.7000000000         0.8383101320
        1.2850000000         1.7000000000         0.7988081588
        1.2900000000         1.7000000000         0.7656774715
        1.2950000000         1.7000000000         0.7299982699
        1.3000000000         1.7000000000         0.6930448110
        1.3050000000         1.7000000000         0.6560913521
        1.3100000000         1.7000000000         0.6178636361
        1.3150000000         1.7000000000         0.5847329488
        1.3200000000         1.7000000000         0.5465052328
        1.3250000000         1.7000000000         0.5121002883
        1.3300000000         1.7000000000         0.4802438582
        1.3350000000         1.7000000000         0.4420161422
        1.3400000000         1.7000000000         0.4037884261
        1.3450000000         1.7000000000         0.3795775393
        1.3500000000         1.7000000000         0.3324300228
        1.3550000000         1.7000000000         0.3018478499
        1.3600000000         1.7000000000         0.2610716195
        1.3650000000         1.7000000000         0.2279409322
        1.3700000000         1.7000000000         0.1922617306
        1.3750000000         1.7000000000         0.1540340145
        1.3800000000         1.7000000000         0.1196290700
        1.3850000000         1.7000000000         0.0814013540
        1.3900000000         1.7000000000         0.0495449239
        1.3950000000         1.7000000000         0.0138657223
        1.4000000000         1.7000000000         0.0023974075
        1.4050000000         1.7000000000        -0.0026996214
        1.4100000000         1.7000000000         0.0011231503
        1.4150000000         1.7000000000        -0.0001511069
        1.4200000000         1.7000000000         1.1160982021
        1.4250000000         1.7000000000         1.1122754305
        1.4300000000         1.7000000000         5.0701183002
        1.4350000000         1.7000000000         5.0637470142
        1.4400000000         1.7000000000         5.0675697858
        1.4450000000         1.7000000000         5.0446331562
        1.4500000000         1.7000000000         5.0038569257
        1.4550000000         1.7000000000         4.9720004957
        1.4600000000         1.7000000000         4.9312242652
        1.4650000000         1.7000000000         4.8929965491
        1.4700000000         1.7000000000         4.8560430903
        1.4750000000         1.7000000000         4.8152668598
        1.4800000000         1.7000000000         4.7770391437
        1.4850000000         1.7000000000         4.7400856849
        1.4900000000         1.7000000000         4.7069549976
        1.4950000000         1.7000000000         4.6661787671
        1.5000000000         1.7000000000         4.6215797651
        1.5050000000         1.7000000000         4.5884490778
        1.5100000000         1.7000000000         4.5451243329
        1.5150000000         1.7000000000         4.5107193885
        1.5200000000         1.7000000000         4.4750401868
        1.5250000000         1.7000000000         4.4355382136
        1.5300000000         1.7000000000         4.3998590119
        1.5350000000         1.7000000000         4.3590827814
        1.5400000000         1.7000000000         4.3246778370
        1.5450000000         1.7000000000         4.2813530921
        1.5500000000         1.7000000000         4.2482224049
        1.5550000000         1.7000000000         4.2112689460
        1.5600000000         1.7000000000         4.1679442011
        1.5650000000         1.7000000000         4.1322649995
        1.5700000000         1.7000000000         4.0991343122
        1.5750000000         1.7000000000         4.0532610529
        1.5800000000         1.7000000000         4.0214046229
        1.5850000000         1.7000000000         3.9831769068
        1.5900000000         1.7000000000         3.9411264192
        1.5950000000         1.7000000000         3.9092699891
        1.6000000000         1.7000000000         3.8723165302
        1.6050000000         1.7000000000         3.8315402998
        1.6100000000         1.7000000000         3.7958610981
        1.6150000000         1.7000000000         3.7550848676
        1.6200000000         1.7000000000         3.7168571516
        1.6250000000         1.7000000000         3.6773551783
        1.6300000000         1.7000000000         3.6416759767
        1.6350000000         1.7000000000         3.5996254890
        1.6400000000         1.7000000000         3.5677690589
        1.6450000000         1.7000000000         3.5269928285
        1.6500000000         1.7000000000         3.4836680836
        1.6550000000         1.7000000000         3.4492631391
        1.6600000000         1.7000000000         3.4084869087
        1.6650000000         1.7000000000         3.3728077070
        1.6700000000         1.7000000000         3.3294829621
        1.6750000000         1.7000000000         3.2938037605
        1.6800000000         1.7000000000         3.2543017872
        1.6850000000         1.7000000000         3.2122512996
        1.6900000000         1.7000000000         3.1803948695
        1.6950000000         1.7000000000         3.1383443818
        1.7000000000         1.7000000000         3.1001166658
        1.7050000000         1.7000000000         3.0580661781
        1.7100000000         1.7000000000         3.0198384620
        1.7150000000         1.7000000000         2.9841592604
        1.7200000000         1.7000000000         2.9421087727
        1.7250000000         1.7000000000         2.9102523427
        1.7300000000         1.7000000000         2.8796701698
        1.7350000000         1.7000000000         2.8286998817
        1.7400000000         1.7000000000         2.7930206801
        1.7450000000         1.7000000000         2.7509701924
        1.7500000000         1.7000000000         2.7076454475
        1.7550000000         1.7000000000         2.6757890175
        1.7600000000         1.7000000000         2.6350127870
        1.7650000000         1.7000000000         2.5942365565
        1.7700000000         1.7000000000         2.5560088405
        1.7750000000         1.7000000000         2.5165068672
        1.7800000000         1.7000000000         2.4833761799
        1.7850000000         1.7000000000         2.4400514351
        1.7900000000         1.7000000000         2.4043722334
        1.7950000000         1.7000000000         2.3597732313
        1.8000000000         1.7000000000         2.3279168013
        1.8050000000         1.7000000000         2.2845920564
        1.8100000000         1.7000000000         2.2463643404
        1.8150000000         1.7000000000         2.2068623671
        1.8200000000         1.7000000000         2.1648118794
        1.8250000000         1.7000000000         2.1291326778
        1.8300000000         1.7000000000         2.0883564473
        1.8350000000         1.7000000000         2.0526772456
        1.8400000000         1.7000000000         2.0144495296
        1.8450000000         1.7000000000         1.9762218135
        1.8500000000         1.7000000000         1.9354455830
        1.8550000000         1.7000000000         1.8984921242
        1.8600000000         1.7000000000         1.8628129225
        1.8650000000         1.7000000000         1.8182139205
        1.8700000000         1.7000000000         1.7901802620
        1.8750000000         1.7000000000         1.7481297743
        1.8800000000         1.7000000000         1.7060792867
        1.8850000000         1.7000000000         1.6793198854
        1.8900000000         1.7000000000         1.6334466261
        1.8950000000         1.7000000000         1.6015901961
        1.9000000000         1.7000000000         1.5620882228
        1.9050000000         1.7000000000         1.5251347640
        1.9100000000         1.7000000000         1.4843585335
        1.9150000000         1.7000000000         1.4537763606
        1.9200000000         1.7000000000         1.4168229018
        1.9250000000         1.7000000000         1.3785951857
        1.9300000000         1.7000000000         1.3441902413
        1.9350000000         1.7000000000         1.2995912392
        1.9400000000         1.7000000000         1.2677348091
        1.9450000000         1.7000000000         1.2244100643
        1.9500000000         1.7000000000         1.1938278914
        1.9550000000         1.7000000000         1.1556001754
        1.9600000000         1.7000000000         1.1224694881
        1.9650000000         1.7000000000         1.0816932576
        1.9700000000         1.7000000000         1.0485625704
        1.9750000000         1.7000000000         1.0103348543
        1.9800000000         1.7000000000         0.9797526815
        1.9850000000         1.7000000000         0.9440734798
        1.9900000000         1.7000000000         0.9020229921
        1.9950000000         1.7000000000         0.8714408193
        2.0000000000         1.7000000000         0.8332131032
        2.0050000000         1.7000000000         0.7911626156
        2.0100000000         1.7000000000         0.7593061855
        2.0150000000         1.7000000000         0.7274497555
        2.0200000000         1.7000000000         0.6841250106
        2.0250000000         1.7000000000         0.6497200661
        2.0300000000         1.7000000000         0.6102180929
        2.0350000000         1.7000000000         0.5796359200
        2.0400000000         1.7000000000         0.5414082039
        2.0450000000         1.7000000000         0.5006319735
        2.0500000000         1.7000000000         0.4675012862
        2.0550000000         1.7000000000         0.4330963418
        2.0600000000         1.7000000000         0.3910458541
        2.0650000000         1.7000000000         0.3681092245
        2.0700000000         1.7000000000         0.3273329940
        2.0750000000         1.7000000000         0.2916537923
        2.0800000000         1.7000000000         0.2559745907
        2.0850000000         1.7000000000         0.2228439034
        2.0900000000         1.7000000000         0.1833419302
        2.0950000000         1.7000000000         0.1553082717
        2.1000000000         1.7000000000         0.1158062984
        2.1050000000         1.7000000000         0.0801270968
        2.1100000000         1.7000000000         0.0508191811
        2.1150000000         1.7000000000         0.0113172079
        2.1200000000         1.7000000000        -0.0026996214
        2.1250000000         1.7000000000        -0.0001511069
        2.1300000000         1.7000000000         0.0011231503
        2.1350000000         1.7000000000        -0.0014253642
        2.1400000000         1.7000000000         1.1339378029
        2.1450000000         1.7000000000         1.1288407741
        2.1500000000         1.7000000000         5.0688440430
        2.1550000000         1.7000000000         5.0637470142
        2.1600000000         1.7000000000         5.0637470142
        2.1650000000         1.7000000000         5.0433588990
        2.1700000000         1.7000000000         4.9987598969
        2.1750000000         1.7000000000         4.9630806952
        2.1800000000         1.7000000000         4.9235787220
        2.1850000000         1.7000000000         4.8878995203
        2.1900000000         1.7000000000         4.8433005182
        2.1950000000         1.7000000000         4.8139926026
        2.2000000000         1.7000000000         4.7732163721
        2.2050000000         1.7000000000         4.7349886561
        2.2100000000         1.7000000000         4.6980351972
        2.2150000000         1.7000000000         4.6534361951
        2.2200000000         1.7000000000         4.6190312507
        2.2250000000         1.7000000000         4.5795292774
        2.2300000000         1.7000000000         4.5413015613
        2.2350000000         1.7000000000         4.5081708741
        2.2400000000         1.7000000000         4.4648461292
        2.2450000000         1.7000000000         4.4342639564
        2.2500000000         1.7000000000         4.3973104975
        2.2550000000         1.7000000000         4.3539857526
        2.2600000000         1.7000000000         4.3183065510
        2.2650000000         1.7000000000         4.2826273493
        2.2700000000         1.7000000000         4.2431253761
        2.2750000000         1.7000000000         4.2074461744
        2.2800000000         1.7000000000         4.1679442011
        2.2850000000         1.7000000000         4.1309907423
        2.2900000000         1.7000000000         4.0914887690
        2.2950000000         1.7000000000         4.0519867957
        2.3000000000         1.7000000000         4.0163075941
        2.3050000000         1.7000000000         3.9768056208
        2.3100000000         1.7000000000         3.9436749336
        2.3150000000         1.7000000000         3.9003501887
        2.3200000000         1.7000000000         3.8646709870
        2.3250000000         1.7000000000         3.8238947566
        2.3300000000         1.7000000000         3.7856670405
        2.3350000000         1.7000000000         3.7487135816
        2.3400000000         1.7000000000         3.7066630940
        2.3450000000         1.7000000000         3.6722581495
        2.3500000000         1.7000000000         3.6314819190
        2.3550000000         1.7000000000         3.5983512318
        2.3600000000         1.7000000000         3.5524779725
        2.3650000000         1.7000000000         3.5206215425
        2.3700000000         1.7000000000         3.4798453120
        2.3750000000         1.7000000000         3.4416175959
        2.3800000000         1.7000000000         3.3995671083
        2.3850000000         1.7000000000         3.3638879066
        2.3900000000         1.7000000000         3.3231116761
        2.3950000000         1.7000000000         3.2861582173
        2.4000000000         1.7000000000         3.2466562440
        2.4050000000         1.7000000000         3.2058800135
        2.4100000000         1.7000000000         3.1676522975
        2.4150000000         1.7000000000         3.1306988386
        2.4200000000         1.7000000000         3.0924711226
        2.4250000000         1.7000000000         3.0491463777
        2.4300000000         1.7000000000         3.0109186616
        2.4350000000         1.7000000000         2.9726909456
        2.4400000000         1.7000000000         2.9370117439
        2.4450000000         1.7000000000         2.8949612562
        2.4500000000         1.7000000000         2.8605563118
        2.4550000000         1.7000000000         2.8172315669
        2.4600000000         1.7000000000         2.7828266224
        2.4650000000         1.7000000000         2.7382276204
        2.4700000000         1.7000000000         2.6987256471
        2.4750000000         1.7000000000         2.6630464454
        2.4800000000         1.7000000000         2.6209959578
        2.4850000000         1.7000000000         2.5878652705
        2.4900000000         1.7000000000         2.5432662684
        2.4950000000         1.7000000000         2.5088613240
        2.5000000000         1.7000000000         2.4693593507
        2.5050000000         1.7000000000         2.4273088631
        2.5100000000         1.7000000000         2.3903554042
        2.5150000000         1.7000000000         2.3584989741
        2.5200000000         1.7000000000         2.3126257149
        2.5250000000         1.7000000000         2.2705752272
        2.5300000000         1.7000000000         2.2323475111
        2.5350000000         1.7000000000         2.1928455379
        2.5400000000         1.7000000000         2.1571663362
        2.5450000000         1.7000000000         2.1125673341
        2.5500000000         1.7000000000         2.0756138753
        2.5550000000         1.7000000000         2.0386604164
        2.5600000000         1.7000000000         1.9978841859
        2.5650000000         1.7000000000         1.9609307271
        2.5700000000         1.7000000000         1.9188802394
        2.5750000000         1.7000000000         1.8870238094
        2.5800000000         1.7000000000         1.8513446077
        2.5850000000         1.7000000000         1.8080198628
        2.5900000000         1.7000000000         1.7736149184
        2.5950000000         1.7000000000         1.7341129451
        2.6000000000         1.7000000000         1.6997080007
        2.6050000000         1.7000000000         1.6589317702
        2.6100000000         1.7000000000         1.6283495973
        2.6150000000         1.7000000000         1.5875733669
        2.6200000000         1.7000000000         1.5506199080
        2.6250000000         1.7000000000         1.5174892208
        2.6300000000         1.7000000000         1.4728902187
        2.6350000000         1.7000000000         1.4397595314
        2.6400000000         1.7000000000         1.4130001302
        2.6450000000         1.7000000000         1.3684011281
        2.6500000000         1.7000000000         1.3288991548
        2.6550000000         1.7000000000         1.3008654964
        2.6600000000         1.7000000000         1.2486209511
        2.6650000000         1.7000000000         1.2129417495
        2.6700000000         1.7000000000         1.1759882906
        2.6750000000         1.7000000000         1.1454061177
        2.6800000000         1.7000000000         1.1059041445
        2.6850000000         1.7000000000         1.0625793996
        2.6900000000         1.7000000000         1.0319972268
        2.6950000000         1.7000000000         0.9924952535
        2.7000000000         1.7000000000         0.9606388234
        2.7050000000         1.7000000000         0.9185883358
        2.7100000000         1.7000000000         0.8854576485
        2.7150000000         1.7000000000         0.8434071608
        2.7200000000         1.7000000000         0.8115507308
        2.7250000000         1.7000000000         0.7720487575
        2.7300000000         1.7000000000         0.7376438131
        2.7350000000         1.7000000000         0.7045131258
        2.7400000000         1.7000000000         0.6624626381
        2.7450000000         1.7000000000         0.6280576937
        2.7500000000         1.7000000000         0.5885557204
        2.7550000000         1.7000000000         0.5541507760
        2.7600000000         1.7000000000         0.5184715743
        2.7650000000         1.7000000000         0.4776953438
        2.7700000000         1.7000000000         0.4496616854
        2.7750000000         1.7000000000         0.4088854549
        2.7800000000         1.7000000000         0.3732062533
        2.7850000000         1.7000000000         0.3388013088
        2.7900000000         1.7000000000         0.2992993355
        2.7950000000         1.7000000000         0.2636201339
        2.8000000000         1.7000000000         0.2292151894
        2.8050000000         1.7000000000         0.1884389590
        2.8100000000         1.7000000000         0.1565825289
        2.8150000000         1.7000000000         0.1183548128
        2.8200000000         1.7000000000         0.0877726400
        2.8250000000         1.7000000000         0.0469964095
        2.8300000000         1.7000000000         0.0113172079
        2.8350000000         1.7000000000        -0.0001511069
        2.8400000000         1.7000000000        -0.0026996214
        2.8450000000         1.7000000000         0.0049459219
        2.8500000000         1.7000000000        -0.0001511069
        2.8550000000         1.7000000000         1.1110011733
        2.8600000000         1.7000000000         1.0867902864
        2.8650000000         1.7000000000         5.0637470142
        2.8700000000         1.7000000000         5.0650212714
        2.8750000000         1.7000000000         5.0701183002
        2.8800000000         1.7000000000         5.0395361274
        2.8850000000         1.7000000000         4.9987598969
        2.8900000000         1.7000000000         4.9618064380
        2.8950000000         1.7000000000         4.9210302076
        2.9000000000         1.7000000000         4.8866252631
        2.9050000000         1.7000000000         4.8496718043
        2.9100000000         1.7000000000         4.8127183454
        2.9150000000         1.7000000000         4.7732163721
        2.9200000000         1.7000000000         4.7362629133
        2.9250000000         1.7000000000         4.6967609400
        2.9300000000         1.7000000000         4.6547104523
        2.9350000000         1.7000000000         4.6203055079
        2.9400000000         1.7000000000         4.5782550202
        2.9450000000         1.7000000000         4.5425758185
        2.9500000000         1.7000000000         4.5043481025
        2.9550000000         1.7000000000         4.4686689008
        2.9600000000         1.7000000000         4.4291669276
        2.9650000000         1.7000000000         4.3922134687
        2.9700000000         1.7000000000         4.3527114954
        2.9750000000         1.7000000000         4.3170322938
        2.9800000000         1.7000000000         4.2749818061
        2.9850000000         1.7000000000         4.2329313184
        2.9900000000         1.7000000000         4.1985263740
        2.9950000000         1.7000000000         4.1628471723
        3.0000000000         1.7000000000         4.1271679707
        3.0050000000         1.7000000000         4.0851174830
        3.0100000000         1.7000000000         4.0519867957
        3.0150000000         1.7000000000         4.0099363081
        3.0200000000         1.7000000000         3.9780798780
        3.0250000000         1.7000000000         3.9347551331
        3.0300000000         1.7000000000         3.8965274171
        3.0350000000         1.7000000000         3.8723165302
        3.0400000000         1.7000000000         3.8200719850
        3.0450000000         1.7000000000         3.7780214973
        3.0500000000         1.7000000000         3.7461650672
        3.0550000000         1.7000000000         3.7041145796
        3.0600000000         1.7000000000         3.6646126063
        3.0650000000         1.7000000000         3.6289334046
        3.0700000000         1.7000000000         3.5881571742
        3.0750000000         1.7000000000         3.5524779725
        3.0800000000         1.7000000000         3.5091532276
        3.0850000000         1.7000000000         3.4747482832
        3.0900000000         1.7000000000         3.4326977955
        3.0950000000         1.7000000000         3.3970185939
        3.1000000000         1.7000000000         3.3600651350
        3.1050000000         1.7000000000         3.3154661329
        3.1100000000         1.7000000000         3.2823354457
        3.1150000000         1.7000000000         3.2364621864
        3.1200000000         1.7000000000         3.2020572419
        3.1250000000         1.7000000000         3.1689265547
        3.1300000000         1.7000000000         3.1217790382
        3.1350000000         1.7000000000         3.0860998365
        3.1400000000         1.7000000000         3.0465978633
        3.1450000000         1.7000000000         3.0045473756
        3.1500000000         1.7000000000         2.9650454023
        3.1550000000         1.7000000000         2.9319147151
        3.1600000000         1.7000000000         2.9051553138
        3.1650000000         1.7000000000         2.8541850258
        3.1700000000         1.7000000000         2.8121345381
        3.1750000000         1.7000000000         2.7930206801
        3.1800000000         1.7000000000         2.7382276204
        3.1850000000         1.7000000000         2.6974513899
        3.1900000000         1.7000000000         2.6579494166
        3.1950000000         1.7000000000         2.6197217006
        3.2000000000         1.7000000000         2.5763969557
        3.2050000000         1.7000000000         2.5419920112
        3.2100000000         1.7000000000         2.4986672664
        3.2150000000         1.7000000000         2.4655365791
        3.2200000000         1.7000000000         2.4209375770
        3.2250000000         1.7000000000         2.3865326326
        3.2300000000         1.7000000000         2.3419336305
        3.2350000000         1.7000000000         2.3062544289
        3.2400000000         1.7000000000         2.2642039412
        3.2450000000         1.7000000000         2.2310732539
        3.2500000000         1.7000000000         2.1890227663
        3.2550000000         1.7000000000         2.1495207930
        3.2600000000         1.7000000000         2.1112930769
        3.2650000000         1.7000000000         2.0768881325
        3.2700000000         1.7000000000         2.0348376448
        3.2750000000         1.7000000000         2.0004327004
        3.2800000000         1.7000000000         1.9583822127
        3.2850000000         1.7000000000         1.9214287538
        3.2900000000         1.7000000000         1.8793782662
        3.2950000000         1.7000000000         1.8449733217
        3.3000000000         1.7000000000         1.8029228340
        3.3050000000         1.7000000000         1.7710664040
        3.3100000000         1.7000000000         1.7302901735
        3.3150000000         1.7000000000         1.6933367146
        3.3200000000         1.7000000000         1.6512862270
        3.3250000000         1.7000000000         1.6194297969
        3.3300000000         1.7000000000         1.5812020809
        3.3350000000         1.7000000000         1.5391515932
        3.3400000000         1.7000000000         1.5009238771
        3.3450000000         1.7000000000         1.4703417043
        3.3500000000         1.7000000000         1.4308397310
        3.3550000000         1.7000000000         1.3951605294
        3.3600000000         1.7000000000         1.3518357845
        3.3650000000         1.7000000000         1.3238021260
        3.3700000000         1.7000000000         1.2804773812
        3.3750000000         1.7000000000         1.2435239223
        3.3800000000         1.7000000000         1.2040219490
        3.3850000000         1.7000000000         1.1721655190
        3.3900000000         1.7000000000         1.1288407741
        3.3950000000         1.7000000000         1.0957100869
        3.4000000000         1.7000000000         1.0549338564
        3.4050000000         1.7000000000         1.0218031691
        3.4100000000         1.7000000000         0.9886724819
        3.4150000000         1.7000000000         0.9504447658
        3.4200000000         1.7000000000         0.9109427926
        3.4250000000         1.7000000000         0.8880061629
        3.4300000000         1.7000000000         0.8344873604
        3.4350000000         1.7000000000         0.8000824160
        3.4400000000         1.7000000000         0.7605804427
        3.4450000000         1.7000000000         0.7299982699
        3.4500000000         1.7000000000         0.6879477822
        3.4550000000         1.7000000000         0.6522685805
        3.4600000000         1.7000000000         0.6191378933
        3.4650000000         1.7000000000         0.5758131484
        3.4700000000         1.7000000000         0.5414082039
        3.4750000000         1.7000000000         0.5070032595
        3.4800000000         1.7000000000         0.4675012862
        3.4850000000         1.7000000000         0.4318220846
        3.4900000000         1.7000000000         0.3948686257
        3.4950000000         1.7000000000         0.3591894240
        3.5000000000         1.7000000000         0.3209617080
        3.5050000000         1.7000000000         0.2852825063
        3.5100000000         1.7000000000         0.2521518191
        3.5150000000         1.7000000000         0.2139241030
        3.5200000000         1.7000000000         0.1820676730
        3.5250000000         1.7000000000         0.1374686709
        3.5300000000         1.7000000000         0.1068864980
        3.5350000000         1.7000000000         0.0712072964
        3.5400000000         1.7000000000         0.0380766091
        3.5450000000         1.7000000000         0.0074944363
        3.5500000000         1.7000000000        -0.0026996214
        3.5550000000         1.7000000000        -0.0001511069
        3.5600000000         1.7000000000        -0.0014253642
        3.5650000000         1.7000000000         1.1403090889
        3.5700000000         1.7000000000         1.0880645436
        3.5750000000         1.7000000000         5.0662955286
        3.5800000000         1.7000000000         5.0675697858
        3.5850000000         1.7000000000         5.0662955286
        3.5900000000         1.7000000000         5.0611984998
        3.5950000000         1.7000000000         5.0242450409
        3.6000000000         1.7000000000         4.9885658393
        3.6050000000         1.7000000000         4.9516123804
        3.6100000000         1.7000000000         4.9108361500
        3.6150000000         1.7000000000         4.8713341767
        3.6200000000         1.7000000000         4.8331064606
        3.6250000000         1.7000000000         4.7910559730
        3.6300000000         1.7000000000         4.7604738001
        3.6350000000         1.7000000000         4.7171490552
        3.6400000000         1.7000000000         4.6801955964
        3.6450000000         1.7000000000         4.6419678803
        3.6500000000         1.7000000000         4.5999173926
        3.6550000000         1.7000000000         4.5642381910
        3.6600000000         1.7000000000         4.5272847321
        3.6650000000         1.7000000000         4.4877827589
        3.6700000000         1.7000000000         4.4521035572
        3.6750000000         1.7000000000         4.4113273267
        3.6800000000         1.7000000000         4.3718253535
        3.6850000000         1.7000000000         4.3425174378
        3.6900000000         1.7000000000         4.3017412073
        3.6950000000         1.7000000000         4.2647877485
        3.7000000000         1.7000000000         4.2278342896
        3.7050000000         1.7000000000         4.1870580592
        3.7100000000         1.7000000000         4.1526531147
        3.7150000000         1.7000000000         4.1118768842
        3.7200000000         1.7000000000         4.0787461970
        3.7250000000         1.7000000000         4.0366957093
        3.7300000000         1.7000000000         4.0073877937
        3.7350000000         1.7000000000         3.9653373060
        3.7400000000         1.7000000000         3.9271095899
        3.7450000000         1.7000000000         3.8901561311
        3.7500000000         1.7000000000         3.8481056434
        3.7550000000         1.7000000000         3.8111521845
        3.7600000000         1.7000000000         3.7754729829
        3.7650000000         1.7000000000         3.7321482380
        3.7700000000         1.7000000000         3.7015660652
        3.7750000000         1.7000000000         3.6556928059
        3.7800000000         1.7000000000         3.6238363758
        3.7850000000         1.7000000000         3.5766888594
        3.7900000000         1.7000000000         3.5422839149
        3.7950000000         1.7000000000         3.5053304560
        3.8000000000         1.7000000000         3.4620057112
        3.8050000000         1.7000000000         3.4288750239
        3.8100000000         1.7000000000         3.3880987934
        3.8150000000         1.7000000000         3.3511453346
        3.8200000000         1.7000000000         3.3103691041
        3.8250000000         1.7000000000         3.2683186164
        3.8300000000         1.7000000000         3.2441077296
        3.8350000000         1.7000000000         3.1956859559
        3.8400000000         1.7000000000         3.1523612111
        3.8450000000         1.7000000000         3.1205047810
        3.8500000000         1.7000000000         3.0759057789
        3.8550000000         1.7000000000         3.0389523201
        3.8600000000         1.7000000000         2.9981760896
        3.8650000000         1.7000000000         2.9586741163
        3.8700000000         1.7000000000         2.9204464003
        3.8750000000         1.7000000000         2.8771216554
        3.8800000000         1.7000000000         2.8452652253
        3.8850000000         1.7000000000         2.8044889949
        3.8900000000         1.7000000000         2.7662612788
        3.8950000000         1.7000000000         2.7293078200
        3.9000000000         1.7000000000         2.6847088179
        3.9050000000         1.7000000000         2.6477553590
        3.9100000000         1.7000000000         2.6108019002
        3.9150000000         1.7000000000         2.5725741841
        3.9200000000         1.7000000000         2.5279751820
        3.9250000000         1.7000000000         2.4897474660
        3.9300000000         1.7000000000         2.4527940071
        3.9350000000         1.7000000000         2.4094692622
        3.9400000000         1.7000000000         2.3763385750
        3.9450000000         1.7000000000         2.3355623445
        3.9500000000         1.7000000000         2.2973346284
        3.9550000000         1.7000000000         2.2540098836
        3.9600000000         1.7000000000         2.2145079103
        3.9650000000         1.7000000000         2.1813772230
        3.9700000000         1.7000000000         2.1355039638
        3.9750000000         1.7000000000         2.1023732765
        3.9800000000         1.7000000000         2.0590485316
        3.9850000000         1.7000000000         2.0195465584
        3.9900000000         1.7000000000         1.9851416139
        3.9950000000         1.7000000000         1.9405426119
        4.0000000000         1.7000000000         1.9061376674
        4.0050000000         1.7000000000         1.8615386653
        4.0100000000         1.7000000000         1.8296822353
        4.0150000000         1.7000000000         1.7901802620
        4.0200000000         1.7000000000         1.7481297743
        4.0250000000         1.7000000000         1.7175476015
        4.0300000000         1.7000000000         1.6754971138
        4.0350000000         1.7000000000         1.6359951406
        4.0400000000         1.7000000000         1.5990416817
        4.0450000000         1.7000000000         1.5684595088
        4.0500000000         1.7000000000         1.5264090212
        4.0550000000         1.7000000000         1.4869070479
        4.0600000000         1.7000000000         1.4512278462
        4.0650000000         1.7000000000         1.4206456734
        4.0700000000         1.7000000000         1.3734981569
        4.0750000000         1.7000000000         1.3403674697
        4.0800000000         1.7000000000         1.3021397536
        4.0850000000         1.7000000000         1.2639120375
        4.0900000000         1.7000000000         1.2295070931
        4.0950000000         1.7000000000         1.1912793770
        4.1000000000         1.7000000000         1.1530516610
        4.1050000000         1.7000000000         1.1160982021
        4.1100000000         1.7000000000         1.0791447432
        4.1150000000         1.7000000000         1.0447397988
        4.1200000000         1.7000000000         0.9988665395
        4.1250000000         1.7000000000         0.9657358522
        4.1300000000         1.7000000000         0.9287823934
        4.1350000000         1.7000000000         0.8956517061
        4.1400000000         1.7000000000         0.8548754757
        4.1450000000         1.7000000000         0.8179220168
        4.1500000000         1.7000000000         0.7822428151
        4.1550000000         1.7000000000         0.7389180703
        4.1600000000         1.7000000000         0.7057873830
        4.1650000000         1.7000000000         0.6726566958
        4.1700000000         1.7000000000         0.6293319509
        4.1750000000         1.7000000000         0.5949270064
        4.1800000000         1.7000000000         0.5579735476
        4.1850000000         1.7000000000         0.5184715743
        4.1900000000         1.7000000000         0.4866151443
        4.1950000000         1.7000000000         0.4471131710
        4.2000000000         1.7000000000         0.4178052553
        4.2050000000         1.7000000000         0.3744805105
        4.2100000000         1.7000000000         0.3438983376
        4.2150000000         1.7000000000         0.3043963644
        4.2200000000         1.7000000000         0.2674429055
        4.2250000000         1.7000000000         0.2394092470
        4.2300000000         1.7000000000         0.1922617306
        4.2350000000         1.7000000000         0.1616795577
        4.2400000000         1.7000000000         0.1260003561
        4.2450000000         1.7000000000         0.0890468972
        4.2500000000         1.7000000000         0.0546419527
        4.2550000000         1.7000000000         0.0138657223
        4.2600000000         1.7000000000         0.0049459219
        4.2650000000         1.7000000000        -0.0001511069
        4.2700000000         1.7000000000         0.0011231503
        4.2750000000         1.7000000000         0.0011231503
        4.2800000000         1.7000000000         1.1186467165
        4.2850000000         1.7000000000         1.1097269161
        4.2900000000         1.7000000000         5.0701183002
        4.2950000000         1.7000000000         5.0662955286
        4.3000000000         1.7000000000         5.0637470142
        4.3050000000         1.7000000000         5.0395361274
        4.3100000000         1.7000000000         4.9987598969
        4.3150000000         1.7000000000         4.9579836664
        4.3200000000         1.7000000000         4.9210302076
        4.3250000000         1.7000000000         4.8777054627
        4.3300000000         1.7000000000         4.8458490326
        4.3350000000         1.7000000000         4.8063470594
        4.3400000000         1.7000000000         4.7668450861
        4.3450000000         1.7000000000         4.7260688556
        4.3500000000         1.7000000000         4.6967609400
        4.3550000000         1.7000000000         4.6483391663
        4.3600000000         1.7000000000         4.6101114503
        4.3650000000         1.7000000000         4.5718837342
        4.3700000000         1.7000000000         4.5349302753
        4.3750000000         1.7000000000         4.4967025593
        4.3800000000         1.7000000000         4.4572005860
        4.3850000000         1.7000000000         4.4215213843
        4.3900000000         1.7000000000         4.3871164399
        4.3950000000         1.7000000000         4.3463402094
        4.4000000000         1.7000000000         4.3119352650
        4.4050000000         1.7000000000         4.2724332917
        4.4100000000         1.7000000000         4.2316570612
        4.4150000000         1.7000000000         4.1985263740
        4.4200000000         1.7000000000         4.1628471723
        4.4250000000         1.7000000000         4.1169739130
        4.4300000000         1.7000000000         4.0812947114
        4.4350000000         1.7000000000         4.0443412525
        4.4400000000         1.7000000000         4.0048392793
        4.4450000000         1.7000000000         3.9678858204
        4.4500000000         1.7000000000         3.9232868183
        4.4550000000         1.7000000000         3.8876076167
        4.4600000000         1.7000000000         3.8493799006
        4.4650000000         1.7000000000         3.8060551557
        4.4700000000         1.7000000000         3.7703759541
        4.4750000000         1.7000000000         3.7346967524
        4.4800000000         1.7000000000         3.6888234931
        4.4850000000         1.7000000000         3.6544185487
        4.4900000000         1.7000000000         3.6136423182
        4.4950000000         1.7000000000         3.5715918305
        4.5000000000         1.7000000000         3.5410096577
        4.5050000000         1.7000000000         3.5002334272
        4.5100000000         1.7000000000         3.4607314540
        4.5150000000         1.7000000000         3.4250522523
        4.5200000000         1.7000000000         3.3804532502
        4.5250000000         1.7000000000         3.3460483058
        4.5300000000         1.7000000000         3.3014493037
        4.5350000000         1.7000000000         3.2670443592
        4.5400000000         1.7000000000         3.2275423860
        4.5450000000         1.7000000000         3.1803948695
        4.5500000000         1.7000000000         3.1459899250
        4.5550000000         1.7000000000         3.1064879518
        4.5600000000         1.7000000000         3.0695344929
        4.5650000000         1.7000000000         3.0236612336
        4.5700000000         1.7000000000         2.9918048036
        4.5750000000         1.7000000000         2.9497543159
        4.5800000000         1.7000000000         2.9140751143
        4.5850000000         1.7000000000         2.8720246266
        4.5900000000         1.7000000000         2.8325226533
        4.5950000000         1.7000000000         2.7955691945
        4.6000000000         1.7000000000         2.7496959352
        4.6050000000         1.7000000000         2.7152909907
        4.6100000000         1.7000000000         2.6757890175
        4.6150000000         1.7000000000         2.6375613014
        4.6200000000         1.7000000000         2.5929622993
        4.6250000000         1.7000000000         2.5547345833
        4.6300000000         1.7000000000         2.5152326100
        4.6350000000         1.7000000000         2.4770048939
        4.6400000000         1.7000000000         2.4375029207
        4.6450000000         1.7000000000         2.4005494618
        4.6500000000         1.7000000000         2.3610474885
        4.6550000000         1.7000000000         2.3215455153
        4.6600000000         1.7000000000         2.2794950276
        4.6650000000         1.7000000000         2.2476385976
        4.6700000000         1.7000000000         2.2068623671
        4.6750000000         1.7000000000         2.1648118794
        4.6800000000         1.7000000000         2.1253099062
        4.6850000000         1.7000000000         2.0896307045
        4.6900000000         1.7000000000         2.0539515028
        4.6950000000         1.7000000000         2.0131752724
        4.7000000000         1.7000000000         1.9762218135
        4.7050000000         1.7000000000         1.9367198402
        4.7100000000         1.7000000000         1.8984921242
        4.7150000000         1.7000000000         1.8577158937
        4.7200000000         1.7000000000         1.8207624349
        4.7250000000         1.7000000000         1.7850832332
        4.7300000000         1.7000000000         1.7443070027
        4.7350000000         1.7000000000         1.7035307723
        4.7400000000         1.7000000000         1.6665773134
        4.7450000000         1.7000000000         1.6283495973
        4.7500000000         1.7000000000         1.5939446529
        4.7550000000         1.7000000000         1.5557169368
        4.7600000000         1.7000000000         1.5174892208
        4.7650000000         1.7000000000         1.4792615047
        4.7700000000         1.7000000000         1.4397595314
        4.7750000000         1.7000000000         1.4066288442
        4.7800000000         1.7000000000         1.3633040993
        4.7850000000         1.7000000000         1.3314476692
        4.7900000000         1.7000000000         1.2881229244
        4.7950000000         1.7000000000         1.2511694655
        4.8000000000         1.7000000000         1.2154902639
        4.8050000000         1.7000000000         1.1747140334
        4.8100000000         1.7000000000         1.1403090889
        4.8150000000         1.7000000000         1.0995328585
        4.8200000000         1.7000000000         1.0651279140
        4.8250000000         1.7000000000         1.0281744551
        4.8300000000         1.7000000000         0.9899467391
        4.8350000000         1.7000000000         0.9568160518
        4.8400000000         1.7000000000         0.9173140786
        4.8450000000         1.7000000000         0.8803606197
        4.8500000000         1.7000000000         0.8408586464
        4.8550000000         1.7000000000         0.8077279592
        4.8600000000         1.7000000000         0.7669517287
        4.8650000000         1.7000000000         0.7350952987
        4.8700000000         1.7000000000         0.6930448110
        4.8750000000         1.7000000000         0.6548170949
        4.8800000000         1.7000000000         0.6204121505
        4.8850000000         1.7000000000         0.5796359200
        4.8900000000         1.7000000000         0.5439567183
        4.8950000000         1.7000000000         0.5044547451
        4.9000000000         1.7000000000         0.4649527718
        4.9050000000         1.7000000000         0.4318220846
        4.9100000000         1.7000000000         0.3935943685
        4.9150000000         1.7000000000         0.3553666524
        4.9200000000         1.7000000000         0.3209617080
        4.9250000000         1.7000000000         0.2852825063
        4.9300000000         1.7000000000         0.2445062759
        4.9350000000         1.7000000000         0.2101013314
        4.9400000000         1.7000000000         0.1705993581
        4.9450000000         1.7000000000         0.1323716421
        4.9500000000         1.7000000000         0.0992409548
        4.9550000000         1.7000000000         0.0597389816
        4.9600000000         1.7000000000         0.0240597799
        4.9650000000         1.7000000000        -0.0026996214
        4.9700000000         1.7000000000        -0.0001511069
        4.9750000000         1.7000000000        -0.0001511069
        4.9800000000         1.7000000000         0.0011231503
        4.9850000000         1.7000000000         1.0918873153
        4.9900000000         1.7000000000         1.0918873153
        4.9950000000         1.7000000000         5.0675697858
        5.0000000000         1.7000000000         5.0662955286
        5.0050000000         1.7000000000         5.0637470142
        5.0100000000         1.7000000000         5.0408103846
        5.0150000000         1.7000000000         5.0013084113
        5.0200000000         1.7000000000         4.9694519812
        5.0250000000         1.7000000000         4.9261272364
        5.0300000000         1.7000000000         4.8891737775
        5.0350000000         1.7000000000         4.8522203187
        5.0400000000         1.7000000000         4.8076213166
        5.0450000000         1.7000000000         4.7719421149
        5.0500000000         1.7000000000         4.7362629133
        5.0550000000         1.7000000000         4.6916639112
        5.0600000000         1.7000000000         4.6572589667
        5.0650000000         1.7000000000         4.6203055079
        5.0700000000         1.7000000000         4.5782550202
        5.0750000000         1.7000000000         4.5413015613
        5.0800000000         1.7000000000         4.5017995881
        5.0850000000         1.7000000000         4.4661203864
        5.0900000000         1.7000000000         4.4278926704
        5.0950000000         1.7000000000         4.3832936683
        5.1000000000         1.7000000000         4.3488887238
        5.1050000000         1.7000000000         4.3119352650
        5.1100000000         1.7000000000         4.2698847773
        5.1150000000         1.7000000000         4.2380283472
        5.1200000000         1.7000000000         4.1998006312
        5.1250000000         1.7000000000         4.1602986579
        5.1300000000         1.7000000000         4.1258937135
        5.1350000000         1.7000000000         4.0825689686
        5.1400000000         1.7000000000         4.0481640241
        5.1450000000         1.7000000000         4.0086620509
        5.1500000000         1.7000000000         3.9691600776
        5.1550000000         1.7000000000         3.9322066187
        5.1600000000         1.7000000000         3.8901561311
        5.1650000000         1.7000000000         3.8570254438
        5.1700000000         1.7000000000         3.8213462422
        5.1750000000         1.7000000000         3.7767472401
        5.1800000000         1.7000000000         3.7436165528
        5.1850000000         1.7000000000         3.6977432936
        5.1900000000         1.7000000000         3.6658868635
        5.1950000000         1.7000000000         3.6251106330
        5.2000000000         1.7000000000         3.5856086598
        5.2050000000         1.7000000000         3.5512037153
        5.2100000000         1.7000000000         3.5104274848
        5.2150000000         1.7000000000         3.4721997688
        5.2200000000         1.7000000000         3.4339720527
        5.2250000000         1.7000000000         3.3880987934
        5.2300000000         1.7000000000         3.3587908778
        5.2350000000         1.7000000000         3.3167403901
        5.2400000000         1.7000000000         3.2797869313
        5.2450000000         1.7000000000         3.2415592152
        5.2500000000         1.7000000000         3.1982344703
        5.2550000000         1.7000000000         3.1638295259
        5.2600000000         1.7000000000         3.1217790382
        5.2650000000         1.7000000000         3.0848255793
        5.2700000000         1.7000000000         3.0504206349
        5.2750000000         1.7000000000         3.0058216328
        5.2800000000         1.7000000000         2.9701424312
        5.2850000000         1.7000000000         2.9331889723
        5.2900000000         1.7000000000         2.8885899702
        5.2950000000         1.7000000000         2.8580077974
        5.3000000000         1.7000000000         2.8172315669
        5.3050000000         1.7000000000         2.7802781080
        5.3100000000         1.7000000000         2.7356791060
        5.3150000000         1.7000000000         2.7025484187
        5.3200000000         1.7000000000         2.6592236738
        5.3250000000         1.7000000000         2.6260929866
        5.3300000000         1.7000000000         2.5840424989
        5.3350000000         1.7000000000         2.5470890401
        5.3400000000         1.7000000000         2.5063128096
        5.3450000000         1.7000000000         2.4731821223
        5.3500000000         1.7000000000         2.4285831203
        5.3550000000         1.7000000000         2.3941781758
        5.3600000000         1.7000000000         2.3495791737
        5.3650000000         1.7000000000         2.3075286861
        5.3700000000         1.7000000000         2.2743979988
        5.3750000000         1.7000000000         2.2374445399
        5.3800000000         1.7000000000         2.1966683095
        5.3850000000         1.7000000000         2.1609891078
        5.3900000000         1.7000000000         2.1227613918
        5.3950000000         1.7000000000         2.0807109041
        5.4000000000         1.7000000000         2.0475802168
        5.4050000000         1.7000000000         2.0093525008
        5.4100000000         1.7000000000         1.9685762703
        5.4150000000         1.7000000000         1.9278000398
        5.4200000000         1.7000000000         1.9010406386
        5.4250000000         1.7000000000         1.8487960933
        5.4300000000         1.7000000000         1.8143911488
        5.4350000000         1.7000000000         1.7774376900
        5.4400000000         1.7000000000         1.7366614595
        5.4450000000         1.7000000000         1.7060792867
        5.4500000000         1.7000000000         1.6602060274
        5.4550000000         1.7000000000         1.6258010829
        5.4600000000         1.7000000000         1.5901218813
        5.4650000000         1.7000000000         1.5493456508
        5.4700000000         1.7000000000         1.5162149636
        5.4750000000         1.7000000000         1.4754387331
        5.4800000000         1.7000000000         1.4423080458
        5.4850000000         1.7000000000         1.4028060726
        5.4900000000         1.7000000000         1.3633040993
        5.4950000000         1.7000000000         1.3276248976
        5.5000000000         1.7000000000         1.2881229244
        5.5050000000         1.7000000000         1.2562664943
        5.5100000000         1.7000000000         1.2154902639
        5.5150000000         1.7000000000         1.1810853194
        5.5200000000         1.7000000000         1.1479546321
        5.5250000000         1.7000000000         1.1046298873
        5.5300000000         1.7000000000         1.0676764284
        5.5350000000         1.7000000000         1.0370942556
        5.5400000000         1.7000000000         0.9963180251
        5.5450000000         1.7000000000         0.9644615950
        5.5500000000         1.7000000000         0.9224111074
        5.5550000000         1.7000000000         0.8867319057
        5.5600000000         1.7000000000         0.8536012185
        5.5650000000         1.7000000000         0.8153735024
        5.5700000000         1.7000000000         0.7745972719
        5.5750000000         1.7000000000         0.7363695559
        5.5800000000         1.7000000000         0.7057873830
        5.5850000000         1.7000000000         0.6637368953
        5.5900000000         1.7000000000         0.6306062081
        5.5950000000         1.7000000000         0.5885557204
        5.6000000000         1.7000000000         0.5566992904
        5.6050000000         1.7000000000         0.5184715743
        5.6100000000         1.7000000000         0.4802438582
        5.6150000000         1.7000000000         0.4420161422
        5.6200000000         1.7000000000         0.4088854549
        5.6250000000         1.7000000000         0.3693834817
        5.6300000000         1.7000000000         0.3337042800
        5.6350000000         1.7000000000         0.2980250783
        5.6400000000         1.7000000000         0.2597973623
        5.6450000000         1.7000000000         0.2292151894
        5.6500000000         1.7000000000         0.1858904446
        5.6550000000         1.7000000000         0.1578567861
        5.6600000000         1.7000000000         0.1183548128
        5.6650000000         1.7000000000         0.0814013540
        5.6700000000         1.7000000000         0.0457221523
        5.6750000000         1.7000000000         0.0113172079
        5.6800000000         1.7000000000         0.0011231503
        5.6850000000         1.7000000000        -0.0026996214
        5.6900000000         1.7000000000         0.0049459219
        5.6950000000         1.7000000000         0.0011231503
        5.7000000000         1.7000000000         1.1364863173
        5.7050000000         1.7000000000         5.0510044422
        5.7100000000         1.7000000000         5.0675697858
        5.7150000000         1.7000000000         5.0701183002
        5.7200000000         1.7000000000         5.0675697858
        5.7250000000         1.7000000000         5.0344390986
        5.7300000000         1.7000000000         4.9923886109
        5.7350000000         1.7000000000         4.9592579236
        5.7400000000         1.7000000000         4.9184816932
        5.7450000000         1.7000000000         4.8789797199
        5.7500000000         1.7000000000         4.8445747754
        5.7550000000         1.7000000000         4.8012500306
        5.7600000000         1.7000000000         4.7655708289
        5.7650000000         1.7000000000         4.7298916273
        5.7700000000         1.7000000000         4.6916639112
        5.7750000000         1.7000000000         4.6508876807
        5.7800000000         1.7000000000         4.6139342219
        5.7850000000         1.7000000000         4.5769807630
        5.7900000000         1.7000000000         4.5362045325
        5.7950000000         1.7000000000         4.5043481025
        5.8000000000         1.7000000000         4.4622976148
        5.8050000000         1.7000000000         4.4266184132
        5.8100000000         1.7000000000         4.3845679255
        5.8150000000         1.7000000000         4.3527114954
        5.8200000000         1.7000000000         4.3157580366
        5.8250000000         1.7000000000         4.2749818061
        5.8300000000         1.7000000000         4.2393026044
        5.8350000000         1.7000000000         4.1985263740
        5.8400000000         1.7000000000         4.1679442011
        5.8450000000         1.7000000000         4.1233451991
        5.8500000000         1.7000000000         4.0940372834
        5.8550000000         1.7000000000         4.0519867957
        5.8600000000         1.7000000000         4.0150333369
        5.8650000000         1.7000000000         3.9806283924
        5.8700000000         1.7000000000         3.9360293903
        5.8750000000         1.7000000000         3.8952531599
        5.8800000000         1.7000000000         3.8621224726
        5.8850000000         1.7000000000         3.8149749561
        5.8900000000         1.7000000000         3.7882155549
        5.8950000000         1.7000000000         3.7436165528
        5.9000000000         1.7000000000         3.7053888368
        5.9050000000         1.7000000000         3.6671611207
        5.9100000000         1.7000000000         3.6276591474
        5.9150000000         1.7000000000         3.5919799458
        5.9200000000         1.7000000000         3.5512037153
        5.9250000000         1.7000000000         3.5180730281
        5.9300000000         1.7000000000         3.4900393696
        5.9350000000         1.7000000000         3.4416175959
        5.9400000000         1.7000000000         3.4033898799
        5.9450000000         1.7000000000         3.3626136494
        5.9500000000         1.7000000000         3.3231116761
        5.9550000000         1.7000000000         3.2874324745
        5.9600000000         1.7000000000         3.2530275300
        5.9650000000         1.7000000000         3.2058800135
        5.9700000000         1.7000000000         3.1663780403
        5.9750000000         1.7000000000         3.1306988386
        5.9800000000         1.7000000000         3.0860998365
        5.9850000000         1.7000000000         3.0491463777
        5.9900000000         1.7000000000         3.0147414332
        5.9950000000         1.7000000000         2.9777879744
        6.0000000000         1.7000000000         2.9268176863
        6.0050000000         1.7000000000         2.9000582850
        6.0100000000         1.7000000000         2.8618305690
        6.0150000000         1.7000000000         2.8146830525
        6.0200000000         1.7000000000         2.7841008796
        6.0250000000         1.7000000000         2.7471474208
        6.0300000000         1.7000000000         2.7050969331
        6.0350000000         1.7000000000         2.6643207026
        6.0400000000         1.7000000000         2.6311900154
        6.0450000000         1.7000000000         2.5904137849
        6.0500000000         1.7000000000         2.5470890401
        6.0550000000         1.7000000000         2.5177811244
        6.0600000000         1.7000000000         2.4719078651
        6.0650000000         1.7000000000         2.4324058919
        6.0700000000         1.7000000000         2.4043722334
        6.0750000000         1.7000000000         2.3546762025
        6.0800000000         1.7000000000         2.3126257149
        6.0850000000         1.7000000000         2.2794950276
        6.0900000000         1.7000000000         2.2361702827
        6.0950000000         1.7000000000         2.2017653383
        6.1000000000         1.7000000000         2.1546178218
        6.1050000000         1.7000000000         2.1214871346
        6.1100000000         1.7000000000         2.0807109041
        6.1150000000         1.7000000000         2.0463059596
        6.1200000000         1.7000000000         2.0042554720
        6.1250000000         1.7000000000         1.9660277559
        6.1300000000         1.7000000000         1.9303485542
        6.1350000000         1.7000000000         1.8882980666
        6.1400000000         1.7000000000         1.8538931221
        6.1450000000         1.7000000000         1.8156654060
        6.1500000000         1.7000000000         1.7748891756
        6.1550000000         1.7000000000         1.7404842311
        6.1600000000         1.7000000000         1.6997080007
        6.1650000000         1.7000000000         1.6614802846
        6.1700000000         1.7000000000         1.6270753401
        6.1750000000         1.7000000000         1.5913961385
        6.1800000000         1.7000000000         1.5506199080
        6.1850000000         1.7000000000         1.5162149636
        6.1900000000         1.7000000000         1.4792615047
