        0.0000000000         1.8500000000         2.9701424312
        0.0050000000         1.8500000000         2.9701424312
        0.0100000000         1.8500000000         2.9675939167
        0.0150000000         1.8500000000         2.9637711451
        0.0200000000         1.8500000000         2.9624968879
        0.0250000000         1.8500000000         2.9650454023
        0.0300000000         1.8500000000         2.9535770875
        0.0350000000         1.8500000000         2.9421087727
        0.0400000000         1.8500000000         2.9293662007
        0.0450000000         1.8500000000         2.9191721431
        0.0500000000         1.8500000000         2.9026067994
        0.0550000000         1.8500000000         2.8873157130
        0.0600000000         1.8500000000         2.8732988838
        0.0650000000         1.8500000000         2.8503622542
        0.0700000000         1.8500000000         2.8376196821
        0.0750000000         1.8500000000         2.8197800813
        0.0800000000         1.8500000000         2.7968434517
        0.0850000000         1.8500000000         2.7777295936
        0.0900000000         1.8500000000         2.7598899928
        0.0950000000         1.8500000000         2.7407761348
        0.1000000000         1.8500000000         2.7178395051
        0.1050000000         1.8500000000         2.6949028755
        0.1100000000         1.8500000000         2.6821603035
        0.1150000000         1.8500000000         2.6528523878
        0.1200000000         1.8500000000         2.6337385298
        0.1250000000         1.8500000000         2.6133504146
        0.1300000000         1.8500000000         2.5827682417
        0.1350000000         1.8500000000         2.5611058693
        0.1400000000         1.8500000000         2.5394434968
        0.1450000000         1.8500000000         2.5165068672
        0.1500000000         1.8500000000         2.4910217232
        0.1550000000         1.8500000000         2.4744563795
        0.1600000000         1.8500000000         2.4502454927
        0.1650000000         1.8500000000         2.4209375770
        0.1700000000         1.8500000000         2.3967266902
        0.1750000000         1.8500000000         2.3737900606
        0.1800000000         1.8500000000         2.3483049165
        0.1850000000         1.8500000000         2.3202712581
        0.1900000000         1.8500000000         2.2960603712
        0.1950000000         1.8500000000         2.2680267128
        0.2000000000         1.8500000000         2.2450900832
        0.2050000000         1.8500000000         2.2157821675
        0.2100000000         1.8500000000         2.1928455379
        0.2150000000         1.8500000000         2.1686346510
        0.2200000000         1.8500000000         2.1380524782
        0.2250000000         1.8500000000         2.1138415913
        0.2300000000         1.8500000000         2.0870821901
        0.2350000000         1.8500000000         2.0603227889
        0.2400000000         1.8500000000         2.0335633876
        0.2450000000         1.8500000000         2.0119010152
        0.2500000000         1.8500000000         1.9813188423
        0.2550000000         1.8500000000         1.9545594411
        0.2600000000         1.8500000000         1.9278000398
        0.2650000000         1.8500000000         1.9010406386
        0.2700000000         1.8500000000         1.8742812373
        0.2750000000         1.8500000000         1.8487960933
        0.2800000000         1.8500000000         1.8245852065
        0.2850000000         1.8500000000         1.7991000624
        0.2900000000         1.8500000000         1.7659693752
        0.2950000000         1.8500000000         1.7417584883
        0.3000000000         1.8500000000         1.7175476015
        0.3050000000         1.8500000000         1.6869654286
        0.3100000000         1.8500000000         1.6640287990
        0.3150000000         1.8500000000         1.6359951406
        0.3200000000         1.8500000000         1.6079614821
        0.3250000000         1.8500000000         1.5862991097
        0.3300000000         1.8500000000         1.5582654512
        0.3350000000         1.8500000000         1.5327803072
        0.3400000000         1.8500000000         1.5085694203
        0.3450000000         1.8500000000         1.4779872475
        0.3500000000         1.8500000000         1.4563248751
        0.3550000000         1.8500000000         1.4270169594
        0.3600000000         1.8500000000         1.4028060726
        0.3650000000         1.8500000000         1.3785951857
        0.3700000000         1.8500000000         1.3518357845
        0.3750000000         1.8500000000         1.3288991548
        0.3800000000         1.8500000000         1.3008654964
        0.3850000000         1.8500000000         1.2792031240
        0.3900000000         1.8500000000         1.2473466939
        0.3950000000         1.8500000000         1.2231358071
        0.4000000000         1.8500000000         1.2052962062
        0.4050000000         1.8500000000         1.1747140334
        0.4100000000         1.8500000000         1.1530516610
        0.4150000000         1.8500000000         1.1301150313
        0.4200000000         1.8500000000         1.0982586013
        0.4250000000         1.8500000000         1.0778704860
        0.4300000000         1.8500000000         1.0460140560
        0.4350000000         1.8500000000         1.0230774263
        0.4400000000         1.8500000000         1.0014150539
        0.4450000000         1.8500000000         0.9695586239
        0.4500000000         1.8500000000         0.9491705086
        0.4550000000         1.8500000000         0.9198625930
        0.4600000000         1.8500000000         0.8982002205
        0.4650000000         1.8500000000         0.8701665621
        0.4700000000         1.8500000000         0.8472299324
        0.4750000000         1.8500000000         0.8230190456
        0.4800000000         1.8500000000         0.7937111300
        0.4850000000         1.8500000000         0.7745972719
        0.4900000000         1.8500000000         0.7465636135
        0.4950000000         1.8500000000         0.7223527266
        0.5000000000         1.8500000000         0.6917705538
        0.5050000000         1.8500000000         0.6675596670
        0.5100000000         1.8500000000         0.6458972945
        0.5150000000         1.8500000000         0.6242349221
        0.5200000000         1.8500000000         0.5936527492
        0.5250000000         1.8500000000         0.5707161196
        0.5300000000         1.8500000000         0.5465052328
        0.5350000000         1.8500000000         0.5171973171
        0.5400000000         1.8500000000         0.5006319735
        0.5450000000         1.8500000000         0.4713240578
        0.5500000000         1.8500000000         0.4496616854
        0.5550000000         1.8500000000         0.4203537697
        0.5600000000         1.8500000000         0.3935943685
        0.5650000000         1.8500000000         0.3732062533
        0.5700000000         1.8500000000         0.3451725948
        0.5750000000         1.8500000000         0.3247844796
        0.5800000000         1.8500000000         0.2929280495
        0.5850000000         1.8500000000         0.2699914199
        0.5900000000         1.8500000000         0.2483290475
        0.5950000000         1.8500000000         0.2190211318
        0.6000000000         1.8500000000         0.1935359878
        0.6050000000         1.8500000000         0.1680508437
        0.6100000000         1.8500000000         0.1463884713
        0.6150000000         1.8500000000         0.1196290700
        0.6200000000         1.8500000000         0.0954181832
        0.6250000000         1.8500000000         0.0699330392
        0.6300000000         1.8500000000         0.0495449239
        0.6350000000         1.8500000000         0.0176884939
        0.6400000000         1.8500000000         0.0011231503
        0.6450000000         1.8500000000        -0.0014253642
        0.6500000000         1.8500000000        -0.0026996214
        0.6550000000         1.8500000000         0.0049459219
        0.6600000000         1.8500000000         0.0011231503
        0.6650000000         1.8500000000        -0.0026996214
        0.6700000000         1.8500000000         1.1377605745
        0.6750000000         1.8500000000         1.0893388008
        0.6800000000         1.8500000000         5.0650212714
        0.6850000000         1.8500000000         5.0701183002
        0.6900000000         1.8500000000         5.0675697858
        0.6950000000         1.8500000000         5.0701183002
        0.7000000000         1.8500000000         5.0510044422
        0.7050000000         1.8500000000         5.0280678125
        0.7100000000         1.8500000000         4.9987598969
        0.7150000000         1.8500000000         4.9630806952
        0.7200000000         1.8500000000         4.9401440656
        0.7250000000         1.8500000000         4.9108361500
        0.7300000000         1.8500000000         4.8828024915
        0.7350000000         1.8500000000         4.8534945759
        0.7400000000         1.8500000000         4.8203638886
        0.7450000000         1.8500000000         4.7885074586
        0.7500000000         1.8500000000         4.7642965717
        0.7550000000         1.8500000000         4.7286173701
        0.7600000000         1.8500000000         4.6993094544
        0.7650000000         1.8500000000         4.6700015388
        0.7700000000         1.8500000000         4.6381451087
        0.7750000000         1.8500000000         4.6113857075
        0.7800000000         1.8500000000         4.5808035346
        0.7850000000         1.8500000000         4.5527698762
        0.7900000000         1.8500000000         4.5247362177
        0.7950000000         1.8500000000         4.4916055305
        0.8000000000         1.8500000000         4.4661203864
        0.8050000000         1.8500000000         4.4368124708
        0.8100000000         1.8500000000         4.4075045551
        0.8150000000         1.8500000000         4.3743738679
        0.8200000000         1.8500000000         4.3527114954
        0.8250000000         1.8500000000         4.3208550654
        0.8300000000         1.8500000000         4.2928214069
        0.8350000000         1.8500000000         4.2673362629
        0.8400000000         1.8500000000         4.2316570612
        0.8450000000         1.8500000000         4.2048976600
        0.8500000000         1.8500000000         4.1768640015
        0.8550000000         1.8500000000         4.1462818287
        0.8600000000         1.8500000000         4.1246194563
        0.8650000000         1.8500000000         4.0914887690
        0.8700000000         1.8500000000         4.0634551106
        0.8750000000         1.8500000000         4.0328729377
        0.8800000000         1.8500000000         4.0073877937
        0.8850000000         1.8500000000         3.9768056208
        0.8900000000         1.8500000000         3.9449491908
        0.8950000000         1.8500000000         3.9156412751
        0.9000000000         1.8500000000         3.8863333595
        0.9050000000         1.8500000000         3.8570254438
        0.9100000000         1.8500000000         3.8302660426
        0.9150000000         1.8500000000         3.7958610981
        0.9200000000         1.8500000000         3.7691016969
        0.9250000000         1.8500000000         3.7397937812
        0.9300000000         1.8500000000         3.7092116084
        0.9350000000         1.8500000000         3.6850007215
        0.9400000000         1.8500000000         3.6518700343
        0.9450000000         1.8500000000         3.6212878614
        0.9500000000         1.8500000000         3.5945284602
        0.9550000000         1.8500000000         3.5613977729
        0.9600000000         1.8500000000         3.5320898573
        0.9650000000         1.8500000000         3.5078789704
        0.9700000000         1.8500000000         3.4709255116
        0.9750000000         1.8500000000         3.4428918531
        0.9800000000         1.8500000000         3.4161324519
        0.9850000000         1.8500000000         3.3880987934
        0.9900000000         1.8500000000         3.3575166206
        0.9950000000         1.8500000000         3.3231116761
        1.0000000000         1.8500000000         3.2912552461
        1.0050000000         1.8500000000         3.2670443592
        1.0100000000         1.8500000000         3.2377364436
        1.0150000000         1.8500000000         3.2109770423
        1.0200000000         1.8500000000         3.1765720979
        1.0250000000         1.8500000000         3.1510869538
        1.0300000000         1.8500000000         3.1332473530
        1.0350000000         1.8500000000         3.0873740937
        1.0400000000         1.8500000000         3.0618889497
        1.0450000000         1.8500000000         3.0338552913
        1.0500000000         1.8500000000         3.0007246040
        1.0550000000         1.8500000000         2.9765137172
        1.0600000000         1.8500000000         2.9484800587
        1.0650000000         1.8500000000         2.9140751143
        1.0700000000         1.8500000000         2.8873157130
        1.0750000000         1.8500000000         2.8580077974
        1.0800000000         1.8500000000         2.8325226533
        1.0850000000         1.8500000000         2.7942949373
        1.0900000000         1.8500000000         2.7675355360
        1.0950000000         1.8500000000         2.7433246492
        1.1000000000         1.8500000000         2.7114682191
        1.1050000000         1.8500000000         2.6808860463
        1.1100000000         1.8500000000         2.6541266450
        1.1150000000         1.8500000000         2.6209959578
        1.1200000000         1.8500000000         2.5955108137
        1.1250000000         1.8500000000         2.5623801265
        1.1300000000         1.8500000000         2.5343464680
        1.1350000000         1.8500000000         2.5050385524
        1.1400000000         1.8500000000         2.4770048939
        1.1450000000         1.8500000000         2.4502454927
        1.1500000000         1.8500000000         2.4120177766
        1.1550000000         1.8500000000         2.3878068898
        1.1600000000         1.8500000000         2.3559504597
        1.1650000000         1.8500000000         2.3304653157
        1.1700000000         1.8500000000         2.2986088856
        1.1750000000         1.8500000000         2.2654781984
        1.1800000000         1.8500000000         2.2361702827
        1.1850000000         1.8500000000         2.2247019679
        1.1900000000         1.8500000000         2.1788287086
        1.1950000000         1.8500000000         2.1482465358
        1.2000000000         1.8500000000         2.1265841634
        1.2050000000         1.8500000000         2.0921792189
        1.2100000000         1.8500000000         2.0628713033
        1.2150000000         1.8500000000         2.0335633876
        1.2200000000         1.8500000000         2.0042554720
        1.2250000000         1.8500000000         1.9762218135
        1.2300000000         1.8500000000         1.9469138979
        1.2350000000         1.8500000000         1.9176059822
        1.2400000000         1.8500000000         1.8921208382
        1.2450000000         1.8500000000         1.8628129225
        1.2500000000         1.8500000000         1.8335050069
        1.2550000000         1.8500000000         1.8080198628
        1.2600000000         1.8500000000         1.7736149184
        1.2650000000         1.8500000000         1.7519525459
        1.2700000000         1.8500000000         1.7239188875
        1.2750000000         1.8500000000         1.6946109718
        1.2800000000         1.8500000000         1.6665773134
        1.2850000000         1.8500000000         1.6372693978
        1.2900000000         1.8500000000         1.6143327681
        1.2950000000         1.8500000000         1.5773793093
        1.3000000000         1.8500000000         1.5569911940
        1.3050000000         1.8500000000         1.5353288216
        1.3100000000         1.8500000000         1.5021981343
        1.3150000000         1.8500000000         1.4767129903
        1.3200000000         1.8500000000         1.4499535890
        1.3250000000         1.8500000000         1.4193714162
        1.3300000000         1.8500000000         1.3938862722
        1.3350000000         1.8500000000         1.3696753853
        1.3400000000         1.8500000000         1.3454644985
        1.3450000000         1.8500000000         1.3148823256
        1.3500000000         1.8500000000         1.2868486672
        1.3550000000         1.8500000000         1.2575407515
        1.3600000000         1.8500000000         1.2371526363
        1.3650000000         1.8500000000         1.2103932350
        1.3700000000         1.8500000000         1.1874566054
        1.3750000000         1.8500000000         1.1556001754
        1.3800000000         1.8500000000         1.1352120601
        1.3850000000         1.8500000000         1.1020813729
        1.3900000000         1.8500000000         1.0791447432
        1.3950000000         1.8500000000         1.0536595992
        1.4000000000         1.8500000000         1.0269001979
        1.4050000000         1.8500000000         1.0001407967
        1.4100000000         1.8500000000         0.9784784243
        1.4150000000         1.8500000000         0.9491705086
        1.4200000000         1.8500000000         0.9249596218
        1.4250000000         1.8500000000         0.9020229921
        1.4300000000         1.8500000000         0.8739893337
        1.4350000000         1.8500000000         0.8548754757
        1.4400000000         1.8500000000         0.8242933028
        1.4450000000         1.8500000000         0.7988081588
        1.4500000000         1.8500000000         0.7796943007
        1.4550000000         1.8500000000         0.7478378707
        1.4600000000         1.8500000000         0.7261754982
        1.4650000000         1.8500000000         0.7070616402
        1.4700000000         1.8500000000         0.6713824386
        1.4750000000         1.8500000000         0.6497200661
        1.4800000000         1.8500000000         0.6242349221
        1.4850000000         1.8500000000         0.5962012636
        1.4900000000         1.8500000000         0.5758131484
        1.4950000000         1.8500000000         0.5477794900
        1.5000000000         1.8500000000         0.5235686031
        1.5050000000         1.8500000000         0.5031804879
        1.5100000000         1.8500000000         0.4713240578
        1.5150000000         1.8500000000         0.4522101998
        1.5200000000         1.8500000000         0.4216280269
        1.5250000000         1.8500000000         0.3999656545
        1.5300000000         1.8500000000         0.3706577389
        1.5350000000         1.8500000000         0.3451725948
        1.5400000000         1.8500000000         0.3247844796
        1.5450000000         1.8500000000         0.2929280495
        1.5500000000         1.8500000000         0.2687171627
        1.5550000000         1.8500000000         0.2419577615
        1.5600000000         1.8500000000         0.2177468746
        1.5650000000         1.8500000000         0.1948102450
        1.5700000000         1.8500000000         0.1655023293
        1.5750000000         1.8500000000         0.1374686709
        1.5800000000         1.8500000000         0.1183548128
        1.5850000000         1.8500000000         0.0864983828
        1.5900000000         1.8500000000         0.0610132388
        1.5950000000         1.8500000000         0.0418993807
        1.6000000000         1.8500000000         0.0138657223
        1.6050000000         1.8500000000        -0.0026996214
        1.6100000000         1.8500000000         0.0049459219
        1.6150000000         1.8500000000        -0.0001511069
        1.6200000000         1.8500000000         0.0011231503
        1.6250000000         1.8500000000         0.0023974075
        1.6300000000         1.8500000000         1.1135496877
        1.6350000000         1.8500000000         1.1224694881
        1.6400000000         1.8500000000         5.0535529566
        1.6450000000         1.8500000000         5.0624727570
        1.6500000000         1.8500000000         5.0713925574
        1.6550000000         1.8500000000         5.0650212714
        1.6600000000         1.8500000000         5.0611984998
        1.6650000000         1.8500000000         5.0344390986
        1.6700000000         1.8500000000         5.0038569257
        1.6750000000         1.8500000000         4.9770975245
        1.6800000000         1.8500000000         4.9477896088
        1.6850000000         1.8500000000         4.9159331788
        1.6900000000         1.8500000000         4.8891737775
        1.6950000000         1.8500000000         4.8534945759
        1.7000000000         1.8500000000         4.8267351746
        1.7050000000         1.8500000000         4.7974272590
        1.7100000000         1.8500000000         4.7642965717
        1.7150000000         1.8500000000         4.7400856849
        1.7200000000         1.8500000000         4.7056807404
        1.7250000000         1.8500000000         4.6750985676
        1.7300000000         1.8500000000         4.6483391663
        1.7350000000         1.8500000000         4.6113857075
        1.7400000000         1.8500000000         4.5859005634
        1.7450000000         1.8500000000         4.5604154194
        1.7500000000         1.8500000000         4.5247362177
        1.7550000000         1.8500000000         4.5005253309
        1.7600000000         1.8500000000         4.4635718720
        1.7650000000         1.8500000000         4.4368124708
        1.7700000000         1.8500000000         4.4113273267
        1.7750000000         1.8500000000         4.3756481251
        1.7800000000         1.8500000000         4.3463402094
        1.7850000000         1.8500000000         4.3208550654
        1.7900000000         1.8500000000         4.2826273493
        1.7950000000         1.8500000000         4.2584164625
        1.8000000000         1.8500000000         4.2252857752
        1.8050000000         1.8500000000         4.1947036024
        1.8100000000         1.8500000000         4.1692184583
        1.8150000000         1.8500000000         4.1360877711
        1.8200000000         1.8500000000         4.1118768842
        1.8250000000         1.8500000000         4.0774719398
        1.8300000000         1.8500000000         4.0494382813
        1.8350000000         1.8500000000         4.0188561085
        1.8400000000         1.8500000000         3.9831769068
        1.8450000000         1.8500000000         3.9602402772
        1.8500000000         1.8500000000         3.9245610755
        1.8550000000         1.8500000000         3.8939789027
        1.8600000000         1.8500000000         3.8697680158
        1.8650000000         1.8500000000         3.8379115858
        1.8700000000         1.8500000000         3.8047808985
        1.8750000000         1.8500000000         3.7741987257
        1.8800000000         1.8500000000         3.7461650672
        1.8850000000         1.8500000000         3.7104858656
        1.8900000000         1.8500000000         3.6862749787
        1.8950000000         1.8500000000         3.6556928059
        1.9000000000         1.8500000000         3.6200136042
        1.9050000000         1.8500000000         3.5919799458
        1.9100000000         1.8500000000         3.5652205445
        1.9150000000         1.8500000000         3.5282670857
        1.9200000000         1.8500000000         3.5027819416
        1.9250000000         1.8500000000         3.4709255116
        1.9300000000         1.8500000000         3.4441661103
        1.9350000000         1.8500000000         3.4135839375
        1.9400000000         1.8500000000         3.3817275074
        1.9450000000         1.8500000000         3.3498710774
        1.9500000000         1.8500000000         3.3218374189
        1.9550000000         1.8500000000         3.2861582173
        1.9600000000         1.8500000000         3.2632215876
        1.9650000000         1.8500000000         3.2300909004
        1.9700000000         1.8500000000         3.1982344703
        1.9750000000         1.8500000000         3.1740235835
        1.9800000000         1.8500000000         3.1383443818
        1.9850000000         1.8500000000         3.1103107234
        1.9900000000         1.8500000000         3.0771800361
        1.9950000000         1.8500000000         3.0478721205
        2.0000000000         1.8500000000         3.0172899476
        2.0050000000         1.8500000000         2.9879820320
        2.0100000000         1.8500000000         2.9548513447
        2.0150000000         1.8500000000         2.9306404579
        2.0200000000         1.8500000000         2.8975097706
        2.0250000000         1.8500000000         2.8694761122
        2.0300000000         1.8500000000         2.8427167109
        2.0350000000         1.8500000000         2.8070375093
        2.0400000000         1.8500000000         2.7790038508
        2.0450000000         1.8500000000         2.7484216780
        2.0500000000         1.8500000000         2.7152909907
        2.0550000000         1.8500000000         2.6898058467
        2.0600000000         1.8500000000         2.6579494166
        2.0650000000         1.8500000000         2.6286415010
        2.0700000000         1.8500000000         2.6006078425
        2.0750000000         1.8500000000         2.5636543837
        2.0800000000         1.8500000000         2.5368949824
        2.0850000000         1.8500000000         2.5088613240
        2.0900000000         1.8500000000         2.4808276655
        2.0950000000         1.8500000000         2.4464227211
        2.1000000000         1.8500000000         2.4209375770
        2.1050000000         1.8500000000         2.3967266902
        2.1100000000         1.8500000000         2.3584989741
        2.1150000000         1.8500000000         2.3266425441
        2.1200000000         1.8500000000         2.3037059145
        2.1250000000         1.8500000000         2.2693009700
        2.1300000000         1.8500000000         2.2450900832
        2.1350000000         1.8500000000         2.2106851387
        2.1400000000         1.8500000000         2.1851999947
        2.1450000000         1.8500000000         2.1482465358
        2.1500000000         1.8500000000         2.1240356490
        2.1550000000         1.8500000000         2.0934534761
        2.1600000000         1.8500000000         2.0615970461
        2.1650000000         1.8500000000         2.0399346736
        2.1700000000         1.8500000000         2.0068039864
        2.1750000000         1.8500000000         1.9813188423
        2.1800000000         1.8500000000         1.9520109267
        2.1850000000         1.8500000000         1.9227030110
        2.1900000000         1.8500000000         1.8972178670
        2.1950000000         1.8500000000         1.8628129225
        2.2000000000         1.8500000000         1.8373277785
        2.2050000000         1.8500000000         1.8054713484
        2.2100000000         1.8500000000         1.7850832332
        2.2150000000         1.8500000000         1.7506782887
        2.2200000000         1.8500000000         1.7302901735
        2.2250000000         1.8500000000         1.6984337435
        2.2300000000         1.8500000000         1.6729485994
        2.2350000000         1.8500000000         1.6423664266
        2.2400000000         1.8500000000         1.6143327681
        2.2450000000         1.8500000000         1.5888476241
        2.2500000000         1.8500000000         1.5557169368
        2.2550000000         1.8500000000         1.5327803072
        2.2600000000         1.8500000000         1.5034723915
        2.2650000000         1.8500000000         1.4741644759
        2.2700000000         1.8500000000         1.4499535890
        2.2750000000         1.8500000000         1.4193714162
        2.2800000000         1.8500000000         1.3977090438
        2.2850000000         1.8500000000         1.3645783565
        2.2900000000         1.8500000000         1.3416417269
        2.2950000000         1.8500000000         1.3161565828
        2.3000000000         1.8500000000         1.2830258956
        2.3050000000         1.8500000000         1.2639120375
        2.3100000000         1.8500000000         1.2333298647
        2.3150000000         1.8500000000         1.2065704634
        2.3200000000         1.8500000000         1.1810853194
        2.3250000000         1.8500000000         1.1556001754
        2.3300000000         1.8500000000         1.1288407741
        2.3350000000         1.8500000000         1.1033556301
        2.3400000000         1.8500000000         1.0829675148
        2.3450000000         1.8500000000         1.0549338564
        2.3500000000         1.8500000000         1.0294487123
        2.3550000000         1.8500000000         1.0001407967
        2.3600000000         1.8500000000         0.9784784243
        2.3650000000         1.8500000000         0.9529932802
        2.3700000000         1.8500000000         0.9313309078
        2.3750000000         1.8500000000         0.9071200209
        2.3800000000         1.8500000000         0.8803606197
        2.3850000000         1.8500000000         0.8548754757
        2.3900000000         1.8500000000         0.8281160744
        2.3950000000         1.8500000000         0.8039051876
        2.4000000000         1.8500000000         0.7771457863
        2.4050000000         1.8500000000         0.7554834139
        2.4100000000         1.8500000000         0.7274497555
        2.4150000000         1.8500000000         0.7045131258
        2.4200000000         1.8500000000         0.6764794674
        2.4250000000         1.8500000000         0.6535428377
        2.4300000000         1.8500000000         0.6280576937
        2.4350000000         1.8500000000         0.6051210640
        2.4400000000         1.8500000000         0.5770874056
        2.4450000000         1.8500000000         0.5566992904
        2.4500000000         1.8500000000         0.5273913747
        2.4550000000         1.8500000000         0.5082775167
        2.4600000000         1.8500000000         0.4776953438
        2.4650000000         1.8500000000         0.4560329714
        2.4700000000         1.8500000000         0.4292735702
        2.4750000000         1.8500000000         0.4076111977
        2.4800000000         1.8500000000         0.3770290249
        2.4850000000         1.8500000000         0.3579151668
        2.4900000000         1.8500000000         0.3286072512
        2.4950000000         1.8500000000         0.3094933932
        2.5000000000         1.8500000000         0.2814597347
        2.5050000000         1.8500000000         0.2585231051
        2.5100000000         1.8500000000         0.2343122182
        2.5150000000         1.8500000000         0.2062785598
        2.5200000000         1.8500000000         0.1846161874
        2.5250000000         1.8500000000         0.1565825289
        2.5300000000         1.8500000000         0.1349201565
        2.5350000000         1.8500000000         0.1094350124
        2.5400000000         1.8500000000         0.0903211544
        2.5450000000         1.8500000000         0.0597389816
        2.5500000000         1.8500000000         0.0418993807
        2.5550000000         1.8500000000         0.0125914651
        2.5600000000         1.8500000000         0.0049459219
        2.5650000000         1.8500000000        -0.0026996214
        2.5700000000         1.8500000000         0.0023974075
        2.5750000000         1.8500000000        -0.0001511069
        2.5800000000         1.8500000000         0.0011231503
        2.5850000000         1.8500000000         1.0740477144
        2.5900000000         1.8500000000         1.1059041445
        2.5950000000         1.8500000000         1.0804190004
        2.6000000000         1.8500000000         5.0637470142
        2.6050000000         1.8500000000         5.0713925574
        2.6100000000         1.8500000000         5.0650212714
        2.6150000000         1.8500000000         5.0662955286
        2.6200000000         1.8500000000         5.0484559278
        2.6250000000         1.8500000000         5.0306163269
        2.6300000000         1.8500000000         4.9974856397
        2.6350000000         1.8500000000         4.9681777240
        2.6400000000         1.8500000000         4.9414183228
        2.6450000000         1.8500000000         4.9095618927
        2.6500000000         1.8500000000         4.8840767487
        2.6550000000         1.8500000000         4.8547688331
        2.6600000000         1.8500000000         4.8216381458
        2.6650000000         1.8500000000         4.7961530018
        2.6700000000         1.8500000000         4.7681193433
        2.6750000000         1.8500000000         4.7337143989
        2.6800000000         1.8500000000         4.7095035120
        2.6850000000         1.8500000000         4.6801955964
        2.6900000000         1.8500000000         4.6508876807
        2.6950000000         1.8500000000         4.6228540223
        2.7000000000         1.8500000000         4.5859005634
        2.7050000000         1.8500000000         4.5642381910
        2.7100000000         1.8500000000         4.5323817609
        2.7150000000         1.8500000000         4.5005253309
        2.7200000000         1.8500000000         4.4788629584
        2.7250000000         1.8500000000         4.4457322712
        2.7300000000         1.8500000000         4.4227956415
        2.7350000000         1.8500000000         4.3922134687
        2.7400000000         1.8500000000         4.3616312958
        2.7450000000         1.8500000000         4.3348718946
        2.7500000000         1.8500000000         4.3042897218
        2.7550000000         1.8500000000         4.2775303205
        2.7600000000         1.8500000000         4.2520451765
        2.7650000000         1.8500000000         4.2163659748
        2.7700000000         1.8500000000         4.1896065736
        2.7750000000         1.8500000000         4.1590244007
        2.7800000000         1.8500000000         4.1335392567
        2.7850000000         1.8500000000         4.1055055982
        2.7900000000         1.8500000000         4.0761976826
        2.7950000000         1.8500000000         4.0468897669
        2.8000000000         1.8500000000         4.0163075941
        2.8050000000         1.8500000000         3.9946452216
        2.8100000000         1.8500000000         3.9615145344
        2.8150000000         1.8500000000         3.9334808759
        2.8200000000         1.8500000000         3.9041729603
        2.8250000000         1.8500000000         3.8735907874
        2.8300000000         1.8500000000         3.8430086146
        2.8350000000         1.8500000000         3.8098779273
        2.8400000000         1.8500000000         3.7843927833
        2.8450000000         1.8500000000         3.7589076393
        2.8500000000         1.8500000000         3.7283254664
        2.8550000000         1.8500000000         3.6964690363
        2.8600000000         1.8500000000         3.6684353779
        2.8650000000         1.8500000000         3.6429502339
        2.8700000000         1.8500000000         3.6072710322
        2.8750000000         1.8500000000         3.5817858882
        2.8800000000         1.8500000000         3.5563007441
        2.8850000000         1.8500000000         3.5218957997
        2.8900000000         1.8500000000         3.4976849128
        2.8950000000         1.8500000000         3.4632799684
        2.9000000000         1.8500000000         3.4377948243
        2.9050000000         1.8500000000         3.4084869087
        2.9100000000         1.8500000000         3.3753562214
        2.9150000000         1.8500000000         3.3511453346
        2.9200000000         1.8500000000         3.3205631617
        2.9250000000         1.8500000000         3.2925295033
        2.9300000000         1.8500000000         3.2657701020
        2.9350000000         1.8500000000         3.2300909004
        2.9400000000         1.8500000000         3.2020572419
        2.9450000000         1.8500000000         3.1689265547
        2.9500000000         1.8500000000         3.1434414106
        2.9550000000         1.8500000000         3.1154077522
        2.9600000000         1.8500000000         3.0860998365
        2.9650000000         1.8500000000         3.0555176637
        2.9700000000         1.8500000000         3.0300325196
        2.9750000000         1.8500000000         2.9969018324
        2.9800000000         1.8500000000         2.9701424312
        2.9850000000         1.8500000000         2.9395602583
        2.9900000000         1.8500000000         2.9166236287
        2.9950000000         1.8500000000         2.8860414558
        3.0000000000         1.8500000000         2.8592820546
        3.0050000000         1.8500000000         2.8312483961
        3.0100000000         1.8500000000         2.8006662233
        3.0150000000         1.8500000000         2.7751810792
        3.0200000000         1.8500000000         2.7420503920
        3.0250000000         1.8500000000         2.7152909907
        3.0300000000         1.8500000000         2.6808860463
        3.0350000000         1.8500000000         2.6528523878
        3.0400000000         1.8500000000         2.6299157582
        3.0450000000         1.8500000000         2.5955108137
        3.0500000000         1.8500000000         2.5649286409
        3.0550000000         1.8500000000         2.5419920112
        3.0600000000         1.8500000000         2.5088613240
        3.0650000000         1.8500000000         2.4859246944
        3.0700000000         1.8500000000         2.4515197499
        3.0750000000         1.8500000000         2.4222118342
        3.0800000000         1.8500000000         2.3954524330
        3.0850000000         1.8500000000         2.3623217457
        3.0900000000         1.8500000000         2.3368366017
        3.0950000000         1.8500000000         2.3024316572
        3.1000000000         1.8500000000         2.2743979988
        3.1050000000         1.8500000000         2.2450900832
        3.1100000000         1.8500000000         2.2157821675
        3.1150000000         1.8500000000         2.1839257375
        3.1200000000         1.8500000000         2.1609891078
        3.1250000000         1.8500000000         2.1291326778
        3.1300000000         1.8500000000         2.1010990193
        3.1350000000         1.8500000000         2.0756138753
        3.1400000000         1.8500000000         2.0412089308
        3.1450000000         1.8500000000         2.0169980440
        3.1500000000         1.8500000000         1.9851416139
        3.1550000000         1.8500000000         1.9558336983
        3.1600000000         1.8500000000         1.9278000398
        3.1650000000         1.8500000000         1.8959436098
        3.1700000000         1.8500000000         1.8730069801
        3.1750000000         1.8500000000         1.8436990645
        3.1800000000         1.8500000000         1.8131168916
        3.1850000000         1.8500000000         1.7850832332
        3.1900000000         1.8500000000         1.7621466036
        3.1950000000         1.8500000000         1.7277416591
        3.2000000000         1.8500000000         1.6997080007
        3.2050000000         1.8500000000         1.6780456282
        3.2100000000         1.8500000000         1.6474634554
        3.2150000000         1.8500000000         1.6143327681
        3.2200000000         1.8500000000         1.5977674245
        3.2250000000         1.8500000000         1.5633624800
        3.2300000000         1.8500000000         1.5340545644
        3.2350000000         1.8500000000         1.5111179347
        3.2400000000         1.8500000000         1.4830842763
        3.2450000000         1.8500000000         1.4716159615
        3.2500000000         1.8500000000         1.4372110170
        3.2550000000         1.8500000000         1.4028060726
        3.2600000000         1.8500000000         1.3798694429
        3.2650000000         1.8500000000         1.3518357845
        3.2700000000         1.8500000000         1.3250763832
        3.2750000000         1.8500000000         1.2995912392
        3.2800000000         1.8500000000         1.2715575807
        3.2850000000         1.8500000000         1.2473466939
        3.2900000000         1.8500000000         1.2218615499
        3.2950000000         1.8500000000         1.1912793770
        3.3000000000         1.8500000000         1.1683427474
        3.3050000000         1.8500000000         1.1390348317
        3.3100000000         1.8500000000         1.1199209737
        3.3150000000         1.8500000000         1.0944358297
        3.3200000000         1.8500000000         1.0638536568
        3.3250000000         1.8500000000         1.0421912844
        3.3300000000         1.8500000000         1.0167061403
        3.3350000000         1.8500000000         0.9861239675
        3.3400000000         1.8500000000         0.9670101094
        3.3450000000         1.8500000000         0.9389764510
        3.3500000000         1.8500000000         0.9109427926
        3.3550000000         1.8500000000         0.8867319057
        3.3600000000         1.8500000000         0.8625210189
        3.3650000000         1.8500000000         0.8332131032
        3.3700000000         1.8500000000         0.8115507308
        3.3750000000         1.8500000000         0.7847913295
        3.3800000000         1.8500000000         0.7605804427
        3.3850000000         1.8500000000         0.7401923275
        3.3900000000         1.8500000000         0.7096101546
        3.3950000000         1.8500000000         0.6853992678
        3.4000000000         1.8500000000         0.6662854098
        3.4050000000         1.8500000000         0.6293319509
        3.4100000000         1.8500000000         0.6089438357
        3.4150000000         1.8500000000         0.5860072060
        3.4200000000         1.8500000000         0.5605220620
        3.4250000000         1.8500000000         0.5312141463
        3.4300000000         1.8500000000         0.5082775167
        3.4350000000         1.8500000000         0.4866151443
        3.4400000000         1.8500000000         0.4560329714
        3.4450000000         1.8500000000         0.4305478274
        3.4500000000         1.8500000000         0.4101597121
        3.4550000000         1.8500000000         0.3834003109
        3.4600000000         1.8500000000         0.3604636812
        3.4650000000         1.8500000000         0.3349785372
        3.4700000000         1.8500000000         0.3069448788
        3.4750000000         1.8500000000         0.2840082491
        3.4800000000         1.8500000000         0.2585231051
        3.4850000000         1.8500000000         0.2317637038
        3.4900000000         1.8500000000         0.2139241030
        3.4950000000         1.8500000000         0.1871647018
        3.5000000000         1.8500000000         0.1629538149
        3.5050000000         1.8500000000         0.1361944137
        3.5100000000         1.8500000000         0.1170805556
        3.5150000000         1.8500000000         0.0903211544
        3.5200000000         1.8500000000         0.0635617532
        3.5250000000         1.8500000000         0.0495449239
        3.5300000000         1.8500000000         0.0176884939
        3.5350000000         1.8500000000         0.0011231503
        3.5400000000         1.8500000000         0.0023974075
        3.5450000000         1.8500000000        -0.0014253642
        3.5500000000         1.8500000000        -0.0014253642
        3.5550000000         1.8500000000         0.0062201791
        3.5600000000         1.8500000000         0.0011231503
        3.5650000000         1.8500000000         1.1148239449
        3.5700000000         1.8500000000         1.1199209737
        3.5750000000         1.8500000000         5.0650212714
        3.5800000000         1.8500000000         5.0688440430
        3.5850000000         1.8500000000         5.0637470142
        3.5900000000         1.8500000000         5.0688440430
        3.5950000000         1.8500000000         5.0611984998
        3.6000000000         1.8500000000         5.0267935553
        3.6050000000         1.8500000000         4.9987598969
        3.6100000000         1.8500000000         4.9770975245
        3.6150000000         1.8500000000         4.9426925800
        3.6200000000         1.8500000000         4.9184816932
        3.6250000000         1.8500000000         4.8853510059
        3.6300000000         1.8500000000         4.8585916047
        3.6350000000         1.8500000000         4.8318322034
        3.6400000000         1.8500000000         4.7961530018
        3.6450000000         1.8500000000         4.7668450861
        3.6500000000         1.8500000000         4.7375371705
        3.6550000000         1.8500000000         4.7133262836
        3.6600000000         1.8500000000         4.6840183680
        3.6650000000         1.8500000000         4.6483391663
        3.6700000000         1.8500000000         4.6215797651
        3.6750000000         1.8500000000         4.5909975922
        3.6800000000         1.8500000000         4.5604154194
        3.6850000000         1.8500000000         4.5336560181
        3.6900000000         1.8500000000         4.5068966169
        3.6950000000         1.8500000000         4.4724916724
        3.7000000000         1.8500000000         4.4470065284
        3.7050000000         1.8500000000         4.4151500983
        3.7100000000         1.8500000000         4.3896649543
        3.7150000000         1.8500000000         4.3578085242
        3.7200000000         1.8500000000         4.3272263514
        3.7250000000         1.8500000000         4.3017412073
        3.7300000000         1.8500000000         4.2698847773
        3.7350000000         1.8500000000         4.2431253761
        3.7400000000         1.8500000000         4.2138174604
        3.7450000000         1.8500000000         4.1845095448
        3.7500000000         1.8500000000         4.1552016291
        3.7550000000         1.8500000000         4.1258937135
        3.7600000000         1.8500000000         4.0965857978
        3.7650000000         1.8500000000         4.0634551106
        3.7700000000         1.8500000000         4.0366957093
        3.7750000000         1.8500000000         4.0048392793
        3.7800000000         1.8500000000         3.9819026496
        3.7850000000         1.8500000000         3.9462234480
        3.7900000000         1.8500000000         3.9207383039
        3.7950000000         1.8500000000         3.8863333595
        3.8000000000         1.8500000000         3.8570254438
        3.8050000000         1.8500000000         3.8264432710
        3.8100000000         1.8500000000         3.7984096125
        3.8150000000         1.8500000000         3.7627304109
        3.8200000000         1.8500000000         3.7334224952
        3.8250000000         1.8500000000         3.7028403224
        3.8300000000         1.8500000000         3.6684353779
        3.8350000000         1.8500000000         3.6416759767
        3.8400000000         1.8500000000         3.6085452894
        3.8450000000         1.8500000000         3.5817858882
        3.8500000000         1.8500000000         3.5524779725
        3.8550000000         1.8500000000         3.5218957997
        3.8600000000         1.8500000000         3.4938621412
        3.8650000000         1.8500000000         3.4645542256
        3.8700000000         1.8500000000         3.4314235383
        3.8750000000         1.8500000000         3.4021156227
        3.8800000000         1.8500000000         3.3689849354
        3.8850000000         1.8500000000         3.3434997914
        3.8900000000         1.8500000000         3.3065463325
        3.8950000000         1.8500000000         3.2797869313
        3.9000000000         1.8500000000         3.2492047584
        3.9050000000         1.8500000000         3.2173483284
        3.9100000000         1.8500000000         3.1842176411
        3.9150000000         1.8500000000         3.1574582399
        3.9200000000         1.8500000000         3.1281503242
        3.9250000000         1.8500000000         3.0962938942
        3.9300000000         1.8500000000         3.0708087501
        3.9350000000         1.8500000000         3.0389523201
        3.9400000000         1.8500000000         3.0109186616
        3.9450000000         1.8500000000         2.9803364888
        3.9500000000         1.8500000000         2.9497543159
        3.9550000000         1.8500000000         2.9217206575
        3.9600000000         1.8500000000         2.8911384846
        3.9650000000         1.8500000000         2.8605563118
        3.9700000000         1.8500000000         2.8337969105
        3.9750000000         1.8500000000         2.7981177089
        3.9800000000         1.8500000000         2.7726325648
        3.9850000000         1.8500000000         2.7395018776
        3.9900000000         1.8500000000         2.7089197047
        3.9950000000         1.8500000000         2.6834345607
        4.0000000000         1.8500000000         2.6566751594
        4.0050000000         1.8500000000         2.6248187294
        4.0100000000         1.8500000000         2.5878652705
        4.0150000000         1.8500000000         2.5623801265
        4.0200000000         1.8500000000         2.5356207252
        4.0250000000         1.8500000000         2.4999415236
        4.0300000000         1.8500000000         2.4744563795
        4.0350000000         1.8500000000         2.4438742067
        4.0400000000         1.8500000000         2.4132920338
        4.0450000000         1.8500000000         2.3865326326
        4.0500000000         1.8500000000         2.3508534309
        4.0550000000         1.8500000000         2.3266425441
        4.0600000000         1.8500000000         2.2960603712
        4.0650000000         1.8500000000         2.2693009700
        4.0700000000         1.8500000000         2.2323475111
        4.0750000000         1.8500000000         2.2055881099
        4.0800000000         1.8500000000         2.1762801942
        4.0850000000         1.8500000000         2.1482465358
        4.0900000000         1.8500000000         2.1151158485
        4.0950000000         1.8500000000         2.0883564473
        4.1000000000         1.8500000000         2.0565000172
        4.1050000000         1.8500000000         2.0335633876
        4.1100000000         1.8500000000         2.0017069576
        4.1150000000         1.8500000000         1.9787703279
        4.1200000000         1.8500000000         1.9418168691
        4.1250000000         1.8500000000         1.9201544966
        4.1300000000         1.8500000000         1.8895723238
        4.1350000000         1.8500000000         1.8589901509
        4.1400000000         1.8500000000         1.8309564925
        4.1450000000         1.8500000000         1.8054713484
        4.1500000000         1.8500000000         1.7723406612
        4.1550000000         1.8500000000         1.7481297743
        4.1600000000         1.8500000000         1.7213703731
        4.1650000000         1.8500000000         1.6933367146
        4.1700000000         1.8500000000         1.6640287990
        4.1750000000         1.8500000000         1.6372693978
        4.1800000000         1.8500000000         1.6105099965
        4.1850000000         1.8500000000         1.5837505953
        4.1900000000         1.8500000000         1.5569911940
        4.1950000000         1.8500000000         1.5276832784
        4.2000000000         1.8500000000         1.5047466487
        4.2050000000         1.8500000000         1.4767129903
        4.2100000000         1.8500000000         1.4423080458
        4.2150000000         1.8500000000         1.4206456734
        4.2200000000         1.8500000000         1.3938862722
        4.2250000000         1.8500000000         1.3645783565
        4.2300000000         1.8500000000         1.3416417269
        4.2350000000         1.8500000000         1.3136080684
        4.2400000000         1.8500000000         1.2830258956
        4.2450000000         1.8500000000         1.2613635231
        4.2500000000         1.8500000000         1.2295070931
        4.2550000000         1.8500000000         1.2052962062
        4.2600000000         1.8500000000         1.1785368050
        4.2650000000         1.8500000000         1.1492288893
        4.2700000000         1.8500000000         1.1288407741
        4.2750000000         1.8500000000         1.1008071157
        4.2800000000         1.8500000000         1.0727734572
        4.2850000000         1.8500000000         1.0549338564
        4.2900000000         1.8500000000         1.0256259407
        4.2950000000         1.8500000000         1.0077863399
        4.3000000000         1.8500000000         0.9772041671
        4.3050000000         1.8500000000         0.9504447658
        4.3100000000         1.8500000000         0.9262338790
        4.3150000000         1.8500000000         0.9071200209
        4.3200000000         1.8500000000         0.8803606197
        4.3250000000         1.8500000000         0.8536012185
        4.3300000000         1.8500000000         0.8268418172
        4.3350000000         1.8500000000         0.8026309304
        4.3400000000         1.8500000000         0.7758715291
        4.3450000000         1.8500000000         0.7516606423
        4.3500000000         1.8500000000         0.7287240127
        4.3550000000         1.8500000000         0.7057873830
        4.3600000000         1.8500000000         0.6764794674
        4.3650000000         1.8500000000         0.6535428377
        4.3700000000         1.8500000000         0.6318804653
        4.3750000000         1.8500000000         0.6063953213
        4.3800000000         1.8500000000         0.5719903768
        4.3850000000         1.8500000000         0.5541507760
        4.3900000000         1.8500000000         0.5312141463
        4.3950000000         1.8500000000         0.5031804879
        4.4000000000         1.8500000000         0.4802438582
        4.4050000000         1.8500000000         0.4573072286
        4.4100000000         1.8500000000         0.4267250558
        4.4150000000         1.8500000000         0.3999656545
        4.4200000000         1.8500000000         0.3744805105
        4.4250000000         1.8500000000         0.3553666524
        4.4300000000         1.8500000000         0.3260587368
        4.4350000000         1.8500000000         0.3018478499
        4.4400000000         1.8500000000         0.2789112203
        4.4450000000         1.8500000000         0.2508775619
        4.4500000000         1.8500000000         0.2253924178
        4.4550000000         1.8500000000         0.1999072738
        4.4600000000         1.8500000000         0.1769706441
        4.4650000000         1.8500000000         0.1476627285
        4.4700000000         1.8500000000         0.1234518417
        4.4750000000         1.8500000000         0.1005152120
        4.4800000000         1.8500000000         0.0737558108
        4.4850000000         1.8500000000         0.0457221523
        4.4900000000         1.8500000000         0.0176884939
        4.4950000000         1.8500000000         0.0011231503
        4.5000000000         1.8500000000         0.0011231503
        4.5050000000         1.8500000000        -0.0001511069
        4.5100000000         1.8500000000        -0.0001511069
        4.5150000000         1.8500000000        -0.0001511069
        4.5200000000         1.8500000000         0.0074944363
        4.5250000000         1.8500000000         1.1110011733
        4.5300000000         1.8500000000         1.0816932576
        4.5350000000         1.8500000000         5.0701183002
        4.5400000000         1.8500000000         5.0650212714
        4.5450000000         1.8500000000         5.0662955286
        4.5500000000         1.8500000000         5.0650212714
        4.5550000000         1.8500000000         5.0497301850
        4.5600000000         1.8500000000         5.0280678125
        4.5650000000         1.8500000000         4.9949371253
        4.5700000000         1.8500000000         4.9643549524
        4.5750000000         1.8500000000         4.9375955512
        4.5800000000         1.8500000000         4.9108361500
        4.5850000000         1.8500000000         4.8777054627
        4.5900000000         1.8500000000         4.8509460615
        4.5950000000         1.8500000000         4.8152668598
        4.6000000000         1.8500000000         4.7910559730
        4.6050000000         1.8500000000         4.7566510285
        4.6100000000         1.8500000000         4.7286173701
        4.6150000000         1.8500000000         4.6954866828
        4.6200000000         1.8500000000         4.6700015388
        4.6250000000         1.8500000000         4.6330480799
        4.6300000000         1.8500000000         4.6075629359
        4.6350000000         1.8500000000         4.5731579914
        4.6400000000         1.8500000000         4.5463985902
        4.6450000000         1.8500000000         4.5170906745
        4.6500000000         1.8500000000         4.4839599872
        4.6550000000         1.8500000000         4.4533778144
        4.6600000000         1.8500000000         4.4304411848
        4.6650000000         1.8500000000         4.3973104975
        4.6700000000         1.8500000000         4.3641798103
        4.6750000000         1.8500000000         4.3386946662
        4.6800000000         1.8500000000         4.3068382362
        4.6850000000         1.8500000000         4.2775303205
        4.6900000000         1.8500000000         4.2431253761
        4.6950000000         1.8500000000         4.2252857752
        4.7000000000         1.8500000000         4.1832352876
        4.7050000000         1.8500000000         4.1564758863
        4.7100000000         1.8500000000         4.1246194563
        4.7150000000         1.8500000000         4.1004085694
        4.7200000000         1.8500000000         4.0660036250
        4.7250000000         1.8500000000         4.0405184809
        4.7300000000         1.8500000000         4.0061135365
        4.7350000000         1.8500000000         3.9793541352
        4.7400000000         1.8500000000         3.9424006764
        4.7450000000         1.8500000000         3.9130927607
        4.7500000000         1.8500000000         3.8812363307
        4.7550000000         1.8500000000         3.8557511866
        4.7600000000         1.8500000000         3.8238947566
        4.7650000000         1.8500000000         3.7958610981
        4.7700000000         1.8500000000         3.7640046681
        4.7750000000         1.8500000000         3.7321482380
        4.7800000000         1.8500000000         3.7002918080
        4.7850000000         1.8500000000         3.6671611207
        4.7900000000         1.8500000000         3.6365789479
        4.7950000000         1.8500000000         3.6072710322
        4.8000000000         1.8500000000         3.5817858882
        4.8050000000         1.8500000000         3.5575750013
        4.8100000000         1.8500000000         3.5231700569
        4.8150000000         1.8500000000         3.4849423408
        4.8200000000         1.8500000000         3.4772967976
        4.8250000000         1.8500000000         3.4288750239
        4.8300000000         1.8500000000         3.4033898799
        4.8350000000         1.8500000000         3.3689849354
        4.8400000000         1.8500000000         3.3409512770
        4.8450000000         1.8500000000         3.3116433613
        4.8500000000         1.8500000000         3.2759641597
        4.8550000000         1.8500000000         3.2479305012
        4.8600000000         1.8500000000         3.2160740712
        4.8650000000         1.8500000000         3.1867661555
        4.8700000000         1.8500000000         3.1549097255
        4.8750000000         1.8500000000         3.1243275526
        4.8800000000         1.8500000000         3.0975681514
        4.8850000000         1.8500000000         3.0618889497
        4.8900000000         1.8500000000         3.0364038057
        4.8950000000         1.8500000000         3.0058216328
        4.9000000000         1.8500000000         2.9739652028
        4.9050000000         1.8500000000         2.9484800587
        4.9100000000         1.8500000000         2.9115265999
        4.9150000000         1.8500000000         2.8847671986
        4.9200000000         1.8500000000         2.8452652253
        4.9250000000         1.8500000000         2.8286998817
        4.9300000000         1.8500000000         2.7955691945
        4.9350000000         1.8500000000         2.7662612788
        4.9400000000         1.8500000000         2.7395018776
        4.9450000000         1.8500000000         2.7025484187
        4.9500000000         1.8500000000         2.6872573323
        4.9550000000         1.8500000000         2.6464811018
        4.9600000000         1.8500000000         2.6120761574
        4.9650000000         1.8500000000         2.5929622993
        4.9700000000         1.8500000000         2.5547345833
        4.9750000000         1.8500000000         2.5241524104
        4.9800000000         1.8500000000         2.4986672664
        4.9850000000         1.8500000000         2.4680850935
        4.9900000000         1.8500000000         2.4362286635
        4.9950000000         1.8500000000         2.4120177766
        5.0000000000         1.8500000000         2.3737900606
        5.0050000000         1.8500000000         2.3483049165
        5.0100000000         1.8500000000         2.3189970009
        5.0150000000         1.8500000000         2.2833177992
        5.0200000000         1.8500000000         2.2603811696
        5.0250000000         1.8500000000         2.2285247395
        5.0300000000         1.8500000000         2.2004910811
        5.0350000000         1.8500000000         2.1597148506
        5.0400000000         1.8500000000         2.1431495070
        5.0450000000         1.8500000000         2.1125673341
        5.0500000000         1.8500000000         2.0768881325
        5.0550000000         1.8500000000         2.0590485316
        5.0600000000         1.8500000000         2.0246435872
        5.0650000000         1.8500000000         2.0068039864
        5.0700000000         1.8500000000         1.9711247847
        5.0750000000         1.8500000000         1.9392683547
        5.0800000000         1.8500000000         1.9176059822
        5.0850000000         1.8500000000         1.8819267806
        5.0900000000         1.8500000000         1.8538931221
        5.0950000000         1.8500000000         1.8271337209
        5.1000000000         1.8500000000         1.7978258052
        5.1050000000         1.8500000000         1.7723406612
        5.1100000000         1.8500000000         1.7417584883
        5.1150000000         1.8500000000         1.7124505727
        5.1200000000         1.8500000000         1.6831426570
        5.1250000000         1.8500000000         1.6576575130
        5.1300000000         1.8500000000         1.6296238545
        5.1350000000         1.8500000000         1.5990416817
        5.1400000000         1.8500000000         1.5773793093
        5.1450000000         1.8500000000         1.5480713936
        5.1500000000         1.8500000000         1.5187634780
        5.1550000000         1.8500000000         1.4958268483
        5.1600000000         1.8500000000         1.4639704183
        5.1650000000         1.8500000000         1.4384852742
        5.1700000000         1.8500000000         1.4155486446
        5.1750000000         1.8500000000         1.3875149861
        5.1800000000         1.8500000000         1.3543842989
        5.1850000000         1.8500000000         1.3365446981
        5.1900000000         1.8500000000         1.3059625252
        5.1950000000         1.8500000000         1.2906714388
        5.2000000000         1.8500000000         1.2524437227
        5.2050000000         1.8500000000         1.2256843215
        5.2100000000         1.8500000000         1.2052962062
        5.2150000000         1.8500000000         1.1747140334
        5.2200000000         1.8500000000         1.1517774038
        5.2250000000         1.8500000000         1.1250180025
        5.2300000000         1.8500000000         1.0944358297
        5.2350000000         1.8500000000         1.0740477144
        5.2400000000         1.8500000000         1.0460140560
        5.2450000000         1.8500000000         1.0205289119
        5.2500000000         1.8500000000         0.9950437679
        5.2550000000         1.8500000000         0.9721071383
        5.2600000000         1.8500000000         0.9453477370
        5.2650000000         1.8500000000         0.9224111074
        5.2700000000         1.8500000000         0.8969259633
        5.2750000000         1.8500000000         0.8676180477
        5.2800000000         1.8500000000         0.8446814180
        5.2850000000         1.8500000000         0.8191962740
        5.2900000000         1.8500000000         0.8000824160
        5.2950000000         1.8500000000         0.7733230147
        5.3000000000         1.8500000000         0.7440150991
        5.3050000000         1.8500000000         0.7236269838
        5.3100000000         1.8500000000         0.6930448110
        5.3150000000         1.8500000000         0.6713824386
        5.3200000000         1.8500000000         0.6458972945
        5.3250000000         1.8500000000         0.6204121505
        5.3300000000         1.8500000000         0.6000240352
        5.3350000000         1.8500000000         0.5668933480
        5.3400000000         1.8500000000         0.5452309756
        5.3450000000         1.8500000000         0.5210200887
        5.3500000000         1.8500000000         0.4929864303
        5.3550000000         1.8500000000         0.4738725722
        5.3600000000         1.8500000000         0.4471131710
        5.3650000000         1.8500000000         0.4216280269
        5.3700000000         1.8500000000         0.3923201113
        5.3750000000         1.8500000000         0.3732062533
        5.3800000000         1.8500000000         0.3426240804
        5.3850000000         1.8500000000         0.3222359652
        5.3900000000         1.8500000000         0.2929280495
        5.3950000000         1.8500000000         0.2725399343
        5.4000000000         1.8500000000         0.2470547903
        5.4050000000         1.8500000000         0.2228439034
        5.4100000000         1.8500000000         0.1960845022
        5.4150000000         1.8500000000         0.1705993581
        5.4200000000         1.8500000000         0.1502112429
        5.4250000000         1.8500000000         0.1260003561
        5.4300000000         1.8500000000         0.0992409548
        5.4350000000         1.8500000000         0.0775785824
        5.4400000000         1.8500000000         0.0520934383
        5.4450000000         1.8500000000         0.0253340371
        5.4500000000         1.8500000000        -0.0014253642
        5.4550000000         1.8500000000        -0.0001511069
        5.4600000000         1.8500000000        -0.0001511069
        5.4650000000         1.8500000000        -0.0001511069
        5.4700000000         1.8500000000        -0.0014253642
        5.4750000000         1.8500000000         0.0062201791
        5.4800000000         1.8500000000         1.1301150313
        5.4850000000         1.8500000000         1.1250180025
        5.4900000000         1.8500000000         5.0637470142
        5.4950000000         1.8500000000         5.0701183002
        5.5000000000         1.8500000000         5.0688440430
        5.5050000000         1.8500000000         5.0688440430
        5.5100000000         1.8500000000         5.0637470142
        5.5150000000         1.8500000000         5.0382618702
        5.5200000000         1.8500000000         5.0051311829
        5.5250000000         1.8500000000         4.9783717817
        5.5300000000         1.8500000000         4.9528866376
        5.5350000000         1.8500000000         4.9172074360
        5.5400000000         1.8500000000         4.8942708063
        5.5450000000         1.8500000000         4.8662371479
        5.5500000000         1.8500000000         4.8292836890
        5.5550000000         1.8500000000         4.8063470594
        5.5600000000         1.8500000000         4.7693936005
        5.5650000000         1.8500000000         4.7464569709
        5.5700000000         1.8500000000         4.7158747980
        5.5750000000         1.8500000000         4.6852926252
        5.5800000000         1.8500000000         4.6521619379
        5.5850000000         1.8500000000         4.6266767939
        5.5900000000         1.8500000000         4.5999173926
        5.5950000000         1.8500000000         4.5642381910
        5.6000000000         1.8500000000         4.5349302753
        5.6050000000         1.8500000000         4.5094451313
        5.6100000000         1.8500000000         4.4775887012
        5.6150000000         1.8500000000         4.4482807856
        5.6200000000         1.8500000000         4.4240698987
        5.6250000000         1.8500000000         4.3871164399
        5.6300000000         1.8500000000         4.3616312958
        5.6350000000         1.8500000000         4.3335976374
        5.6400000000         1.8500000000         4.3042897218
        5.6450000000         1.8500000000         4.2724332917
        5.6500000000         1.8500000000         4.2469481477
        5.6550000000         1.8500000000         4.2150917176
        5.6600000000         1.8500000000         4.1845095448
        5.6650000000         1.8500000000         4.1552016291
        5.6700000000         1.8500000000         4.1322649995
        5.6750000000         1.8500000000         4.0991343122
        5.6800000000         1.8500000000         4.0749234254
        5.6850000000         1.8500000000         4.0417927381
        5.6900000000         1.8500000000         4.0175818513
        5.6950000000         1.8500000000         3.9844511640
        5.7000000000         1.8500000000         3.9513204768
        5.7050000000         1.8500000000         3.9258353327
        5.7100000000         1.8500000000         3.8927046455
        5.7150000000         1.8500000000         3.8697680158
        5.7200000000         1.8500000000         3.8379115858
        5.7250000000         1.8500000000         3.8022323841
        5.7300000000         1.8500000000         3.7805700117
        5.7350000000         1.8500000000         3.7487135816
        5.7400000000         1.8500000000         3.7168571516
        5.7450000000         1.8500000000         3.6977432936
        5.7500000000         1.8500000000         3.6556928059
        5.7550000000         1.8500000000         3.6302076618
        5.7600000000         1.8500000000         3.5983512318
        5.7650000000         1.8500000000         3.5677690589
        5.7700000000         1.8500000000         3.5371868861
        5.7750000000         1.8500000000         3.5078789704
        5.7800000000         1.8500000000         3.4785710548
        5.7850000000         1.8500000000         3.4479888819
        5.7900000000         1.8500000000         3.4174067091
        5.7950000000         1.8500000000         3.3855502790
        5.8000000000         1.8500000000         3.3549681062
        5.8050000000         1.8500000000         3.3282087049
        5.8100000000         1.8500000000         3.2950780177
        5.8150000000         1.8500000000         3.2670443592
        5.8200000000         1.8500000000         3.2313651576
        5.8250000000         1.8500000000         3.2046057563
        5.8300000000         1.8500000000         3.1740235835
        5.8350000000         1.8500000000         3.1408928962
        5.8400000000         1.8500000000         3.1115849806
        5.8450000000         1.8500000000         3.0810028077
        5.8500000000         1.8500000000         3.0491463777
        5.8550000000         1.8500000000         3.0236612336
        5.8600000000         1.8500000000         2.9892562892
        5.8650000000         1.8500000000         2.9599483735
        5.8700000000         1.8500000000         2.9357374867
        5.8750000000         1.8500000000         2.9102523427
        5.8800000000         1.8500000000         2.8745731410
        5.8850000000         1.8500000000         2.8427167109
        5.8900000000         1.8500000000         2.8121345381
        5.8950000000         1.8500000000         2.7853751368
        5.9000000000         1.8500000000         2.7496959352
        5.9050000000         1.8500000000         2.7216622767
        5.9100000000         1.8500000000         2.6910801039
        5.9150000000         1.8500000000         2.6604979310
        5.9200000000         1.8500000000         2.6286415010
        5.9250000000         1.8500000000         2.6018820997
        5.9300000000         1.8500000000         2.5649286409
        5.9350000000         1.8500000000         2.5407177540
        5.9400000000         1.8500000000         2.5050385524
        5.9450000000         1.8500000000         2.4795534083
        5.9500000000         1.8500000000         2.4476969783
        5.9550000000         1.8500000000         2.4132920338
        5.9600000000         1.8500000000         2.3865326326
        5.9650000000         1.8500000000         2.3534019453
        5.9700000000         1.8500000000         2.3215455153
        5.9750000000         1.8500000000         2.2922375996
        5.9800000000         1.8500000000         2.2654781984
        5.9850000000         1.8500000000         2.2412673115
        5.9900000000         1.8500000000         2.2030395955
        5.9950000000         1.8500000000         2.1750059370
        6.0000000000         1.8500000000         2.1546178218
        6.0050000000         1.8500000000         2.1151158485
        6.0100000000         1.8500000000         2.0858079329
        6.0150000000         1.8500000000         2.0539515028
        6.0200000000         1.8500000000         2.0259178444
        6.0250000000         1.8500000000         1.9940614143
        6.0300000000         1.8500000000         1.9698505275
        6.0350000000         1.8500000000         1.9367198402
        6.0400000000         1.8500000000         1.9125089534
        6.0450000000         1.8500000000         1.8793782662
        6.0500000000         1.8500000000         1.8538931221
        6.0550000000         1.8500000000         1.8207624349
        6.0600000000         1.8500000000         1.7978258052
        6.0650000000         1.8500000000         1.7634208608
        6.0700000000         1.8500000000         1.7379357167
        6.0750000000         1.8500000000         1.7060792867
        6.0800000000         1.8500000000         1.6831426570
        6.0850000000         1.8500000000         1.6538347414
        6.0900000000         1.8500000000         1.6245268257
        6.0950000000         1.8500000000         1.6015901961
        6.1000000000         1.8500000000         1.5684595088
        6.1050000000         1.8500000000         1.5442486220
        6.1100000000         1.8500000000         1.5149407064
        6.1150000000         1.8500000000         1.4971011055
        6.1200000000         1.8500000000         1.4614219039
        6.1250000000         1.8500000000         1.4410337886
        6.1300000000         1.8500000000         1.4130001302
        6.1350000000         1.8500000000         1.3849664717
        6.1400000000         1.8500000000         1.3582070705
        6.1450000000         1.8500000000         1.3263506404
        6.1500000000         1.8500000000         1.3034140108
        6.1550000000         1.8500000000         1.2753803524
        6.1600000000         1.8500000000         1.2486209511
        6.1650000000         1.8500000000         1.2218615499
        6.1700000000         1.8500000000         1.1925536342
        6.1750000000         1.8500000000         1.1708912618
        6.1800000000         1.8500000000         1.1428576033
        6.1850000000         1.8500000000         1.1160982021
        6.1900000000         1.8500000000         1.0944358297
        6.1950000000         1.8500000000         1.0625793996
        6.2000000000         1.8500000000         1.0409170272
        6.2050000000         1.8500000000         1.0154318831
        6.2100000000         1.8500000000         0.9848497103
        6.2150000000         1.8500000000         0.9593645662
        6.2200000000         1.8500000000         0.9338794222
        6.2250000000         1.8500000000         0.9122170498
        6.2300000000         1.8500000000         0.8803606197
        6.2350000000         1.8500000000         0.8574239901
        6.2400000000         1.8500000000         0.8319388460
        6.2450000000         1.8500000000         0.8064537020
        6.2500000000         1.8500000000         0.7784200435
        6.2550000000         1.8500000000         0.7503863851
        6.2600000000         1.8500000000         0.7350952987
        6.2650000000         1.8500000000         0.7057873830
        6.2700000000         1.8500000000         0.6764794674
        6.2750000000         1.8500000000         0.6548170949
        6.2800000000         1.8500000000         0.6293319509
        6.2850000000         1.8500000000         0.6063953213
        6.2900000000         1.8500000000         0.5821844344
        6.2950000000         1.8500000000         0.5541507760
        6.3000000000         1.8500000000         0.5273913747
        6.3050000000         1.8500000000         0.5031804879
        6.3100000000         1.8500000000         0.4764210866
        6.3150000000         1.8500000000         0.4522101998
        6.3200000000         1.8500000000         0.4305478274
        6.3250000000         1.8500000000         0.4025141689
        6.3300000000         1.8500000000         0.3821260537
        6.3350000000         1.8500000000         0.3579151668
        6.3400000000         1.8500000000         0.3298815084
