        0.0000000000         1.9500000000         3.2683186164
        0.0050000000         1.9500000000         3.2670443592
        0.0100000000         1.9500000000         3.2644958448
        0.0150000000         1.9500000000         3.2695928736
        0.0200000000         1.9500000000         3.2644958448
        0.0250000000         1.9500000000         3.2479305012
        0.0300000000         1.9500000000         3.2530275300
        0.0350000000         1.9500000000         3.2441077296
        0.0400000000         1.9500000000         3.2364621864
        0.0450000000         1.9500000000         3.2237196144
        0.0500000000         1.9500000000         3.2135255568
        0.0550000000         1.9500000000         3.1982344703
        0.0600000000         1.9500000000         3.1791206123
        0.0650000000         1.9500000000         3.1714750691
        0.0700000000         1.9500000000         3.1561839827
        0.0750000000         1.9500000000         3.1434414106
        0.0800000000         1.9500000000         3.1281503242
        0.0850000000         1.9500000000         3.1090364662
        0.0900000000         1.9500000000         3.1013909230
        0.0950000000         1.9500000000         3.0746315217
        0.1000000000         1.9500000000         3.0618889497
        0.1050000000         1.9500000000         3.0465978633
        0.1100000000         1.9500000000         3.0364038057
        0.1150000000         1.9500000000         3.0147414332
        0.1200000000         1.9500000000         2.9994503468
        0.1250000000         1.9500000000         2.9854335176
        0.1300000000         1.9500000000         2.9624968879
        0.1350000000         1.9500000000         2.9497543159
        0.1400000000         1.9500000000         2.9319147151
        0.1450000000         1.9500000000         2.9102523427
        0.1500000000         1.9500000000         2.8936869990
        0.1550000000         1.9500000000         2.8758473982
        0.1600000000         1.9500000000         2.8682018550
        0.1650000000         1.9500000000         2.8439909681
        0.1700000000         1.9500000000         2.8248771101
        0.1750000000         1.9500000000         2.8019404805
        0.1800000000         1.9500000000         2.7841008796
        0.1850000000         1.9500000000         2.7637127644
        0.1900000000         1.9500000000         2.7433246492
        0.1950000000         1.9500000000         2.7267593055
        0.2000000000         1.9500000000         2.7038226759
        0.2050000000         1.9500000000         2.6847088179
        0.2100000000         1.9500000000         2.6592236738
        0.2150000000         1.9500000000         2.6439325874
        0.2200000000         1.9500000000         2.6235444722
        0.2250000000         1.9500000000         2.6031563569
        0.2300000000         1.9500000000         2.5827682417
        0.2350000000         1.9500000000         2.5611058693
        0.2400000000         1.9500000000         2.5394434968
        0.2450000000         1.9500000000         2.5177811244
        0.2500000000         1.9500000000         2.4973930092
        0.2550000000         1.9500000000         2.4782791511
        0.2600000000         1.9500000000         2.4553425215
        0.2650000000         1.9500000000         2.4285831203
        0.2700000000         1.9500000000         2.4107435194
        0.2750000000         1.9500000000         2.3903554042
        0.2800000000         1.9500000000         2.3674187746
        0.2850000000         1.9500000000         2.3457564021
        0.2900000000         1.9500000000         2.3228197725
        0.2950000000         1.9500000000         2.3049801717
        0.3000000000         1.9500000000         2.2820435420
        0.3050000000         1.9500000000         2.2603811696
        0.3100000000         1.9500000000         2.2348960255
        0.3150000000         1.9500000000         2.2094108815
        0.3200000000         1.9500000000         2.1890227663
        0.3250000000         1.9500000000         2.1686346510
        0.3300000000         1.9500000000         2.1482465358
        0.3350000000         1.9500000000         2.1227613918
        0.3400000000         1.9500000000         2.0972762477
        0.3450000000         1.9500000000         2.0730653609
        0.3500000000         1.9500000000         2.0526772456
        0.3550000000         1.9500000000         2.0373861592
        0.3600000000         1.9500000000         2.0055297292
        0.3650000000         1.9500000000         1.9864158711
        0.3700000000         1.9500000000         1.9660277559
        0.3750000000         1.9500000000         1.9430911263
        0.3800000000         1.9500000000         1.9176059822
        0.3850000000         1.9500000000         1.8959436098
        0.3900000000         1.9500000000         1.8730069801
        0.3950000000         1.9500000000         1.8538931221
        0.4000000000         1.9500000000         1.8335050069
        0.4050000000         1.9500000000         1.8118426344
        0.4100000000         1.9500000000         1.7927287764
        0.4150000000         1.9500000000         1.7697921468
        0.4200000000         1.9500000000         1.7430327455
        0.4250000000         1.9500000000         1.7290159163
        0.4300000000         1.9500000000         1.7073535439
        0.4350000000         1.9500000000         1.6831426570
        0.4400000000         1.9500000000         1.6653030562
        0.4450000000         1.9500000000         1.6423664266
        0.4500000000         1.9500000000         1.6194297969
        0.4550000000         1.9500000000         1.6015901961
        0.4600000000         1.9500000000         1.5812020809
        0.4650000000         1.9500000000         1.5569911940
        0.4700000000         1.9500000000         1.5391515932
        0.4750000000         1.9500000000         1.5174892208
        0.4800000000         1.9500000000         1.4971011055
        0.4850000000         1.9500000000         1.4767129903
        0.4900000000         1.9500000000         1.4563248751
        0.4950000000         1.9500000000         1.4397595314
        0.5000000000         1.9500000000         1.4219199306
        0.5050000000         1.9500000000         1.4015318154
        0.5100000000         1.9500000000         1.3760466713
        0.5150000000         1.9500000000         1.3607555849
        0.5200000000         1.9500000000         1.3390932125
        0.5250000000         1.9500000000         1.3225278688
        0.5300000000         1.9500000000         1.2957684676
        0.5350000000         1.9500000000         1.2804773812
        0.5400000000         1.9500000000         1.2575407515
        0.5450000000         1.9500000000         1.2371526363
        0.5500000000         1.9500000000         1.2167645211
        0.5550000000         1.9500000000         1.2001991774
        0.5600000000         1.9500000000         1.1772625478
        0.5650000000         1.9500000000         1.1683427474
        0.5700000000         1.9500000000         1.1403090889
        0.5750000000         1.9500000000         1.1224694881
        0.5800000000         1.9500000000         1.1046298873
        0.5850000000         1.9500000000         1.0791447432
        0.5900000000         1.9500000000         1.0625793996
        0.5950000000         1.9500000000         1.0447397988
        0.6000000000         1.9500000000         1.0256259407
        0.6050000000         1.9500000000         1.0065120827
        0.6100000000         1.9500000000         0.9848497103
        0.6150000000         1.9500000000         0.9695586239
        0.6200000000         1.9500000000         0.9478962514
        0.6250000000         1.9500000000         0.9224111074
        0.6300000000         1.9500000000         0.9071200209
        0.6350000000         1.9500000000         0.8918289345
        0.6400000000         1.9500000000         0.8727150765
        0.6450000000         1.9500000000         0.8459556752
        0.6500000000         1.9500000000         0.8204705312
        0.6550000000         1.9500000000         0.8115507308
        0.6600000000         1.9500000000         0.7886141012
        0.6650000000         1.9500000000         0.7720487575
        0.6700000000         1.9500000000         0.7529348995
        0.6750000000         1.9500000000         0.7389180703
        0.6800000000         1.9500000000         0.7261754982
        0.6850000000         1.9500000000         0.7019646114
        0.6900000000         1.9500000000         0.6803022390
        0.6950000000         1.9500000000         0.6688339242
        0.7000000000         1.9500000000         0.6420745229
        0.7050000000         1.9500000000         0.6216864077
        0.7100000000         1.9500000000         0.6114923501
        0.7150000000         1.9500000000         0.5872814632
        0.7200000000         1.9500000000         0.5707161196
        0.7250000000         1.9500000000         0.5528765188
        0.7300000000         1.9500000000         0.5324884035
        0.7350000000         1.9500000000         0.5146488027
        0.7400000000         1.9500000000         0.4929864303
        0.7450000000         1.9500000000         0.4802438582
        0.7500000000         1.9500000000         0.4636785146
        0.7550000000         1.9500000000         0.4445646566
        0.7600000000         1.9500000000         0.4229022841
        0.7650000000         1.9500000000         0.4037884261
        0.7700000000         1.9500000000         0.3846745681
        0.7750000000         1.9500000000         0.3617379384
        0.7800000000         1.9500000000         0.3515438808
        0.7850000000         1.9500000000         0.3362527944
        0.7900000000         1.9500000000         0.3209617080
        0.7950000000         1.9500000000         0.2980250783
        0.8000000000         1.9500000000         0.2840082491
        0.8050000000         1.9500000000         0.2610716195
        0.8100000000         1.9500000000         0.2457805331
        0.8150000000         1.9500000000         0.2279409322
        0.8200000000         1.9500000000         0.2101013314
        0.8250000000         1.9500000000         0.1871647018
        0.8300000000         1.9500000000         0.1718736153
        0.8350000000         1.9500000000         0.1591310433
        0.8400000000         1.9500000000         0.1374686709
        0.8450000000         1.9500000000         0.1221775845
        0.8500000000         1.9500000000         0.1068864980
        0.8550000000         1.9500000000         0.0903211544
        0.8600000000         1.9500000000         0.0750300680
        0.8650000000         1.9500000000         0.0559162099
        0.8700000000         1.9500000000         0.0418993807
        0.8750000000         1.9500000000         0.0227855227
        0.8800000000         1.9500000000         0.0023974075
        0.8850000000         1.9500000000        -0.0001511069
        0.8900000000         1.9500000000        -0.0026996214
        0.8950000000         1.9500000000         0.0023974075
        0.9000000000         1.9500000000        -0.0026996214
        0.9050000000         1.9500000000        -0.0026996214
        0.9100000000         1.9500000000        -0.0014253642
        0.9150000000         1.9500000000         0.0023974075
        0.9200000000         1.9500000000         1.0816932576
        0.9250000000         1.9500000000         1.0867902864
        0.9300000000         1.9500000000         1.0816932576
        0.9350000000         1.9500000000         5.0662955286
        0.9400000000         1.9500000000         5.0675697858
        0.9450000000         1.9500000000         5.0637470142
        0.9500000000         1.9500000000         5.0637470142
        0.9550000000         1.9500000000         5.0675697858
        0.9600000000         1.9500000000         5.0624727570
        0.9650000000         1.9500000000         5.0420846418
        0.9700000000         1.9500000000         5.0255192981
        0.9750000000         1.9500000000         4.9974856397
        0.9800000000         1.9500000000         4.9758232673
        0.9850000000         1.9500000000         4.9528866376
        0.9900000000         1.9500000000         4.9350470368
        0.9950000000         1.9500000000         4.9133846644
        1.0000000000         1.9500000000         4.8904480347
        1.0050000000         1.9500000000         4.8662371479
        1.0100000000         1.9500000000         4.8458490326
        1.0150000000         1.9500000000         4.8254609174
        1.0200000000         1.9500000000         4.8037985450
        1.0250000000         1.9500000000         4.7846846869
        1.0300000000         1.9500000000         4.7541025141
        1.0350000000         1.9500000000         4.7439084565
        1.0400000000         1.9500000000         4.7171490552
        1.0450000000         1.9500000000         4.6942124256
        1.0500000000         1.9500000000         4.6738243104
        1.0550000000         1.9500000000         4.6559847095
        1.0600000000         1.9500000000         4.6330480799
        1.0650000000         1.9500000000         4.6113857075
        1.0700000000         1.9500000000         4.5846263062
        1.0750000000         1.9500000000         4.5655124482
        1.0800000000         1.9500000000         4.5489471046
        1.0850000000         1.9500000000         4.5272847321
        1.0900000000         1.9500000000         4.5043481025
        1.0950000000         1.9500000000         4.4814114728
        1.1000000000         1.9500000000         4.4584748432
        1.1050000000         1.9500000000         4.4355382136
        1.1100000000         1.9500000000         4.4164243555
        1.1150000000         1.9500000000         4.3973104975
        1.1200000000         1.9500000000         4.3743738679
        1.1250000000         1.9500000000         4.3527114954
        1.1300000000         1.9500000000         4.3335976374
        1.1350000000         1.9500000000         4.3081124934
        1.1400000000         1.9500000000         4.2864501209
        1.1450000000         1.9500000000         4.2647877485
        1.1500000000         1.9500000000         4.2456738905
        1.1550000000         1.9500000000         4.2278342896
        1.1600000000         1.9500000000         4.2023491456
        1.1650000000         1.9500000000         4.1806867731
        1.1700000000         1.9500000000         4.1552016291
        1.1750000000         1.9500000000         4.1360877711
        1.1800000000         1.9500000000         4.1156996558
        1.1850000000         1.9500000000         4.0902145118
        1.1900000000         1.9500000000         4.0711006538
        1.1950000000         1.9500000000         4.0507125385
        1.2000000000         1.9500000000         4.0303244233
        1.2050000000         1.9500000000         4.0099363081
        1.2100000000         1.9500000000         3.9844511640
        1.2150000000         1.9500000000         3.9653373060
        1.2200000000         1.9500000000         3.9411264192
        1.2250000000         1.9500000000         3.9169155323
        1.2300000000         1.9500000000         3.8901561311
        1.2350000000         1.9500000000         3.8697680158
        1.2400000000         1.9500000000         3.8544769294
        1.2450000000         1.9500000000         3.8251690138
        1.2500000000         1.9500000000         3.8022323841
        1.2550000000         1.9500000000         3.7818442689
        1.2600000000         1.9500000000         3.7614561537
        1.2650000000         1.9500000000         3.7410680384
        1.2700000000         1.9500000000         3.7194056660
        1.2750000000         1.9500000000         3.6939205219
        1.2800000000         1.9500000000         3.6697096351
        1.2850000000         1.9500000000         3.6467730055
        1.2900000000         1.9500000000         3.6238363758
        1.2950000000         1.9500000000         3.6047225178
        1.3000000000         1.9500000000         3.5817858882
        1.3050000000         1.9500000000         3.5639462873
        1.3100000000         1.9500000000         3.5384611433
        1.3150000000         1.9500000000         3.5155245137
        1.3200000000         1.9500000000         3.4900393696
        1.3250000000         1.9500000000         3.4671027400
        1.3300000000         1.9500000000         3.4479888819
        1.3350000000         1.9500000000         3.4276007667
        1.3400000000         1.9500000000         3.4046641371
        1.3450000000         1.9500000000         3.3779047358
        1.3500000000         1.9500000000         3.3562423634
        1.3550000000         1.9500000000         3.3384027626
        1.3600000000         1.9500000000         3.3116433613
        1.3650000000         1.9500000000         3.2887067317
        1.3700000000         1.9500000000         3.2657701020
        1.3750000000         1.9500000000         3.2428334724
        1.3800000000         1.9500000000         3.2249938716
        1.3850000000         1.9500000000         3.2007829847
        1.3900000000         1.9500000000         3.1778463551
        1.3950000000         1.9500000000         3.1561839827
        1.4000000000         1.9500000000         3.1319730958
        1.4050000000         1.9500000000         3.1128592378
        1.4100000000         1.9500000000         3.0899226081
        1.4150000000         1.9500000000         3.0631632069
        1.4200000000         1.9500000000         3.0376780629
        1.4250000000         1.9500000000         3.0172899476
        1.4300000000         1.9500000000         2.9879820320
        1.4350000000         1.9500000000         2.9714166884
        1.4400000000         1.9500000000         2.9510285731
        1.4450000000         1.9500000000         2.9319147151
        1.4500000000         1.9500000000         2.9140751143
        1.4550000000         1.9500000000         2.8873157130
        1.4600000000         1.9500000000         2.8694761122
        1.4650000000         1.9500000000         2.8376196821
        1.4700000000         1.9500000000         2.8172315669
        1.4750000000         1.9500000000         2.8006662233
        1.4800000000         1.9500000000         2.7726325648
        1.4850000000         1.9500000000         2.7484216780
        1.4900000000         1.9500000000         2.7407761348
        1.4950000000         1.9500000000         2.7063711903
        1.5000000000         1.9500000000         2.6859830751
        1.5050000000         1.9500000000         2.6566751594
        1.5100000000         1.9500000000         2.6401098158
        1.5150000000         1.9500000000         2.6171731862
        1.5200000000         1.9500000000         2.5904137849
        1.5250000000         1.9500000000         2.5649286409
        1.5300000000         1.9500000000         2.5394434968
        1.5350000000         1.9500000000         2.5203296388
        1.5400000000         1.9500000000         2.4961187520
        1.5450000000         1.9500000000         2.4757306367
        1.5500000000         1.9500000000         2.4502454927
        1.5550000000         1.9500000000         2.4298573775
        1.5600000000         1.9500000000         2.4030979762
        1.5650000000         1.9500000000         2.3801613466
        1.5700000000         1.9500000000         2.3546762025
        1.5750000000         1.9500000000         2.3330138301
        1.5800000000         1.9500000000         2.3075286861
        1.5850000000         1.9500000000         2.2896890852
        1.5900000000         1.9500000000         2.2629296840
        1.5950000000         1.9500000000         2.2438158260
        1.6000000000         1.9500000000         2.2145079103
        1.6050000000         1.9500000000         2.1902970235
        1.6100000000         1.9500000000         2.1686346510
        1.6150000000         1.9500000000         2.1482465358
        1.6200000000         1.9500000000         2.1240356490
        1.6250000000         1.9500000000         2.1036475337
        1.6300000000         1.9500000000         2.0768881325
        1.6350000000         1.9500000000         2.0552257600
        1.6400000000         1.9500000000         2.0361119020
        1.6450000000         1.9500000000         2.0144495296
        1.6500000000         1.9500000000         1.9902386427
        1.6550000000         1.9500000000         1.9660277559
        1.6600000000         1.9500000000         1.9456396407
        1.6650000000         1.9500000000         1.9239772682
        1.6700000000         1.9500000000         1.9048634102
        1.6750000000         1.9500000000         1.8819267806
        1.6800000000         1.9500000000         1.8577158937
        1.6850000000         1.9500000000         1.8373277785
        1.6900000000         1.9500000000         1.8131168916
        1.6950000000         1.9500000000         1.7927287764
        1.7000000000         1.9500000000         1.7685178896
        1.7050000000         1.9500000000         1.7519525459
        1.7100000000         1.9500000000         1.7302901735
        1.7150000000         1.9500000000         1.7111763155
        1.7200000000         1.9500000000         1.6920624574
        1.7250000000         1.9500000000         1.6678515706
        1.7300000000         1.9500000000         1.6461891982
        1.7350000000         1.9500000000         1.6245268257
        1.7400000000         1.9500000000         1.6015901961
        1.7450000000         1.9500000000         1.5799278237
        1.7500000000         1.9500000000         1.5633624800
        1.7550000000         1.9500000000         1.5429743648
        1.7600000000         1.9500000000         1.5251347640
        1.7650000000         1.9500000000         1.4996496199
        1.7700000000         1.9500000000         1.4805357619
        1.7750000000         1.9500000000         1.4575991323
        1.7800000000         1.9500000000         1.4372110170
        1.7850000000         1.9500000000         1.4206456734
        1.7900000000         1.9500000000         1.4002575582
        1.7950000000         1.9500000000         1.3824179573
        1.8000000000         1.9500000000         1.3633040993
        1.8050000000         1.9500000000         1.3390932125
        1.8100000000         1.9500000000         1.3225278688
        1.8150000000         1.9500000000         1.2995912392
        1.8200000000         1.9500000000         1.2817516384
        1.8250000000         1.9500000000         1.2588150087
        1.8300000000         1.9500000000         1.2422496651
        1.8350000000         1.9500000000         1.2167645211
        1.8400000000         1.9500000000         1.1989249202
        1.8450000000         1.9500000000         1.1823595766
        1.8500000000         1.9500000000         1.1606972042
        1.8550000000         1.9500000000         1.1428576033
        1.8600000000         1.9500000000         1.1275665169
        1.8650000000         1.9500000000         1.1059041445
        1.8700000000         1.9500000000         1.0842417720
        1.8750000000         1.9500000000         1.0664021712
        1.8800000000         1.9500000000         1.0434655416
        1.8850000000         1.9500000000         1.0243516835
        1.8900000000         1.9500000000         1.0103348543
        1.8950000000         1.9500000000         0.9899467391
        1.9000000000         1.9500000000         0.9759299099
        1.9050000000         1.9500000000         0.9568160518
        1.9100000000         1.9500000000         0.9326051650
        1.9150000000         1.9500000000         0.9160398214
        1.9200000000         1.9500000000         0.8931031917
        1.9250000000         1.9500000000         0.8765378481
        1.9300000000         1.9500000000         0.8599725045
        1.9350000000         1.9500000000         0.8395843892
        1.9400000000         1.9500000000         0.8204705312
        1.9450000000         1.9500000000         0.8064537020
        1.9500000000         1.9500000000         0.7860655867
        1.9550000000         1.9500000000         0.7644032143
        1.9600000000         1.9500000000         0.7465636135
        1.9650000000         1.9500000000         0.7338210415
        1.9700000000         1.9500000000         0.7070616402
        1.9750000000         1.9500000000         0.6930448110
        1.9800000000         1.9500000000         0.6713824386
        1.9850000000         1.9500000000         0.6522685805
        1.9900000000         1.9500000000         0.6331547225
        1.9950000000         1.9500000000         0.6204121505
        2.0000000000         1.9500000000         0.6025725496
        2.0050000000         1.9500000000         0.5860072060
        2.0100000000         1.9500000000         0.5681676052
        2.0150000000         1.9500000000         0.5465052328
        2.0200000000         1.9500000000         0.5235686031
        2.0250000000         1.9500000000         0.5082775167
        2.0300000000         1.9500000000         0.4878894015
        2.0350000000         1.9500000000         0.4725983150
        2.0400000000         1.9500000000         0.4547587142
        2.0450000000         1.9500000000         0.4369191134
        2.0500000000         1.9500000000         0.4152567409
        2.0550000000         1.9500000000         0.3948686257
        2.0600000000         1.9500000000         0.3770290249
        2.0650000000         1.9500000000         0.3617379384
        2.0700000000         1.9500000000         0.3426240804
        2.0750000000         1.9500000000         0.3196874508
        2.0800000000         1.9500000000         0.3031221072
        2.0850000000         1.9500000000         0.2891052779
        2.0900000000         1.9500000000         0.2687171627
        2.0950000000         1.9500000000         0.2508775619
        2.1000000000         1.9500000000         0.2368607326
        2.1050000000         1.9500000000         0.2151983602
        2.1100000000         1.9500000000         0.1960845022
        2.1150000000         1.9500000000         0.1782449013
        2.1200000000         1.9500000000         0.1578567861
        2.1250000000         1.9500000000         0.1412914425
        2.1300000000         1.9500000000         0.1310973849
        2.1350000000         1.9500000000         0.1056122408
        2.1400000000         1.9500000000         0.0903211544
        2.1450000000         1.9500000000         0.0724815536
        2.1500000000         1.9500000000         0.0533676955
        2.1550000000         1.9500000000         0.0342538375
        2.1600000000         1.9500000000         0.0176884939
        2.1650000000         1.9500000000        -0.0026996214
        2.1700000000         1.9500000000        -0.0039738786
        2.1750000000         1.9500000000        -0.0001511069
        2.1800000000         1.9500000000         0.0011231503
        2.1850000000         1.9500000000         0.0011231503
        2.1900000000         1.9500000000         0.0049459219
        2.1950000000         1.9500000000         0.0049459219
        2.2000000000         1.9500000000         0.0049459219
        2.2050000000         1.9500000000         1.1173724593
        2.2100000000         1.9500000000         1.1122754305
        2.2150000000         1.9500000000         1.1122754305
        2.2200000000         1.9500000000         5.0662955286
        2.2250000000         1.9500000000         5.0675697858
        2.2300000000         1.9500000000         5.0701183002
        2.2350000000         1.9500000000         5.0650212714
        2.2400000000         1.9500000000         5.0688440430
        2.2450000000         1.9500000000         5.0650212714
        2.2500000000         1.9500000000         5.0471816706
        2.2550000000         1.9500000000         5.0306163269
        2.2600000000         1.9500000000         5.0064054401
        2.2650000000         1.9500000000         4.9860173249
        2.2700000000         1.9500000000         4.9630806952
        2.2750000000         1.9500000000         4.9401440656
        2.2800000000         1.9500000000         4.9210302076
        2.2850000000         1.9500000000         4.8968193207
        2.2900000000         1.9500000000         4.8751569483
        2.2950000000         1.9500000000         4.8560430903
        2.3000000000         1.9500000000         4.8331064606
        2.3050000000         1.9500000000         4.8139926026
        2.3100000000         1.9500000000         4.7872332013
        2.3150000000         1.9500000000         4.7668450861
        2.3200000000         1.9500000000         4.7426341993
        2.3250000000         1.9500000000         4.7184233124
        2.3300000000         1.9500000000         4.6967609400
        2.3350000000         1.9500000000         4.6776470820
        2.3400000000         1.9500000000         4.6534361951
        2.3450000000         1.9500000000         4.6304995655
        2.3500000000         1.9500000000         4.6075629359
        2.3550000000         1.9500000000         4.5859005634
        2.3600000000         1.9500000000         4.5655124482
        2.3650000000         1.9500000000         4.5425758185
        2.3700000000         1.9500000000         4.5145421601
        2.3750000000         1.9500000000         4.4916055305
        2.3800000000         1.9500000000         4.4699431580
        2.3850000000         1.9500000000         4.4495550428
        2.3900000000         1.9500000000         4.4266184132
        2.3950000000         1.9500000000         4.4049560407
        2.4000000000         1.9500000000         4.3820194111
        2.4050000000         1.9500000000         4.3565342670
        2.4100000000         1.9500000000         4.3399689234
        2.4150000000         1.9500000000         4.3132095222
        2.4200000000         1.9500000000         4.2966441785
        2.4250000000         1.9500000000         4.2762560633
        2.4300000000         1.9500000000         4.2533194337
        2.4350000000         1.9500000000         4.2278342896
        2.4400000000         1.9500000000         4.2087204316
        2.4450000000         1.9500000000         4.1819610303
        2.4500000000         1.9500000000         4.1666699439
        2.4550000000         1.9500000000         4.1399105427
        2.4600000000         1.9500000000         4.1207966846
        2.4650000000         1.9500000000         4.0940372834
        2.4700000000         1.9500000000         4.0723749110
        2.4750000000         1.9500000000         4.0507125385
        2.4800000000         1.9500000000         4.0290501661
        2.4850000000         1.9500000000         4.0061135365
        2.4900000000         1.9500000000         3.9869996784
        2.4950000000         1.9500000000         3.9640630488
        2.5000000000         1.9500000000         3.9436749336
        2.5050000000         1.9500000000         3.9207383039
        2.5100000000         1.9500000000         3.8952531599
        2.5150000000         1.9500000000         3.8710422730
        2.5200000000         1.9500000000         3.8493799006
        2.5250000000         1.9500000000         3.8315402998
        2.5300000000         1.9500000000         3.8111521845
        2.5350000000         1.9500000000         3.7856670405
        2.5400000000         1.9500000000         3.7665531825
        2.5450000000         1.9500000000         3.7499878388
        2.5500000000         1.9500000000         3.7130343800
        2.5550000000         1.9500000000         3.6939205219
        2.5600000000         1.9500000000         3.6722581495
        2.5650000000         1.9500000000         3.6518700343
        2.5700000000         1.9500000000         3.6263848902
        2.5750000000         1.9500000000         3.6059967750
        2.5800000000         1.9500000000         3.5830601454
        2.5850000000         1.9500000000         3.5664948017
        2.5900000000         1.9500000000         3.5448324293
        2.5950000000         1.9500000000         3.5193472853
        2.6000000000         1.9500000000         3.5015076844
        2.6050000000         1.9500000000         3.4734740260
        2.6100000000         1.9500000000         3.4543601679
        2.6150000000         1.9500000000         3.4288750239
        2.6200000000         1.9500000000         3.4033898799
        2.6250000000         1.9500000000         3.3842760218
        2.6300000000         1.9500000000         3.3587908778
        2.6350000000         1.9500000000         3.3422255342
        2.6400000000         1.9500000000         3.3116433613
        2.6450000000         1.9500000000         3.2950780177
        2.6500000000         1.9500000000         3.2695928736
        2.6550000000         1.9500000000         3.2492047584
        2.6600000000         1.9500000000         3.2249938716
        2.6650000000         1.9500000000         3.2007829847
        2.6700000000         1.9500000000         3.1791206123
        2.6750000000         1.9500000000         3.1574582399
        2.6800000000         1.9500000000         3.1294245814
        2.6850000000         1.9500000000         3.1103107234
        2.6900000000         1.9500000000         3.0860998365
        2.6950000000         1.9500000000         3.0644374641
        2.7000000000         1.9500000000         3.0415008345
        2.7050000000         1.9500000000         3.0185642048
        2.7100000000         1.9500000000         2.9969018324
        2.7150000000         1.9500000000         2.9701424312
        2.7200000000         1.9500000000         2.9484800587
        2.7250000000         1.9500000000         2.9293662007
        2.7300000000         1.9500000000         2.9038810566
        2.7350000000         1.9500000000         2.8783959126
        2.7400000000         1.9500000000         2.8580077974
        2.7450000000         1.9500000000         2.8350711677
        2.7500000000         1.9500000000         2.8134087953
        2.7550000000         1.9500000000         2.7815523652
        2.7600000000         1.9500000000         2.7637127644
        2.7650000000         1.9500000000         2.7395018776
        2.7700000000         1.9500000000         2.7140167335
        2.7750000000         1.9500000000         2.6961771327
        2.7800000000         1.9500000000         2.6706919887
        2.7850000000         1.9500000000         2.6464811018
        2.7900000000         1.9500000000         2.6235444722
        2.7950000000         1.9500000000         2.5980593281
        2.8000000000         1.9500000000         2.5738484413
        2.8050000000         1.9500000000         2.5509118117
        2.8100000000         1.9500000000         2.5317979536
        2.8150000000         1.9500000000         2.5075870668
        2.8200000000         1.9500000000         2.4821019227
        2.8250000000         1.9500000000         2.4591652931
        2.8300000000         1.9500000000         2.4387771779
        2.8350000000         1.9500000000         2.4132920338
        2.8400000000         1.9500000000         2.3890811470
        2.8450000000         1.9500000000         2.3661445174
        2.8500000000         1.9500000000         2.3419336305
        2.8550000000         1.9500000000         2.3164484865
        2.8600000000         1.9500000000         2.2871405708
        2.8650000000         1.9500000000         2.2680267128
        2.8700000000         1.9500000000         2.2463643404
        2.8750000000         1.9500000000         2.2221534535
        2.8800000000         1.9500000000         2.2043138527
        2.8850000000         1.9500000000         2.1788287086
        2.8900000000         1.9500000000         2.1558920790
        2.8950000000         1.9500000000         2.1329554494
        2.9000000000         1.9500000000         2.1074703053
        2.9050000000         1.9500000000         2.0870821901
        2.9100000000         1.9500000000         2.0628713033
        2.9150000000         1.9500000000         2.0424831880
        2.9200000000         1.9500000000         2.0208208156
        2.9250000000         1.9500000000         1.9915128999
        2.9300000000         1.9500000000         1.9698505275
        2.9350000000         1.9500000000         1.9481881551
        2.9400000000         1.9500000000         1.9265257826
        2.9450000000         1.9500000000         1.9048634102
        2.9500000000         1.9500000000         1.8819267806
        2.9550000000         1.9500000000         1.8628129225
        2.9600000000         1.9500000000         1.8373277785
        2.9650000000         1.9500000000         1.8118426344
        2.9700000000         1.9500000000         1.7914545192
        2.9750000000         1.9500000000         1.7723406612
        2.9800000000         1.9500000000         1.7494040315
        2.9850000000         1.9500000000         1.7251931447
        2.9900000000         1.9500000000         1.7035307723
        2.9950000000         1.9500000000         1.6856911714
        3.0000000000         1.9500000000         1.6589317702
        3.0050000000         1.9500000000         1.6423664266
        3.0100000000         1.9500000000         1.6181555397
        3.0150000000         1.9500000000         1.5964931673
        3.0200000000         1.9500000000         1.5799278237
        3.0250000000         1.9500000000         1.5595397084
        3.0300000000         1.9500000000         1.5353288216
        3.0350000000         1.9500000000         1.5213119924
        3.0400000000         1.9500000000         1.4971011055
        3.0450000000         1.9500000000         1.4767129903
        3.0500000000         1.9500000000         1.4563248751
        3.0550000000         1.9500000000         1.4333882454
        3.0600000000         1.9500000000         1.4142743874
        3.0650000000         1.9500000000         1.4002575582
        3.0700000000         1.9500000000         1.3785951857
        3.0750000000         1.9500000000         1.3569328133
        3.0800000000         1.9500000000         1.3339961837
        3.0850000000         1.9500000000         1.3187050972
        3.0900000000         1.9500000000         1.2944942104
        3.0950000000         1.9500000000         1.2804773812
        3.1000000000         1.9500000000         1.2575407515
        3.1050000000         1.9500000000         1.2371526363
        3.1100000000         1.9500000000         1.2167645211
        3.1150000000         1.9500000000         1.1976506630
        3.1200000000         1.9500000000         1.1823595766
        3.1250000000         1.9500000000         1.1568744326
        3.1300000000         1.9500000000         1.1390348317
        3.1350000000         1.9500000000         1.1211952309
        3.1400000000         1.9500000000         1.1046298873
        3.1450000000         1.9500000000         1.0842417720
        3.1500000000         1.9500000000         1.0613051424
        3.1550000000         1.9500000000         1.0472883132
        3.1600000000         1.9500000000         1.0192546547
        3.1650000000         1.9500000000         1.0026893111
        3.1700000000         1.9500000000         0.9873982247
        3.1750000000         1.9500000000         0.9695586239
        3.1800000000         1.9500000000         0.9478962514
        3.1850000000         1.9500000000         0.9313309078
        3.1900000000         1.9500000000         0.9096685354
        3.1950000000         1.9500000000         0.8867319057
        3.2000000000         1.9500000000         0.8688923049
        3.2050000000         1.9500000000         0.8523269613
        3.2100000000         1.9500000000         0.8319388460
        3.2150000000         1.9500000000         0.8140992452
        3.2200000000         1.9500000000         0.7924368728
        3.2250000000         1.9500000000         0.7758715291
        3.2300000000         1.9500000000         0.7567576711
        3.2350000000         1.9500000000         0.7376438131
        3.2400000000         1.9500000000         0.7185299550
        3.2450000000         1.9500000000         0.6994160970
        3.2500000000         1.9500000000         0.6803022390
        3.2550000000         1.9500000000         0.6586398665
        3.2600000000         1.9500000000         0.6433487801
        3.2650000000         1.9500000000         0.6242349221
        3.2700000000         1.9500000000         0.6051210640
        3.2750000000         1.9500000000         0.5834586916
        3.2800000000         1.9500000000         0.5643448336
        3.2850000000         1.9500000000         0.5490537472
        3.2900000000         1.9500000000         0.5337626607
        3.2950000000         1.9500000000         0.5095517739
        3.3000000000         1.9500000000         0.4929864303
        3.3050000000         1.9500000000         0.4725983150
        3.3100000000         1.9500000000         0.4573072286
        3.3150000000         1.9500000000         0.4356448562
        3.3200000000         1.9500000000         0.4190795125
        3.3250000000         1.9500000000         0.3986913973
        3.3300000000         1.9500000000         0.3770290249
        3.3350000000         1.9500000000         0.3668349673
        3.3400000000         1.9500000000         0.3426240804
        3.3450000000         1.9500000000         0.3247844796
        3.3500000000         1.9500000000         0.3069448788
        3.3550000000         1.9500000000         0.2903795351
        3.3600000000         1.9500000000         0.2687171627
        3.3650000000         1.9500000000         0.2559745907
        3.3700000000         1.9500000000         0.2355864754
        3.3750000000         1.9500000000         0.2190211318
        3.3800000000         1.9500000000         0.1999072738
        3.3850000000         1.9500000000         0.1795191585
        3.3900000000         1.9500000000         0.1655023293
        3.3950000000         1.9500000000         0.1451142141
        3.4000000000         1.9500000000         0.1310973849
        3.4050000000         1.9500000000         0.1132577840
        3.4100000000         1.9500000000         0.0954181832
        3.4150000000         1.9500000000         0.0737558108
        3.4200000000         1.9500000000         0.0546419527
        3.4250000000         1.9500000000         0.0444478951
        3.4300000000         1.9500000000         0.0215112655
        3.4350000000         1.9500000000         0.0087686935
        3.4400000000         1.9500000000        -0.0026996214
        3.4450000000         1.9500000000         0.0011231503
        3.4500000000         1.9500000000         0.0011231503
        3.4550000000         1.9500000000         0.0049459219
        3.4600000000         1.9500000000        -0.0001511069
        3.4650000000         1.9500000000        -0.0001511069
        3.4700000000         1.9500000000         0.0011231503
        3.4750000000         1.9500000000         1.1186467165
        3.4800000000         1.9500000000         1.1173724593
        3.4850000000         1.9500000000         1.0842417720
        3.4900000000         1.9500000000         5.0637470142
        3.4950000000         1.9500000000         5.0650212714
        3.5000000000         1.9500000000         5.0650212714
        3.5050000000         1.9500000000         5.0675697858
        3.5100000000         1.9500000000         5.0662955286
        3.5150000000         1.9500000000         5.0637470142
        3.5200000000         1.9500000000         5.0446331562
        3.5250000000         1.9500000000         5.0191480121
        3.5300000000         1.9500000000         5.0000341541
        3.5350000000         1.9500000000         4.9720004957
        3.5400000000         1.9500000000         4.9528866376
        3.5450000000         1.9500000000         4.9286757508
        3.5500000000         1.9500000000         4.9095618927
        3.5550000000         1.9500000000         4.8853510059
        3.5600000000         1.9500000000         4.8598658619
        3.5650000000         1.9500000000         4.8382034894
        3.5700000000         1.9500000000         4.8127183454
        3.5750000000         1.9500000000         4.7897817158
        3.5800000000         1.9500000000         4.7719421149
        3.5850000000         1.9500000000         4.7464569709
        3.5900000000         1.9500000000         4.7196975696
        3.5950000000         1.9500000000         4.7005837116
        3.6000000000         1.9500000000         4.6738243104
        3.6050000000         1.9500000000         4.6559847095
        3.6100000000         1.9500000000         4.6292253083
        3.6150000000         1.9500000000         4.6062886786
        3.6200000000         1.9500000000         4.5846263062
        3.6250000000         1.9500000000         4.5604154194
        3.6300000000         1.9500000000         4.5362045325
        3.6350000000         1.9500000000         4.5170906745
        3.6400000000         1.9500000000         4.4941540449
        3.6450000000         1.9500000000         4.4737659296
        3.6500000000         1.9500000000         4.4482807856
        3.6550000000         1.9500000000         4.4329896992
        3.6600000000         1.9500000000         4.4075045551
        3.6650000000         1.9500000000         4.3845679255
        3.6700000000         1.9500000000         4.3603570386
        3.6750000000         1.9500000000         4.3399689234
        3.6800000000         1.9500000000         4.3144837794
        3.6850000000         1.9500000000         4.2928214069
        3.6900000000         1.9500000000         4.2737075489
        3.6950000000         1.9500000000         4.2507709193
        3.7000000000         1.9500000000         4.2303828040
        3.7050000000         1.9500000000         4.2061719172
        3.7100000000         1.9500000000         4.1883323164
        3.7150000000         1.9500000000         4.1666699439
        3.7200000000         1.9500000000         4.1450075715
        3.7250000000         1.9500000000         4.1195224274
        3.7300000000         1.9500000000         4.0991343122
        3.7350000000         1.9500000000         4.0761976826
        3.7400000000         1.9500000000         4.0545353101
        3.7450000000         1.9500000000         4.0290501661
        3.7500000000         1.9500000000         4.0061135365
        3.7550000000         1.9500000000         3.9831769068
        3.7600000000         1.9500000000         3.9615145344
        3.7650000000         1.9500000000         3.9436749336
        3.7700000000         1.9500000000         3.9169155323
        3.7750000000         1.9500000000         3.8927046455
        3.7800000000         1.9500000000         3.8850591023
        3.7850000000         1.9500000000         3.8468313862
        3.7900000000         1.9500000000         3.8251690138
        3.7950000000         1.9500000000         3.8060551557
        3.8000000000         1.9500000000         3.7856670405
        3.8050000000         1.9500000000         3.7665531825
        3.8100000000         1.9500000000         3.7448908100
        3.8150000000         1.9500000000         3.7181314088
        3.8200000000         1.9500000000         3.6977432936
        3.8250000000         1.9500000000         3.6709838923
        3.8300000000         1.9500000000         3.6505957771
        3.8350000000         1.9500000000         3.6289334046
        3.8400000000         1.9500000000         3.6072710322
        3.8450000000         1.9500000000         3.5817858882
        3.8500000000         1.9500000000         3.5613977729
        3.8550000000         1.9500000000         3.5422839149
        3.8600000000         1.9500000000         3.5180730281
        3.8650000000         1.9500000000         3.5002334272
        3.8700000000         1.9500000000         3.4772967976
        3.8750000000         1.9500000000         3.4505373963
        3.8800000000         1.9500000000         3.4377948243
        3.8850000000         1.9500000000         3.4123096803
        3.8900000000         1.9500000000         3.3893730506
        3.8950000000         1.9500000000         3.3638879066
        3.9000000000         1.9500000000         3.3434997914
        3.9050000000         1.9500000000         3.3218374189
        3.9100000000         1.9500000000         3.2989007893
        3.9150000000         1.9500000000         3.2797869313
        3.9200000000         1.9500000000         3.2555760444
        3.9250000000         1.9500000000         3.2300909004
        3.9300000000         1.9500000000         3.2122512996
        3.9350000000         1.9500000000         3.1893146699
        3.9400000000         1.9500000000         3.1663780403
        3.9450000000         1.9500000000         3.1447156678
        3.9500000000         1.9500000000         3.1230532954
        3.9550000000         1.9500000000         3.0975681514
        3.9600000000         1.9500000000         3.0759057789
        3.9650000000         1.9500000000         3.0542434065
        3.9700000000         1.9500000000         3.0325810341
        3.9750000000         1.9500000000         3.0070958900
        3.9800000000         1.9500000000         2.9828850032
        3.9850000000         1.9500000000         2.9637711451
        3.9900000000         1.9500000000         2.9370117439
        3.9950000000         1.9500000000         2.9178978859
        4.0000000000         1.9500000000         2.8962355134
        4.0050000000         1.9500000000         2.8707503694
        4.0100000000         1.9500000000         2.8516365114
        4.0150000000         1.9500000000         2.8325226533
        4.0200000000         1.9500000000         2.8083117665
        4.0250000000         1.9500000000         2.7841008796
        4.0300000000         1.9500000000         2.7611642500
        4.0350000000         1.9500000000         2.7356791060
        4.0400000000         1.9500000000         2.7101939619
        4.0450000000         1.9500000000         2.6898058467
        4.0500000000         1.9500000000         2.6694177315
        4.0550000000         1.9500000000         2.6464811018
        4.0600000000         1.9500000000         2.6197217006
        4.0650000000         1.9500000000         2.6082533858
        4.0700000000         1.9500000000         2.5725741841
        4.0750000000         1.9500000000         2.5521860689
        4.0800000000         1.9500000000         2.5305236964
        4.0850000000         1.9500000000         2.5063128096
        4.0900000000         1.9500000000         2.4808276655
        4.0950000000         1.9500000000         2.4578910359
        4.1000000000         1.9500000000         2.4336801491
        4.1050000000         1.9500000000         2.4132920338
        4.1100000000         1.9500000000         2.3839841182
        4.1150000000         1.9500000000         2.3648702602
        4.1200000000         1.9500000000         2.3393851161
        4.1250000000         1.9500000000         2.3177227437
        4.1300000000         1.9500000000         2.2922375996
        4.1350000000         1.9500000000         2.2667524556
        4.1400000000         1.9500000000         2.2450900832
        4.1450000000         1.9500000000         2.2208791963
        4.1500000000         1.9500000000         2.2094108815
        4.1550000000         1.9500000000         2.1711831654
        4.1600000000         1.9500000000         2.1507950502
        4.1650000000         1.9500000000         2.1240356490
        4.1700000000         1.9500000000         2.1061960481
        4.1750000000         1.9500000000         2.0781623897
        4.1800000000         1.9500000000         2.0590485316
        4.1850000000         1.9500000000         2.0361119020
        4.1900000000         1.9500000000         2.0157237868
        4.1950000000         1.9500000000         1.9915128999
        4.2000000000         1.9500000000         1.9723990419
        4.2050000000         1.9500000000         1.9443653835
        4.2100000000         1.9500000000         1.9188802394
        4.2150000000         1.9500000000         1.9023148958
        4.2200000000         1.9500000000         1.8742812373
        4.2250000000         1.9500000000         1.8538931221
        4.2300000000         1.9500000000         1.8347792641
        4.2350000000         1.9500000000         1.8105683772
        4.2400000000         1.9500000000         1.7927287764
        4.2450000000         1.9500000000         1.7672436324
        4.2500000000         1.9500000000         1.7481297743
        4.2550000000         1.9500000000         1.7290159163
        4.2600000000         1.9500000000         1.7060792867
        4.2650000000         1.9500000000         1.6882396858
        4.2700000000         1.9500000000         1.6653030562
        4.2750000000         1.9500000000         1.6372693978
        4.2800000000         1.9500000000         1.6270753401
        4.2850000000         1.9500000000         1.6041387105
        4.2900000000         1.9500000000         1.5862991097
        4.2950000000         1.9500000000         1.5633624800
        4.3000000000         1.9500000000         1.5455228792
        4.3050000000         1.9500000000         1.5302317928
        4.3100000000         1.9500000000         1.5034723915
        4.3150000000         1.9500000000         1.4843585335
        4.3200000000         1.9500000000         1.4652446755
        4.3250000000         1.9500000000         1.4410337886
        4.3300000000         1.9500000000         1.4206456734
        4.3350000000         1.9500000000         1.3977090438
        4.3400000000         1.9500000000         1.3773209285
        4.3450000000         1.9500000000         1.3582070705
        4.3500000000         1.9500000000         1.3378189553
        4.3550000000         1.9500000000         1.3174308400
        4.3600000000         1.9500000000         1.2957684676
        4.3650000000         1.9500000000         1.2792031240
        4.3700000000         1.9500000000         1.2600892659
        4.3750000000         1.9500000000         1.2371526363
        4.3800000000         1.9500000000         1.2218615499
        4.3850000000         1.9500000000         1.2027476918
        4.3900000000         1.9500000000         1.1785368050
        4.3950000000         1.9500000000         1.1606972042
        4.4000000000         1.9500000000         1.1415833461
        4.4050000000         1.9500000000         1.1199209737
        4.4100000000         1.9500000000         1.1046298873
        4.4150000000         1.9500000000         1.0816932576
        4.4200000000         1.9500000000         1.0562081136
        4.4250000000         1.9500000000         1.0472883132
        4.4300000000         1.9500000000         1.0256259407
        4.4350000000         1.9500000000         1.0052378255
        4.4400000000         1.9500000000         0.9899467391
        4.4450000000         1.9500000000         0.9708328811
        4.4500000000         1.9500000000         0.9606388234
        4.4550000000         1.9500000000         0.9326051650
        4.4600000000         1.9500000000         0.9173140786
        4.4650000000         1.9500000000         0.9032972493
        4.4700000000         1.9500000000         0.8765378481
        4.4750000000         1.9500000000         0.8574239901
        4.4800000000         1.9500000000         0.8370358748
        4.4850000000         1.9500000000         0.8179220168
        4.4900000000         1.9500000000         0.8026309304
        4.4950000000         1.9500000000         0.7822428151
        4.5000000000         1.9500000000         0.7618546999
        4.5050000000         1.9500000000         0.7389180703
        4.5100000000         1.9500000000         0.7223527266
        4.5150000000         1.9500000000         0.7096101546
        4.5200000000         1.9500000000         0.6955933254
        4.5250000000         1.9500000000         0.6675596670
        4.5300000000         1.9500000000         0.6509943233
        4.5350000000         1.9500000000         0.6357032369
        4.5400000000         1.9500000000         0.6178636361
        4.5450000000         1.9500000000         0.5987497780
        4.5500000000         1.9500000000         0.5860072060
        4.5550000000         1.9500000000         0.5617963192
        4.5600000000         1.9500000000         0.5414082039
        4.5650000000         1.9500000000         0.5273913747
        4.5700000000         1.9500000000         0.5108260311
        4.5750000000         1.9500000000         0.4929864303
        4.5800000000         1.9500000000         0.4738725722
        4.5850000000         1.9500000000         0.4522101998
        4.5900000000         1.9500000000         0.4407418850
        4.5950000000         1.9500000000         0.4203537697
        4.6000000000         1.9500000000         0.3986913973
        4.6050000000         1.9500000000         0.3834003109
        4.6100000000         1.9500000000         0.3655607101
        4.6150000000         1.9500000000         0.3489953664
        4.6200000000         1.9500000000         0.3298815084
        4.6250000000         1.9500000000         0.3107676504
        4.6300000000         1.9500000000         0.2954765639
        4.6350000000         1.9500000000         0.2725399343
        4.6400000000         1.9500000000         0.2585231051
        4.6450000000         1.9500000000         0.2394092470
        4.6500000000         1.9500000000         0.2202953890
        4.6550000000         1.9500000000         0.2024557882
        4.6600000000         1.9500000000         0.1820676730
        4.6650000000         1.9500000000         0.1655023293
        4.6700000000         1.9500000000         0.1463884713
        4.6750000000         1.9500000000         0.1298231277
        4.6800000000         1.9500000000         0.1132577840
        4.6850000000         1.9500000000         0.0941439260
        4.6900000000         1.9500000000         0.0788528396
        4.6950000000         1.9500000000         0.0559162099
        4.7000000000         1.9500000000         0.0380766091
        4.7050000000         1.9500000000         0.0189627511
        4.7100000000         1.9500000000         0.0074944363
        4.7150000000         1.9500000000         0.0049459219
        4.7200000000         1.9500000000        -0.0026996214
        4.7250000000         1.9500000000        -0.0026996214
        4.7300000000         1.9500000000        -0.0026996214
        4.7350000000         1.9500000000         0.0011231503
        4.7400000000         1.9500000000        -0.0001511069
        4.7450000000         1.9500000000         0.0622874960
        4.7500000000         1.9500000000         1.1224694881
        4.7550000000         1.9500000000         1.1224694881
        4.7600000000         1.9500000000         1.1211952309
        4.7650000000         1.9500000000         5.0662955286
        4.7700000000         1.9500000000         5.0662955286
        4.7750000000         1.9500000000         5.0701183002
        4.7800000000         1.9500000000         5.0675697858
        4.7850000000         1.9500000000         5.0688440430
        4.7900000000         1.9500000000         5.0561014710
        4.7950000000         1.9500000000         5.0395361274
        4.8000000000         1.9500000000         5.0165994977
        4.8050000000         1.9500000000         4.9974856397
        4.8100000000         1.9500000000         4.9681777240
        4.8150000000         1.9500000000         4.9554351520
        4.8200000000         1.9500000000         4.9286757508
        4.8250000000         1.9500000000         4.9044648639
        4.8300000000         1.9500000000         4.8828024915
        4.8350000000         1.9500000000         4.8649628907
        4.8400000000         1.9500000000         4.8369292322
        4.8450000000         1.9500000000         4.8165411170
        4.8500000000         1.9500000000         4.7923302302
        4.8550000000         1.9500000000         4.7719421149
        4.8600000000         1.9500000000         4.7541025141
        4.8650000000         1.9500000000         4.7247945984
        4.8700000000         1.9500000000         4.7031322260
        4.8750000000         1.9500000000         4.6840183680
        4.8800000000         1.9500000000         4.6649045099
        4.8850000000         1.9500000000         4.6406936231
        4.8900000000         1.9500000000         4.6126599647
        4.8950000000         1.9500000000         4.5922718494
        4.9000000000         1.9500000000         4.5706094770
        4.9050000000         1.9500000000         4.5502213618
        4.9100000000         1.9500000000         4.5234619605
        4.9150000000         1.9500000000         4.5081708741
        4.9200000000         1.9500000000         4.4852342444
        4.9250000000         1.9500000000         4.4635718720
        4.9300000000         1.9500000000         4.4380867280
        4.9350000000         1.9500000000         4.4164243555
        4.9400000000         1.9500000000         4.3973104975
        4.9450000000         1.9500000000         4.3730996107
        4.9500000000         1.9500000000         4.3514372382
        4.9550000000         1.9500000000         4.3323233802
        4.9600000000         1.9500000000         4.3106610078
        4.9650000000         1.9500000000         4.2864501209
        4.9700000000         1.9500000000         4.2686105201
        4.9750000000         1.9500000000         4.2494966621
        4.9800000000         1.9500000000         4.2227372608
        4.9850000000         1.9500000000         4.2023491456
        4.9900000000         1.9500000000         4.1781382587
        4.9950000000         1.9500000000         4.1539273719
        5.0000000000         1.9500000000         4.1322649995
        5.0050000000         1.9500000000         4.1118768842
        5.0100000000         1.9500000000         4.0889402546
        5.0150000000         1.9500000000         4.0634551106
        5.0200000000         1.9500000000         4.0456155097
        5.0250000000         1.9500000000         4.0226788801
        5.0300000000         1.9500000000         4.0022907649
        5.0350000000         1.9500000000         3.9806283924
        5.0400000000         1.9500000000         3.9589660200
        5.0450000000         1.9500000000         3.9360293903
        5.0500000000         1.9500000000         3.9130927607
        5.0550000000         1.9500000000         3.8901561311
        5.0600000000         1.9500000000         3.8735907874
        5.0650000000         1.9500000000         3.8493799006
        5.0700000000         1.9500000000         3.8302660426
        5.0750000000         1.9500000000         3.8060551557
        5.0800000000         1.9500000000         3.7818442689
        5.0850000000         1.9500000000         3.7640046681
        5.0900000000         1.9500000000         3.7372452668
        5.0950000000         1.9500000000         3.7130343800
        5.1000000000         1.9500000000         3.7002918080
        5.1050000000         1.9500000000         3.6709838923
        5.1100000000         1.9500000000         3.6582413203
        5.1150000000         1.9500000000         3.6340304334
        5.1200000000         1.9500000000         3.6072710322
        5.1250000000         1.9500000000         3.5856086598
        5.1300000000         1.9500000000         3.5677690589
        5.1350000000         1.9500000000         3.5486552009
        5.1400000000         1.9500000000         3.5257185713
        5.1450000000         1.9500000000         3.5015076844
        5.1500000000         1.9500000000         3.4811195692
        5.1550000000         1.9500000000         3.4620057112
        5.1600000000         1.9500000000         3.4339720527
        5.1650000000         1.9500000000         3.4174067091
        5.1700000000         1.9500000000         3.3893730506
        5.1750000000         1.9500000000         3.3728077070
        5.1800000000         1.9500000000         3.3511453346
        5.1850000000         1.9500000000         3.3320314765
        5.1900000000         1.9500000000         3.3039978181
        5.1950000000         1.9500000000         3.2899809889
        5.2000000000         1.9500000000         3.2606730732
        5.2050000000         1.9500000000         3.2402849580
        5.2100000000         1.9500000000         3.2211711000
        5.2150000000         1.9500000000         3.1969602131
        5.2200000000         1.9500000000         3.1740235835
        5.2250000000         1.9500000000         3.1536354683
        5.2300000000         1.9500000000         3.1421671534
        5.2350000000         1.9500000000         3.1090364662
        5.2400000000         1.9500000000         3.0848255793
        5.2450000000         1.9500000000         3.0606146925
        5.2500000000         1.9500000000         3.0427750917
        5.2550000000         1.9500000000         3.0160156904
        5.2600000000         1.9500000000         3.0007246040
        5.2650000000         1.9500000000         2.9765137172
        5.2700000000         1.9500000000         2.9523028303
        5.2750000000         1.9500000000         2.9293662007
        5.2800000000         1.9500000000         2.9102523427
        5.2850000000         1.9500000000         2.8898642274
        5.2900000000         1.9500000000         2.8682018550
        5.2950000000         1.9500000000         2.8401681965
        5.3000000000         1.9500000000         2.8197800813
        5.3050000000         1.9500000000         2.8019404805
        5.3100000000         1.9500000000         2.7739068220
        5.3150000000         1.9500000000         2.7522444496
        5.3200000000         1.9500000000         2.7293078200
        5.3250000000         1.9500000000         2.7025484187
        5.3300000000         1.9500000000         2.6847088179
        5.3350000000         1.9500000000         2.6579494166
        5.3400000000         1.9500000000         2.6401098158
        5.3450000000         1.9500000000         2.6171731862
        5.3500000000         1.9500000000         2.5904137849
        5.3550000000         1.9500000000         2.5674771553
        5.3600000000         1.9500000000         2.5407177540
        5.3650000000         1.9500000000         2.5216038960
        5.3700000000         1.9500000000         2.4935702376
        5.3750000000         1.9500000000         2.4744563795
        5.3800000000         1.9500000000         2.4515197499
        5.3850000000         1.9500000000         2.4298573775
        5.3900000000         1.9500000000         2.4043722334
        5.3950000000         1.9500000000         2.3801613466
        5.4000000000         1.9500000000         2.3534019453
        5.4050000000         1.9500000000         2.3342880873
        5.4100000000         1.9500000000         2.3113514577
        5.4150000000         1.9500000000         2.2871405708
        5.4200000000         1.9500000000         2.2654781984
        5.4250000000         1.9500000000         2.2399930543
        5.4300000000         1.9500000000         2.2196049391
        5.4350000000         1.9500000000         2.1941197951
        5.4400000000         1.9500000000         2.1699089082
        5.4450000000         1.9500000000         2.1520693074
        5.4500000000         1.9500000000         2.1240356490
        5.4550000000         1.9500000000         2.1010990193
        5.4600000000         1.9500000000         2.0819851613
        5.4650000000         1.9500000000         2.0565000172
        5.4700000000         1.9500000000         2.0348376448
        5.4750000000         1.9500000000         2.0119010152
        5.4800000000         1.9500000000         1.9915128999
        5.4850000000         1.9500000000         1.9634792415
        5.4900000000         1.9500000000         1.9430911263
        5.4950000000         1.9500000000         1.9188802394
        5.5000000000         1.9500000000         1.8959436098
        5.5050000000         1.9500000000         1.8755554945
        5.5100000000         1.9500000000         1.8500703505
        5.5150000000         1.9500000000         1.8309564925
        5.5200000000         1.9500000000         1.8080198628
        5.5250000000         1.9500000000         1.7850832332
        5.5300000000         1.9500000000         1.7697921468
        5.5350000000         1.9500000000         1.7443070027
        5.5400000000         1.9500000000         1.7251931447
        5.5450000000         1.9500000000         1.6958852290
        5.5500000000         1.9500000000         1.6729485994
        5.5550000000         1.9500000000         1.6538347414
        5.5600000000         1.9500000000         1.6347208833
        5.5650000000         1.9500000000         1.6168812825
        5.5700000000         1.9500000000         1.5888476241
        5.5750000000         1.9500000000         1.5697337660
        5.5800000000         1.9500000000         1.5480713936
        5.5850000000         1.9500000000         1.5327803072
        5.5900000000         1.9500000000         1.5098436775
        5.5950000000         1.9500000000         1.4907298195
        5.6000000000         1.9500000000         1.4626961611
        5.6050000000         1.9500000000         1.4461308174
        5.6100000000         1.9500000000         1.4257427022
        5.6150000000         1.9500000000         1.4053545870
        5.6200000000         1.9500000000         1.3849664717
        5.6250000000         1.9500000000         1.3671268709
        5.6300000000         1.9500000000         1.3403674697
        5.6350000000         1.9500000000         1.3199793544
        5.6400000000         1.9500000000         1.3021397536
        5.6450000000         1.9500000000         1.2792031240
        5.6500000000         1.9500000000         1.2613635231
        5.6550000000         1.9500000000         1.2422496651
        5.6600000000         1.9500000000         1.2244100643
        5.6650000000         1.9500000000         1.2014734346
        5.6700000000         1.9500000000         1.1861823482
        5.6750000000         1.9500000000         1.1606972042
        5.6800000000         1.9500000000         1.1403090889
        5.6850000000         1.9500000000         1.1250180025
        5.6900000000         1.9500000000         1.1033556301
        5.6950000000         1.9500000000         1.0855160292
        5.7000000000         1.9500000000         1.0651279140
        5.7050000000         1.9500000000         1.0434655416
        5.7100000000         1.9500000000         1.0269001979
        5.7150000000         1.9500000000         1.0077863399
        5.7200000000         1.9500000000         0.9912209963
        5.7250000000         1.9500000000         0.9708328811
        5.7300000000         1.9500000000         0.9555417946
        5.7350000000         1.9500000000         0.9313309078
        5.7400000000         1.9500000000         0.9122170498
        5.7450000000         1.9500000000         0.8943774489
        5.7500000000         1.9500000000         0.8727150765
        5.7550000000         1.9500000000         0.8523269613
        5.7600000000         1.9500000000         0.8344873604
        5.7650000000         1.9500000000         0.8230190456
        5.7700000000         1.9500000000         0.8013566732
        5.7750000000         1.9500000000         0.7771457863
        5.7800000000         1.9500000000         0.7618546999
        5.7850000000         1.9500000000         0.7440150991
        5.7900000000         1.9500000000         0.7236269838
        5.7950000000         1.9500000000         0.7045131258
        5.8000000000         1.9500000000         0.6803022390
        5.8050000000         1.9500000000         0.6624626381
        5.8100000000         1.9500000000         0.6471715517
        5.8150000000         1.9500000000         0.6293319509
        5.8200000000         1.9500000000         0.6076695785
        5.8250000000         1.9500000000         0.5911042348
        5.8300000000         1.9500000000         0.5707161196
        5.8350000000         1.9500000000         0.5592478048
        5.8400000000         1.9500000000         0.5388596895
        5.8450000000         1.9500000000         0.5210200887
        5.8500000000         1.9500000000         0.5019062307
        5.8550000000         1.9500000000         0.4840666298
        5.8600000000         1.9500000000         0.4662270290
        5.8650000000         1.9500000000         0.4432903994
        5.8700000000         1.9500000000         0.4279993130
        5.8750000000         1.9500000000         0.4050626833
        5.8800000000         1.9500000000         0.3884973397
        5.8850000000         1.9500000000         0.3655607101
        5.8900000000         1.9500000000         0.3502696236
        5.8950000000         1.9500000000         0.3298815084
        5.9000000000         1.9500000000         0.3120419076
        5.9050000000         1.9500000000         0.2980250783
        5.9100000000         1.9500000000         0.2738141915
        5.9150000000         1.9500000000         0.2585231051
        5.9200000000         1.9500000000         0.2394092470
        5.9250000000         1.9500000000         0.2215696462
        5.9300000000         1.9500000000         0.2050043026
        5.9350000000         1.9500000000         0.1833419302
        5.9400000000         1.9500000000         0.1629538149
        5.9450000000         1.9500000000         0.1514855001
        5.9500000000         1.9500000000         0.1323716421
        5.9550000000         1.9500000000         0.1158062984
        5.9600000000         1.9500000000         0.0979666976
        5.9650000000         1.9500000000         0.0826756112
        5.9700000000         1.9500000000         0.0635617532
        5.9750000000         1.9500000000         0.0469964095
        5.9800000000         1.9500000000         0.0227855227
        5.9850000000         1.9500000000         0.0074944363
        5.9900000000         1.9500000000        -0.0026996214
        5.9950000000         1.9500000000        -0.0001511069
        6.0000000000         1.9500000000        -0.0001511069
        6.0050000000         1.9500000000         0.0011231503
        6.0100000000         1.9500000000         0.0049459219
        6.0150000000         1.9500000000        -0.0001511069
        6.0200000000         1.9500000000        -0.0026996214
        6.0250000000         1.9500000000         1.1110011733
        6.0300000000         1.9500000000         1.1084526589
        6.0350000000         1.9500000000         1.1046298873
        6.0400000000         1.9500000000         5.0535529566
        6.0450000000         1.9500000000         5.0675697858
        6.0500000000         1.9500000000         5.0637470142
        6.0550000000         1.9500000000         5.0650212714
        6.0600000000         1.9500000000         5.0688440430
        6.0650000000         1.9500000000         5.0662955286
        6.0700000000         1.9500000000         5.0573757282
        6.0750000000         1.9500000000         5.0382618702
        6.0800000000         1.9500000000         5.0140509833
        6.0850000000         1.9500000000         4.9936628681
        6.0900000000         1.9500000000         4.9732747529
        6.0950000000         1.9500000000         4.9477896088
        6.1000000000         1.9500000000         4.9261272364
        6.1050000000         1.9500000000         4.9019163495
        6.1100000000         1.9500000000         4.8802539771
        6.1150000000         1.9500000000         4.8585916047
        6.1200000000         1.9500000000         4.8356549750
        6.1250000000         1.9500000000         4.8178153742
        6.1300000000         1.9500000000         4.7910559730
        6.1350000000         1.9500000000         4.7719421149
        6.1400000000         1.9500000000         4.7515539997
        6.1450000000         1.9500000000         4.7260688556
        6.1500000000         1.9500000000         4.7018579688
        6.1550000000         1.9500000000         4.6827441108
        6.1600000000         1.9500000000         4.6636302527
        6.1650000000         1.9500000000         4.6419678803
        6.1700000000         1.9500000000         4.6164827363
        6.1750000000         1.9500000000         4.5922718494
        6.1800000000         1.9500000000         4.5706094770
        6.1850000000         1.9500000000         4.5489471046
        6.1900000000         1.9500000000         4.5247362177
        6.1950000000         1.9500000000         4.5068966169
        6.2000000000         1.9500000000         4.4826857300
        6.2050000000         1.9500000000         4.4648461292
        6.2100000000         1.9500000000         4.4419094996
        6.2150000000         1.9500000000         4.4240698987
        6.2200000000         1.9500000000         4.3973104975
        6.2250000000         1.9500000000         4.3807451539
        6.2300000000         1.9500000000         4.3552600098
        6.2350000000         1.9500000000         4.3348718946
        6.2400000000         1.9500000000         4.3157580366
        6.2450000000         1.9500000000         4.2889986353
        6.2500000000         1.9500000000         4.2686105201
        6.2550000000         1.9500000000         4.2533194337
        6.2600000000         1.9500000000         4.2329313184
        6.2650000000         1.9500000000         4.2112689460
        6.2700000000         1.9500000000         4.1870580592
        6.2750000000         1.9500000000         4.1679442011
        6.2800000000         1.9500000000         4.1462818287
        6.2850000000         1.9500000000         4.1220709419
        6.2900000000         1.9500000000         4.1004085694
        6.2950000000         1.9500000000         4.0812947114
        6.3000000000         1.9500000000         4.0621808534
        6.3050000000         1.9500000000         4.0379699665
        6.3100000000         1.9500000000         4.0188561085
        6.3150000000         1.9500000000         3.9959194788
        6.3200000000         1.9500000000         3.9742571064
        6.3250000000         1.9500000000         3.9538689912
        6.3300000000         1.9500000000         3.9334808759
        6.3350000000         1.9500000000         3.9130927607
        6.3400000000         1.9500000000         3.8863333595
        6.3450000000         1.9500000000         3.8659452442
        6.3500000000         1.9500000000         3.8506541578
        6.3550000000         1.9500000000         3.8264432710
        6.3600000000         1.9500000000         3.8086036701
        6.3650000000         1.9500000000         3.7831185261
        6.3700000000         1.9500000000         3.7640046681
        6.3750000000         1.9500000000         3.7397937812
        6.3800000000         1.9500000000         3.7194056660
        6.3850000000         1.9500000000         3.7015660652
        6.3900000000         1.9500000000         3.6709838923
        6.3950000000         1.9500000000         3.6556928059
        6.4000000000         1.9500000000         3.6327561762
        6.4050000000         1.9500000000         3.6123680610
        6.4100000000         1.9500000000         3.5919799458
        6.4150000000         1.9500000000         3.5690433161
        6.4200000000         1.9500000000         3.5473809437
        6.4250000000         1.9500000000         3.5244443141
        6.4300000000         1.9500000000         3.5053304560
        6.4350000000         1.9500000000         3.4836680836
        6.4400000000         1.9500000000         3.4594571968
