        0.0000000000         2.2750000000         4.4648461292
        0.0050000000         2.2750000000         4.4686689008
        0.0100000000         2.2750000000         4.4712174152
        0.0150000000         2.2750000000         4.4712174152
        0.0200000000         2.2750000000         4.4686689008
        0.0250000000         2.2750000000         4.4673946436
        0.0300000000         2.2750000000         4.4610233576
        0.0350000000         2.2750000000         4.4635718720
        0.0400000000         2.2750000000         4.4610233576
        0.0450000000         2.2750000000         4.4635718720
        0.0500000000         2.2750000000         4.4622976148
        0.0550000000         2.2750000000         4.4610233576
        0.0600000000         2.2750000000         4.4584748432
        0.0650000000         2.2750000000         4.4610233576
        0.0700000000         2.2750000000         4.4508293000
        0.0750000000         2.2750000000         4.4559263288
        0.0800000000         2.2750000000         4.4508293000
        0.0850000000         2.2750000000         4.4482807856
        0.0900000000         2.2750000000         4.4431837568
        0.0950000000         2.2750000000         4.4431837568
        0.1000000000         2.2750000000         4.4393609852
        0.1050000000         2.2750000000         4.4380867280
        0.1100000000         2.2750000000         4.4380867280
        0.1150000000         2.2750000000         4.4380867280
        0.1200000000         2.2750000000         4.4317154420
        0.1250000000         2.2750000000         4.4278926704
        0.1300000000         2.2750000000         4.4227956415
        0.1350000000         2.2750000000         4.4227956415
        0.1400000000         2.2750000000         4.4240698987
        0.1450000000         2.2750000000         4.4202471271
        0.1500000000         2.2750000000         4.4176986127
        0.1550000000         2.2750000000         4.4176986127
        0.1600000000         2.2750000000         4.4164243555
        0.1650000000         2.2750000000         4.4138758411
        0.1700000000         2.2750000000         4.4087788123
        0.1750000000         2.2750000000         4.4075045551
        0.1800000000         2.2750000000         4.3998590119
        0.1850000000         2.2750000000         4.3985847547
        0.1900000000         2.2750000000         4.4036817835
        0.1950000000         2.2750000000         4.4011332691
        0.2000000000         2.2750000000         4.3960362403
        0.2050000000         2.2750000000         4.3947619831
        0.2100000000         2.2750000000         4.3934877259
        0.2150000000         2.2750000000         4.3871164399
        0.2200000000         2.2750000000         4.3871164399
        0.2250000000         2.2750000000         4.3832936683
        0.2300000000         2.2750000000         4.3832936683
        0.2350000000         2.2750000000         4.3794708967
        0.2400000000         2.2750000000         4.3769223823
        0.2450000000         2.2750000000         4.3756481251
        0.2500000000         2.2750000000         4.3756481251
        0.2550000000         2.2750000000         4.3680025819
        0.2600000000         2.2750000000         4.3641798103
        0.2650000000         2.2750000000         4.3590827814
        0.2700000000         2.2750000000         4.3565342670
        0.2750000000         2.2750000000         4.3578085242
        0.2800000000         2.2750000000         4.3565342670
        0.2850000000         2.2750000000         4.3552600098
        0.2900000000         2.2750000000         4.3514372382
        0.2950000000         2.2750000000         4.3450659522
        0.3000000000         2.2750000000         4.3463402094
        0.3050000000         2.2750000000         4.3425174378
        0.3100000000         2.2750000000         4.3374204090
        0.3150000000         2.2750000000         4.3323233802
        0.3200000000         2.2750000000         4.3297748658
        0.3250000000         2.2750000000         4.3259520942
        0.3300000000         2.2750000000         4.3259520942
        0.3350000000         2.2750000000         4.3195808082
        0.3400000000         2.2750000000         4.3132095222
        0.3450000000         2.2750000000         4.3144837794
        0.3500000000         2.2750000000         4.3157580366
        0.3550000000         2.2750000000         4.3030154645
        0.3600000000         2.2750000000         4.3004669501
        0.3650000000         2.2750000000         4.3081124934
        0.3700000000         2.2750000000         4.2966441785
        0.3750000000         2.2750000000         4.2877243781
        0.3800000000         2.2750000000         4.2839016065
        0.3850000000         2.2750000000         4.2839016065
        0.3900000000         2.2750000000         4.2788045777
        0.3950000000         2.2750000000         4.2788045777
        0.4000000000         2.2750000000         4.2749818061
        0.4050000000         2.2750000000         4.2698847773
        0.4100000000         2.2750000000         4.2673362629
        0.4150000000         2.2750000000         4.2596907197
        0.4200000000         2.2750000000         4.2558679481
        0.4250000000         2.2750000000         4.2558679481
        0.4300000000         2.2750000000         4.2545936909
        0.4350000000         2.2750000000         4.2520451765
        0.4400000000         2.2750000000         4.2469481477
        0.4450000000         2.2750000000         4.2393026044
        0.4500000000         2.2750000000         4.2418511188
        0.4550000000         2.2750000000         4.2367540900
        0.4600000000         2.2750000000         4.2316570612
        0.4650000000         2.2750000000         4.2278342896
        0.4700000000         2.2750000000         4.2227372608
        0.4750000000         2.2750000000         4.2163659748
        0.4800000000         2.2750000000         4.2138174604
        0.4850000000         2.2750000000         4.2138174604
        0.4900000000         2.2750000000         4.2087204316
        0.4950000000         2.2750000000         4.2036234028
        0.5000000000         2.2750000000         4.2048976600
        0.5050000000         2.2750000000         4.2125432032
        0.5100000000         2.2750000000         4.2023491456
        0.5150000000         2.2750000000         4.1998006312
        0.5200000000         2.2750000000         4.1972521168
        0.5250000000         2.2750000000         4.1883323164
        0.5300000000         2.2750000000         4.1870580592
        0.5350000000         2.2750000000         4.1857838020
        0.5400000000         2.2750000000         4.1819610303
        0.5450000000         2.2750000000         4.1755897443
        0.5500000000         2.2750000000         4.1730412299
        0.5550000000         2.2750000000         4.1743154871
        0.5600000000         2.2750000000         4.1717669727
        0.5650000000         2.2750000000         4.1717669727
        0.5700000000         2.2750000000         4.1704927155
        0.5750000000         2.2750000000         4.1628471723
        0.5800000000         2.2750000000         4.1628471723
        0.5850000000         2.2750000000         4.1602986579
        0.5900000000         2.2750000000         4.1552016291
        0.5950000000         2.2750000000         4.1539273719
        0.6000000000         2.2750000000         4.1501046003
        0.6050000000         2.2750000000         4.1475560859
        0.6100000000         2.2750000000         4.1297164851
        0.6150000000         2.2750000000         4.1424590571
        0.6200000000         2.2750000000         4.1360877711
        0.6250000000         2.2750000000         4.1322649995
        0.6300000000         2.2750000000         4.1322649995
        0.6350000000         2.2750000000         4.1258937135
        0.6400000000         2.2750000000         4.1297164851
        0.6450000000         2.2750000000         4.1271679707
        0.6500000000         2.2750000000         4.1207966846
        0.6550000000         2.2750000000         4.1169739130
        0.6600000000         2.2750000000         4.1118768842
        0.6650000000         2.2750000000         4.1080541126
        0.6700000000         2.2750000000         4.1055055982
        0.6750000000         2.2750000000         4.1029570838
        0.6800000000         2.2750000000         4.1004085694
        0.6850000000         2.2750000000         4.0978600550
        0.6900000000         2.2750000000         4.0953115406
        0.6950000000         2.2750000000         4.0876659974
        0.7000000000         2.2750000000         4.0825689686
        0.7050000000         2.2750000000         4.0774719398
        0.7100000000         2.2750000000         4.0736491682
        0.7150000000         2.2750000000         4.0711006538
        0.7200000000         2.2750000000         4.0711006538
        0.7250000000         2.2750000000         4.0634551106
        0.7300000000         2.2750000000         4.0583580817
        0.7350000000         2.2750000000         4.0519867957
        0.7400000000         2.2750000000         4.0481640241
        0.7450000000         2.2750000000         4.0494382813
        0.7500000000         2.2750000000         4.0443412525
        0.7550000000         2.2750000000         4.0417927381
        0.7600000000         2.2750000000         4.0379699665
        0.7650000000         2.2750000000         4.0315986805
        0.7700000000         2.2750000000         4.0277759089
        0.7750000000         2.2750000000         4.0214046229
        0.7800000000         2.2750000000         4.0150333369
        0.7850000000         2.2750000000         4.0137590797
        0.7900000000         2.2750000000         4.0099363081
        0.7950000000         2.2750000000         4.0061135365
        0.8000000000         2.2750000000         4.0073877937
        0.8050000000         2.2750000000         4.0022907649
        0.8100000000         2.2750000000         3.9946452216
        0.8150000000         2.2750000000         3.9946452216
        0.8200000000         2.2750000000         3.9869996784
        0.8250000000         2.2750000000         3.9869996784
        0.8300000000         2.2750000000         3.9844511640
        0.8350000000         2.2750000000         3.9780798780
        0.8400000000         2.2750000000         3.9729828492
        0.8450000000         2.2750000000         3.9640630488
        0.8500000000         2.2750000000         3.9678858204
        0.8550000000         2.2750000000         3.9627887916
        0.8600000000         2.2750000000         3.9576917628
        0.8650000000         2.2750000000         3.9500462196
        0.8700000000         2.2750000000         3.9474977052
        0.8750000000         2.2750000000         3.9436749336
        0.8800000000         2.2750000000         3.9385779047
        0.8850000000         2.2750000000         3.9474977052
        0.8900000000         2.2750000000         3.9309323615
        0.8950000000         2.2750000000         3.9334808759
        0.9000000000         2.2750000000         3.9296581043
        0.9050000000         2.2750000000         3.9232868183
        0.9100000000         2.2750000000         3.9181897895
        0.9150000000         2.2750000000         3.9118185035
        0.9200000000         2.2750000000         3.9079957319
        0.9250000000         2.2750000000         3.9067214747
        0.9300000000         2.2750000000         3.9054472175
        0.9350000000         2.2750000000         3.9003501887
        0.9400000000         2.2750000000         3.9016244459
        0.9450000000         2.2750000000         3.9003501887
        0.9500000000         2.2750000000         3.8965274171
        0.9550000000         2.2750000000         3.8952531599
        0.9600000000         2.2750000000         3.8901561311
        0.9650000000         2.2750000000         3.8901561311
        0.9700000000         2.2750000000         3.8850591023
        0.9750000000         2.2750000000         3.8825105879
        0.9800000000         2.2750000000         3.8825105879
        0.9850000000         2.2750000000         3.8812363307
        0.9900000000         2.2750000000         3.8748650446
        0.9950000000         2.2750000000         3.8735907874
        1.0000000000         2.2750000000         3.8761393018
        1.0050000000         2.2750000000         3.8723165302
        1.0100000000         2.2750000000         3.8735907874
        1.0150000000         2.2750000000         3.8659452442
        1.0200000000         2.2750000000         3.8633967298
        1.0250000000         2.2750000000         3.8621224726
        1.0300000000         2.2750000000         3.8582997010
        1.0350000000         2.2750000000         3.8532026722
        1.0400000000         2.2750000000         3.8557511866
        1.0450000000         2.2750000000         3.8506541578
        1.0500000000         2.2750000000         3.8481056434
        1.0550000000         2.2750000000         3.8468313862
        1.0600000000         2.2750000000         3.8430086146
        1.0650000000         2.2750000000         3.8366373286
        1.0700000000         2.2750000000         3.8340888142
        1.0750000000         2.2750000000         3.8302660426
        1.0800000000         2.2750000000         3.8238947566
        1.0850000000         2.2750000000         3.8238947566
        1.0900000000         2.2750000000         3.8175234705
        1.0950000000         2.2750000000         3.8149749561
        1.1000000000         2.2750000000         3.8111521845
        1.1050000000         2.2750000000         3.8073294129
        1.1100000000         2.2750000000         3.8022323841
        1.1150000000         2.2750000000         3.7996838697
        1.1200000000         2.2750000000         3.7971353553
        1.1250000000         2.2750000000         3.7920383265
        1.1300000000         2.2750000000         3.7933125837
        1.1350000000         2.2750000000         3.7843927833
        1.1400000000         2.2750000000         3.7818442689
        1.1450000000         2.2750000000         3.7805700117
        1.1500000000         2.2750000000         3.7741987257
        1.1550000000         2.2750000000         3.7678274397
        1.1600000000         2.2750000000         3.7627304109
        1.1650000000         2.2750000000         3.7627304109
        1.1700000000         2.2750000000         3.7601818965
        1.1750000000         2.2750000000         3.7563591248
        1.1800000000         2.2750000000         3.7550848676
        1.1850000000         2.2750000000         3.7499878388
        1.1900000000         2.2750000000         3.7499878388
        1.1950000000         2.2750000000         3.7448908100
        1.2000000000         2.2750000000         3.7423422956
        1.2050000000         2.2750000000         3.7397937812
        1.2100000000         2.2750000000         3.7346967524
        1.2150000000         2.2750000000         3.7346967524
        1.2200000000         2.2750000000         3.7295997236
        1.2250000000         2.2750000000         3.7295997236
        1.2300000000         2.2750000000         3.7283254664
        1.2350000000         2.2750000000         3.7295997236
        1.2400000000         2.2750000000         3.7270512092
        1.2450000000         2.2750000000         3.7206799232
        1.2500000000         2.2750000000         3.7194056660
        1.2550000000         2.2750000000         3.7143086372
        1.2600000000         2.2750000000         3.7066630940
        1.2650000000         2.2750000000         3.7130343800
        1.2700000000         2.2750000000         3.7104858656
        1.2750000000         2.2750000000         3.6913720075
        1.2800000000         2.2750000000         3.7028403224
        1.2850000000         2.2750000000         3.6977432936
        1.2900000000         2.2750000000         3.6964690363
        1.2950000000         2.2750000000         3.6926462647
        1.3000000000         2.2750000000         3.6900977503
        1.3050000000         2.2750000000         3.6875492359
        1.3100000000         2.2750000000         3.6862749787
        1.3150000000         2.2750000000         3.6786294355
        1.3200000000         2.2750000000         3.6722581495
        1.3250000000         2.2750000000         3.6722581495
        1.3300000000         2.2750000000         3.6684353779
        1.3350000000         2.2750000000         3.6633383491
        1.3400000000         2.2750000000         3.6595155775
        1.3450000000         2.2750000000         3.6582413203
        1.3500000000         2.2750000000         3.6531442915
        1.3550000000         2.2750000000         3.6454987483
        1.3600000000         2.2750000000         3.6429502339
        1.3650000000         2.2750000000         3.6416759767
        1.3700000000         2.2750000000         3.6404017195
        1.3750000000         2.2750000000         3.6353046906
        1.3800000000         2.2750000000         3.6340304334
        1.3850000000         2.2750000000         3.6353046906
        1.3900000000         2.2750000000         3.6212878614
        1.3950000000         2.2750000000         3.6174650898
        1.4000000000         2.2750000000         3.6136423182
        1.4050000000         2.2750000000         3.5970769746
        1.4100000000         2.2750000000         3.6072710322
        1.4150000000         2.2750000000         3.6021740034
        1.4200000000         2.2750000000         3.6021740034
        1.4250000000         2.2750000000         3.5996254890
        1.4300000000         2.2750000000         3.5996254890
        1.4350000000         2.2750000000         3.5932542030
        1.4400000000         2.2750000000         3.5881571742
        1.4450000000         2.2750000000         3.5843344026
        1.4500000000         2.2750000000         3.5830601454
        1.4550000000         2.2750000000         3.5754146021
        1.4600000000         2.2750000000         3.5690433161
        1.4650000000         2.2750000000         3.5690433161
        1.4700000000         2.2750000000         3.5652205445
        1.4750000000         2.2750000000         3.5652205445
        1.4800000000         2.2750000000         3.5575750013
        1.4850000000         2.2750000000         3.5537522297
        1.4900000000         2.2750000000         3.5486552009
        1.4950000000         2.2750000000         3.5397354005
        1.5000000000         2.2750000000         3.5384611433
        1.5050000000         2.2750000000         3.5384611433
        1.5100000000         2.2750000000         3.5269928285
        1.5150000000         2.2750000000         3.5269928285
        1.5200000000         2.2750000000         3.5231700569
        1.5250000000         2.2750000000         3.5320898573
        1.5300000000         2.2750000000         3.5180730281
        1.5350000000         2.2750000000         3.5142502564
        1.5400000000         2.2750000000         3.5078789704
        1.5450000000         2.2750000000         3.4976849128
        1.5500000000         2.2750000000         3.5002334272
        1.5550000000         2.2750000000         3.4951363984
        1.5600000000         2.2750000000         3.4900393696
        1.5650000000         2.2750000000         3.4862165980
        1.5700000000         2.2750000000         3.4836680836
        1.5750000000         2.2750000000         3.4798453120
        1.5800000000         2.2750000000         3.4785710548
        1.5850000000         2.2750000000         3.4734740260
        1.5900000000         2.2750000000         3.4645542256
        1.5950000000         2.2750000000         3.4594571968
        1.6000000000         2.2750000000         3.4569086824
        1.6050000000         2.2750000000         3.4518116535
        1.6100000000         2.2750000000         3.4518116535
        1.6150000000         2.2750000000         3.4441661103
        1.6200000000         2.2750000000         3.4377948243
        1.6250000000         2.2750000000         3.4377948243
        1.6300000000         2.2750000000         3.4314235383
        1.6350000000         2.2750000000         3.4263265095
        1.6400000000         2.2750000000         3.4276007667
        1.6450000000         2.2750000000         3.4186809663
        1.6500000000         2.2750000000         3.4186809663
        1.6550000000         2.2750000000         3.4123096803
        1.6600000000         2.2750000000         3.4021156227
        1.6650000000         2.2750000000         3.4059383943
        1.6700000000         2.2750000000         3.4008413655
        1.6750000000         2.2750000000         3.3970185939
        1.6800000000         2.2750000000         3.3919215650
        1.6850000000         2.2750000000         3.3855502790
        1.6900000000         2.2750000000         3.3842760218
        1.6950000000         2.2750000000         3.3830017646
        1.7000000000         2.2750000000         3.3779047358
        1.7050000000         2.2750000000         3.3715334498
        1.7100000000         2.2750000000         3.3689849354
        1.7150000000         2.2750000000         3.3626136494
        1.7200000000         2.2750000000         3.3575166206
        1.7250000000         2.2750000000         3.3536938490
        1.7300000000         2.2750000000         3.3460483058
        1.7350000000         2.2750000000         3.3409512770
        1.7400000000         2.2750000000         3.3434997914
        1.7450000000         2.2750000000         3.3422255342
        1.7500000000         2.2750000000         3.3345799910
        1.7550000000         2.2750000000         3.3294829621
        1.7600000000         2.2750000000         3.3231116761
        1.7650000000         2.2750000000         3.3167403901
        1.7700000000         2.2750000000         3.3141918757
        1.7750000000         2.2750000000         3.3129176185
        1.7800000000         2.2750000000         3.3078205897
        1.7850000000         2.2750000000         3.2938037605
        1.7900000000         2.2750000000         3.3014493037
        1.7950000000         2.2750000000         3.3014493037
        1.8000000000         2.2750000000         3.2963522749
        1.8050000000         2.2750000000         3.2938037605
        1.8100000000         2.2750000000         3.2899809889
        1.8150000000         2.2750000000         3.2836097029
        1.8200000000         2.2750000000         3.2797869313
        1.8250000000         2.2750000000         3.2785126741
        1.8300000000         2.2750000000         3.2772384169
        1.8350000000         2.2750000000         3.2759641597
        1.8400000000         2.2750000000         3.2708671308
        1.8450000000         2.2750000000         3.2670443592
        1.8500000000         2.2750000000         3.2568503016
        1.8550000000         2.2750000000         3.2593988160
        1.8600000000         2.2750000000         3.2543017872
        1.8650000000         2.2750000000         3.2479305012
        1.8700000000         2.2750000000         3.2453819868
        1.8750000000         2.2750000000         3.2377364436
        1.8800000000         2.2750000000         3.2377364436
        1.8850000000         2.2750000000         3.2300909004
        1.8900000000         2.2750000000         3.2300909004
        1.8950000000         2.2750000000         3.2262681288
        1.9000000000         2.2750000000         3.2249938716
        1.9050000000         2.2750000000         3.2224453572
        1.9100000000         2.2750000000         3.2160740712
        1.9150000000         2.2750000000         3.2071542707
        1.9200000000         2.2750000000         3.2097027851
        1.9250000000         2.2750000000         3.2020572419
        1.9300000000         2.2750000000         3.1969602131
        1.9350000000         2.2750000000         3.1969602131
        1.9400000000         2.2750000000         3.1931374415
        1.9450000000         2.2750000000         3.1880404127
        1.9500000000         2.2750000000         3.1816691267
        1.9550000000         2.2750000000         3.1791206123
        1.9600000000         2.2750000000         3.1816691267
        1.9650000000         2.2750000000         3.1676522975
        1.9700000000         2.2750000000         3.1689265547
        1.9750000000         2.2750000000         3.1625552687
        1.9800000000         2.2750000000         3.1625552687
        1.9850000000         2.2750000000         3.1612810115
        1.9900000000         2.2750000000         3.1561839827
        1.9950000000         2.2750000000         3.1536354683
        2.0000000000         2.2750000000         3.1472641822
        2.0050000000         2.2750000000         3.1459899250
        2.0100000000         2.2750000000         3.1421671534
        2.0150000000         2.2750000000         3.1345216102
        2.0200000000         2.2750000000         3.1319730958
        2.0250000000         2.2750000000         3.1179562666
        2.0300000000         2.2750000000         3.1230532954
        2.0350000000         2.2750000000         3.1154077522
        2.0400000000         2.2750000000         3.1077622090
        2.0450000000         2.2750000000         3.1115849806
        2.0500000000         2.2750000000         3.1052136946
        2.0550000000         2.2750000000         3.1013909230
        2.0600000000         2.2750000000         3.1115849806
        2.0650000000         2.2750000000         3.0975681514
        2.0700000000         2.2750000000         3.0911968654
        2.0750000000         2.2750000000         3.0899226081
        2.0800000000         2.2750000000         3.0835513221
        2.0850000000         2.2750000000         3.0784542933
        2.0900000000         2.2750000000         3.0720830073
        2.0950000000         2.2750000000         3.0682602357
        2.1000000000         2.2750000000         3.0682602357
        2.1050000000         2.2750000000         3.0644374641
        2.1100000000         2.2750000000         3.0580661781
        2.1150000000         2.2750000000         3.0593404353
        2.1200000000         2.2750000000         3.0567919209
        2.1250000000         2.2750000000         3.0542434065
        2.1300000000         2.2750000000         3.0491463777
        2.1350000000         2.2750000000         3.0478721205
        2.1400000000         2.2750000000         3.0465978633
        2.1450000000         2.2750000000         3.0402265773
        2.1500000000         2.2750000000         3.0376780629
        2.1550000000         2.2750000000         3.0376780629
        2.1600000000         2.2750000000         3.0364038057
        2.1650000000         2.2750000000         3.0287582624
        2.1700000000         2.2750000000         3.0223869764
        2.1750000000         2.2750000000         3.0262097480
        2.1800000000         2.2750000000         3.0198384620
        2.1850000000         2.2750000000         3.0198384620
        2.1900000000         2.2750000000         3.0211127192
        2.1950000000         2.2750000000         3.0096444044
        2.2000000000         2.2750000000         3.0070958900
        2.2050000000         2.2750000000         3.0058216328
        2.2100000000         2.2750000000         3.0032731184
        2.2150000000         2.2750000000         2.9969018324
        2.2200000000         2.2750000000         2.9943533180
        2.2250000000         2.2750000000         2.9956275752
        2.2300000000         2.2750000000         2.9879820320
        2.2350000000         2.2750000000         2.9841592604
        2.2400000000         2.2750000000         2.9854335176
        2.2450000000         2.2750000000         2.9803364888
        2.2500000000         2.2750000000         2.9777879744
        2.2550000000         2.2750000000         2.9790622316
        2.2600000000         2.2750000000         2.9752394600
        2.2650000000         2.2750000000         2.9752394600
        2.2700000000         2.2750000000         2.9701424312
        2.2750000000         2.2750000000         2.9663196595
        2.2800000000         2.2750000000         2.9637711451
        2.2850000000         2.2750000000         2.9612226307
        2.2900000000         2.2750000000         2.9548513447
        2.2950000000         2.2750000000         2.9510285731
        2.3000000000         2.2750000000         2.9484800587
        2.3050000000         2.2750000000         2.9484800587
        2.3100000000         2.2750000000         2.9446572871
        2.3150000000         2.2750000000         2.9433830299
        2.3200000000         2.2750000000         2.9395602583
        2.3250000000         2.2750000000         2.9370117439
        2.3300000000         2.2750000000         2.9331889723
        2.3350000000         2.2750000000         2.9319147151
        2.3400000000         2.2750000000         2.9268176863
        2.3450000000         2.2750000000         2.9204464003
        2.3500000000         2.2750000000         2.9204464003
        2.3550000000         2.2750000000         2.9166236287
        2.3600000000         2.2750000000         2.9140751143
        2.3650000000         2.2750000000         2.9051553138
        2.3700000000         2.2750000000         2.9026067994
        2.3750000000         2.2750000000         2.8987840278
        2.3800000000         2.2750000000         2.8911384846
        2.3850000000         2.2750000000         2.8885899702
        2.3900000000         2.2750000000         2.8834929414
        2.3950000000         2.2750000000         2.8847671986
        2.4000000000         2.2750000000         2.8809444270
        2.4050000000         2.2750000000         2.8656533406
        2.4100000000         2.2750000000         2.8732988838
        2.4150000000         2.2750000000         2.8694761122
        2.4200000000         2.2750000000         2.8631048262
        2.4250000000         2.2750000000         2.8605563118
        2.4300000000         2.2750000000         2.8618305690
        2.4350000000         2.2750000000         2.8554592830
        2.4400000000         2.2750000000         2.8529107686
        2.4450000000         2.2750000000         2.8465394825
        2.4500000000         2.2750000000         2.8452652253
        2.4550000000         2.2750000000         2.8414424537
        2.4600000000         2.2750000000         2.8350711677
        2.4650000000         2.2750000000         2.8312483961
        2.4700000000         2.2750000000         2.8312483961
        2.4750000000         2.2750000000         2.8274256245
        2.4800000000         2.2750000000         2.8261513673
        2.4850000000         2.2750000000         2.8223285957
        2.4900000000         2.2750000000         2.8146830525
        2.4950000000         2.2750000000         2.8095860237
        2.5000000000         2.2750000000         2.8121345381
        2.5050000000         2.2750000000         2.8070375093
        2.5100000000         2.2750000000         2.8006662233
        2.5150000000         2.2750000000         2.8006662233
        2.5200000000         2.2750000000         2.7942949373
        2.5250000000         2.2750000000         2.7904721657
        2.5300000000         2.2750000000         2.7866493940
        2.5350000000         2.2750000000         2.7802781080
        2.5400000000         2.2750000000         2.7891979085
        2.5450000000         2.2750000000         2.7739068220
        2.5500000000         2.2750000000         2.7726325648
        2.5550000000         2.2750000000         2.7841008796
        2.5600000000         2.2750000000         2.7662612788
        2.5650000000         2.2750000000         2.7662612788
        2.5700000000         2.2750000000         2.7751810792
        2.5750000000         2.2750000000         2.7560672212
        2.5800000000         2.2750000000         2.7522444496
        2.5850000000         2.2750000000         2.7611642500
        2.5900000000         2.2750000000         2.7445989064
        2.5950000000         2.2750000000         2.7407761348
        2.6000000000         2.2750000000         2.7395018776
        2.6050000000         2.2750000000         2.7382276204
        2.6100000000         2.2750000000         2.7305820772
        2.6150000000         2.2750000000         2.7280335628
        2.6200000000         2.2750000000         2.7267593055
        2.6250000000         2.2750000000         2.7229365339
        2.6300000000         2.2750000000         2.7203880195
        2.6350000000         2.2750000000         2.7152909907
        2.6400000000         2.2750000000         2.7140167335
        2.6450000000         2.2750000000         2.7127424763
        2.6500000000         2.2750000000         2.7050969331
        2.6550000000         2.2750000000         2.7012741615
        2.6600000000         2.2750000000         2.6808860463
        2.6650000000         2.2750000000         2.6923543611
        2.6700000000         2.2750000000         2.6898058467
        2.6750000000         2.2750000000         2.6796117891
        2.6800000000         2.2750000000         2.6796117891
        2.6850000000         2.2750000000         2.6783375319
        2.6900000000         2.2750000000         2.6757890175
        2.6950000000         2.2750000000         2.6757890175
        2.7000000000         2.2750000000         2.6681434743
        2.7050000000         2.2750000000         2.6655949598
        2.7100000000         2.2750000000         2.6643207026
        2.7150000000         2.2750000000         2.6566751594
        2.7200000000         2.2750000000         2.6541266450
        2.7250000000         2.2750000000         2.6541266450
        2.7300000000         2.2750000000         2.6464811018
        2.7350000000         2.2750000000         2.6452068446
        2.7400000000         2.2750000000         2.6452068446
        2.7450000000         2.2750000000         2.6375613014
        2.7500000000         2.2750000000         2.6311900154
        2.7550000000         2.2750000000         2.6273672438
        2.7600000000         2.2750000000         2.6248187294
        2.7650000000         2.2750000000         2.6222702150
        2.7700000000         2.2750000000         2.6146246718
        2.7750000000         2.2750000000         2.6146246718
        2.7800000000         2.2750000000         2.6082533858
        2.7850000000         2.2750000000         2.5967850709
        2.7900000000         2.2750000000         2.6031563569
        2.7950000000         2.2750000000         2.6006078425
        2.8000000000         2.2750000000         2.5904137849
        2.8050000000         2.2750000000         2.5942365565
        2.8100000000         2.2750000000         2.5929622993
        2.8150000000         2.2750000000         2.5904137849
        2.8200000000         2.2750000000         2.5840424989
        2.8250000000         2.2750000000         2.5802197273
        2.8300000000         2.2750000000         2.5763969557
        2.8350000000         2.2750000000         2.5712999269
        2.8400000000         2.2750000000         2.5700256697
        2.8450000000         2.2750000000         2.5649286409
        2.8500000000         2.2750000000         2.5585573549
        2.8550000000         2.2750000000         2.5560088405
        2.8600000000         2.2750000000         2.5534603261
        2.8650000000         2.2750000000         2.5521860689
        2.8700000000         2.2750000000         2.5458147829
        2.8750000000         2.2750000000         2.5432662684
        2.8800000000         2.2750000000         2.5419920112
        2.8850000000         2.2750000000         2.5381692396
        2.8900000000         2.2750000000         2.5317979536
        2.8950000000         2.2750000000         2.5254266676
        2.9000000000         2.2750000000         2.5267009248
        2.9050000000         2.2750000000         2.5228781532
        2.9100000000         2.2750000000         2.5152326100
        2.9150000000         2.2750000000         2.5165068672
        2.9200000000         2.2750000000         2.5101355812
        2.9250000000         2.2750000000         2.5101355812
        2.9300000000         2.2750000000         2.5037642952
        2.9350000000         2.2750000000         2.4961187520
        2.9400000000         2.2750000000         2.4922959804
        2.9450000000         2.2750000000         2.4884732088
        2.9500000000         2.2750000000         2.4871989516
        2.9550000000         2.2750000000         2.4821019227
        2.9600000000         2.2750000000         2.4821019227
        2.9650000000         2.2750000000         2.4859246944
        2.9700000000         2.2750000000         2.4731821223
        2.9750000000         2.2750000000         2.4719078651
        2.9800000000         2.2750000000         2.4706336079
        2.9850000000         2.2750000000         2.4629880647
        2.9900000000         2.2750000000         2.4591652931
        2.9950000000         2.2750000000         2.4566167787
        3.0000000000         2.2750000000         2.4540682643
        3.0050000000         2.2750000000         2.4489712355
        3.0100000000         2.2750000000         2.4489712355
        3.0150000000         2.2750000000         2.4400514351
        3.0200000000         2.2750000000         2.4375029207
        3.0250000000         2.2750000000         2.4362286635
        3.0300000000         2.2750000000         2.4311316347
        3.0350000000         2.2750000000         2.4260346059
        3.0400000000         2.2750000000         2.4196633198
        3.0450000000         2.2750000000         2.4222118342
        3.0500000000         2.2750000000         2.4183890626
        3.0550000000         2.2750000000         2.4132920338
        3.0600000000         2.2750000000         2.4145662910
        3.0650000000         2.2750000000         2.4120177766
        3.0700000000         2.2750000000         2.4043722334
        3.0750000000         2.2750000000         2.4005494618
        3.0800000000         2.2750000000         2.3929039186
        3.0850000000         2.2750000000         2.3967266902
        3.0900000000         2.2750000000         2.4030979762
        3.0950000000         2.2750000000         2.3865326326
        3.1000000000         2.2750000000         2.3827098610
        3.1050000000         2.2750000000         2.3814356038
        3.1100000000         2.2750000000         2.3788870894
        3.1150000000         2.2750000000         2.3750643178
        3.1200000000         2.2750000000         2.3712415462
        3.1250000000         2.2750000000         2.3661445174
        3.1300000000         2.2750000000         2.3610474885
        3.1350000000         2.2750000000         2.3572247169
        3.1400000000         2.2750000000         2.3559504597
        3.1450000000         2.2750000000         2.3483049165
        3.1500000000         2.2750000000         2.3483049165
        3.1550000000         2.2750000000         2.3444821449
        3.1600000000         2.2750000000         2.3406593733
        3.1650000000         2.2750000000         2.3342880873
        3.1700000000         2.2750000000         2.3317395729
        3.1750000000         2.2750000000         2.3291910585
        3.1800000000         2.2750000000         2.3240940297
        3.1850000000         2.2750000000         2.3202712581
        3.1900000000         2.2750000000         2.3215455153
        3.1950000000         2.2750000000         2.3151742293
        3.2000000000         2.2750000000         2.3113514577
        3.2050000000         2.2750000000         2.3088029433
        3.2100000000         2.2750000000         2.3049801717
        3.2150000000         2.2750000000         2.3024316572
        3.2200000000         2.2750000000         2.2947861140
        3.2250000000         2.2750000000         2.2922375996
        3.2300000000         2.2750000000         2.2845920564
        3.2350000000         2.2750000000         2.2820435420
        3.2400000000         2.2750000000         2.2782207704
        3.2450000000         2.2750000000         2.2769465132
        3.2500000000         2.2750000000         2.2693009700
        3.2550000000         2.2750000000         2.2667524556
        3.2600000000         2.2750000000         2.2616554268
        3.2650000000         2.2750000000         2.2552841408
        3.2700000000         2.2750000000         2.2514613692
        3.2750000000         2.2750000000         2.2489128548
        3.2800000000         2.2750000000         2.2450900832
        3.2850000000         2.2750000000         2.2463643404
        3.2900000000         2.2750000000         2.2412673115
        3.2950000000         2.2750000000         2.2412673115
        3.3000000000         2.2750000000         2.2374445399
        3.3050000000         2.2750000000         2.2310732539
        3.3100000000         2.2750000000         2.2259762251
        3.3150000000         2.2750000000         2.2234277107
        3.3200000000         2.2750000000         2.2208791963
        3.3250000000         2.2750000000         2.2196049391
        3.3300000000         2.2750000000         2.2259762251
        3.3350000000         2.2750000000         2.2157821675
        3.3400000000         2.2750000000         2.2132336531
        3.3450000000         2.2750000000         2.2119593959
        3.3500000000         2.2750000000         2.2030395955
        3.3550000000         2.2750000000         2.1966683095
        3.3600000000         2.2750000000         2.1928455379
        3.3650000000         2.2750000000         2.1915712807
        3.3700000000         2.2750000000         2.1877485091
        3.3750000000         2.2750000000         2.1864742519
        3.3800000000         2.2750000000         2.1839257375
        3.3850000000         2.2750000000         2.1775544514
        3.3900000000         2.2750000000         2.1775544514
        3.3950000000         2.2750000000         2.1775544514
        3.4000000000         2.2750000000         2.1724574226
        3.4050000000         2.2750000000         2.1699089082
        3.4100000000         2.2750000000         2.1635376222
        3.4150000000         2.2750000000         2.1635376222
        3.4200000000         2.2750000000         2.1597148506
        3.4250000000         2.2750000000         2.1558920790
        3.4300000000         2.2750000000         2.1571663362
        3.4350000000         2.2750000000         2.1520693074
        3.4400000000         2.2750000000         2.1520693074
        3.4450000000         2.2750000000         2.1507950502
        3.4500000000         2.2750000000         2.1444237642
        3.4550000000         2.2750000000         2.1444237642
        3.4600000000         2.2750000000         2.1520693074
        3.4650000000         2.2750000000         2.1380524782
        3.4700000000         2.2750000000         2.1304069350
        3.4750000000         2.2750000000         2.1304069350
        3.4800000000         2.2750000000         2.1253099062
        3.4850000000         2.2750000000         2.1227613918
        3.4900000000         2.2750000000         2.1214871346
        3.4950000000         2.2750000000         2.1151158485
        3.5000000000         2.2750000000         2.1125673341
        3.5050000000         2.2750000000         2.1227613918
        3.5100000000         2.2750000000         2.1125673341
        3.5150000000         2.2750000000         2.1087445625
        3.5200000000         2.2750000000         2.1036475337
        3.5250000000         2.2750000000         2.1010990193
        3.5300000000         2.2750000000         2.0998247621
        3.5350000000         2.2750000000         2.0960019905
        3.5400000000         2.2750000000         2.0921792189
        3.5450000000         2.2750000000         2.0909049617
        3.5500000000         2.2750000000         2.0858079329
        3.5550000000         2.2750000000         2.0832594185
        3.5600000000         2.2750000000         2.0768881325
        3.5650000000         2.2750000000         2.0730653609
        3.5700000000         2.2750000000         2.0666940749
        3.5750000000         2.2750000000         2.0615970461
        3.5800000000         2.2750000000         2.0615970461
        3.5850000000         2.2750000000         2.0590485316
        3.5900000000         2.2750000000         2.0603227889
        3.5950000000         2.2750000000         2.0577742744
        3.6000000000         2.2750000000         2.0488544740
        3.6050000000         2.2750000000         2.0463059596
        3.6100000000         2.2750000000         2.0463059596
        3.6150000000         2.2750000000         2.0412089308
        3.6200000000         2.2750000000         2.0335633876
        3.6250000000         2.2750000000         2.0361119020
        3.6300000000         2.2750000000         2.0335633876
        3.6350000000         2.2750000000         2.0297406160
        3.6400000000         2.2750000000         2.0246435872
        3.6450000000         2.2750000000         2.0208208156
        3.6500000000         2.2750000000         2.0195465584
        3.6550000000         2.2750000000         2.0233693300
        3.6600000000         2.2750000000         2.0208208156
        3.6650000000         2.2750000000         2.0144495296
        3.6700000000         2.2750000000         2.0093525008
        3.6750000000         2.2750000000         2.0042554720
        3.6800000000         2.2750000000         2.0042554720
        3.6850000000         2.2750000000         1.9991584431
        3.6900000000         2.2750000000         2.0004327004
        3.6950000000         2.2750000000         1.9966099287
        3.7000000000         2.2750000000         1.9889643855
        3.7050000000         2.2750000000         1.9825930995
        3.7100000000         2.2750000000         1.9876901283
        3.7150000000         2.2750000000         1.9800445851
        3.7200000000         2.2750000000         1.9800445851
        3.7250000000         2.2750000000         1.9813188423
        3.7300000000         2.2750000000         1.9736732991
        3.7350000000         2.2750000000         1.9711247847
        3.7400000000         2.2750000000         1.9634792415
        3.7450000000         2.2750000000         1.9545594411
        3.7500000000         2.2750000000         1.9596564699
        3.7550000000         2.2750000000         1.9571079555
        3.7600000000         2.2750000000         1.9520109267
        3.7650000000         2.2750000000         1.9507366695
        3.7700000000         2.2750000000         1.9481881551
        3.7750000000         2.2750000000         1.9443653835
        3.7800000000         2.2750000000         1.9430911263
        3.7850000000         2.2750000000         1.9367198402
        3.7900000000         2.2750000000         1.9303485542
        3.7950000000         2.2750000000         1.9252515254
        3.8000000000         2.2750000000         1.9265257826
        3.8050000000         2.2750000000         1.9201544966
        3.8100000000         2.2750000000         1.9150574678
        3.8150000000         2.2750000000         1.9150574678
        3.8200000000         2.2750000000         1.9150574678
        3.8250000000         2.2750000000         1.9112346962
        3.8300000000         2.2750000000         1.9035891530
        3.8350000000         2.2750000000         1.9010406386
        3.8400000000         2.2750000000         1.9023148958
        3.8450000000         2.2750000000         1.8997663814
        3.8500000000         2.2750000000         1.9010406386
        3.8550000000         2.2750000000         1.8946693526
        3.8600000000         2.2750000000         1.8946693526
        3.8650000000         2.2750000000         1.8895723238
        3.8700000000         2.2750000000         1.8882980666
        3.8750000000         2.2750000000         1.8895723238
        3.8800000000         2.2750000000         1.8972178670
        3.8850000000         2.2750000000         1.8755554945
        3.8900000000         2.2750000000         1.8806525234
        3.8950000000         2.2750000000         1.8781040089
        3.9000000000         2.2750000000         1.8755554945
        3.9050000000         2.2750000000         1.8717327229
        3.9100000000         2.2750000000         1.8691842085
        3.9150000000         2.2750000000         1.8640871797
        3.9200000000         2.2750000000         1.8666356941
        3.9250000000         2.2750000000         1.8589901509
        3.9300000000         2.2750000000         1.8577158937
        3.9350000000         2.2750000000         1.8564416365
        3.9400000000         2.2750000000         1.8526188649
        3.9450000000         2.2750000000         1.8538931221
        3.9500000000         2.2750000000         1.8487960933
        3.9550000000         2.2750000000         1.8462475789
        3.9600000000         2.2750000000         1.8436990645
        3.9650000000         2.2750000000         1.8398762929
        3.9700000000         2.2750000000         1.8347792641
        3.9750000000         2.2750000000         1.8335050069
        3.9800000000         2.2750000000         1.8360535213
        3.9850000000         2.2750000000         1.8360535213
        3.9900000000         2.2750000000         1.8284079781
        3.9950000000         2.2750000000         1.8245852065
        4.0000000000         2.2750000000         1.8220366921
        4.0050000000         2.2750000000         1.8207624349
        4.0100000000         2.2750000000         1.8182139205
        4.0150000000         2.2750000000         1.8182139205
        4.0200000000         2.2750000000         1.8092941200
        4.0250000000         2.2750000000         1.8143911488
        4.0300000000         2.2750000000         1.8131168916
        4.0350000000         2.2750000000         1.8080198628
        4.0400000000         2.2750000000         1.8080198628
        4.0450000000         2.2750000000         1.8003743196
        4.0500000000         2.2750000000         1.8003743196
        4.0550000000         2.2750000000         1.7952772908
        4.0600000000         2.2750000000         1.7940030336
        4.0650000000         2.2750000000         1.7965515480
        4.0700000000         2.2750000000         1.7940030336
        4.0750000000         2.2750000000         1.7876317476
        4.0800000000         2.2750000000         1.7876317476
        4.0850000000         2.2750000000         1.7812604616
        4.0900000000         2.2750000000         1.7812604616
        4.0950000000         2.2750000000         1.7761634328
        4.1000000000         2.2750000000         1.7787119472
        4.1050000000         2.2750000000         1.7723406612
        4.1100000000         2.2750000000         1.7723406612
        4.1150000000         2.2750000000         1.7774376900
        4.1200000000         2.2750000000         1.7621466036
        4.1250000000         2.2750000000         1.7672436324
        4.1300000000         2.2750000000         1.7659693752
        4.1350000000         2.2750000000         1.7583238320
        4.1400000000         2.2750000000         1.7621466036
        4.1450000000         2.2750000000         1.7736149184
        4.1500000000         2.2750000000         1.7570495747
        4.1550000000         2.2750000000         1.7532268031
        4.1600000000         2.2750000000         1.7468555171
        4.1650000000         2.2750000000         1.7468555171
        4.1700000000         2.2750000000         1.7481297743
        4.1750000000         2.2750000000         1.7455812599
        4.1800000000         2.2750000000         1.7455812599
        4.1850000000         2.2750000000         1.7455812599
        4.1900000000         2.2750000000         1.7404842311
        4.1950000000         2.2750000000         1.7392099739
        4.2000000000         2.2750000000         1.7366614595
        4.2050000000         2.2750000000         1.7341129451
        4.2100000000         2.2750000000         1.7341129451
        4.2150000000         2.2750000000         1.7315644307
        4.2200000000         2.2750000000         1.7251931447
        4.2250000000         2.2750000000         1.7251931447
        4.2300000000         2.2750000000         1.7226446303
        4.2350000000         2.2750000000         1.7226446303
        4.2400000000         2.2750000000         1.7239188875
        4.2450000000         2.2750000000         1.7188218587
        4.2500000000         2.2750000000         1.7149990871
        4.2550000000         2.2750000000         1.7124505727
        4.2600000000         2.2750000000         1.7099020583
        4.2650000000         2.2750000000         1.7086278011
        4.2700000000         2.2750000000         1.7073535439
        4.2750000000         2.2750000000         1.7060792867
        4.2800000000         2.2750000000         1.7060792867
        4.2850000000         2.2750000000         1.7048050295
        4.2900000000         2.2750000000         1.6958852290
        4.2950000000         2.2750000000         1.6933367146
        4.3000000000         2.2750000000         1.6997080007
        4.3050000000         2.2750000000         1.6882396858
        4.3100000000         2.2750000000         1.6882396858
        4.3150000000         2.2750000000         1.6844169142
        4.3200000000         2.2750000000         1.6805941426
        4.3250000000         2.2750000000         1.6818683998
        4.3300000000         2.2750000000         1.6818683998
        4.3350000000         2.2750000000         1.6805941426
        4.3400000000         2.2750000000         1.6780456282
        4.3450000000         2.2750000000         1.6716743422
        4.3500000000         2.2750000000         1.6665773134
        4.3550000000         2.2750000000         1.6653030562
        4.3600000000         2.2750000000         1.6665773134
        4.3650000000         2.2750000000         1.6640287990
        4.3700000000         2.2750000000         1.6627545418
        4.3750000000         2.2750000000         1.6589317702
        4.3800000000         2.2750000000         1.6589317702
        4.3850000000         2.2750000000         1.6576575130
        4.3900000000         2.2750000000         1.6525604842
        4.3950000000         2.2750000000         1.6500119698
        4.4000000000         2.2750000000         1.6436406838
        4.4050000000         2.2750000000         1.6423664266
        4.4100000000         2.2750000000         1.6423664266
        4.4150000000         2.2750000000         1.6398179122
        4.4200000000         2.2750000000         1.6398179122
        4.4250000000         2.2750000000         1.6461891982
        4.4300000000         2.2750000000         1.6347208833
        4.4350000000         2.2750000000         1.6270753401
        4.4400000000         2.2750000000         1.6283495973
        4.4450000000         2.2750000000         1.6258010829
        4.4500000000         2.2750000000         1.6219783113
        4.4550000000         2.2750000000         1.6207040541
        4.4600000000         2.2750000000         1.6232525685
        4.4650000000         2.2750000000         1.6219783113
        4.4700000000         2.2750000000         1.6207040541
        4.4750000000         2.2750000000         1.6143327681
        4.4800000000         2.2750000000         1.6117842537
        4.4850000000         2.2750000000         1.6143327681
        4.4900000000         2.2750000000         1.6054129677
        4.4950000000         2.2750000000         1.6079614821
        4.5000000000         2.2750000000         1.6066872249
        4.5050000000         2.2750000000         1.6066872249
        4.5100000000         2.2750000000         1.6015901961
        4.5150000000         2.2750000000         1.6003159389
        4.5200000000         2.2750000000         1.5990416817
        4.5250000000         2.2750000000         1.5977674245
        4.5300000000         2.2750000000         1.5926703957
        4.5350000000         2.2750000000         1.5926703957
        4.5400000000         2.2750000000         1.5926703957
        4.5450000000         2.2750000000         1.5939446529
        4.5500000000         2.2750000000         1.6028644533
        4.5550000000         2.2750000000         1.5862991097
        4.5600000000         2.2750000000         1.5862991097
        4.5650000000         2.2750000000         1.5952189101
        4.5700000000         2.2750000000         1.5824763381
        4.5750000000         2.2750000000         1.5812020809
        4.5800000000         2.2750000000         1.5786535665
        4.5850000000         2.2750000000         1.5735565376
        4.5900000000         2.2750000000         1.5735565376
        4.5950000000         2.2750000000         1.5697337660
        4.6000000000         2.2750000000         1.5697337660
        4.6050000000         2.2750000000         1.5684595088
        4.6100000000         2.2750000000         1.5671852516
        4.6150000000         2.2750000000         1.5633624800
        4.6200000000         2.2750000000         1.5608139656
        4.6250000000         2.2750000000         1.5620882228
        4.6300000000         2.2750000000         1.5608139656
        4.6350000000         2.2750000000         1.5595397084
        4.6400000000         2.2750000000         1.5620882228
        4.6450000000         2.2750000000         1.5544426796
        4.6500000000         2.2750000000         1.5544426796
        4.6550000000         2.2750000000         1.5531684224
        4.6600000000         2.2750000000         1.5582654512
        4.6650000000         2.2750000000         1.5557169368
        4.6700000000         2.2750000000         1.5467971364
        4.6750000000         2.2750000000         1.5506199080
        4.6800000000         2.2750000000         1.5582654512
        4.6850000000         2.2750000000         1.5417001076
        4.6900000000         2.2750000000         1.5467971364
        4.6950000000         2.2750000000         1.5455228792
        4.7000000000         2.2750000000         1.5417001076
        4.7050000000         2.2750000000         1.5442486220
        4.7100000000         2.2750000000         1.5531684224
        4.7150000000         2.2750000000         1.5366030788
        4.7200000000         2.2750000000         1.5378773360
        4.7250000000         2.2750000000         1.5327803072
        4.7300000000         2.2750000000         1.5315060500
        4.7350000000         2.2750000000         1.5327803072
        4.7400000000         2.2750000000         1.5327803072
        4.7450000000         2.2750000000         1.5327803072
        4.7500000000         2.2750000000         1.5327803072
        4.7550000000         2.2750000000         1.5276832784
        4.7600000000         2.2750000000         1.5264090212
        4.7650000000         2.2750000000         1.5213119924
        4.7700000000         2.2750000000         1.5238605068
        4.7750000000         2.2750000000         1.5264090212
        4.7800000000         2.2750000000         1.5238605068
        4.7850000000         2.2750000000         1.5200377352
        4.7900000000         2.2750000000         1.5213119924
        4.7950000000         2.2750000000         1.5174892208
        4.8000000000         2.2750000000         1.5085694203
        4.8050000000         2.2750000000         1.5149407064
        4.8100000000         2.2750000000         1.5085694203
        4.8150000000         2.2750000000         1.5072951631
        4.8200000000         2.2750000000         1.5034723915
        4.8250000000         2.2750000000         1.5060209059
        4.8300000000         2.2750000000         1.5021981343
        4.8350000000         2.2750000000         1.4996496199
        4.8400000000         2.2750000000         1.4996496199
        4.8450000000         2.2750000000         1.4983753627
        4.8500000000         2.2750000000         1.4945525911
        4.8550000000         2.2750000000         1.4920040767
        4.8600000000         2.2750000000         1.4920040767
        4.8650000000         2.2750000000         1.4856327907
        4.8700000000         2.2750000000         1.4869070479
        4.8750000000         2.2750000000         1.4869070479
        4.8800000000         2.2750000000         1.4856327907
        4.8850000000         2.2750000000         1.4843585335
        4.8900000000         2.2750000000         1.4792615047
        4.8950000000         2.2750000000         1.4767129903
        4.9000000000         2.2750000000         1.4754387331
        4.9050000000         2.2750000000         1.4703417043
        4.9100000000         2.2750000000         1.4716159615
        4.9150000000         2.2750000000         1.4677931899
        4.9200000000         2.2750000000         1.4665189327
        4.9250000000         2.2750000000         1.4588733895
        4.9300000000         2.2750000000         1.4665189327
        4.9350000000         2.2750000000         1.4690674471
        4.9400000000         2.2750000000         1.4677931899
        4.9450000000         2.2750000000         1.4652446755
        4.9500000000         2.2750000000         1.4601476467
        4.9550000000         2.2750000000         1.4588733895
        4.9600000000         2.2750000000         1.4665189327
        4.9650000000         2.2750000000         1.4563248751
        4.9700000000         2.2750000000         1.4601476467
        4.9750000000         2.2750000000         1.4614219039
        4.9800000000         2.2750000000         1.4575991323
        4.9850000000         2.2750000000         1.4563248751
        4.9900000000         2.2750000000         1.4588733895
        4.9950000000         2.2750000000         1.4537763606
        5.0000000000         2.2750000000         1.4525021034
        5.0050000000         2.2750000000         1.4525021034
        5.0100000000         2.2750000000         1.4486793318
        5.0150000000         2.2750000000         1.4512278462
        5.0200000000         2.2750000000         1.4537763606
        5.0250000000         2.2750000000         1.4525021034
        5.0300000000         2.2750000000         1.4525021034
        5.0350000000         2.2750000000         1.4474050746
        5.0400000000         2.2750000000         1.4474050746
        5.0450000000         2.2750000000         1.4486793318
        5.0500000000         2.2750000000         1.4474050746
        5.0550000000         2.2750000000         1.4461308174
        5.0600000000         2.2750000000         1.4461308174
        5.0650000000         2.2750000000         1.4397595314
        5.0700000000         2.2750000000         1.4423080458
        5.0750000000         2.2750000000         1.4410337886
        5.0800000000         2.2750000000         1.4308397310
        5.0850000000         2.2750000000         1.4372110170
        5.0900000000         2.2750000000         1.4346625026
        5.0950000000         2.2750000000         1.4346625026
        5.1000000000         2.2750000000         1.4333882454
        5.1050000000         2.2750000000         1.4295654738
        5.1100000000         2.2750000000         1.4321139882
        5.1150000000         2.2750000000         1.4321139882
        5.1200000000         2.2750000000         1.4282912166
        5.1250000000         2.2750000000         1.4244684450
        5.1300000000         2.2750000000         1.4219199306
        5.1350000000         2.2750000000         1.4244684450
        5.1400000000         2.2750000000         1.4231941878
        5.1450000000         2.2750000000         1.4219199306
        5.1500000000         2.2750000000         1.4257427022
        5.1550000000         2.2750000000         1.4206456734
        5.1600000000         2.2750000000         1.4219199306
        5.1650000000         2.2750000000         1.4219199306
        5.1700000000         2.2750000000         1.4180971590
        5.1750000000         2.2750000000         1.4155486446
        5.1800000000         2.2750000000         1.4117258730
        5.1850000000         2.2750000000         1.4104516158
        5.1900000000         2.2750000000         1.4053545870
        5.1950000000         2.2750000000         1.4104516158
        5.2000000000         2.2750000000         1.4117258730
        5.2050000000         2.2750000000         1.4066288442
        5.2100000000         2.2750000000         1.4079031014
        5.2150000000         2.2750000000         1.4015318154
        5.2200000000         2.2750000000         1.4028060726
        5.2250000000         2.2750000000         1.4002575582
        5.2300000000         2.2750000000         1.3989833010
        5.2350000000         2.2750000000         1.3989833010
        5.2400000000         2.2750000000         1.3989833010
        5.2450000000         2.2750000000         1.4015318154
        5.2500000000         2.2750000000         1.3977090438
        5.2550000000         2.2750000000         1.3913377577
        5.2600000000         2.2750000000         1.3926120149
        5.2650000000         2.2750000000         1.3887892433
        5.2700000000         2.2750000000         1.3887892433
        5.2750000000         2.2750000000         1.3887892433
        5.2800000000         2.2750000000         1.3862407289
        5.2850000000         2.2750000000         1.3836922145
        5.2900000000         2.2750000000         1.3862407289
        5.2950000000         2.2750000000         1.3849664717
        5.3000000000         2.2750000000         1.3862407289
        5.3050000000         2.2750000000         1.3824179573
        5.3100000000         2.2750000000         1.3811437001
        5.3150000000         2.2750000000         1.3811437001
        5.3200000000         2.2750000000         1.3824179573
        5.3250000000         2.2750000000         1.3913377577
        5.3300000000         2.2750000000         1.3760466713
        5.3350000000         2.2750000000         1.3760466713
        5.3400000000         2.2750000000         1.3875149861
        5.3450000000         2.2750000000         1.3722238997
        5.3500000000         2.2750000000         1.3696753853
        5.3550000000         2.2750000000         1.3671268709
        5.3600000000         2.2750000000         1.3671268709
        5.3650000000         2.2750000000         1.3696753853
        5.3700000000         2.2750000000         1.3696753853
        5.3750000000         2.2750000000         1.3620298421
        5.3800000000         2.2750000000         1.3594813277
        5.3850000000         2.2750000000         1.3582070705
        5.3900000000         2.2750000000         1.3582070705
        5.3950000000         2.2750000000         1.3543842989
        5.4000000000         2.2750000000         1.3531100417
        5.4050000000         2.2750000000         1.3467387557
        5.4100000000         2.2750000000         1.3492872701
        5.4150000000         2.2750000000         1.3467387557
        5.4200000000         2.2750000000         1.3467387557
        5.4250000000         2.2750000000         1.3454644985
        5.4300000000         2.2750000000         1.3441902413
        5.4350000000         2.2750000000         1.3403674697
        5.4400000000         2.2750000000         1.3365446981
        5.4450000000         2.2750000000         1.3416417269
        5.4500000000         2.2750000000         1.3339961837
        5.4550000000         2.2750000000         1.3378189553
        5.4600000000         2.2750000000         1.3327219264
        5.4650000000         2.2750000000         1.3339961837
        5.4700000000         2.2750000000         1.3339961837
        5.4750000000         2.2750000000         1.3263506404
        5.4800000000         2.2750000000         1.3288991548
        5.4850000000         2.2750000000         1.3301734120
        5.4900000000         2.2750000000         1.3263506404
        5.4950000000         2.2750000000         1.3263506404
        5.5000000000         2.2750000000         1.3225278688
        5.5050000000         2.2750000000         1.3199793544
        5.5100000000         2.2750000000         1.3187050972
        5.5150000000         2.2750000000         1.3212536116
        5.5200000000         2.2750000000         1.3238021260
        5.5250000000         2.2750000000         1.3199793544
        5.5300000000         2.2750000000         1.3225278688
        5.5350000000         2.2750000000         1.3187050972
        5.5400000000         2.2750000000         1.3212536116
        5.5450000000         2.2750000000         1.3187050972
        5.5500000000         2.2750000000         1.3161565828
        5.5550000000         2.2750000000         1.3034140108
        5.5600000000         2.2750000000         1.3110595540
        5.5650000000         2.2750000000         1.3097852968
        5.5700000000         2.2750000000         1.3097852968
        5.5750000000         2.2750000000         1.3123338112
        5.5800000000         2.2750000000         1.3110595540
        5.5850000000         2.2750000000         1.3148823256
        5.5900000000         2.2750000000         1.3161565828
        5.5950000000         2.2750000000         1.3097852968
        5.6000000000         2.2750000000         1.3110595540
        5.6050000000         2.2750000000         1.3085110396
        5.6100000000         2.2750000000         1.3072367824
        5.6150000000         2.2750000000         1.3072367824
        5.6200000000         2.2750000000         1.3059625252
        5.6250000000         2.2750000000         1.3046882680
        5.6300000000         2.2750000000         1.3008654964
        5.6350000000         2.2750000000         1.3021397536
        5.6400000000         2.2750000000         1.3034140108
        5.6450000000         2.2750000000         1.3046882680
        5.6500000000         2.2750000000         1.2995912392
        5.6550000000         2.2750000000         1.2983169820
        5.6600000000         2.2750000000         1.2970427248
        5.6650000000         2.2750000000         1.2970427248
        5.6700000000         2.2750000000         1.2957684676
        5.6750000000         2.2750000000         1.2932199532
        5.6800000000         2.2750000000         1.2932199532
        5.6850000000         2.2750000000         1.2932199532
        5.6900000000         2.2750000000         1.2893971816
        5.6950000000         2.2750000000         1.2881229244
        5.7000000000         2.2750000000         1.2855744100
        5.7050000000         2.2750000000         1.2868486672
        5.7100000000         2.2750000000         1.2855744100
        5.7150000000         2.2750000000         1.2881229244
        5.7200000000         2.2750000000         1.2855744100
        5.7250000000         2.2750000000         1.2766546096
        5.7300000000         2.2750000000         1.2817516384
        5.7350000000         2.2750000000         1.2817516384
        5.7400000000         2.2750000000         1.2766546096
        5.7450000000         2.2750000000         1.2843001528
        5.7500000000         2.2750000000         1.2804773812
        5.7550000000         2.2750000000         1.2804773812
        5.7600000000         2.2750000000         1.2843001528
        5.7650000000         2.2750000000         1.2766546096
        5.7700000000         2.2750000000         1.2766546096
        5.7750000000         2.2750000000         1.2970427248
        5.7800000000         2.2750000000         1.2766546096
        5.7850000000         2.2750000000         1.2766546096
        5.7900000000         2.2750000000         1.2792031240
        5.7950000000         2.2750000000         1.2830258956
        5.8000000000         2.2750000000         1.2792031240
        5.8050000000         2.2750000000         1.2830258956
        5.8100000000         2.2750000000         1.2766546096
        5.8150000000         2.2750000000         1.2753803524
        5.8200000000         2.2750000000         1.2766546096
        5.8250000000         2.2750000000         1.2766546096
        5.8300000000         2.2750000000         1.2792031240
        5.8350000000         2.2750000000         1.2715575807
        5.8400000000         2.2750000000         1.2792031240
        5.8450000000         2.2750000000         1.2766546096
        5.8500000000         2.2750000000         1.2792031240
        5.8550000000         2.2750000000         1.2804773812
        5.8600000000         2.2750000000         1.2766546096
        5.8650000000         2.2750000000         1.2792031240
        5.8700000000         2.2750000000         1.2792031240
        5.8750000000         2.2750000000         1.2995912392
        5.8800000000         2.2750000000         1.2779288668
        5.8850000000         2.2750000000         1.2792031240
        5.8900000000         2.2750000000         1.2830258956
        5.8950000000         2.2750000000         1.2830258956
        5.9000000000         2.2750000000         1.2830258956
        5.9050000000         2.2750000000         1.2792031240
        5.9100000000         2.2750000000         1.2804773812
        5.9150000000         2.2750000000         1.2766546096
        5.9200000000         2.2750000000         1.2766546096
        5.9250000000         2.2750000000         1.2792031240
        5.9300000000         2.2750000000         1.2766546096
        5.9350000000         2.2750000000         1.2779288668
        5.9400000000         2.2750000000         1.2766546096
        5.9450000000         2.2750000000         1.2804773812
        5.9500000000         2.2750000000         1.2792031240
        5.9550000000         2.2750000000         1.2830258956
        5.9600000000         2.2750000000         1.2830258956
        5.9650000000         2.2750000000         1.2830258956
        5.9700000000         2.2750000000         1.2830258956
        5.9750000000         2.2750000000         1.2792031240
        5.9800000000         2.2750000000         1.2817516384
        5.9850000000         2.2750000000         1.2792031240
        5.9900000000         2.2750000000         1.2804773812
        5.9950000000         2.2750000000         1.2766546096
        6.0000000000         2.2750000000         1.2792031240
        6.0050000000         2.2750000000         1.2766546096
        6.0100000000         2.2750000000         1.2804773812
        6.0150000000         2.2750000000         1.2830258956
        6.0200000000         2.2750000000         1.2830258956
        6.0250000000         2.2750000000         1.2830258956
        6.0300000000         2.2750000000         1.2804773812
        6.0350000000         2.2750000000         1.2792031240
        6.0400000000         2.2750000000         1.2766546096
        6.0450000000         2.2750000000         1.2766546096
        6.0500000000         2.2750000000         1.2792031240
        6.0550000000         2.2750000000         1.2792031240
        6.0600000000         2.2750000000         1.2804773812
        6.0650000000         2.2750000000         1.2766546096
        6.0700000000         2.2750000000         1.2792031240
        6.0750000000         2.2750000000         1.2804773812
        6.0800000000         2.2750000000         1.2830258956
        6.0850000000         2.2750000000         1.2792031240
        6.0900000000         2.2750000000         1.2830258956
        6.0950000000         2.2750000000         1.2817516384
        6.1000000000         2.2750000000         1.2766546096
        6.1050000000         2.2750000000         1.2766546096
        6.1100000000         2.2750000000         1.2792031240
        6.1150000000         2.2750000000         1.2792031240
        6.1200000000         2.2750000000         1.2766546096
        6.1250000000         2.2750000000         1.2766546096
        6.1300000000         2.2750000000         1.2766546096
        6.1350000000         2.2750000000         1.2753803524
        6.1400000000         2.2750000000         1.2792031240
        6.1450000000         2.2750000000         1.2970427248
        6.1500000000         2.2750000000         1.2779288668
        6.1550000000         2.2750000000         1.2830258956
        6.1600000000         2.2750000000         1.2804773812
        6.1650000000         2.2750000000         1.2779288668
        6.1700000000         2.2750000000         1.2804773812
        6.1750000000         2.2750000000         1.2830258956
        6.1800000000         2.2750000000         1.2792031240
        6.1850000000         2.2750000000         1.2817516384
        6.1900000000         2.2750000000         1.2766546096
        6.1950000000         2.2750000000         1.2766546096
        6.2000000000         2.2750000000         1.2817516384
        6.2050000000         2.2750000000         1.2792031240
        6.2100000000         2.2750000000         1.2804773812
        6.2150000000         2.2750000000         1.2792031240
        6.2200000000         2.2750000000         1.2792031240
        6.2250000000         2.2750000000         1.2830258956
        6.2300000000         2.2750000000         1.2804773812
        6.2350000000         2.2750000000         1.2715575807
        6.2400000000         2.2750000000         1.2779288668
        6.2450000000         2.2750000000         1.2817516384
        6.2500000000         2.2750000000         1.2753803524
        6.2550000000         2.2750000000         1.2830258956
        6.2600000000         2.2750000000         1.2753803524
        6.2650000000         2.2750000000         1.2830258956
        6.2700000000         2.2750000000         1.2792031240
        6.2750000000         2.2750000000         1.2792031240
        6.2800000000         2.2750000000         1.2817516384
        6.2850000000         2.2750000000         1.2766546096
        6.2900000000         2.2750000000         1.2766546096
        6.2950000000         2.2750000000         1.2804773812
        6.3000000000         2.2750000000         1.2766546096
        6.3050000000         2.2750000000         1.2804773812
        6.3100000000         2.2750000000         1.2830258956
        6.3150000000         2.2750000000         1.2817516384
        6.3200000000         2.2750000000         1.2792031240
        6.3250000000         2.2750000000         1.2792031240
        6.3300000000         2.2750000000         1.2792031240
        6.3350000000         2.2750000000         1.2792031240
        6.3400000000         2.2750000000         1.2766546096
        6.3450000000         2.2750000000         1.2766546096
        6.3500000000         2.2750000000         1.2792031240
        6.3550000000         2.2750000000         1.2830258956
        6.3600000000         2.2750000000         1.2779288668
        6.3650000000         2.2750000000         1.2702833235
        6.3700000000         2.2750000000         1.2766546096
        6.3750000000         2.2750000000         1.2766546096
        6.3800000000         2.2750000000         1.2741060952
        6.3850000000         2.2750000000         1.2792031240
        6.3900000000         2.2750000000         1.2766546096
        6.3950000000         2.2750000000         1.2766546096
        6.4000000000         2.2750000000         1.2766546096
        6.4050000000         2.2750000000         1.2766546096
        6.4100000000         2.2750000000         1.2792031240
        6.4150000000         2.2750000000         1.2779288668
        6.4200000000         2.2750000000         1.2766546096
        6.4250000000         2.2750000000         1.2766546096
        6.4300000000         2.2750000000         1.2766546096
        6.4350000000         2.2750000000         1.2792031240
        6.4400000000         2.2750000000         1.2792031240
        6.4450000000         2.2750000000         1.2817516384
        6.4500000000         2.2750000000         1.2792031240
        6.4550000000         2.2750000000         1.2817516384
        6.4600000000         2.2750000000         1.2792031240
        6.4650000000         2.2750000000         1.2817516384
        6.4700000000         2.2750000000         1.2792031240
        6.4750000000         2.2750000000         1.2817516384
        6.4800000000         2.2750000000         1.2817516384
        6.4850000000         2.2750000000         1.2792031240
        6.4900000000         2.2750000000         1.2830258956
        6.4950000000         2.2750000000         1.2792031240
        6.5000000000         2.2750000000         1.2792031240
        6.5050000000         2.2750000000         1.2766546096
        6.5100000000         2.2750000000         1.2792031240
        6.5150000000         2.2750000000         1.2792031240
        6.5200000000         2.2750000000         1.2792031240
        6.5250000000         2.2750000000         1.2766546096
        6.5300000000         2.2750000000         1.2792031240
        6.5350000000         2.2750000000         1.2766546096
        6.5400000000         2.2750000000         1.2804773812
        6.5450000000         2.2750000000         1.2766546096
        6.5500000000         2.2750000000         1.2804773812
        6.5550000000         2.2750000000         1.2855744100
        6.5600000000         2.2750000000         1.2830258956
        6.5650000000         2.2750000000         1.2817516384
        6.5700000000         2.2750000000         1.2830258956
        6.5750000000         2.2750000000         1.2792031240
        6.5800000000         2.2750000000         1.2792031240
        6.5850000000         2.2750000000         1.2766546096
        6.5900000000         2.2750000000         1.2766546096
        6.5950000000         2.2750000000         1.2792031240
        6.6000000000         2.2750000000         1.2830258956
        6.6050000000         2.2750000000         1.2792031240
        6.6100000000         2.2750000000         1.2792031240
        6.6150000000         2.2750000000         1.2779288668
        6.6200000000         2.2750000000         1.2792031240
        6.6250000000         2.2750000000         1.2792031240
        6.6300000000         2.2750000000         1.2830258956
        6.6350000000         2.2750000000         1.2741060952
        6.6400000000         2.2750000000         1.2792031240
        6.6450000000         2.2750000000         1.2830258956
        6.6500000000         2.2750000000         1.2804773812
        6.6550000000         2.2750000000         1.2804773812
        6.6600000000         2.2750000000         1.2766546096
        6.6650000000         2.2750000000         1.2766546096
        6.6700000000         2.2750000000         1.2766546096
        6.6750000000         2.2750000000         1.2792031240
        6.6800000000         2.2750000000         1.2804773812
        6.6850000000         2.2750000000         1.2817516384
        6.6900000000         2.2750000000         1.2792031240
        6.6950000000         2.2750000000         1.2830258956
        6.7000000000         2.2750000000         1.2792031240
        6.7050000000         2.2750000000         1.2830258956
        6.7100000000         2.2750000000         1.2792031240
        6.7150000000         2.2750000000         1.2766546096
        6.7200000000         2.2750000000         1.2792031240
        6.7250000000         2.2750000000         1.2766546096
        6.7300000000         2.2750000000         1.2792031240
        6.7350000000         2.2750000000         1.2804773812
        6.7400000000         2.2750000000         1.2804773812
        6.7450000000         2.2750000000         1.2792031240
        6.7500000000         2.2750000000         1.2817516384
        6.7550000000         2.2750000000         1.2817516384
        6.7600000000         2.2750000000         1.2817516384
        6.7650000000         2.2750000000         1.2830258956
