        0.0000000000         3.7000000000         1.5225862496
        0.0050000000         3.7000000000         1.5289575356
        0.0100000000         3.7000000000         1.5238605068
        0.0150000000         3.7000000000         1.5251347640
        0.0200000000         3.7000000000         1.5327803072
        0.0250000000         3.7000000000         1.5455228792
        0.0300000000         3.7000000000         1.5608139656
        0.0350000000         3.7000000000         1.5761050521
        0.0400000000         3.7000000000         1.5990416817
        0.0450000000         3.7000000000         1.6283495973
        0.0500000000         3.7000000000         1.6563832558
        0.0550000000         3.7000000000         1.6844169142
        0.0600000000         3.7000000000         1.7111763155
        0.0650000000         3.7000000000         1.7417584883
        0.0700000000         3.7000000000         1.7736149184
        0.0750000000         3.7000000000         1.8029228340
        0.0800000000         3.7000000000         1.8398762929
        0.0850000000         3.7000000000         1.8806525234
        0.0900000000         3.7000000000         1.9125089534
        0.0950000000         3.7000000000         1.9456396407
        0.1000000000         3.7000000000         1.9851416139
        0.1050000000         3.7000000000         2.0208208156
        0.1100000000         3.7000000000         2.0603227889
        0.1150000000         3.7000000000         2.1023732765
        0.1200000000         3.7000000000         2.1406009926
        0.1250000000         3.7000000000         2.1839257375
        0.1300000000         3.7000000000         2.2259762251
        0.1350000000         3.7000000000         2.2680267128
        0.1400000000         3.7000000000         2.3164484865
        0.1450000000         3.7000000000         2.3584989741
        0.1500000000         3.7000000000         2.4043722334
        0.1550000000         3.7000000000         2.4451484639
        0.1600000000         3.7000000000         2.4910217232
        0.1650000000         3.7000000000         2.5356207252
        0.1700000000         3.7000000000         2.5840424989
        0.1750000000         3.7000000000         2.6299157582
        0.1800000000         3.7000000000         2.6808860463
        0.1850000000         3.7000000000         2.7318563344
        0.1900000000         3.7000000000         2.7764553364
        0.1950000000         3.7000000000         2.8299741389
        0.2000000000         3.7000000000         2.8783959126
        0.2050000000         3.7000000000         2.9255434291
        0.2100000000         3.7000000000         2.9739652028
        0.2150000000         3.7000000000         3.0249354908
        0.2200000000         3.7000000000         3.0746315217
        0.2250000000         3.7000000000         3.1281503242
        0.2300000000         3.7000000000         3.1791206123
        0.2350000000         3.7000000000         3.2313651576
        0.2400000000         3.7000000000         3.2848839601
        0.2450000000         3.7000000000         3.3358542482
        0.2500000000         3.7000000000         3.3880987934
        0.2550000000         3.7000000000         3.4416175959
        0.2600000000         3.7000000000         3.4976849128
        0.2650000000         3.7000000000         3.5512037153
        0.2700000000         3.7000000000         3.6047225178
        0.2750000000         3.7000000000         3.6556928059
        0.2800000000         3.7000000000         3.7155828944
        0.2850000000         3.7000000000         3.7652789253
        0.2900000000         3.7000000000         3.8264432710
        0.2950000000         3.7000000000         3.8825105879
        0.3000000000         3.7000000000         3.9334808759
        0.3050000000         3.7000000000         3.9895481928
        0.3100000000         3.7000000000         4.0456155097
        0.3150000000         3.7000000000         4.1004085694
        0.3200000000         3.7000000000         4.1564758863
        0.3250000000         3.7000000000         4.2138174604
        0.3300000000         3.7000000000         4.2724332917
        0.3350000000         3.7000000000         4.3297748658
        0.3400000000         3.7000000000         4.3858421827
        0.3450000000         3.7000000000         4.4431837568
        0.3500000000         3.7000000000         4.5005253309
        0.3550000000         3.7000000000         4.5565926478
        0.3600000000         3.7000000000         4.6062886786
        0.3650000000         3.7000000000         4.6700015388
        0.3700000000         3.7000000000         4.7311658845
        0.3750000000         3.7000000000         4.7923302302
        0.3800000000         3.7000000000         4.8483975470
        0.3850000000         3.7000000000         4.9044648639
        0.3900000000         3.7000000000         4.9630806952
        0.3950000000         3.7000000000         5.0280678125
        0.4000000000         3.7000000000         5.0637470142
        0.4050000000         3.7000000000         5.0662955286
        0.4100000000         3.7000000000         1.1135496877
        0.4150000000         3.7000000000         0.0011231503
        0.4200000000         3.7000000000        -0.0001511069
        0.4250000000         3.7000000000        -0.0026996214
        0.4300000000         3.7000000000         0.0495449239
        0.4350000000         3.7000000000         0.1132577840
        0.4400000000         3.7000000000         0.1667765865
        0.4450000000         3.7000000000         0.2253924178
        0.4500000000         3.7000000000         0.2891052779
        0.4550000000         3.7000000000         0.3502696236
        0.4600000000         3.7000000000         0.4076111977
        0.4650000000         3.7000000000         0.4649527718
        0.4700000000         3.7000000000         0.5248428603
        0.4750000000         3.7000000000         0.5821844344
        0.4800000000         3.7000000000         0.6382517513
        0.4850000000         3.7000000000         0.6943190682
        0.4900000000         3.7000000000         0.7542091567
        0.4950000000         3.7000000000         0.8090022164
        0.5000000000         3.7000000000         0.8676180477
        0.5050000000         3.7000000000         0.9262338790
        0.5100000000         3.7000000000         0.9810269387
        0.5150000000         3.7000000000         1.0383685128
        0.5200000000         3.7000000000         1.0893388008
        0.5250000000         3.7000000000         1.1479546321
        0.5300000000         3.7000000000         1.2027476918
        0.5350000000         3.7000000000         1.2549922371
        0.5400000000         3.7000000000         1.3021397536
        0.5450000000         3.7000000000         1.3645783565
        0.5500000000         3.7000000000         1.4155486446
        0.5550000000         3.7000000000         1.4652446755
        0.5600000000         3.7000000000         1.5251347640
        0.5650000000         3.7000000000         1.5786535665
        0.5700000000         3.7000000000         1.6270753401
        0.5750000000         3.7000000000         1.6805941426
        0.5800000000         3.7000000000         1.7302901735
        0.5850000000         3.7000000000         1.7825347188
        0.5900000000         3.7000000000         1.8322307497
        0.5950000000         3.7000000000         1.8857495522
        0.6000000000         3.7000000000         1.9367198402
        0.6050000000         3.7000000000         1.9927871571
        0.6100000000         3.7000000000         2.0437574452
        0.6150000000         3.7000000000         2.0960019905
        0.6200000000         3.7000000000         2.1469722786
        0.6250000000         3.7000000000         2.1992168239
        0.6300000000         3.7000000000         2.2501871120
        0.6350000000         3.7000000000         2.3037059145
        0.6400000000         3.7000000000         2.3559504597
        0.6450000000         3.7000000000         2.4158405482
        0.6500000000         3.7000000000         2.4706336079
        0.6550000000         3.7000000000         2.5216038960
        0.6600000000         3.7000000000         2.5738484413
        0.6650000000         3.7000000000         2.6324642726
        0.6700000000         3.7000000000         2.6898058467
        0.6750000000         3.7000000000         2.7458731636
        0.6800000000         3.7000000000         2.8019404805
        0.6850000000         3.7000000000         2.8580077974
        0.6900000000         3.7000000000         2.9115265999
        0.6950000000         3.7000000000         2.9701424312
        0.7000000000         3.7000000000         3.0249354908
        0.7050000000         3.7000000000         3.0848255793
        0.7100000000         3.7000000000         3.1396186390
        0.7150000000         3.7000000000         3.1931374415
        0.7200000000         3.7000000000         3.2517532728
        0.7250000000         3.7000000000         3.3014493037
        0.7300000000         3.7000000000         3.3664364210
        0.7350000000         3.7000000000         3.4237779951
        0.7400000000         3.7000000000         3.4798453120
        0.7450000000         3.7000000000         3.5397354005
        0.7500000000         3.7000000000         3.5996254890
        0.7550000000         3.7000000000         3.6556928059
        0.7600000000         3.7000000000         3.7257769520
        0.7650000000         3.7000000000         3.7716502113
        0.7700000000         3.7000000000         3.8340888142
        0.7750000000         3.7000000000         3.8952531599
        0.7800000000         3.7000000000         3.9487719624
        0.7850000000         3.7000000000         4.0112105653
        0.7900000000         3.7000000000         4.0800204542
        0.7950000000         3.7000000000         4.1297164851
        0.8000000000         3.7000000000         4.1883323164
        0.8050000000         3.7000000000         4.2507709193
        0.8100000000         3.7000000000         4.3017412073
        0.8150000000         3.7000000000         4.3667283247
        0.8200000000         3.7000000000         4.4240698987
        0.8250000000         3.7000000000         4.4890570161
        0.8300000000         3.7000000000         4.5425758185
        0.8350000000         3.7000000000         4.6011916498
        0.8400000000         3.7000000000         4.6623559955
        0.8450000000         3.7000000000         4.7273431128
        0.8500000000         3.7000000000         4.7897817158
        0.8550000000         3.7000000000         4.8547688331
        0.8600000000         3.7000000000         4.9146589216
        0.8650000000         3.7000000000         4.9758232673
        0.8700000000         3.7000000000         5.0395361274
        0.8750000000         3.7000000000         5.0650212714
        0.8800000000         3.7000000000         5.0675697858
        0.8850000000         3.7000000000         1.1135496877
        0.8900000000         3.7000000000        -0.0001511069
        0.8950000000         3.7000000000         0.0011231503
        0.9000000000         3.7000000000         0.0164142367
        0.9050000000         3.7000000000         0.0801270968
        0.9100000000         3.7000000000         0.1361944137
        0.9150000000         3.7000000000         0.2024557882
        0.9200000000         3.7000000000         0.2572488479
        0.9250000000         3.7000000000         0.3247844796
        0.9300000000         3.7000000000         0.3821260537
        0.9350000000         3.7000000000         0.4356448562
        0.9400000000         3.7000000000         0.5031804879
        0.9450000000         3.7000000000         0.5579735476
        0.9500000000         3.7000000000         0.6140408645
        0.9550000000         3.7000000000         0.6777537246
        0.9600000000         3.7000000000         0.7389180703
        0.9650000000         3.7000000000         0.7962596444
        0.9700000000         3.7000000000         0.8536012185
        0.9750000000         3.7000000000         0.9109427926
        0.9800000000         3.7000000000         0.9670101094
        0.9850000000         3.7000000000         1.0358199984
        0.9900000000         3.7000000000         1.0778704860
        0.9950000000         3.7000000000         1.1390348317
        1.0000000000         3.7000000000         1.1989249202
        1.0050000000         3.7000000000         1.2498952083
        1.0100000000         3.7000000000         1.3072367824
        1.0150000000         3.7000000000         1.3607555849
        1.0200000000         3.7000000000         1.4155486446
        1.0250000000         3.7000000000         1.4741644759
        1.0300000000         3.7000000000         1.5276832784
        1.0350000000         3.7000000000         1.5799278237
        1.0400000000         3.7000000000         1.6347208833
        1.0450000000         3.7000000000         1.6882396858
        1.0500000000         3.7000000000         1.7392099739
        1.0550000000         3.7000000000         1.7952772908
        1.0600000000         3.7000000000         1.8475218361
        1.0650000000         3.7000000000         1.9035891530
        1.0700000000         3.7000000000         1.9545594411
        1.0750000000         3.7000000000         2.0093525008
        1.0800000000         3.7000000000         2.0603227889
        1.0850000000         3.7000000000         2.1189386201
        1.0900000000         3.7000000000         2.1724574226
        1.0950000000         3.7000000000         2.2221534535
        1.1000000000         3.7000000000         2.2807692848
        1.1050000000         3.7000000000         2.3381108589
        1.1100000000         3.7000000000         2.3941781758
        1.1150000000         3.7000000000         2.4489712355
        1.1200000000         3.7000000000         2.4999415236
        1.1250000000         3.7000000000         2.5598316121
        1.1300000000         3.7000000000         2.6120761574
        1.1350000000         3.7000000000         2.6719662459
        1.1400000000         3.7000000000         2.7318563344
        1.1450000000         3.7000000000         2.7853751368
        1.1500000000         3.7000000000         2.8452652253
        1.1550000000         3.7000000000         2.9000582850
        1.1600000000         3.7000000000         2.9586741163
        1.1650000000         3.7000000000         3.0160156904
        1.1700000000         3.7000000000         3.0720830073
        1.1750000000         3.7000000000         3.1319730958
        1.1800000000         3.7000000000         3.1842176411
        1.1850000000         3.7000000000         3.2428334724
        1.1900000000         3.7000000000         3.2963522749
        1.1950000000         3.7000000000         3.3600651350
        1.2000000000         3.7000000000         3.4186809663
        1.2050000000         3.7000000000         3.4785710548
        1.2100000000         3.7000000000         3.5422839149
        1.2150000000         3.7000000000         3.5996254890
        1.2200000000         3.7000000000         3.6607898347
        1.2250000000         3.7000000000         3.7155828944
        1.2300000000         3.7000000000         3.7703759541
        1.2350000000         3.7000000000         3.8328145570
        1.2400000000         3.7000000000         3.8901561311
        1.2450000000         3.7000000000         3.9500462196
        1.2500000000         3.7000000000         4.0112105653
        1.2550000000         3.7000000000         4.0723749110
        1.2600000000         3.7000000000         4.1309907423
        1.2650000000         3.7000000000         4.1921550880
        1.2700000000         3.7000000000         4.2545936909
        1.2750000000         3.7000000000         4.3106610078
        1.2800000000         3.7000000000         4.3692768391
        1.2850000000         3.7000000000         4.4368124708
        1.2900000000         3.7000000000         4.5005253309
        1.2950000000         3.7000000000         4.5591411622
        1.3000000000         3.7000000000         4.6241282795
        1.3050000000         3.7000000000         4.6891153968
        1.3100000000         3.7000000000         4.7502797425
        1.3150000000         3.7000000000         4.8152668598
        1.3200000000         3.7000000000         4.8764312055
        1.3250000000         3.7000000000         4.9375955512
        1.3300000000         3.7000000000         5.0000341541
        1.3350000000         3.7000000000         5.0599242426
        1.3400000000         3.7000000000         5.0650212714
        1.3450000000         3.7000000000         1.1046298873
        1.3500000000         3.7000000000         0.0049459219
        1.3550000000         3.7000000000        -0.0026996214
        1.3600000000         3.7000000000         0.0049459219
        1.3650000000         3.7000000000         0.0559162099
        1.3700000000         3.7000000000         0.1145320412
        1.3750000000         3.7000000000         0.1782449013
        1.3800000000         3.7000000000         0.2355864754
        1.3850000000         3.7000000000         0.2980250783
        1.3900000000         3.7000000000         0.3604636812
        1.3950000000         3.7000000000         0.4178052553
        1.4000000000         3.7000000000         0.4776953438
        1.4050000000         3.7000000000         0.5426824611
        1.4100000000         3.7000000000         0.6025725496
        1.4150000000         3.7000000000         0.6650111525
        1.4200000000         3.7000000000         0.7236269838
        1.4250000000         3.7000000000         0.7809685579
        1.4300000000         3.7000000000         0.8421329036
        1.4350000000         3.7000000000         0.9045715065
        1.4400000000         3.7000000000         0.9568160518
        1.4450000000         3.7000000000         1.0167061403
        1.4500000000         3.7000000000         1.0791447432
        1.4550000000         3.7000000000         1.1301150313
        1.4600000000         3.7000000000         1.1951021486
        1.4650000000         3.7000000000         1.2498952083
        1.4700000000         3.7000000000         1.3034140108
        1.4750000000         3.7000000000         1.3671268709
        1.4800000000         3.7000000000         1.4244684450
        1.4850000000         3.7000000000         1.4767129903
        1.4900000000         3.7000000000         1.5302317928
        1.4950000000         3.7000000000         1.5850248525
        1.5000000000         3.7000000000         1.6423664266
        1.5050000000         3.7000000000         1.6984337435
        1.5100000000         3.7000000000         1.7557753175
        1.5150000000         3.7000000000         1.8080198628
        1.5200000000         3.7000000000         1.8615386653
        1.5250000000         3.7000000000         1.9176059822
        1.5300000000         3.7000000000         1.9736732991
        1.5350000000         3.7000000000         2.0284663588
        1.5400000000         3.7000000000         2.0845336757
        1.5450000000         3.7000000000         2.1418752498
        1.5500000000         3.7000000000         2.1953940523
        1.5550000000         3.7000000000         2.2489128548
        1.5600000000         3.7000000000         2.3088029433
        1.5650000000         3.7000000000         2.3610474885
        1.5700000000         3.7000000000         2.4183890626
        1.5750000000         3.7000000000         2.4757306367
        1.5800000000         3.7000000000         2.5305236964
        1.5850000000         3.7000000000         2.5916880421
        1.5900000000         3.7000000000         2.6426583302
        1.5950000000         3.7000000000         2.7063711903
        1.6000000000         3.7000000000         2.7598899928
        1.6050000000         3.7000000000         2.8197800813
        1.6100000000         3.7000000000         2.8771216554
        1.6150000000         3.7000000000         2.9319147151
        1.6200000000         3.7000000000         3.0032731184
        1.6250000000         3.7000000000         3.0567919209
        1.6300000000         3.7000000000         3.1154077522
        1.6350000000         3.7000000000         3.1740235835
        1.6400000000         3.7000000000         3.2300909004
        1.6450000000         3.7000000000         3.2925295033
        1.6500000000         3.7000000000         3.3498710774
        1.6550000000         3.7000000000         3.4084869087
        1.6600000000         3.7000000000         3.4709255116
        1.6650000000         3.7000000000         3.5282670857
        1.6700000000         3.7000000000         3.5843344026
        1.6750000000         3.7000000000         3.6518700343
        1.6800000000         3.7000000000         3.7079373512
        1.6850000000         3.7000000000         3.7665531825
        1.6900000000         3.7000000000         3.8302660426
        1.6950000000         3.7000000000         3.8888818739
        1.7000000000         3.7000000000         3.9487719624
        1.7050000000         3.7000000000         4.0086620509
        1.7100000000         3.7000000000         4.0672778822
        1.7150000000         3.7000000000         4.1309907423
        1.7200000000         3.7000000000         4.1870580592
        1.7250000000         3.7000000000         4.2558679481
        1.7300000000         3.7000000000         4.3093867506
        1.7350000000         3.7000000000         4.3705510963
        1.7400000000         3.7000000000         4.4355382136
        1.7450000000         3.7000000000         4.4941540449
        1.7500000000         3.7000000000         4.5565926478
        1.7550000000         3.7000000000         4.6215797651
        1.7600000000         3.7000000000         4.6852926252
        1.7650000000         3.7000000000         4.7515539997
        1.7700000000         3.7000000000         4.8088955738
        1.7750000000         3.7000000000         4.8738826911
        1.7800000000         3.7000000000         4.9375955512
        1.7850000000         3.7000000000         4.9949371253
        1.7900000000         3.7000000000         5.0624727570
        1.7950000000         3.7000000000         5.0675697858
        1.8000000000         3.7000000000         1.1110011733
        1.8050000000         3.7000000000         0.0011231503
        1.8100000000         3.7000000000        -0.0026996214
        1.8150000000         3.7000000000         0.0049459219
        1.8200000000         3.7000000000         0.0508191811
        1.8250000000         3.7000000000         0.1081607552
        1.8300000000         3.7000000000         0.1731478725
        1.8350000000         3.7000000000         0.2343122182
        1.8400000000         3.7000000000         0.2967508211
        1.8450000000         3.7000000000         0.3591894240
        1.8500000000         3.7000000000         0.4190795125
        1.8550000000         3.7000000000         0.4802438582
        1.8600000000         3.7000000000         0.5452309756
        1.8650000000         3.7000000000         0.6025725496
        1.8700000000         3.7000000000         0.6662854098
        1.8750000000         3.7000000000         0.7274497555
        1.8800000000         3.7000000000         0.7822428151
        1.8850000000         3.7000000000         0.8446814180
        1.8900000000         3.7000000000         0.9007487349
        1.8950000000         3.7000000000         0.9682843666
        1.9000000000         3.7000000000         1.0154318831
        1.9050000000         3.7000000000         1.0740477144
        1.9100000000         3.7000000000         1.1339378029
        1.9150000000         3.7000000000         1.1963764058
        1.9200000000         3.7000000000         1.2486209511
        1.9250000000         3.7000000000         1.3046882680
        1.9300000000         3.7000000000         1.3620298421
        1.9350000000         3.7000000000         1.4180971590
        1.9400000000         3.7000000000         1.4741644759
        1.9450000000         3.7000000000         1.5327803072
        1.9500000000         3.7000000000         1.5888476241
        1.9550000000         3.7000000000         1.6385436550
        1.9600000000         3.7000000000         1.6946109718
        1.9650000000         3.7000000000         1.7481297743
        1.9700000000         3.7000000000         1.8029228340
        1.9750000000         3.7000000000         1.8589901509
        1.9800000000         3.7000000000         1.9112346962
        1.9850000000         3.7000000000         1.9685762703
        1.9900000000         3.7000000000         2.0259178444
        1.9950000000         3.7000000000         2.0781623897
        2.0000000000         3.7000000000         2.1304069350
        2.0050000000         3.7000000000         2.1851999947
        2.0100000000         3.7000000000         2.2438158260
        2.0150000000         3.7000000000         2.2973346284
        2.0200000000         3.7000000000         2.3572247169
        2.0250000000         3.7000000000         2.4107435194
        2.0300000000         3.7000000000         2.4680850935
        2.0350000000         3.7000000000         2.5228781532
        2.0400000000         3.7000000000         2.5763969557
        2.0450000000         3.7000000000         2.6337385298
        2.0500000000         3.7000000000         2.6949028755
        2.0550000000         3.7000000000         2.7522444496
        2.0600000000         3.7000000000         2.8121345381
        2.0650000000         3.7000000000         2.8682018550
        2.0700000000         3.7000000000         2.9357374867
        2.0750000000         3.7000000000         2.9854335176
        2.0800000000         3.7000000000         3.0440493489
        2.0850000000         3.7000000000         3.1001166658
        2.0900000000         3.7000000000         3.1600067543
        2.0950000000         3.7000000000         3.2173483284
        2.1000000000         3.7000000000         3.2785126741
        2.1050000000         3.7000000000         3.3345799910
        2.1100000000         3.7000000000         3.3944700795
        2.1150000000         3.7000000000         3.4530859107
        2.1200000000         3.7000000000         3.5155245137
        2.1250000000         3.7000000000         3.5728660877
        2.1300000000         3.7000000000         3.6340304334
        2.1350000000         3.7000000000         3.6913720075
        2.1400000000         3.7000000000         3.7487135816
        2.1450000000         3.7000000000         3.8124264417
        2.1500000000         3.7000000000         3.8748650446
        2.1550000000         3.7000000000         3.9360293903
        2.1600000000         3.7000000000         3.9920967072
        2.1650000000         3.7000000000         4.0532610529
        2.1700000000         3.7000000000         4.1093283698
        2.1750000000         3.7000000000         4.1692184583
        2.1800000000         3.7000000000         4.2329313184
        2.1850000000         3.7000000000         4.2940956641
        2.1900000000         3.7000000000         4.3590827814
        2.1950000000         3.7000000000         4.4164243555
        2.2000000000         3.7000000000         4.4814114728
        2.2050000000         3.7000000000         4.5349302753
        2.2100000000         3.7000000000         4.6037401642
        2.2150000000         3.7000000000         4.6623559955
        2.2200000000         3.7000000000         4.7273431128
        2.2250000000         3.7000000000         4.7923302302
        2.2300000000         3.7000000000         4.8534945759
        2.2350000000         3.7000000000         4.9146589216
        2.2400000000         3.7000000000         4.9770975245
        2.2450000000         3.7000000000         5.0446331562
        2.2500000000         3.7000000000         5.0675697858
        2.2550000000         3.7000000000         5.0650212714
        2.2600000000         3.7000000000         1.0982586013
        2.2650000000         3.7000000000        -0.0001511069
        2.2700000000         3.7000000000        -0.0039738786
        2.2750000000         3.7000000000         0.0253340371
        2.2800000000         3.7000000000         0.0826756112
        2.2850000000         3.7000000000         0.1463884713
        2.2900000000         3.7000000000         0.2126498458
        2.2950000000         3.7000000000         0.2725399343
        2.3000000000         3.7000000000         0.3324300228
        2.3050000000         3.7000000000         0.3923201113
        2.3100000000         3.7000000000         0.4598557430
        2.3150000000         3.7000000000         0.5146488027
        2.3200000000         3.7000000000         0.5783616628
        2.3250000000         3.7000000000         0.6382517513
        2.3300000000         3.7000000000         0.7006903542
        2.3350000000         3.7000000000         0.7593061855
        2.3400000000         3.7000000000         0.8191962740
        2.3450000000         3.7000000000         0.8841833913
        2.3500000000         3.7000000000         0.9402507082
        2.3550000000         3.7000000000         0.9950437679
        2.3600000000         3.7000000000         1.0549338564
        2.3650000000         3.7000000000         1.1160982021
        2.3700000000         3.7000000000         1.1696170046
        2.3750000000         3.7000000000         1.2231358071
        2.3800000000         3.7000000000         1.2792031240
        2.3850000000         3.7000000000         1.3403674697
        2.3900000000         3.7000000000         1.4040803298
        2.3950000000         3.7000000000         1.4512278462
        2.4000000000         3.7000000000         1.5034723915
        2.4050000000         3.7000000000         1.5633624800
        2.4100000000         3.7000000000         1.6219783113
        2.4150000000         3.7000000000         1.6691258278
        2.4200000000         3.7000000000         1.7315644307
        2.4250000000         3.7000000000         1.7838089760
        2.4300000000         3.7000000000         1.8335050069
        2.4350000000         3.7000000000         1.8895723238
        2.4400000000         3.7000000000         1.9392683547
        2.4450000000         3.7000000000         1.9966099287
        2.4500000000         3.7000000000         2.0539515028
        2.4550000000         3.7000000000         2.1074703053
        2.4600000000         3.7000000000         2.1597148506
        2.4650000000         3.7000000000         2.2145079103
        2.4700000000         3.7000000000         2.2680267128
        2.4750000000         3.7000000000         2.3304653157
        2.4800000000         3.7000000000         2.3878068898
        2.4850000000         3.7000000000         2.4400514351
        2.4900000000         3.7000000000         2.4986672664
        2.4950000000         3.7000000000         2.5521860689
        2.5000000000         3.7000000000         2.6082533858
        2.5050000000         3.7000000000         2.6694177315
        2.5100000000         3.7000000000         2.7267593055
        2.5150000000         3.7000000000         2.7815523652
        2.5200000000         3.7000000000         2.8414424537
        2.5250000000         3.7000000000         2.8987840278
        2.5300000000         3.7000000000         2.9535770875
        2.5350000000         3.7000000000         3.0134671760
        2.5400000000         3.7000000000         3.0720830073
        2.5450000000         3.7000000000         3.1332473530
        2.5500000000         3.7000000000         3.1905889271
        2.5550000000         3.7000000000         3.2504790156
        2.5600000000         3.7000000000         3.3090948469
        2.5650000000         3.7000000000         3.3740819642
        2.5700000000         3.7000000000         3.4326977955
        2.5750000000         3.7000000000         3.4900393696
        2.5800000000         3.7000000000         3.5524779725
        2.5850000000         3.7000000000         3.6136423182
        2.5900000000         3.7000000000         3.6709838923
        2.5950000000         3.7000000000         3.7308739808
        2.6000000000         3.7000000000         3.7907640693
        2.6050000000         3.7000000000         3.8493799006
        2.6100000000         3.7000000000         3.9105442463
        2.6150000000         3.7000000000         3.9755313636
        2.6200000000         3.7000000000         4.0379699665
        2.6250000000         3.7000000000         4.1004085694
        2.6300000000         3.7000000000         4.1564758863
        2.6350000000         3.7000000000         4.2150917176
        2.6400000000         3.7000000000         4.2762560633
        2.6450000000         3.7000000000         4.3412431806
        2.6500000000         3.7000000000         4.3973104975
        2.6550000000         3.7000000000         4.4610233576
        2.6600000000         3.7000000000         4.5260104749
        2.6650000000         3.7000000000         4.5897233350
        2.6700000000         3.7000000000         4.6521619379
        2.6750000000         3.7000000000         4.7158747980
        2.6800000000         3.7000000000         4.7770391437
        2.6850000000         3.7000000000         4.8407520038
        2.6900000000         3.7000000000         4.8993678351
        2.6950000000         3.7000000000         4.9630806952
        2.7000000000         3.7000000000         5.0293420697
        2.7050000000         3.7000000000         5.0688440430
        2.7100000000         3.7000000000         5.0713925574
        2.7150000000         3.7000000000         1.1135496877
        2.7200000000         3.7000000000        -0.0001511069
        2.7250000000         3.7000000000        -0.0001511069
        2.7300000000         3.7000000000         0.0113172079
        2.7350000000         3.7000000000         0.0750300680
        2.7400000000         3.7000000000         0.1374686709
        2.7450000000         3.7000000000         0.1948102450
        2.7500000000         3.7000000000         0.2585231051
        2.7550000000         3.7000000000         0.3260587368
        2.7600000000         3.7000000000         0.3795775393
        2.7650000000         3.7000000000         0.4420161422
        2.7700000000         3.7000000000         0.5044547451
        2.7750000000         3.7000000000         0.5707161196
        2.7800000000         3.7000000000         0.6267834365
        2.7850000000         3.7000000000         0.6892220394
        2.7900000000         3.7000000000         0.7478378707
        2.7950000000         3.7000000000         0.8128249880
        2.8000000000         3.7000000000         0.8701665621
        2.8050000000         3.7000000000         0.9287823934
        2.8100000000         3.7000000000         0.9886724819
        2.8150000000         3.7000000000         1.0447397988
        2.8200000000         3.7000000000         1.1059041445
        2.8250000000         3.7000000000         1.1645199758
        2.8300000000         3.7000000000         1.2205872927
        2.8350000000         3.7000000000         1.2766546096
        2.8400000000         3.7000000000         1.3352704409
        2.8450000000         3.7000000000         1.3887892433
        2.8500000000         3.7000000000         1.4448565602
        2.8550000000         3.7000000000         1.5034723915
        2.8600000000         3.7000000000         1.5671852516
        2.8650000000         3.7000000000         1.6117842537
        2.8700000000         3.7000000000         1.6691258278
        2.8750000000         3.7000000000         1.7353872023
        2.8800000000         3.7000000000         1.7787119472
        2.8850000000         3.7000000000         1.8360535213
        2.8900000000         3.7000000000         1.8908465810
        2.8950000000         3.7000000000         1.9418168691
        2.9000000000         3.7000000000         1.9953356715
        2.9050000000         3.7000000000         2.0526772456
        2.9100000000         3.7000000000         2.1036475337
        2.9150000000         3.7000000000         2.1609891078
        2.9200000000         3.7000000000         2.2145079103
        2.9250000000         3.7000000000         2.2705752272
        2.9300000000         3.7000000000         2.3279168013
        2.9350000000         3.7000000000         2.3878068898
        2.9400000000         3.7000000000         2.4438742067
        2.9450000000         3.7000000000         2.4973930092
        2.9500000000         3.7000000000         2.5585573549
        2.9550000000         3.7000000000         2.6158989290
        2.9600000000         3.7000000000         2.6719662459
        2.9650000000         3.7000000000         2.7331305916
        2.9700000000         3.7000000000         2.7904721657
        2.9750000000         3.7000000000         2.8452652253
        2.9800000000         3.7000000000         2.9038810566
        2.9850000000         3.7000000000         2.9599483735
        2.9900000000         3.7000000000         3.0236612336
        2.9950000000         3.7000000000         3.0822770649
        3.0000000000         3.7000000000         3.1421671534
        3.0050000000         3.7000000000         3.2007829847
        3.0100000000         3.7000000000         3.2606730732
        3.0150000000         3.7000000000         3.3141918757
        3.0200000000         3.7000000000         3.3804532502
        3.0250000000         3.7000000000         3.4377948243
        3.0300000000         3.7000000000         3.4951363984
        3.0350000000         3.7000000000         3.5550264869
        3.0400000000         3.7000000000         3.6200136042
        3.0450000000         3.7000000000         3.6760809211
        3.0500000000         3.7000000000         3.7372452668
        3.0550000000         3.7000000000         3.8022323841
        3.0600000000         3.7000000000         3.8595739582
        3.0650000000         3.7000000000         3.9181897895
        3.0700000000         3.7000000000         3.9844511640
        3.0750000000         3.7000000000         4.0417927381
        3.0800000000         3.7000000000         4.0978600550
        3.0850000000         3.7000000000         4.1628471723
        3.0900000000         3.7000000000         4.2214630036
        3.0950000000         3.7000000000         4.2839016065
        3.1000000000         3.7000000000         4.3437916950
        3.1050000000         3.7000000000         4.4100530695
        3.1100000000         3.7000000000         4.4712174152
        3.1150000000         3.7000000000         4.5349302753
        3.1200000000         3.7000000000         4.5948203638
        3.1250000000         3.7000000000         4.6534361951
        3.1300000000         3.7000000000         4.7209718268
        3.1350000000         3.7000000000         4.7821361725
        3.1400000000         3.7000000000         4.8458490326
        3.1450000000         3.7000000000         4.9082876355
        3.1500000000         3.7000000000         4.9720004957
        3.1550000000         3.7000000000         5.0369876130
        3.1600000000         3.7000000000         5.0650212714
        3.1650000000         3.7000000000         5.0650212714
        3.1700000000         3.7000000000         1.1135496877
        3.1750000000         3.7000000000         0.0011231503
        3.1800000000         3.7000000000         0.0023974075
        3.1850000000         3.7000000000         0.0202370083
        3.1900000000         3.7000000000         0.0788528396
        3.1950000000         3.7000000000         0.1476627285
        3.2000000000         3.7000000000         0.2088270742
        3.2050000000         3.7000000000         0.2712656771
        3.2100000000         3.7000000000         0.3337042800
        3.2150000000         3.7000000000         0.3910458541
        3.2200000000         3.7000000000         0.4547587142
        3.2250000000         3.7000000000         0.5210200887
        3.2300000000         3.7000000000         0.5809101772
        3.2350000000         3.7000000000         0.6395260085
        3.2400000000         3.7000000000         0.6981418398
        3.2450000000         3.7000000000         0.7618546999
        3.2500000000         3.7000000000         0.8217447884
        3.2550000000         3.7000000000         0.8854576485
        3.2600000000         3.7000000000         0.9402507082
        3.2650000000         3.7000000000         0.9937695107
        3.2700000000         3.7000000000         1.0574823708
        3.2750000000         3.7000000000         1.1148239449
        3.2800000000         3.7000000000         1.1747140334
        3.2850000000         3.7000000000         1.2282328359
        3.2900000000         3.7000000000         1.2830258956
        3.2950000000         3.7000000000         1.3492872701
        3.3000000000         3.7000000000         1.4053545870
        3.3050000000         3.7000000000         1.4588733895
        3.3100000000         3.7000000000         1.5162149636
        3.3150000000         3.7000000000         1.5710080232
        3.3200000000         3.7000000000         1.6296238545
        3.3250000000         3.7000000000         1.6805941426
        3.3300000000         3.7000000000         1.7328386879
        3.3350000000         3.7000000000         1.7863574904
        3.3400000000         3.7000000000         1.8436990645
        3.3450000000         3.7000000000         1.9023148958
        3.3500000000         3.7000000000         1.9558336983
        3.3550000000         3.7000000000         2.0068039864
        3.3600000000         3.7000000000         2.0615970461
        3.3650000000         3.7000000000         2.1138415913
        3.3700000000         3.7000000000         2.1762801942
        3.3750000000         3.7000000000         2.2310732539
        3.3800000000         3.7000000000         2.2858663136
        3.3850000000         3.7000000000         2.3432078877
        3.3900000000         3.7000000000         2.4005494618
        3.3950000000         3.7000000000         2.4604395503
        3.4000000000         3.7000000000         2.5126840956
        3.4050000000         3.7000000000         2.5674771553
        3.4100000000         3.7000000000         2.6286415010
        3.4150000000         3.7000000000         2.6847088179
        3.4200000000         3.7000000000         2.7395018776
        3.4250000000         3.7000000000         2.8019404805
        3.4300000000         3.7000000000         2.8567335402
        3.4350000000         3.7000000000         2.9178978859
        3.4400000000         3.7000000000         2.9714166884
        3.4450000000         3.7000000000         3.0364038057
        3.4500000000         3.7000000000         3.0911968654
        3.4550000000         3.7000000000         3.1523612111
        3.4600000000         3.7000000000         3.2122512996
        3.4650000000         3.7000000000         3.2683186164
        3.4700000000         3.7000000000         3.3256601905
        3.4750000000         3.7000000000         3.3880987934
        3.4800000000         3.7000000000         3.4454403675
        3.4850000000         3.7000000000         3.5117017420
        3.4900000000         3.7000000000         3.5715918305
        3.4950000000         3.7000000000         3.6289334046
        3.5000000000         3.7000000000         3.6875492359
        3.5050000000         3.7000000000         3.7487135816
        3.5100000000         3.7000000000         3.8098779273
        3.5150000000         3.7000000000         3.8697680158
        3.5200000000         3.7000000000         3.9322066187
        3.5250000000         3.7000000000         3.9959194788
        3.5300000000         3.7000000000         4.0558095673
        3.5350000000         3.7000000000         4.1207966846
        3.5400000000         3.7000000000         4.1819610303
        3.5450000000         3.7000000000         4.2393026044
        3.5500000000         3.7000000000         4.3017412073
        3.5550000000         3.7000000000         4.3616312958
        3.5600000000         3.7000000000         4.4278926704
        3.5650000000         3.7000000000         4.4916055305
        3.5700000000         3.7000000000         4.5540441334
        3.5750000000         3.7000000000         4.6203055079
        3.5800000000         3.7000000000         4.6776470820
        3.5850000000         3.7000000000         4.7439084565
        3.5900000000         3.7000000000         4.8063470594
        3.5950000000         3.7000000000         4.8738826911
        3.6000000000         3.7000000000         4.9350470368
        3.6050000000         3.7000000000         5.0000341541
        3.6100000000         3.7000000000         5.0599242426
        3.6150000000         3.7000000000         5.0662955286
        3.6200000000         3.7000000000         1.1135496877
        3.6250000000         3.7000000000         0.0049459219
        3.6300000000         3.7000000000         0.0049459219
        3.6350000000         3.7000000000         0.0049459219
        3.6400000000         3.7000000000         0.0546419527
        3.6450000000         3.7000000000         0.1196290700
        3.6500000000         3.7000000000         0.1820676730
        3.6550000000         3.7000000000         0.2470547903
        3.6600000000         3.7000000000         0.3094933932
        3.6650000000         3.7000000000         0.3706577389
        3.6700000000         3.7000000000         0.4292735702
        3.6750000000         3.7000000000         0.4891636587
        3.6800000000         3.7000000000         0.6943190682
        3.6850000000         3.7000000000         0.6968675826
        3.6900000000         3.7000000000         0.7019646114
        3.6950000000         3.7000000000         0.7389180703
        3.7000000000         3.7000000000         0.8000824160
        3.7050000000         3.7000000000         0.8625210189
        3.7100000000         3.7000000000         0.9198625930
        3.7150000000         3.7000000000         0.9784784243
        3.7200000000         3.7000000000         1.0358199984
        3.7250000000         3.7000000000         1.0995328585
        3.7300000000         3.7000000000         1.1530516610
        3.7350000000         3.7000000000         1.2065704634
        3.7400000000         3.7000000000         1.2639120375
        3.7450000000         3.7000000000         1.3238021260
        3.7500000000         3.7000000000         1.3887892433
        3.7550000000         3.7000000000         1.4384852742
        3.7600000000         3.7000000000         1.4983753627
        3.7650000000         3.7000000000         1.5531684224
        3.7700000000         3.7000000000         1.6092357393
        3.7750000000         3.7000000000         1.6627545418
        3.7800000000         3.7000000000         1.7124505727
        3.7850000000         3.7000000000         1.7672436324
        3.7900000000         3.7000000000         1.8245852065
        3.7950000000         3.7000000000         1.8793782662
        3.8000000000         3.7000000000         1.9341713258
        3.8050000000         3.7000000000         1.9902386427
        3.8100000000         3.7000000000         2.0463059596
        3.8150000000         3.7000000000         2.1023732765
        3.8200000000         3.7000000000         2.1571663362
        3.8250000000         3.7000000000         2.2132336531
        3.8300000000         3.7000000000         2.2667524556
        3.8350000000         3.7000000000         2.3228197725
        3.8400000000         3.7000000000         2.3801613466
        3.8450000000         3.7000000000         2.4349544063
        3.8500000000         3.7000000000         2.4948444948
        3.8550000000         3.7000000000         2.5534603261
        3.8600000000         3.7000000000         2.6069791286
        3.8650000000         3.7000000000         2.6643207026
        3.8700000000         3.7000000000         2.7254850483
        3.8750000000         3.7000000000         2.7841008796
        3.8800000000         3.7000000000         2.8388939393
        3.8850000000         3.7000000000         2.8949612562
        3.8900000000         3.7000000000         2.9523028303
        3.8950000000         3.7000000000         3.0134671760
        3.9000000000         3.7000000000         3.0733572645
        3.9050000000         3.7000000000         3.1357958674
        3.9100000000         3.7000000000         3.1905889271
        3.9150000000         3.7000000000         3.2492047584
        3.9200000000         3.7000000000         3.3065463325
        3.9250000000         3.7000000000         3.3715334498
        3.9300000000         3.7000000000         3.4301492811
        3.9350000000         3.7000000000         3.4925878840
        3.9400000000         3.7000000000         3.5499294581
        3.9450000000         3.7000000000         3.6123680610
        3.9500000000         3.7000000000         3.6735324067
        3.9550000000         3.7000000000         3.7372452668
        3.9600000000         3.7000000000         3.7971353553
        3.9650000000         3.7000000000         3.8595739582
        3.9700000000         3.7000000000         3.9169155323
        3.9750000000         3.7000000000         3.9768056208
        3.9800000000         3.7000000000         4.0379699665
        3.9850000000         3.7000000000         4.0965857978
        3.9900000000         3.7000000000         4.1564758863
        3.9950000000         3.7000000000         4.2201887464
        4.0000000000         3.7000000000         4.2839016065
        4.0050000000         3.7000000000         4.3425174378
        4.0100000000         3.7000000000         4.4036817835
        4.0150000000         3.7000000000         4.4648461292
        4.0200000000         3.7000000000         4.5285589893
        4.0250000000         3.7000000000         4.5909975922
        4.0300000000         3.7000000000         4.6559847095
        4.0350000000         3.7000000000         4.7235203412
        4.0400000000         3.7000000000         4.7859589441
        4.0450000000         3.7000000000         4.8458490326
        4.0500000000         3.7000000000         4.9121104072
        4.0550000000         3.7000000000         4.9758232673
        4.0600000000         3.7000000000         5.0395361274
        4.0650000000         3.7000000000         5.0688440430
        4.0700000000         3.7000000000         5.0662955286
        4.0750000000         3.7000000000         1.0944358297
        4.0800000000         3.7000000000        -0.0001511069
        4.0850000000         3.7000000000        -0.0026996214
        4.0900000000         3.7000000000         0.0291568087
        4.0950000000         3.7000000000         0.0941439260
        4.1000000000         3.7000000000         0.1616795577
        4.1050000000         3.7000000000         0.2190211318
        4.1100000000         3.7000000000         0.2776369631
        4.1150000000         3.7000000000         0.3400755660
        4.1200000000         3.7000000000         0.4037884261
        4.1250000000         3.7000000000         0.4687755434
        4.1300000000         3.7000000000         0.5261171175
        4.1350000000         3.7000000000         0.5898299776
        4.1400000000         3.7000000000         0.6497200661
        4.1450000000         3.7000000000         0.7070616402
        4.1500000000         3.7000000000         0.7720487575
        4.1550000000         3.7000000000         0.8268418172
        4.1600000000         3.7000000000         0.8918289345
        4.1650000000         3.7000000000         0.9504447658
        4.1700000000         3.7000000000         1.0103348543
        4.1750000000         3.7000000000         1.0676764284
        4.1800000000         3.7000000000         1.1288407741
        4.1850000000         3.7000000000         1.1823595766
        4.1900000000         3.7000000000         1.2422496651
        4.1950000000         3.7000000000         1.2983169820
        4.2000000000         3.7000000000         1.3543842989
        4.2050000000         3.7000000000         1.4104516158
        4.2100000000         3.7000000000         1.4677931899
        4.2150000000         3.7000000000         1.5251347640
        4.2200000000         3.7000000000         1.5824763381
        4.2250000000         3.7000000000         1.6359951406
        4.2300000000         3.7000000000         1.6869654286
        4.2350000000         3.7000000000         1.7481297743
        4.2400000000         3.7000000000         1.7991000624
        4.2450000000         3.7000000000         1.8577158937
        4.2500000000         3.7000000000         1.9099604390
        4.2550000000         3.7000000000         1.9622049843
        4.2600000000         3.7000000000         2.0157237868
        4.2650000000         3.7000000000         2.0705168465
        4.2700000000         3.7000000000         2.1265841634
        4.2750000000         3.7000000000         2.1788287086
        4.2800000000         3.7000000000         2.2476385976
        4.2850000000         3.7000000000         2.2947861140
        4.2900000000         3.7000000000         2.3495791737
        4.2950000000         3.7000000000         2.4107435194
        4.3000000000         3.7000000000         2.4629880647
        4.3050000000         3.7000000000         2.5228781532
        4.3100000000         3.7000000000         2.5802197273
        4.3150000000         3.7000000000         2.6401098158
        4.3200000000         3.7000000000         2.6987256471
        4.3250000000         3.7000000000         2.7484216780
        4.3300000000         3.7000000000         2.8146830525
        4.3350000000         3.7000000000         2.8720246266
        4.3400000000         3.7000000000         2.9293662007
        4.3450000000         3.7000000000         2.9867077748
        4.3500000000         3.7000000000         3.0465978633
        4.3550000000         3.7000000000         3.1052136946
        4.3600000000         3.7000000000         3.1625552687
        4.3650000000         3.7000000000         3.2224453572
        4.3700000000         3.7000000000         3.2797869313
        4.3750000000         3.7000000000         3.3460483058
        4.3800000000         3.7000000000         3.4033898799
        4.3850000000         3.7000000000         3.4683769972
        4.3900000000         3.7000000000         3.5269928285
        4.3950000000         3.7000000000         3.5856086598
        4.4000000000         3.7000000000         3.6429502339
        4.4050000000         3.7000000000         3.7130343800
        4.4100000000         3.7000000000         3.7703759541
        4.4150000000         3.7000000000         3.8277175282
        4.4200000000         3.7000000000         3.8888818739
        4.4250000000         3.7000000000         3.9487719624
        4.4300000000         3.7000000000         4.0099363081
        4.4350000000         3.7000000000         4.0774719398
        4.4400000000         3.7000000000         4.1386362855
        4.4450000000         3.7000000000         4.2010748884
        4.4500000000         3.7000000000         4.2584164625
        4.4550000000         3.7000000000         4.3183065510
        4.4600000000         3.7000000000         4.3794708967
        4.4650000000         3.7000000000         4.4457322712
        4.4700000000         3.7000000000         4.5081708741
        4.4750000000         3.7000000000         4.5706094770
        4.4800000000         3.7000000000         4.6381451087
        4.4850000000         3.7000000000         4.6980351972
        4.4900000000         3.7000000000         4.7655708289
        4.4950000000         3.7000000000         4.8280094318
        4.5000000000         3.7000000000         4.8917222919
        4.5050000000         3.7000000000         4.9567094092
        4.5100000000         3.7000000000         5.0204222693
        4.5150000000         3.7000000000         5.0688440430
        4.5200000000         3.7000000000         5.0713925574
        4.5250000000         3.7000000000         1.1008071157
        4.5300000000         3.7000000000        -0.0026996214
        4.5350000000         3.7000000000        -0.0026996214
        4.5400000000         3.7000000000         0.0151399795
        4.5450000000         3.7000000000         0.0737558108
        4.5500000000         3.7000000000         0.1361944137
        4.5550000000         3.7000000000         0.2037300454
        4.5600000000         3.7000000000         0.2674429055
        4.5650000000         3.7000000000         0.3298815084
        4.5700000000         3.7000000000         0.3872230825
        4.5750000000         3.7000000000         0.4547587142
        4.5800000000         3.7000000000         0.5121002883
        4.5850000000         3.7000000000         0.5681676052
        4.5900000000         3.7000000000         0.6331547225
        4.5950000000         3.7000000000         0.6943190682
        4.6000000000         3.7000000000         0.7580319283
        4.6050000000         3.7000000000         0.8153735024
        4.6100000000         3.7000000000         0.8752635909
        4.6150000000         3.7000000000         0.9300566506
        4.6200000000         3.7000000000         0.9899467391
        4.6250000000         3.7000000000         1.0536595992
        4.6300000000         3.7000000000         1.1148239449
        4.6350000000         3.7000000000         1.1683427474
        4.6400000000         3.7000000000         1.2282328359
        4.6450000000         3.7000000000         1.2830258956
        4.6500000000         3.7000000000         1.3454644985
        4.6550000000         3.7000000000         1.3989833010
        4.6600000000         3.7000000000         1.4575991323
        4.6650000000         3.7000000000         1.5123921919
        4.6700000000         3.7000000000         1.5710080232
        4.6750000000         3.7000000000         1.6245268257
        4.6800000000         3.7000000000         1.6793198854
        4.6850000000         3.7000000000         1.7302901735
        4.6900000000         3.7000000000         1.7850832332
        4.6950000000         3.7000000000         1.8386020357
        4.7000000000         3.7000000000         1.8997663814
        4.7050000000         3.7000000000         1.9481881551
        4.7100000000         3.7000000000         2.0068039864
        4.7150000000         3.7000000000         2.0628713033
        4.7200000000         3.7000000000         2.1163901057
        4.7250000000         3.7000000000         2.1699089082
        4.7300000000         3.7000000000         2.2234277107
        4.7350000000         3.7000000000         2.2807692848
        4.7400000000         3.7000000000         2.3432078877
        4.7450000000         3.7000000000         2.3992752046
        4.7500000000         3.7000000000         2.4553425215
        4.7550000000         3.7000000000         2.5088613240
        4.7600000000         3.7000000000         2.5687514125
        4.7650000000         3.7000000000         2.6235444722
        4.7700000000         3.7000000000         2.6821603035
        4.7750000000         3.7000000000         2.7356791060
        4.7800000000         3.7000000000         2.7968434517
        4.7850000000         3.7000000000         2.8567335402
        4.7900000000         3.7000000000         2.9178978859
        4.7950000000         3.7000000000         2.9765137172
        4.8000000000         3.7000000000         3.0274840052
        4.8050000000         3.7000000000         3.0873740937
        4.8100000000         3.7000000000         3.1447156678
        4.8150000000         3.7000000000         3.2058800135
        4.8200000000         3.7000000000         3.2644958448
        4.8250000000         3.7000000000         3.3269344477
        4.8300000000         3.7000000000         3.3868245362
        4.8350000000         3.7000000000         3.4492631391
        4.8400000000         3.7000000000         3.5142502564
        4.8450000000         3.7000000000         3.5690433161
        4.8500000000         3.7000000000         3.6314819190
        4.8550000000         3.7000000000         3.6888234931
        4.8600000000         3.7000000000         3.7512620960
        4.8650000000         3.7000000000         3.8137006989
        4.8700000000         3.7000000000         3.8774135590
        4.8750000000         3.7000000000         3.9360293903
        4.8800000000         3.7000000000         3.9984679932
        4.8850000000         3.7000000000         4.0558095673
        4.8900000000         3.7000000000         4.1220709419
        4.8950000000         3.7000000000         4.1845095448
        4.9000000000         3.7000000000         4.2431253761
        4.9050000000         3.7000000000         4.3093867506
        4.9100000000         3.7000000000         4.3641798103
        4.9150000000         3.7000000000         4.4278926704
        4.9200000000         3.7000000000         4.4992510737
        4.9250000000         3.7000000000         4.5565926478
        4.9300000000         3.7000000000         4.6152084791
        4.9350000000         3.7000000000         4.6840183680
        4.9400000000         3.7000000000         4.7490054853
        4.9450000000         3.7000000000         4.8101698310
        4.9500000000         3.7000000000         4.8738826911
        4.9550000000         3.7000000000         4.9350470368
        4.9600000000         3.7000000000         5.0000341541
        4.9650000000         3.7000000000         5.0650212714
        4.9700000000         3.7000000000         5.0624727570
        4.9750000000         3.7000000000         1.1173724593
        4.9800000000         3.7000000000         0.0011231503
        4.9850000000         3.7000000000         0.0011231503
        4.9900000000         3.7000000000        -0.0026996214
        4.9950000000         3.7000000000         0.0584647243
        5.0000000000         3.7000000000         0.1272746133
        5.0050000000         3.7000000000         0.1871647018
        5.0100000000         3.7000000000         0.2508775619
        5.0150000000         3.7000000000         0.3145904220
        5.0200000000         3.7000000000         0.3744805105
        5.0250000000         3.7000000000         0.4369191134
        5.0300000000         3.7000000000         0.4942606875
        5.0350000000         3.7000000000         0.5566992904
        5.0400000000         3.7000000000         0.6229606649
        5.0450000000         3.7000000000         0.6815764962
        5.0500000000         3.7000000000         0.7440150991
        5.0550000000         3.7000000000         0.8051794448
        5.0600000000         3.7000000000         0.8650695333
        5.0650000000         3.7000000000         0.9313309078
        5.0700000000         3.7000000000         0.9861239675
        5.0750000000         3.7000000000         1.0460140560
        5.0800000000         3.7000000000         1.0995328585
        5.0850000000         3.7000000000         1.1581486898
        5.0900000000         3.7000000000         1.2167645211
        5.0950000000         3.7000000000         1.2766546096
        5.1000000000         3.7000000000         1.3365446981
        5.1050000000         3.7000000000         1.3938862722
        5.1100000000         3.7000000000         1.4474050746
        5.1150000000         3.7000000000         1.5021981343
        5.1200000000         3.7000000000         1.5595397084
        5.1250000000         3.7000000000         1.6156070253
        5.1300000000         3.7000000000         1.6704000850
        5.1350000000         3.7000000000         1.7239188875
        5.1400000000         3.7000000000         1.7761634328
        5.1450000000         3.7000000000         1.8322307497
        5.1500000000         3.7000000000         1.8895723238
        5.1550000000         3.7000000000         1.9430911263
        5.1600000000         3.7000000000         2.0004327004
        5.1650000000         3.7000000000         2.0539515028
        5.1700000000         3.7000000000         2.1138415913
        5.1750000000         3.7000000000         2.1609891078
        5.1800000000         3.7000000000         2.2183306819
        5.1850000000         3.7000000000         2.2718494844
        5.1900000000         3.7000000000         2.3304653157
        5.1950000000         3.7000000000         2.3903554042
        5.2000000000         3.7000000000         2.4451484639
        5.2050000000         3.7000000000         2.5024900380
        5.2100000000         3.7000000000         2.5598316121
        5.2150000000         3.7000000000         2.6197217006
        5.2200000000         3.7000000000         2.6719662459
        5.2250000000         3.7000000000         2.7331305916
        5.2300000000         3.7000000000         2.7942949373
        5.2350000000         3.7000000000         2.8427167109
        5.2400000000         3.7000000000         2.9102523427
        5.2450000000         3.7000000000         2.9663196595
        5.2500000000         3.7000000000         3.0262097480
        5.2550000000         3.7000000000         3.0848255793
        5.2600000000         3.7000000000         3.1472641822
        5.2650000000         3.7000000000         3.2058800135
        5.2700000000         3.7000000000         3.2759641597
        5.2750000000         3.7000000000         3.3243859333
        5.2800000000         3.7000000000         3.3817275074
        5.2850000000         3.7000000000         3.4467146247
        5.2900000000         3.7000000000         3.5053304560
        5.2950000000         3.7000000000         3.5690433161
        5.3000000000         3.7000000000         3.6276591474
        5.3050000000         3.7000000000         3.6862749787
        5.3100000000         3.7000000000         3.7525363532
        5.3150000000         3.7000000000         3.8098779273
        5.3200000000         3.7000000000         3.8684937586
        5.3250000000         3.7000000000         3.9309323615
        5.3300000000         3.7000000000         3.9959194788
        5.3350000000         3.7000000000         4.0558095673
        5.3400000000         3.7000000000         4.1131511414
        5.3450000000         3.7000000000         4.1743154871
        5.3500000000         3.7000000000         4.2329313184
        5.3550000000         3.7000000000         4.2953699213
        5.3600000000         3.7000000000         4.3565342670
        5.3650000000         3.7000000000         4.4253441560
        5.3700000000         3.7000000000         4.4839599872
        5.3750000000         3.7000000000         4.5502213618
        5.3800000000         3.7000000000         4.6050144214
        5.3850000000         3.7000000000         4.6700015388
        5.3900000000         3.7000000000         4.7388114277
        5.3950000000         3.7000000000         4.8012500306
        5.4000000000         3.7000000000         4.8687856623
        5.4050000000         3.7000000000         4.9261272364
        5.4100000000         3.7000000000         4.9936628681
        5.4150000000         3.7000000000         5.0548272138
        5.4200000000         3.7000000000         5.0675697858
        5.4250000000         3.7000000000         1.1135496877
        5.4300000000         3.7000000000         0.0074944363
        5.4350000000         3.7000000000         0.0062201791
        5.4400000000         3.7000000000        -0.0001511069
        5.4450000000         3.7000000000         0.0520934383
        5.4500000000         3.7000000000         0.1119835268
        5.4550000000         3.7000000000         0.1795191585
        5.4600000000         3.7000000000         0.2394092470
        5.4650000000         3.7000000000         0.2992993355
        5.4700000000         3.7000000000         0.3668349673
        5.4750000000         3.7000000000         0.4241765414
        5.4800000000         3.7000000000         0.4853408871
        5.4850000000         3.7000000000         0.5516022616
        5.4900000000         3.7000000000         0.6165893789
        5.4950000000         3.7000000000         0.6713824386
        5.5000000000         3.7000000000         0.7350952987
        5.5050000000         3.7000000000         0.7962596444
        5.5100000000         3.7000000000         0.8586982473
        5.5150000000         3.7000000000         0.9211368502
        5.5200000000         3.7000000000         0.9772041671
        5.5250000000         3.7000000000         1.0383685128
        5.5300000000         3.7000000000         1.0944358297
        5.5350000000         3.7000000000         1.1505031465
        5.5400000000         3.7000000000         1.2167645211
        5.5450000000         3.7000000000         1.2715575807
        5.5500000000         3.7000000000         1.3314476692
        5.5550000000         3.7000000000         1.3875149861
        5.5600000000         3.7000000000         1.4410337886
        5.5650000000         3.7000000000         1.4996496199
        5.5700000000         3.7000000000         1.5582654512
        5.5750000000         3.7000000000         1.6143327681
        5.5800000000         3.7000000000         1.6704000850
        5.5850000000         3.7000000000         1.7277416591
        5.5900000000         3.7000000000         1.7812604616
        5.5950000000         3.7000000000         1.8360535213
        5.6000000000         3.7000000000         1.8921208382
        5.6050000000         3.7000000000         1.9418168691
        5.6100000000         3.7000000000         1.9966099287
        5.6150000000         3.7000000000         2.0539515028
        5.6200000000         3.7000000000         2.1125673341
        5.6250000000         3.7000000000         2.1660861366
        5.6300000000         3.7000000000         2.2272504823
        5.6350000000         3.7000000000         2.2820435420
        5.6400000000         3.7000000000         2.3381108589
        5.6450000000         3.7000000000         2.3992752046
        5.6500000000         3.7000000000         2.4527940071
        5.6550000000         3.7000000000         2.5152326100
        5.6600000000         3.7000000000         2.5738484413
        5.6650000000         3.7000000000         2.6311900154
        5.6700000000         3.7000000000         2.6885315895
        5.6750000000         3.7000000000         2.7509701924
        5.6800000000         3.7000000000         2.8019404805
        5.6850000000         3.7000000000         2.8580077974
        5.6900000000         3.7000000000         2.9293662007
        5.6950000000         3.7000000000         2.9828850032
        5.7000000000         3.7000000000         3.0415008345
        5.7050000000         3.7000000000         3.1026651802
        5.7100000000         3.7000000000         3.1574582399
        5.7150000000         3.7000000000         3.2198968428
        5.7200000000         3.7000000000         3.2810611885
        5.7250000000         3.7000000000         3.3384027626
        5.7300000000         3.7000000000         3.4046641371
        5.7350000000         3.7000000000         3.4607314540
        5.7400000000         3.7000000000         3.5206215425
        5.7450000000         3.7000000000         3.5805116310
        5.7500000000         3.7000000000         3.6404017195
        5.7550000000         3.7000000000         3.7053888368
        5.7600000000         3.7000000000         3.7665531825
        5.7650000000         3.7000000000         3.8302660426
        5.7700000000         3.7000000000         3.8927046455
        5.7750000000         3.7000000000         3.9576917628
        5.7800000000         3.7000000000         4.0137590797
        5.7850000000         3.7000000000         4.0749234254
        5.7900000000         3.7000000000         4.1360877711
        5.7950000000         3.7000000000         4.1972521168
