        0.0000000000         3.8000000000         3.0631632069
        0.0050000000         3.8000000000         3.0618889497
        0.0100000000         3.8000000000         3.0657117213
        0.0150000000         3.8000000000         3.0657117213
        0.0200000000         3.8000000000         3.0708087501
        0.0250000000         3.8000000000         3.0873740937
        0.0300000000         3.8000000000         3.1090364662
        0.0350000000         3.8000000000         3.1294245814
        0.0400000000         3.8000000000         3.1587324971
        0.0450000000         3.8000000000         3.1893146699
        0.0500000000         3.8000000000         3.2160740712
        0.0550000000         3.8000000000         3.2581245588
        0.0600000000         3.8000000000         3.2938037605
        0.0650000000         3.8000000000         3.3320314765
        0.0700000000         3.8000000000         3.3626136494
        0.0750000000         3.8000000000         3.4059383943
        0.0800000000         3.8000000000         3.4454403675
        0.0850000000         3.8000000000         3.4887651124
        0.0900000000         3.8000000000         3.5295413429
        0.0950000000         3.8000000000         3.5754146021
        0.1000000000         3.8000000000         3.6276591474
        0.1050000000         3.8000000000         3.6697096351
        0.1100000000         3.8000000000         3.7219541804
        0.1150000000         3.8000000000         3.7703759541
        0.1200000000         3.8000000000         3.8149749561
        0.1250000000         3.8000000000         3.8646709870
        0.1300000000         3.8000000000         3.9194640467
        0.1350000000         3.8000000000         3.9691600776
        0.1400000000         3.8000000000         4.0201303657
        0.1450000000         3.8000000000         4.0736491682
        0.1500000000         3.8000000000         4.1233451991
        0.1550000000         3.8000000000         4.1743154871
        0.1600000000         3.8000000000         4.2252857752
        0.1650000000         3.8000000000         4.2851758637
        0.1700000000         3.8000000000         4.3412431806
        0.1750000000         3.8000000000         4.3896649543
        0.1800000000         3.8000000000         4.4508293000
        0.1850000000         3.8000000000         4.5068966169
        0.1900000000         3.8000000000         4.5655124482
        0.1950000000         3.8000000000         4.6190312507
        0.2000000000         3.8000000000         4.6738243104
        0.2050000000         3.8000000000         4.7375371705
        0.2100000000         3.8000000000         4.7948787446
        0.2150000000         3.8000000000         4.8522203187
        0.2200000000         3.8000000000         4.9133846644
        0.2250000000         3.8000000000         4.9694519812
        0.2300000000         3.8000000000         5.0306163269
        0.2350000000         3.8000000000         5.0662955286
        0.2400000000         3.8000000000         5.0701183002
        0.2450000000         3.8000000000         1.1288407741
        0.2500000000         3.8000000000         0.0011231503
        0.2550000000         3.8000000000        -0.0001511069
        0.2600000000         3.8000000000         0.0113172079
        0.2650000000         3.8000000000         0.0686587820
        0.2700000000         3.8000000000         0.1298231277
        0.2750000000         3.8000000000         0.1909874734
        0.2800000000         3.8000000000         0.2508775619
        0.2850000000         3.8000000000         0.3082191360
        0.2900000000         3.8000000000         0.3744805105
        0.2950000000         3.8000000000         0.4305478274
        0.3000000000         3.8000000000         0.4917121731
        0.3050000000         3.8000000000         0.5516022616
        0.3100000000         3.8000000000         0.6102180929
        0.3150000000         3.8000000000         0.6739309530
        0.3200000000         3.8000000000         0.7312725271
        0.3250000000         3.8000000000         0.7860655867
        0.3300000000         3.8000000000         0.8472299324
        0.3350000000         3.8000000000         0.9045715065
        0.3400000000         3.8000000000         0.9657358522
        0.3450000000         3.8000000000         1.0243516835
        0.3500000000         3.8000000000         1.0791447432
        0.3550000000         3.8000000000         1.1377605745
        0.3600000000         3.8000000000         1.1951021486
        0.3650000000         3.8000000000         1.2524437227
        0.3700000000         3.8000000000         1.3123338112
        0.3750000000         3.8000000000         1.3671268709
        0.3800000000         3.8000000000         1.4295654738
        0.3850000000         3.8000000000         1.4830842763
        0.3900000000         3.8000000000         1.5327803072
        0.3950000000         3.8000000000         1.5913961385
        0.4000000000         3.8000000000         1.6461891982
        0.4050000000         3.8000000000         1.7048050295
        0.4100000000         3.8000000000         1.7570495747
        0.4150000000         3.8000000000         1.8156654060
        0.4200000000         3.8000000000         1.8640871797
        0.4250000000         3.8000000000         1.9188802394
        0.4300000000         3.8000000000         1.9762218135
        0.4350000000         3.8000000000         2.0361119020
        0.4400000000         3.8000000000         2.0858079329
        0.4450000000         3.8000000000         2.1444237642
        0.4500000000         3.8000000000         2.2030395955
        0.4550000000         3.8000000000         2.2540098836
        0.4600000000         3.8000000000         2.3113514577
        0.4650000000         3.8000000000         2.3712415462
        0.4700000000         3.8000000000         2.4222118342
        0.4750000000         3.8000000000         2.4846504371
        0.4800000000         3.8000000000         2.5419920112
        0.4850000000         3.8000000000         2.5980593281
        0.4900000000         3.8000000000         2.6630464454
        0.4950000000         3.8000000000         2.7127424763
        0.5000000000         3.8000000000         2.7777295936
        0.5050000000         3.8000000000         2.8325226533
        0.5100000000         3.8000000000         2.8987840278
        0.5150000000         3.8000000000         2.9523028303
        0.5200000000         3.8000000000         3.0147414332
        0.5250000000         3.8000000000         3.0835513221
        0.5300000000         3.8000000000         3.1332473530
        0.5350000000         3.8000000000         3.2007829847
        0.5400000000         3.8000000000         3.2632215876
        0.5450000000         3.8000000000         3.3167403901
        0.5500000000         3.8000000000         3.3766304786
        0.5550000000         3.8000000000         3.4441661103
        0.5600000000         3.8000000000         3.4976849128
        0.5650000000         3.8000000000         3.5639462873
        0.5700000000         3.8000000000         3.6212878614
        0.5750000000         3.8000000000         3.6888234931
        0.5800000000         3.8000000000         3.7487135816
        0.5850000000         3.8000000000         3.8111521845
        0.5900000000         3.8000000000         3.8710422730
        0.5950000000         3.8000000000         3.9360293903
        0.6000000000         3.8000000000         4.0010165077
        0.6050000000         3.8000000000         4.0621808534
        0.6100000000         3.8000000000         4.1297164851
        0.6150000000         3.8000000000         4.1896065736
        0.6200000000         3.8000000000         4.2558679481
        0.6250000000         3.8000000000         4.3157580366
        0.6300000000         3.8000000000         4.3845679255
        0.6350000000         3.8000000000         4.4495550428
        0.6400000000         3.8000000000         4.5158164173
        0.6450000000         3.8000000000         4.5769807630
        0.6500000000         3.8000000000         4.6470649091
        0.6550000000         3.8000000000         4.7133262836
        0.6600000000         3.8000000000         4.7744906293
        0.6650000000         3.8000000000         4.8394777466
        0.6700000000         3.8000000000         4.9044648639
        0.6750000000         3.8000000000         4.9770975245
        0.6800000000         3.8000000000         5.0395361274
        0.6850000000         3.8000000000         5.0662955286
        0.6900000000         3.8000000000         5.0637470142
        0.6950000000         3.8000000000         1.1059041445
        0.7000000000         3.8000000000        -0.0001511069
        0.7050000000         3.8000000000         0.0062201791
        0.7100000000         3.8000000000         0.0469964095
        0.7150000000         3.8000000000         0.1094350124
        0.7200000000         3.8000000000         0.1744221297
        0.7250000000         3.8000000000         0.2406835042
        0.7300000000         3.8000000000         0.3056706216
        0.7350000000         3.8000000000         0.3744805105
        0.7400000000         3.8000000000         0.4394676278
        0.7450000000         3.8000000000         0.4993577163
        0.7500000000         3.8000000000         0.5630705764
        0.7550000000         3.8000000000         0.6242349221
        0.7600000000         3.8000000000         0.6892220394
        0.7650000000         3.8000000000         0.7542091567
        0.7700000000         3.8000000000         0.8179220168
        0.7750000000         3.8000000000         0.8829091341
        0.7800000000         3.8000000000         0.9415249654
        0.7850000000         3.8000000000         1.0039635683
        0.7900000000         3.8000000000         1.0664021712
        0.7950000000         3.8000000000         1.1237437453
        0.8000000000         3.8000000000         1.1810853194
        0.8050000000         3.8000000000         1.2409754079
        0.8100000000         3.8000000000         1.3021397536
        0.8150000000         3.8000000000         1.3620298421
        0.8200000000         3.8000000000         1.4282912166
        0.8250000000         3.8000000000         1.4830842763
        0.8300000000         3.8000000000         1.5366030788
        0.8350000000         3.8000000000         1.5952189101
        0.8400000000         3.8000000000         1.6461891982
        0.8450000000         3.8000000000         1.7048050295
        0.8500000000         3.8000000000         1.7659693752
        0.8550000000         3.8000000000         1.8233109493
        0.8600000000         3.8000000000         1.8806525234
        0.8650000000         3.8000000000         1.9379940974
        0.8700000000         3.8000000000         1.9902386427
        0.8750000000         3.8000000000         2.0475802168
        0.8800000000         3.8000000000         2.1074703053
        0.8850000000         3.8000000000         2.1673603938
        0.8900000000         3.8000000000         2.2234277107
        0.8950000000         3.8000000000         2.2782207704
        0.9000000000         3.8000000000         2.3406593733
        0.9050000000         3.8000000000         2.4005494618
        0.9100000000         3.8000000000         2.4591652931
        0.9150000000         3.8000000000         2.5190553816
        0.9200000000         3.8000000000         2.5878652705
        0.9250000000         3.8000000000         2.6362870442
        0.9300000000         3.8000000000         2.6949028755
        0.9350000000         3.8000000000         2.7586157356
        0.9400000000         3.8000000000         2.8197800813
        0.9450000000         3.8000000000         2.8758473982
        0.9500000000         3.8000000000         2.9370117439
        0.9550000000         3.8000000000         2.9981760896
        0.9600000000         3.8000000000         3.0580661781
        0.9650000000         3.8000000000         3.1230532954
        0.9700000000         3.8000000000         3.1816691267
        0.9750000000         3.8000000000         3.2441077296
        0.9800000000         3.8000000000         3.3014493037
        0.9850000000         3.8000000000         3.3651621638
        0.9900000000         3.8000000000         3.4339720527
        0.9950000000         3.8000000000         3.4989591700
        1.0000000000         3.8000000000         3.5563007441
        1.0050000000         3.8000000000         3.6251106330
        1.0100000000         3.8000000000         3.6888234931
        1.0150000000         3.8000000000         3.7538106104
        1.0200000000         3.8000000000         3.8086036701
        1.0250000000         3.8000000000         3.8786878162
        1.0300000000         3.8000000000         3.9424006764
        1.0350000000         3.8000000000         4.0048392793
        1.0400000000         3.8000000000         4.0685521394
        1.0450000000         3.8000000000         4.1309907423
        1.0500000000         3.8000000000         4.1959778596
        1.0550000000         3.8000000000         4.2635134913
        1.0600000000         3.8000000000         4.3272263514
        1.0650000000         3.8000000000         4.3947619831
        1.0700000000         3.8000000000         4.4597491004
        1.0750000000         3.8000000000         4.5247362177
        1.0800000000         3.8000000000         4.5884490778
        1.0850000000         3.8000000000         4.6610817383
        1.0900000000         3.8000000000         4.7286173701
        1.0950000000         3.8000000000         4.7923302302
        1.1000000000         3.8000000000         4.8585916047
        1.1050000000         3.8000000000         4.9235787220
        1.1100000000         3.8000000000         4.9949371253
        1.1150000000         3.8000000000         5.0611984998
        1.1200000000         3.8000000000         5.0688440430
        1.1250000000         3.8000000000         1.0893388008
        1.1300000000         3.8000000000        -0.0026996214
        1.1350000000         3.8000000000        -0.0026996214
        1.1400000000         3.8000000000         0.0074944363
        1.1450000000         3.8000000000         0.0712072964
        1.1500000000         3.8000000000         0.1361944137
        1.1550000000         3.8000000000         0.2062785598
        1.1600000000         3.8000000000         0.2738141915
        1.1650000000         3.8000000000         0.3375270516
        1.1700000000         3.8000000000         0.3999656545
        1.1750000000         3.8000000000         0.4662270290
        1.1800000000         3.8000000000         0.5350369179
        1.1850000000         3.8000000000         0.5962012636
        1.1900000000         3.8000000000         0.6662854098
        1.1950000000         3.8000000000         0.7210784694
        1.2000000000         3.8000000000         0.7860655867
        1.2050000000         3.8000000000         0.8472299324
        1.2100000000         3.8000000000         0.9096685354
        1.2150000000         3.8000000000         0.9733813955
        1.2200000000         3.8000000000         1.0319972268
        1.2250000000         3.8000000000         1.0957100869
        1.2300000000         3.8000000000         1.1517774038
        1.2350000000         3.8000000000         1.2129417495
        1.2400000000         3.8000000000         1.2779288668
        1.2450000000         3.8000000000         1.3416417269
        1.2500000000         3.8000000000         1.4002575582
        1.2550000000         3.8000000000         1.4525021034
        1.2600000000         3.8000000000         1.5123921919
        1.2650000000         3.8000000000         1.5710080232
        1.2700000000         3.8000000000         1.6347208833
        1.2750000000         3.8000000000         1.6895139430
        1.2800000000         3.8000000000         1.7443070027
        1.2850000000         3.8000000000         1.8016485768
        1.2900000000         3.8000000000         1.8538931221
        1.2950000000         3.8000000000         1.9112346962
        1.3000000000         3.8000000000         1.9736732991
        1.3050000000         3.8000000000         2.0310148732
        1.3100000000         3.8000000000         2.0909049617
        1.3150000000         3.8000000000         2.1482465358
        1.3200000000         3.8000000000         2.1992168239
        1.3250000000         3.8000000000         2.2591069124
        1.3300000000         3.8000000000         2.3317395729
        1.3350000000         3.8000000000         2.3827098610
        1.3400000000         3.8000000000         2.4400514351
        1.3450000000         3.8000000000         2.4999415236
        1.3500000000         3.8000000000         2.5547345833
        1.3550000000         3.8000000000         2.6209959578
        1.3600000000         3.8000000000         2.6796117891
        1.3650000000         3.8000000000         2.7433246492
        1.3700000000         3.8000000000         2.7968434517
        1.3750000000         3.8000000000         2.8580077974
        1.3800000000         3.8000000000         2.9229949147
        1.3850000000         3.8000000000         2.9905305464
        1.3900000000         3.8000000000         3.0453236061
        1.3950000000         3.8000000000         3.1064879518
        1.4000000000         3.8000000000         3.1702008119
        1.4050000000         3.8000000000         3.2326394148
        1.4100000000         3.8000000000         3.2938037605
        1.4150000000         3.8000000000         3.3587908778
        1.4200000000         3.8000000000         3.4199552235
        1.4250000000         3.8000000000         3.4811195692
        1.4300000000         3.8000000000         3.5461066865
        1.4350000000         3.8000000000         3.6098195466
        1.4400000000         3.8000000000         3.6722581495
        1.4450000000         3.8000000000         3.7346967524
        1.4500000000         3.8000000000         3.7971353553
        1.4550000000         3.8000000000         3.8608482154
        1.4600000000         3.8000000000         3.9283838471
        1.4650000000         3.8000000000         3.9920967072
        1.4700000000         3.8000000000         4.0596323389
        1.4750000000         3.8000000000         4.1258937135
        1.4800000000         3.8000000000         4.1845095448
        1.4850000000         3.8000000000         4.2520451765
        1.4900000000         3.8000000000         4.3157580366
        1.4950000000         3.8000000000         4.3794708967
        1.5000000000         3.8000000000         4.4495550428
        1.5050000000         3.8000000000         4.5119936457
        1.5100000000         3.8000000000         4.5744322486
        1.5150000000         3.8000000000         4.6470649091
        1.5200000000         3.8000000000         4.7133262836
        1.5250000000         3.8000000000         4.7821361725
        1.5300000000         3.8000000000         4.8471232898
        1.5350000000         3.8000000000         4.9146589216
        1.5400000000         3.8000000000         4.9821945533
        1.5450000000         3.8000000000         5.0510044422
        1.5500000000         3.8000000000         5.0637470142
        1.5550000000         3.8000000000         1.1033556301
        1.5600000000         3.8000000000         0.0011231503
        1.5650000000         3.8000000000         0.0049459219
        1.5700000000         3.8000000000         0.0011231503
        1.5750000000         3.8000000000         0.0635617532
        1.5800000000         3.8000000000         0.1336458993
        1.5850000000         3.8000000000         0.1973587594
        1.5900000000         3.8000000000         0.2572488479
        1.5950000000         3.8000000000         0.3235102224
        1.6000000000         3.8000000000         0.3910458541
        1.6050000000         3.8000000000         0.4585814858
        1.6100000000         3.8000000000         0.5222943459
        1.6150000000         3.8000000000         0.5885557204
        1.6200000000         3.8000000000         0.6484458089
        1.6250000000         3.8000000000         0.7172556978
        1.6300000000         3.8000000000         0.7822428151
        1.6350000000         3.8000000000         0.8434071608
        1.6400000000         3.8000000000         0.9083942781
        1.6450000000         3.8000000000         0.9670101094
        1.6500000000         3.8000000000         1.0256259407
        1.6550000000         3.8000000000         1.0855160292
        1.6600000000         3.8000000000         1.1517774038
        1.6650000000         3.8000000000         1.2142160067
        1.6700000000         3.8000000000         1.2728318380
        1.6750000000         3.8000000000         1.3327219264
        1.6800000000         3.8000000000         1.3913377577
        1.6850000000         3.8000000000         1.4474050746
        1.6900000000         3.8000000000         1.5047466487
        1.6950000000         3.8000000000         1.5684595088
        1.7000000000         3.8000000000         1.6258010829
        1.7050000000         3.8000000000         1.6793198854
        1.7100000000         3.8000000000         1.7392099739
        1.7150000000         3.8000000000         1.7965515480
        1.7200000000         3.8000000000         1.8500703505
        1.7250000000         3.8000000000         1.9048634102
        1.7300000000         3.8000000000         1.9583822127
        1.7350000000         3.8000000000         2.0157237868
        1.7400000000         3.8000000000         2.0717911037
        1.7450000000         3.8000000000         2.1329554494
        1.7500000000         3.8000000000         2.1902970235
        1.7550000000         3.8000000000         2.2489128548
        1.7600000000         3.8000000000         2.3113514577
        1.7650000000         3.8000000000         2.3699672890
        1.7700000000         3.8000000000         2.4260346059
        1.7750000000         3.8000000000         2.4871989516
        1.7800000000         3.8000000000         2.5419920112
        1.7850000000         3.8000000000         2.6044306141
        1.7900000000         3.8000000000         2.6617721882
        1.7950000000         3.8000000000         2.7254850483
        1.8000000000         3.8000000000         2.7828266224
        1.8050000000         3.8000000000         2.8427167109
        1.8100000000         3.8000000000         2.9089780854
        1.8150000000         3.8000000000         2.9624968879
        1.8200000000         3.8000000000         3.0274840052
        1.8250000000         3.8000000000         3.0835513221
        1.8300000000         3.8000000000         3.1472641822
        1.8350000000         3.8000000000         3.2135255568
        1.8400000000         3.8000000000         3.2721413880
        1.8450000000         3.8000000000         3.3371285054
        1.8500000000         3.8000000000         3.3995671083
        1.8550000000         3.8000000000         3.4658284828
        1.8600000000         3.8000000000         3.5269928285
        1.8650000000         3.8000000000         3.5881571742
        1.8700000000         3.8000000000         3.6569670631
        1.8750000000         3.8000000000         3.7194056660
        1.8800000000         3.8000000000         3.7767472401
        1.8850000000         3.8000000000         3.8442828718
        1.8900000000         3.8000000000         3.9067214747
        1.8950000000         3.8000000000         3.9704343348
        1.9000000000         3.8000000000         4.0430669953
        1.9050000000         3.8000000000         4.1042313410
        1.9100000000         3.8000000000         4.1692184583
        1.9150000000         3.8000000000         4.2291085468
        1.9200000000         3.8000000000         4.2953699213
        1.9250000000         3.8000000000         4.3641798103
        1.9300000000         3.8000000000         4.4278926704
        1.9350000000         3.8000000000         4.4916055305
        1.9400000000         3.8000000000         4.5578669050
        1.9450000000         3.8000000000         4.6254025367
        1.9500000000         3.8000000000         4.6903896540
        1.9550000000         3.8000000000         4.7591995429
        1.9600000000         3.8000000000         4.8267351746
        1.9650000000         3.8000000000         4.8866252631
        1.9700000000         3.8000000000         4.9592579236
        1.9750000000         3.8000000000         5.0293420697
        1.9800000000         3.8000000000         5.0688440430
        1.9850000000         3.8000000000         5.0701183002
        1.9900000000         3.8000000000         1.1199209737
        1.9950000000         3.8000000000         0.0023974075
        2.0000000000         3.8000000000         0.0011231503
        2.0050000000         3.8000000000         0.0418993807
        2.0100000000         3.8000000000         0.1056122408
        2.0150000000         3.8000000000         0.1705993581
        2.0200000000         3.8000000000         0.2317637038
        2.0250000000         3.8000000000         0.3005735927
        2.0300000000         3.8000000000         0.3693834817
        2.0350000000         3.8000000000         0.4330963418
        2.0400000000         3.8000000000         0.5019062307
        2.0450000000         3.8000000000         0.5643448336
        2.0500000000         3.8000000000         0.6255091793
        2.0550000000         3.8000000000         0.6917705538
        2.0600000000         3.8000000000         0.7529348995
        2.0650000000         3.8000000000         0.8191962740
        2.0700000000         3.8000000000         0.8803606197
        2.0750000000         3.8000000000         0.9389764510
        2.0800000000         3.8000000000         0.9988665395
        2.0850000000         3.8000000000         1.0613051424
        2.0900000000         3.8000000000         1.1237437453
        2.0950000000         3.8000000000         1.1798110622
        2.1000000000         3.8000000000         1.2384268935
        2.1050000000         3.8000000000         1.2995912392
        2.1100000000         3.8000000000         1.3569328133
        2.1150000000         3.8000000000         1.4206456734
        2.1200000000         3.8000000000         1.4754387331
        2.1250000000         3.8000000000         1.5327803072
        2.1300000000         3.8000000000         1.5939446529
        2.1350000000         3.8000000000         1.6500119698
        2.1400000000         3.8000000000         1.7111763155
        2.1450000000         3.8000000000         1.7646951180
        2.1500000000         3.8000000000         1.8207624349
        2.1550000000         3.8000000000         1.8755554945
        2.1600000000         3.8000000000         1.9328970686
        2.1650000000         3.8000000000         1.9902386427
        2.1700000000         3.8000000000         2.0526772456
        2.1750000000         3.8000000000         2.1125673341
        2.1800000000         3.8000000000         2.1673603938
        2.1850000000         3.8000000000         2.2234277107
        2.1900000000         3.8000000000         2.2833177992
        2.1950000000         3.8000000000         2.3457564021
        2.2000000000         3.8000000000         2.4030979762
        2.2050000000         3.8000000000         2.4591652931
        2.2100000000         3.8000000000         2.5139583528
        2.2150000000         3.8000000000         2.5738484413
        2.2200000000         3.8000000000         2.6388355586
        2.2250000000         3.8000000000         2.7012741615
        2.2300000000         3.8000000000         2.7586157356
        2.2350000000         3.8000000000         2.8159573097
        2.2400000000         3.8000000000         2.8885899702
        2.2450000000         3.8000000000         2.9331889723
        2.2500000000         3.8000000000         2.9981760896
        2.2550000000         3.8000000000         3.0618889497
        2.2600000000         3.8000000000         3.1205047810
        2.2650000000         3.8000000000         3.1880404127
        2.2700000000         3.8000000000         3.2504790156
        2.2750000000         3.8000000000         3.3052720753
        2.2800000000         3.8000000000         3.3740819642
        2.2850000000         3.8000000000         3.4326977955
        2.2900000000         3.8000000000         3.5002334272
        2.2950000000         3.8000000000         3.5613977729
        2.3000000000         3.8000000000         3.6276591474
        2.3050000000         3.8000000000         3.6888234931
        2.3100000000         3.8000000000         3.7525363532
        2.3150000000         3.8000000000         3.8137006989
        2.3200000000         3.8000000000         3.8850591023
        2.3250000000         3.8000000000         3.9487719624
        2.3300000000         3.8000000000         4.0112105653
        2.3350000000         3.8000000000         4.0800204542
        2.3400000000         3.8000000000         4.1411847999
        2.3450000000         3.8000000000         4.2061719172
        2.3500000000         3.8000000000         4.2698847773
        2.3550000000         3.8000000000         4.3348718946
        2.3600000000         3.8000000000         4.4049560407
        2.3650000000         3.8000000000         4.4661203864
        2.3700000000         3.8000000000         4.5311075037
        2.3750000000         3.8000000000         4.5999173926
        2.3800000000         3.8000000000         4.6674530244
        2.3850000000         3.8000000000         4.7349886561
        2.3900000000         3.8000000000         4.8076213166
        2.3950000000         3.8000000000         4.8751569483
        2.4000000000         3.8000000000         4.9439668372
        2.4050000000         3.8000000000         5.0115024689
        2.4100000000         3.8000000000         5.0675697858
        2.4150000000         3.8000000000         5.0688440430
        2.4200000000         3.8000000000         1.1084526589
        2.4250000000         3.8000000000         0.0049459219
        2.4300000000         3.8000000000         0.0011231503
        2.4350000000         3.8000000000         0.0253340371
        2.4400000000         3.8000000000         0.0966924404
        2.4450000000         3.8000000000         0.1642280721
        2.4500000000         3.8000000000         0.2279409322
        2.4550000000         3.8000000000         0.2929280495
        2.4600000000         3.8000000000         0.3591894240
        2.4650000000         3.8000000000         0.4254507986
        2.4700000000         3.8000000000         0.4904379159
        2.4750000000         3.8000000000         0.5566992904
        2.4800000000         3.8000000000         0.6165893789
        2.4850000000         3.8000000000         0.6803022390
        2.4900000000         3.8000000000         0.7491121279
        2.4950000000         3.8000000000         0.8128249880
        2.5000000000         3.8000000000         0.8714408193
        2.5050000000         3.8000000000         0.9351536794
        2.5100000000         3.8000000000         0.9937695107
        2.5150000000         3.8000000000         1.0574823708
        2.5200000000         3.8000000000         1.1160982021
        2.5250000000         3.8000000000         1.1785368050
        2.5300000000         3.8000000000         1.2358783791
        2.5350000000         3.8000000000         1.2970427248
        2.5400000000         3.8000000000         1.3518357845
        2.5450000000         3.8000000000         1.4206456734
        2.5500000000         3.8000000000         1.4805357619
        2.5550000000         3.8000000000         1.5366030788
        2.5600000000         3.8000000000         1.5939446529
        2.5650000000         3.8000000000         1.6551089986
        2.5700000000         3.8000000000         1.7111763155
        2.5750000000         3.8000000000         1.7697921468
        2.5800000000         3.8000000000         1.8258594637
        2.5850000000         3.8000000000         1.8857495522
        2.5900000000         3.8000000000         1.9430911263
        2.5950000000         3.8000000000         2.0017069576
        2.6000000000         3.8000000000         2.0577742744
        2.6050000000         3.8000000000         2.1112930769
        2.6100000000         3.8000000000         2.1737316798
        2.6150000000         3.8000000000         2.2310732539
        2.6200000000         3.8000000000         2.2922375996
        2.6250000000         3.8000000000         2.3534019453
        2.6300000000         3.8000000000         2.4120177766
        2.6350000000         3.8000000000         2.4680850935
        2.6400000000         3.8000000000         2.5241524104
        2.6450000000         3.8000000000         2.5904137849
        2.6500000000         3.8000000000         2.6477553590
        2.6550000000         3.8000000000         2.7076454475
        2.6600000000         3.8000000000         2.7713583076
        2.6650000000         3.8000000000         2.8312483961
        2.6700000000         3.8000000000         2.8924127418
        2.6750000000         3.8000000000         2.9510285731
        2.6800000000         3.8000000000         3.0121929188
        2.6850000000         3.8000000000         3.0720830073
        2.6900000000         3.8000000000         3.1383443818
        2.6950000000         3.8000000000         3.1969602131
        2.7000000000         3.8000000000         3.2632215876
        2.7050000000         3.8000000000         3.3231116761
        2.7100000000         3.8000000000         3.3880987934
        2.7150000000         3.8000000000         3.4505373963
        2.7200000000         3.8000000000         3.5193472853
        2.7250000000         3.8000000000         3.5830601454
        2.7300000000         3.8000000000         3.6442244911
        2.7350000000         3.8000000000         3.7104858656
        2.7400000000         3.8000000000         3.7716502113
        2.7450000000         3.8000000000         3.8391858430
        2.7500000000         3.8000000000         3.8978016743
        2.7550000000         3.8000000000         3.9678858204
        2.7600000000         3.8000000000         4.0354214521
        2.7650000000         3.8000000000         4.0978600550
        2.7700000000         3.8000000000         4.1602986579
        2.7750000000         3.8000000000         4.2252857752
        2.7800000000         3.8000000000         4.2928214069
        2.7850000000         3.8000000000         4.3539857526
        2.7900000000         3.8000000000         4.4202471271
        2.7950000000         3.8000000000         4.4839599872
        2.8000000000         3.8000000000         4.5578669050
        2.8050000000         3.8000000000         4.6241282795
        2.8100000000         3.8000000000         4.6865668824
        2.8150000000         3.8000000000         4.7541025141
        2.8200000000         3.8000000000         4.8229124030
        2.8250000000         3.8000000000         4.8840767487
        2.8300000000         3.8000000000         4.9541608948
        2.8350000000         3.8000000000         5.0293420697
        2.8400000000         3.8000000000         5.0637470142
        2.8450000000         3.8000000000         5.0624727570
        2.8500000000         3.8000000000         1.0982586013
        2.8550000000         3.8000000000        -0.0026996214
        2.8600000000         3.8000000000        -0.0026996214
        2.8650000000         3.8000000000         0.0457221523
        2.8700000000         3.8000000000         0.1068864980
        2.8750000000         3.8000000000         0.1756963869
        2.8800000000         3.8000000000         0.2419577615
        2.8850000000         3.8000000000         0.3069448788
        2.8900000000         3.8000000000         0.3719319961
        2.8950000000         3.8000000000         0.4343705990
        2.9000000000         3.8000000000         0.5019062307
        2.9050000000         3.8000000000         0.5630705764
        2.9100000000         3.8000000000         0.6280576937
        2.9150000000         3.8000000000         0.6955933254
        2.9200000000         3.8000000000         0.7554834139
        2.9250000000         3.8000000000         0.8217447884
        2.9300000000         3.8000000000         0.8867319057
        2.9350000000         3.8000000000         0.9478962514
        2.9400000000         3.8000000000         1.0077863399
        2.9450000000         3.8000000000         1.0740477144
        2.9500000000         3.8000000000         1.1352120601
        2.9550000000         3.8000000000         1.1925536342
        2.9600000000         3.8000000000         1.2575407515
        2.9650000000         3.8000000000         1.3148823256
        2.9700000000         3.8000000000         1.3747724141
        2.9750000000         3.8000000000         1.4359367598
        2.9800000000         3.8000000000         1.4920040767
        2.9850000000         3.8000000000         1.5493456508
        2.9900000000         3.8000000000         1.6066872249
        2.9950000000         3.8000000000         1.6653030562
        3.0000000000         3.8000000000         1.7239188875
        3.0050000000         3.8000000000         1.7812604616
        3.0100000000         3.8000000000         1.8411505501
        3.0150000000         3.8000000000         1.8997663814
        3.0200000000         3.8000000000         1.9532851839
        3.0250000000         3.8000000000         2.0106267580
        3.0300000000         3.8000000000         2.0666940749
        3.0350000000         3.8000000000         2.1240356490
        3.0400000000         3.8000000000         2.1775544514
        3.0450000000         3.8000000000         2.2399930543
        3.0500000000         3.8000000000         2.2998831428
        3.0550000000         3.8000000000         2.3521276881
        3.0600000000         3.8000000000         2.4196633198
        3.0650000000         3.8000000000         2.4795534083
        3.0700000000         3.8000000000         2.5368949824
        3.0750000000         3.8000000000         2.5980593281
        3.0800000000         3.8000000000         2.6592236738
        3.0850000000         3.8000000000         2.7165652479
        3.0900000000         3.8000000000         2.7802781080
        3.0950000000         3.8000000000         2.8376196821
        3.1000000000         3.8000000000         2.9013325422
        3.1050000000         3.8000000000         2.9612226307
        3.1100000000         3.8000000000         3.0211127192
        3.1150000000         3.8000000000         3.0848255793
        3.1200000000         3.8000000000         3.1459899250
        3.1250000000         3.8000000000         3.2084285279
        3.1300000000         3.8000000000         3.2797869313
        3.1350000000         3.8000000000         3.3345799910
        3.1400000000         3.8000000000         3.3982928511
        3.1450000000         3.8000000000         3.4594571968
        3.1500000000         3.8000000000         3.5218957997
        3.1550000000         3.8000000000         3.5894314314
        3.1600000000         3.8000000000         3.6518700343
        3.1650000000         3.8000000000         3.7168571516
        3.1700000000         3.8000000000         3.7818442689
        3.1750000000         3.8000000000         3.8417343574
        3.1800000000         3.8000000000         3.9054472175
        3.1850000000         3.8000000000         3.9729828492
        3.1900000000         3.8000000000         4.0354214521
        3.1950000000         3.8000000000         4.1042313410
        3.2000000000         3.8000000000         4.1653956867
        3.2050000000         3.8000000000         4.2329313184
        3.2100000000         3.8000000000         4.3004669501
        3.2150000000         3.8000000000         4.3667283247
        3.2200000000         3.8000000000         4.4317154420
        3.2250000000         3.8000000000         4.4992510737
        3.2300000000         3.8000000000         4.5629639338
        3.2350000000         3.8000000000         4.6330480799
        3.2400000000         3.8000000000         4.6967609400
        3.2450000000         3.8000000000         4.7668450861
        3.2500000000         3.8000000000         4.8318322034
        3.2550000000         3.8000000000         4.9006420923
        3.2600000000         3.8000000000         4.9707262385
        3.2650000000         3.8000000000         5.0433588990
        3.2700000000         3.8000000000         5.0650212714
        3.2750000000         3.8000000000         5.0662955286
        3.2800000000         3.8000000000         1.1084526589
        3.2850000000         3.8000000000        -0.0014253642
        3.2900000000         3.8000000000        -0.0001511069
        3.2950000000         3.8000000000         0.0571904671
        3.3000000000         3.8000000000         0.1209033273
        3.3050000000         3.8000000000         0.1871647018
        3.3100000000         3.8000000000         0.2559745907
        3.3150000000         3.8000000000         0.3196874508
        3.3200000000         3.8000000000         0.3808517965
        3.3250000000         3.8000000000         0.4471131710
        3.3300000000         3.8000000000         0.5082775167
        3.3350000000         3.8000000000         0.5719903768
        3.3400000000         3.8000000000         0.6395260085
        3.3450000000         3.8000000000         0.7019646114
        3.3500000000         3.8000000000         0.7631289571
        3.3550000000         3.8000000000         0.8332131032
        3.3600000000         3.8000000000         0.8982002205
        3.3650000000         3.8000000000         0.9568160518
        3.3700000000         3.8000000000         1.0167061403
        3.3750000000         3.8000000000         1.0791447432
        3.3800000000         3.8000000000         1.1390348317
        3.3850000000         3.8000000000         1.1976506630
        3.3900000000         3.8000000000         1.2588150087
        3.3950000000         3.8000000000         1.3225278688
        3.4000000000         3.8000000000         1.3811437001
        3.4050000000         3.8000000000         1.4384852742
        3.4100000000         3.8000000000         1.4971011055
        3.4150000000         3.8000000000         1.5557169368
        3.4200000000         3.8000000000         1.6143327681
        3.4250000000         3.8000000000         1.6729485994
        3.4300000000         3.8000000000         1.7328386879
        3.4350000000         3.8000000000         1.7876317476
        3.4400000000         3.8000000000         1.8398762929
        3.4450000000         3.8000000000         1.8972178670
        3.4500000000         3.8000000000         1.9571079555
        3.4550000000         3.8000000000         2.0119010152
        3.4600000000         3.8000000000         2.0705168465
        3.4650000000         3.8000000000         2.1304069350
        3.4700000000         3.8000000000         2.1890227663
        3.4750000000         3.8000000000         2.2501871120
        3.4800000000         3.8000000000         2.3088029433
        3.4850000000         3.8000000000         2.3648702602
        3.4900000000         3.8000000000         2.4234860914
        3.4950000000         3.8000000000         2.4871989516
        3.5000000000         3.8000000000         2.5419920112
        3.5050000000         3.8000000000         2.6018820997
        3.5100000000         3.8000000000         2.6643207026
        3.5150000000         3.8000000000         2.7280335628
        3.5200000000         3.8000000000         2.7879236513
        3.5250000000         3.8000000000         2.8529107686
        3.5300000000         3.8000000000         2.9115265999
        3.5350000000         3.8000000000         2.9752394600
        3.5400000000         3.8000000000         3.0376780629
        3.5450000000         3.8000000000         3.0975681514
        3.5500000000         3.8000000000         3.1587324971
        3.5550000000         3.8000000000         3.2198968428
        3.5600000000         3.8000000000         3.2861582173
        3.5650000000         3.8000000000         3.3447740486
        3.5700000000         3.8000000000         3.4072126515
        3.5750000000         3.8000000000         3.4709255116
        3.5800000000         3.8000000000         3.5384611433
        3.5850000000         3.8000000000         3.6008997462
        3.5900000000         3.8000000000         3.6671611207
        3.5950000000         3.8000000000         3.7295997236
        3.6000000000         3.8000000000         3.7907640693
        3.6050000000         3.8000000000         3.8570254438
        3.6100000000         3.8000000000         3.9220125611
        3.6150000000         3.8000000000         3.9908224500
        3.6200000000         3.8000000000         4.0570838245
        3.6250000000         3.8000000000         4.1258937135
        3.6300000000         3.8000000000         4.1832352876
        3.6350000000         3.8000000000         4.2533194337
        3.6400000000         3.8000000000         4.3170322938
        3.6450000000         3.8000000000         4.3832936683
        3.6500000000         3.8000000000         4.4533778144
        3.6550000000         3.8000000000         4.5183649317
        3.6600000000         3.8000000000         4.5820777918
        3.6650000000         3.8000000000         4.6483391663
        3.6700000000         3.8000000000         4.7209718268
        3.6750000000         3.8000000000         4.7846846869
        3.6800000000         3.8000000000         4.8585916047
        3.6850000000         3.8000000000         4.9210302076
        3.6900000000         3.8000000000         4.9923886109
        3.6950000000         3.8000000000         5.0624727570
        3.7000000000         3.8000000000         5.0650212714
        3.7050000000         3.8000000000         1.0982586013
        3.7100000000         3.8000000000         0.0062201791
        3.7150000000         3.8000000000         0.0023974075
        3.7200000000         3.8000000000         0.0151399795
        3.7250000000         3.8000000000         0.0826756112
        3.7300000000         3.8000000000         0.1502112429
        3.7350000000         3.8000000000         0.2164726174
        3.7400000000         3.8000000000         0.2840082491
        3.7450000000         3.8000000000         0.3502696236
        3.7500000000         3.8000000000         0.4165309981
        3.7550000000         3.8000000000         0.4751468294
        3.7600000000         3.8000000000         0.5414082039
        3.7650000000         3.8000000000         0.6076695785
        3.7700000000         3.8000000000         0.6815764962
        3.7750000000         3.8000000000         0.7363695559
        3.7800000000         3.8000000000         0.8026309304
        3.7850000000         3.8000000000         0.8676180477
        3.7900000000         3.8000000000         0.9313309078
        3.7950000000         3.8000000000         0.9937695107
        3.8000000000         3.8000000000         1.0549338564
        3.8050000000         3.8000000000         1.1148239449
        3.8100000000         3.8000000000         1.1798110622
        3.8150000000         3.8000000000         1.2371526363
        3.8200000000         3.8000000000         1.2970427248
        3.8250000000         3.8000000000         1.3582070705
        3.8300000000         3.8000000000         1.4219199306
        3.8350000000         3.8000000000         1.4779872475
        3.8400000000         3.8000000000         1.5353288216
        3.8450000000         3.8000000000         1.5964931673
        3.8500000000         3.8000000000         1.6551089986
        3.8550000000         3.8000000000         1.7149990871
        3.8600000000         3.8000000000         1.7685178896
        3.8650000000         3.8000000000         1.8284079781
        3.8700000000         3.8000000000         1.8882980666
        3.8750000000         3.8000000000         1.9418168691
        3.8800000000         3.8000000000         1.9991584431
        3.8850000000         3.8000000000         2.0577742744
        3.8900000000         3.8000000000         2.1125673341
        3.8950000000         3.8000000000         2.1724574226
        3.9000000000         3.8000000000         2.2323475111
        3.9050000000         3.8000000000         2.2909633424
        3.9100000000         3.8000000000         2.3521276881
        3.9150000000         3.8000000000         2.4120177766
        3.9200000000         3.8000000000         2.4706336079
        3.9250000000         3.8000000000         2.5356207252
        3.9300000000         3.8000000000         2.5916880421
        3.9350000000         3.8000000000         2.6503038734
        3.9400000000         3.8000000000         2.7114682191
        3.9450000000         3.8000000000         2.7739068220
        3.9500000000         3.8000000000         2.8337969105
        3.9550000000         3.8000000000         2.8962355134
        3.9600000000         3.8000000000         2.9612226307
        3.9650000000         3.8000000000         3.0198384620
        3.9700000000         3.8000000000         3.0822770649
        3.9750000000         3.8000000000         3.1459899250
        3.9800000000         3.8000000000         3.2084285279
        3.9850000000         3.8000000000         3.2683186164
        3.9900000000         3.8000000000         3.3371285054
        3.9950000000         3.8000000000         3.3931958222
        4.0000000000         3.8000000000         3.4581829396
        4.0050000000         3.8000000000         3.5193472853
        4.0100000000         3.8000000000         3.5805116310
        4.0150000000         3.8000000000         3.6442244911
        4.0200000000         3.8000000000         3.7079373512
        4.0250000000         3.8000000000         3.7767472401
        4.0300000000         3.8000000000         3.8404601002
        4.0350000000         3.8000000000         3.9054472175
        4.0400000000         3.8000000000         3.9691600776
        4.0450000000         3.8000000000         4.0354214521
        4.0500000000         3.8000000000         4.1016828266
        4.0550000000         3.8000000000         4.1615729151
        4.0600000000         3.8000000000         4.2291085468
        4.0650000000         3.8000000000         4.2940956641
        4.0700000000         3.8000000000         4.3565342670
        4.0750000000         3.8000000000         4.4266184132
        4.0800000000         3.8000000000         4.4928797877
        4.0850000000         3.8000000000         4.5616896766
        4.0900000000         3.8000000000         4.6254025367
        4.0950000000         3.8000000000         4.6954866828
        4.1000000000         3.8000000000         4.7642965717
        4.1050000000         3.8000000000         4.8305579462
        4.1100000000         3.8000000000         4.9019163495
        4.1150000000         3.8000000000         4.9669034668
        4.1200000000         3.8000000000         5.0357133558
        4.1250000000         3.8000000000         5.0650212714
        4.1300000000         3.8000000000         5.0650212714
        4.1350000000         3.8000000000         1.0995328585
        4.1400000000         3.8000000000        -0.0001511069
        4.1450000000         3.8000000000        -0.0026996214
        4.1500000000         3.8000000000         0.0533676955
        4.1550000000         3.8000000000         0.1158062984
        4.1600000000         3.8000000000         0.1833419302
        4.1650000000         3.8000000000         0.2457805331
        4.1700000000         3.8000000000         0.3171389364
        4.1750000000         3.8000000000         0.3846745681
        4.1800000000         3.8000000000         0.4483874282
        4.1850000000         3.8000000000         0.5146488027
        4.1900000000         3.8000000000         0.5770874056
        4.1950000000         3.8000000000         0.6433487801
        4.2000000000         3.8000000000         0.7108844118
        4.2050000000         3.8000000000         0.7758715291
        4.2100000000         3.8000000000         0.8357616176
        4.2150000000         3.8000000000         0.8982002205
        4.2200000000         3.8000000000         0.9644615950
        4.2250000000         3.8000000000         1.0230774263
        4.2300000000         3.8000000000         1.0855160292
        4.2350000000         3.8000000000         1.1454061177
        4.2400000000         3.8000000000         1.2052962062
        4.2450000000         3.8000000000         1.2651862947
        4.2500000000         3.8000000000         1.3301734120
        4.2550000000         3.8000000000         1.3849664717
        4.2600000000         3.8000000000         1.4486793318
        4.2650000000         3.8000000000         1.5021981343
        4.2700000000         3.8000000000         1.5659109944
        4.2750000000         3.8000000000         1.6181555397
        4.2800000000         3.8000000000         1.6818683998
        4.2850000000         3.8000000000         1.7353872023
        4.2900000000         3.8000000000         1.8029228340
        4.2950000000         3.8000000000         1.8449733217
        4.3000000000         3.8000000000         1.9061376674
        4.3050000000         3.8000000000         1.9609307271
        4.3100000000         3.8000000000         2.0131752724
        4.3150000000         3.8000000000         2.0794366469
        4.3200000000         3.8000000000         2.1367782210
        4.3250000000         3.8000000000         2.1979425667
        4.3300000000         3.8000000000         2.2552841408
        4.3350000000         3.8000000000         2.3138999721
        4.3400000000         3.8000000000         2.3712415462
        4.3450000000         3.8000000000         2.4298573775
        4.3500000000         3.8000000000         2.4922959804
        4.3550000000         3.8000000000         2.5534603261
        4.3600000000         3.8000000000         2.6095276430
        4.3650000000         3.8000000000         2.6745147603
        4.3700000000         3.8000000000         2.7331305916
        4.3750000000         3.8000000000         2.7930206801
        4.3800000000         3.8000000000         2.8529107686
        4.3850000000         3.8000000000         2.9115265999
        4.3900000000         3.8000000000         2.9714166884
        4.3950000000         3.8000000000         3.0364038057
        4.4000000000         3.8000000000         3.0962938942
        4.4050000000         3.8000000000         3.1612810115
        4.4100000000         3.8000000000         3.2211711000
        4.4150000000         3.8000000000         3.2797869313
        4.4200000000         3.8000000000         3.3447740486
        4.4250000000         3.8000000000         3.4135839375
        4.4300000000         3.8000000000         3.4785710548
        4.4350000000         3.8000000000         3.5308156001
        4.4400000000         3.8000000000         3.5983512318
        4.4450000000         3.8000000000         3.6607898347
        4.4500000000         3.8000000000         3.7270512092
        4.4550000000         3.8000000000         3.7958610981
        4.4600000000         3.8000000000         3.8582997010
        4.4650000000         3.8000000000         3.9220125611
        4.4700000000         3.8000000000         3.9882739356
        4.4750000000         3.8000000000         4.0494382813
        4.4800000000         3.8000000000         4.1169739130
        4.4850000000         3.8000000000         4.1819610303
        4.4900000000         3.8000000000         4.2456738905
        4.4950000000         3.8000000000         4.3093867506
        4.5000000000         3.8000000000         4.3730996107
        4.5050000000         3.8000000000         4.4431837568
        4.5100000000         3.8000000000         4.5119936457
        4.5150000000         3.8000000000         4.5795292774
        4.5200000000         3.8000000000         4.6496134235
        4.5250000000         3.8000000000         4.7095035120
        4.5300000000         3.8000000000         4.7821361725
        4.5350000000         3.8000000000         4.8509460615
        4.5400000000         3.8000000000         4.9184816932
        4.5450000000         3.8000000000         4.9847430677
        4.5500000000         3.8000000000         5.0510044422
        4.5550000000         3.8000000000         5.0688440430
        4.5600000000         3.8000000000         1.1403090889
        4.5650000000         3.8000000000         0.0011231503
        4.5700000000         3.8000000000         0.0049459219
        4.5750000000         3.8000000000         0.0011231503
        4.5800000000         3.8000000000         0.0686587820
        4.5850000000         3.8000000000         0.1323716421
        4.5900000000         3.8000000000         0.1999072738
        4.5950000000         3.8000000000         0.2674429055
        4.6000000000         3.8000000000         0.3286072512
        4.6050000000         3.8000000000         0.3961428829
        4.6100000000         3.8000000000         0.4636785146
        4.6150000000         3.8000000000         0.5248428603
        4.6200000000         3.8000000000         0.5936527492
        4.6250000000         3.8000000000         0.6573656093
        4.6300000000         3.8000000000         0.7223527266
        4.6350000000         3.8000000000         0.7822428151
        4.6400000000         3.8000000000         0.8459556752
        4.6450000000         3.8000000000         0.9096685354
        4.6500000000         3.8000000000         0.9682843666
        4.6550000000         3.8000000000         1.0307229696
        4.6600000000         3.8000000000         1.0893388008
        4.6650000000         3.8000000000         1.1556001754
        4.6700000000         3.8000000000         1.2129417495
        4.6750000000         3.8000000000         1.2702833235
        4.6800000000         3.8000000000         1.3314476692
        4.6850000000         3.8000000000         1.3938862722
        4.6900000000         3.8000000000         1.4486793318
        4.6950000000         3.8000000000         1.5098436775
        4.7000000000         3.8000000000         1.5671852516
        4.7050000000         3.8000000000         1.6245268257
        4.7100000000         3.8000000000         1.6831426570
        4.7150000000         3.8000000000         1.7392099739
        4.7200000000         3.8000000000         1.7927287764
        4.7250000000         3.8000000000         1.8551673793
        4.7300000000         3.8000000000         1.9112346962
        4.7350000000         3.8000000000         1.9647534987
        4.7400000000         3.8000000000         2.0246435872
        4.7450000000         3.8000000000         2.0807109041
        4.7500000000         3.8000000000         2.1431495070
        4.7550000000         3.8000000000         2.2030395955
        4.7600000000         3.8000000000         2.2552841408
        4.7650000000         3.8000000000         2.3240940297
        4.7700000000         3.8000000000         2.3737900606
        4.7750000000         3.8000000000         2.4311316347
        4.7800000000         3.8000000000         2.4986672664
        4.7850000000         3.8000000000         2.5521860689
        4.7900000000         3.8000000000         2.6120761574
        4.7950000000         3.8000000000         2.6796117891
        4.8000000000         3.8000000000         2.7331305916
        4.8050000000         3.8000000000         2.7917464229
        4.8100000000         3.8000000000         2.8656533406
        4.8150000000         3.8000000000         2.9191721431
        4.8200000000         3.8000000000         2.9828850032
        4.8250000000         3.8000000000         3.0402265773
        4.8300000000         3.8000000000         3.1026651802
        4.8350000000         3.8000000000         3.1676522975
        4.8400000000         3.8000000000         3.2249938716
        4.8450000000         3.8000000000         3.2887067317
        4.8500000000         3.8000000000         3.3511453346
        4.8550000000         3.8000000000         3.4148581947
        4.8600000000         3.8000000000         3.4760225404
        4.8650000000         3.8000000000         3.5384611433
        4.8700000000         3.8000000000         3.6047225178
        4.8750000000         3.8000000000         3.6658868635
        4.8800000000         3.8000000000         3.7321482380
        4.8850000000         3.8000000000         3.7971353553
        4.8900000000         3.8000000000         3.8646709870
        4.8950000000         3.8000000000         3.9309323615
        4.9000000000         3.8000000000         3.9920967072
        4.9050000000         3.8000000000         4.0532610529
        4.9100000000         3.8000000000         4.1207966846
        4.9150000000         3.8000000000         4.1870580592
        4.9200000000         3.8000000000         4.2545936909
        4.9250000000         3.8000000000         4.3208550654
        4.9300000000         3.8000000000         4.3858421827
        4.9350000000         3.8000000000         4.4546520716
        4.9400000000         3.8000000000         4.5183649317
        4.9450000000         3.8000000000         4.5820777918
        4.9500000000         3.8000000000         4.6508876807
        4.9550000000         3.8000000000         4.7222460840
        4.9600000000         3.8000000000         4.7885074586
        4.9650000000         3.8000000000         4.8547688331
        4.9700000000         3.8000000000         4.9274014936
        4.9750000000         3.8000000000         4.9923886109
        4.9800000000         3.8000000000         5.0650212714
        4.9850000000         3.8000000000         5.0675697858
        4.9900000000         3.8000000000         1.1352120601
        4.9950000000         3.8000000000         0.0011231503
        5.0000000000         3.8000000000         0.0023974075
        5.0050000000         3.8000000000         0.0189627511
        5.0100000000         3.8000000000         0.0814013540
        5.0150000000         3.8000000000         0.1476627285
        5.0200000000         3.8000000000         0.2151983602
        5.0250000000         3.8000000000         0.2801854775
        5.0300000000         3.8000000000         0.3477211092
        5.0350000000         3.8000000000         0.4165309981
        5.0400000000         3.8000000000         0.4815181154
        5.0450000000         3.8000000000         0.5490537472
        5.0500000000         3.8000000000         0.6127666073
        5.0550000000         3.8000000000         0.6764794674
        5.0600000000         3.8000000000         0.7452893563
        5.0650000000         3.8000000000         0.8064537020
        5.0700000000         3.8000000000         0.8701665621
        5.0750000000         3.8000000000         0.9313309078
        5.0800000000         3.8000000000         0.9937695107
        5.0850000000         3.8000000000         1.0587566280
        5.0900000000         3.8000000000         1.1173724593
        5.0950000000         3.8000000000         1.1759882906
        5.1000000000         3.8000000000         1.2358783791
        5.1050000000         3.8000000000         1.2983169820
        5.1100000000         3.8000000000         1.3633040993
        5.1150000000         3.8000000000         1.4231941878
        5.1200000000         3.8000000000         1.4830842763
        5.1250000000         3.8000000000         1.5366030788
        5.1300000000         3.8000000000         1.5952189101
        5.1350000000         3.8000000000         1.6500119698
        5.1400000000         3.8000000000         1.7099020583
        5.1450000000         3.8000000000         1.7710664040
        5.1500000000         3.8000000000         1.8258594637
        5.1550000000         3.8000000000         1.8857495522
        5.1600000000         3.8000000000         1.9379940974
        5.1650000000         3.8000000000         1.9953356715
        5.1700000000         3.8000000000         2.0552257600
        5.1750000000         3.8000000000         2.1163901057
        5.1800000000         3.8000000000         2.1801029658
        5.1850000000         3.8000000000         2.2323475111
        5.1900000000         3.8000000000         2.2947861140
        5.1950000000         3.8000000000         2.3534019453
        5.2000000000         3.8000000000         2.4132920338
        5.2050000000         3.8000000000         2.4744563795
        5.2100000000         3.8000000000         2.5305236964
        5.2150000000         3.8000000000         2.5929622993
        5.2200000000         3.8000000000         2.6655949598
        5.2250000000         3.8000000000         2.7114682191
        5.2300000000         3.8000000000         2.7764553364
        5.2350000000         3.8000000000         2.8376196821
        5.2400000000         3.8000000000         2.9000582850
        5.2450000000         3.8000000000         2.9599483735
        5.2500000000         3.8000000000         3.0185642048
        5.2550000000         3.8000000000         3.0822770649
        5.2600000000         3.8000000000         3.1472641822
        5.2650000000         3.8000000000         3.2058800135
        5.2700000000         3.8000000000         3.2695928736
        5.2750000000         3.8000000000         3.3294829621
        5.2800000000         3.8000000000         3.3931958222
        5.2850000000         3.8000000000         3.4594571968
        5.2900000000         3.8000000000         3.5180730281
        5.2950000000         3.8000000000         3.5881571742
        5.3000000000         3.8000000000         3.6556928059
        5.3050000000         3.8000000000         3.7155828944
        5.3100000000         3.8000000000         3.7856670405
        5.3150000000         3.8000000000         3.8493799006
        5.3200000000         3.8000000000         3.9130927607
        5.3250000000         3.8000000000         3.9793541352
        5.3300000000         3.8000000000         4.0494382813
        5.3350000000         3.8000000000         4.1118768842
        5.3400000000         3.8000000000         4.1781382587
        5.3450000000         3.8000000000         4.2393026044
        5.3500000000         3.8000000000         4.3068382362
        5.3550000000         3.8000000000         4.3743738679
        5.3600000000         3.8000000000         4.4419094996
        5.3650000000         3.8000000000         4.5119936457
        5.3700000000         3.8000000000         4.5744322486
        5.3750000000         3.8000000000         4.6406936231
        5.3800000000         3.8000000000         4.7107777692
        5.3850000000         3.8000000000         4.7834104297
        5.3900000000         3.8000000000         4.8509460615
        5.3950000000         3.8000000000         4.9159331788
        5.4000000000         3.8000000000         4.9847430677
        5.4050000000         3.8000000000         5.0535529566
        5.4100000000         3.8000000000         5.0701183002
        5.4150000000         3.8000000000         1.0982586013
        5.4200000000         3.8000000000         0.0011231503
        5.4250000000         3.8000000000         0.0049459219
        5.4300000000         3.8000000000         0.0074944363
        5.4350000000         3.8000000000         0.0737558108
        5.4400000000         3.8000000000         0.1400171853
        5.4450000000         3.8000000000         0.2062785598
        5.4500000000         3.8000000000         0.2725399343
        5.4550000000         3.8000000000         0.3375270516
        5.4600000000         3.8000000000         0.4050626833
        5.4650000000         3.8000000000         0.4713240578
        5.4700000000         3.8000000000         0.5388596895
        5.4750000000         3.8000000000         0.6038468068
        5.4800000000         3.8000000000         0.6701081814
        5.4850000000         3.8000000000         0.7312725271
        5.4900000000         3.8000000000         0.7962596444
        5.4950000000         3.8000000000         0.8625210189
        5.5000000000         3.8000000000         0.9262338790
        5.5050000000         3.8000000000         0.9873982247
        5.5100000000         3.8000000000         1.0485625704
        5.5150000000         3.8000000000         1.1110011733
        5.5200000000         3.8000000000         1.1683427474
        5.5250000000         3.8000000000         1.2282328359
        5.5300000000         3.8000000000         1.2932199532
        5.5350000000         3.8000000000         1.3505615273
        5.5400000000         3.8000000000         1.4155486446
        5.5450000000         3.8000000000         1.4716159615
        5.5500000000         3.8000000000         1.5327803072
        5.5550000000         3.8000000000         1.6015901961
        5.5600000000         3.8000000000         1.6525604842
        5.5650000000         3.8000000000         1.7111763155
        5.5700000000         3.8000000000         1.7736149184
        5.5750000000         3.8000000000         1.8284079781
        5.5800000000         3.8000000000         1.8844752950
        5.5850000000         3.8000000000         1.9430911263
        5.5900000000         3.8000000000         1.9978841859
        5.5950000000         3.8000000000         2.0590485316
        5.6000000000         3.8000000000         2.1176643629
        5.6050000000         3.8000000000         2.1711831654
        5.6100000000         3.8000000000         2.2297989967
        5.6150000000         3.8000000000         2.2935118568
        5.6200000000         3.8000000000         2.3495791737
        5.6250000000         3.8000000000         2.4132920338
        5.6300000000         3.8000000000         2.4731821223
        5.6350000000         3.8000000000         2.5356207252
        5.6400000000         3.8000000000         2.5929622993
        5.6450000000         3.8000000000         2.6541266450
        5.6500000000         3.8000000000         2.7178395051
        5.6550000000         3.8000000000         2.7777295936
        5.6600000000         3.8000000000         2.8363454249
        5.6650000000         3.8000000000         2.8987840278
        5.6700000000         3.8000000000         2.9586741163
        5.6750000000         3.8000000000         3.0236612336
        5.6800000000         3.8000000000         3.0860998365
        5.6850000000         3.8000000000         3.1485384394
        5.6900000000         3.8000000000         3.2147998140
        5.6950000000         3.8000000000         3.2759641597
