        0.0000000000         4.1000000000         3.4225037379
        0.0050000000         4.1000000000         3.4225037379
        0.0100000000         4.1000000000         3.4250522523
        0.0150000000         4.1000000000         3.4276007667
        0.0200000000         4.1000000000         3.4377948243
        0.0250000000         4.1000000000         3.4632799684
        0.0300000000         4.1000000000         3.4849423408
        0.0350000000         4.1000000000         3.5180730281
        0.0400000000         4.1000000000         3.5499294581
        0.0450000000         4.1000000000         3.5868829170
        0.0500000000         4.1000000000         3.6302076618
        0.0550000000         4.1000000000         3.6722581495
        0.0600000000         4.1000000000         3.7346967524
        0.0650000000         4.1000000000         3.7703759541
        0.0700000000         4.1000000000         3.8251690138
        0.0750000000         4.1000000000         3.8837848451
        0.0800000000         4.1000000000         3.9283838471
        0.0850000000         4.1000000000         3.9844511640
        0.0900000000         4.1000000000         4.0379699665
        0.0950000000         4.1000000000         4.0927630262
        0.1000000000         4.1000000000         4.1526531147
        0.1050000000         4.1000000000         4.2099946888
        0.1100000000         4.1000000000         4.2686105201
        0.1150000000         4.1000000000         4.3259520942
        0.1200000000         4.1000000000         4.3896649543
        0.1250000000         4.1000000000         4.4508293000
        0.1300000000         4.1000000000         4.5158164173
        0.1350000000         4.1000000000         4.5795292774
        0.1400000000         4.1000000000         4.6432421375
        0.1450000000         4.1000000000         4.7107777692
        0.1500000000         4.1000000000         4.7757648865
        0.1550000000         4.1000000000         4.8458490326
        0.1600000000         4.1000000000         4.9108361500
        0.1650000000         4.1000000000         4.9821945533
        0.1700000000         4.1000000000         5.0459074134
        0.1750000000         4.1000000000         5.0675697858
        0.1800000000         4.1000000000         1.1020813729
        0.1850000000         4.1000000000         0.0011231503
        0.1900000000         4.1000000000        -0.0001511069
        0.1950000000         4.1000000000         0.0074944363
        0.2000000000         4.1000000000         0.0750300680
        0.2050000000         4.1000000000         0.1489369857
        0.2100000000         4.1000000000         0.2228439034
        0.2150000000         4.1000000000         0.2942023067
        0.2200000000         4.1000000000         0.3655607101
        0.2250000000         4.1000000000         0.4305478274
        0.2300000000         4.1000000000         0.4993577163
        0.2350000000         4.1000000000         0.5656190908
        0.2400000000         4.1000000000         0.6357032369
        0.2450000000         4.1000000000         0.7083358974
        0.2500000000         4.1000000000         0.7758715291
        0.2550000000         4.1000000000         0.8497784469
        0.2600000000         4.1000000000         0.9185883358
        0.2650000000         4.1000000000         0.9823011959
        0.2700000000         4.1000000000         1.0498368276
        0.2750000000         4.1000000000         1.1173724593
        0.2800000000         4.1000000000         1.1836338338
        0.2850000000         4.1000000000         1.2524437227
        0.2900000000         4.1000000000         1.3187050972
        0.2950000000         4.1000000000         1.3824179573
        0.3000000000         4.1000000000         1.4474050746
        0.3050000000         4.1000000000         1.5136664491
        0.3100000000         4.1000000000         1.5799278237
        0.3150000000         4.1000000000         1.6461891982
        0.3200000000         4.1000000000         1.7124505727
        0.3250000000         4.1000000000         1.7736149184
        0.3300000000         4.1000000000         1.8373277785
        0.3350000000         4.1000000000         1.9035891530
        0.3400000000         4.1000000000         1.9660277559
        0.3450000000         4.1000000000         2.0335633876
        0.3500000000         4.1000000000         2.0921792189
        0.3550000000         4.1000000000         2.1584405934
        0.3600000000         4.1000000000         2.2196049391
        0.3650000000         4.1000000000         2.2896890852
        0.3700000000         4.1000000000         2.3623217457
        0.3750000000         4.1000000000         2.4247603487
        0.3800000000         4.1000000000         2.4961187520
        0.3850000000         4.1000000000         2.5611058693
        0.3900000000         4.1000000000         2.6311900154
        0.3950000000         4.1000000000         2.6987256471
        0.4000000000         4.1000000000         2.7662612788
        0.4050000000         4.1000000000         2.8337969105
        0.4100000000         4.1000000000         2.9038810566
        0.4150000000         4.1000000000         2.9675939167
        0.4200000000         4.1000000000         3.0364038057
        0.4250000000         4.1000000000         3.1103107234
        0.4300000000         4.1000000000         3.1765720979
        0.4350000000         4.1000000000         3.2479305012
        0.4400000000         4.1000000000         3.3141918757
        0.4450000000         4.1000000000         3.3868245362
        0.4500000000         4.1000000000         3.4594571968
        0.4550000000         4.1000000000         3.5282670857
        0.4600000000         4.1000000000         3.6021740034
        0.4650000000         4.1000000000         3.6709838923
        0.4700000000         4.1000000000         3.7461650672
        0.4750000000         4.1000000000         3.8213462422
        0.4800000000         4.1000000000         3.8901561311
        0.4850000000         4.1000000000         3.9640630488
        0.4900000000         4.1000000000         4.0379699665
        0.4950000000         4.1000000000         4.1106026270
        0.5000000000         4.1000000000         4.1806867731
        0.5050000000         4.1000000000         4.2596907197
        0.5100000000         4.1000000000         4.3335976374
        0.5150000000         4.1000000000         4.4075045551
        0.5200000000         4.1000000000         4.4801372156
        0.5250000000         4.1000000000         4.5591411622
        0.5300000000         4.1000000000         4.6355965943
        0.5350000000         4.1000000000         4.7082292548
        0.5400000000         4.1000000000         4.7885074586
        0.5450000000         4.1000000000         4.8560430903
        0.5500000000         4.1000000000         4.9324985224
        0.5550000000         4.1000000000         5.0127767261
        0.5600000000         4.1000000000         5.0662955286
        0.5650000000         4.1000000000         5.0662955286
        0.5700000000         4.1000000000         1.1122754305
        0.5750000000         4.1000000000        -0.0001511069
        0.5800000000         4.1000000000         0.0074944363
        0.5850000000         4.1000000000         0.0801270968
        0.5900000000         4.1000000000         0.1565825289
        0.5950000000         4.1000000000         0.2355864754
        0.6000000000         4.1000000000         0.3069448788
        0.6050000000         4.1000000000         0.3846745681
        0.6100000000         4.1000000000         0.4598557430
        0.6150000000         4.1000000000         0.5299398891
        0.6200000000         4.1000000000         0.6063953213
        0.6250000000         4.1000000000         0.6803022390
        0.6300000000         4.1000000000         0.7567576711
        0.6350000000         4.1000000000         0.8293903316
        0.6400000000         4.1000000000         0.8969259633
        0.6450000000         4.1000000000         0.9657358522
        0.6500000000         4.1000000000         1.0511110848
        0.6550000000         4.1000000000         1.1122754305
        0.6600000000         4.1000000000         1.1810853194
        0.6650000000         4.1000000000         1.2486209511
        0.6700000000         4.1000000000         1.3212536116
        0.6750000000         4.1000000000         1.3900635005
        0.6800000000         4.1000000000         1.4537763606
        0.6850000000         4.1000000000         1.5213119924
        0.6900000000         4.1000000000         1.5913961385
        0.6950000000         4.1000000000         1.6614802846
        0.7000000000         4.1000000000         1.7213703731
        0.7050000000         4.1000000000         1.7850832332
        0.7100000000         4.1000000000         1.8589901509
        0.7150000000         4.1000000000         1.9252515254
        0.7200000000         4.1000000000         1.9902386427
        0.7250000000         4.1000000000         2.0577742744
        0.7300000000         4.1000000000         2.1214871346
        0.7350000000         4.1000000000         2.1864742519
        0.7400000000         4.1000000000         2.2552841408
        0.7450000000         4.1000000000         2.3279168013
        0.7500000000         4.1000000000         2.3916296614
        0.7550000000         4.1000000000         2.4591652931
        0.7600000000         4.1000000000         2.5267009248
        0.7650000000         4.1000000000         2.5980593281
        0.7700000000         4.1000000000         2.6694177315
        0.7750000000         4.1000000000         2.7395018776
        0.7800000000         4.1000000000         2.8057632521
        0.7850000000         4.1000000000         2.8796701698
        0.7900000000         4.1000000000         2.9472058015
        0.7950000000         4.1000000000         3.0134671760
        0.8000000000         4.1000000000         3.0860998365
        0.8050000000         4.1000000000         3.1612810115
        0.8100000000         4.1000000000         3.2262681288
        0.8150000000         4.1000000000         3.3014493037
        0.8200000000         4.1000000000         3.3715334498
        0.8250000000         4.1000000000         3.4416175959
        0.8300000000         4.1000000000         3.5193472853
        0.8350000000         4.1000000000         3.5856086598
        0.8400000000         4.1000000000         3.6569670631
        0.8450000000         4.1000000000         3.7308739808
        0.8500000000         4.1000000000         3.8035066413
        0.8550000000         4.1000000000         3.8812363307
        0.8600000000         4.1000000000         3.9500462196
        0.8650000000         4.1000000000         4.0290501661
        0.8700000000         4.1000000000         4.0978600550
        0.8750000000         4.1000000000         4.1743154871
        0.8800000000         4.1000000000         4.2507709193
        0.8850000000         4.1000000000         4.3259520942
        0.8900000000         4.1000000000         4.3998590119
        0.8950000000         4.1000000000         4.4724916724
        0.9000000000         4.1000000000         4.5438500757
        0.9050000000         4.1000000000         4.6215797651
        0.9100000000         4.1000000000         4.6993094544
        0.9150000000         4.1000000000         4.7795876581
        0.9200000000         4.1000000000         4.8585916047
        0.9250000000         4.1000000000         4.9312242652
        0.9300000000         4.1000000000         5.0165994977
        0.9350000000         4.1000000000         5.0637470142
        0.9400000000         4.1000000000         5.0688440430
        0.9450000000         4.1000000000         1.1033556301
        0.9500000000         4.1000000000         0.0023974075
        0.9550000000         4.1000000000         0.0087686935
        0.9600000000         4.1000000000         0.0814013540
        0.9650000000         4.1000000000         0.1616795577
        0.9700000000         4.1000000000         0.2355864754
        0.9750000000         4.1000000000         0.3158646792
        0.9800000000         4.1000000000         0.3884973397
        0.9850000000         4.1000000000         0.4649527718
        0.9900000000         4.1000000000         0.5414082039
        0.9950000000         4.1000000000         0.6140408645
        1.0000000000         4.1000000000         0.6866735250
        1.0050000000         4.1000000000         0.7567576711
        1.0100000000         4.1000000000         0.8306645888
        1.0150000000         4.1000000000         0.9109427926
        1.0200000000         4.1000000000         0.9810269387
        1.0250000000         4.1000000000         1.0460140560
        1.0300000000         4.1000000000         1.1186467165
        1.0350000000         4.1000000000         1.1925536342
        1.0400000000         4.1000000000         1.2575407515
        1.0450000000         4.1000000000         1.3327219264
        1.0500000000         4.1000000000         1.4015318154
        1.0550000000         4.1000000000         1.4754387331
        1.0600000000         4.1000000000         1.5366030788
        1.0650000000         4.1000000000         1.6092357393
        1.0700000000         4.1000000000         1.6780456282
        1.0750000000         4.1000000000         1.7468555171
        1.0800000000         4.1000000000         1.8105683772
        1.0850000000         4.1000000000         1.8768297517
        1.0900000000         4.1000000000         1.9443653835
        1.0950000000         4.1000000000         2.0182723012
        1.1000000000         4.1000000000         2.0807109041
        1.1050000000         4.1000000000         2.1469722786
        1.1100000000         4.1000000000         2.2157821675
        1.1150000000         4.1000000000         2.2858663136
        1.1200000000         4.1000000000         2.3623217457
        1.1250000000         4.1000000000         2.4247603487
        1.1300000000         4.1000000000         2.4884732088
        1.1350000000         4.1000000000         2.5712999269
        1.1400000000         4.1000000000         2.6362870442
        1.1450000000         4.1000000000         2.7063711903
        1.1500000000         4.1000000000         2.7739068220
        1.1550000000         4.1000000000         2.8427167109
        1.1600000000         4.1000000000         2.9115265999
        1.1650000000         4.1000000000         2.9828850032
        1.1700000000         4.1000000000         3.0593404353
        1.1750000000         4.1000000000         3.1319730958
        1.1800000000         4.1000000000         3.2020572419
        1.1850000000         4.1000000000         3.2734156453
        1.1900000000         4.1000000000         3.3447740486
        1.1950000000         4.1000000000         3.4148581947
        1.2000000000         4.1000000000         3.4874908552
        1.2050000000         4.1000000000         3.5639462873
        1.2100000000         4.1000000000         3.6353046906
        1.2150000000         4.1000000000         3.7104858656
        1.2200000000         4.1000000000         3.7818442689
        1.2250000000         4.1000000000         3.8582997010
        1.2300000000         4.1000000000         3.9296581043
        1.2350000000         4.1000000000         4.0048392793
        1.2400000000         4.1000000000         4.0787461970
        1.2450000000         4.1000000000         4.1552016291
        1.2500000000         4.1000000000         4.2252857752
        1.2550000000         4.1000000000         4.3042897218
        1.2600000000         4.1000000000         4.3781966395
        1.2650000000         4.1000000000         4.4546520716
        1.2700000000         4.1000000000         4.5260104749
        1.2750000000         4.1000000000         4.6075629359
        1.2800000000         4.1000000000         4.6789213392
        1.2850000000         4.1000000000         4.7604738001
        1.2900000000         4.1000000000         4.8394777466
        1.2950000000         4.1000000000         4.9184816932
        1.3000000000         4.1000000000         4.9962113825
        1.3050000000         4.1000000000         5.0701183002
        1.3100000000         4.1000000000         5.0662955286
        1.3150000000         4.1000000000         1.0995328585
        1.3200000000         4.1000000000        -0.0026996214
        1.3250000000         4.1000000000        -0.0039738786
        1.3300000000         4.1000000000         0.0724815536
        1.3350000000         4.1000000000         0.1451142141
        1.3400000000         4.1000000000         0.2215696462
        1.3450000000         4.1000000000         0.2992993355
        1.3500000000         4.1000000000         0.3757547677
        1.3550000000         4.1000000000         0.4496616854
        1.3600000000         4.1000000000         0.5248428603
        1.3650000000         4.1000000000         0.5974755208
        1.3700000000         4.1000000000         0.6713824386
        1.3750000000         4.1000000000         0.7503863851
        1.3800000000         4.1000000000         0.8255675600
        1.3850000000         4.1000000000         0.8956517061
        1.3900000000         4.1000000000         0.9657358522
        1.3950000000         4.1000000000         1.0409170272
        1.4000000000         4.1000000000         1.1084526589
        1.4050000000         4.1000000000         1.1810853194
        1.4100000000         4.1000000000         1.2524437227
        1.4150000000         4.1000000000         1.3212536116
        1.4200000000         4.1000000000         1.3926120149
        1.4250000000         4.1000000000         1.4601476467
        1.4300000000         4.1000000000         1.5327803072
        1.4350000000         4.1000000000         1.5939446529
        1.4400000000         4.1000000000         1.6627545418
        1.4450000000         4.1000000000         1.7353872023
        1.4500000000         4.1000000000         1.8029228340
        1.4550000000         4.1000000000         1.8628129225
        1.4600000000         4.1000000000         1.9341713258
        1.4650000000         4.1000000000         2.0042554720
        1.4700000000         4.1000000000         2.0756138753
        1.4750000000         4.1000000000         2.1342297066
        1.4800000000         4.1000000000         2.2030395955
        1.4850000000         4.1000000000         2.2743979988
        1.4900000000         4.1000000000         2.3457564021
        1.4950000000         4.1000000000         2.4158405482
        1.5000000000         4.1000000000         2.4821019227
        1.5050000000         4.1000000000         2.5534603261
        1.5100000000         4.1000000000         2.6222702150
        1.5150000000         4.1000000000         2.6936286183
        1.5200000000         4.1000000000         2.7624385072
        1.5250000000         4.1000000000         2.8363454249
        1.5300000000         4.1000000000         2.9102523427
        1.5350000000         4.1000000000         2.9752394600
        1.5400000000         4.1000000000         3.0415008345
        1.5450000000         4.1000000000         3.1128592378
        1.5500000000         4.1000000000         3.1854918983
        1.5550000000         4.1000000000         3.2568503016
        1.5600000000         4.1000000000         3.3333057337
        1.5650000000         4.1000000000         3.4021156227
        1.5700000000         4.1000000000         3.4734740260
        1.5750000000         4.1000000000         3.5524779725
        1.5800000000         4.1000000000         3.6225621186
        1.5850000000         4.1000000000         3.6990175508
        1.5900000000         4.1000000000         3.7729244685
        1.5950000000         4.1000000000         3.8468313862
        1.6000000000         4.1000000000         3.9258353327
        1.6050000000         4.1000000000         3.9997422504
        1.6100000000         4.1000000000         4.0711006538
        1.6150000000         4.1000000000         4.1450075715
        1.6200000000         4.1000000000         4.2189144892
        1.6250000000         4.1000000000         4.2902728925
        1.6300000000         4.1000000000         4.3667283247
        1.6350000000         4.1000000000         4.4444580140
        1.6400000000         4.1000000000         4.5183649317
        1.6450000000         4.1000000000         4.5999173926
        1.6500000000         4.1000000000         4.6725500532
        1.6550000000         4.1000000000         4.7541025141
        1.6600000000         4.1000000000         4.8305579462
        1.6650000000         4.1000000000         4.9057391211
        1.6700000000         4.1000000000         4.9860173249
        1.6750000000         4.1000000000         5.0650212714
        1.6800000000         4.1000000000         5.0688440430
        1.6850000000         4.1000000000         1.0931615725
        1.6900000000         4.1000000000        -0.0039738786
        1.6950000000         4.1000000000        -0.0001511069
        1.7000000000         4.1000000000         0.0635617532
        1.7050000000         4.1000000000         0.1412914425
        1.7100000000         4.1000000000         0.2215696462
        1.7150000000         4.1000000000         0.2929280495
        1.7200000000         4.1000000000         0.3681092245
        1.7250000000         4.1000000000         0.4445646566
        1.7300000000         4.1000000000         0.5184715743
        1.7350000000         4.1000000000         0.5987497780
        1.7400000000         4.1000000000         0.6752052102
        1.7450000000         4.1000000000         0.7427408419
        1.7500000000         4.1000000000         0.8204705312
        1.7550000000         4.1000000000         0.8931031917
        1.7600000000         4.1000000000         0.9670101094
        1.7650000000         4.1000000000         1.0396427700
        1.7700000000         4.1000000000         1.1173724593
        1.7750000000         4.1000000000         1.1798110622
        1.7800000000         4.1000000000         1.2460724367
        1.7850000000         4.1000000000         1.3288991548
        1.7900000000         4.1000000000         1.3900635005
        1.7950000000         4.1000000000         1.4537763606
        1.8000000000         4.1000000000         1.5302317928
        1.8050000000         4.1000000000         1.5952189101
        1.8100000000         4.1000000000         1.6653030562
        1.8150000000         4.1000000000         1.7315644307
        1.8200000000         4.1000000000         1.7940030336
        1.8250000000         4.1000000000         1.8640871797
        1.8300000000         4.1000000000         1.9316228114
        1.8350000000         4.1000000000         2.0004327004
        1.8400000000         4.1000000000         2.0641455605
        1.8450000000         4.1000000000         2.1342297066
        1.8500000000         4.1000000000         2.2017653383
        1.8550000000         4.1000000000         2.2756722560
        1.8600000000         4.1000000000         2.3406593733
        1.8650000000         4.1000000000         2.4107435194
        1.8700000000         4.1000000000         2.4808276655
        1.8750000000         4.1000000000         2.5509118117
        1.8800000000         4.1000000000         2.6235444722
        1.8850000000         4.1000000000         2.6961771327
        1.8900000000         4.1000000000         2.7675355360
        1.8950000000         4.1000000000         2.8350711677
        1.9000000000         4.1000000000         2.9115265999
        1.9050000000         4.1000000000         2.9803364888
        1.9100000000         4.1000000000         3.0516948921
        1.9150000000         4.1000000000         3.1192305238
        1.9200000000         4.1000000000         3.1944116987
        1.9250000000         4.1000000000         3.2683186164
        1.9300000000         4.1000000000         3.3384027626
        1.9350000000         4.1000000000         3.4135839375
        1.9400000000         4.1000000000         3.4836680836
        1.9450000000         4.1000000000         3.5588492585
        1.9500000000         4.1000000000         3.6289334046
        1.9550000000         4.1000000000         3.7028403224
        1.9600000000         4.1000000000         3.7805700117
        1.9650000000         4.1000000000         3.8544769294
        1.9700000000         4.1000000000         3.9296581043
        1.9750000000         4.1000000000         4.0086620509
        1.9800000000         4.1000000000         4.0825689686
        1.9850000000         4.1000000000         4.1552016291
        1.9900000000         4.1000000000         4.2303828040
        1.9950000000         4.1000000000         4.3055639790
        2.0000000000         4.1000000000         4.3769223823
        2.0050000000         4.1000000000         4.4572005860
        2.0100000000         4.1000000000         4.5336560181
        2.0150000000         4.1000000000         4.6139342219
        2.0200000000         4.1000000000         4.6929381684
        2.0250000000         4.1000000000         4.7706678577
        2.0300000000         4.1000000000         4.8483975470
        2.0350000000         4.1000000000         4.9210302076
        2.0400000000         4.1000000000         5.0064054401
        2.0450000000         4.1000000000         5.0650212714
        2.0500000000         4.1000000000         5.0675697858
        2.0550000000         4.1000000000         1.1097269161
        2.0600000000         4.1000000000        -0.0026996214
        2.0650000000         4.1000000000         0.0074944363
        2.0700000000         4.1000000000         0.0801270968
        2.0750000000         4.1000000000         0.1629538149
        2.0800000000         4.1000000000         0.2381349898
        2.0850000000         4.1000000000         0.3196874508
        2.0900000000         4.1000000000         0.3948686257
        2.0950000000         4.1000000000         0.4700498006
        2.1000000000         4.1000000000         0.5477794900
        2.1050000000         4.1000000000         0.6255091793
        2.1100000000         4.1000000000         0.6981418398
        2.1150000000         4.1000000000         0.7733230147
        2.1200000000         4.1000000000         0.8434071608
        2.1250000000         4.1000000000         0.9211368502
        2.1300000000         4.1000000000         0.9899467391
        2.1350000000         4.1000000000         1.0638536568
        2.1400000000         4.1000000000         1.1390348317
        2.1450000000         4.1000000000         1.2103932350
        2.1500000000         4.1000000000         1.2843001528
        2.1550000000         4.1000000000         1.3543842989
        2.1600000000         4.1000000000         1.4244684450
        2.1650000000         4.1000000000         1.4907298195
        2.1700000000         4.1000000000         1.5595397084
        2.1750000000         4.1000000000         1.6308981117
        2.1800000000         4.1000000000         1.6971594863
        2.1850000000         4.1000000000         1.7608723464
        2.1900000000         4.1000000000         1.8309564925
        2.1950000000         4.1000000000         1.8972178670
        2.2000000000         4.1000000000         1.9596564699
        2.2050000000         4.1000000000         2.0259178444
        2.2100000000         4.1000000000         2.1010990193
        2.2150000000         4.1000000000         2.1622633650
        2.2200000000         4.1000000000         2.2285247395
        2.2250000000         4.1000000000         2.3037059145
        2.2300000000         4.1000000000         2.3737900606
        2.2350000000         4.1000000000         2.4400514351
        2.2400000000         4.1000000000         2.5126840956
        2.2450000000         4.1000000000         2.5802197273
        2.2500000000         4.1000000000         2.6554009022
        2.2550000000         4.1000000000         2.7267593055
        2.2600000000         4.1000000000         2.7955691945
        2.2650000000         4.1000000000         2.8682018550
        2.2700000000         4.1000000000         2.9395602583
        2.2750000000         4.1000000000         3.0083701472
        2.2800000000         4.1000000000         3.0797285505
        2.2850000000         4.1000000000         3.1536354683
        2.2900000000         4.1000000000         3.2249938716
        2.2950000000         4.1000000000         3.2963522749
        2.3000000000         4.1000000000         3.3664364210
        2.3050000000         4.1000000000         3.4377948243
        2.3100000000         4.1000000000         3.5104274848
        2.3150000000         4.1000000000         3.5856086598
        2.3200000000         4.1000000000         3.6595155775
        2.3250000000         4.1000000000         3.7359710096
        2.3300000000         4.1000000000         3.8124264417
        2.3350000000         4.1000000000         3.8825105879
        2.3400000000         4.1000000000         3.9576917628
        2.3450000000         4.1000000000         4.0341471949
        2.3500000000         4.1000000000         4.1106026270
        2.3550000000         4.1000000000         4.1832352876
        2.3600000000         4.1000000000         4.2622392341
        2.3650000000         4.1000000000         4.3310491230
        2.3700000000         4.1000000000         4.4100530695
        2.3750000000         4.1000000000         4.4839599872
        2.3800000000         4.1000000000         4.5591411622
        2.3850000000         4.1000000000         4.6419678803
        2.3900000000         4.1000000000         4.7171490552
        2.3950000000         4.1000000000         4.7948787446
        2.4000000000         4.1000000000         4.8777054627
        2.4050000000         4.1000000000         4.9567094092
        2.4100000000         4.1000000000         5.0318905842
        2.4150000000         4.1000000000         5.0662955286
        2.4200000000         4.1000000000         1.1097269161
        2.4250000000         4.1000000000         0.0049459219
        2.4300000000         4.1000000000         0.0011231503
        2.4350000000         4.1000000000         0.0355280947
        2.4400000000         4.1000000000         0.1107092696
        2.4450000000         4.1000000000         0.1897132162
        2.4500000000         4.1000000000         0.2661686483
        2.4550000000         4.1000000000         0.3400755660
        2.4600000000         4.1000000000         0.4203537697
        2.4650000000         4.1000000000         0.4929864303
        2.4700000000         4.1000000000         0.5643448336
        2.4750000000         4.1000000000         0.6408002657
        2.4800000000         4.1000000000         0.7147071834
        2.4850000000         4.1000000000         0.7937111300
        2.4900000000         4.1000000000         0.8676180477
        2.4950000000         4.1000000000         0.9427992226
        2.5000000000         4.1000000000         1.0154318831
        2.5050000000         4.1000000000         1.0867902864
        2.5100000000         4.1000000000         1.1568744326
        2.5150000000         4.1000000000         1.2256843215
        2.5200000000         4.1000000000         1.2957684676
        2.5250000000         4.1000000000         1.3760466713
        2.5300000000         4.1000000000         1.4435823030
        2.5350000000         4.1000000000         1.5060209059
        2.5400000000         4.1000000000         1.5786535665
        2.5450000000         4.1000000000         1.6461891982
        2.5500000000         4.1000000000         1.7137248299
        2.5550000000         4.1000000000         1.7799862044
        2.5600000000         4.1000000000         1.8526188649
        2.5650000000         4.1000000000         1.9176059822
        2.5700000000         4.1000000000         1.9889643855
        2.5750000000         4.1000000000         2.0590485316
        2.5800000000         4.1000000000         2.1227613918
        2.5850000000         4.1000000000         2.1941197951
        2.5900000000         4.1000000000         2.2591069124
        2.5950000000         4.1000000000         2.3279168013
        2.6000000000         4.1000000000         2.4018237190
        2.6050000000         4.1000000000         2.4731821223
        2.6100000000         4.1000000000         2.5368949824
        2.6150000000         4.1000000000         2.6057048713
        2.6200000000         4.1000000000         2.6783375319
        2.6250000000         4.1000000000         2.7509701924
        2.6300000000         4.1000000000         2.8197800813
        2.6350000000         4.1000000000         2.8911384846
        2.6400000000         4.1000000000         2.9612226307
        2.6450000000         4.1000000000         3.0364038057
        2.6500000000         4.1000000000         3.1103107234
        2.6550000000         4.1000000000         3.1854918983
        2.6600000000         4.1000000000         3.2555760444
        2.6650000000         4.1000000000         3.3269344477
        2.6700000000         4.1000000000         3.3970185939
        2.6750000000         4.1000000000         3.4734740260
        2.6800000000         4.1000000000         3.5435581721
        2.6850000000         4.1000000000         3.6200136042
        2.6900000000         4.1000000000         3.6951947791
        2.6950000000         4.1000000000         3.7691016969
        2.7000000000         4.1000000000         3.8468313862
        2.7050000000         4.1000000000         3.9220125611
        2.7100000000         4.1000000000         3.9933709644
        2.7150000000         4.1000000000         4.0672778822
        2.7200000000         4.1000000000         4.1437333143
        2.7250000000         4.1000000000         4.2189144892
        2.7300000000         4.1000000000         4.2979184357
        2.7350000000         4.1000000000         4.3692768391
        2.7400000000         4.1000000000         4.4457322712
        2.7450000000         4.1000000000         4.5234619605
        2.7500000000         4.1000000000         4.5960946210
        2.7550000000         4.1000000000         4.6763728248
        2.7600000000         4.1000000000         4.7528282569
        2.7650000000         4.1000000000         4.8280094318
        2.7700000000         4.1000000000         4.9108361500
        2.7750000000         4.1000000000         4.9898400965
        2.7800000000         4.1000000000         5.0662955286
        2.7850000000         4.1000000000         5.0688440430
        2.7900000000         4.1000000000         1.1084526589
        2.7950000000         4.1000000000        -0.0026996214
        2.8000000000         4.1000000000         0.0011231503
        2.8050000000         4.1000000000         0.0712072964
        2.8100000000         4.1000000000         0.1502112429
        2.8150000000         4.1000000000         0.2266666750
        2.8200000000         4.1000000000         0.3018478499
        2.8250000000         4.1000000000         0.3834003109
        2.8300000000         4.1000000000         0.4585814858
        2.8350000000         4.1000000000         0.5324884035
        2.8400000000         4.1000000000         0.6102180929
        2.8450000000         4.1000000000         0.6828507534
        2.8500000000         4.1000000000         0.7567576711
        2.8550000000         4.1000000000         0.8344873604
        2.8600000000         4.1000000000         0.9083942781
        2.8650000000         4.1000000000         0.9772041671
        2.8700000000         4.1000000000         1.0511110848
        2.8750000000         4.1000000000         1.1250180025
        2.8800000000         4.1000000000         1.1887308626
        2.8850000000         4.1000000000         1.2664605519
        2.8900000000         4.1000000000         1.3378189553
        2.8950000000         4.1000000000         1.4079031014
        2.9000000000         4.1000000000         1.4741644759
        2.9050000000         4.1000000000         1.5429743648
        2.9100000000         4.1000000000         1.6092357393
        2.9150000000         4.1000000000         1.6754971138
        2.9200000000         4.1000000000         1.7468555171
        2.9250000000         4.1000000000         1.8118426344
        2.9300000000         4.1000000000         1.8793782662
        2.9350000000         4.1000000000         1.9456396407
        2.9400000000         4.1000000000         2.0182723012
        2.9450000000         4.1000000000         2.0845336757
        2.9500000000         4.1000000000         2.1482465358
        2.9550000000         4.1000000000         2.2221534535
        2.9600000000         4.1000000000         2.2922375996
        2.9650000000         4.1000000000         2.3635960030
        2.9700000000         4.1000000000         2.4336801491
        2.9750000000         4.1000000000         2.4948444948
        2.9800000000         4.1000000000         2.5649286409
        2.9850000000         4.1000000000         2.6401098158
        2.9900000000         4.1000000000         2.7101939619
        2.9950000000         4.1000000000         2.7815523652
        3.0000000000         4.1000000000         2.8567335402
        3.0050000000         4.1000000000         2.9229949147
        3.0100000000         4.1000000000         2.9969018324
        3.0150000000         4.1000000000         3.0720830073
        3.0200000000         4.1000000000         3.1434414106
        3.0250000000         4.1000000000         3.2097027851
        3.0300000000         4.1000000000         3.2861582173
        3.0350000000         4.1000000000         3.3549681062
        3.0400000000         4.1000000000         3.4314235383
        3.0450000000         4.1000000000         3.5078789704
        3.0500000000         4.1000000000         3.5792373738
        3.0550000000         4.1000000000         3.6518700343
        3.0600000000         4.1000000000         3.7283254664
        3.0650000000         4.1000000000         3.8047808985
        3.0700000000         4.1000000000         3.8786878162
        3.0750000000         4.1000000000         3.9500462196
        3.0800000000         4.1000000000         4.0315986805
        3.0850000000         4.1000000000         4.1067798554
        3.0900000000         4.1000000000         4.1781382587
        3.0950000000         4.1000000000         4.2558679481
        3.1000000000         4.1000000000         4.3297748658
        3.1050000000         4.1000000000         4.4075045551
        3.1100000000         4.1000000000         4.4839599872
        3.1150000000         4.1000000000         4.5604154194
        3.1200000000         4.1000000000         4.6406936231
        3.1250000000         4.1000000000         4.7171490552
        3.1300000000         4.1000000000         4.7910559730
        3.1350000000         4.1000000000         4.8687856623
        3.1400000000         4.1000000000         4.9490638660
        3.1450000000         4.1000000000         5.0293420697
        3.1500000000         4.1000000000         5.0675697858
        3.1550000000         4.1000000000         1.1008071157
        3.1600000000         4.1000000000        -0.0026996214
        3.1650000000         4.1000000000        -0.0001511069
        3.1700000000         4.1000000000         0.0342538375
        3.1750000000         4.1000000000         0.1094350124
        3.1800000000         4.1000000000         0.1871647018
        3.1850000000         4.1000000000         0.2636201339
        3.1900000000         4.1000000000         0.3413498232
        3.1950000000         4.1000000000         0.4165309981
        3.2000000000         4.1000000000         0.4993577163
        3.2050000000         4.1000000000         0.5694418624
        3.2100000000         4.1000000000         0.6471715517
        3.2150000000         4.1000000000         0.7236269838
        3.2200000000         4.1000000000         0.7937111300
        3.2250000000         4.1000000000         0.8676180477
        3.2300000000         4.1000000000         0.9364279366
        3.2350000000         4.1000000000         1.0103348543
        3.2400000000         4.1000000000         1.0829675148
        3.2450000000         4.1000000000         1.1543259182
        3.2500000000         4.1000000000         1.2307813503
        3.2550000000         4.1000000000         1.3021397536
        3.2600000000         4.1000000000         1.3709496425
        3.2650000000         4.1000000000         1.4372110170
        3.2700000000         4.1000000000         1.5072951631
        3.2750000000         4.1000000000         1.5748307948
        3.2800000000         4.1000000000         1.6436406838
        3.2850000000         4.1000000000         1.7137248299
        3.2900000000         4.1000000000         1.7799862044
        3.2950000000         4.1000000000         1.8500703505
        3.3000000000         4.1000000000         1.9176059822
        3.3050000000         4.1000000000         1.9813188423
        3.3100000000         4.1000000000         2.0501287312
        3.3150000000         4.1000000000         2.1151158485
        3.3200000000         4.1000000000         2.1851999947
        3.3250000000         4.1000000000         2.2514613692
        3.3300000000         4.1000000000         2.3215455153
        3.3350000000         4.1000000000         2.3941781758
        3.3400000000         4.1000000000         2.4617138075
        3.3450000000         4.1000000000         2.5317979536
        3.3500000000         4.1000000000         2.5993335853
        3.3550000000         4.1000000000         2.6719662459
        3.3600000000         4.1000000000         2.7433246492
        3.3650000000         4.1000000000         2.8134087953
        3.3700000000         4.1000000000         2.8834929414
        3.3750000000         4.1000000000         2.9573998591
        3.3800000000         4.1000000000         3.0223869764
        3.3850000000         4.1000000000         3.0962938942
        3.3900000000         4.1000000000         3.1663780403
        3.3950000000         4.1000000000         3.2364621864
        3.4000000000         4.1000000000         3.3167403901
        3.4050000000         4.1000000000         3.3880987934
        3.4100000000         4.1000000000         3.4594571968
        3.4150000000         4.1000000000         3.5308156001
        3.4200000000         4.1000000000         3.6098195466
        3.4250000000         4.1000000000         3.6837264643
        3.4300000000         4.1000000000         3.7576333820
        3.4350000000         4.1000000000         3.8302660426
        3.4400000000         4.1000000000         3.9054472175
        3.4450000000         4.1000000000         3.9844511640
        3.4500000000         4.1000000000         4.0583580817
        3.4550000000         4.1000000000         4.1348135139
        3.4600000000         4.1000000000         4.2074461744
        3.4650000000         4.1000000000         4.2826273493
        3.4700000000         4.1000000000         4.3565342670
        3.4750000000         4.1000000000         4.4380867280
        3.4800000000         4.1000000000         4.5145421601
        3.4850000000         4.1000000000         4.5909975922
        3.4900000000         4.1000000000         4.6725500532
        3.4950000000         4.1000000000         4.7515539997
        3.5000000000         4.1000000000         4.8292836890
        3.5050000000         4.1000000000         4.9070133783
        3.5100000000         4.1000000000         4.9834688105
        3.5150000000         4.1000000000         5.0637470142
        3.5200000000         4.1000000000         5.0662955286
        3.5250000000         4.1000000000         1.1046298873
        3.5300000000         4.1000000000         0.0011231503
        3.5350000000         4.1000000000         0.0049459219
        3.5400000000         4.1000000000         0.0686587820
        3.5450000000         4.1000000000         0.1463884713
        3.5500000000         4.1000000000         0.2279409322
        3.5550000000         4.1000000000         0.3043963644
        3.5600000000         4.1000000000         0.3770290249
        3.5650000000         4.1000000000         0.4534844570
        3.5700000000         4.1000000000         0.5273913747
        3.5750000000         4.1000000000         0.6012982924
        3.5800000000         4.1000000000         0.6764794674
        3.5850000000         4.1000000000         0.7554834139
        3.5900000000         4.1000000000         0.8306645888
        3.5950000000         4.1000000000         0.9083942781
        3.6000000000         4.1000000000         0.9784784243
        3.6050000000         4.1000000000         1.0447397988
        3.6100000000         4.1000000000         1.1173724593
        3.6150000000         4.1000000000         1.1925536342
        3.6200000000         4.1000000000         1.2639120375
        3.6250000000         4.1000000000         1.3378189553
        3.6300000000         4.1000000000         1.4066288442
        3.6350000000         4.1000000000         1.4792615047
        3.6400000000         4.1000000000         1.5493456508
        3.6450000000         4.1000000000         1.6130585109
        3.6500000000         4.1000000000         1.6831426570
        3.6550000000         4.1000000000         1.7468555171
        3.6600000000         4.1000000000         1.8118426344
        3.6650000000         4.1000000000         1.8870238094
        3.6700000000         4.1000000000         1.9583822127
        3.6750000000         4.1000000000         2.0259178444
        3.6800000000         4.1000000000         2.0909049617
        3.6850000000         4.1000000000         2.1597148506
        3.6900000000         4.1000000000         2.2259762251
        3.6950000000         4.1000000000         2.2947861140
        3.7000000000         4.1000000000         2.3635960030
        3.7050000000         4.1000000000         2.4336801491
        3.7100000000         4.1000000000         2.5075870668
        3.7150000000         4.1000000000         2.5751226985
        3.7200000000         4.1000000000         2.6515781306
        3.7250000000         4.1000000000         2.7216622767
        3.7300000000         4.1000000000         2.7930206801
        3.7350000000         4.1000000000         2.8592820546
        3.7400000000         4.1000000000         2.9331889723
        3.7450000000         4.1000000000         2.9994503468
        3.7500000000         4.1000000000         3.0720830073
        3.7550000000         4.1000000000         3.1485384394
        3.7600000000         4.1000000000         3.2224453572
        3.7650000000         4.1000000000         3.2976265321
        3.7700000000         4.1000000000         3.3677106782
        3.7750000000         4.1000000000         3.4377948243
        3.7800000000         4.1000000000         3.5142502564
        3.7850000000         4.1000000000         3.5881571742
        3.7900000000         4.1000000000         3.6620640919
        3.7950000000         4.1000000000         3.7385195240
        3.8000000000         4.1000000000         3.8137006989
        3.8050000000         4.1000000000         3.8863333595
        3.8100000000         4.1000000000         3.9589660200
        3.8150000000         4.1000000000         4.0328729377
        3.8200000000         4.1000000000         4.1067798554
        3.8250000000         4.1000000000         4.1857838020
        3.8300000000         4.1000000000         4.2635134913
        3.8350000000         4.1000000000         4.3386946662
        3.8400000000         4.1000000000         4.4189728699
        3.8450000000         4.1000000000         4.4941540449
        3.8500000000         4.1000000000         4.5667867054
        3.8550000000         4.1000000000         4.6457906519
        3.8600000000         4.1000000000         4.7324401417
        3.8650000000         4.1000000000         4.8088955738
        3.8700000000         4.1000000000         4.8917222919
        3.8750000000         4.1000000000         4.9707262385
        3.8800000000         4.1000000000         5.0471816706
        3.8850000000         4.1000000000         5.0701183002
        3.8900000000         4.1000000000         1.1084526589
        3.8950000000         4.1000000000         0.0011231503
        3.9000000000         4.1000000000        -0.0001511069
        3.9050000000         4.1000000000         0.0520934383
        3.9100000000         4.1000000000         0.1285488705
        3.9150000000         4.1000000000         0.2024557882
        3.9200000000         4.1000000000         0.2814597347
        3.9250000000         4.1000000000         0.3630121957
        3.9300000000         4.1000000000         0.4369191134
        3.9350000000         4.1000000000         0.5121002883
        3.9400000000         4.1000000000         0.5885557204
        3.9450000000         4.1000000000         0.6637368953
        3.9500000000         4.1000000000         0.7363695559
        3.9550000000         4.1000000000         0.8090022164
        3.9600000000         4.1000000000         0.8841833913
        3.9650000000         4.1000000000         0.9555417946
        3.9700000000         4.1000000000         1.0345457412
        3.9750000000         4.1000000000         1.1046298873
        3.9800000000         4.1000000000         1.1734397762
        3.9850000000         4.1000000000         1.2447981795
        3.9900000000         4.1000000000         1.3199793544
        3.9950000000         4.1000000000         1.3887892433
        4.0000000000         4.1000000000         1.4626961611
        4.0050000000         4.1000000000         1.5315060500
        4.0100000000         4.1000000000         1.6003159389
        4.0150000000         4.1000000000         1.6716743422
        4.0200000000         4.1000000000         1.7328386879
        4.0250000000         4.1000000000         1.8003743196
        4.0300000000         4.1000000000         1.8691842085
        4.0350000000         4.1000000000         1.9405426119
        4.0400000000         4.1000000000         2.0106267580
        4.0450000000         4.1000000000         2.0730653609
        4.0500000000         4.1000000000         2.1495207930
        4.0550000000         4.1000000000         2.2170564247
        4.0600000000         4.1000000000         2.2833177992
        4.0650000000         4.1000000000         2.3572247169
        4.0700000000         4.1000000000         2.4234860914
        4.0750000000         4.1000000000         2.4961187520
        4.0800000000         4.1000000000         2.5662028981
        4.0850000000         4.1000000000         2.6375613014
        4.0900000000         4.1000000000         2.7012741615
        4.0950000000         4.1000000000         2.7790038508
        4.1000000000         4.1000000000         2.8465394825
        4.1050000000         4.1000000000         2.9191721431
        4.1100000000         4.1000000000         2.9879820320
        4.1150000000         4.1000000000         3.0631632069
        4.1200000000         4.1000000000         3.1345216102
        4.1250000000         4.1000000000         3.2046057563
        4.1300000000         4.1000000000         3.2848839601
        4.1350000000         4.1000000000         3.3549681062
        4.1400000000         4.1000000000         3.4326977955
        4.1450000000         4.1000000000         3.5066047132
        4.1500000000         4.1000000000         3.5754146021
        4.1550000000         4.1000000000         3.6505957771
        4.1600000000         4.1000000000         3.7219541804
        4.1650000000         4.1000000000         3.7984096125
        4.1700000000         4.1000000000         3.8748650446
        4.1750000000         4.1000000000         3.9474977052
        4.1800000000         4.1000000000         4.0226788801
        4.1850000000         4.1000000000         4.0991343122
        4.1900000000         4.1000000000         4.1704927155
        4.1950000000         4.1000000000         4.2533194337
        4.2000000000         4.1000000000         4.3246778370
        4.2050000000         4.1000000000         4.4049560407
        4.2100000000         4.1000000000         4.4839599872
        4.2150000000         4.1000000000         4.5591411622
        4.2200000000         4.1000000000         4.6343223371
        4.2250000000         4.1000000000         4.7146005408
        4.2300000000         4.1000000000         4.7948787446
        4.2350000000         4.1000000000         4.8726084339
        4.2400000000         4.1000000000         4.9528866376
        4.2450000000         4.1000000000         5.0357133558
        4.2500000000         4.1000000000         5.0662955286
        4.2550000000         4.1000000000         1.1224694881
        4.2600000000         4.1000000000         0.0011231503
        4.2650000000         4.1000000000         0.0011231503
        4.2700000000         4.1000000000         0.0418993807
        4.2750000000         4.1000000000         0.1158062984
        4.2800000000         4.1000000000         0.1884389590
        4.2850000000         4.1000000000         0.2674429055
        4.2900000000         4.1000000000         0.3489953664
        4.2950000000         4.1000000000         0.4241765414
        4.3000000000         4.1000000000         0.5031804879
        4.3050000000         4.1000000000         0.5796359200
        4.3100000000         4.1000000000         0.6535428377
        4.3150000000         4.1000000000         0.7312725271
        4.3200000000         4.1000000000         0.8039051876
        4.3250000000         4.1000000000         0.8816348769
        4.3300000000         4.1000000000         0.9504447658
        4.3350000000         4.1000000000         1.0205289119
        4.3400000000         4.1000000000         1.0931615725
        4.3450000000         4.1000000000         1.1670684902
        4.3500000000         4.1000000000         1.2422496651
        4.3550000000         4.1000000000         1.3148823256
        4.3600000000         4.1000000000         1.3849664717
        4.3650000000         4.1000000000         1.4550506179
        4.3700000000         4.1000000000         1.5225862496
        4.3750000000         4.1000000000         1.5952189101
        4.3800000000         4.1000000000         1.6640287990
        4.3850000000         4.1000000000         1.7290159163
        4.3900000000         4.1000000000         1.7991000624
        4.3950000000         4.1000000000         1.8640871797
        4.4000000000         4.1000000000         1.9252515254
        4.4050000000         4.1000000000         2.0004327004
        4.4100000000         4.1000000000         2.0730653609
        4.4150000000         4.1000000000         2.1342297066
        4.4200000000         4.1000000000         2.2055881099
        4.4250000000         4.1000000000         2.2794950276
        4.4300000000         4.1000000000         2.3457564021
        4.4350000000         4.1000000000         2.4196633198
        4.4400000000         4.1000000000         2.4884732088
        4.4450000000         4.1000000000         2.5611058693
        4.4500000000         4.1000000000         2.6337385298
        4.4550000000         4.1000000000         2.7063711903
        4.4600000000         4.1000000000         2.7764553364
        4.4650000000         4.1000000000         2.8478137397
        4.4700000000         4.1000000000         2.9217206575
        4.4750000000         4.1000000000         2.9905305464
        4.4800000000         4.1000000000         3.0644374641
        4.4850000000         4.1000000000         3.1383443818
        4.4900000000         4.1000000000         3.2046057563
        4.4950000000         4.1000000000         3.2810611885
        4.5000000000         4.1000000000         3.3524195918
        4.5050000000         4.1000000000         3.4237779951
        4.5100000000         4.1000000000         3.4989591700
        4.5150000000         4.1000000000         3.5754146021
        4.5200000000         4.1000000000         3.6531442915
        4.5250000000         4.1000000000         3.7283254664
        4.5300000000         4.1000000000         3.8022323841
        4.5350000000         4.1000000000         3.8723165302
        4.5400000000         4.1000000000         3.9487719624
        4.5450000000         4.1000000000         4.0226788801
        4.5500000000         4.1000000000         4.0978600550
        4.5550000000         4.1000000000         4.1781382587
        4.5600000000         4.1000000000         4.2520451765
        4.5650000000         4.1000000000         4.3285006086
        4.5700000000         4.1000000000         4.4100530695
        4.5750000000         4.1000000000         4.4852342444
        4.5800000000         4.1000000000         4.5604154194
        4.5850000000         4.1000000000         4.6394193659
        4.5900000000         4.1000000000         4.7184233124
        4.5950000000         4.1000000000         4.8012500306
        4.6000000000         4.1000000000         4.8751569483
        4.6050000000         4.1000000000         4.9541608948
        4.6100000000         4.1000000000         5.0382618702
        4.6150000000         4.1000000000         5.0675697858
        4.6200000000         4.1000000000         1.1135496877
        4.6250000000         4.1000000000         0.0049459219
        4.6300000000         4.1000000000        -0.0001511069
        4.6350000000         4.1000000000         0.0418993807
        4.6400000000         4.1000000000         0.1170805556
        4.6450000000         4.1000000000         0.1897132162
        4.6500000000         4.1000000000         0.2712656771
        4.6550000000         4.1000000000         0.3502696236
        4.6600000000         4.1000000000         0.4267250558
        4.6650000000         4.1000000000         0.5019062307
        4.6700000000         4.1000000000         0.5783616628
        4.6750000000         4.1000000000         0.6535428377
        4.6800000000         4.1000000000         0.7312725271
        4.6850000000         4.1000000000         0.8090022164
        4.6900000000         4.1000000000         0.8841833913
        4.6950000000         4.1000000000         0.9504447658
        4.7000000000         4.1000000000         1.0218031691
        4.7050000000         4.1000000000         1.0944358297
        4.7100000000         4.1000000000         1.1683427474
        4.7150000000         4.1000000000         1.2409754079
        4.7200000000         4.1000000000         1.3123338112
        4.7250000000         4.1000000000         1.3836922145
        4.7300000000         4.1000000000         1.4499535890
        4.7350000000         4.1000000000         1.5225862496
        4.7400000000         4.1000000000         1.5901218813
        4.7450000000         4.1000000000         1.6602060274
        4.7500000000         4.1000000000         1.7264674019
        4.7550000000         4.1000000000         1.7952772908
        4.7600000000         4.1000000000         1.8666356941
        4.7650000000         4.1000000000         1.9316228114
        4.7700000000         4.1000000000         2.0017069576
        4.7750000000         4.1000000000         2.0730653609
        4.7800000000         4.1000000000         2.1380524782
        4.7850000000         4.1000000000         2.2043138527
        4.7900000000         4.1000000000         2.2794950276
        4.7950000000         4.1000000000         2.3483049165
        4.8000000000         4.1000000000         2.4209375770
        4.8050000000         4.1000000000         2.4910217232
        4.8100000000         4.1000000000         2.5560088405
        4.8150000000         4.1000000000         2.6286415010
        4.8200000000         4.1000000000         2.6999999043
        4.8250000000         4.1000000000         2.7751810792
        4.8300000000         4.1000000000         2.8452652253
        4.8350000000         4.1000000000         2.9166236287
        4.8400000000         4.1000000000         2.9892562892
        4.8450000000         4.1000000000         3.0631632069
        4.8500000000         4.1000000000         3.1357958674
        4.8550000000         4.1000000000         3.2071542707
        4.8600000000         4.1000000000         3.2836097029
        4.8650000000         4.1000000000         3.3587908778
        4.8700000000         4.1000000000         3.4301492811
        4.8750000000         4.1000000000         3.5002334272
        4.8800000000         4.1000000000         3.5792373738
        4.8850000000         4.1000000000         3.6505957771
        4.8900000000         4.1000000000         3.7321482380
        4.8950000000         4.1000000000         3.8060551557
        4.9000000000         4.1000000000         3.8774135590
        4.9050000000         4.1000000000         3.9513204768
        4.9100000000         4.1000000000         4.0328729377
        4.9150000000         4.1000000000         4.1156996558
        4.9200000000         4.1000000000         4.1857838020
        4.9250000000         4.1000000000         4.2647877485
        4.9300000000         4.1000000000         4.3399689234
        4.9350000000         4.1000000000         4.4126015839
        4.9400000000         4.1000000000         4.4928797877
        4.9450000000         4.1000000000         4.5693352198
        4.9500000000         4.1000000000         4.6470649091
        4.9550000000         4.1000000000         4.7273431128
        4.9600000000         4.1000000000         4.8088955738
        4.9650000000         4.1000000000         4.8904480347
        4.9700000000         4.1000000000         4.9694519812
        4.9750000000         4.1000000000         5.0535529566
        4.9800000000         4.1000000000         5.0675697858
        4.9850000000         4.1000000000         1.1020813729
        4.9900000000         4.1000000000         0.0011231503
        4.9950000000         4.1000000000         0.0011231503
        5.0000000000         4.1000000000         0.0533676955
        5.0050000000         4.1000000000         0.1298231277
        5.0100000000         4.1000000000         0.2075528170
        5.0150000000         4.1000000000         0.2852825063
        5.0200000000         4.1000000000         0.3655607101
        5.0250000000         4.1000000000         0.4356448562
        5.0300000000         4.1000000000         0.5171973171
        5.0350000000         4.1000000000         0.5974755208
        5.0400000000         4.1000000000         0.6726566958
        5.0450000000         4.1000000000         0.7440150991
        5.0500000000         4.1000000000         0.8191962740
        5.0550000000         4.1000000000         0.8931031917
        5.0600000000         4.1000000000         0.9695586239
        5.0650000000         4.1000000000         1.0396427700
        5.0700000000         4.1000000000         1.1122754305
        5.0750000000         4.1000000000         1.1836338338
        5.0800000000         4.1000000000         1.2524437227
        5.0850000000         4.1000000000         1.3225278688
        5.0900000000         4.1000000000         1.3964347866
        5.0950000000         4.1000000000         1.4639704183
        5.1000000000         4.1000000000         1.5353288216
        5.1050000000         4.1000000000         1.6041387105
        5.1100000000         4.1000000000         1.6704000850
        5.1150000000         4.1000000000         1.7341129451
        5.1200000000         4.1000000000         1.8054713484
        5.1250000000         4.1000000000         1.8717327229
        5.1300000000         4.1000000000         1.9430911263
        5.1350000000         4.1000000000         2.0106267580
        5.1400000000         4.1000000000         2.0756138753
        5.1450000000         4.1000000000         2.1482465358
        5.1500000000         4.1000000000         2.2094108815
        5.1550000000         4.1000000000         2.2820435420
        5.1600000000         4.1000000000         2.3546762025
        5.1650000000         4.1000000000         2.4222118342
        5.1700000000         4.1000000000         2.4961187520
        5.1750000000         4.1000000000         2.5611058693
        5.1800000000         4.1000000000         2.6388355586
        5.1850000000         4.1000000000         2.7089197047
        5.1900000000         4.1000000000         2.7815523652
        5.1950000000         4.1000000000         2.8478137397
        5.2000000000         4.1000000000         2.9242691719
        5.2050000000         4.1000000000         2.9956275752
        5.2100000000         4.1000000000         3.0708087501
        5.2150000000         4.1000000000         3.1383443818
        5.2200000000         4.1000000000         3.2122512996
        5.2250000000         4.1000000000         3.2848839601
        5.2300000000         4.1000000000         3.3562423634
        5.2350000000         4.1000000000         3.4326977955
        5.2400000000         4.1000000000         3.5078789704
        5.2450000000         4.1000000000         3.5817858882
        5.2500000000         4.1000000000         3.6505957771
        5.2550000000         4.1000000000         3.7270512092
        5.2600000000         4.1000000000         3.8073294129
        5.2650000000         4.1000000000         3.8812363307
        5.2700000000         4.1000000000         3.9615145344
        5.2750000000         4.1000000000         4.0366957093
        5.2800000000         4.1000000000         4.1067798554
        5.2850000000         4.1000000000         4.1934293452
        5.2900000000         4.1000000000         4.2635134913
        5.2950000000         4.1000000000         4.3335976374
        5.3000000000         4.1000000000         4.4087788123
        5.3050000000         4.1000000000         4.4877827589
        5.3100000000         4.1000000000         4.5667867054
        5.3150000000         4.1000000000         4.6470649091
        5.3200000000         4.1000000000         4.7209718268
        5.3250000000         4.1000000000         4.8037985450
        5.3300000000         4.1000000000         4.8802539771
        5.3350000000         4.1000000000         4.9630806952
        5.3400000000         4.1000000000         5.0420846418
        5.3450000000         4.1000000000         5.0662955286
        5.3500000000         4.1000000000         1.1033556301
        5.3550000000         4.1000000000        -0.0026996214
        5.3600000000         4.1000000000         0.0011231503
        5.3650000000         4.1000000000         0.0482706667
        5.3700000000         4.1000000000         0.1234518417
        5.3750000000         4.1000000000         0.1999072738
        5.3800000000         4.1000000000         0.2840082491
        5.3850000000         4.1000000000         0.3591894240
        5.3900000000         4.1000000000         0.4343705990
        5.3950000000         4.1000000000         0.5095517739
