        0.0000000000         4.2500000000         1.3390932125
        0.0050000000         4.2500000000         1.3365446981
        0.0100000000         4.2500000000         1.3365446981
        0.0150000000         4.2500000000         1.3390932125
        0.0200000000         4.2500000000         1.3543842989
        0.0250000000         4.2500000000         1.3696753853
        0.0300000000         4.2500000000         1.4028060726
        0.0350000000         4.2500000000         1.4321139882
        0.0400000000         4.2500000000         1.4716159615
        0.0450000000         4.2500000000         1.5111179347
        0.0500000000         4.2500000000         1.5531684224
        0.0550000000         4.2500000000         1.5939446529
        0.0600000000         4.2500000000         1.6449149410
        0.0650000000         4.2500000000         1.6920624574
        0.0700000000         4.2500000000         1.7468555171
        0.0750000000         4.2500000000         1.7978258052
        0.0800000000         4.2500000000         1.8475218361
        0.0850000000         4.2500000000         1.9035891530
        0.0900000000         4.2500000000         1.9622049843
        0.0950000000         4.2500000000         2.0195465584
        0.1000000000         4.2500000000         2.0730653609
        0.1050000000         4.2500000000         2.1316811922
        0.1100000000         4.2500000000         2.1953940523
        0.1150000000         4.2500000000         2.2540098836
        0.1200000000         4.2500000000         2.3202712581
        0.1250000000         4.2500000000         2.3801613466
        0.1300000000         4.2500000000         2.4425999495
        0.1350000000         4.2500000000         2.5088613240
        0.1400000000         4.2500000000         2.5763969557
        0.1450000000         4.2500000000         2.6388355586
        0.1500000000         4.2500000000         2.7050969331
        0.1550000000         4.2500000000         2.7739068220
        0.1600000000         4.2500000000         2.8427167109
        0.1650000000         4.2500000000         2.9140751143
        0.1700000000         4.2500000000         2.9828850032
        0.1750000000         4.2500000000         3.0504206349
        0.1800000000         4.2500000000         3.1179562666
        0.1850000000         4.2500000000         3.1944116987
        0.1900000000         4.2500000000         3.2606730732
        0.1950000000         4.2500000000         3.3320314765
        0.2000000000         4.2500000000         3.4084869087
        0.2050000000         4.2500000000         3.4849423408
        0.2100000000         4.2500000000         3.5575750013
        0.2150000000         4.2500000000         3.6327561762
        0.2200000000         4.2500000000         3.7104858656
        0.2250000000         4.2500000000         3.7818442689
        0.2300000000         4.2500000000         3.8557511866
        0.2350000000         4.2500000000         3.9360293903
        0.2400000000         4.2500000000         4.0099363081
        0.2450000000         4.2500000000         4.0825689686
        0.2500000000         4.2500000000         4.1628471723
        0.2550000000         4.2500000000         4.2342055756
        0.2600000000         4.2500000000         4.3119352650
        0.2650000000         4.2500000000         4.3947619831
        0.2700000000         4.2500000000         4.4686689008
        0.2750000000         4.2500000000         4.5565926478
        0.2800000000         4.2500000000         4.6343223371
        0.2850000000         4.2500000000         4.7171490552
        0.2900000000         4.2500000000         4.7987015162
        0.2950000000         4.2500000000         4.8764312055
        0.3000000000         4.2500000000         4.9592579236
        0.3050000000         4.2500000000         5.0395361274
        0.3100000000         4.2500000000         5.0662955286
        0.3150000000         4.2500000000         1.0957100869
        0.3200000000         4.2500000000         0.0011231503
        0.3250000000         4.2500000000         0.0062201791
        0.3300000000         4.2500000000         0.0584647243
        0.3350000000         4.2500000000         0.1400171853
        0.3400000000         4.2500000000         0.2228439034
        0.3450000000         4.2500000000         0.2992993355
        0.3500000000         4.2500000000         0.3783032821
        0.3550000000         4.2500000000         0.4573072286
        0.3600000000         4.2500000000         0.5337626607
        0.3650000000         4.2500000000         0.6178636361
        0.3700000000         4.2500000000         0.6994160970
        0.3750000000         4.2500000000         0.7758715291
        0.3800000000         4.2500000000         0.8510527041
        0.3850000000         4.2500000000         0.9275081362
        0.3900000000         4.2500000000         1.0039635683
        0.3950000000         4.2500000000         1.0842417720
        0.4000000000         4.2500000000         1.1581486898
        0.4050000000         4.2500000000         1.2269585787
        0.4100000000         4.2500000000         1.3034140108
        0.4150000000         4.2500000000         1.3824179573
        0.4200000000         4.2500000000         1.4537763606
        0.4250000000         4.2500000000         1.5238605068
        0.4300000000         4.2500000000         1.6092357393
        0.4350000000         4.2500000000         1.6729485994
        0.4400000000         4.2500000000         1.7404842311
        0.4450000000         4.2500000000         1.8143911488
        0.4500000000         4.2500000000         1.8857495522
        0.4550000000         4.2500000000         1.9571079555
        0.4600000000         4.2500000000         2.0335633876
        0.4650000000         4.2500000000         2.1036475337
        0.4700000000         4.2500000000         2.1788287086
        0.4750000000         4.2500000000         2.2501871120
        0.4800000000         4.2500000000         2.3240940297
        0.4850000000         4.2500000000         2.3967266902
        0.4900000000         4.2500000000         2.4680850935
        0.4950000000         4.2500000000         2.5445405256
        0.5000000000         4.2500000000         2.6184474434
        0.5050000000         4.2500000000         2.6949028755
        0.5100000000         4.2500000000         2.7700840504
        0.5150000000         4.2500000000         2.8465394825
        0.5200000000         4.2500000000         2.9229949147
        0.5250000000         4.2500000000         2.9981760896
        0.5300000000         4.2500000000         3.0682602357
        0.5350000000         4.2500000000         3.1498126966
        0.5400000000         4.2500000000         3.2237196144
        0.5450000000         4.2500000000         3.3039978181
        0.5500000000         4.2500000000         3.3830017646
        0.5550000000         4.2500000000         3.4645542256
        0.5600000000         4.2500000000         3.5384611433
        0.5650000000         4.2500000000         3.6225621186
        0.5700000000         4.2500000000         3.6951947791
        0.5750000000         4.2500000000         3.7780214973
        0.5800000000         4.2500000000         3.8532026722
        0.5850000000         4.2500000000         3.9334808759
        0.5900000000         4.2500000000         4.0150333369
        0.5950000000         4.2500000000         4.0953115406
        0.6000000000         4.2500000000         4.1743154871
        0.6050000000         4.2500000000         4.2533194337
        0.6100000000         4.2500000000         4.3348718946
        0.6150000000         4.2500000000         4.4126015839
        0.6200000000         4.2500000000         4.4954283021
        0.6250000000         4.2500000000         4.5782550202
        0.6300000000         4.2500000000         4.6610817383
        0.6350000000         4.2500000000         4.7400856849
        0.6400000000         4.2500000000         4.8203638886
        0.6450000000         4.2500000000         4.9082876355
        0.6500000000         4.2500000000         4.9923886109
        0.6550000000         4.2500000000         5.0675697858
        0.6600000000         4.2500000000         5.0662955286
        0.6650000000         4.2500000000         1.1033556301
        0.6700000000         4.2500000000        -0.0026996214
        0.6750000000         4.2500000000         0.0138657223
        0.6800000000         4.2500000000         0.0941439260
        0.6850000000         4.2500000000         0.1769706441
        0.6900000000         4.2500000000         0.2559745907
        0.6950000000         4.2500000000         0.3400755660
        0.7000000000         4.2500000000         0.4165309981
        0.7050000000         4.2500000000         0.4942606875
        0.7100000000         4.2500000000         0.5745388912
        0.7150000000         4.2500000000         0.6560913521
        0.7200000000         4.2500000000         0.7338210415
        0.7250000000         4.2500000000         0.8140992452
        0.7300000000         4.2500000000         0.8905546773
        0.7350000000         4.2500000000         0.9670101094
        0.7400000000         4.2500000000         1.0421912844
        0.7450000000         4.2500000000         1.1186467165
        0.7500000000         4.2500000000         1.1989249202
        0.7550000000         4.2500000000         1.2702833235
        0.7600000000         4.2500000000         1.3441902413
        0.7650000000         4.2500000000         1.4206456734
        0.7700000000         4.2500000000         1.4983753627
        0.7750000000         4.2500000000         1.5722822804
        0.7800000000         4.2500000000         1.6423664266
        0.7850000000         4.2500000000         1.7124505727
        0.7900000000         4.2500000000         1.7825347188
        0.7950000000         4.2500000000         1.8564416365
        0.8000000000         4.2500000000         1.9265257826
        0.8050000000         4.2500000000         1.9991584431
        0.8100000000         4.2500000000         2.0756138753
        0.8150000000         4.2500000000         2.1456980214
        0.8200000000         4.2500000000         2.2145079103
        0.8250000000         4.2500000000         2.2896890852
        0.8300000000         4.2500000000         2.3635960030
        0.8350000000         4.2500000000         2.4349544063
        0.8400000000         4.2500000000         2.5075870668
        0.8450000000         4.2500000000         2.5967850709
        0.8500000000         4.2500000000         2.6592236738
        0.8550000000         4.2500000000         2.7369533632
        0.8600000000         4.2500000000         2.8172315669
        0.8650000000         4.2500000000         2.8885899702
        0.8700000000         4.2500000000         2.9675939167
        0.8750000000         4.2500000000         3.0402265773
        0.8800000000         4.2500000000         3.1205047810
        0.8850000000         4.2500000000         3.1969602131
        0.8900000000         4.2500000000         3.2759641597
        0.8950000000         4.2500000000         3.3562423634
        0.9000000000         4.2500000000         3.4314235383
        0.9050000000         4.2500000000         3.5091532276
        0.9100000000         4.2500000000         3.5843344026
        0.9150000000         4.2500000000         3.6607898347
        0.9200000000         4.2500000000         3.7423422956
        0.9250000000         4.2500000000         3.8213462422
        0.9300000000         4.2500000000         3.8952531599
        0.9350000000         4.2500000000         3.9793541352
        0.9400000000         4.2500000000         4.0558095673
        0.9450000000         4.2500000000         4.1360877711
        0.9500000000         4.2500000000         4.2112689460
        0.9550000000         4.2500000000         4.2902728925
        0.9600000000         4.2500000000         4.3718253535
        0.9650000000         4.2500000000         4.4546520716
        0.9700000000         4.2500000000         4.5336560181
        0.9750000000         4.2500000000         4.6190312507
        0.9800000000         4.2500000000         4.7044064832
        0.9850000000         4.2500000000         4.7834104297
        0.9900000000         4.2500000000         4.8687856623
        0.9950000000         4.2500000000         4.9503381232
        1.0000000000         4.2500000000         5.0344390986
        1.0050000000         4.2500000000         5.0701183002
        1.0100000000         4.2500000000         1.1046298873
        1.0150000000         4.2500000000         0.0023974075
        1.0200000000         4.2500000000        -0.0026996214
        1.0250000000         4.2500000000         0.0597389816
        1.0300000000         4.2500000000         0.1361944137
        1.0350000000         4.2500000000         0.2177468746
        1.0400000000         4.2500000000         0.2992993355
        1.0450000000         4.2500000000         0.3783032821
        1.0500000000         4.2500000000         0.4547587142
        1.0550000000         4.2500000000         0.5414082039
        1.0600000000         4.2500000000         0.6140408645
        1.0650000000         4.2500000000         0.6930448110
        1.0700000000         4.2500000000         0.7720487575
        1.0750000000         4.2500000000         0.8497784469
        1.0800000000         4.2500000000         0.9300566506
        1.0850000000         4.2500000000         1.0116091115
        1.0900000000         4.2500000000         1.0842417720
        1.0950000000         4.2500000000         1.1543259182
        1.1000000000         4.2500000000         1.2346041219
        1.1050000000         4.2500000000         1.3161565828
        1.1100000000         4.2500000000         1.3875149861
        1.1150000000         4.2500000000         1.4575991323
        1.1200000000         4.2500000000         1.5340545644
        1.1250000000         4.2500000000         1.6041387105
        1.1300000000         4.2500000000         1.6767713710
        1.1350000000         4.2500000000         1.7532268031
        1.1400000000         4.2500000000         1.8233109493
        1.1450000000         4.2500000000         1.8946693526
        1.1500000000         4.2500000000         1.9660277559
        1.1550000000         4.2500000000         2.0399346736
        1.1600000000         4.2500000000         2.1125673341
        1.1650000000         4.2500000000         2.1851999947
        1.1700000000         4.2500000000         2.2565583980
        1.1750000000         4.2500000000         2.3368366017
        1.1800000000         4.2500000000         2.4094692622
        1.1850000000         4.2500000000         2.4821019227
        1.1900000000         4.2500000000         2.5598316121
        1.1950000000         4.2500000000         2.6388355586
        1.2000000000         4.2500000000         2.7127424763
        1.2050000000         4.2500000000         2.7904721657
        1.2100000000         4.2500000000         2.8669275978
        1.2150000000         4.2500000000         2.9395602583
        1.2200000000         4.2500000000         3.0172899476
        1.2250000000         4.2500000000         3.0911968654
        1.2300000000         4.2500000000         3.1714750691
        1.2350000000         4.2500000000         3.2453819868
        1.2400000000         4.2500000000         3.3231116761
        1.2450000000         4.2500000000         3.4072126515
        1.2500000000         4.2500000000         3.4823938264
        1.2550000000         4.2500000000         3.5613977729
        1.2600000000         4.2500000000         3.6353046906
        1.2650000000         4.2500000000         3.7143086372
        1.2700000000         4.2500000000         3.7984096125
        1.2750000000         4.2500000000         3.8774135590
        1.2800000000         4.2500000000         3.9564175056
        1.2850000000         4.2500000000         4.0392442237
        1.2900000000         4.2500000000         4.1182481702
        1.2950000000         4.2500000000         4.1947036024
        1.3000000000         4.2500000000         4.2775303205
        1.3050000000         4.2500000000         4.3565342670
        1.3100000000         4.2500000000         4.4355382136
        1.3150000000         4.2500000000         4.5145421601
        1.3200000000         4.2500000000         4.5948203638
        1.3250000000         4.2500000000         4.6789213392
        1.3300000000         4.2500000000         4.7681193433
        1.3350000000         4.2500000000         4.8483975470
        1.3400000000         4.2500000000         4.9312242652
        1.3450000000         4.2500000000         5.0191480121
        1.3500000000         4.2500000000         5.0637470142
        1.3550000000         4.2500000000         1.1441318605
        1.3600000000         4.2500000000        -0.0001511069
        1.3650000000         4.2500000000        -0.0026996214
        1.3700000000         4.2500000000         0.0469964095
        1.3750000000         4.2500000000         0.1234518417
        1.3800000000         4.2500000000         0.2024557882
        1.3850000000         4.2500000000         0.2903795351
        1.3900000000         4.2500000000         0.3681092245
        1.3950000000         4.2500000000         0.4496616854
        1.4000000000         4.2500000000         0.5286656319
        1.4050000000         4.2500000000         0.6140408645
        1.4100000000         4.2500000000         0.6904962966
        1.4150000000         4.2500000000         0.7733230147
        1.4200000000         4.2500000000         0.8472299324
        1.4250000000         4.2500000000         0.9287823934
        1.4300000000         4.2500000000         1.0026893111
        1.4350000000         4.2500000000         1.0842417720
        1.4400000000         4.2500000000         1.1594229470
        1.4450000000         4.2500000000         1.2320556075
        1.4500000000         4.2500000000         1.3085110396
        1.4550000000         4.2500000000         1.3836922145
        1.4600000000         4.2500000000         1.4588733895
        1.4650000000         4.2500000000         1.5302317928
        1.4700000000         4.2500000000         1.6028644533
        1.4750000000         4.2500000000         1.6780456282
        1.4800000000         4.2500000000         1.7519525459
        1.4850000000         4.2500000000         1.8182139205
        1.4900000000         4.2500000000         1.8908465810
        1.4950000000         4.2500000000         1.9609307271
        1.5000000000         4.2500000000         2.0322891304
        1.5050000000         4.2500000000         2.1100188197
        1.5100000000         4.2500000000         2.1826514803
        1.5150000000         4.2500000000         2.2540098836
        1.5200000000         4.2500000000         2.3266425441
        1.5250000000         4.2500000000         2.4069207478
        1.5300000000         4.2500000000         2.4744563795
        1.5350000000         4.2500000000         2.5547345833
        1.5400000000         4.2500000000         2.6273672438
        1.5450000000         4.2500000000         2.7089197047
        1.5500000000         4.2500000000         2.7866493940
        1.5550000000         4.2500000000         2.8592820546
        1.5600000000         4.2500000000         2.9344632295
        1.5650000000         4.2500000000         3.0147414332
        1.5700000000         4.2500000000         3.0886483509
        1.5750000000         4.2500000000         3.1689265547
        1.5800000000         4.2500000000         3.2479305012
        1.5850000000         4.2500000000         3.3282087049
        1.5900000000         4.2500000000         3.4046641371
        1.5950000000         4.2500000000         3.4811195692
        1.6000000000         4.2500000000         3.5613977729
        1.6050000000         4.2500000000         3.6340304334
        1.6100000000         4.2500000000         3.7143086372
        1.6150000000         4.2500000000         3.7984096125
        1.6200000000         4.2500000000         3.8774135590
        1.6250000000         4.2500000000         3.9513204768
        1.6300000000         4.2500000000         4.0315986805
        1.6350000000         4.2500000000         4.1106026270
        1.6400000000         4.2500000000         4.1959778596
        1.6450000000         4.2500000000         4.2737075489
        1.6500000000         4.2500000000         4.3527114954
        1.6550000000         4.2500000000         4.4355382136
        1.6600000000         4.2500000000         4.5132679029
        1.6650000000         4.2500000000         4.5935461066
        1.6700000000         4.2500000000         4.6801955964
        1.6750000000         4.2500000000         4.7630223145
        1.6800000000         4.2500000000         4.8458490326
        1.6850000000         4.2500000000         4.9312242652
        1.6900000000         4.2500000000         5.0216965265
        1.6950000000         4.2500000000         5.0701183002
        1.7000000000         4.2500000000         5.0127767261
        1.7050000000         4.2500000000         0.0049459219
        1.7100000000         4.2500000000        -0.0001511069
        1.7150000000         4.2500000000         0.0431736379
        1.7200000000         4.2500000000         0.1272746133
        1.7250000000         4.2500000000         0.2050043026
        1.7300000000         4.2500000000         0.2840082491
        1.7350000000         4.2500000000         0.3693834817
        1.7400000000         4.2500000000         0.4522101998
        1.7450000000         4.2500000000         0.5312141463
        1.7500000000         4.2500000000         0.6102180929
        1.7550000000         4.2500000000         0.6879477822
        1.7600000000         4.2500000000         0.7733230147
        1.7650000000         4.2500000000         0.8497784469
        1.7700000000         4.2500000000         0.9287823934
        1.7750000000         4.2500000000         1.0065120827
        1.7800000000         4.2500000000         1.0816932576
        1.7850000000         4.2500000000         1.1530516610
        1.7900000000         4.2500000000         1.2333298647
        1.7950000000         4.2500000000         1.3085110396
        1.8000000000         4.2500000000         1.3836922145
        1.8050000000         4.2500000000         1.4563248751
        1.8100000000         4.2500000000         1.5327803072
        1.8150000000         4.2500000000         1.6028644533
        1.8200000000         4.2500000000         1.6729485994
        1.8250000000         4.2500000000         1.7430327455
        1.8300000000         4.2500000000         1.8182139205
        1.8350000000         4.2500000000         1.8870238094
        1.8400000000         4.2500000000         1.9583822127
        1.8450000000         4.2500000000         2.0450317024
        1.8500000000         4.2500000000         2.1036475337
        1.8550000000         4.2500000000         2.1750059370
        1.8600000000         4.2500000000         2.2489128548
        1.8650000000         4.2500000000         2.3279168013
        1.8700000000         4.2500000000         2.3980009474
        1.8750000000         4.2500000000         2.4770048939
        1.8800000000         4.2500000000         2.5521860689
        1.8850000000         4.2500000000         2.6324642726
        1.8900000000         4.2500000000         2.7089197047
        1.8950000000         4.2500000000         2.7841008796
        1.9000000000         4.2500000000         2.8580077974
        1.9050000000         4.2500000000         2.9370117439
        1.9100000000         4.2500000000         3.0121929188
        1.9150000000         4.2500000000         3.0886483509
        1.9200000000         4.2500000000         3.1625552687
        1.9250000000         4.2500000000         3.2415592152
        1.9300000000         4.2500000000         3.3192889045
        1.9350000000         4.2500000000         3.3995671083
        1.9400000000         4.2500000000         3.4772967976
        1.9450000000         4.2500000000         3.5563007441
        1.9500000000         4.2500000000         3.6353046906
        1.9550000000         4.2500000000         3.7092116084
        1.9600000000         4.2500000000         3.7894898121
        1.9650000000         4.2500000000         3.8710422730
        1.9700000000         4.2500000000         3.9474977052
        1.9750000000         4.2500000000         4.0341471949
        1.9800000000         4.2500000000         4.1131511414
        1.9850000000         4.2500000000         4.1947036024
        1.9900000000         4.2500000000         4.2749818061
        1.9950000000         4.2500000000         4.3552600098
        2.0000000000         4.2500000000         4.4342639564
        2.0050000000         4.2500000000         4.5158164173
        2.0100000000         4.2500000000         4.5973688782
        2.0150000000         4.2500000000         4.6852926252
        2.0200000000         4.2500000000         4.7668450861
        2.0250000000         4.2500000000         4.8496718043
        2.0300000000         4.2500000000         4.9324985224
        2.0350000000         4.2500000000         5.0165994977
        2.0400000000         4.2500000000         5.0701183002
        2.0450000000         4.2500000000         1.1160982021
        2.0500000000         4.2500000000         0.0049459219
        2.0550000000         4.2500000000        -0.0026996214
        2.0600000000         4.2500000000         0.0444478951
        2.0650000000         4.2500000000         0.1272746133
        2.0700000000         4.2500000000         0.2075528170
        2.0750000000         4.2500000000         0.2865567635
        2.0800000000         4.2500000000         0.3668349673
        2.0850000000         4.2500000000         0.4560329714
        2.0900000000         4.2500000000         0.5350369179
        2.0950000000         4.2500000000         0.6165893789
        2.1000000000         4.2500000000         0.6943190682
        2.1050000000         4.2500000000         0.7733230147
        2.1100000000         4.2500000000         0.8523269613
        2.1150000000         4.2500000000         0.9313309078
        2.1200000000         4.2500000000         1.0039635683
        2.1250000000         4.2500000000         1.0829675148
        2.1300000000         4.2500000000         1.1594229470
        2.1350000000         4.2500000000         1.2358783791
        2.1400000000         4.2500000000         1.3161565828
        2.1450000000         4.2500000000         1.3862407289
        2.1500000000         4.2500000000         1.4626961611
        2.1550000000         4.2500000000         1.5315060500
        2.1600000000         4.2500000000         1.6054129677
        2.1650000000         4.2500000000         1.6780456282
        2.1700000000         4.2500000000         1.7481297743
        2.1750000000         4.2500000000         1.8194881777
        2.1800000000         4.2500000000         1.8972178670
        2.1850000000         4.2500000000         1.9647534987
        2.1900000000         4.2500000000         2.0399346736
        2.1950000000         4.2500000000         2.1151158485
        2.2000000000         4.2500000000         2.1864742519
        2.2050000000         4.2500000000         2.2642039412
        2.2100000000         4.2500000000         2.3393851161
        2.2150000000         4.2500000000         2.4120177766
        2.2200000000         4.2500000000         2.4846504371
        2.2250000000         4.2500000000         2.5598316121
        2.2300000000         4.2500000000         2.6350127870
        2.2350000000         4.2500000000         2.7101939619
        2.2400000000         4.2500000000         2.7879236513
        2.2450000000         4.2500000000         2.8656533406
        2.2500000000         4.2500000000         2.9421087727
        2.2550000000         4.2500000000         3.0262097480
        2.2600000000         4.2500000000         3.0911968654
        2.2650000000         4.2500000000         3.1740235835
        2.2700000000         4.2500000000         3.2479305012
        2.2750000000         4.2500000000         3.3256601905
        2.2800000000         4.2500000000         3.3995671083
        2.2850000000         4.2500000000         3.4849423408
        2.2900000000         4.2500000000         3.5639462873
        2.2950000000         4.2500000000         3.6404017195
        2.3000000000         4.2500000000         3.7206799232
        2.3050000000         4.2500000000         3.7958610981
        2.3100000000         4.2500000000         3.8812363307
        2.3150000000         4.2500000000         3.9589660200
        2.3200000000         4.2500000000         4.0366957093
        2.3250000000         4.2500000000         4.1169739130
        2.3300000000         4.2500000000         4.1998006312
        2.3350000000         4.2500000000         4.2800788349
        2.3400000000         4.2500000000         4.3552600098
        2.3450000000         4.2500000000         4.4380867280
        2.3500000000         4.2500000000         4.5209134461
        2.3550000000         4.2500000000         4.6011916498
        2.3600000000         4.2500000000         4.6878411396
        2.3650000000         4.2500000000         4.7693936005
        2.3700000000         4.2500000000         4.8573173475
        2.3750000000         4.2500000000         4.9350470368
        2.3800000000         4.2500000000         5.0229707837
        2.3850000000         4.2500000000         5.0688440430
        2.3900000000         4.2500000000         1.1059041445
        2.3950000000         4.2500000000         0.0011231503
        2.4000000000         4.2500000000         0.0049459219
        2.4050000000         4.2500000000         0.0482706667
        2.4100000000         4.2500000000         0.1298231277
        2.4150000000         4.2500000000         0.2101013314
        2.4200000000         4.2500000000         0.2916537923
        2.4250000000         4.2500000000         0.3732062533
        2.4300000000         4.2500000000         0.4509359426
        2.4350000000         4.2500000000         0.5337626607
        2.4400000000         4.2500000000         0.6114923501
        2.4450000000         4.2500000000         0.6930448110
        2.4500000000         4.2500000000         0.7745972719
        2.4550000000         4.2500000000         0.8510527041
        2.4600000000         4.2500000000         0.9300566506
        2.4650000000         4.2500000000         1.0052378255
        2.4700000000         4.2500000000         1.0791447432
        2.4750000000         4.2500000000         1.1594229470
        2.4800000000         4.2500000000         1.2358783791
        2.4850000000         4.2500000000         1.3136080684
        2.4900000000         4.2500000000         1.3849664717
        2.4950000000         4.2500000000         1.4626961611
        2.5000000000         4.2500000000         1.5353288216
        2.5050000000         4.2500000000         1.6066872249
        2.5100000000         4.2500000000         1.6805941426
        2.5150000000         4.2500000000         1.7519525459
        2.5200000000         4.2500000000         1.8233109493
        2.5250000000         4.2500000000         1.9010406386
        2.5300000000         4.2500000000         1.9685762703
        2.5350000000         4.2500000000         2.0424831880
        2.5400000000         4.2500000000         2.1163901057
        2.5450000000         4.2500000000         2.1877485091
        2.5500000000         4.2500000000         2.2642039412
        2.5550000000         4.2500000000         2.3355623445
        2.5600000000         4.2500000000         2.4132920338
        2.5650000000         4.2500000000         2.4884732088
        2.5700000000         4.2500000000         2.5623801265
        2.5750000000         4.2500000000         2.6362870442
        2.5800000000         4.2500000000         2.7089197047
        2.5850000000         4.2500000000         2.7866493940
        2.5900000000         4.2500000000         2.8669275978
        2.5950000000         4.2500000000         2.9395602583
        2.6000000000         4.2500000000         3.0121929188
        2.6050000000         4.2500000000         3.0950196370
        2.6100000000         4.2500000000         3.1740235835
        2.6150000000         4.2500000000         3.2517532728
        2.6200000000         4.2500000000         3.3307572193
        2.6250000000         4.2500000000         3.4046641371
        2.6300000000         4.2500000000         3.4836680836
        2.6350000000         4.2500000000         3.5613977729
        2.6400000000         4.2500000000         3.6391274623
        2.6450000000         4.2500000000         3.7181314088
        2.6500000000         4.2500000000         3.7996838697
        2.6550000000         4.2500000000         3.8774135590
        2.6600000000         4.2500000000         3.9576917628
        2.6650000000         4.2500000000         4.0392442237
        2.6700000000         4.2500000000         4.1169739130
        2.6750000000         4.2500000000         4.1959778596
        2.6800000000         4.2500000000         4.2775303205
        2.6850000000         4.2500000000         4.3552600098
        2.6900000000         4.2500000000         4.4393609852
        2.6950000000         4.2500000000         4.5196391889
        2.7000000000         4.2500000000         4.5960946210
        2.7050000000         4.2500000000         4.6801955964
        2.7100000000         4.2500000000         4.7617480573
        2.7150000000         4.2500000000         4.8433005182
        2.7200000000         4.2500000000         4.9312242652
        2.7250000000         4.2500000000         5.0178737549
        2.7300000000         4.2500000000         5.0650212714
        2.7350000000         4.2500000000         5.0331648414
        2.7400000000         4.2500000000         0.0011231503
        2.7450000000         4.2500000000        -0.0026996214
        2.7500000000         4.2500000000         0.0393508663
        2.7550000000         4.2500000000         0.1260003561
        2.7600000000         4.2500000000         0.2037300454
        2.7650000000         4.2500000000         0.2852825063
        2.7700000000         4.2500000000         0.3681092245
        2.7750000000         4.2500000000         0.4509359426
        2.7800000000         4.2500000000         0.5324884035
        2.7850000000         4.2500000000         0.6114923501
        2.7900000000         4.2500000000         0.6879477822
        2.7950000000         4.2500000000         0.7682259859
        2.8000000000         4.2500000000         0.8421329036
        2.8050000000         4.2500000000         0.9211368502
        2.8100000000         4.2500000000         0.9988665395
        2.8150000000         4.2500000000         1.0816932576
        2.8200000000         4.2500000000         1.1517774038
        2.8250000000         4.2500000000         1.2282328359
        2.8300000000         4.2500000000         1.3021397536
        2.8350000000         4.2500000000         1.3811437001
        2.8400000000         4.2500000000         1.4525021034
        2.8450000000         4.2500000000         1.5302317928
        2.8500000000         4.2500000000         1.6015901961
        2.8550000000         4.2500000000         1.6742228566
        2.8600000000         4.2500000000         1.7443070027
        2.8650000000         4.2500000000         1.8182139205
        2.8700000000         4.2500000000         1.8895723238
        2.8750000000         4.2500000000         1.9609307271
        2.8800000000         4.2500000000         2.0348376448
        2.8850000000         4.2500000000         2.1100188197
        2.8900000000         4.2500000000         2.1826514803
        2.8950000000         4.2500000000         2.2527356264
        2.9000000000         4.2500000000         2.3279168013
        2.9050000000         4.2500000000         2.4030979762
        2.9100000000         4.2500000000         2.4782791511
        2.9150000000         4.2500000000         2.5496375545
        2.9200000000         4.2500000000         2.6286415010
        2.9250000000         4.2500000000         2.7012741615
        2.9300000000         4.2500000000         2.7815523652
        2.9350000000         4.2500000000         2.8567335402
        2.9400000000         4.2500000000         2.9370117439
        2.9450000000         4.2500000000         3.0121929188
        2.9500000000         4.2500000000         3.0848255793
        2.9550000000         4.2500000000         3.1651037831
        2.9600000000         4.2500000000         3.2364621864
        2.9650000000         4.2500000000         3.3205631617
        2.9700000000         4.2500000000         3.3995671083
        2.9750000000         4.2500000000         3.4760225404
        2.9800000000         4.2500000000         3.5537522297
        2.9850000000         4.2500000000         3.6378532051
        2.9900000000         4.2500000000         3.7079373512
        2.9950000000         4.2500000000         3.7933125837
        3.0000000000         4.2500000000         3.8723165302
        3.0050000000         4.2500000000         3.9500462196
        3.0100000000         4.2500000000         4.0328729377
        3.0150000000         4.2500000000         4.1131511414
        3.0200000000         4.2500000000         4.1921550880
        3.0250000000         4.2500000000         4.2724332917
        3.0300000000         4.2500000000         4.3501629810
        3.0350000000         4.2500000000         4.4317154420
        3.0400000000         4.2500000000         4.5132679029
        3.0450000000         4.2500000000         4.5948203638
        3.0500000000         4.2500000000         4.6763728248
        3.0550000000         4.2500000000         4.7630223145
        3.0600000000         4.2500000000         4.8471232898
        3.0650000000         4.2500000000         4.9337727796
        3.0700000000         4.2500000000         5.0178737549
        3.0750000000         4.2500000000         5.0650212714
        3.0800000000         4.2500000000         4.9974856397
        3.0850000000         4.2500000000        -0.0026996214
        3.0900000000         4.2500000000        -0.0001511069
        3.0950000000         4.2500000000         0.0444478951
        3.1000000000         4.2500000000         0.1285488705
        3.1050000000         4.2500000000         0.2101013314
        3.1100000000         4.2500000000         0.2891052779
        3.1150000000         4.2500000000         0.3732062533
        3.1200000000         4.2500000000         0.4522101998
        3.1250000000         4.2500000000         0.5312141463
        3.1300000000         4.2500000000         0.6114923501
        3.1350000000         4.2500000000         0.6879477822
        3.1400000000         4.2500000000         0.7707745003
        3.1450000000         4.2500000000         0.8536012185
        3.1500000000         4.2500000000         0.9313309078
        3.1550000000         4.2500000000         1.0052378255
        3.1600000000         4.2500000000         1.0816932576
        3.1650000000         4.2500000000         1.1543259182
        3.1700000000         4.2500000000         1.2307813503
        3.1750000000         4.2500000000         1.3097852968
        3.1800000000         4.2500000000         1.3811437001
        3.1850000000         4.2500000000         1.4563248751
        3.1900000000         4.2500000000         1.5315060500
        3.1950000000         4.2500000000         1.6041387105
        3.2000000000         4.2500000000         1.6780456282
        3.2050000000         4.2500000000         1.7468555171
        3.2100000000         4.2500000000         1.8182139205
        3.2150000000         4.2500000000         1.8959436098
        3.2200000000         4.2500000000         1.9660277559
        3.2250000000         4.2500000000         2.0361119020
        3.2300000000         4.2500000000         2.1112930769
        3.2350000000         4.2500000000         2.1851999947
        3.2400000000         4.2500000000         2.2578326552
        3.2450000000         4.2500000000         2.3355623445
        3.2500000000         4.2500000000         2.4056464906
        3.2550000000         4.2500000000         2.4808276655
        3.2600000000         4.2500000000         2.5547345833
        3.2650000000         4.2500000000         2.6311900154
        3.2700000000         4.2500000000         2.7038226759
        3.2750000000         4.2500000000         2.7841008796
        3.2800000000         4.2500000000         2.8592820546
        3.2850000000         4.2500000000         2.9344632295
        3.2900000000         4.2500000000         3.0134671760
        3.2950000000         4.2500000000         3.0873740937
        3.3000000000         4.2500000000         3.1651037831
        3.3050000000         4.2500000000         3.2415592152
        3.3100000000         4.2500000000         3.3256601905
        3.3150000000         4.2500000000         3.4059383943
        3.3200000000         4.2500000000         3.4811195692
        3.3250000000         4.2500000000         3.5626720301
        3.3300000000         4.2500000000         3.6391274623
        3.3350000000         4.2500000000         3.7219541804
        3.3400000000         4.2500000000         3.7984096125
        3.3450000000         4.2500000000         3.8799620735
        3.3500000000         4.2500000000         3.9602402772
        3.3550000000         4.2500000000         4.0354214521
        3.3600000000         4.2500000000         4.1207966846
        3.3650000000         4.2500000000         4.1985263740
        3.3700000000         4.2500000000         4.2800788349
        3.3750000000         4.2500000000         4.3578085242
        3.3800000000         4.2500000000         4.4457322712
        3.3850000000         4.2500000000         4.5272847321
        3.3900000000         4.2500000000         4.6062886786
        3.3950000000         4.2500000000         4.6891153968
        3.4000000000         4.2500000000         4.7732163721
        3.4050000000         4.2500000000         4.8598658619
        3.4100000000         4.2500000000         4.9388698084
        3.4150000000         4.2500000000         5.0267935553
        3.4200000000         4.2500000000         5.0662955286
        3.4250000000         4.2500000000         1.1033556301
        3.4300000000         4.2500000000        -0.0026996214
        3.4350000000         4.2500000000         0.0049459219
        3.4400000000         4.2500000000         0.0571904671
        3.4450000000         4.2500000000         0.1336458993
        3.4500000000         4.2500000000         0.2190211318
        3.4550000000         4.2500000000         0.2992993355
        3.4600000000         4.2500000000         0.3770290249
        3.4650000000         4.2500000000         0.4598557430
        3.4700000000         4.2500000000         0.5426824611
        3.4750000000         4.2500000000         0.6267834365
        3.4800000000         4.2500000000         0.7032388686
        3.4850000000         4.2500000000         0.7809685579
        3.4900000000         4.2500000000         0.8586982473
        3.4950000000         4.2500000000         0.9389764510
        3.5000000000         4.2500000000         1.0179803975
        3.5050000000         4.2500000000         1.0944358297
        3.5100000000         4.2500000000         1.1670684902
        3.5150000000         4.2500000000         1.2422496651
        3.5200000000         4.2500000000         1.3161565828
        3.5250000000         4.2500000000         1.3926120149
        3.5300000000         4.2500000000         1.4703417043
        3.5350000000         4.2500000000         1.5442486220
        3.5400000000         4.2500000000         1.6219783113
        3.5450000000         4.2500000000         1.6907882002
        3.5500000000         4.2500000000         1.7646951180
        3.5550000000         4.2500000000         1.8373277785
        3.5600000000         4.2500000000         1.9112346962
        3.5650000000         4.2500000000         1.9800445851
        3.5700000000         4.2500000000         2.0526772456
        3.5750000000         4.2500000000         2.1202128773
        3.5800000000         4.2500000000         2.1953940523
        3.5850000000         4.2500000000         2.2718494844
        3.5900000000         4.2500000000         2.3457564021
        3.5950000000         4.2500000000         2.4209375770
        3.6000000000         4.2500000000         2.5101355812
        3.6050000000         4.2500000000         2.5712999269
        3.6100000000         4.2500000000         2.6452068446
        3.6150000000         4.2500000000         2.7242107911
        3.6200000000         4.2500000000         2.7968434517
        3.6250000000         4.2500000000         2.8745731410
        3.6300000000         4.2500000000         2.9548513447
        3.6350000000         4.2500000000         3.0325810341
        3.6400000000         4.2500000000         3.1115849806
        3.6450000000         4.2500000000         3.1867661555
        3.6500000000         4.2500000000         3.2619473304
        3.6550000000         4.2500000000         3.3409512770
        3.6600000000         4.2500000000         3.4237779951
        3.6650000000         4.2500000000         3.5015076844
        3.6700000000         4.2500000000         3.5817858882
        3.6750000000         4.2500000000         3.6620640919
        3.6800000000         4.2500000000         3.7385195240
        3.6850000000         4.2500000000         3.8187977278
        3.6900000000         4.2500000000         3.8965274171
        3.6950000000         4.2500000000         3.9806283924
        3.7000000000         4.2500000000         4.0583580817
        3.7050000000         4.2500000000         4.1399105427
        3.7100000000         4.2500000000         4.2189144892
        3.7150000000         4.2500000000         4.2953699213
        3.7200000000         4.2500000000         4.3730996107
        3.7250000000         4.2500000000         4.4610233576
        3.7300000000         4.2500000000         4.5438500757
        3.7350000000         4.2500000000         4.6241282795
        3.7400000000         4.2500000000         4.7158747980
        3.7450000000         4.2500000000         4.7936044874
        3.7500000000         4.2500000000         4.8802539771
        3.7550000000         4.2500000000         4.9592579236
        3.7600000000         4.2500000000         5.0459074134
        3.7650000000         4.2500000000         5.0624727570
        3.7700000000         4.2500000000         1.0969843441
        3.7750000000         4.2500000000        -0.0001511069
        3.7800000000         4.2500000000         0.0011231503
        3.7850000000         4.2500000000         0.0788528396
        3.7900000000         4.2500000000         0.1616795577
        3.7950000000         4.2500000000         0.2381349898
        3.8000000000         4.2500000000         0.3247844796
        3.8050000000         4.2500000000         0.4037884261
        3.8100000000         4.2500000000         0.4878894015
        3.8150000000         4.2500000000         0.5668933480
        3.8200000000         4.2500000000         0.6497200661
        3.8250000000         4.2500000000         0.7312725271
        3.8300000000         4.2500000000         0.8115507308
        3.8350000000         4.2500000000         0.8918289345
        3.8400000000         4.2500000000         0.9682843666
        3.8450000000         4.2500000000         1.0447397988
        3.8500000000         4.2500000000         1.1224694881
        3.8550000000         4.2500000000         1.1989249202
        3.8600000000         4.2500000000         1.2766546096
        3.8650000000         4.2500000000         1.3556585561
        3.8700000000         4.2500000000         1.4295654738
        3.8750000000         4.2500000000         1.5009238771
        3.8800000000         4.2500000000         1.5773793093
        3.8850000000         4.2500000000         1.6474634554
        3.8900000000         4.2500000000         1.7213703731
        3.8950000000         4.2500000000         1.7914545192
        3.9000000000         4.2500000000         1.8691842085
        3.9050000000         4.2500000000         1.9418168691
        3.9100000000         4.2500000000         2.0144495296
        3.9150000000         4.2500000000         2.0845336757
        3.9200000000         4.2500000000         2.1546178218
        3.9250000000         4.2500000000         2.2310732539
        3.9300000000         4.2500000000         2.3088029433
        3.9350000000         4.2500000000         2.3839841182
        3.9400000000         4.2500000000         2.4591652931
        3.9450000000         4.2500000000         2.5305236964
        3.9500000000         4.2500000000         2.6044306141
        3.9550000000         4.2500000000         2.6808860463
        3.9600000000         4.2500000000         2.7624385072
        3.9650000000         4.2500000000         2.8376196821
        3.9700000000         4.2500000000         2.9115265999
        3.9750000000         4.2500000000         2.9905305464
        3.9800000000         4.2500000000         3.0669859785
        3.9850000000         4.2500000000         3.1447156678
        3.9900000000         4.2500000000         3.2198968428
        3.9950000000         4.2500000000         3.3027235609
        4.0000000000         4.2500000000         3.3842760218
        4.0050000000         4.2500000000         3.4607314540
        4.0100000000         4.2500000000         3.5384611433
        4.0150000000         4.2500000000         3.6225621186
        4.0200000000         4.2500000000         3.6977432936
        4.0250000000         4.2500000000         3.7741987257
        4.0300000000         4.2500000000         3.8595739582
        4.0350000000         4.2500000000         3.9334808759
        4.0400000000         4.2500000000         4.0201303657
        4.0450000000         4.2500000000         4.1016828266
        4.0500000000         4.2500000000         4.1743154871
        4.0550000000         4.2500000000         4.2596907197
        4.0600000000         4.2500000000         4.3437916950
        4.0650000000         4.2500000000         4.4202471271
        4.0700000000         4.2500000000         4.5043481025
        4.0750000000         4.2500000000         4.5795292774
        4.0800000000         4.2500000000         4.6674530244
        4.0850000000         4.2500000000         4.7579252857
        4.0900000000         4.2500000000         4.8394777466
        4.0950000000         4.2500000000         4.9210302076
        4.1000000000         4.2500000000         5.0102282117
        4.1050000000         4.2500000000         5.0624727570
        4.1100000000         4.2500000000         5.0637470142
        4.1150000000         4.2500000000        -0.0026996214
        4.1200000000         4.2500000000         0.0023974075
        4.1250000000         4.2500000000         0.0393508663
        4.1300000000         4.2500000000         0.1170805556
        4.1350000000         4.2500000000         0.1999072738
        4.1400000000         4.2500000000         0.2789112203
        4.1450000000         4.2500000000         0.3681092245
        4.1500000000         4.2500000000         0.4458389138
        4.1550000000         4.2500000000         0.5286656319
        4.1600000000         4.2500000000         0.6114923501
        4.1650000000         4.2500000000         0.6892220394
        4.1700000000         4.2500000000         0.7720487575
        4.1750000000         4.2500000000         0.8497784469
        4.1800000000         4.2500000000         0.9300566506
        4.1850000000         4.2500000000         1.0026893111
        4.1900000000         4.2500000000         1.0804190004
        4.1950000000         4.2500000000         1.1543259182
        4.2000000000         4.2500000000         1.2358783791
        4.2050000000         4.2500000000         1.3123338112
        4.2100000000         4.2500000000         1.3938862722
        4.2150000000         4.2500000000         1.4639704183
        4.2200000000         4.2500000000         1.5327803072
        4.2250000000         4.2500000000         1.6041387105
        4.2300000000         4.2500000000         1.6805941426
        4.2350000000         4.2500000000         1.7583238320
        4.2400000000         4.2500000000         1.8258594637
        4.2450000000         4.2500000000         1.9035891530
        4.2500000000         4.2500000000         1.9762218135
        4.2550000000         4.2500000000         2.0488544740
        4.2600000000         4.2500000000         2.1189386201
        4.2650000000         4.2500000000         2.1941197951
        4.2700000000         4.2500000000         2.2629296840
        4.2750000000         4.2500000000         2.3406593733
        4.2800000000         4.2500000000         2.4120177766
        4.2850000000         4.2500000000         2.4871989516
        4.2900000000         4.2500000000         2.5662028981
        4.2950000000         4.2500000000         2.6477553590
        4.3000000000         4.2500000000         2.7203880195
        4.3050000000         4.2500000000         2.7968434517
        4.3100000000         4.2500000000         2.8682018550
        4.3150000000         4.2500000000         2.9459315443
        4.3200000000         4.2500000000         3.0313067769
        4.3250000000         4.2500000000         3.0988424086
        4.3300000000         4.2500000000         3.1803948695
        4.3350000000         4.2500000000         3.2721413880
        4.3400000000         4.2500000000         3.3371285054
        4.3450000000         4.2500000000         3.4148581947
        4.3500000000         4.2500000000         3.5027819416
        4.3550000000         4.2500000000         3.5766888594
        4.3600000000         4.2500000000         3.6531442915
        4.3650000000         4.2500000000         3.7270512092
        4.3700000000         4.2500000000         3.8124264417
        4.3750000000         4.2500000000         3.8901561311
        4.3800000000         4.2500000000         3.9742571064
        4.3850000000         4.2500000000         4.0558095673
        4.3900000000         4.2500000000         4.1335392567
        4.3950000000         4.2500000000         4.2138174604
        4.4000000000         4.2500000000         4.2928214069
        4.4050000000         4.2500000000         4.3769223823
        4.4100000000         4.2500000000         4.4610233576
        4.4150000000         4.2500000000         4.5413015613
        4.4200000000         4.2500000000         4.6241282795
        4.4250000000         4.2500000000         4.7031322260
        4.4300000000         4.2500000000         4.7859589441
        4.4350000000         4.2500000000         4.8764312055
        4.4400000000         4.2500000000         4.9579836664
        4.4450000000         4.2500000000         5.0484559278
        4.4500000000         4.2500000000         5.0675697858
        4.4550000000         4.2500000000         1.1110011733
        4.4600000000         4.2500000000         0.0049459219
        4.4650000000         4.2500000000         0.0023974075
        4.4700000000         4.2500000000         0.0686587820
        4.4750000000         4.2500000000         0.1540340145
        4.4800000000         4.2500000000         0.2343122182
        4.4850000000         4.2500000000         0.3171389364
        4.4900000000         4.2500000000         0.3961428829
        4.4950000000         4.2500000000         0.4827923726
        4.5000000000         4.2500000000         0.5643448336
        4.5050000000         4.2500000000         0.6433487801
        4.5100000000         4.2500000000         0.7261754982
        4.5150000000         4.2500000000         0.8077279592
        4.5200000000         4.2500000000         0.8841833913
        4.5250000000         4.2500000000         0.9657358522
        4.5300000000         4.2500000000         1.0434655416
        4.5350000000         4.2500000000         1.1199209737
        4.5400000000         4.2500000000         1.1963764058
        4.5450000000         4.2500000000         1.2690090663
        4.5500000000         4.2500000000         1.3531100417
        4.5550000000         4.2500000000         1.4257427022
        4.5600000000         4.2500000000         1.4983753627
        4.5650000000         4.2500000000         1.5659109944
        4.5700000000         4.2500000000         1.6436406838
        4.5750000000         4.2500000000         1.7149990871
        4.5800000000         4.2500000000         1.7901802620
        4.5850000000         4.2500000000         1.8589901509
        4.5900000000         4.2500000000         1.9265257826
        4.5950000000         4.2500000000         2.0029812148
        4.6000000000         4.2500000000         2.0768881325
        4.6050000000         4.2500000000         2.1495207930
        4.6100000000         4.2500000000         2.2348960255
        4.6150000000         4.2500000000         2.2947861140
        4.6200000000         4.2500000000         2.3725158034
        4.6250000000         4.2500000000         2.4476969783
        4.6300000000         4.2500000000         2.5228781532
        4.6350000000         4.2500000000         2.5967850709
        4.6400000000         4.2500000000         2.6745147603
        4.6450000000         4.2500000000         2.7522444496
        4.6500000000         4.2500000000         2.8299741389
        4.6550000000         4.2500000000         2.9038810566
        4.6600000000         4.2500000000         2.9854335176
        4.6650000000         4.2500000000         3.0593404353
        4.6700000000         4.2500000000         3.1370701246
        4.6750000000         4.2500000000         3.2160740712
        4.6800000000         4.2500000000         3.2887067317
        4.6850000000         4.2500000000         3.3715334498
        4.6900000000         4.2500000000         3.4479888819
        4.6950000000         4.2500000000         3.5231700569
        4.7000000000         4.2500000000         3.6008997462
        4.7050000000         4.2500000000         3.6850007215
        4.7100000000         4.2500000000         3.7627304109
        4.7150000000         4.2500000000         3.8430086146
        4.7200000000         4.2500000000         3.9194640467
        4.7250000000         4.2500000000         4.0048392793
        4.7300000000         4.2500000000         4.0838432258
        4.7350000000         4.2500000000         4.1641214295
        4.7400000000         4.2500000000         4.2418511188
        4.7450000000         4.2500000000         4.3246778370
        4.7500000000         4.2500000000         4.3998590119
        4.7550000000         4.2500000000         4.4826857300
        4.7600000000         4.2500000000         4.5667867054
        4.7650000000         4.2500000000         4.6547104523
        4.7700000000         4.2500000000         4.7362629133
        4.7750000000         4.2500000000         4.8178153742
        4.7800000000         4.2500000000         4.9006420923
        4.7850000000         4.2500000000         4.9809202961
        4.7900000000         4.2500000000         5.0675697858
        4.7950000000         4.2500000000         5.0662955286
        4.8000000000         4.2500000000         1.0995328585
        4.8050000000         4.2500000000        -0.0026996214
        4.8100000000         4.2500000000         0.0164142367
        4.8150000000         4.2500000000         0.0941439260
        4.8200000000         4.2500000000         0.1807934157
        4.8250000000         4.2500000000         0.2585231051
        4.8300000000         4.2500000000         0.3438983376
        4.8350000000         4.2500000000         0.4305478274
        4.8400000000         4.2500000000         0.5057290023
        4.8450000000         4.2500000000         0.5885557204
        4.8500000000         4.2500000000         0.6662854098
        4.8550000000         4.2500000000         0.7414665847
        4.8600000000         4.2500000000         0.8217447884
        4.8650000000         4.2500000000         0.9045715065
        4.8700000000         4.2500000000         0.9835754531
        4.8750000000         4.2500000000         1.0613051424
        4.8800000000         4.2500000000         1.1339378029
        4.8850000000         4.2500000000         1.2078447206
        4.8900000000         4.2500000000         1.2855744100
        4.8950000000         4.2500000000         1.3620298421
        4.9000000000         4.2500000000         1.4359367598
        4.9050000000         4.2500000000         1.5060209059
        4.9100000000         4.2500000000         1.5773793093
        4.9150000000         4.2500000000         1.6589317702
        4.9200000000         4.2500000000         1.7290159163
        4.9250000000         4.2500000000         1.8016485768
        4.9300000000         4.2500000000         1.8717327229
        4.9350000000         4.2500000000         1.9418168691
        4.9400000000         4.2500000000         2.0208208156
        4.9450000000         4.2500000000         2.0921792189
        4.9500000000         4.2500000000         2.1673603938
        4.9550000000         4.2500000000         2.2387187971
        4.9600000000         4.2500000000         2.3138999721
        4.9650000000         4.2500000000         2.3865326326
        4.9700000000         4.2500000000         2.4629880647
        4.9750000000         4.2500000000         2.5356207252
        4.9800000000         4.2500000000         2.6158989290
        4.9850000000         4.2500000000         2.6898058467
        4.9900000000         4.2500000000         2.7637127644
        4.9950000000         4.2500000000         2.8414424537
        5.0000000000         4.2500000000         2.9217206575
        5.0050000000         4.2500000000         2.9969018324
        5.0100000000         4.2500000000         3.0720830073
        5.0150000000         4.2500000000         3.1510869538
        5.0200000000         4.2500000000         3.2198968428
        5.0250000000         4.2500000000         3.3001750465
        5.0300000000         4.2500000000         3.3880987934
        5.0350000000         4.2500000000         3.4632799684
        5.0400000000         4.2500000000         3.5435581721
        5.0450000000         4.2500000000         3.6212878614
        5.0500000000         4.2500000000         3.7041145796
        5.0550000000         4.2500000000         3.7843927833
        5.0600000000         4.2500000000         3.8608482154
        5.0650000000         4.2500000000         3.9385779047
        5.0700000000         4.2500000000         4.0239531373
        5.0750000000         4.2500000000         4.1016828266
        5.0800000000         4.2500000000         4.1768640015
        5.0850000000         4.2500000000         4.2647877485
        5.0900000000         4.2500000000         4.3501629810
        5.0950000000         4.2500000000         4.4278926704
        5.1000000000         4.2500000000         4.5107193885
        5.1050000000         4.2500000000         4.5884490778
        5.1100000000         4.2500000000         4.6661787671
        5.1150000000         4.2500000000         4.7528282569
        5.1200000000         4.2500000000         4.8382034894
        5.1250000000         4.2500000000         4.9235787220
        5.1300000000         4.2500000000         5.0064054401
        5.1350000000         4.2500000000         5.0662955286
        5.1400000000         4.2500000000         5.0624727570
        5.1450000000         4.2500000000        -0.0014253642
        5.1500000000         4.2500000000         0.0011231503
        5.1550000000         4.2500000000         0.0329795803
        5.1600000000         4.2500000000         0.1170805556
        5.1650000000         4.2500000000         0.1999072738
        5.1700000000         4.2500000000         0.2865567635
        5.1750000000         4.2500000000         0.3681092245
        5.1800000000         4.2500000000         0.4458389138
        5.1850000000         4.2500000000         0.5261171175
        5.1900000000         4.2500000000         0.6076695785
        5.1950000000         4.2500000000         0.6841250106
        5.2000000000         4.2500000000         0.7682259859
        5.2050000000         4.2500000000         0.8472299324
        5.2100000000         4.2500000000         0.9287823934
        5.2150000000         4.2500000000         1.0039635683
        5.2200000000         4.2500000000         1.0829675148
        5.2250000000         4.2500000000         1.1505031465
        5.2300000000         4.2500000000         1.2320556075
        5.2350000000         4.2500000000         1.3136080684
        5.2400000000         4.2500000000         1.3811437001
        5.2450000000         4.2500000000         1.4525021034
