        0.0000000000         4.4000000000         2.4298573775
        0.0050000000         4.4000000000         2.4349544063
        0.0100000000         4.4000000000         2.4298573775
        0.0150000000         4.4000000000         2.4336801491
        0.0200000000         4.4000000000         2.4527940071
        0.0250000000         4.4000000000         2.4744563795
        0.0300000000         4.4000000000         2.5037642952
        0.0350000000         4.4000000000         2.5419920112
        0.0400000000         4.4000000000         2.5827682417
        0.0450000000         4.4000000000         2.6324642726
        0.0500000000         4.4000000000         2.6796117891
        0.0550000000         4.4000000000         2.7331305916
        0.0600000000         4.4000000000         2.7853751368
        0.0650000000         4.4000000000         2.8401681965
        0.0700000000         4.4000000000         2.9013325422
        0.0750000000         4.4000000000         2.9599483735
        0.0800000000         4.4000000000         3.0223869764
        0.0850000000         4.4000000000         3.0835513221
        0.0900000000         4.4000000000         3.1536354683
        0.0950000000         4.4000000000         3.2160740712
        0.1000000000         4.4000000000         3.2887067317
        0.1050000000         4.4000000000         3.3562423634
        0.1100000000         4.4000000000         3.4237779951
        0.1150000000         4.4000000000         3.4964106556
        0.1200000000         4.4000000000         3.5664948017
        0.1250000000         4.4000000000         3.6404017195
        0.1300000000         4.4000000000         3.7104858656
        0.1350000000         4.4000000000         3.7894898121
        0.1400000000         4.4000000000         3.8633967298
        0.1450000000         4.4000000000         3.9411264192
        0.1500000000         4.4000000000         4.0150333369
        0.1550000000         4.4000000000         4.0940372834
        0.1600000000         4.4000000000         4.1704927155
        0.1650000000         4.4000000000         4.2431253761
        0.1700000000         4.4000000000         4.3259520942
        0.1750000000         4.4000000000         4.3998590119
        0.1800000000         4.4000000000         4.4775887012
        0.1850000000         4.4000000000         4.5604154194
        0.1900000000         4.4000000000         4.6419678803
        0.1950000000         4.4000000000         4.7247945984
        0.2000000000         4.4000000000         4.8139926026
        0.2050000000         4.4000000000         4.8917222919
        0.2100000000         4.4000000000         4.9732747529
        0.2150000000         4.4000000000         5.0522786994
        0.2200000000         4.4000000000         5.0675697858
        0.2250000000         4.4000000000         1.1033556301
        0.2300000000         4.4000000000         0.0049459219
        0.2350000000         4.4000000000         0.0011231503
        0.2400000000         4.4000000000         0.0839498684
        0.2450000000         4.4000000000         0.1616795577
        0.2500000000         4.4000000000         0.2432320187
        0.2550000000         4.4000000000         0.3298815084
        0.2600000000         4.4000000000         0.4152567409
        0.2650000000         4.4000000000         0.4980834591
        0.2700000000         4.4000000000         0.5770874056
        0.2750000000         4.4000000000         0.6586398665
        0.2800000000         4.4000000000         0.7414665847
        0.2850000000         4.4000000000         0.8230190456
        0.2900000000         4.4000000000         0.9007487349
        0.2950000000         4.4000000000         0.9797526815
        0.3000000000         4.4000000000         1.0549338564
        0.3050000000         4.4000000000         1.1352120601
        0.3100000000         4.4000000000         1.2103932350
        0.3150000000         4.4000000000         1.2919456960
        0.3200000000         4.4000000000         1.3684011281
        0.3250000000         4.4000000000         1.4410337886
        0.3300000000         4.4000000000         1.5213119924
        0.3350000000         4.4000000000         1.6015901961
        0.3400000000         4.4000000000         1.6716743422
        0.3450000000         4.4000000000         1.7481297743
        0.3500000000         4.4000000000         1.8220366921
        0.3550000000         4.4000000000         1.8972178670
        0.3600000000         4.4000000000         1.9698505275
        0.3650000000         4.4000000000         2.0475802168
        0.3700000000         4.4000000000         2.1253099062
        0.3750000000         4.4000000000         2.1979425667
        0.3800000000         4.4000000000         2.2794950276
        0.3850000000         4.4000000000         2.3572247169
        0.3900000000         4.4000000000         2.4375029207
        0.3950000000         4.4000000000         2.5139583528
        0.4000000000         4.4000000000         2.5929622993
        0.4050000000         4.4000000000         2.6694177315
        0.4100000000         4.4000000000         2.7522444496
        0.4150000000         4.4000000000         2.8286998817
        0.4200000000         4.4000000000         2.9089780854
        0.4250000000         4.4000000000         2.9892562892
        0.4300000000         4.4000000000         3.0657117213
        0.4350000000         4.4000000000         3.1459899250
        0.4400000000         4.4000000000         3.2249938716
        0.4450000000         4.4000000000         3.3039978181
        0.4500000000         4.4000000000         3.3919215650
        0.4550000000         4.4000000000         3.4747482832
        0.4600000000         4.4000000000         3.5563007441
        0.4650000000         4.4000000000         3.6378532051
        0.4700000000         4.4000000000         3.7245026948
        0.4750000000         4.4000000000         3.8073294129
        0.4800000000         4.4000000000         3.8850591023
        0.4850000000         4.4000000000         3.9704343348
        0.4900000000         4.4000000000         4.0532610529
        0.4950000000         4.4000000000         4.1399105427
        0.5000000000         4.4000000000         4.2265600324
        0.5050000000         4.4000000000         4.3093867506
        0.5100000000         4.4000000000         4.3922134687
        0.5150000000         4.4000000000         4.4775887012
        0.5200000000         4.4000000000         4.5655124482
        0.5250000000         4.4000000000         4.6508876807
        0.5300000000         4.4000000000         4.7375371705
        0.5350000000         4.4000000000         4.8280094318
        0.5400000000         4.4000000000         4.9121104072
        0.5450000000         4.4000000000         4.9987598969
        0.5500000000         4.4000000000         5.0637470142
        0.5550000000         4.4000000000         5.0624727570
        0.5600000000         4.4000000000        -0.0026996214
        0.5650000000         4.4000000000        -0.0026996214
        0.5700000000         4.4000000000         0.0444478951
        0.5750000000         4.4000000000         0.1336458993
        0.5800000000         4.4000000000         0.2177468746
        0.5850000000         4.4000000000         0.3056706216
        0.5900000000         4.4000000000         0.3884973397
        0.5950000000         4.4000000000         0.4700498006
        0.6000000000         4.4000000000         0.5516022616
        0.6050000000         4.4000000000         0.6344289797
        0.6100000000         4.4000000000         0.7210784694
        0.6150000000         4.4000000000         0.8026309304
        0.6200000000         4.4000000000         0.8867319057
        0.6250000000         4.4000000000         0.9619130806
        0.6300000000         4.4000000000         1.0447397988
        0.6350000000         4.4000000000         1.1211952309
        0.6400000000         4.4000000000         1.2040219490
        0.6450000000         4.4000000000         1.2792031240
        0.6500000000         4.4000000000         1.3594813277
        0.6550000000         4.4000000000         1.4397595314
        0.6600000000         4.4000000000         1.5136664491
        0.6650000000         4.4000000000         1.5939446529
        0.6700000000         4.4000000000         1.6665773134
        0.6750000000         4.4000000000         1.7417584883
        0.6800000000         4.4000000000         1.8143911488
        0.6850000000         4.4000000000         1.8933950954
        0.6900000000         4.4000000000         1.9660277559
        0.6950000000         4.4000000000         2.0437574452
        0.7000000000         4.4000000000         2.1189386201
        0.7050000000         4.4000000000         2.1979425667
        0.7100000000         4.4000000000         2.2756722560
        0.7150000000         4.4000000000         2.3495791737
        0.7200000000         4.4000000000         2.4285831203
        0.7250000000         4.4000000000         2.5101355812
        0.7300000000         4.4000000000         2.5891395277
        0.7350000000         4.4000000000         2.6668692171
        0.7400000000         4.4000000000         2.7433246492
        0.7450000000         4.4000000000         2.8197800813
        0.7500000000         4.4000000000         2.9013325422
        0.7550000000         4.4000000000         2.9841592604
        0.7600000000         4.4000000000         3.0618889497
        0.7650000000         4.4000000000         3.1434414106
        0.7700000000         4.4000000000         3.2275423860
        0.7750000000         4.4000000000         3.3039978181
        0.7800000000         4.4000000000         3.3919215650
        0.7850000000         4.4000000000         3.4721997688
        0.7900000000         4.4000000000         3.5537522297
        0.7950000000         4.4000000000         3.6365789479
        0.8000000000         4.4000000000         3.7143086372
        0.8050000000         4.4000000000         3.8009581269
        0.8100000000         4.4000000000         3.8876076167
        0.8150000000         4.4000000000         3.9678858204
        0.8200000000         4.4000000000         4.0532610529
        0.8250000000         4.4000000000         4.1360877711
        0.8300000000         4.4000000000         4.2227372608
        0.8350000000         4.4000000000         4.3042897218
        0.8400000000         4.4000000000         4.3871164399
        0.8450000000         4.4000000000         4.4737659296
        0.8500000000         4.4000000000         4.5642381910
        0.8550000000         4.4000000000         4.6534361951
        0.8600000000         4.4000000000         4.7362629133
        0.8650000000         4.4000000000         4.8241866602
        0.8700000000         4.4000000000         4.9082876355
        0.8750000000         4.4000000000         4.9962113825
        0.8800000000         4.4000000000         5.0675697858
        0.8850000000         4.4000000000         5.0650212714
        0.8900000000         4.4000000000         0.0011231503
        0.8950000000         4.4000000000        -0.0039738786
        0.9000000000         4.4000000000         0.0431736379
        0.9050000000         4.4000000000         0.1298231277
        0.9100000000         4.4000000000         0.2164726174
        0.9150000000         4.4000000000         0.3005735927
        0.9200000000         4.4000000000         0.3846745681
        0.9250000000         4.4000000000         0.4687755434
        0.9300000000         4.4000000000         0.5490537472
        0.9350000000         4.4000000000         0.6357032369
        0.9400000000         4.4000000000         0.7210784694
        0.9450000000         4.4000000000         0.8026309304
        0.9500000000         4.4000000000         0.8829091341
        0.9550000000         4.4000000000         0.9682843666
        0.9600000000         4.4000000000         1.0409170272
        0.9650000000         4.4000000000         1.1211952309
        0.9700000000         4.4000000000         1.2078447206
        0.9750000000         4.4000000000         1.2792031240
        0.9800000000         4.4000000000         1.3607555849
        0.9850000000         4.4000000000         1.4372110170
        0.9900000000         4.4000000000         1.5123921919
        0.9950000000         4.4000000000         1.5824763381
        1.0000000000         4.4000000000         1.6640287990
        1.0050000000         4.4000000000         1.7404842311
        1.0100000000         4.4000000000         1.8182139205
        1.0150000000         4.4000000000         1.8946693526
        1.0200000000         4.4000000000         1.9698505275
        1.0250000000         4.4000000000         2.0437574452
        1.0300000000         4.4000000000         2.1176643629
        1.0350000000         4.4000000000         2.1928455379
        1.0400000000         4.4000000000         2.2705752272
        1.0450000000         4.4000000000         2.3508534309
        1.0500000000         4.4000000000         2.4273088631
        1.0550000000         4.4000000000         2.5126840956
        1.0600000000         4.4000000000         2.5840424989
        1.0650000000         4.4000000000         2.6643207026
        1.0700000000         4.4000000000         2.7445989064
        1.0750000000         4.4000000000         2.8223285957
        1.0800000000         4.4000000000         2.9077038282
        1.0850000000         4.4000000000         2.9905305464
        1.0900000000         4.4000000000         3.0682602357
        1.0950000000         4.4000000000         3.1459899250
        1.1000000000         4.4000000000         3.2326394148
        1.1050000000         4.4000000000         3.3065463325
        1.1100000000         4.4000000000         3.3919215650
        1.1150000000         4.4000000000         3.4721997688
        1.1200000000         4.4000000000         3.5588492585
        1.1250000000         4.4000000000         3.6391274623
        1.1300000000         4.4000000000         3.7245026948
        1.1350000000         4.4000000000         3.8124264417
        1.1400000000         4.4000000000         3.8863333595
        1.1450000000         4.4000000000         3.9755313636
        1.1500000000         4.4000000000         4.0583580817
        1.1550000000         4.4000000000         4.1411847999
        1.1600000000         4.4000000000         4.2291085468
        1.1650000000         4.4000000000         4.3106610078
        1.1700000000         4.4000000000         4.3985847547
        1.1750000000         4.4000000000         4.4788629584
        1.1800000000         4.4000000000         4.5706094770
        1.1850000000         4.4000000000         4.6559847095
        1.1900000000         4.4000000000         4.7413599421
        1.1950000000         4.4000000000         4.8343807178
        1.2000000000         4.4000000000         4.9197559504
        1.2050000000         4.4000000000         5.0038569257
        1.2100000000         4.4000000000         5.0688440430
        1.2150000000         4.4000000000         5.0369876130
        1.2200000000         4.4000000000         0.0011231503
        1.2250000000         4.4000000000         0.0049459219
        1.2300000000         4.4000000000         0.0495449239
        1.2350000000         4.4000000000         0.1323716421
        1.2400000000         4.4000000000         0.2253924178
        1.2450000000         4.4000000000         0.3069448788
        1.2500000000         4.4000000000         0.3923201113
        1.2550000000         4.4000000000         0.4789696010
        1.2600000000         4.4000000000         0.5643448336
        1.2650000000         4.4000000000         0.6446230373
        1.2700000000         4.4000000000         0.7312725271
        1.2750000000         4.4000000000         0.8166477596
        1.2800000000         4.4000000000         0.8956517061
        1.2850000000         4.4000000000         0.9721071383
        1.2900000000         4.4000000000         1.0574823708
        1.2950000000         4.4000000000         1.1339378029
        1.3000000000         4.4000000000         1.2142160067
        1.3050000000         4.4000000000         1.2957684676
        1.3100000000         4.4000000000         1.3760466713
        1.3150000000         4.4000000000         1.4474050746
        1.3200000000         4.4000000000         1.5264090212
        1.3250000000         4.4000000000         1.6066872249
        1.3300000000         4.4000000000         1.6818683998
        1.3350000000         4.4000000000         1.7621466036
        1.3400000000         4.4000000000         1.8373277785
        1.3450000000         4.4000000000         1.9099604390
        1.3500000000         4.4000000000         1.9876901283
        1.3550000000         4.4000000000         2.0654198177
        1.3600000000         4.4000000000         2.1418752498
        1.3650000000         4.4000000000         2.2157821675
        1.3700000000         4.4000000000         2.2922375996
        1.3750000000         4.4000000000         2.3750643178
        1.3800000000         4.4000000000         2.4591652931
        1.3850000000         4.4000000000         2.5330722108
        1.3900000000         4.4000000000         2.6108019002
        1.3950000000         4.4000000000         2.6910801039
        1.4000000000         4.4000000000         2.7751810792
        1.4050000000         4.4000000000         2.8503622542
        1.4100000000         4.4000000000         2.9293662007
        1.4150000000         4.4000000000         3.0096444044
        1.4200000000         4.4000000000         3.0899226081
        1.4250000000         4.4000000000         3.1727493263
        1.4300000000         4.4000000000         3.2568503016
        1.4350000000         4.4000000000         3.3396770198
        1.4400000000         4.4000000000         3.4263265095
        1.4450000000         4.4000000000         3.5053304560
        1.4500000000         4.4000000000         3.5894314314
        1.4550000000         4.4000000000         3.6709838923
        1.4600000000         4.4000000000         3.7563591248
        1.4650000000         4.4000000000         3.8430086146
        1.4700000000         4.4000000000         3.9258353327
        1.4750000000         4.4000000000         4.0124848225
        1.4800000000         4.4000000000         4.0927630262
        1.4850000000         4.4000000000         4.1755897443
        1.4900000000         4.4000000000         4.2596907197
        1.4950000000         4.4000000000         4.3437916950
        1.5000000000         4.4000000000         4.4329896992
        1.5050000000         4.4000000000         4.5119936457
        1.5100000000         4.4000000000         4.5986431354
        1.5150000000         4.4000000000         4.6878411396
        1.5200000000         4.4000000000         4.7744906293
        1.5250000000         4.4000000000         4.8611401191
        1.5300000000         4.4000000000         4.9490638660
        1.5350000000         4.4000000000         5.0420846418
        1.5400000000         4.4000000000         5.0662955286
        1.5450000000         4.4000000000         1.1097269161
        1.5500000000         4.4000000000        -0.0001511069
        1.5550000000         4.4000000000         0.0023974075
        1.5600000000         4.4000000000         0.0877726400
        1.5650000000         4.4000000000         0.1718736153
        1.5700000000         4.4000000000         0.2610716195
        1.5750000000         4.4000000000         0.3489953664
        1.5800000000         4.4000000000         0.4305478274
        1.5850000000         4.4000000000         0.5133745455
        1.5900000000         4.4000000000         0.6000240352
        1.5950000000         4.4000000000         0.6866735250
        1.6000000000         4.4000000000         0.7644032143
        1.6050000000         4.4000000000         0.8485041897
        1.6100000000         4.4000000000         0.9287823934
        1.6150000000         4.4000000000         1.0116091115
        1.6200000000         4.4000000000         1.0893388008
        1.6250000000         4.4000000000         1.1747140334
        1.6300000000         4.4000000000         1.2498952083
        1.6350000000         4.4000000000         1.3276248976
        1.6400000000         4.4000000000         1.4066288442
        1.6450000000         4.4000000000         1.4869070479
        1.6500000000         4.4000000000         1.5633624800
        1.6550000000         4.4000000000         1.6398179122
        1.6600000000         4.4000000000         1.7188218587
        1.6650000000         4.4000000000         1.7965515480
        1.6700000000         4.4000000000         1.8730069801
        1.6750000000         4.4000000000         1.9456396407
        1.6800000000         4.4000000000         2.0233693300
        1.6850000000         4.4000000000         2.0960019905
        1.6900000000         4.4000000000         2.1788287086
        1.6950000000         4.4000000000         2.2578326552
        1.7000000000         4.4000000000         2.3355623445
        1.7050000000         4.4000000000         2.4132920338
        1.7100000000         4.4000000000         2.4859246944
        1.7150000000         4.4000000000         2.5700256697
        1.7200000000         4.4000000000         2.6515781306
        1.7250000000         4.4000000000         2.7331305916
        1.7300000000         4.4000000000         2.8134087953
        1.7350000000         4.4000000000         2.8987840278
        1.7400000000         4.4000000000         2.9650454023
        1.7450000000         4.4000000000         3.0465978633
        1.7500000000         4.4000000000         3.1332473530
        1.7550000000         4.4000000000         3.2147998140
        1.7600000000         4.4000000000         3.2976265321
        1.7650000000         4.4000000000         3.3830017646
        1.7700000000         4.4000000000         3.4607314540
        1.7750000000         4.4000000000         3.5461066865
        1.7800000000         4.4000000000         3.6314819190
        1.7850000000         4.4000000000         3.7117601228
        1.7900000000         4.4000000000         3.8009581269
        1.7950000000         4.4000000000         3.8812363307
        1.8000000000         4.4000000000         3.9678858204
        1.8050000000         4.4000000000         4.0519867957
        1.8100000000         4.4000000000         4.1335392567
        1.8150000000         4.4000000000         4.2201887464
        1.8200000000         4.4000000000         4.3055639790
        1.8250000000         4.4000000000         4.3871164399
        1.8300000000         4.4000000000         4.4750401868
        1.8350000000         4.4000000000         4.5578669050
        1.8400000000         4.4000000000         4.6496134235
        1.8450000000         4.4000000000         4.7337143989
        1.8500000000         4.4000000000         4.8216381458
        1.8550000000         4.4000000000         4.9057391211
        1.8600000000         4.4000000000         4.9974856397
        1.8650000000         4.4000000000         5.0637470142
        1.8700000000         4.4000000000         5.0650212714
        1.8750000000         4.4000000000         0.0011231503
        1.8800000000         4.4000000000         0.0049459219
        1.8850000000         4.4000000000         0.0482706667
        1.8900000000         4.4000000000         0.1336458993
        1.8950000000         4.4000000000         0.2177468746
        1.9000000000         4.4000000000         0.3043963644
        1.9050000000         4.4000000000         0.3897715969
        1.9100000000         4.4000000000         0.4751468294
        1.9150000000         4.4000000000         0.5566992904
        1.9200000000         4.4000000000         0.6395260085
        1.9250000000         4.4000000000         0.7210784694
        1.9300000000         4.4000000000         0.8026309304
        1.9350000000         4.4000000000         0.8905546773
        1.9400000000         4.4000000000         0.9695586239
        1.9450000000         4.4000000000         1.0523853420
        1.9500000000         4.4000000000         1.1339378029
        1.9550000000         4.4000000000         1.2103932350
        1.9600000000         4.4000000000         1.2868486672
        1.9650000000         4.4000000000         1.3696753853
        1.9700000000         4.4000000000         1.4486793318
        1.9750000000         4.4000000000         1.5276832784
        1.9800000000         4.4000000000         1.6054129677
        1.9850000000         4.4000000000         1.6793198854
        1.9900000000         4.4000000000         1.7506782887
        1.9950000000         4.4000000000         1.8296822353
        2.0000000000         4.4000000000         1.9061376674
        2.0050000000         4.4000000000         1.9838673567
        2.0100000000         4.4000000000         2.0577742744
        2.0150000000         4.4000000000         2.1469722786
        2.0200000000         4.4000000000         2.2106851387
        2.0250000000         4.4000000000         2.2922375996
        2.0300000000         4.4000000000         2.3686930318
        2.0350000000         4.4000000000         2.4464227211
        2.0400000000         4.4000000000         2.5241524104
        2.0450000000         4.4000000000         2.6044306141
        2.0500000000         4.4000000000         2.6872573323
        2.0550000000         4.4000000000         2.7662612788
        2.0600000000         4.4000000000         2.8478137397
        2.0650000000         4.4000000000         2.9280919435
        2.0700000000         4.4000000000         3.0083701472
        2.0750000000         4.4000000000         3.0848255793
        2.0800000000         4.4000000000         3.1740235835
        2.0850000000         4.4000000000         3.2555760444
        2.0900000000         4.4000000000         3.3371285054
        2.0950000000         4.4000000000         3.4174067091
        2.1000000000         4.4000000000         3.4989591700
        2.1050000000         4.4000000000         3.5830601454
        2.1100000000         4.4000000000         3.6684353779
        2.1150000000         4.4000000000         3.7525363532
        2.1200000000         4.4000000000         3.8391858430
        2.1250000000         4.4000000000         3.9232868183
        2.1300000000         4.4000000000         4.0073877937
        2.1350000000         4.4000000000         4.0902145118
        2.1400000000         4.4000000000         4.1717669727
        2.1450000000         4.4000000000         4.2596907197
        2.1500000000         4.4000000000         4.3437916950
        2.1550000000         4.4000000000         4.4278926704
        2.1600000000         4.4000000000         4.5145421601
        2.1650000000         4.4000000000         4.6050144214
        2.1700000000         4.4000000000         4.6942124256
        2.1750000000         4.4000000000         4.7808619153
        2.1800000000         4.4000000000         4.8687856623
        2.1850000000         4.4000000000         4.9567094092
        2.1900000000         4.4000000000         5.0484559278
        2.1950000000         4.4000000000         5.0701183002
        2.2000000000         4.4000000000         1.0995328585
        2.2050000000         4.4000000000         0.0049459219
        2.2100000000         4.4000000000         0.0087686935
        2.2150000000         4.4000000000         0.0928696688
        2.2200000000         4.4000000000         0.1820676730
        2.2250000000         4.4000000000         0.2674429055
        2.2300000000         4.4000000000         0.3566409096
        2.2350000000         4.4000000000         0.4420161422
        2.2400000000         4.4000000000         0.5261171175
        2.2450000000         4.4000000000         0.6127666073
        2.2500000000         4.4000000000         0.6968675826
        2.2550000000         4.4000000000         0.7784200435
        2.2600000000         4.4000000000         0.8599725045
        2.2650000000         4.4000000000         0.9466219942
        2.2700000000         4.4000000000         1.0269001979
        2.2750000000         4.4000000000         1.1084526589
        2.2800000000         4.4000000000         1.1861823482
        2.2850000000         4.4000000000         1.2639120375
        2.2900000000         4.4000000000         1.3454644985
        2.2950000000         4.4000000000         1.4282912166
        2.3000000000         4.4000000000         1.5060209059
        2.3050000000         4.4000000000         1.5850248525
        2.3100000000         4.4000000000         1.6640287990
        2.3150000000         4.4000000000         1.7366614595
        2.3200000000         4.4000000000         1.8131168916
        2.3250000000         4.4000000000         1.8857495522
        2.3300000000         4.4000000000         1.9634792415
        2.3350000000         4.4000000000         2.0514029884
        2.3400000000         4.4000000000         2.1202128773
        2.3450000000         4.4000000000         2.2017653383
        2.3500000000         4.4000000000         2.2769465132
        2.3550000000         4.4000000000         2.3521276881
        2.3600000000         4.4000000000         2.4349544063
        2.3650000000         4.4000000000         2.5126840956
        2.3700000000         4.4000000000         2.5929622993
        2.3750000000         4.4000000000         2.6668692171
        2.3800000000         4.4000000000         2.7535187068
        2.3850000000         4.4000000000         2.8350711677
        2.3900000000         4.4000000000         2.9178978859
        2.3950000000         4.4000000000         2.9994503468
        2.4000000000         4.4000000000         3.0746315217
        2.4050000000         4.4000000000         3.1612810115
        2.4100000000         4.4000000000         3.2441077296
        2.4150000000         4.4000000000         3.3256601905
        2.4200000000         4.4000000000         3.4110354231
        2.4250000000         4.4000000000         3.4887651124
        2.4300000000         4.4000000000         3.5766888594
        2.4350000000         4.4000000000         3.6569670631
        2.4400000000         4.4000000000         3.7410680384
        2.4450000000         4.4000000000         3.8264432710
        2.4500000000         4.4000000000         3.9105442463
        2.4550000000         4.4000000000         3.9946452216
        2.4600000000         4.4000000000         4.0825689686
        2.4650000000         4.4000000000         4.1628471723
        2.4700000000         4.4000000000         4.2482224049
        2.4750000000         4.4000000000         4.3297748658
        2.4800000000         4.4000000000         4.4126015839
        2.4850000000         4.4000000000         4.5030738453
        2.4900000000         4.4000000000         4.5884490778
        2.4950000000         4.4000000000         4.6763728248
        2.5000000000         4.4000000000         4.7668450861
        2.5050000000         4.4000000000         4.8585916047
        2.5100000000         4.4000000000         4.9426925800
        2.5150000000         4.4000000000         5.0306163269
        2.5200000000         4.4000000000         5.0662955286
        2.5250000000         4.4000000000         1.1097269161
        2.5300000000         4.4000000000         0.0049459219
        2.5350000000         4.4000000000         0.0023974075
        2.5400000000         4.4000000000         0.0801270968
        2.5450000000         4.4000000000         0.1629538149
        2.5500000000         4.4000000000         0.2521518191
        2.5550000000         4.4000000000         0.3375270516
        2.5600000000         4.4000000000         0.4229022841
        2.5650000000         4.4000000000         0.5057290023
        2.5700000000         4.4000000000         0.5911042348
        2.5750000000         4.4000000000         0.6739309530
        2.5800000000         4.4000000000         0.7529348995
        2.5850000000         4.4000000000         0.8383101320
        2.5900000000         4.4000000000         0.9224111074
        2.5950000000         4.4000000000         1.0014150539
        2.6000000000         4.4000000000         1.0867902864
        2.6050000000         4.4000000000         1.1632457186
        2.6100000000         4.4000000000         1.2435239223
        2.6150000000         4.4000000000         1.3212536116
        2.6200000000         4.4000000000         1.3989833010
        2.6250000000         4.4000000000         1.4805357619
        2.6300000000         4.4000000000         1.5582654512
        2.6350000000         4.4000000000         1.6385436550
        2.6400000000         4.4000000000         1.7149990871
        2.6450000000         4.4000000000         1.7876317476
        2.6500000000         4.4000000000         1.8679099513
        2.6550000000         4.4000000000         1.9392683547
        2.6600000000         4.4000000000         2.0169980440
        2.6650000000         4.4000000000         2.0972762477
        2.6700000000         4.4000000000         2.1711831654
        2.6750000000         4.4000000000         2.2450900832
        2.6800000000         4.4000000000         2.3240940297
        2.6850000000         4.4000000000         2.4043722334
        2.6900000000         4.4000000000         2.4871989516
        2.6950000000         4.4000000000         2.5636543837
        2.7000000000         4.4000000000         2.6413840730
        2.7050000000         4.4000000000         2.7203880195
        2.7100000000         4.4000000000         2.8070375093
        2.7150000000         4.4000000000         2.8847671986
        2.7200000000         4.4000000000         2.9675939167
        2.7250000000         4.4000000000         3.0453236061
        2.7300000000         4.4000000000         3.1306988386
        2.7350000000         4.4000000000         3.2097027851
        2.7400000000         4.4000000000         3.2912552461
        2.7450000000         4.4000000000         3.3728077070
        2.7500000000         4.4000000000         3.4581829396
        2.7550000000         4.4000000000         3.5384611433
        2.7600000000         4.4000000000         3.6238363758
        2.7650000000         4.4000000000         3.7066630940
        2.7700000000         4.4000000000         3.7971353553
        2.7750000000         4.4000000000         3.8799620735
        2.7800000000         4.4000000000         3.9640630488
        2.7850000000         4.4000000000         4.0456155097
        2.7900000000         4.4000000000         4.1297164851
        2.7950000000         4.4000000000         4.2125432032
        2.8000000000         4.4000000000         4.2966441785
        2.8050000000         4.4000000000         4.3820194111
        2.8100000000         4.4000000000         4.4699431580
        2.8150000000         4.4000000000         4.5604154194
        2.8200000000         4.4000000000         4.6508876807
        2.8250000000         4.4000000000         4.7286173701
        2.8300000000         4.4000000000         4.8203638886
        2.8350000000         4.4000000000         4.9070133783
        2.8400000000         4.4000000000         4.9987598969
        2.8450000000         4.4000000000         5.0688440430
        2.8500000000         4.4000000000         5.0650212714
        2.8550000000         4.4000000000         0.0011231503
        2.8600000000         4.4000000000        -0.0026996214
        2.8650000000         4.4000000000         0.0431736379
        2.8700000000         4.4000000000         0.1298231277
        2.8750000000         4.4000000000         0.2177468746
        2.8800000000         4.4000000000         0.3031221072
        2.8850000000         4.4000000000         0.3897715969
        2.8900000000         4.4000000000         0.4738725722
        2.8950000000         4.4000000000         0.5579735476
        2.9000000000         4.4000000000         0.6408002657
        2.9050000000         4.4000000000         0.7236269838
        2.9100000000         4.4000000000         0.8077279592
        2.9150000000         4.4000000000         0.8931031917
        2.9200000000         4.4000000000         0.9759299099
        2.9250000000         4.4000000000         1.0562081136
        2.9300000000         4.4000000000         1.1339378029
        2.9350000000         4.4000000000         1.2154902639
        2.9400000000         4.4000000000         1.2881229244
        2.9450000000         4.4000000000         1.3734981569
        2.9500000000         4.4000000000         1.4512278462
        2.9550000000         4.4000000000         1.5315060500
        2.9600000000         4.4000000000         1.6092357393
        2.9650000000         4.4000000000         1.6844169142
        2.9700000000         4.4000000000         1.7557753175
        2.9750000000         4.4000000000         1.8322307497
        2.9800000000         4.4000000000         1.9163317250
        2.9850000000         4.4000000000         1.9915128999
        2.9900000000         4.4000000000         2.0654198177
        2.9950000000         4.4000000000         2.1444237642
        3.0000000000         4.4000000000         2.2196049391
        3.0050000000         4.4000000000         2.2973346284
        3.0100000000         4.4000000000         2.3776128322
        3.0150000000         4.4000000000         2.4566167787
        3.0200000000         4.4000000000         2.5330722108
        3.0250000000         4.4000000000         2.6120761574
        3.0300000000         4.4000000000         2.6961771327
        3.0350000000         4.4000000000         2.7777295936
        3.0400000000         4.4000000000         2.8541850258
        3.0450000000         4.4000000000         2.9395602583
        3.0500000000         4.4000000000         3.0172899476
        3.0550000000         4.4000000000         3.1001166658
        3.0600000000         4.4000000000         3.1778463551
        3.0650000000         4.4000000000         3.2721413880
        3.0700000000         4.4000000000         3.3460483058
        3.0750000000         4.4000000000         3.4276007667
        3.0800000000         4.4000000000         3.5091532276
        3.0850000000         4.4000000000         3.5932542030
        3.0900000000         4.4000000000         3.6799036927
        3.0950000000         4.4000000000         3.7627304109
        3.1000000000         4.4000000000         3.8442828718
        3.1050000000         4.4000000000         3.9322066187
        3.1100000000         4.4000000000         4.0188561085
        3.1150000000         4.4000000000         4.1029570838
        3.1200000000         4.4000000000         4.1870580592
        3.1250000000         4.4000000000         4.2737075489
        3.1300000000         4.4000000000         4.3565342670
        3.1350000000         4.4000000000         4.4444580140
        3.1400000000         4.4000000000         4.5260104749
        3.1450000000         4.4000000000         4.6152084791
        3.1500000000         4.4000000000         4.7031322260
        3.1550000000         4.4000000000         4.7910559730
        3.1600000000         4.4000000000         4.8789797199
        3.1650000000         4.4000000000         4.9669034668
        3.1700000000         4.4000000000         5.0561014710
        3.1750000000         4.4000000000         5.0624727570
        3.1800000000         4.4000000000         1.1084526589
        3.1850000000         4.4000000000         0.0011231503
        3.1900000000         4.4000000000         0.0176884939
        3.1950000000         4.4000000000         0.1030637264
        3.2000000000         4.4000000000         0.1858904446
        3.2050000000         4.4000000000         0.2712656771
        3.2100000000         4.4000000000         0.3630121957
        3.2150000000         4.4000000000         0.4471131710
        3.2200000000         4.4000000000         0.5350369179
        3.2250000000         4.4000000000         0.6191378933
        3.2300000000         4.4000000000         0.7032388686
        3.2350000000         4.4000000000         0.7822428151
        3.2400000000         4.4000000000         0.8650695333
        3.2450000000         4.4000000000         0.9517190230
        3.2500000000         4.4000000000         1.0332714840
        3.2550000000         4.4000000000         1.1084526589
        3.2600000000         4.4000000000         1.1887308626
        3.2650000000         4.4000000000         1.2715575807
        3.2700000000         4.4000000000         1.3543842989
        3.2750000000         4.4000000000         1.4384852742
        3.2800000000         4.4000000000         1.5060209059
        3.2850000000         4.4000000000         1.5875733669
        3.2900000000         4.4000000000         1.6627545418
        3.2950000000         4.4000000000         1.7404842311
        3.3000000000         4.4000000000         1.8207624349
        3.3050000000         4.4000000000         1.8946693526
        3.3100000000         4.4000000000         1.9711247847
        3.3150000000         4.4000000000         2.0488544740
        3.3200000000         4.4000000000         2.1278584206
        3.3250000000         4.4000000000         2.2030395955
        3.3300000000         4.4000000000         2.2858663136
        3.3350000000         4.4000000000         2.3635960030
        3.3400000000         4.4000000000         2.4451484639
        3.3450000000         4.4000000000         2.5228781532
        3.3500000000         4.4000000000         2.5993335853
        3.3550000000         4.4000000000         2.6834345607
        3.3600000000         4.4000000000         2.7637127644
        3.3650000000         4.4000000000         2.8401681965
        3.3700000000         4.4000000000         2.9229949147
        3.3750000000         4.4000000000         3.0045473756
        3.3800000000         4.4000000000         3.0860998365
        3.3850000000         4.4000000000         3.1727493263
        3.3900000000         4.4000000000         3.2543017872
        3.3950000000         4.4000000000         3.3333057337
        3.4000000000         4.4000000000         3.4174067091
        3.4050000000         4.4000000000         3.4964106556
        3.4100000000         4.4000000000         3.5792373738
        3.4150000000         4.4000000000         3.6684353779
        3.4200000000         4.4000000000         3.7487135816
        3.4250000000         4.4000000000         3.8366373286
        3.4300000000         4.4000000000         3.9220125611
        3.4350000000         4.4000000000         4.0112105653
        3.4400000000         4.4000000000         4.0965857978
        3.4450000000         4.4000000000         4.1781382587
        3.4500000000         4.4000000000         4.2609649769
        3.4550000000         4.4000000000         4.3450659522
        3.4600000000         4.4000000000         4.4355382136
        3.4650000000         4.4000000000         4.5196391889
        3.4700000000         4.4000000000         4.6088371931
        3.4750000000         4.4000000000         4.6993094544
        3.4800000000         4.4000000000         4.7834104297
        3.4850000000         4.4000000000         4.8815282343
        3.4900000000         4.4000000000         4.9656292096
        3.4950000000         4.4000000000         5.0497301850
        3.5000000000         4.4000000000         5.0650212714
        3.5050000000         4.4000000000         1.1084526589
        3.5100000000         4.4000000000         0.0011231503
        3.5150000000         4.4000000000         0.0189627511
        3.5200000000         4.4000000000         0.1081607552
        3.5250000000         4.4000000000         0.1935359878
        3.5300000000         4.4000000000         0.2789112203
        3.5350000000         4.4000000000         0.3630121957
        3.5400000000         4.4000000000         0.4471131710
        3.5450000000         4.4000000000         0.5337626607
        3.5500000000         4.4000000000         0.6216864077
        3.5550000000         4.4000000000         0.7096101546
        3.5600000000         4.4000000000         0.7937111300
        3.5650000000         4.4000000000         0.8714408193
        3.5700000000         4.4000000000         0.9529932802
        3.5750000000         4.4000000000         1.0396427700
        3.5800000000         4.4000000000         1.1135496877
        3.5850000000         4.4000000000         1.1951021486
        3.5900000000         4.4000000000         1.2753803524
        3.5950000000         4.4000000000         1.3594813277
        3.6000000000         4.4000000000         1.4333882454
        3.6050000000         4.4000000000         1.5123921919
        3.6100000000         4.4000000000         1.5875733669
        3.6150000000         4.4000000000         1.6640287990
        3.6200000000         4.4000000000         1.7443070027
        3.6250000000         4.4000000000         1.8207624349
        3.6300000000         4.4000000000         1.8997663814
        3.6350000000         4.4000000000         1.9774960707
        3.6400000000         4.4000000000         2.0539515028
        3.6450000000         4.4000000000         2.1304069350
        3.6500000000         4.4000000000         2.2081366243
        3.6550000000         4.4000000000         2.2884148280
        3.6600000000         4.4000000000         2.3661445174
        3.6650000000         4.4000000000         2.4387771779
        3.6700000000         4.4000000000         2.5254266676
        3.6750000000         4.4000000000         2.5980593281
        3.6800000000         4.4000000000         2.6847088179
        3.6850000000         4.4000000000         2.7637127644
        3.6900000000         4.4000000000         2.8439909681
        3.6950000000         4.4000000000         2.9280919435
        3.7000000000         4.4000000000         3.0134671760
        3.7050000000         4.4000000000         3.0886483509
        3.7100000000         4.4000000000         3.1714750691
        3.7150000000         4.4000000000         3.2530275300
        3.7200000000         4.4000000000         3.3345799910
        3.7250000000         4.4000000000         3.4186809663
        3.7300000000         4.4000000000         3.5027819416
        3.7350000000         4.4000000000         3.5843344026
        3.7400000000         4.4000000000         3.6709838923
        3.7450000000         4.4000000000         3.7563591248
        3.7500000000         4.4000000000         3.8404601002
        3.7550000000         4.4000000000         3.9194640467
        3.7600000000         4.4000000000         4.0061135365
        3.7650000000         4.4000000000         4.0902145118
        3.7700000000         4.4000000000         4.1781382587
        3.7750000000         4.4000000000         4.2622392341
        3.7800000000         4.4000000000         4.3488887238
        3.7850000000         4.4000000000         4.4329896992
        3.7900000000         4.4000000000         4.5170906745
        3.7950000000         4.4000000000         4.6062886786
        3.8000000000         4.4000000000         4.6993094544
        3.8050000000         4.4000000000         4.7872332013
        3.8100000000         4.4000000000         4.8789797199
        3.8150000000         4.4000000000         4.9681777240
        3.8200000000         4.4000000000         5.0548272138
        3.8250000000         4.4000000000         5.0650212714
        3.8300000000         4.4000000000         1.1339378029
        3.8350000000         4.4000000000        -0.0026996214
        3.8400000000         4.4000000000         0.0202370083
        3.8450000000         4.4000000000         0.1068864980
        3.8500000000         4.4000000000         0.1922617306
        3.8550000000         4.4000000000         0.2776369631
        3.8600000000         4.4000000000         0.3630121957
        3.8650000000         4.4000000000         0.4534844570
        3.8700000000         4.4000000000         0.5375854323
        3.8750000000         4.4000000000         0.6255091793
        3.8800000000         4.4000000000         0.7083358974
        3.8850000000         4.4000000000         0.7911626156
        3.8900000000         4.4000000000         0.8714408193
        3.8950000000         4.4000000000         0.9542675374
        3.9000000000         4.4000000000         1.0383685128
        3.9050000000         4.4000000000         1.1224694881
        3.9100000000         4.4000000000         1.2065704634
        3.9150000000         4.4000000000         1.2830258956
        3.9200000000         4.4000000000         1.3645783565
        3.9250000000         4.4000000000         1.4397595314
        3.9300000000         4.4000000000         1.5162149636
        3.9350000000         4.4000000000         1.5939446529
        3.9400000000         4.4000000000         1.6754971138
        3.9450000000         4.4000000000         1.7557753175
        3.9500000000         4.4000000000         1.8335050069
        3.9550000000         4.4000000000         1.9048634102
        3.9600000000         4.4000000000         1.9813188423
        3.9650000000         4.4000000000         2.0577742744
        3.9700000000         4.4000000000         2.1406009926
        3.9750000000         4.4000000000         2.2157821675
        3.9800000000         4.4000000000         2.2973346284
        3.9850000000         4.4000000000         2.3776128322
        3.9900000000         4.4000000000         2.4489712355
        3.9950000000         4.4000000000         2.5343464680
        4.0000000000         4.4000000000         2.6120761574
        4.0050000000         4.4000000000         2.6936286183
        4.0100000000         4.4000000000         2.7751810792
        4.0150000000         4.4000000000         2.8592820546
        4.0200000000         4.4000000000         2.9331889723
        4.0250000000         4.4000000000         3.0185642048
        4.0300000000         4.4000000000         3.1013909230
        4.0350000000         4.4000000000         3.1829433839
        4.0400000000         4.4000000000         3.2619473304
        4.0450000000         4.4000000000         3.3485968202
        4.0500000000         4.4000000000         3.4326977955
        4.0550000000         4.4000000000         3.5155245137
        4.0600000000         4.4000000000         3.5996254890
        4.0650000000         4.4000000000         3.6862749787
        4.0700000000         4.4000000000         3.7652789253
        4.0750000000         4.4000000000         3.8519284150
        4.0800000000         4.4000000000         3.9334808759
        4.0850000000         4.4000000000         4.0201303657
        4.0900000000         4.4000000000         4.1118768842
        4.0950000000         4.4000000000         4.1921550880
        4.1000000000         4.4000000000         4.2749818061
        4.1050000000         4.4000000000         4.3641798103
        4.1100000000         4.4000000000         4.4533778144
        4.1150000000         4.4000000000         4.5349302753
        4.1200000000         4.4000000000         4.6241282795
        4.1250000000         4.4000000000         4.7133262836
        4.1300000000         4.4000000000         4.8025242878
        4.1350000000         4.4000000000         4.8929965491
        4.1400000000         4.4000000000         4.9821945533
        4.1450000000         4.4000000000         5.0662955286
        4.1500000000         4.4000000000         5.0650212714
        4.1550000000         4.4000000000         1.1046298873
        4.1600000000         4.4000000000        -0.0026996214
        4.1650000000         4.4000000000         0.0304310659
        4.1700000000         4.4000000000         0.1183548128
        4.1750000000         4.4000000000         0.2050043026
        4.1800000000         4.4000000000         0.2903795351
        4.1850000000         4.4000000000         0.3757547677
        4.1900000000         4.4000000000         0.4687755434
        4.1950000000         4.4000000000         0.5490537472
        4.2000000000         4.4000000000         0.6331547225
        4.2050000000         4.4000000000         0.7198042122
        4.2100000000         4.4000000000         0.8039051876
        4.2150000000         4.4000000000         0.8854576485
        4.2200000000         4.4000000000         0.9670101094
        4.2250000000         4.4000000000         1.0434655416
        4.2300000000         4.4000000000         1.1288407741
        4.2350000000         4.4000000000         1.2078447206
        4.2400000000         4.4000000000         1.2906714388
        4.2450000000         4.4000000000         1.3684011281
        4.2500000000         4.4000000000         1.4486793318
        4.2550000000         4.4000000000         1.5302317928
        4.2600000000         4.4000000000         1.6015901961
        4.2650000000         4.4000000000         1.6793198854
        4.2700000000         4.4000000000         1.7595980892
        4.2750000000         4.4000000000         1.8373277785
        4.2800000000         4.4000000000         1.9125089534
        4.2850000000         4.4000000000         1.9876901283
        4.2900000000         4.4000000000         2.0692425893
        4.2950000000         4.4000000000         2.1495207930
        4.3000000000         4.4000000000         2.2196049391
        4.3050000000         4.4000000000         2.2998831428
        4.3100000000         4.4000000000         2.3801613466
        4.3150000000         4.4000000000         2.4604395503
        4.3200000000         4.4000000000         2.5343464680
        4.3250000000         4.4000000000         2.6235444722
        4.3300000000         4.4000000000         2.6999999043
        4.3350000000         4.4000000000         2.7751810792
        4.3400000000         4.4000000000         2.8643790834
        4.3450000000         4.4000000000         2.9421087727
        4.3500000000         4.4000000000         3.0236612336
        4.3550000000         4.4000000000         3.1052136946
        4.3600000000         4.4000000000         3.1829433839
        4.3650000000         4.4000000000         3.2695928736
        4.3700000000         4.4000000000         3.3524195918
        4.3750000000         4.4000000000         3.4326977955
        4.3800000000         4.4000000000         3.5142502564
        4.3850000000         4.4000000000         3.6008997462
        4.3900000000         4.4000000000         3.6862749787
        4.3950000000         4.4000000000         3.7716502113
        4.4000000000         4.4000000000         3.8557511866
        4.4050000000         4.4000000000         3.9411264192
        4.4100000000         4.4000000000         4.0226788801
        4.4150000000         4.4000000000         4.1055055982
        4.4200000000         4.4000000000         4.1934293452
        4.4250000000         4.4000000000         4.2775303205
        4.4300000000         4.4000000000         4.3629055530
        4.4350000000         4.4000000000         4.4482807856
        4.4400000000         4.4000000000         4.5336560181
        4.4450000000         4.4000000000         4.6203055079
        4.4500000000         4.4000000000         4.7107777692
        4.4550000000         4.4000000000         4.7999757734
        4.4600000000         4.4000000000         4.8904480347
        4.4650000000         4.4000000000         4.9758232673
        4.4700000000         4.4000000000         5.0637470142
        4.4750000000         4.4000000000         5.0675697858
        4.4800000000         4.4000000000         1.1046298873
        4.4850000000         4.4000000000        -0.0001511069
        4.4900000000         4.4000000000         0.0291568087
        4.4950000000         4.4000000000         0.1145320412
        4.5000000000         4.4000000000         0.1999072738
        4.5050000000         4.4000000000         0.2891052779
        4.5100000000         4.4000000000         0.3732062533
        4.5150000000         4.4000000000         0.4585814858
        4.5200000000         4.4000000000         0.5465052328
        4.5250000000         4.4000000000         0.6267834365
        4.5300000000         4.4000000000         0.7108844118
        4.5350000000         4.4000000000         0.7937111300
        4.5400000000         4.4000000000         0.8803606197
        4.5450000000         4.4000000000         0.9619130806
        4.5500000000         4.4000000000         1.0434655416
        4.5550000000         4.4000000000         1.1237437453
        4.5600000000         4.4000000000         1.2001991774
        4.5650000000         4.4000000000         1.2792031240
        4.5700000000         4.4000000000         1.3633040993
        4.5750000000         4.4000000000         1.4410337886
        4.5800000000         4.4000000000         1.5187634780
        4.5850000000         4.4000000000         1.5939446529
        4.5900000000         4.4000000000         1.6691258278
        4.5950000000         4.4000000000         1.7481297743
        4.6000000000         4.4000000000         1.8233109493
        4.6050000000         4.4000000000         1.9099604390
        4.6100000000         4.4000000000         1.9813188423
        4.6150000000         4.4000000000         2.0590485316
        4.6200000000         4.4000000000         2.1444237642
        4.6250000000         4.4000000000         2.2106851387
        4.6300000000         4.4000000000         2.2896890852
        4.6350000000         4.4000000000         2.3674187746
        4.6400000000         4.4000000000         2.4451484639
        4.6450000000         4.4000000000         2.5228781532
        4.6500000000         4.4000000000         2.6069791286
        4.6550000000         4.4000000000         2.6859830751
        4.6600000000         4.4000000000         2.7637127644
        4.6650000000         4.4000000000         2.8503622542
        4.6700000000         4.4000000000         2.9293662007
        4.6750000000         4.4000000000         3.0070958900
        4.6800000000         4.4000000000         3.0911968654
        4.6850000000         4.4000000000         3.1740235835
        4.6900000000         4.4000000000         3.2606730732
        4.6950000000         4.4000000000         3.3371285054
        4.7000000000         4.4000000000         3.4225037379
        4.7050000000         4.4000000000         3.5002334272
        4.7100000000         4.4000000000         3.5830601454
        4.7150000000         4.4000000000         3.6709838923
        4.7200000000         4.4000000000         3.7563591248
        4.7250000000         4.4000000000         3.8391858430
        4.7300000000         4.4000000000         3.9232868183
        4.7350000000         4.4000000000         4.0099363081
        4.7400000000         4.4000000000         4.0940372834
        4.7450000000         4.4000000000         4.1794125159
        4.7500000000         4.4000000000         4.2660620057
        4.7550000000         4.4000000000         4.3488887238
        4.7600000000         4.4000000000         4.4317154420
        4.7650000000         4.4000000000         4.5158164173
        4.7700000000         4.4000000000         4.6050144214
        4.7750000000         4.4000000000         4.6954866828
        4.7800000000         4.4000000000         4.7859589441
        4.7850000000         4.4000000000         4.8764312055
        4.7900000000         4.4000000000         4.9656292096
        4.7950000000         4.4000000000         5.0561014710
        4.8000000000         4.4000000000         5.0662955286
        4.8050000000         4.4000000000         1.1059041445
        4.8100000000         4.4000000000        -0.0039738786
        4.8150000000         4.4000000000         0.0138657223
        4.8200000000         4.4000000000         0.1005152120
        4.8250000000         4.4000000000         0.1897132162
        4.8300000000         4.4000000000         0.2763627059
        4.8350000000         4.4000000000         0.3668349673
        4.8400000000         4.4000000000         0.4522101998
        4.8450000000         4.4000000000         0.5414082039
        4.8500000000         4.4000000000         0.6216864077
        4.8550000000         4.4000000000         0.7006903542
        4.8600000000         4.4000000000         0.7835170723
        4.8650000000         4.4000000000         0.8688923049
        4.8700000000         4.4000000000         0.9542675374
        4.8750000000         4.4000000000         1.0358199984
        4.8800000000         4.4000000000         1.1148239449
        4.8850000000         4.4000000000         1.1900051198
        4.8900000000         4.4000000000         1.2779288668
        4.8950000000         4.4000000000         1.3594813277
        4.9000000000         4.4000000000         1.4359367598
        4.9050000000         4.4000000000         1.5123921919
        4.9100000000         4.4000000000         1.5888476241
        4.9150000000         4.4000000000         1.6653030562
        4.9200000000         4.4000000000         1.7455812599
        4.9250000000         4.4000000000         1.8220366921
        4.9300000000         4.4000000000         1.9010406386
        4.9350000000         4.4000000000         1.9774960707
        4.9400000000         4.4000000000         2.0539515028
        4.9450000000         4.4000000000         2.1291326778
        4.9500000000         4.4000000000         2.2043138527
        4.9550000000         4.4000000000         2.2833177992
        4.9600000000         4.4000000000         2.3686930318
        4.9650000000         4.4000000000         2.4464227211
        4.9700000000         4.4000000000         2.5228781532
        4.9750000000         4.4000000000         2.6031563569
        4.9800000000         4.4000000000         2.6821603035
        4.9850000000         4.4000000000         2.7662612788
        4.9900000000         4.4000000000         2.8490879970
        4.9950000000         4.4000000000         2.9293662007
        5.0000000000         4.4000000000         3.0109186616
        5.0050000000         4.4000000000         3.0899226081
        5.0100000000         4.4000000000         3.1778463551
        5.0150000000         4.4000000000         3.2504790156
        5.0200000000         4.4000000000         3.3358542482
        5.0250000000         4.4000000000         3.4186809663
        5.0300000000         4.4000000000         3.5053304560
        5.0350000000         4.4000000000         3.5817858882
        5.0400000000         4.4000000000         3.6697096351
        5.0450000000         4.4000000000         3.7538106104
        5.0500000000         4.4000000000         3.8366373286
        5.0550000000         4.4000000000         3.9194640467
        5.0600000000         4.4000000000         4.0086620509
        5.0650000000         4.4000000000         4.0940372834
        5.0700000000         4.4000000000         4.1781382587
        5.0750000000         4.4000000000         4.2647877485
        5.0800000000         4.4000000000         4.3488887238
        5.0850000000         4.4000000000         4.4393609852
        5.0900000000         4.4000000000         4.5234619605
        5.0950000000         4.4000000000         4.6088371931
