        0.0000000000         4.5750000000         0.7045131258
        0.0050000000         4.5750000000         0.7057873830
        0.0100000000         4.5750000000         0.7083358974
        0.0150000000         4.5750000000         0.7019646114
        0.0200000000         4.5750000000         0.7172556978
        0.0250000000         4.5750000000         0.7389180703
        0.0300000000         4.5750000000         0.7707745003
        0.0350000000         4.5750000000         0.8077279592
        0.0400000000         4.5750000000         0.8548754757
        0.0450000000         4.5750000000         0.9032972493
        0.0500000000         4.5750000000         0.9529932802
        0.0550000000         4.5750000000         1.0039635683
        0.0600000000         4.5750000000         1.0714992000
        0.0650000000         4.5750000000         1.1313892885
        0.0700000000         4.5750000000         1.1951021486
        0.0750000000         4.5750000000         1.2575407515
        0.0800000000         4.5750000000         1.3250763832
        0.0850000000         4.5750000000         1.3862407289
        0.0900000000         4.5750000000         1.4563248751
        0.0950000000         4.5750000000         1.5251347640
        0.1000000000         4.5750000000         1.5901218813
        0.1050000000         4.5750000000         1.6589317702
        0.1100000000         4.5750000000         1.7315644307
        0.1150000000         4.5750000000         1.8003743196
        0.1200000000         4.5750000000         1.8742812373
        0.1250000000         4.5750000000         1.9443653835
        0.1300000000         4.5750000000         2.0220950728
        0.1350000000         4.5750000000         2.0896307045
        0.1400000000         4.5750000000         2.1660861366
        0.1450000000         4.5750000000         2.2348960255
        0.1500000000         4.5750000000         2.3177227437
        0.1550000000         4.5750000000         2.3941781758
        0.1600000000         4.5750000000         2.4693593507
        0.1650000000         4.5750000000         2.5394434968
        0.1700000000         4.5750000000         2.6209959578
        0.1750000000         4.5750000000         2.7012741615
        0.1800000000         4.5750000000         2.7815523652
        0.1850000000         4.5750000000         2.8592820546
        0.1900000000         4.5750000000         2.9472058015
        0.1950000000         4.5750000000         3.0211127192
        0.2000000000         4.5750000000         3.1026651802
        0.2050000000         4.5750000000         3.1842176411
        0.2100000000         4.5750000000         3.2683186164
        0.2150000000         4.5750000000         3.3524195918
        0.2200000000         4.5750000000         3.4365205671
        0.2250000000         4.5750000000         3.5167987709
        0.2300000000         4.5750000000         3.6034482606
        0.2350000000         4.5750000000         3.6862749787
        0.2400000000         4.5750000000         3.7767472401
        0.2450000000         4.5750000000         3.8582997010
        0.2500000000         4.5750000000         3.9424006764
        0.2550000000         4.5750000000         4.0354214521
        0.2600000000         4.5750000000         4.1169739130
        0.2650000000         4.5750000000         4.2010748884
        0.2700000000         4.5750000000         4.2864501209
        0.2750000000         4.5750000000         4.3756481251
        0.2800000000         4.5750000000         4.4635718720
        0.2850000000         4.5750000000         4.5527698762
        0.2900000000         4.5750000000         4.6406936231
        0.2950000000         4.5750000000         4.7337143989
        0.3000000000         4.5750000000         4.8254609174
        0.3050000000         4.5750000000         4.9133846644
        0.3100000000         4.5750000000         5.0000341541
        0.3150000000         4.5750000000         5.0675697858
        0.3200000000         4.5750000000         5.0344390986
        0.3250000000         4.5750000000         0.0023974075
        0.3300000000         4.5750000000         0.0049459219
        0.3350000000         4.5750000000         0.0546419527
        0.3400000000         4.5750000000         0.1489369857
        0.3450000000         4.5750000000         0.2317637038
        0.3500000000         4.5750000000         0.3209617080
        0.3550000000         4.5750000000         0.4127082265
        0.3600000000         4.5750000000         0.4968092019
        0.3650000000         4.5750000000         0.5847329488
        0.3700000000         4.5750000000         0.6726566958
        0.3750000000         4.5750000000         0.7542091567
        0.3800000000         4.5750000000         0.8446814180
        0.3850000000         4.5750000000         0.9224111074
        0.3900000000         4.5750000000         1.0065120827
        0.3950000000         4.5750000000         1.0906130581
        0.4000000000         4.5750000000         1.1734397762
        0.4050000000         4.5750000000         1.2562664943
        0.4100000000         4.5750000000         1.3403674697
        0.4150000000         4.5750000000         1.4257427022
        0.4200000000         4.5750000000         1.4983753627
        0.4250000000         4.5750000000         1.5812020809
        0.4300000000         4.5750000000         1.6602060274
        0.4350000000         4.5750000000         1.7353872023
        0.4400000000         4.5750000000         1.8169396632
        0.4450000000         4.5750000000         1.8946693526
        0.4500000000         4.5750000000         1.9698505275
        0.4550000000         4.5750000000         2.0552257600
        0.4600000000         4.5750000000         2.1329554494
        0.4650000000         4.5750000000         2.2132336531
        0.4700000000         4.5750000000         2.2947861140
        0.4750000000         4.5750000000         2.3737900606
        0.4800000000         4.5750000000         2.4591652931
        0.4850000000         4.5750000000         2.5394434968
        0.4900000000         4.5750000000         2.6235444722
        0.4950000000         4.5750000000         2.7076454475
        0.5000000000         4.5750000000         2.7917464229
        0.5050000000         4.5750000000         2.8771216554
        0.5100000000         4.5750000000         2.9573998591
        0.5150000000         4.5750000000         3.0402265773
        0.5200000000         4.5750000000         3.1230532954
        0.5250000000         4.5750000000         3.2084285279
        0.5300000000         4.5750000000         3.2976265321
        0.5350000000         4.5750000000         3.3817275074
        0.5400000000         4.5750000000         3.4645542256
        0.5450000000         4.5750000000         3.5499294581
        0.5500000000         4.5750000000         3.6327561762
        0.5550000000         4.5750000000         3.7206799232
        0.5600000000         4.5750000000         3.8060551557
        0.5650000000         4.5750000000         3.8914303883
        0.5700000000         4.5750000000         3.9806283924
        0.5750000000         4.5750000000         4.0711006538
        0.5800000000         4.5750000000         4.1526531147
        0.5850000000         4.5750000000         4.2393026044
        0.5900000000         4.5750000000         4.3323233802
        0.5950000000         4.5750000000         4.4189728699
        0.6000000000         4.5750000000         4.5030738453
        0.6050000000         4.5750000000         4.5909975922
        0.6100000000         4.5750000000         4.6814698536
        0.6150000000         4.5750000000         4.7732163721
        0.6200000000         4.5750000000         4.8649628907
        0.6250000000         4.5750000000         4.9567094092
        0.6300000000         4.5750000000         5.0446331562
        0.6350000000         4.5750000000         5.0701183002
        0.6400000000         4.5750000000         1.1084526589
        0.6450000000         4.5750000000        -0.0001511069
        0.6500000000         4.5750000000         0.0176884939
        0.6550000000         4.5750000000         0.1068864980
        0.6600000000         4.5750000000         0.1973587594
        0.6650000000         4.5750000000         0.2801854775
        0.6700000000         4.5750000000         0.3693834817
        0.6750000000         4.5750000000         0.4573072286
        0.6800000000         4.5750000000         0.5465052328
        0.6850000000         4.5750000000         0.6331547225
        0.6900000000         4.5750000000         0.7172556978
        0.6950000000         4.5750000000         0.8090022164
        0.7000000000         4.5750000000         0.8854576485
        0.7050000000         4.5750000000         0.9759299099
        0.7100000000         4.5750000000         1.0587566280
        0.7150000000         4.5750000000         1.1428576033
        0.7200000000         4.5750000000         1.2269585787
        0.7250000000         4.5750000000         1.3097852968
        0.7300000000         4.5750000000         1.3900635005
        0.7350000000         4.5750000000         1.4652446755
        0.7400000000         4.5750000000         1.5442486220
        0.7450000000         4.5750000000         1.6245268257
        0.7500000000         4.5750000000         1.7086278011
        0.7550000000         4.5750000000         1.7863574904
        0.7600000000         4.5750000000         1.8666356941
        0.7650000000         4.5750000000         1.9443653835
        0.7700000000         4.5750000000         2.0246435872
        0.7750000000         4.5750000000         2.1138415913
        0.7800000000         4.5750000000         2.1877485091
        0.7850000000         4.5750000000         2.2654781984
        0.7900000000         4.5750000000         2.3534019453
        0.7950000000         4.5750000000         2.4285831203
        0.8000000000         4.5750000000         2.5152326100
        0.8050000000         4.5750000000         2.5942365565
        0.8100000000         4.5750000000         2.6847088179
        0.8150000000         4.5750000000         2.7598899928
        0.8200000000         4.5750000000         2.8490879970
        0.8250000000         4.5750000000         2.9306404579
        0.8300000000         4.5750000000         3.0096444044
        0.8350000000         4.5750000000         3.0962938942
        0.8400000000         4.5750000000         3.1816691267
        0.8450000000         4.5750000000         3.2632215876
        0.8500000000         4.5750000000         3.3524195918
        0.8550000000         4.5750000000         3.4377948243
        0.8600000000         4.5750000000         3.5193472853
        0.8650000000         4.5750000000         3.6072710322
        0.8700000000         4.5750000000         3.6964690363
        0.8750000000         4.5750000000         3.7856670405
        0.8800000000         4.5750000000         3.8684937586
        0.8850000000         4.5750000000         3.9551432484
        0.8900000000         4.5750000000         4.0430669953
        0.8950000000         4.5750000000         4.1348135139
        0.9000000000         4.5750000000         4.2189144892
        0.9050000000         4.5750000000         4.3055639790
        0.9100000000         4.5750000000         4.3960362403
        0.9150000000         4.5750000000         4.4814114728
        0.9200000000         4.5750000000         4.5731579914
        0.9250000000         4.5750000000         4.6636302527
        0.9300000000         4.5750000000         4.7515539997
        0.9350000000         4.5750000000         4.8407520038
        0.9400000000         4.5750000000         4.9363212940
        0.9450000000         4.5750000000         5.0280678125
        0.9500000000         4.5750000000         5.0650212714
        0.9550000000         4.5750000000         1.1059041445
        0.9600000000         4.5750000000        -0.0026996214
        0.9650000000         4.5750000000         0.0011231503
        0.9700000000         4.5750000000         0.0864983828
        0.9750000000         4.5750000000         0.1769706441
        0.9800000000         4.5750000000         0.2623458767
        0.9850000000         4.5750000000         0.3528181380
        0.9900000000         4.5750000000         0.4445646566
        0.9950000000         4.5750000000         0.5286656319
        1.0000000000         4.5750000000         0.6191378933
        1.0050000000         4.5750000000         0.7070616402
        1.0100000000         4.5750000000         0.7949853872
        1.0150000000         4.5750000000         0.8778121053
        1.0200000000         4.5750000000         0.9644615950
        1.0250000000         4.5750000000         1.0498368276
        1.0300000000         4.5750000000         1.1301150313
        1.0350000000         4.5750000000         1.2116674923
        1.0400000000         4.5750000000         1.2932199532
        1.0450000000         4.5750000000         1.3760466713
        1.0500000000         4.5750000000         1.4614219039
        1.0550000000         4.5750000000         1.5353288216
        1.0600000000         4.5750000000         1.6156070253
        1.0650000000         4.5750000000         1.6984337435
        1.0700000000         4.5750000000         1.7787119472
        1.0750000000         4.5750000000         1.8538931221
        1.0800000000         4.5750000000         1.9354455830
        1.0850000000         4.5750000000         2.0157237868
        1.0900000000         4.5750000000         2.0960019905
        1.0950000000         4.5750000000         2.1775544514
        1.1000000000         4.5750000000         2.2578326552
        1.1050000000         4.5750000000         2.3381108589
        1.1100000000         4.5750000000         2.4234860914
        1.1150000000         4.5750000000         2.5037642952
        1.1200000000         4.5750000000         2.5853167561
        1.1250000000         4.5750000000         2.6681434743
        1.1300000000         4.5750000000         2.7535187068
        1.1350000000         4.5750000000         2.8312483961
        1.1400000000         4.5750000000         2.9178978859
        1.1450000000         4.5750000000         3.0019988612
        1.1500000000         4.5750000000         3.0810028077
        1.1550000000         4.5750000000         3.1676522975
        1.1600000000         4.5750000000         3.2555760444
        1.1650000000         4.5750000000         3.3396770198
        1.1700000000         4.5750000000         3.4250522523
        1.1750000000         4.5750000000         3.5155245137
        1.1800000000         4.5750000000         3.5996254890
        1.1850000000         4.5750000000         3.6837264643
        1.1900000000         4.5750000000         3.7729244685
        1.1950000000         4.5750000000         3.8570254438
        1.2000000000         4.5750000000         3.9449491908
        1.2050000000         4.5750000000         4.0366957093
        1.2100000000         4.5750000000         4.1182481702
        1.2150000000         4.5750000000         4.2048976600
        1.2200000000         4.5750000000         4.3004669501
        1.2250000000         4.5750000000         4.3832936683
        1.2300000000         4.5750000000         4.4763144440
        1.2350000000         4.5750000000         4.5616896766
        1.2400000000         4.5750000000         4.6547104523
        1.2450000000         4.5750000000         4.7477312281
        1.2500000000         4.5750000000         4.8407520038
        1.2550000000         4.5750000000         4.9286757508
        1.2600000000         4.5750000000         5.0242450409
        1.2650000000         4.5750000000         5.0688440430
        1.2700000000         4.5750000000         1.1020813729
        1.2750000000         4.5750000000        -0.0001511069
        1.2800000000         4.5750000000         0.0011231503
        1.2850000000         4.5750000000         0.0864983828
        1.2900000000         4.5750000000         0.1705993581
        1.2950000000         4.5750000000         0.2623458767
        1.3000000000         4.5750000000         0.3477211092
        1.3050000000         4.5750000000         0.4432903994
        1.3100000000         4.5750000000         0.5299398891
        1.3150000000         4.5750000000         0.6114923501
        1.3200000000         4.5750000000         0.6994160970
        1.3250000000         4.5750000000         0.7886141012
        1.3300000000         4.5750000000         0.8752635909
        1.3350000000         4.5750000000         0.9580903090
        1.3400000000         4.5750000000         1.0472883132
        1.3450000000         4.5750000000         1.1275665169
        1.3500000000         4.5750000000         1.2129417495
        1.3550000000         4.5750000000         1.2868486672
        1.3600000000         4.5750000000         1.3734981569
        1.3650000000         4.5750000000         1.4575991323
        1.3700000000         4.5750000000         1.5404258504
        1.3750000000         4.5750000000         1.6168812825
        1.3800000000         4.5750000000         1.6946109718
        1.3850000000         4.5750000000         1.7774376900
        1.3900000000         4.5750000000         1.8577158937
        1.3950000000         4.5750000000         1.9354455830
        1.4000000000         4.5750000000         2.0208208156
        1.4050000000         4.5750000000         2.0934534761
        1.4100000000         4.5750000000         2.1788287086
        1.4150000000         4.5750000000         2.2552841408
        1.4200000000         4.5750000000         2.3381108589
        1.4250000000         4.5750000000         2.4209375770
        1.4300000000         4.5750000000         2.5037642952
        1.4350000000         4.5750000000         2.5853167561
        1.4400000000         4.5750000000         2.6694177315
        1.4450000000         4.5750000000         2.7496959352
        1.4500000000         4.5750000000         2.8376196821
        1.4550000000         4.5750000000         2.9191721431
        1.4600000000         4.5750000000         3.0007246040
        1.4650000000         4.5750000000         3.0848255793
        1.4700000000         4.5750000000         3.1689265547
        1.4750000000         4.5750000000         3.2581245588
        1.4800000000         4.5750000000         3.3447740486
        1.4850000000         4.5750000000         3.4301492811
        1.4900000000         4.5750000000         3.5142502564
        1.4950000000         4.5750000000         3.5983512318
        1.5000000000         4.5750000000         3.6900977503
        1.5050000000         4.5750000000         3.7716502113
        1.5100000000         4.5750000000         3.8582997010
        1.5150000000         4.5750000000         3.9462234480
        1.5200000000         4.5750000000         4.0379699665
        1.5250000000         4.5750000000         4.1284422279
        1.5300000000         4.5750000000         4.2074461744
        1.5350000000         4.5750000000         4.2953699213
        1.5400000000         4.5750000000         4.3871164399
        1.5450000000         4.5750000000         4.4801372156
        1.5500000000         4.5750000000         4.5718837342
        1.5550000000         4.5750000000         4.6559847095
        1.5600000000         4.5750000000         4.7515539997
        1.5650000000         4.5750000000         4.8407520038
        1.5700000000         4.5750000000         4.9312242652
        1.5750000000         4.5750000000         5.0267935553
        1.5800000000         4.5750000000         5.0675697858
        1.5850000000         4.5750000000         1.1059041445
        1.5900000000         4.5750000000         0.0036716647
        1.5950000000         4.5750000000         0.0049459219
        1.6000000000         4.5750000000         0.0954181832
        1.6050000000         4.5750000000         0.1833419302
        1.6100000000         4.5750000000         0.2687171627
        1.6150000000         4.5750000000         0.3617379384
        1.6200000000         4.5750000000         0.4471131710
        1.6250000000         4.5750000000         0.5375854323
        1.6300000000         4.5750000000         0.6191378933
        1.6350000000         4.5750000000         0.7083358974
        1.6400000000         4.5750000000         0.7988081588
        1.6450000000         4.5750000000         0.8803606197
        1.6500000000         4.5750000000         0.9682843666
        1.6550000000         4.5750000000         1.0536595992
        1.6600000000         4.5750000000         1.1377605745
        1.6650000000         4.5750000000         1.2205872927
        1.6700000000         4.5750000000         1.3034140108
        1.6750000000         4.5750000000         1.3887892433
        1.6800000000         4.5750000000         1.4665189327
        1.6850000000         4.5750000000         1.5442486220
        1.6900000000         4.5750000000         1.6258010829
        1.6950000000         4.5750000000         1.7099020583
        1.7000000000         4.5750000000         1.7914545192
        1.7050000000         4.5750000000         1.8691842085
        1.7100000000         4.5750000000         1.9469138979
        1.7150000000         4.5750000000         2.0271921016
        1.7200000000         4.5750000000         2.1061960481
        1.7250000000         4.5750000000         2.1902970235
        1.7300000000         4.5750000000         2.2718494844
        1.7350000000         4.5750000000         2.3508534309
        1.7400000000         4.5750000000         2.4375029207
        1.7450000000         4.5750000000         2.5190553816
        1.7500000000         4.5750000000         2.5929622993
        1.7550000000         4.5750000000         2.6770632747
        1.7600000000         4.5750000000         2.7662612788
        1.7650000000         4.5750000000         2.8529107686
        1.7700000000         4.5750000000         2.9357374867
        1.7750000000         4.5750000000         3.0147414332
        1.7800000000         4.5750000000         3.1013909230
        1.7850000000         4.5750000000         3.1842176411
        1.7900000000         4.5750000000         3.2759641597
        1.7950000000         4.5750000000         3.3651621638
        1.8000000000         4.5750000000         3.4479888819
        1.8050000000         4.5750000000         3.5320898573
        1.8100000000         4.5750000000         3.6212878614
        1.8150000000         4.5750000000         3.7092116084
        1.8200000000         4.5750000000         3.7945868409
        1.8250000000         4.5750000000         3.8812363307
        1.8300000000         4.5750000000         3.9691600776
        1.8350000000         4.5750000000         4.0583580817
        1.8400000000         4.5750000000         4.1437333143
        1.8450000000         4.5750000000         4.2316570612
        1.8500000000         4.5750000000         4.3195808082
        1.8550000000         4.5750000000         4.4087788123
        1.8600000000         4.5750000000         4.5030738453
        1.8650000000         4.5750000000         4.5922718494
        1.8700000000         4.5750000000         4.6840183680
        1.8750000000         4.5750000000         4.7744906293
        1.8800000000         4.5750000000         4.8624143763
        1.8850000000         4.5750000000         4.9579836664
        1.8900000000         4.5750000000         5.0510044422
        1.8950000000         4.5750000000         5.0713925574
        1.9000000000         4.5750000000         1.1059041445
        1.9050000000         4.5750000000         0.0011231503
        1.9100000000         4.5750000000         0.0291568087
        1.9150000000         4.5750000000         0.1183548128
        1.9200000000         4.5750000000         0.2075528170
        1.9250000000         4.5750000000         0.2992993355
        1.9300000000         4.5750000000         0.3884973397
        1.9350000000         4.5750000000         0.4776953438
        1.9400000000         4.5750000000         0.5643448336
        1.9450000000         4.5750000000         0.6509943233
        1.9500000000         4.5750000000         0.7389180703
        1.9550000000         4.5750000000         0.8242933028
        1.9600000000         4.5750000000         0.9134913070
        1.9650000000         4.5750000000         0.9975922823
        1.9700000000         4.5750000000         1.0842417720
        1.9750000000         4.5750000000         1.1645199758
        1.9800000000         4.5750000000         1.2447981795
        1.9850000000         4.5750000000         1.3301734120
        1.9900000000         4.5750000000         1.4155486446
        1.9950000000         4.5750000000         1.4958268483
        2.0000000000         4.5750000000         1.5786535665
        2.0050000000         4.5750000000         1.6602060274
        2.0100000000         4.5750000000         1.7417584883
        2.0150000000         4.5750000000         1.8182139205
        2.0200000000         4.5750000000         1.8984921242
        2.0250000000         4.5750000000         1.9774960707
        2.0300000000         4.5750000000         2.0552257600
        2.0350000000         4.5750000000         2.1418752498
        2.0400000000         4.5750000000         2.2183306819
        2.0450000000         4.5750000000         2.3011574000
        2.0500000000         4.5750000000         2.3839841182
        2.0550000000         4.5750000000         2.4680850935
        2.0600000000         4.5750000000         2.5521860689
        2.0650000000         4.5750000000         2.6337385298
        2.0700000000         4.5750000000         2.7140167335
        2.0750000000         4.5750000000         2.7955691945
        2.0800000000         4.5750000000         2.8847671986
        2.0850000000         4.5750000000         2.9726909456
        2.0900000000         4.5750000000         3.0593404353
        2.0950000000         4.5750000000         3.1383443818
        2.1000000000         4.5750000000         3.2351879292
        2.1050000000         4.5750000000         3.3141918757
        2.1100000000         4.5750000000         3.3995671083
        2.1150000000         4.5750000000         3.4874908552
        2.1200000000         4.5750000000         3.5703175733
        2.1250000000         4.5750000000         3.6556928059
        2.1300000000         4.5750000000         3.7487135816
        2.1350000000         4.5750000000         3.8328145570
        2.1400000000         4.5750000000         3.9156412751
        2.1450000000         4.5750000000         4.0124848225
        2.1500000000         4.5750000000         4.0940372834
        2.1550000000         4.5750000000         4.1819610303
        2.1600000000         4.5750000000         4.2737075489
        2.1650000000         4.5750000000         4.3616312958
        2.1700000000         4.5750000000         4.4546520716
        2.1750000000         4.5750000000         4.5400273041
        2.1800000000         4.5750000000         4.6317738227
        2.1850000000         4.5750000000         4.7311658845
        2.1900000000         4.5750000000         4.8165411170
        2.1950000000         4.5750000000         4.9133846644
        2.2000000000         4.5750000000         5.0038569257
        2.2050000000         4.5750000000         5.0637470142
        2.2100000000         4.5750000000         1.1084526589
        2.2150000000         4.5750000000         0.0011231503
        2.2200000000         4.5750000000        -0.0026996214
        2.2250000000         4.5750000000         0.0673845248
        2.2300000000         4.5750000000         0.1629538149
        2.2350000000         4.5750000000         0.2547003335
        2.2400000000         4.5750000000         0.3655607101
        2.2450000000         4.5750000000         0.4267250558
        2.2500000000         4.5750000000         0.5146488027
        2.2550000000         4.5750000000         0.6025725496
        2.2600000000         4.5750000000         0.6917705538
        2.2650000000         4.5750000000         0.7745972719
        2.2700000000         4.5750000000         0.8688923049
        2.2750000000         4.5750000000         0.9529932802
        2.2800000000         4.5750000000         1.0332714840
        2.2850000000         4.5750000000         1.1199209737
        2.2900000000         4.5750000000         1.2014734346
        2.2950000000         4.5750000000         1.2817516384
        2.3000000000         4.5750000000         1.3696753853
        2.3050000000         4.5750000000         1.4486793318
        2.3100000000         4.5750000000         1.5327803072
        2.3150000000         4.5750000000         1.6156070253
        2.3200000000         4.5750000000         1.6958852290
        2.3250000000         4.5750000000         1.7774376900
        2.3300000000         4.5750000000         1.8577158937
        2.3350000000         4.5750000000         1.9328970686
        2.3400000000         4.5750000000         2.0119010152
        2.3450000000         4.5750000000         2.0947277333
        2.3500000000         4.5750000000         2.1788287086
        2.3550000000         4.5750000000         2.2578326552
        2.3600000000         4.5750000000         2.3368366017
        2.3650000000         4.5750000000         2.4171148054
        2.3700000000         4.5750000000         2.5037642952
        2.3750000000         4.5750000000         2.5878652705
        2.3800000000         4.5750000000         2.6732405031
        2.3850000000         4.5750000000         2.7560672212
        2.3900000000         4.5750000000         2.8388939393
        2.3950000000         4.5750000000         2.9217206575
        2.4000000000         4.5750000000         3.0083701472
        2.4050000000         4.5750000000         3.0937453798
        2.4100000000         4.5750000000         3.1778463551
        2.4150000000         4.5750000000         3.2632215876
        2.4200000000         4.5750000000         3.3460483058
        2.4250000000         4.5750000000         3.4339720527
        2.4300000000         4.5750000000         3.5206215425
        2.4350000000         4.5750000000         3.6047225178
        2.4400000000         4.5750000000         3.6964690363
        2.4450000000         4.5750000000         3.7805700117
        2.4500000000         4.5750000000         3.8633967298
        2.4550000000         4.5750000000         3.9564175056
        2.4600000000         4.5750000000         4.0481640241
        2.4650000000         4.5750000000         4.1309907423
        2.4700000000         4.5750000000         4.2189144892
        2.4750000000         4.5750000000         4.3068382362
        2.4800000000         4.5750000000         4.3947619831
        2.4850000000         4.5750000000         4.4865085017
        2.4900000000         4.5750000000         4.5744322486
        2.4950000000         4.5750000000         4.6649045099
        2.5000000000         4.5750000000         4.7591995429
        2.5050000000         4.5750000000         4.8534945759
        2.5100000000         4.5750000000         4.9375955512
        2.5150000000         4.5750000000         5.0318905842
        2.5200000000         4.5750000000         5.0701183002
        2.5250000000         4.5750000000         1.1199209737
        2.5300000000         4.5750000000         0.0011231503
        2.5350000000         4.5750000000         0.0100429507
        2.5400000000         4.5750000000         0.0954181832
        2.5450000000         4.5750000000         0.1858904446
        2.5500000000         4.5750000000         0.2763627059
        2.5550000000         4.5750000000         0.3681092245
        2.5600000000         4.5750000000         0.4547587142
        2.5650000000         4.5750000000         0.5426824611
        2.5700000000         4.5750000000         0.6344289797
        2.5750000000         4.5750000000         0.7159814406
        2.5800000000         4.5750000000         0.8064537020
        2.5850000000         4.5750000000         0.8905546773
        2.5900000000         4.5750000000         0.9784784243
        2.5950000000         4.5750000000         1.0613051424
        2.6000000000         4.5750000000         1.1505031465
        2.6050000000         4.5750000000         1.2295070931
        2.6100000000         4.5750000000         1.3123338112
        2.6150000000         4.5750000000         1.3938862722
        2.6200000000         4.5750000000         1.4754387331
        2.6250000000         4.5750000000         1.5531684224
        2.6300000000         4.5750000000         1.6385436550
        2.6350000000         4.5750000000         1.7162733443
        2.6400000000         4.5750000000         1.7965515480
        2.6450000000         4.5750000000         1.8793782662
        2.6500000000         4.5750000000         1.9558336983
        2.6550000000         4.5750000000         2.0322891304
        2.6600000000         4.5750000000         2.1125673341
        2.6650000000         4.5750000000         2.1979425667
        2.6700000000         4.5750000000         2.2845920564
        2.6750000000         4.5750000000         2.3635960030
        2.6800000000         4.5750000000         2.4464227211
        2.6850000000         4.5750000000         2.5317979536
        2.6900000000         4.5750000000         2.6108019002
        2.6950000000         4.5750000000         2.6961771327
        2.7000000000         4.5750000000         2.7777295936
        2.7050000000         4.5750000000         2.8643790834
        2.7100000000         4.5750000000         2.9472058015
        2.7150000000         4.5750000000         3.0351295485
        2.7200000000         4.5750000000         3.1205047810
        2.7250000000         4.5750000000         3.2058800135
        2.7300000000         4.5750000000         3.2938037605
        2.7350000000         4.5750000000         3.3728077070
        2.7400000000         4.5750000000         3.4632799684
        2.7450000000         4.5750000000         3.5486552009
        2.7500000000         4.5750000000         3.6340304334
        2.7550000000         4.5750000000         3.7219541804
        2.7600000000         4.5750000000         3.8060551557
        2.7650000000         4.5750000000         3.9003501887
        2.7700000000         4.5750000000         3.9857254212
        2.7750000000         4.5750000000         4.0736491682
        2.7800000000         4.5750000000         4.1602986579
        2.7850000000         4.5750000000         4.2456738905
        2.7900000000         4.5750000000         4.3386946662
        2.7950000000         4.5750000000         4.4253441560
        2.8000000000         4.5750000000         4.5170906745
        2.8050000000         4.5750000000         4.6062886786
        2.8100000000         4.5750000000         4.6980351972
        2.8150000000         4.5750000000         4.7859589441
        2.8200000000         4.5750000000         4.8777054627
        2.8250000000         4.5750000000         4.9720004957
        2.8300000000         4.5750000000         5.0599242426
        2.8350000000         4.5750000000         5.0688440430
        2.8400000000         4.5750000000         1.1033556301
        2.8450000000         4.5750000000        -0.0001511069
        2.8500000000         4.5750000000         0.0431736379
        2.8550000000         4.5750000000         0.1323716421
        2.8600000000         4.5750000000         0.2253924178
        2.8650000000         4.5750000000         0.3120419076
        2.8700000000         4.5750000000         0.3974171401
        2.8750000000         4.5750000000         0.4853408871
        2.8800000000         4.5750000000         0.5745388912
        2.8850000000         4.5750000000         0.6790279818
        2.8900000000         4.5750000000         0.7503863851
        2.8950000000         4.5750000000         0.8344873604
        2.9000000000         4.5750000000         0.9211368502
        2.9050000000         4.5750000000         1.0077863399
        2.9100000000         4.5750000000         1.0944358297
        2.9150000000         4.5750000000         1.1772625478
        2.9200000000         4.5750000000         1.2575407515
        2.9250000000         4.5750000000         1.3390932125
        2.9300000000         4.5750000000         1.4231941878
        2.9350000000         4.5750000000         1.5072951631
        2.9400000000         4.5750000000         1.5875733669
        2.9450000000         4.5750000000         1.6716743422
        2.9500000000         4.5750000000         1.7481297743
        2.9550000000         4.5750000000         1.8258594637
        2.9600000000         4.5750000000         1.9061376674
        2.9650000000         4.5750000000         1.9851416139
        2.9700000000         4.5750000000         2.0666940749
        2.9750000000         4.5750000000         2.1456980214
        2.9800000000         4.5750000000         2.2297989967
        2.9850000000         4.5750000000         2.3126257149
        2.9900000000         4.5750000000         2.3954524330
        2.9950000000         4.5750000000         2.4808276655
        3.0000000000         4.5750000000         2.5598316121
        3.0050000000         4.5750000000         2.6426583302
        3.0100000000         4.5750000000         2.7280335628
        3.0150000000         4.5750000000         2.8146830525
        3.0200000000         4.5750000000         2.8936869990
        3.0250000000         4.5750000000         2.9892562892
        3.0300000000         4.5750000000         3.0695344929
        3.0350000000         4.5750000000         3.1523612111
        3.0400000000         4.5750000000         3.2351879292
        3.0450000000         4.5750000000         3.3205631617
        3.0500000000         4.5750000000         3.4084869087
        3.0550000000         4.5750000000         3.4951363984
        3.0600000000         4.5750000000         3.5817858882
        3.0650000000         4.5750000000         3.6722581495
        3.0700000000         4.5750000000         3.7563591248
        3.0750000000         4.5750000000         3.8481056434
        3.0800000000         4.5750000000         3.9373036475
        3.0850000000         4.5750000000         4.0214046229
        3.0900000000         4.5750000000         4.1106026270
        3.0950000000         4.5750000000         4.1947036024
        3.1000000000         4.5750000000         4.2851758637
        3.1050000000         4.5750000000         4.3730996107
        3.1100000000         4.5750000000         4.4686689008
        3.1150000000         4.5750000000         4.5540441334
        3.1200000000         4.5750000000         4.6445163947
        3.1250000000         4.5750000000         4.7388114277
        3.1300000000         4.5750000000         4.8280094318
        3.1350000000         4.5750000000         4.9159331788
        3.1400000000         4.5750000000         5.0089539545
        3.1450000000         4.5750000000         5.0650212714
        3.1500000000         4.5750000000         1.1110011733
        3.1550000000         4.5750000000        -0.0001511069
        3.1600000000         4.5750000000         0.0049459219
        3.1650000000         4.5750000000         0.0801270968
        3.1700000000         4.5750000000         0.1680508437
        3.1750000000         4.5750000000         0.2547003335
        3.1800000000         4.5750000000         0.3413498232
        3.1850000000         4.5750000000         0.4330963418
        3.1900000000         4.5750000000         0.5235686031
        3.1950000000         4.5750000000         0.6140408645
        3.2000000000         4.5750000000         0.7032388686
        3.2050000000         4.5750000000         0.7873398440
        3.2100000000         4.5750000000         0.8701665621
        3.2150000000         4.5750000000         0.9542675374
        3.2200000000         4.5750000000         1.0409170272
        3.2250000000         4.5750000000         1.1364863173
        3.2300000000         4.5750000000         1.2193130355
        3.2350000000         4.5750000000         1.2919456960
        3.2400000000         4.5750000000         1.3798694429
        3.2450000000         4.5750000000         1.4588733895
        3.2500000000         4.5750000000         1.5391515932
        3.2550000000         4.5750000000         1.6232525685
        3.2600000000         4.5750000000         1.6984337435
        3.2650000000         4.5750000000         1.7774376900
        3.2700000000         4.5750000000         1.8589901509
        3.2750000000         4.5750000000         1.9405426119
        3.2800000000         4.5750000000         2.0220950728
        3.2850000000         4.5750000000         2.1036475337
        3.2900000000         4.5750000000         2.1801029658
        3.2950000000         4.5750000000         2.2654781984
        3.3000000000         4.5750000000         2.3444821449
        3.3050000000         4.5750000000         2.4324058919
        3.3100000000         4.5750000000         2.5139583528
        3.3150000000         4.5750000000         2.5942365565
        3.3200000000         4.5750000000         2.6808860463
        3.3250000000         4.5750000000         2.7675355360
        3.3300000000         4.5750000000         2.8490879970
        3.3350000000         4.5750000000         2.9421087727
        3.3400000000         4.5750000000         3.0185642048
        3.3450000000         4.5750000000         3.1013909230
        3.3500000000         4.5750000000         3.1893146699
        3.3550000000         4.5750000000         3.2772384169
        3.3600000000         4.5750000000         3.3549681062
        3.3650000000         4.5750000000         3.4467146247
        3.3700000000         4.5750000000         3.5282670857
        3.3750000000         4.5750000000         3.6225621186
        3.3800000000         4.5750000000         3.7079373512
        3.3850000000         4.5750000000         3.7920383265
        3.3900000000         4.5750000000         3.8837848451
        3.3950000000         4.5750000000         3.9717085920
        3.4000000000         4.5750000000         4.0609065961
        3.4050000000         4.5750000000         4.1475560859
        3.4100000000         4.5750000000         4.2342055756
        3.4150000000         4.5750000000         4.3234035798
        3.4200000000         4.5750000000         4.4113273267
        3.4250000000         4.5750000000         4.5005253309
        3.4300000000         4.5750000000         4.5897233350
        3.4350000000         4.5750000000         4.6827441108
        3.4400000000         4.5750000000         4.7770391437
        3.4450000000         4.5750000000         4.8649628907
        3.4500000000         4.5750000000         4.9554351520
        3.4550000000         4.5750000000         5.0510044422
        3.4600000000         4.5750000000         5.0650212714
        3.4650000000         4.5750000000         1.1122754305
        3.4700000000         4.5750000000        -0.0001511069
        3.4750000000         4.5750000000         0.0240597799
        3.4800000000         4.5750000000         0.1145320412
        3.4850000000         4.5750000000         0.2062785598
        3.4900000000         4.5750000000         0.3005735927
        3.4950000000         4.5750000000         0.3846745681
        3.5000000000         4.5750000000         0.4764210866
        3.5050000000         4.5750000000         0.5681676052
        3.5100000000         4.5750000000         0.6497200661
        3.5150000000         4.5750000000         0.7427408419
        3.5200000000         4.5750000000         0.8281160744
        3.5250000000         4.5750000000         0.9134913070
        3.5300000000         4.5750000000         0.9937695107
        3.5350000000         4.5750000000         1.0944358297
        3.5400000000         4.5750000000         1.1619714614
        3.5450000000         4.5750000000         1.2473466939
        3.5500000000         4.5750000000         1.3403674697
        3.5550000000         4.5750000000         1.4206456734
        3.5600000000         4.5750000000         1.4971011055
        3.5650000000         4.5750000000         1.5799278237
        3.5700000000         4.5750000000         1.6640287990
        3.5750000000         4.5750000000         1.7392099739
        3.5800000000         4.5750000000         1.8220366921
        3.5850000000         4.5750000000         1.8984921242
        3.5900000000         4.5750000000         1.9813188423
        3.5950000000         4.5750000000         2.0666940749
        3.6000000000         4.5750000000         2.1456980214
        3.6050000000         4.5750000000         2.2272504823
        3.6100000000         4.5750000000         2.3075286861
        3.6150000000         4.5750000000         2.3916296614
        3.6200000000         4.5750000000         2.4770048939
        3.6250000000         4.5750000000         2.5598316121
        3.6300000000         4.5750000000         2.6426583302
        3.6350000000         4.5750000000         2.7280335628
        3.6400000000         4.5750000000         2.8083117665
        3.6450000000         4.5750000000         2.8962355134
        3.6500000000         4.5750000000         2.9484800587
        3.6550000000         4.5750000000         3.0631632069
        3.6600000000         4.5750000000         3.1434414106
        3.6650000000         4.5750000000         3.2339136720
        3.6700000000         4.5750000000         3.3154661329
        3.6750000000         4.5750000000         3.4110354231
        3.6800000000         4.5750000000         3.4925878840
        3.6850000000         4.5750000000         3.5843344026
        3.6900000000         4.5750000000         3.6697096351
        3.6950000000         4.5750000000         3.7538106104
        3.7000000000         4.5750000000         3.8404601002
        3.7050000000         4.5750000000         3.9309323615
        3.7100000000         4.5750000000         4.0201303657
        3.7150000000         4.5750000000         4.1067798554
        3.7200000000         4.5750000000         4.1959778596
        3.7250000000         4.5750000000         4.2864501209
        3.7300000000         4.5750000000         4.3680025819
        3.7350000000         4.5750000000         4.4597491004
        3.7400000000         4.5750000000         4.5553183906
        3.7450000000         4.5750000000         4.6432421375
        3.7500000000         4.5750000000         4.7311658845
        3.7550000000         4.5750000000         4.8229124030
        3.7600000000         4.5750000000         4.9159331788
        3.7650000000         4.5750000000         5.0102282117
        3.7700000000         4.5750000000         5.0662955286
        3.7750000000         4.5750000000         1.1046298873
        3.7800000000         4.5750000000        -0.0001511069
        3.7850000000         4.5750000000         0.0011231503
        3.7900000000         4.5750000000         0.0750300680
        3.7950000000         4.5750000000         0.1616795577
        3.8000000000         4.5750000000         0.2572488479
        3.8050000000         4.5750000000         0.3477211092
        3.8100000000         4.5750000000         0.4318220846
        3.8150000000         4.5750000000         0.5210200887
        3.8200000000         4.5750000000         0.6114923501
        3.8250000000         4.5750000000         0.7006903542
        3.8300000000         4.5750000000         0.7886141012
        3.8350000000         4.5750000000         0.8714408193
        3.8400000000         4.5750000000         0.9568160518
        3.8450000000         4.5750000000         1.0447397988
        3.8500000000         4.5750000000         1.1275665169
        3.8550000000         4.5750000000         1.2103932350
        3.8600000000         4.5750000000         1.2893971816
        3.8650000000         4.5750000000         1.3734981569
        3.8700000000         4.5750000000         1.4588733895
        3.8750000000         4.5750000000         1.5378773360
        3.8800000000         4.5750000000         1.6219783113
        3.8850000000         4.5750000000         1.7048050295
        3.8900000000         4.5750000000         1.7787119472
        3.8950000000         4.5750000000         1.8602644081
        3.9000000000         4.5750000000         1.9392683547
        3.9050000000         4.5750000000         2.0233693300
        3.9100000000         4.5750000000         2.0998247621
        3.9150000000         4.5750000000         2.1826514803
        3.9200000000         4.5750000000         2.2680267128
        3.9250000000         4.5750000000         2.3495791737
        3.9300000000         4.5750000000         2.4311316347
        3.9350000000         4.5750000000         2.5139583528
        3.9400000000         4.5750000000         2.5955108137
        3.9450000000         4.5750000000         2.6808860463
        3.9500000000         4.5750000000         2.7637127644
        3.9550000000         4.5750000000         2.8478137397
        3.9600000000         4.5750000000         2.9306404579
        3.9650000000         4.5750000000         3.0185642048
        3.9700000000         4.5750000000         3.1090364662
        3.9750000000         4.5750000000         3.1905889271
        3.9800000000         4.5750000000         3.2772384169
        3.9850000000         4.5750000000         3.3638879066
        3.9900000000         4.5750000000         3.4467146247
        3.9950000000         4.5750000000         3.5346383717
        4.0000000000         4.5750000000         3.6263848902
        4.0050000000         4.5750000000         3.7143086372
        4.0100000000         4.5750000000         3.7984096125
        4.0150000000         4.5750000000         3.8825105879
        4.0200000000         4.5750000000         3.9678858204
        4.0250000000         4.5750000000         4.0583580817
        4.0300000000         4.5750000000         4.1488303431
        4.0350000000         4.5750000000         4.2393026044
        4.0400000000         4.5750000000         4.3246778370
        4.0450000000         4.5750000000         4.4151500983
        4.0500000000         4.5750000000         4.5005253309
        4.0550000000         4.5750000000         4.5948203638
        4.0600000000         4.5750000000         4.6878411396
        4.0650000000         4.5750000000         4.7757648865
        4.0700000000         4.5750000000         4.8700599195
        4.0750000000         4.5750000000         4.9592579236
        4.0800000000         4.5750000000         5.0548272138
        4.0850000000         4.5750000000         5.0662955286
        4.0900000000         4.5750000000         1.1110011733
        4.0950000000         4.5750000000        -0.0001511069
        4.1000000000         4.5750000000         0.0304310659
        4.1050000000         4.5750000000         0.1221775845
        4.1100000000         4.5750000000         0.2151983602
        4.1150000000         4.5750000000         0.2992993355
        4.1200000000         4.5750000000         0.3910458541
        4.1250000000         4.5750000000         0.4776953438
        4.1300000000         4.5750000000         0.5630705764
        4.1350000000         4.5750000000         0.6497200661
        4.1400000000         4.5750000000         0.7401923275
        4.1450000000         4.5750000000         0.8281160744
        4.1500000000         4.5750000000         0.9134913070
        4.1550000000         4.5750000000         1.0026893111
        4.1600000000         4.5750000000         1.0855160292
        4.1650000000         4.5750000000         1.1645199758
        4.1700000000         4.5750000000         1.2524437227
        4.1750000000         4.5750000000         1.3365446981
        4.1800000000         4.5750000000         1.4206456734
        4.1850000000         4.5750000000         1.4983753627
        4.1900000000         4.5750000000         1.5773793093
        4.1950000000         4.5750000000         1.6665773134
        4.2000000000         4.5750000000         1.7430327455
        4.2050000000         4.5750000000         1.8194881777
        4.2100000000         4.5750000000         1.8984921242
        4.2150000000         4.5750000000         1.9813188423
        4.2200000000         4.5750000000         2.0679683321
        4.2250000000         4.5750000000         2.1495207930
        4.2300000000         4.5750000000         2.2221534535
        4.2350000000         4.5750000000         2.3062544289
        4.2400000000         4.5750000000         2.3916296614
        4.2450000000         4.5750000000         2.4731821223
        4.2500000000         4.5750000000         2.5585573549
        4.2550000000         4.5750000000         2.6401098158
        4.2600000000         4.5750000000         2.7242107911
        4.2650000000         4.5750000000         2.8146830525
        4.2700000000         4.5750000000         2.8975097706
        4.2750000000         4.5750000000         2.9790622316
        4.2800000000         4.5750000000         3.0682602357
        4.2850000000         4.5750000000         3.1510869538
        4.2900000000         4.5750000000         3.2402849580
        4.2950000000         4.5750000000         3.3256601905
        4.3000000000         4.5750000000         3.4123096803
        4.3050000000         4.5750000000         3.4951363984
        4.3100000000         4.5750000000         3.5868829170
        4.3150000000         4.5750000000         3.6735324067
        4.3200000000         4.5750000000         3.7589076393
        4.3250000000         4.5750000000         3.8430086146
        4.3300000000         4.5750000000         3.9322066187
        4.3350000000         4.5750000000         4.0214046229
        4.3400000000         4.5750000000         4.1093283698
        4.3450000000         4.5750000000         4.2010748884
        4.3500000000         4.5750000000         4.2839016065
        4.3550000000         4.5750000000         4.3705510963
        4.3600000000         4.5750000000         4.4597491004
        4.3650000000         4.5750000000         4.5502213618
        4.3700000000         4.5750000000         4.6419678803
        4.3750000000         4.5750000000         4.7349886561
        4.3800000000         4.5750000000         4.8280094318
        4.3850000000         4.5750000000         4.9184816932
        4.3900000000         4.5750000000         5.0140509833
        4.3950000000         4.5750000000         5.0675697858
        4.4000000000         4.5750000000         1.1033556301
        4.4050000000         4.5750000000        -0.0014253642
        4.4100000000         4.5750000000         0.0023974075
        4.4150000000         4.5750000000         0.0750300680
        4.4200000000         4.5750000000         0.1655023293
        4.4250000000         4.5750000000         0.2572488479
        4.4300000000         4.5750000000         0.3426240804
        4.4350000000         4.5750000000         0.4318220846
        4.4400000000         4.5750000000         0.5210200887
        4.4450000000         4.5750000000         0.6089438357
        4.4500000000         4.5750000000         0.6968675826
        4.4550000000         4.5750000000         0.7809685579
        4.4600000000         4.5750000000         0.8688923049
        4.4650000000         4.5750000000         0.9555417946
        4.4700000000         4.5750000000         1.0421912844
        4.4750000000         4.5750000000         1.1288407741
        4.4800000000         4.5750000000         1.2065704634
        4.4850000000         4.5750000000         1.2919456960
        4.4900000000         4.5750000000         1.3760466713
        4.4950000000         4.5750000000         1.4614219039
        4.5000000000         4.5750000000         1.5404258504
        4.5050000000         4.5750000000         1.6232525685
        4.5100000000         4.5750000000         1.7035307723
        4.5150000000         4.5750000000         1.7838089760
        4.5200000000         4.5750000000         1.8602644081
        4.5250000000         4.5750000000         1.9405426119
        4.5300000000         4.5750000000         2.0182723012
        4.5350000000         4.5750000000         2.0972762477
        4.5400000000         4.5750000000         2.1801029658
        4.5450000000         4.5750000000         2.2642039412
        4.5500000000         4.5750000000         2.3495791737
        4.5550000000         4.5750000000         2.4298573775
        4.5600000000         4.5750000000         2.5190553816
        4.5650000000         4.5750000000         2.5904137849
        4.5700000000         4.5750000000         2.6770632747
        4.5750000000         4.5750000000         2.7624385072
        4.5800000000         4.5750000000         2.8490879970
        4.5850000000         4.5750000000         2.9344632295
        4.5900000000         4.5750000000         3.0223869764
        4.5950000000         4.5750000000         3.0988424086
        4.6000000000         4.5750000000         3.1829433839
        4.6050000000         4.5750000000         3.2734156453
        4.6100000000         4.5750000000         3.3587908778
        4.6150000000         4.5750000000         3.4467146247
        4.6200000000         4.5750000000         3.5295413429
        4.6250000000         4.5750000000         3.6187393470
        4.6300000000         4.5750000000         3.7066630940
        4.6350000000         4.5750000000         3.7933125837
        4.6400000000         4.5750000000         3.8774135590
        4.6450000000         4.5750000000         3.9640630488
        4.6500000000         4.5750000000         4.0519867957
        4.6550000000         4.5750000000         4.1462818287
        4.6600000000         4.5750000000         4.2342055756
        4.6650000000         4.5750000000         4.3183065510
        4.6700000000         4.5750000000         4.4062302979
        4.6750000000         4.5750000000         4.4928797877
        4.6800000000         4.5750000000         4.5859005634
        4.6850000000         4.5750000000         4.6700015388
        4.6900000000         4.5750000000         4.7681193433
        4.6950000000         4.5750000000         4.8611401191
        4.7000000000         4.5750000000         4.9490638660
        4.7050000000         4.5750000000         5.0446331562
        4.7100000000         4.5750000000         5.0675697858
        4.7150000000         4.5750000000         1.1046298873
        4.7200000000         4.5750000000        -0.0001511069
        4.7250000000         4.5750000000         0.0151399795
        4.7300000000         4.5750000000         0.1056122408
        4.7350000000         4.5750000000         0.1960845022
        4.7400000000         4.5750000000         0.2789112203
        4.7450000000         4.5750000000         0.3706577389
        4.7500000000         4.5750000000         0.4611300002
        4.7550000000         4.5750000000         0.5477794900
        4.7600000000         4.5750000000         0.6357032369
        4.7650000000         4.5750000000         0.7249012410
        4.7700000000         4.5750000000         0.8090022164
        4.7750000000         4.5750000000         0.8956517061
        4.7800000000         4.5750000000         0.9835754531
        4.7850000000         4.5750000000         1.0676764284
        4.7900000000         4.5750000000         1.1517774038
        4.7950000000         4.5750000000         1.2333298647
        4.8000000000         4.5750000000         1.3161565828
        4.8050000000         4.5750000000         1.3989833010
        4.8100000000         4.5750000000         1.4805357619
        4.8150000000         4.5750000000         1.5633624800
        4.8200000000         4.5750000000         1.6461891982
        4.8250000000         4.5750000000         1.7290159163
        4.8300000000         4.5750000000         1.8003743196
        4.8350000000         4.5750000000         1.8844752950
        4.8400000000         4.5750000000         1.9647534987
        4.8450000000         4.5750000000         2.0424831880
        4.8500000000         4.5750000000         2.1240356490
        4.8550000000         4.5750000000         2.2068623671
        4.8600000000         4.5750000000         2.2871405708
        4.8650000000         4.5750000000         2.3737900606
        4.8700000000         4.5750000000         2.4527940071
        4.8750000000         4.5750000000         2.5381692396
        4.8800000000         4.5750000000         2.6260929866
        4.8850000000         4.5750000000         2.7076454475
        4.8900000000         4.5750000000         2.7891979085
        4.8950000000         4.5750000000         2.8707503694
        4.9000000000         4.5750000000         2.9624968879
        4.9050000000         4.5750000000         3.0440493489
        4.9100000000         4.5750000000         3.1281503242
        4.9150000000         4.5750000000         3.2160740712
        4.9200000000         4.5750000000         3.2963522749
