        0.0000000000         4.6750000000         0.1005152120
        0.0050000000         4.6750000000         0.0966924404
        0.0100000000         4.6750000000         0.0966924404
        0.0150000000         4.6750000000         0.1094350124
        0.0200000000         4.6750000000         0.1323716421
        0.0250000000         4.6750000000         0.1629538149
        0.0300000000         4.6750000000         0.2011815310
        0.0350000000         4.6750000000         0.2470547903
        0.0400000000         4.6750000000         0.2980250783
        0.0450000000         4.6750000000         0.3540923952
        0.0500000000         4.6750000000         0.4139824837
        0.0550000000         4.6750000000         0.4776953438
        0.0600000000         4.6750000000         0.5414082039
        0.0650000000         4.6750000000         0.6153151217
        0.0700000000         4.6750000000         0.6866735250
        0.0750000000         4.6750000000         0.7554834139
        0.0800000000         4.6750000000         0.8281160744
        0.0850000000         4.6750000000         0.9109427926
        0.0900000000         4.6750000000         0.9784784243
        0.0950000000         4.6750000000         1.0549338564
        0.1000000000         4.6750000000         1.1313892885
        0.1050000000         4.6750000000         1.2040219490
        0.1100000000         4.6750000000         1.2779288668
        0.1150000000         4.6750000000         1.3620298421
        0.1200000000         4.6750000000         1.4333882454
        0.1250000000         4.6750000000         1.5213119924
        0.1300000000         4.6750000000         1.5888476241
        0.1350000000         4.6750000000         1.6653030562
        0.1400000000         4.6750000000         1.7379357167
        0.1450000000         4.6750000000         1.8131168916
        0.1500000000         4.6750000000         1.8895723238
        0.1550000000         4.6750000000         1.9673020131
        0.1600000000         4.6750000000         2.0463059596
        0.1650000000         4.6750000000         2.1240356490
        0.1700000000         4.6750000000         2.2030395955
        0.1750000000         4.6750000000         2.2871405708
        0.1800000000         4.6750000000         2.3623217457
        0.1850000000         4.6750000000         2.4451484639
        0.1900000000         4.6750000000         2.5279751820
        0.1950000000         4.6750000000         2.6082533858
        0.2000000000         4.6750000000         2.6898058467
        0.2050000000         4.6750000000         2.7777295936
        0.2100000000         4.6750000000         2.8529107686
        0.2150000000         4.6750000000         2.9395602583
        0.2200000000         4.6750000000         3.0211127192
        0.2250000000         4.6750000000         3.1077622090
        0.2300000000         4.6750000000         3.1918631843
        0.2350000000         4.6750000000         3.2785126741
        0.2400000000         4.6750000000         3.3587908778
        0.2450000000         4.6750000000         3.4518116535
        0.2500000000         4.6750000000         3.5410096577
        0.2550000000         4.6750000000         3.6212878614
        0.2600000000         4.6750000000         3.7092116084
        0.2650000000         4.6750000000         3.8035066413
        0.2700000000         4.6750000000         3.8812363307
        0.2750000000         4.6750000000         3.9729828492
        0.2800000000         4.6750000000         4.0609065961
        0.2850000000         4.6750000000         4.1462818287
        0.2900000000         4.6750000000         4.2367540900
        0.2950000000         4.6750000000         4.3221293226
        0.3000000000         4.6750000000         4.4151500983
        0.3050000000         4.6750000000         4.5030738453
        0.3100000000         4.6750000000         4.5909975922
        0.3150000000         4.6750000000         4.6814698536
        0.3200000000         4.6750000000         4.7770391437
        0.3250000000         4.6750000000         4.8713341767
        0.3300000000         4.6750000000         4.9567094092
        0.3350000000         4.6750000000         5.0522786994
        0.3400000000         4.6750000000         5.0662955286
        0.3450000000         4.6750000000         1.1059041445
        0.3500000000         4.6750000000         0.0023974075
        0.3550000000         4.6750000000         0.0342538375
        0.3600000000         4.6750000000         0.1234518417
        0.3650000000         4.6750000000         0.2164726174
        0.3700000000         4.6750000000         0.3043963644
        0.3750000000         4.6750000000         0.3986913973
        0.3800000000         4.6750000000         0.4878894015
        0.3850000000         4.6750000000         0.5745388912
        0.3900000000         4.6750000000         0.6662854098
        0.3950000000         4.6750000000         0.7478378707
        0.4000000000         4.6750000000         0.8357616176
        0.4050000000         4.6750000000         0.9326051650
        0.4100000000         4.6750000000         1.0103348543
        0.4150000000         4.6750000000         1.0893388008
        0.4200000000         4.6750000000         1.1759882906
        0.4250000000         4.6750000000         1.2613635231
        0.4300000000         4.6750000000         1.3480130129
        0.4350000000         4.6750000000         1.4359367598
        0.4400000000         4.6750000000         1.5162149636
        0.4450000000         4.6750000000         1.5926703957
        0.4500000000         4.6750000000         1.6754971138
        0.4550000000         4.6750000000         1.7557753175
        0.4600000000         4.6750000000         1.8373277785
        0.4650000000         4.6750000000         1.9214287538
        0.4700000000         4.6750000000         1.9953356715
        0.4750000000         4.6750000000         2.0819851613
        0.4800000000         4.6750000000         2.1648118794
        0.4850000000         4.6750000000         2.2450900832
        0.4900000000         4.6750000000         2.3279168013
        0.4950000000         4.6750000000         2.4145662910
        0.5000000000         4.6750000000         2.4910217232
        0.5050000000         4.6750000000         2.5763969557
        0.5100000000         4.6750000000         2.6630464454
        0.5150000000         4.6750000000         2.7445989064
        0.5200000000         4.6750000000         2.8350711677
        0.5250000000         4.6750000000         2.9166236287
        0.5300000000         4.6750000000         2.9994503468
        0.5350000000         4.6750000000         3.0886483509
        0.5400000000         4.6750000000         3.1714750691
        0.5450000000         4.6750000000         3.2593988160
        0.5500000000         4.6750000000         3.3434997914
        0.5550000000         4.6750000000         3.4365205671
        0.5600000000         4.6750000000         3.5218957997
        0.5650000000         4.6750000000         3.6123680610
        0.5700000000         4.6750000000         3.7015660652
        0.5750000000         4.6750000000         3.7856670405
        0.5800000000         4.6750000000         3.8761393018
        0.5850000000         4.6750000000         3.9653373060
        0.5900000000         4.6750000000         4.0558095673
        0.5950000000         4.6750000000         4.1437333143
        0.6000000000         4.6750000000         4.2316570612
        0.6050000000         4.6750000000         4.3221293226
        0.6100000000         4.6750000000         4.4087788123
        0.6150000000         4.6750000000         4.4979768165
        0.6200000000         4.6750000000         4.5922718494
        0.6250000000         4.6750000000         4.6827441108
        0.6300000000         4.6750000000         4.7744906293
        0.6350000000         4.6750000000         4.8713341767
        0.6400000000         4.6750000000         4.9567094092
        0.6450000000         4.6750000000         5.0573757282
        0.6500000000         4.6750000000         5.0624727570
        0.6550000000         4.6750000000         1.1339378029
        0.6600000000         4.6750000000        -0.0001511069
        0.6650000000         4.6750000000         0.0304310659
        0.6700000000         4.6750000000         0.1260003561
        0.6750000000         4.6750000000         0.2215696462
        0.6800000000         4.6750000000         0.3043963644
        0.6850000000         4.6750000000         0.3999656545
        0.6900000000         4.6750000000         0.4866151443
        0.6950000000         4.6750000000         0.5745388912
        0.7000000000         4.6750000000         0.6650111525
        0.7050000000         4.6750000000         0.7542091567
        0.7100000000         4.6750000000         0.8421329036
        0.7150000000         4.6750000000         0.9224111074
        0.7200000000         4.6750000000         1.0090605971
        0.7250000000         4.6750000000         1.0995328585
        0.7300000000         4.6750000000         1.1823595766
        0.7350000000         4.6750000000         1.2664605519
        0.7400000000         4.6750000000         1.3505615273
        0.7450000000         4.6750000000         1.4384852742
        0.7500000000         4.6750000000         1.5200377352
        0.7550000000         4.6750000000         1.6003159389
        0.7600000000         4.6750000000         1.6793198854
        0.7650000000         4.6750000000         1.7608723464
        0.7700000000         4.6750000000         1.8462475789
        0.7750000000         4.6750000000         1.9265257826
        0.7800000000         4.6750000000         2.0068039864
        0.7850000000         4.6750000000         2.0896307045
        0.7900000000         4.6750000000         2.1699089082
        0.7950000000         4.6750000000         2.2527356264
        0.8000000000         4.6750000000         2.3381108589
        0.8050000000         4.6750000000         2.4209375770
        0.8100000000         4.6750000000         2.4986672664
        0.8150000000         4.6750000000         2.5891395277
        0.8200000000         4.6750000000         2.6719662459
        0.8250000000         4.6750000000         2.7547929640
        0.8300000000         4.6750000000         2.8427167109
        0.8350000000         4.6750000000         2.9293662007
        0.8400000000         4.6750000000         3.0147414332
        0.8450000000         4.6750000000         3.1013909230
        0.8500000000         4.6750000000         3.1905889271
        0.8550000000         4.6750000000         3.2708671308
        0.8600000000         4.6750000000         3.3626136494
        0.8650000000         4.6750000000         3.4518116535
        0.8700000000         4.6750000000         3.5397354005
        0.8750000000         4.6750000000         3.6276591474
        0.8800000000         4.6750000000         3.7155828944
        0.8850000000         4.6750000000         3.8022323841
        0.8900000000         4.6750000000         3.8901561311
        0.8950000000         4.6750000000         3.9819026496
        0.9000000000         4.6750000000         4.0685521394
        0.9050000000         4.6750000000         4.1552016291
        0.9100000000         4.6750000000         4.2469481477
        0.9150000000         4.6750000000         4.3412431806
        0.9200000000         4.6750000000         4.4266184132
        0.9250000000         4.6750000000         4.5196391889
        0.9300000000         4.6750000000         4.6101114503
        0.9350000000         4.6750000000         4.7018579688
        0.9400000000         4.6750000000         4.8012500306
        0.9450000000         4.6750000000         4.8929965491
        0.9500000000         4.6750000000         4.9860173249
        0.9550000000         4.6750000000         5.0650212714
        0.9600000000         4.6750000000         5.0637470142
        0.9650000000         4.6750000000        -0.0026996214
        0.9700000000         4.6750000000         0.0049459219
        0.9750000000         4.6750000000         0.0635617532
        0.9800000000         4.6750000000         0.1565825289
        0.9850000000         4.6750000000         0.2457805331
        0.9900000000         4.6750000000         0.3362527944
        0.9950000000         4.6750000000         0.4267250558
        1.0000000000         4.6750000000         0.5171973171
        1.0050000000         4.6750000000         0.6025725496
        1.0100000000         4.6750000000         0.6955933254
        1.0150000000         4.6750000000         0.7835170723
        1.0200000000         4.6750000000         0.8676180477
        1.0250000000         4.6750000000         0.9606388234
        1.0300000000         4.6750000000         1.0434655416
        1.0350000000         4.6750000000         1.1288407741
        1.0400000000         4.6750000000         1.2193130355
        1.0450000000         4.6750000000         1.2983169820
        1.0500000000         4.6750000000         1.3849664717
        1.0550000000         4.6750000000         1.4614219039
        1.0600000000         4.6750000000         1.5493456508
        1.0650000000         4.6750000000         1.6308981117
        1.0700000000         4.6750000000         1.7099020583
        1.0750000000         4.6750000000         1.7927287764
        1.0800000000         4.6750000000         1.8755554945
        1.0850000000         4.6750000000         1.9583822127
        1.0900000000         4.6750000000         2.0399346736
        1.0950000000         4.6750000000         2.1227613918
        1.1000000000         4.6750000000         2.2030395955
        1.1050000000         4.6750000000         2.2871405708
        1.1100000000         4.6750000000         2.3725158034
        1.1150000000         4.6750000000         2.4540682643
        1.1200000000         4.6750000000         2.5356207252
        1.1250000000         4.6750000000         2.6197217006
        1.1300000000         4.6750000000         2.7101939619
        1.1350000000         4.6750000000         2.7955691945
        1.1400000000         4.6750000000         2.8834929414
        1.1450000000         4.6750000000         2.9675939167
        1.1500000000         4.6750000000         3.0504206349
        1.1550000000         4.6750000000         3.1396186390
        1.1600000000         4.6750000000         3.2249938716
        1.1650000000         4.6750000000         3.3129176185
        1.1700000000         4.6750000000         3.4021156227
        1.1750000000         4.6750000000         3.4900393696
        1.1800000000         4.6750000000         3.5754146021
        1.1850000000         4.6750000000         3.6658868635
        1.1900000000         4.6750000000         3.7538106104
        1.1950000000         4.6750000000         3.8417343574
        1.2000000000         4.6750000000         3.9360293903
        1.2050000000         4.6750000000         4.0188561085
        1.2100000000         4.6750000000         4.1093283698
        1.2150000000         4.6750000000         4.2048976600
        1.2200000000         4.6750000000         4.2940956641
        1.2250000000         4.6750000000         4.3781966395
        1.2300000000         4.6750000000         4.4750401868
        1.2350000000         4.6750000000         4.5667867054
        1.2400000000         4.6750000000         4.6572589667
        1.2450000000         4.6750000000         4.7541025141
        1.2500000000         4.6750000000         4.8433005182
        1.2550000000         4.6750000000         4.9375955512
        1.2600000000         4.6750000000         5.0331648414
        1.2650000000         4.6750000000         5.0662955286
        1.2700000000         4.6750000000         1.1122754305
        1.2750000000         4.6750000000         0.0023974075
        1.2800000000         4.6750000000         0.0189627511
        1.2850000000         4.6750000000         0.1094350124
        1.2900000000         4.6750000000         0.1999072738
        1.2950000000         4.6750000000         0.2903795351
        1.3000000000         4.6750000000         0.3783032821
        1.3050000000         4.6750000000         0.4725983150
        1.3100000000         4.6750000000         0.5630705764
        1.3150000000         4.6750000000         0.6535428377
        1.3200000000         4.6750000000         0.7414665847
        1.3250000000         4.6750000000         0.8281160744
        1.3300000000         4.6750000000         0.9173140786
        1.3350000000         4.6750000000         1.0014150539
        1.3400000000         4.6750000000         1.0855160292
        1.3450000000         4.6750000000         1.1759882906
        1.3500000000         4.6750000000         1.2613635231
        1.3550000000         4.6750000000         1.3403674697
        1.3600000000         4.6750000000         1.4308397310
        1.3650000000         4.6750000000         1.5123921919
        1.3700000000         4.6750000000         1.5913961385
        1.3750000000         4.6750000000         1.6793198854
        1.3800000000         4.6750000000         1.7570495747
        1.3850000000         4.6750000000         1.8386020357
        1.3900000000         4.6750000000         1.9188802394
        1.3950000000         4.6750000000         2.0055297292
        1.4000000000         4.6750000000         2.0819851613
        1.4050000000         4.6750000000         2.1622633650
        1.4100000000         4.6750000000         2.2476385976
        1.4150000000         4.6750000000         2.3330138301
        1.4200000000         4.6750000000         2.4145662910
        1.4250000000         4.6750000000         2.4973930092
        1.4300000000         4.6750000000         2.5878652705
        1.4350000000         4.6750000000         2.6808860463
        1.4400000000         4.6750000000         2.7535187068
        1.4450000000         4.6750000000         2.8401681965
        1.4500000000         4.6750000000         2.9344632295
        1.4550000000         4.6750000000         3.0121929188
        1.4600000000         4.6750000000         3.0975681514
        1.4650000000         4.6750000000         3.1905889271
        1.4700000000         4.6750000000         3.2746899025
        1.4750000000         4.6750000000         3.3524195918
        1.4800000000         4.6750000000         3.4416175959
        1.4850000000         4.6750000000         3.5346383717
        1.4900000000         4.6750000000         3.6225621186
        1.4950000000         4.6750000000         3.7079373512
        1.5000000000         4.6750000000         3.7971353553
        1.5050000000         4.6750000000         3.8888818739
        1.5100000000         4.6750000000         3.9780798780
        1.5150000000         4.6750000000         4.0660036250
        1.5200000000         4.6750000000         4.1602986579
        1.5250000000         4.6750000000         4.2456738905
        1.5300000000         4.6750000000         4.3374204090
        1.5350000000         4.6750000000         4.4266184132
        1.5400000000         4.6750000000         4.5170906745
        1.5450000000         4.6750000000         4.6062886786
        1.5500000000         4.6750000000         4.7044064832
        1.5550000000         4.6750000000         4.7987015162
        1.5600000000         4.6750000000         4.8904480347
        1.5650000000         4.6750000000         4.9847430677
        1.5700000000         4.6750000000         5.0650212714
        1.5750000000         4.6750000000         5.0637470142
        1.5800000000         4.6750000000         0.0011231503
        1.5850000000         4.6750000000         0.0011231503
        1.5900000000         4.6750000000         0.0597389816
        1.5950000000         4.6750000000         0.1502112429
        1.6000000000         4.6750000000         0.2406835042
        1.6050000000         4.6750000000         0.3349785372
        1.6100000000         4.6750000000         0.4203537697
        1.6150000000         4.6750000000         0.5121002883
        1.6200000000         4.6750000000         0.6051210640
        1.6250000000         4.6750000000         0.6943190682
        1.6300000000         4.6750000000         0.7822428151
        1.6350000000         4.6750000000         0.8714408193
        1.6400000000         4.6750000000         0.9555417946
        1.6450000000         4.6750000000         1.0447397988
        1.6500000000         4.6750000000         1.1262922597
        1.6550000000         4.6750000000         1.2154902639
        1.6600000000         4.6750000000         1.2983169820
        1.6650000000         4.6750000000         1.3798694429
        1.6700000000         4.6750000000         1.4665189327
        1.6750000000         4.6750000000         1.5506199080
        1.6800000000         4.6750000000         1.6296238545
        1.6850000000         4.6750000000         1.7175476015
        1.6900000000         4.6750000000         1.8080198628
        1.6950000000         4.6750000000         1.8768297517
        1.7000000000         4.6750000000         1.9583822127
        1.7050000000         4.6750000000         2.0450317024
        1.7100000000         4.6750000000         2.1240356490
        1.7150000000         4.6750000000         2.2043138527
        1.7200000000         4.6750000000         2.2935118568
        1.7250000000         4.6750000000         2.3763385750
        1.7300000000         4.6750000000         2.4515197499
        1.7350000000         4.6750000000         2.5381692396
        1.7400000000         4.6750000000         2.6273672438
        1.7450000000         4.6750000000         2.7127424763
        1.7500000000         4.6750000000         2.8006662233
        1.7550000000         4.6750000000         2.8822186842
        1.7600000000         4.6750000000         2.9714166884
        1.7650000000         4.6750000000         3.0580661781
        1.7700000000         4.6750000000         3.1472641822
        1.7750000000         4.6750000000         3.2249938716
        1.7800000000         4.6750000000         3.3167403901
        1.7850000000         4.6750000000         3.4072126515
        1.7900000000         4.6750000000         3.4951363984
        1.7950000000         4.6750000000         3.5817858882
        1.8000000000         4.6750000000         3.6658868635
        1.8050000000         4.6750000000         3.7640046681
        1.8100000000         4.6750000000         3.8506541578
        1.8150000000         4.6750000000         3.9360293903
        1.8200000000         4.6750000000         4.0252273945
        1.8250000000         4.6750000000         4.1207966846
        1.8300000000         4.6750000000         4.2087204316
        1.8350000000         4.6750000000         4.2966441785
        1.8400000000         4.6750000000         4.3896649543
        1.8450000000         4.6750000000         4.4788629584
        1.8500000000         4.6750000000         4.5731579914
        1.8550000000         4.6750000000         4.6649045099
        1.8600000000         4.6750000000         4.7591995429
        1.8650000000         4.6750000000         4.8573173475
        1.8700000000         4.6750000000         4.9426925800
        1.8750000000         4.6750000000         5.0408103846
        1.8800000000         4.6750000000         5.0675697858
        1.8850000000         4.6750000000         1.1097269161
        1.8900000000         4.6750000000        -0.0026996214
        1.8950000000         4.6750000000         0.0215112655
        1.9000000000         4.6750000000         0.1145320412
        1.9050000000         4.6750000000         0.2050043026
        1.9100000000         4.6750000000         0.3018478499
        1.9150000000         4.6750000000         0.3897715969
        1.9200000000         4.6750000000         0.4776953438
        1.9250000000         4.6750000000         0.5668933480
        1.9300000000         4.6750000000         0.6611883809
        1.9350000000         4.6750000000         0.7503863851
        1.9400000000         4.6750000000         0.8408586464
        1.9450000000         4.6750000000         0.9236853646
        1.9500000000         4.6750000000         1.0116091115
        1.9550000000         4.6750000000         1.0969843441
        1.9600000000         4.6750000000         1.1836338338
        1.9650000000         4.6750000000         1.2702833235
        1.9700000000         4.6750000000         1.3518357845
        1.9750000000         4.6750000000         1.4372110170
        1.9800000000         4.6750000000         1.5225862496
        1.9850000000         4.6750000000         1.5990416817
        1.9900000000         4.6750000000         1.6831426570
        1.9950000000         4.6750000000         1.7672436324
        2.0000000000         4.6750000000         1.8462475789
        2.0050000000         4.6750000000         1.9303485542
        2.0100000000         4.6750000000         2.0131752724
        2.0150000000         4.6750000000         2.0909049617
        2.0200000000         4.6750000000         2.1750059370
        2.0250000000         4.6750000000         2.2578326552
        2.0300000000         4.6750000000         2.3432078877
        2.0350000000         4.6750000000         2.4234860914
        2.0400000000         4.6750000000         2.5152326100
        2.0450000000         4.6750000000         2.5942365565
        2.0500000000         4.6750000000         2.6808860463
        2.0550000000         4.6750000000         2.7649870216
        2.0600000000         4.6750000000         2.8580077974
        2.0650000000         4.6750000000         2.9370117439
        2.0700000000         4.6750000000         3.0236612336
        2.0750000000         4.6750000000         3.1141334950
        2.0800000000         4.6750000000         3.1995087275
        2.0850000000         4.6750000000         3.2848839601
        2.0900000000         4.6750000000         3.3702591926
        2.0950000000         4.6750000000         3.4658284828
        2.1000000000         4.6750000000         3.5524779725
        2.1050000000         4.6750000000         3.6340304334
        2.1100000000         4.6750000000         3.7295997236
        2.1150000000         4.6750000000         3.8149749561
        2.1200000000         4.6750000000         3.9079957319
        2.1250000000         4.6750000000         3.9959194788
        2.1300000000         4.6750000000         4.0902145118
        2.1350000000         4.6750000000         4.1730412299
        2.1400000000         4.6750000000         4.2686105201
        2.1450000000         4.6750000000         4.3603570386
        2.1500000000         4.6750000000         4.4533778144
        2.1550000000         4.6750000000         4.5362045325
        2.1600000000         4.6750000000         4.6368708515
        2.1650000000         4.6750000000         4.7298916273
        2.1700000000         4.6750000000         4.8165411170
        2.1750000000         4.6750000000         4.9159331788
        2.1800000000         4.6750000000         5.0038569257
        2.1850000000         4.6750000000         5.0662955286
        2.1900000000         4.6750000000         1.1135496877
        2.1950000000         4.6750000000         0.0011231503
        2.2000000000         4.6750000000        -0.0026996214
        2.2050000000         4.6750000000         0.0826756112
        2.2100000000         4.6750000000         0.1718736153
        2.2150000000         4.6750000000         0.2674429055
        2.2200000000         4.6750000000         0.3579151668
        2.2250000000         4.6750000000         0.4458389138
        2.2300000000         4.6750000000         0.5401339467
        2.2350000000         4.6750000000         0.6255091793
        2.2400000000         4.6750000000         0.7172556978
        2.2450000000         4.6750000000         0.8128249880
        2.2500000000         4.6750000000         0.8931031917
        2.2550000000         4.6750000000         0.9746556527
        2.2600000000         4.6750000000         1.0702249428
        2.2650000000         4.6750000000         1.1505031465
        2.2700000000         4.6750000000         1.2358783791
        2.2750000000         4.6750000000         1.3238021260
        2.2800000000         4.6750000000         1.4028060726
        2.2850000000         4.6750000000         1.4843585335
        2.2900000000         4.6750000000         1.5748307948
        2.2950000000         4.6750000000         1.6551089986
        2.3000000000         4.6750000000         1.7404842311
        2.3050000000         4.6750000000         1.8131168916
        2.3100000000         4.6750000000         1.9010406386
        2.3150000000         4.6750000000         1.9787703279
        2.3200000000         4.6750000000         2.0615970461
        2.3250000000         4.6750000000         2.1507950502
        2.3300000000         4.6750000000         2.2259762251
        2.3350000000         4.6750000000         2.3138999721
        2.3400000000         4.6750000000         2.3967266902
        2.3450000000         4.6750000000         2.4770048939
        2.3500000000         4.6750000000         2.5674771553
        2.3550000000         4.6750000000         2.6490296162
        2.3600000000         4.6750000000         2.7356791060
        2.3650000000         4.6750000000         2.8261513673
        2.3700000000         4.6750000000         2.9064295710
        2.3750000000         4.6750000000         2.9892562892
        2.3800000000         4.6750000000         3.0810028077
        2.3850000000         4.6750000000         3.1676522975
        2.3900000000         4.6750000000         3.2555760444
        2.3950000000         4.6750000000         3.3422255342
        2.4000000000         4.6750000000         3.4250522523
        2.4050000000         4.6750000000         3.5206215425
        2.4100000000         4.6750000000         3.6072710322
        2.4150000000         4.6750000000         3.6977432936
        2.4200000000         4.6750000000         3.7907640693
        2.4250000000         4.6750000000         3.8723165302
        2.4300000000         4.6750000000         3.9653373060
        2.4350000000         4.6750000000         4.0558095673
        2.4400000000         4.6750000000         4.1424590571
        2.4450000000         4.6750000000         4.2367540900
        2.4500000000         4.6750000000         4.3297748658
        2.4550000000         4.6750000000         4.4126015839
        2.4600000000         4.6750000000         4.5081708741
        2.4650000000         4.6750000000         4.5986431354
        2.4700000000         4.6750000000         4.6929381684
        2.4750000000         4.6750000000         4.7834104297
        2.4800000000         4.6750000000         4.8840767487
        2.4850000000         4.6750000000         4.9707262385
        2.4900000000         4.6750000000         5.0624727570
        2.4950000000         4.6750000000         5.0611984998
        2.5000000000         4.6750000000         0.0011231503
        2.5050000000         4.6750000000         0.0023974075
        2.5100000000         4.6750000000         0.0482706667
        2.5150000000         4.6750000000         0.1349201565
        2.5200000000         4.6750000000         0.2355864754
        2.5250000000         4.6750000000         0.3286072512
        2.5300000000         4.6750000000         0.4127082265
        2.5350000000         4.6750000000         0.5057290023
        2.5400000000         4.6750000000         0.5962012636
        2.5450000000         4.6750000000         0.6866735250
        2.5500000000         4.6750000000         0.7758715291
        2.5550000000         4.6750000000         0.8586982473
        2.5600000000         4.6750000000         0.9491705086
        2.5650000000         4.6750000000         1.0319972268
        2.5700000000         4.6750000000         1.1148239449
        2.5750000000         4.6750000000         1.2040219490
        2.5800000000         4.6750000000         1.2881229244
        2.5850000000         4.6750000000         1.3709496425
        2.5900000000         4.6750000000         1.4537763606
        2.5950000000         4.6750000000         1.5378773360
        2.6000000000         4.6750000000         1.6232525685
        2.6050000000         4.6750000000         1.7035307723
        2.6100000000         4.6750000000         1.7825347188
        2.6150000000         4.6750000000         1.8679099513
        2.6200000000         4.6750000000         1.9469138979
        2.6250000000         4.6750000000         2.0246435872
        2.6300000000         4.6750000000         2.1138415913
        2.6350000000         4.6750000000         2.1953940523
        2.6400000000         4.6750000000         2.2769465132
        2.6450000000         4.6750000000         2.3661445174
        2.6500000000         4.6750000000         2.4438742067
        2.6550000000         4.6750000000         2.5292494392
        2.6600000000         4.6750000000         2.6171731862
        2.6650000000         4.6750000000         2.6987256471
        2.6700000000         4.6750000000         2.7891979085
        2.6750000000         4.6750000000         2.8732988838
        2.6800000000         4.6750000000         2.9535770875
        2.6850000000         4.6750000000         3.0465978633
        2.6900000000         4.6750000000         3.1345216102
        2.6950000000         4.6750000000         3.2186225856
        2.7000000000         4.6750000000         3.3052720753
        2.7050000000         4.6750000000         3.3893730506
        2.7100000000         4.6750000000         3.4798453120
        2.7150000000         4.6750000000         3.5741403449
        2.7200000000         4.6750000000         3.6633383491
        2.7250000000         4.6750000000         3.7461650672
        2.7300000000         4.6750000000         3.8366373286
        2.7350000000         4.6750000000         3.9271095899
        2.7400000000         4.6750000000         4.0137590797
        2.7450000000         4.6750000000         4.1106026270
        2.7500000000         4.6750000000         4.1985263740
        2.7550000000         4.6750000000         4.2889986353
        2.7600000000         4.6750000000         4.3769223823
        2.7650000000         4.6750000000         4.4686689008
        2.7700000000         4.6750000000         4.5578669050
        2.7750000000         4.6750000000         4.6547104523
        2.7800000000         4.6750000000         4.7490054853
        2.7850000000         4.6750000000         4.8445747754
        2.7900000000         4.6750000000         4.9312242652
        2.7950000000         4.6750000000         5.0306163269
        2.8000000000         4.6750000000         5.0675697858
        2.8050000000         4.6750000000         1.1097269161
        2.8100000000         4.6750000000        -0.0001511069
        2.8150000000         4.6750000000         0.0189627511
        2.8200000000         4.6750000000         0.1043379836
        2.8250000000         4.6750000000         0.1973587594
        2.8300000000         4.6750000000         0.2903795351
        2.8350000000         4.6750000000         0.3783032821
        2.8400000000         4.6750000000         0.4725983150
        2.8450000000         4.6750000000         0.5656190908
        2.8500000000         4.6750000000         0.6522685805
        2.8550000000         4.6750000000         0.7440150991
        2.8600000000         4.6750000000         0.8332131032
        2.8650000000         4.6750000000         0.9198625930
        2.8700000000         4.6750000000         1.0052378255
        2.8750000000         4.6750000000         1.0880645436
        2.8800000000         4.6750000000         1.1708912618
        2.8850000000         4.6750000000         1.2613635231
        2.8900000000         4.6750000000         1.3467387557
        2.8950000000         4.6750000000         1.4359367598
        2.9000000000         4.6750000000         1.5162149636
        2.9050000000         4.6750000000         1.5964931673
        2.9100000000         4.6750000000         1.6831426570
        2.9150000000         4.6750000000         1.7608723464
        2.9200000000         4.6750000000         1.8411505501
        2.9250000000         4.6750000000         1.9265257826
        2.9300000000         4.6750000000         2.0080782436
        2.9350000000         4.6750000000         2.0870821901
        2.9400000000         4.6750000000         2.1762801942
        2.9450000000         4.6750000000         2.2565583980
        2.9500000000         4.6750000000         2.3406593733
        2.9550000000         4.6750000000         2.4247603487
        2.9600000000         4.6750000000         2.5050385524
        2.9650000000         4.6750000000         2.5891395277
        2.9700000000         4.6750000000         2.6834345607
        2.9750000000         4.6750000000         2.7675355360
        2.9800000000         4.6750000000         2.8478137397
        2.9850000000         4.6750000000         2.9344632295
        2.9900000000         4.6750000000         3.0249354908
        2.9950000000         4.6750000000         3.1090364662
        3.0000000000         4.6750000000         3.1969602131
        3.0050000000         4.6750000000         3.2848839601
        3.0100000000         4.6750000000         3.3791789930
        3.0150000000         4.6750000000         3.4594571968
        3.0200000000         4.6750000000         3.5499294581
        3.0250000000         4.6750000000         3.6416759767
        3.0300000000         4.6750000000         3.7283254664
        3.0350000000         4.6750000000         3.8137006989
        3.0400000000         4.6750000000         3.9079957319
        3.0450000000         4.6750000000         3.9984679932
        3.0500000000         4.6750000000         4.0863917402
        3.0550000000         4.6750000000         4.1768640015
        3.0600000000         4.6750000000         4.2660620057
        3.0650000000         4.6750000000         4.3565342670
        3.0700000000         4.6750000000         4.4482807856
        3.0750000000         4.6750000000         4.5336560181
        3.0800000000         4.6750000000         4.6317738227
        3.0850000000         4.6750000000         4.7247945984
        3.0900000000         4.6750000000         4.8178153742
        3.0950000000         4.6750000000         4.9146589216
        3.1000000000         4.6750000000         5.0025826685
        3.1050000000         4.6750000000         5.0675697858
        3.1100000000         4.6750000000         1.1059041445
        3.1150000000         4.6750000000        -0.0026996214
        3.1200000000         4.6750000000         0.0049459219
        3.1250000000         4.6750000000         0.0788528396
        3.1300000000         4.6750000000         0.1769706441
        3.1350000000         4.6750000000         0.2661686483
        3.1400000000         4.6750000000         0.3579151668
        3.1450000000         4.6750000000         0.4496616854
        3.1500000000         4.6750000000         0.5337626607
        3.1550000000         4.6750000000         0.6331547225
        3.1600000000         4.6750000000         0.7159814406
        3.1650000000         4.6750000000         0.8026309304
        3.1700000000         4.6750000000         0.8943774489
        3.1750000000         4.6750000000         0.9746556527
        3.1800000000         4.6750000000         1.0651279140
        3.1850000000         4.6750000000         1.1479546321
        3.1900000000         4.6750000000         1.2358783791
        3.1950000000         4.6750000000         1.3199793544
        3.2000000000         4.6750000000         1.4002575582
        3.2050000000         4.6750000000         1.4869070479
        3.2100000000         4.6750000000         1.5684595088
        3.2150000000         4.6750000000         1.6563832558
        3.2200000000         4.6750000000         1.7328386879
        3.2250000000         4.6750000000         1.8156654060
        3.2300000000         4.6750000000         1.8984921242
        3.2350000000         4.6750000000         1.9825930995
        3.2400000000         4.6750000000         2.0615970461
        3.2450000000         4.6750000000         2.1495207930
        3.2500000000         4.6750000000         2.2247019679
        3.2550000000         4.6750000000         2.3113514577
        3.2600000000         4.6750000000         2.3941781758
        3.2650000000         4.6750000000         2.4808276655
        3.2700000000         4.6750000000         2.5662028981
        3.2750000000         4.6750000000         2.6452068446
        3.2800000000         4.6750000000         2.7331305916
        3.2850000000         4.6750000000         2.8197800813
        3.2900000000         4.6750000000         2.9064295710
        3.2950000000         4.6750000000         2.9867077748
        3.3000000000         4.6750000000         3.0746315217
        3.3050000000         4.6750000000         3.1625552687
        3.3100000000         4.6750000000         3.2555760444
        3.3150000000         4.6750000000         3.3422255342
        3.3200000000         4.6750000000         3.4301492811
        3.3250000000         4.6750000000         3.5193472853
        3.3300000000         4.6750000000         3.6047225178
        3.3350000000         4.6750000000         3.6977432936
        3.3400000000         4.6750000000         3.7856670405
        3.3450000000         4.6750000000         3.8799620735
        3.3500000000         4.6750000000         3.9691600776
        3.3550000000         4.6750000000         4.0532610529
        3.3600000000         4.6750000000         4.1488303431
        3.3650000000         4.6750000000         4.2354798328
        3.3700000000         4.6750000000         4.3285006086
        3.3750000000         4.6750000000         4.4176986127
        3.3800000000         4.6750000000         4.5094451313
        3.3850000000         4.6750000000         4.6037401642
        3.3900000000         4.6750000000         4.7018579688
        3.3950000000         4.6750000000         4.7885074586
        3.4000000000         4.6750000000         4.8828024915
        3.4050000000         4.6750000000         4.9783717817
        3.4100000000         4.6750000000         5.0650212714
        3.4150000000         4.6750000000         5.0662955286
        3.4200000000         4.6750000000         0.0049459219
        3.4250000000         4.6750000000        -0.0001511069
        3.4300000000         4.6750000000         0.0610132388
        3.4350000000         4.6750000000         0.1502112429
        3.4400000000         4.6750000000         0.2419577615
        3.4450000000         4.6750000000         0.3375270516
        3.4500000000         4.6750000000         0.4216280269
        3.4550000000         4.6750000000         0.5171973171
        3.4600000000         4.6750000000         0.6076695785
        3.4650000000         4.6750000000         0.6955933254
        3.4700000000         4.6750000000         0.7886141012
        3.4750000000         4.6750000000         0.8688923049
        3.4800000000         4.6750000000         0.9593645662
        3.4850000000         4.6750000000         1.0472883132
        3.4900000000         4.6750000000         1.1352120601
        3.4950000000         4.6750000000         1.2218615499
        3.5000000000         4.6750000000         1.3097852968
        3.5050000000         4.6750000000         1.3913377577
        3.5100000000         4.6750000000         1.4767129903
        3.5150000000         4.6750000000         1.5569911940
        3.5200000000         4.6750000000         1.6410921694
        3.5250000000         4.6750000000         1.7290159163
        3.5300000000         4.6750000000         1.8067456056
        3.5350000000         4.6750000000         1.8895723238
        3.5400000000         4.6750000000         1.9673020131
        3.5450000000         4.6750000000         2.0526772456
        3.5500000000         4.6750000000         2.1291326778
        3.5550000000         4.6750000000         2.2157821675
        3.5600000000         4.6750000000         2.3011574000
        3.5650000000         4.6750000000         2.3827098610
        3.5700000000         4.6750000000         2.4731821223
        3.5750000000         4.6750000000         2.5534603261
        3.5800000000         4.6750000000         2.6401098158
        3.5850000000         4.6750000000         2.7293078200
        3.5900000000         4.6750000000         2.8108602809
        3.5950000000         4.6750000000         2.9013325422
        3.6000000000         4.6750000000         2.9828850032
        3.6050000000         4.6750000000         3.0708087501
        3.6100000000         4.6750000000         3.1600067543
        3.6150000000         4.6750000000         3.2441077296
        3.6200000000         4.6750000000         3.3384027626
        3.6250000000         4.6750000000         3.4199552235
        3.6300000000         4.6750000000         3.5129759992
        3.6350000000         4.6750000000         3.5958027174
        3.6400000000         4.6750000000         3.6875492359
        3.6450000000         4.6750000000         3.7767472401
        3.6500000000         4.6750000000         3.8672195014
        3.6550000000         4.6750000000         3.9551432484
        3.6600000000         4.6750000000         4.0507125385
        3.6650000000         4.6750000000         4.1360877711
        3.6700000000         4.6750000000         4.2291085468
        3.6750000000         4.6750000000         4.3208550654
        3.6800000000         4.6750000000         4.4062302979
        3.6850000000         4.6750000000         4.5005253309
        3.6900000000         4.6750000000         4.5960946210
        3.6950000000         4.6750000000         4.6903896540
        3.7000000000         4.6750000000         4.7821361725
        3.7050000000         4.6750000000         4.8789797199
        3.7100000000         4.6750000000         4.9732747529
        3.7150000000         4.6750000000         5.0650212714
        3.7200000000         4.6750000000         5.0688440430
        3.7250000000         4.6750000000         0.0011231503
        3.7300000000         4.6750000000         0.0011231503
        3.7350000000         4.6750000000         0.0571904671
        3.7400000000         4.6750000000         0.1412914425
        3.7450000000         4.6750000000         0.2368607326
        3.7500000000         4.6750000000         0.3260587368
        3.7550000000         4.6750000000         0.4203537697
        3.7600000000         4.6750000000         0.5133745455
        3.7650000000         4.6750000000         0.5987497780
        3.7700000000         4.6750000000         0.6955933254
        3.7750000000         4.6750000000         0.7784200435
        3.7800000000         4.6750000000         0.8714408193
        3.7850000000         4.6750000000         0.9606388234
        3.7900000000         4.6750000000         1.0447397988
        3.7950000000         4.6750000000         1.1288407741
        3.8000000000         4.6750000000         1.2180387783
        3.8050000000         4.6750000000         1.3021397536
        3.8100000000         4.6750000000         1.3900635005
        3.8150000000         4.6750000000         1.4665189327
        3.8200000000         4.6750000000         1.5557169368
        3.8250000000         4.6750000000         1.6385436550
        3.8300000000         4.6750000000         1.7200961159
        3.8350000000         4.6750000000         1.8067456056
        3.8400000000         4.6750000000         1.8870238094
        3.8450000000         4.6750000000         1.9673020131
        3.8500000000         4.6750000000         2.0539515028
        3.8550000000         4.6750000000         2.1291326778
        3.8600000000         4.6750000000         2.2157821675
        3.8650000000         4.6750000000         2.2986088856
        3.8700000000         4.6750000000         2.3878068898
        3.8750000000         4.6750000000         2.4693593507
        3.8800000000         4.6750000000         2.5572830977
        3.8850000000         4.6750000000         2.6413840730
        3.8900000000         4.6750000000         2.7280335628
        3.8950000000         4.6750000000         2.8172315669
        3.9000000000         4.6750000000         2.8987840278
        3.9050000000         4.6750000000         2.9854335176
        3.9100000000         4.6750000000         3.0759057789
        3.9150000000         4.6750000000         3.1587324971
        3.9200000000         4.6750000000         3.2466562440
        3.9250000000         4.6750000000         3.3358542482
        3.9300000000         4.6750000000         3.4263265095
        3.9350000000         4.6750000000         3.5129759992
        3.9400000000         4.6750000000         3.6008997462
        3.9450000000         4.6750000000         3.6964690363
        3.9500000000         4.6750000000         3.7843927833
        3.9550000000         4.6750000000         3.8659452442
        3.9600000000         4.6750000000         3.9589660200
        3.9650000000         4.6750000000         4.0507125385
        3.9700000000         4.6750000000         4.1424590571
        3.9750000000         4.6750000000         4.2316570612
        3.9800000000         4.6750000000         4.3246778370
        3.9850000000         4.6750000000         4.4087788123
        3.9900000000         4.6750000000         4.5030738453
        3.9950000000         4.6750000000         4.5986431354
        4.0000000000         4.6750000000         4.6967609400
        4.0050000000         4.6750000000         4.7834104297
        4.0100000000         4.6750000000         4.8815282343
        4.0150000000         4.6750000000         4.9732747529
        4.0200000000         4.6750000000         5.0637470142
        4.0250000000         4.6750000000         5.0688440430
        4.0300000000         4.6750000000        -0.0014253642
        4.0350000000         4.6750000000        -0.0026996214
        4.0400000000         4.6750000000         0.0559162099
        4.0450000000         4.6750000000         0.1438399569
        4.0500000000         4.6750000000         0.2343122182
        4.0550000000         4.6750000000         0.3235102224
        4.0600000000         4.6750000000         0.4178052553
        4.0650000000         4.6750000000         0.5108260311
        4.0700000000         4.6750000000         0.5949270064
        4.0750000000         4.6750000000         0.6879477822
        4.0800000000         4.6750000000         0.7771457863
        4.0850000000         4.6750000000         0.8637952761
        4.0900000000         4.6750000000         0.9555417946
        4.0950000000         4.6750000000         1.0396427700
        4.1000000000         4.6750000000         1.1237437453
        4.1050000000         4.6750000000         1.2142160067
        4.1100000000         4.6750000000         1.2970427248
        4.1150000000         4.6750000000         1.3824179573
        4.1200000000         4.6750000000         1.4703417043
        4.1250000000         4.6750000000         1.5467971364
        4.1300000000         4.6750000000         1.6347208833
        4.1350000000         4.6750000000         1.7162733443
        4.1400000000         4.6750000000         1.7965515480
        4.1450000000         4.6750000000         1.8819267806
        4.1500000000         4.6750000000         1.9609307271
        4.1550000000         4.6750000000         2.0437574452
        4.1600000000         4.6750000000         2.1265841634
        4.1650000000         4.6750000000         2.2119593959
        4.1700000000         4.6750000000         2.2960603712
        4.1750000000         4.6750000000         2.3839841182
        4.1800000000         4.6750000000         2.4617138075
        4.1850000000         4.6750000000         2.5560088405
        4.1900000000         4.6750000000         2.6375613014
        4.1950000000         4.6750000000         2.7178395051
        4.2000000000         4.6750000000         2.8236028529
        4.2050000000         4.6750000000         2.8949612562
        4.2100000000         4.6750000000         2.9803364888
        4.2150000000         4.6750000000         3.0720830073
        4.2200000000         4.6750000000         3.1510869538
        4.2250000000         4.6750000000         3.2415592152
        4.2300000000         4.6750000000         3.3307572193
        4.2350000000         4.6750000000         3.4199552235
        4.2400000000         4.6750000000         3.5078789704
        4.2450000000         4.6750000000         3.5958027174
        4.2500000000         4.6750000000         3.6811779499
        4.2550000000         4.6750000000         3.7754729829
        4.2600000000         4.6750000000         3.8633967298
        4.2650000000         4.6750000000         3.9564175056
        4.2700000000         4.6750000000         4.0481640241
        4.2750000000         4.6750000000         4.1335392567
        4.2800000000         4.6750000000         4.2265600324
        4.2850000000         4.6750000000         4.3183065510
        4.2900000000         4.6750000000         4.4049560407
        4.2950000000         4.6750000000         4.4979768165
        4.3000000000         4.6750000000         4.5973688782
        4.3050000000         4.6750000000         4.6891153968
        4.3100000000         4.6750000000         4.7795876581
        4.3150000000         4.6750000000         4.8789797199
        4.3200000000         4.6750000000         4.9720004957
        4.3250000000         4.6750000000         5.0650212714
        4.3300000000         4.6750000000         5.0662955286
        4.3350000000         4.6750000000         0.0049459219
        4.3400000000         4.6750000000        -0.0001511069
        4.3450000000         4.6750000000         0.0559162099
        4.3500000000         4.6750000000         0.1400171853
        4.3550000000         4.6750000000         0.2368607326
        4.3600000000         4.6750000000         0.3311557656
        4.3650000000         4.6750000000         0.4190795125
        4.3700000000         4.6750000000         0.5184715743
        4.3750000000         4.6750000000         0.6051210640
        4.3800000000         4.6750000000         0.6943190682
        4.3850000000         4.6750000000         0.7873398440
        4.3900000000         4.6750000000         0.8701665621
        4.3950000000         4.6750000000         0.9593645662
        4.4000000000         4.6750000000         1.0472883132
        4.4050000000         4.6750000000         1.1339378029
        4.4100000000         4.6750000000         1.2218615499
        4.4150000000         4.6750000000         1.3021397536
        4.4200000000         4.6750000000         1.3900635005
        4.4250000000         4.6750000000         1.4728902187
        4.4300000000         4.6750000000         1.5582654512
        4.4350000000         4.6750000000         1.6385436550
        4.4400000000         4.6750000000         1.7251931447
        4.4450000000         4.6750000000         1.8054713484
        4.4500000000         4.6750000000         1.8832010378
        4.4550000000         4.6750000000         1.9711247847
        4.4600000000         4.6750000000         2.0501287312
        4.4650000000         4.6750000000         2.1367782210
        4.4700000000         4.6750000000         2.2157821675
        4.4750000000         4.6750000000         2.3037059145
        4.4800000000         4.6750000000         2.3865326326
        4.4850000000         4.6750000000         2.4744563795
        4.4900000000         4.6750000000         2.5521860689
        4.4950000000         4.6750000000         2.6426583302
        4.5000000000         4.6750000000         2.7293078200
        4.5050000000         4.6750000000         2.8134087953
        4.5100000000         4.6750000000         2.9026067994
        4.5150000000         4.6750000000         2.9841592604
        4.5200000000         4.6750000000         3.0720830073
        4.5250000000         4.6750000000         3.1587324971
        4.5300000000         4.6750000000         3.2492047584
        4.5350000000         4.6750000000         3.3358542482
        4.5400000000         4.6750000000         3.4250522523
        4.5450000000         4.6750000000         3.5104274848
        4.5500000000         4.6750000000         3.6047225178
        4.5550000000         4.6750000000         3.6913720075
        4.5600000000         4.6750000000         3.7831185261
        4.5650000000         4.6750000000         3.8723165302
        4.5700000000         4.6750000000         3.9640630488
        4.5750000000         4.6750000000         4.0519867957
        4.5800000000         4.6750000000         4.1450075715
        4.5850000000         4.6750000000         4.2354798328
        4.5900000000         4.6750000000         4.3246778370
        4.5950000000         4.6750000000         4.4202471271
        4.6000000000         4.6750000000         4.5094451313
        4.6050000000         4.6750000000         4.6037401642
        4.6100000000         4.6750000000         4.6993094544
        4.6150000000         4.6750000000         4.7859589441
        4.6200000000         4.6750000000         4.8802539771
        4.6250000000         4.6750000000         4.9796460389
        4.6300000000         4.6750000000         5.0675697858
        4.6350000000         4.6750000000         5.0650212714
        4.6400000000         4.6750000000         0.0011231503
        4.6450000000         4.6750000000        -0.0026996214
        4.6500000000         4.6750000000         0.0597389816
        4.6550000000         4.6750000000         0.1565825289
        4.6600000000         4.6750000000         0.2419577615
        4.6650000000         4.6750000000         0.3362527944
        4.6700000000         4.6750000000         0.4279993130
        4.6750000000         4.6750000000         0.5171973171
        4.6800000000         4.6750000000         0.6153151217
        4.6850000000         4.6750000000         0.7032388686
        4.6900000000         4.6750000000         0.7924368728
        4.6950000000         4.6750000000         0.8803606197
        4.7000000000         4.6750000000         0.9682843666
        4.7050000000         4.6750000000         1.0511110848
        4.7100000000         4.6750000000         1.1390348317
        4.7150000000         4.6750000000         1.2231358071
        4.7200000000         4.6750000000         1.3161565828
        4.7250000000         4.6750000000         1.3951605294
        4.7300000000         4.6750000000         1.4792615047
        4.7350000000         4.6750000000         1.5684595088
        4.7400000000         4.6750000000         1.6436406838
        4.7450000000         4.6750000000         1.7302901735
        4.7500000000         4.6750000000         1.8105683772
        4.7550000000         4.6750000000         1.8946693526
        4.7600000000         4.6750000000         1.9723990419
        4.7650000000         4.6750000000         2.0552257600
        4.7700000000         4.6750000000         2.1444237642
        4.7750000000         4.6750000000         2.2208791963
        4.7800000000         4.6750000000         2.3100772005
        4.7850000000         4.6750000000         2.3929039186
        4.7900000000         4.6750000000         2.4744563795
        4.7950000000         4.6750000000         2.5623801265
        4.8000000000         4.6750000000         2.6477553590
        4.8050000000         4.6750000000         2.7331305916
        4.8100000000         4.6750000000         2.8185058241
        4.8150000000         4.6750000000         2.9102523427
        4.8200000000         4.6750000000         2.9905305464
