        0.9950000000         1.0500000000        -0.6732468670
        1.0000000000         1.0500000000        -0.6719730602
        1.0050000000         1.0500000000        -0.6783420941
        1.0100000000         1.0500000000        -0.6859849348
        1.0150000000         1.0500000000        -0.6681516398
        1.0200000000         1.0500000000        -0.6783420941
        1.0250000000         1.0500000000        -0.6821635145
        1.0300000000         1.0500000000        -0.6783420941
        1.0350000000         1.0500000000        -0.6770682873
        1.0400000000         1.0500000000        -0.6745206738
        1.0450000000         1.0500000000        -0.6656040263
        1.0500000000         1.0500000000        -0.6796159009
        1.0550000000         1.0500000000        -0.6770682873
        1.0600000000         1.0500000000        -0.6821635145
        1.0650000000         1.0500000000        -0.6834373213
        1.0700000000         1.0500000000        -0.6732468670
        1.0750000000         1.0500000000        -0.6808897077
        1.0800000000         1.0500000000        -0.6808897077
        1.0850000000         1.0500000000        -0.6821635145
        1.0900000000         1.0500000000        -0.6808897077
        1.0950000000         1.0500000000        -0.6783420941
        1.1000000000         1.0500000000        -0.6847111280
        1.1050000000         1.0500000000        -0.6834373213
        1.1100000000         1.0500000000        -0.6910801620
        1.1150000000         1.0500000000        -0.6808897077
        1.1200000000         1.0500000000        -0.6796159009
        1.1250000000         1.0500000000        -0.6859849348
        1.1300000000         1.0500000000        -0.6847111280
        1.1350000000         1.0500000000        -0.6834373213
        1.1400000000         1.0500000000        -0.6898063552
        1.1450000000         1.0500000000        -0.6847111280
        1.1500000000         1.0500000000        -0.6936277755
        1.1550000000         1.0500000000        -0.6834373213
        1.1600000000         1.0500000000        -0.6859849348
        1.1650000000         1.0500000000        -0.6821635145
        1.1700000000         1.0500000000        -0.6923539687
        1.1750000000         1.0500000000        -0.6770682873
        1.1800000000         1.0500000000        -0.6847111280
        1.1850000000         1.0500000000        -0.6898063552
        1.1900000000         1.0500000000        -0.6834373213
        1.1950000000         1.0500000000        -0.6821635145
        1.2000000000         1.0500000000        -0.6961753891
        1.2050000000         1.0500000000        -0.6719730602
        1.2100000000         1.0500000000        -0.6808897077
        1.2150000000         1.0500000000        -0.6808897077
        1.2200000000         1.0500000000        -0.6757944806
        1.2250000000         1.0500000000        -0.6847111280
        1.2300000000         1.0500000000        -0.6706992534
        1.2350000000         1.0500000000        -0.6732468670
        1.2400000000         1.0500000000        -0.6719730602
        1.2450000000         1.0500000000        -0.6859849348
        1.2500000000         1.0500000000        -0.6681516398
        1.2550000000         1.0500000000        -0.6656040263
        1.2600000000         1.0500000000        -0.6757944806
        1.2650000000         1.0500000000        -0.6643302195
        1.2700000000         1.0500000000        -0.6745206738
        1.2750000000         1.0500000000        -0.6719730602
        1.2800000000         1.0500000000        -0.6732468670
        1.2850000000         1.0500000000        -0.6643302195
        1.2900000000         1.0500000000        -0.6821635145
        1.2950000000         1.0500000000        -0.6681516398
        1.3000000000         1.0500000000        -0.6681516398
        1.3050000000         1.0500000000        -0.6796159009
        1.3100000000         1.0500000000        -0.6630564127
        1.3150000000         1.0500000000        -0.6668778331
        1.3200000000         1.0500000000        -0.6732468670
        1.3250000000         1.0500000000        -0.6796159009
        1.3300000000         1.0500000000        -0.6847111280
        1.3350000000         1.0500000000        -0.6757944806
        1.3400000000         1.0500000000        -0.6757944806
        1.3450000000         1.0500000000        -0.6745206738
        1.3500000000         1.0500000000        -0.6808897077
        1.3550000000         1.0500000000        -0.6847111280
        1.3600000000         1.0500000000        -0.6910801620
        1.3650000000         1.0500000000        -0.6757944806
        1.3700000000         1.0500000000        -0.6770682873
        1.3750000000         1.0500000000        -0.6859849348
        1.3800000000         1.0500000000        -0.6796159009
        1.3850000000         1.0500000000        -0.6808897077
        1.3900000000         1.0500000000        -0.6821635145
        1.3950000000         1.0500000000        -0.6834373213
        1.4000000000         1.0500000000        -0.6821635145
        1.4050000000         1.0500000000        -0.6719730602
        1.4100000000         1.0500000000        -0.6885325484
        1.4150000000         1.0500000000        -0.6719730602
        1.4200000000         1.0500000000        -0.6796159009
        1.4250000000         1.0500000000        -0.6808897077
        1.4300000000         1.0500000000        -0.6808897077
        1.4350000000         1.0500000000        -0.6808897077
        1.4400000000         1.0500000000        -0.6808897077
        1.4450000000         1.0500000000        -0.6859849348
        1.4500000000         1.0500000000        -0.6821635145
        1.4550000000         1.0500000000        -0.6859849348
        1.4600000000         1.0500000000        -0.6847111280
        1.4650000000         1.0500000000        -0.6847111280
        1.4700000000         1.0500000000        -0.6885325484
        1.4750000000         1.0500000000        -0.6923539687
        1.4800000000         1.0500000000        -0.6923539687
        1.4850000000         1.0500000000        -0.6847111280
        1.4900000000         1.0500000000        -0.6872587416
        1.4950000000         1.0500000000        -0.6949015823
        1.5000000000         1.0500000000        -0.6898063552
        1.5050000000         1.0500000000        -0.6834373213
        1.5100000000         1.0500000000        -0.6910801620
        1.5150000000         1.0500000000        -0.7076396502
        1.5200000000         1.0500000000        -0.6541397652
        1.5250000000         1.0500000000        -0.6783420941
        1.5300000000         1.0500000000        -0.6834373213
        1.5350000000         1.0500000000        -0.6910801620
        1.5400000000         1.0500000000        -0.6834373213
        1.5450000000         1.0500000000        -0.6770682873
        1.5500000000         1.0500000000        -0.6541397652
        1.5550000000         1.0500000000        -0.6821635145
        1.5600000000         1.0500000000        -0.6706992534
        1.5650000000         1.0500000000        -0.6936277755
        1.5700000000         1.0500000000        -0.6783420941
        1.5750000000         1.0500000000        -0.6732468670
        1.5800000000         1.0500000000        -0.6821635145
        1.5850000000         1.0500000000        -0.6757944806
        1.5900000000         1.0500000000        -0.6757944806
        1.5950000000         1.0500000000        -0.6834373213
        1.6000000000         1.0500000000        -0.6796159009
        1.6050000000         1.0500000000        -0.6719730602
        1.6100000000         1.0500000000        -0.6694254466
        1.6150000000         1.0500000000        -0.6796159009
        1.6200000000         1.0500000000        -0.6757944806
        1.6250000000         1.0500000000        -0.6808897077
        1.6300000000         1.0500000000        -0.6719730602
        1.6350000000         1.0500000000        -0.6643302195
        1.6400000000         1.0500000000        -0.6656040263
        1.6450000000         1.0500000000        -0.6821635145
        1.6500000000         1.0500000000        -0.6732468670
        1.6550000000         1.0500000000        -0.6719730602
        1.6600000000         1.0500000000        -0.6732468670
        1.6650000000         1.0500000000        -0.6617826059
        1.6700000000         1.0500000000        -0.6745206738
        1.6750000000         1.0500000000        -0.6770682873
        1.6800000000         1.0500000000        -0.6719730602
        1.6850000000         1.0500000000        -0.6732468670
        1.6900000000         1.0500000000        -0.6808897077
        1.6950000000         1.0500000000        -0.6757944806
        1.7000000000         1.0500000000        -0.6757944806
        1.7050000000         1.0500000000        -0.6783420941
        1.7100000000         1.0500000000        -0.6757944806
        1.7150000000         1.0500000000        -0.6796159009
        1.7200000000         1.0500000000        -0.6834373213
        1.7250000000         1.0500000000        -0.6859849348
        1.7300000000         1.0500000000        -0.6834373213
        1.7350000000         1.0500000000        -0.6796159009
        1.7400000000         1.0500000000        -0.6745206738
        1.7450000000         1.0500000000        -0.6859849348
        1.7500000000         1.0500000000        -0.6706992534
        1.7550000000         1.0500000000        -0.6821635145
        1.7600000000         1.0500000000        -0.6898063552
        1.7650000000         1.0500000000        -0.6808897077
        1.7700000000         1.0500000000        -0.6796159009
        1.7750000000         1.0500000000        -0.6821635145
        1.7800000000         1.0500000000        -0.6796159009
        1.7850000000         1.0500000000        -0.6859849348
        1.7900000000         1.0500000000        -0.6834373213
        1.7950000000         1.0500000000        -0.6885325484
        1.8000000000         1.0500000000        -0.6872587416
        1.8050000000         1.0500000000        -0.6834373213
        1.8100000000         1.0500000000        -0.6961753891
        1.8150000000         1.0500000000        -0.6936277755
        1.8200000000         1.0500000000        -0.6910801620
        1.8250000000         1.0500000000        -0.6859849348
        1.8300000000         1.0500000000        -0.6796159009
        1.8350000000         1.0500000000        -0.6949015823
        1.8400000000         1.0500000000        -0.6961753891
        1.8450000000         1.0500000000        -0.6949015823
        1.8500000000         1.0500000000        -0.6872587416
        1.8550000000         1.0500000000        -0.6847111280
        1.8600000000         1.0500000000        -0.6961753891
        1.8650000000         1.0500000000        -0.6936277755
        1.8700000000         1.0500000000        -0.6834373213
        1.8750000000         1.0500000000        -0.6872587416
        1.8800000000         1.0500000000        -0.6936277755
        1.8850000000         1.0500000000        -0.6923539687
        1.8900000000         1.0500000000        -0.6834373213
        1.8950000000         1.0500000000        -0.6885325484
        1.9000000000         1.0500000000        -0.6834373213
        1.9050000000         1.0500000000        -0.6910801620
        1.9100000000         1.0500000000        -0.6885325484
        1.9150000000         1.0500000000        -0.6898063552
        1.9200000000         1.0500000000        -0.6923539687
        1.9250000000         1.0500000000        -0.6847111280
        1.9300000000         1.0500000000        -0.6898063552
        1.9350000000         1.0500000000        -0.6898063552
        1.9400000000         1.0500000000        -0.6770682873
        1.9450000000         1.0500000000        -0.6936277755
        1.9500000000         1.0500000000        -0.6554135720
        1.9550000000         1.0500000000        -0.6719730602
        1.9600000000         1.0500000000        -0.6885325484
        1.9650000000         1.0500000000        -0.6706992534
        1.9700000000         1.0500000000        -0.6872587416
        1.9750000000         1.0500000000        -0.6681516398
        1.9800000000         1.0500000000        -0.6796159009
        1.9850000000         1.0500000000        -0.6668778331
        1.9900000000         1.0500000000        -0.6859849348
        1.9950000000         1.0500000000        -0.6757944806
        2.0000000000         1.0500000000        -0.6719730602
        2.0050000000         1.0500000000        -0.6681516398
        2.0100000000         1.0500000000        -0.6681516398
        2.0150000000         1.0500000000        -0.6719730602
        2.0200000000         1.0500000000        -0.6821635145
        2.0250000000         1.0500000000        -0.6872587416
        2.0300000000         1.0500000000        -0.6745206738
        2.0350000000         1.0500000000        -0.6719730602
        2.0400000000         1.0500000000        -0.6732468670
        2.0450000000         1.0500000000        -0.6783420941
        2.0500000000         1.0500000000        -0.6770682873
        2.0550000000         1.0500000000        -0.6796159009
        2.0600000000         1.0500000000        -0.6834373213
        2.0650000000         1.0500000000        -0.6515921516
        2.0700000000         1.0500000000        -0.6796159009
        2.0750000000         1.0500000000        -0.6859849348
        2.0800000000         1.0500000000        -0.6834373213
        2.0850000000         1.0500000000        -0.6834373213
        2.0900000000         1.0500000000        -0.6796159009
        2.0950000000         1.0500000000        -0.6834373213
        2.1000000000         1.0500000000        -0.6796159009
        2.1050000000         1.0500000000        -0.6859849348
        2.1100000000         1.0500000000        -0.6859849348
        2.1150000000         1.0500000000        -0.6770682873
        2.1200000000         1.0500000000        -0.6885325484
        2.1250000000         1.0500000000        -0.6923539687
        2.1300000000         1.0500000000        -0.6783420941
        2.1350000000         1.0500000000        -0.6808897077
        2.1400000000         1.0500000000        -0.6847111280
        2.1450000000         1.0500000000        -0.6834373213
        2.1500000000         1.0500000000        -0.6821635145
        2.1550000000         1.0500000000        -0.6910801620
        2.1600000000         1.0500000000        -0.6808897077
        2.1650000000         1.0500000000        -0.6910801620
        2.1700000000         1.0500000000        -0.6821635145
        2.1750000000         1.0500000000        -0.6949015823
        2.1800000000         1.0500000000        -0.6999968095
        2.1850000000         1.0500000000        -0.6961753891
        2.1900000000         1.0500000000        -0.6910801620
        2.1950000000         1.0500000000        -0.6808897077
        2.2000000000         1.0500000000        -0.6885325484
        2.2050000000         1.0500000000        -0.6974491959
        2.2100000000         1.0500000000        -0.6923539687
        2.2150000000         1.0500000000        -0.6898063552
        2.2200000000         1.0500000000        -0.6796159009
        2.2250000000         1.0500000000        -0.6898063552
        2.2300000000         1.0500000000        -0.6987230027
        2.2350000000         1.0500000000        -0.6872587416
        2.2400000000         1.0500000000        -0.6936277755
        2.2450000000         1.0500000000        -0.6885325484
        2.2500000000         1.0500000000        -0.6923539687
        2.2550000000         1.0500000000        -0.6796159009
        2.2600000000         1.0500000000        -0.7025444230
        2.2650000000         1.0500000000        -0.6859849348
        2.2700000000         1.0500000000        -0.6974491959
        2.2750000000         1.0500000000        -0.6770682873
        2.2800000000         1.0500000000        -0.6898063552
        2.2850000000         1.0500000000        -0.6898063552
        2.2900000000         1.0500000000        -0.6923539687
        2.2950000000         1.0500000000        -0.6859849348
        2.3000000000         1.0500000000        -0.6923539687
        2.3050000000         1.0500000000        -0.6808897077
        2.3100000000         1.0500000000        -0.6898063552
        2.3150000000         1.0500000000        -0.6681516398
        2.3200000000         1.0500000000        -0.6770682873
        2.3250000000         1.0500000000        -0.6885325484
        2.3300000000         1.0500000000        -0.6732468670
        2.3350000000         1.0500000000        -0.6847111280
        2.3400000000         1.0500000000        -0.6770682873
        2.3450000000         1.0500000000        -0.6847111280
        2.3500000000         1.0500000000        -0.6732468670
        2.3550000000         1.0500000000        -0.6910801620
        2.3600000000         1.0500000000        -0.6757944806
        2.3650000000         1.0500000000        -0.6783420941
        2.3700000000         1.0500000000        -0.6745206738
        2.3750000000         1.0500000000        -0.6719730602
        2.3800000000         1.0500000000        -0.6796159009
        2.3850000000         1.0500000000        -0.6821635145
        2.3900000000         1.0500000000        -0.6834373213
        2.3950000000         1.0500000000        -0.6796159009
        2.4000000000         1.0500000000        -0.6745206738
        2.4050000000         1.0500000000        -0.6757944806
        2.4100000000         1.0500000000        -0.6745206738
        2.4150000000         1.0500000000        -0.6681516398
        2.4200000000         1.0500000000        -0.6847111280
        2.4250000000         1.0500000000        -0.6821635145
        2.4300000000         1.0500000000        -0.6745206738
        2.4350000000         1.0500000000        -0.6732468670
        2.4400000000         1.0500000000        -0.6821635145
        2.4450000000         1.0500000000        -0.6885325484
        2.4500000000         1.0500000000        -0.6847111280
        2.4550000000         1.0500000000        -0.6910801620
        2.4600000000         1.0500000000        -0.6796159009
        2.4650000000         1.0500000000        -0.6694254466
        2.4700000000         1.0500000000        -0.6885325484
        2.4750000000         1.0500000000        -0.6898063552
        2.4800000000         1.0500000000        -0.6796159009
        2.4850000000         1.0500000000        -0.6757944806
        2.4900000000         1.0500000000        -0.6834373213
        2.4950000000         1.0500000000        -0.6783420941
        2.5000000000         1.0500000000        -0.6923539687
        2.5050000000         1.0500000000        -0.6847111280
        2.5100000000         1.0500000000        -0.6821635145
        2.5150000000         1.0500000000        -0.6885325484
        2.5200000000         1.0500000000        -0.6859849348
        2.5250000000         1.0500000000        -0.6949015823
        2.5300000000         1.0500000000        -0.6910801620
        2.5350000000         1.0500000000        -0.6821635145
        2.5400000000         1.0500000000        -0.6872587416
        2.5450000000         1.0500000000        -0.6974491959
        2.5500000000         1.0500000000        -0.6949015823
        2.5550000000         1.0500000000        -0.6961753891
        2.5600000000         1.0500000000        -0.6821635145
        2.5650000000         1.0500000000        -0.6898063552
        2.5700000000         1.0500000000        -0.6936277755
        2.5750000000         1.0500000000        -0.7025444230
        2.5800000000         1.0500000000        -0.6949015823
        2.5850000000         1.0500000000        -0.6872587416
        2.5900000000         1.0500000000        -0.6923539687
        2.5950000000         1.0500000000        -0.7038182298
        2.6000000000         1.0500000000        -0.6898063552
        2.6050000000         1.0500000000        -0.6617826059
        2.6100000000         1.0500000000        -0.6987230027
        2.6150000000         1.0500000000        -0.6961753891
        2.6200000000         1.0500000000        -0.6490445381
        2.6250000000         1.0500000000        -0.6987230027
        2.6300000000         1.0500000000        -0.6936277755
        2.6350000000         1.0500000000        -0.6974491959
        2.6400000000         1.0500000000        -0.6872587416
        2.6450000000         1.0500000000        -0.6898063552
        2.6500000000         1.0500000000        -0.6885325484
        2.6550000000         1.0500000000        -0.6987230027
        2.6600000000         1.0500000000        -0.6859849348
        2.6650000000         1.0500000000        -0.6898063552
        2.6700000000         1.0500000000        -0.6796159009
        2.6750000000         1.0500000000        -0.6808897077
        2.6800000000         1.0500000000        -0.6872587416
        2.6850000000         1.0500000000        -0.6783420941
        2.6900000000         1.0500000000        -0.6936277755
        2.6950000000         1.0500000000        -0.6706992534
        2.7000000000         1.0500000000        -0.6834373213
        2.7050000000         1.0500000000        -0.6706992534
        2.7100000000         1.0500000000        -0.6808897077
        2.7150000000         1.0500000000        -0.6796159009
        2.7200000000         1.0500000000        -0.6757944806
        2.7250000000         1.0500000000        -0.6796159009
        2.7300000000         1.0500000000        -0.6757944806
        2.7350000000         1.0500000000        -0.6808897077
        2.7400000000         1.0500000000        -0.6783420941
        2.7450000000         1.0500000000        -0.6757944806
        2.7500000000         1.0500000000        -0.6847111280
        2.7550000000         1.0500000000        -0.6834373213
        2.7600000000         1.0500000000        -0.6834373213
        2.7650000000         1.0500000000        -0.6821635145
        2.7700000000         1.0500000000        -0.6796159009
        2.7750000000         1.0500000000        -0.6770682873
        2.7800000000         1.0500000000        -0.6732468670
        2.7850000000         1.0500000000        -0.6936277755
        2.7900000000         1.0500000000        -0.6808897077
        2.7950000000         1.0500000000        -0.6796159009
        2.8000000000         1.0500000000        -0.6808897077
        2.8050000000         1.0500000000        -0.6808897077
        2.8100000000         1.0500000000        -0.6834373213
        2.8150000000         1.0500000000        -0.6987230027
        2.8200000000         1.0500000000        -0.6783420941
        2.8250000000         1.0500000000        -0.6821635145
        2.8300000000         1.0500000000        -0.6732468670
        2.8350000000         1.0500000000        -0.6847111280
        2.8400000000         1.0500000000        -0.6936277755
        2.8450000000         1.0500000000        -0.6872587416
        2.8500000000         1.0500000000        -0.6859849348
        2.8550000000         1.0500000000        -0.6847111280
        2.8600000000         1.0500000000        -0.6783420941
        2.8650000000         1.0500000000        -0.6936277755
        2.8700000000         1.0500000000        -0.6859849348
        2.8750000000         1.0500000000        -0.6974491959
        2.8800000000         1.0500000000        -0.6898063552
        2.8850000000         1.0500000000        -0.6910801620
        2.8900000000         1.0500000000        -0.6961753891
        2.8950000000         1.0500000000        -0.6949015823
        2.9000000000         1.0500000000        -0.6910801620
        2.9050000000         1.0500000000        -0.6872587416
        2.9100000000         1.0500000000        -0.6910801620
        2.9150000000         1.0500000000        -0.6936277755
        2.9200000000         1.0500000000        -0.6898063552
        2.9250000000         1.0500000000        -0.6872587416
        2.9300000000         1.0500000000        -0.6859849348
        2.9350000000         1.0500000000        -0.6936277755
        2.9400000000         1.0500000000        -0.6949015823
        2.9450000000         1.0500000000        -0.6898063552
        2.9500000000         1.0500000000        -0.6872587416
        2.9550000000         1.0500000000        -0.6961753891
        2.9600000000         1.0500000000        -0.6974491959
        2.9650000000         1.0500000000        -0.6910801620
        2.9700000000         1.0500000000        -0.6910801620
        2.9750000000         1.0500000000        -0.6936277755
        2.9800000000         1.0500000000        -0.7025444230
        2.9850000000         1.0500000000        -0.6885325484
        2.9900000000         1.0500000000        -0.7038182298
        2.9950000000         1.0500000000        -0.6910801620
        3.0000000000         1.0500000000        -0.7089134569
        3.0050000000         1.0500000000        -0.6872587416
        3.0100000000         1.0500000000        -0.6643302195
        3.0150000000         1.0500000000        -0.7038182298
        3.0200000000         1.0500000000        -0.6898063552
        3.0250000000         1.0500000000        -0.6783420941
        3.0300000000         1.0500000000        -0.7050920366
        3.0350000000         1.0500000000        -0.6745206738
        3.0400000000         1.0500000000        -0.6859849348
        3.0450000000         1.0500000000        -0.6885325484
        3.0500000000         1.0500000000        -0.6796159009
        3.0550000000         1.0500000000        -0.6910801620
        3.0600000000         1.0500000000        -0.6770682873
        3.0650000000         1.0500000000        -0.6834373213
        3.0700000000         1.0500000000        -0.6783420941
        3.0750000000         1.0500000000        -0.6834373213
        3.0800000000         1.0500000000        -0.6847111280
        3.0850000000         1.0500000000        -0.6872587416
        3.0900000000         1.0500000000        -0.6847111280
        3.0950000000         1.0500000000        -0.6859849348
        3.1000000000         1.0500000000        -0.6732468670
        3.1050000000         1.0500000000        -0.6859849348
        3.1100000000         1.0500000000        -0.6808897077
        3.1150000000         1.0500000000        -0.6808897077
        3.1200000000         1.0500000000        -0.6910801620
        3.1250000000         1.0500000000        -0.6859849348
        3.1300000000         1.0500000000        -0.6859849348
        3.1350000000         1.0500000000        -0.6783420941
        3.1400000000         1.0500000000        -0.6808897077
        3.1450000000         1.0500000000        -0.6770682873
        3.1500000000         1.0500000000        -0.6808897077
        3.1550000000         1.0500000000        -0.6834373213
        3.1600000000         1.0500000000        -0.6898063552
        3.1650000000         1.0500000000        -0.6757944806
        3.1700000000         1.0500000000        -0.6847111280
        3.1750000000         1.0500000000        -0.6821635145
        3.1800000000         1.0500000000        -0.6770682873
        3.1850000000         1.0500000000        -0.6923539687
        3.1900000000         1.0500000000        -0.6872587416
        3.1950000000         1.0500000000        -0.6834373213
        3.2000000000         1.0500000000        -0.6796159009
        3.2050000000         1.0500000000        -0.6936277755
        3.2100000000         1.0500000000        -0.6872587416
        3.2150000000         1.0500000000        -0.6821635145
        3.2200000000         1.0500000000        -0.6936277755
        3.2250000000         1.0500000000        -0.6936277755
        3.2300000000         1.0500000000        -0.6834373213
        3.2350000000         1.0500000000        -0.6910801620
        3.2400000000         1.0500000000        -0.6872587416
        3.2450000000         1.0500000000        -0.6936277755
        3.2500000000         1.0500000000        -0.6859849348
        3.2550000000         1.0500000000        -0.6872587416
        3.2600000000         1.0500000000        -0.6923539687
        3.2650000000         1.0500000000        -0.6898063552
        3.2700000000         1.0500000000        -0.6961753891
        3.2750000000         1.0500000000        -0.6898063552
        3.2800000000         1.0500000000        -0.6936277755
        3.2850000000         1.0500000000        -0.6910801620
        3.2900000000         1.0500000000        -0.6859849348
        3.2950000000         1.0500000000        -0.6949015823
        3.3000000000         1.0500000000        -0.6898063552
        3.3050000000         1.0500000000        -0.6987230027
        3.3100000000         1.0500000000        -0.6885325484
        3.3150000000         1.0500000000        -0.6936277755
        3.3200000000         1.0500000000        -0.7025444230
        3.3250000000         1.0500000000        -0.6936277755
        3.3300000000         1.0500000000        -0.6936277755
        3.3350000000         1.0500000000        -0.6834373213
        3.3400000000         1.0500000000        -0.7025444230
        3.3450000000         1.0500000000        -0.7038182298
        3.3500000000         1.0500000000        -0.6936277755
        3.3550000000         1.0500000000        -0.6961753891
        3.3600000000         1.0500000000        -0.6898063552
        3.3650000000         1.0500000000        -0.7063658434
        3.3700000000         1.0500000000        -0.6872587416
        3.3750000000         1.0500000000        -0.6936277755
        3.3800000000         1.0500000000        -0.6923539687
        3.3850000000         1.0500000000        -0.6936277755
        3.3900000000         1.0500000000        -0.6949015823
        3.3950000000         1.0500000000        -0.6910801620
        3.4000000000         1.0500000000        -0.6783420941
        3.4050000000         1.0500000000        -0.6706992534
        3.4100000000         1.0500000000        -0.6847111280
        3.4150000000         1.0500000000        -0.6821635145
        3.4200000000         1.0500000000        -0.6936277755
        3.4250000000         1.0500000000        -0.6821635145
        3.4300000000         1.0500000000        -0.6872587416
        3.4350000000         1.0500000000        -0.6745206738
        3.4400000000         1.0500000000        -0.6821635145
        3.4450000000         1.0500000000        -0.6821635145
        3.4500000000         1.0500000000        -0.6859849348
        3.4550000000         1.0500000000        -0.6885325484
        3.4600000000         1.0500000000        -0.6796159009
        3.4650000000         1.0500000000        -0.6821635145
        3.4700000000         1.0500000000        -0.6783420941
        3.4750000000         1.0500000000        -0.6859849348
        3.4800000000         1.0500000000        -0.6821635145
        3.4850000000         1.0500000000        -0.6796159009
        3.4900000000         1.0500000000        -0.6796159009
        3.4950000000         1.0500000000        -0.6732468670
        3.5000000000         1.0500000000        -0.6834373213
        3.5050000000         1.0500000000        -0.6834373213
        3.5100000000         1.0500000000        -0.6821635145
        3.5150000000         1.0500000000        -0.6732468670
        3.5200000000         1.0500000000        -0.6808897077
        3.5250000000         1.0500000000        -0.6796159009
        3.5300000000         1.0500000000        -0.6847111280
        3.5350000000         1.0500000000        -0.6859849348
        3.5400000000         1.0500000000        -0.6834373213
        3.5450000000         1.0500000000        -0.6834373213
        3.5500000000         1.0500000000        -0.6898063552
        3.5550000000         1.0500000000        -0.6910801620
        3.5600000000         1.0500000000        -0.6847111280
        3.5650000000         1.0500000000        -0.6936277755
        3.5700000000         1.0500000000        -0.6859849348
        3.5750000000         1.0500000000        -0.6834373213
        3.5800000000         1.0500000000        -0.6923539687
        3.5850000000         1.0500000000        -0.6949015823
        3.5900000000         1.0500000000        -0.6898063552
        3.5950000000         1.0500000000        -0.6821635145
        3.6000000000         1.0500000000        -0.6885325484
        3.6050000000         1.0500000000        -0.6834373213
        3.6100000000         1.0500000000        -0.6987230027
        3.6150000000         1.0500000000        -0.6974491959
        3.6200000000         1.0500000000        -0.6910801620
        3.6250000000         1.0500000000        -0.6834373213
        3.6300000000         1.0500000000        -0.6885325484
        3.6350000000         1.0500000000        -0.6974491959
        3.6400000000         1.0500000000        -0.7025444230
        3.6450000000         1.0500000000        -0.6974491959
        3.6500000000         1.0500000000        -0.6859849348
        3.6550000000         1.0500000000        -0.6821635145
        3.6600000000         1.0500000000        -0.7089134569
        3.6650000000         1.0500000000        -0.7050920366
        3.6700000000         1.0500000000        -0.6987230027
        3.6750000000         1.0500000000        -0.6923539687
        3.6800000000         1.0500000000        -0.6859849348
        3.6850000000         1.0500000000        -0.7063658434
        3.6900000000         1.0500000000        -0.7063658434
        3.6950000000         1.0500000000        -0.6936277755
        3.7000000000         1.0500000000        -0.6872587416
        3.7050000000         1.0500000000        -0.7050920366
        3.7100000000         1.0500000000        -0.6987230027
        3.7150000000         1.0500000000        -0.6898063552
        3.7200000000         1.0500000000        -0.6898063552
        3.7250000000         1.0500000000        -0.7025444230
        3.7300000000         1.0500000000        -0.6847111280
        3.7350000000         1.0500000000        -0.6898063552
        3.7400000000         1.0500000000        -0.6859849348
        3.7450000000         1.0500000000        -0.6961753891
        3.7500000000         1.0500000000        -0.6834373213
        3.7550000000         1.0500000000        -0.6910801620
        3.7600000000         1.0500000000        -0.6770682873
        3.7650000000         1.0500000000        -0.6859849348
        3.7700000000         1.0500000000        -0.6859849348
        3.7750000000         1.0500000000        -0.6808897077
        3.7800000000         1.0500000000        -0.6898063552
        3.7850000000         1.0500000000        -0.6834373213
        3.7900000000         1.0500000000        -0.6885325484
        3.7950000000         1.0500000000        -0.6808897077
        3.8000000000         1.0500000000        -0.6821635145
        3.8050000000         1.0500000000        -0.6847111280
        3.8100000000         1.0500000000        -0.6796159009
        3.8150000000         1.0500000000        -0.6732468670
        3.8200000000         1.0500000000        -0.6796159009
        3.8250000000         1.0500000000        -0.6770682873
        3.8300000000         1.0500000000        -0.6643302195
        3.8350000000         1.0500000000        -0.6783420941
        3.8400000000         1.0500000000        -0.6770682873
        3.8450000000         1.0500000000        -0.6834373213
        3.8500000000         1.0500000000        -0.6961753891
        3.8550000000         1.0500000000        -0.6757944806
        3.8600000000         1.0500000000        -0.6719730602
        3.8650000000         1.0500000000        -0.6821635145
        3.8700000000         1.0500000000        -0.6757944806
        3.8750000000         1.0500000000        -0.6936277755
        3.8800000000         1.0500000000        -0.6872587416
        3.8850000000         1.0500000000        -0.6834373213
        3.8900000000         1.0500000000        -0.6808897077
        3.8950000000         1.0500000000        -0.6757944806
        3.9000000000         1.0500000000        -0.6847111280
        3.9050000000         1.0500000000        -0.6974491959
        3.9100000000         1.0500000000        -0.6834373213
        3.9150000000         1.0500000000        -0.6885325484
        3.9200000000         1.0500000000        -0.6885325484
        3.9250000000         1.0500000000        -0.6936277755
        3.9300000000         1.0500000000        -0.6910801620
        3.9350000000         1.0500000000        -0.6834373213
        3.9400000000         1.0500000000        -0.6834373213
        3.9450000000         1.0500000000        -0.6961753891
        3.9500000000         1.0500000000        -0.6923539687
        3.9550000000         1.0500000000        -0.6961753891
        3.9600000000         1.0500000000        -0.6834373213
        3.9650000000         1.0500000000        -0.6847111280
        3.9700000000         1.0500000000        -0.6847111280
        3.9750000000         1.0500000000        -0.6961753891
        3.9800000000         1.0500000000        -0.6936277755
        3.9850000000         1.0500000000        -0.6885325484
        3.9900000000         1.0500000000        -0.6770682873
        3.9950000000         1.0500000000        -0.6859849348
        4.0000000000         1.0500000000        -0.6987230027
        4.0050000000         1.0500000000        -0.7050920366
        4.0100000000         1.0500000000        -0.6987230027
        4.0150000000         1.0500000000        -0.6821635145
        4.0200000000         1.0500000000        -0.6859849348
        4.0250000000         1.0500000000        -0.7038182298
        4.0300000000         1.0500000000        -0.7038182298
        4.0350000000         1.0500000000        -0.7025444230
        4.0400000000         1.0500000000        -0.6898063552
        4.0450000000         1.0500000000        -0.6834373213
        4.0500000000         1.0500000000        -0.7025444230
        4.0550000000         1.0500000000        -0.7063658434
        4.0600000000         1.0500000000        -0.6910801620
        4.0650000000         1.0500000000        -0.6949015823
        4.0700000000         1.0500000000        -0.7012706162
        4.0750000000         1.0500000000        -0.6847111280
        4.0800000000         1.0500000000        -0.6999968095
        4.0850000000         1.0500000000        -0.6898063552
        4.0900000000         1.0500000000        -0.6974491959
        4.0950000000         1.0500000000        -0.6910801620
        4.1000000000         1.0500000000        -0.6859849348
        4.1050000000         1.0500000000        -0.6834373213
        4.1100000000         1.0500000000        -0.6974491959
        4.1150000000         1.0500000000        -0.6872587416
        4.1200000000         1.0500000000        -0.6974491959
        4.1250000000         1.0500000000        -0.6783420941
        4.1300000000         1.0500000000        -0.6872587416
        4.1350000000         1.0500000000        -0.6936277755
        4.1400000000         1.0500000000        -0.6745206738
        4.1450000000         1.0500000000        -0.6949015823
        4.1500000000         1.0500000000        -0.6796159009
        4.1550000000         1.0500000000        -0.6821635145
        4.1600000000         1.0500000000        -0.6834373213
        4.1650000000         1.0500000000        -0.6796159009
        4.1700000000         1.0500000000        -0.6885325484
        4.1750000000         1.0500000000        -0.6808897077
        4.1800000000         1.0500000000        -0.6847111280
        4.1850000000         1.0500000000        -0.6834373213
        4.1900000000         1.0500000000        -0.6808897077
        4.1950000000         1.0500000000        -0.6834373213
        4.2000000000         1.0500000000        -0.6859849348
        4.2050000000         1.0500000000        -0.6834373213
        4.2100000000         1.0500000000        -0.6936277755
        4.2150000000         1.0500000000        -0.6808897077
        4.2200000000         1.0500000000        -0.6821635145
        4.2250000000         1.0500000000        -0.6859849348
        4.2300000000         1.0500000000        -0.6630564127
        4.2350000000         1.0500000000        -0.6885325484
        4.2400000000         1.0500000000        -0.6974491959
        4.2450000000         1.0500000000        -0.6910801620
        4.2500000000         1.0500000000        -0.6821635145
        4.2550000000         1.0500000000        -0.6847111280
        4.2600000000         1.0500000000        -0.6885325484
        4.2650000000         1.0500000000        -0.6923539687
        4.2700000000         1.0500000000        -0.6898063552
        4.2750000000         1.0500000000        -0.7012706162
        4.2800000000         1.0500000000        -0.6910801620
        4.2850000000         1.0500000000        -0.6668778331
        4.2900000000         1.0500000000        -0.6910801620
        4.2950000000         1.0500000000        -0.6999968095
        4.3000000000         1.0500000000        -0.6847111280
        4.3050000000         1.0500000000        -0.6808897077
        4.3100000000         1.0500000000        -0.6936277755
        4.3150000000         1.0500000000        -0.6859849348
        4.3200000000         1.0500000000        -0.6923539687
        4.3250000000         1.0500000000        -0.6949015823
        4.3300000000         1.0500000000        -0.6898063552
        4.3350000000         1.0500000000        -0.6923539687
        4.3400000000         1.0500000000        -0.6898063552
        4.3450000000         1.0500000000        -0.7025444230
        4.3500000000         1.0500000000        -0.6949015823
        4.3550000000         1.0500000000        -0.6898063552
        4.3600000000         1.0500000000        -0.6910801620
        4.3650000000         1.0500000000        -0.7025444230
        4.3700000000         1.0500000000        -0.6999968095
        4.3750000000         1.0500000000        -0.6949015823
        4.3800000000         1.0500000000        -0.6898063552
        4.3850000000         1.0500000000        -0.6783420941
        4.3900000000         1.0500000000        -0.6987230027
        4.3950000000         1.0500000000        -0.6961753891
        4.4000000000         1.0500000000        -0.6961753891
        4.4050000000         1.0500000000        -0.6910801620
        4.4100000000         1.0500000000        -0.7025444230
        4.4150000000         1.0500000000        -0.6936277755
        4.4200000000         1.0500000000        -0.6910801620
        4.4250000000         1.0500000000        -0.6936277755
        4.4300000000         1.0500000000        -0.7012706162
        4.4350000000         1.0500000000        -0.6961753891
        4.4400000000         1.0500000000        -0.6821635145
        4.4450000000         1.0500000000        -0.6974491959
        4.4500000000         1.0500000000        -0.6999968095
        4.4550000000         1.0500000000        -0.7063658434
        4.4600000000         1.0500000000        -0.6936277755
        4.4650000000         1.0500000000        -0.6923539687
        4.4700000000         1.0500000000        -0.6961753891
        4.4750000000         1.0500000000        -0.6936277755
        4.4800000000         1.0500000000        -0.6999968095
        4.4850000000         1.0500000000        -0.6936277755
        4.4900000000         1.0500000000        -0.6834373213
        4.4950000000         1.0500000000        -0.6605087991
        4.5000000000         1.0500000000        -0.6808897077
        4.5050000000         1.0500000000        -0.6961753891
        4.5100000000         1.0500000000        -0.6579611856
        4.5150000000         1.0500000000        -0.6834373213
        4.5200000000         1.0500000000        -0.6923539687
        4.5250000000         1.0500000000        -0.6770682873
        4.5300000000         1.0500000000        -0.6859849348
        4.5350000000         1.0500000000        -0.6757944806
        4.5400000000         1.0500000000        -0.6910801620
        4.5450000000         1.0500000000        -0.6796159009
        4.5500000000         1.0500000000        -0.6796159009
        4.5550000000         1.0500000000        -0.6872587416
        4.5600000000         1.0500000000        -0.6821635145
        4.5650000000         1.0500000000        -0.6757944806
        4.5700000000         1.0500000000        -0.6872587416
        4.5750000000         1.0500000000        -0.6872587416
        4.5800000000         1.0500000000        -0.6796159009
        4.5850000000         1.0500000000        -0.6898063552
        4.5900000000         1.0500000000        -0.6872587416
        4.5950000000         1.0500000000        -0.6757944806
        4.6000000000         1.0500000000        -0.6936277755
        4.6050000000         1.0500000000        -0.6859849348
        4.6100000000         1.0500000000        -0.6859849348
        4.6150000000         1.0500000000        -0.6834373213
        4.6200000000         1.0500000000        -0.6834373213
        4.6250000000         1.0500000000        -0.6859849348
        4.6300000000         1.0500000000        -0.6885325484
        4.6350000000         1.0500000000        -0.6834373213
        4.6400000000         1.0500000000        -0.6987230027
        4.6450000000         1.0500000000        -0.6770682873
        4.6500000000         1.0500000000        -0.6770682873
        4.6550000000         1.0500000000        -0.6808897077
        4.6600000000         1.0500000000        -0.6872587416
        4.6650000000         1.0500000000        -0.6885325484
        4.6700000000         1.0500000000        -0.6898063552
        4.6750000000         1.0500000000        -0.6885325484
        4.6800000000         1.0500000000        -0.7012706162
        4.6850000000         1.0500000000        -0.6732468670
        4.6900000000         1.0500000000        -0.6999968095
        4.6950000000         1.0500000000        -0.6923539687
        4.7000000000         1.0500000000        -0.6923539687
        4.7050000000         1.0500000000        -0.6923539687
        4.7100000000         1.0500000000        -0.6910801620
        4.7150000000         1.0500000000        -0.6923539687
        4.7200000000         1.0500000000        -0.6898063552
        4.7250000000         1.0500000000        -0.7050920366
        4.7300000000         1.0500000000        -0.6961753891
        4.7350000000         1.0500000000        -0.6910801620
        4.7400000000         1.0500000000        -0.6834373213
        4.7450000000         1.0500000000        -0.6999968095
        4.7500000000         1.0500000000        -0.7025444230
        4.7550000000         1.0500000000        -0.7038182298
        4.7600000000         1.0500000000        -0.6961753891
        4.7650000000         1.0500000000        -0.6885325484
        4.7700000000         1.0500000000        -0.6961753891
        4.7750000000         1.0500000000        -0.7012706162
        4.7800000000         1.0500000000        -0.6936277755
        4.7850000000         1.0500000000        -0.6859849348
        4.7900000000         1.0500000000        -0.6999968095
        4.7950000000         1.0500000000        -0.7025444230
        4.8000000000         1.0500000000        -0.6885325484
        4.8050000000         1.0500000000        -0.6936277755
        4.8100000000         1.0500000000        -0.6961753891
        4.8150000000         1.0500000000        -0.7038182298
        4.8200000000         1.0500000000        -0.6885325484
        4.8250000000         1.0500000000        -0.6936277755
        4.8300000000         1.0500000000        -0.6872587416
        4.8350000000         1.0500000000        -0.7101872637
        4.8400000000         1.0500000000        -0.6910801620
        4.8450000000         1.0500000000        -0.7038182298
        4.8500000000         1.0500000000        -0.6834373213
        4.8550000000         1.0500000000        -0.6834373213
        4.8600000000         1.0500000000        -0.6923539687
        4.8650000000         1.0500000000        -0.6796159009
        4.8700000000         1.0500000000        -0.6936277755
        4.8750000000         1.0500000000        -0.6872587416
        4.8800000000         1.0500000000        -0.6872587416
        4.8850000000         1.0500000000        -0.6796159009
        4.8900000000         1.0500000000        -0.6923539687
        4.8950000000         1.0500000000        -0.6821635145
        4.9000000000         1.0500000000        -0.6885325484
        4.9050000000         1.0500000000        -0.6859849348
        4.9100000000         1.0500000000        -0.6796159009
        4.9150000000         1.0500000000        -0.6783420941
        4.9200000000         1.0500000000        -0.6859849348
        4.9250000000         1.0500000000        -0.6872587416
        4.9300000000         1.0500000000        -0.6885325484
        4.9350000000         1.0500000000        -0.6885325484
        4.9400000000         1.0500000000        -0.6859849348
        4.9450000000         1.0500000000        -0.6834373213
        4.9500000000         1.0500000000        -0.6872587416
        4.9550000000         1.0500000000        -0.6872587416
        4.9600000000         1.0500000000        -0.6847111280
        4.9650000000         1.0500000000        -0.6923539687
        4.9700000000         1.0500000000        -0.6808897077
        4.9750000000         1.0500000000        -0.6847111280
        4.9800000000         1.0500000000        -0.6898063552
        4.9850000000         1.0500000000        -0.6949015823
        4.9900000000         1.0500000000        -0.6859849348
        4.9950000000         1.0500000000        -0.6923539687
        5.0000000000         1.0500000000        -0.6859849348
        5.0050000000         1.0500000000        -0.6961753891
        5.0100000000         1.0500000000        -0.6821635145
        5.0150000000         1.0500000000        -0.6898063552
        5.0200000000         1.0500000000        -0.6872587416
        5.0250000000         1.0500000000        -0.6528659584
        5.0300000000         1.0500000000        -0.6885325484
        5.0350000000         1.0500000000        -0.6923539687
        5.0400000000         1.0500000000        -0.6885325484
        5.0450000000         1.0500000000        -0.6923539687
        5.0500000000         1.0500000000        -0.6834373213
        5.0550000000         1.0500000000        -0.6834373213
        5.0600000000         1.0500000000        -0.6949015823
        5.0650000000         1.0500000000        -0.6910801620
        5.0700000000         1.0500000000        -0.6923539687
        5.0750000000         1.0500000000        -0.6885325484
        5.0800000000         1.0500000000        -0.6859849348
        5.0850000000         1.0500000000        -0.6949015823
        5.0900000000         1.0500000000        -0.7025444230
        5.0950000000         1.0500000000        -0.6885325484
        5.1000000000         1.0500000000        -0.6872587416
        5.1050000000         1.0500000000        -0.6847111280
        5.1100000000         1.0500000000        -0.6999968095
        5.1150000000         1.0500000000        -0.7012706162
        5.1200000000         1.0500000000        -0.7063658434
        5.1250000000         1.0500000000        -0.6974491959
        5.1300000000         1.0500000000        -0.6834373213
        5.1350000000         1.0500000000        -0.7063658434
        5.1400000000         1.0500000000        -0.6987230027
        5.1450000000         1.0500000000        -0.6923539687
        5.1500000000         1.0500000000        -0.6859849348
        5.1550000000         1.0500000000        -0.6974491959
        5.1600000000         1.0500000000        -0.6987230027
        5.1650000000         1.0500000000        -0.6910801620
        5.1700000000         1.0500000000        -0.6999968095
        5.1750000000         1.0500000000        -0.6987230027
        5.1800000000         1.0500000000        -0.6923539687
        5.1850000000         1.0500000000        -0.6949015823
        5.1900000000         1.0500000000        -0.6987230027
        5.1950000000         1.0500000000        -0.6974491959
        5.2000000000         1.0500000000        -0.6961753891
        5.2050000000         1.0500000000        -0.6923539687
        5.2100000000         1.0500000000        -0.7012706162
        5.2150000000         1.0500000000        -0.6834373213
        5.2200000000         1.0500000000        -0.6961753891
        5.2250000000         1.0500000000        -0.6859849348
        5.2300000000         1.0500000000        -0.6834373213
        5.2350000000         1.0500000000        -0.6961753891
        5.2400000000         1.0500000000        -0.6834373213
        5.2450000000         1.0500000000        -0.6949015823
        5.2500000000         1.0500000000        -0.6770682873
        5.2550000000         1.0500000000        -0.6885325484
        5.2600000000         1.0500000000        -0.6783420941
        5.2650000000         1.0500000000        -0.6923539687
        5.2700000000         1.0500000000        -0.6859849348
        5.2750000000         1.0500000000        -0.6936277755
        5.2800000000         1.0500000000        -0.6834373213
        5.2850000000         1.0500000000        -0.6770682873
        5.2900000000         1.0500000000        -0.6847111280
        5.2950000000         1.0500000000        -0.6872587416
        5.3000000000         1.0500000000        -0.6936277755
        5.3050000000         1.0500000000        -0.6808897077
        5.3100000000         1.0500000000        -0.6783420941
        5.3150000000         1.0500000000        -0.6898063552
        5.3200000000         1.0500000000        -0.6796159009
        5.3250000000         1.0500000000        -0.6936277755
        5.3300000000         1.0500000000        -0.6859849348
        5.3350000000         1.0500000000        -0.6808897077
        5.3400000000         1.0500000000        -0.6796159009
        5.3450000000         1.0500000000        -0.6834373213
        5.3500000000         1.0500000000        -0.6923539687
        5.3550000000         1.0500000000        -0.6834373213
        5.3600000000         1.0500000000        -0.6783420941
        5.3650000000         1.0500000000        -0.6936277755
        5.3700000000         1.0500000000        -0.6757944806
        5.3750000000         1.0500000000        -0.6910801620
        5.3800000000         1.0500000000        -0.6898063552
        5.3850000000         1.0500000000        -0.6885325484
        5.3900000000         1.0500000000        -0.6783420941
        5.3950000000         1.0500000000        -0.6834373213
        5.4000000000         1.0500000000        -0.6961753891
        5.4050000000         1.0500000000        -0.7025444230
        5.4100000000         1.0500000000        -0.6796159009
        5.4150000000         1.0500000000        -0.6923539687
        5.4200000000         1.0500000000        -0.6859849348
        5.4250000000         1.0500000000        -0.6999968095
        5.4300000000         1.0500000000        -0.6885325484
        5.4350000000         1.0500000000        -0.6910801620
        5.4400000000         1.0500000000        -0.6821635145
        5.4450000000         1.0500000000        -0.6859849348
        5.4500000000         1.0500000000        -0.6961753891
        5.4550000000         1.0500000000        -0.6949015823
        5.4600000000         1.0500000000        -0.6936277755
        5.4650000000         1.0500000000        -0.6808897077
        5.4700000000         1.0500000000        -0.6834373213
        5.4750000000         1.0500000000        -0.6999968095
        5.4800000000         1.0500000000        -0.7025444230
        5.4850000000         1.0500000000        -0.6974491959
        5.4900000000         1.0500000000        -0.6885325484
        5.4950000000         1.0500000000        -0.6808897077
        5.5000000000         1.0500000000        -0.6974491959
        5.5050000000         1.0500000000        -0.6987230027
        5.5100000000         1.0500000000        -0.6961753891
        5.5150000000         1.0500000000        -0.6885325484
        5.5200000000         1.0500000000        -0.6999968095
        5.5250000000         1.0500000000        -0.6936277755
        5.5300000000         1.0500000000        -0.6999968095
        5.5350000000         1.0500000000        -0.7114610705
        5.5400000000         1.0500000000        -0.6936277755
