        0.9950000000         1.8000000000        -0.3611642048
        1.0000000000         1.8000000000        -0.3535213641
        1.0050000000         1.8000000000        -0.3586165912
        1.0100000000         1.8000000000        -0.3547951709
        1.0150000000         1.8000000000        -0.3535213641
        1.0200000000         1.8000000000        -0.3496999438
        1.0250000000         1.8000000000        -0.3624380116
        1.0300000000         1.8000000000        -0.3484261370
        1.0350000000         1.8000000000        -0.3624380116
        1.0400000000         1.8000000000        -0.3547951709
        1.0450000000         1.8000000000        -0.3662594320
        1.0500000000         1.8000000000        -0.3496999438
        1.0550000000         1.8000000000        -0.3535213641
        1.0600000000         1.8000000000        -0.3535213641
        1.0650000000         1.8000000000        -0.3675332387
        1.0700000000         1.8000000000        -0.3471523302
        1.0750000000         1.8000000000        -0.3637118184
        1.0800000000         1.8000000000        -0.3573427845
        1.0850000000         1.8000000000        -0.3547951709
        1.0900000000         1.8000000000        -0.3547951709
        1.0950000000         1.8000000000        -0.3547951709
        1.1000000000         1.8000000000        -0.3611642048
        1.1050000000         1.8000000000        -0.3649856252
        1.1100000000         1.8000000000        -0.3509737505
        1.1150000000         1.8000000000        -0.3535213641
        1.1200000000         1.8000000000        -0.3624380116
        1.1250000000         1.8000000000        -0.3446047166
        1.1300000000         1.8000000000        -0.3573427845
        1.1350000000         1.8000000000        -0.3433309098
        1.1400000000         1.8000000000        -0.3547951709
        1.1450000000         1.8000000000        -0.3471523302
        1.1500000000         1.8000000000        -0.3547951709
        1.1550000000         1.8000000000        -0.3458785234
        1.1600000000         1.8000000000        -0.3649856252
        1.1650000000         1.8000000000        -0.3318666488
        1.1700000000         1.8000000000        -0.3535213641
        1.1750000000         1.8000000000        -0.3420571031
        1.1800000000         1.8000000000        -0.3586165912
        1.1850000000         1.8000000000        -0.3420571031
        1.1900000000         1.8000000000        -0.3560689777
        1.1950000000         1.8000000000        -0.3280452284
        1.2000000000         1.8000000000        -0.3573427845
        1.2050000000         1.8000000000        -0.3331404556
        1.2100000000         1.8000000000        -0.3446047166
        1.2150000000         1.8000000000        -0.3305928420
        1.2200000000         1.8000000000        -0.3471523302
        1.2250000000         1.8000000000        -0.3216761945
        1.2300000000         1.8000000000        -0.3484261370
        1.2350000000         1.8000000000        -0.2911048317
        1.2400000000         1.8000000000        -0.3446047166
        1.2450000000         1.8000000000        -0.3204023877
        1.2500000000         1.8000000000        -0.3471523302
        1.2550000000         1.8000000000        -0.3293190352
        1.2600000000         1.8000000000        -0.3344142623
        1.2650000000         1.8000000000        -0.3267714216
        1.2700000000         1.8000000000        -0.3318666488
        1.2750000000         1.8000000000        -0.3305928420
        1.2800000000         1.8000000000        -0.3280452284
        1.2850000000         1.8000000000        -0.3267714216
        1.2900000000         1.8000000000        -0.3369618759
        1.2950000000         1.8000000000        -0.3305928420
        1.3000000000         1.8000000000        -0.3344142623
        1.3050000000         1.8000000000        -0.3318666488
        1.3100000000         1.8000000000        -0.3280452284
        1.3150000000         1.8000000000        -0.3369618759
        1.3200000000         1.8000000000        -0.3267714216
        1.3250000000         1.8000000000        -0.3407832963
        1.3300000000         1.8000000000        -0.3267714216
        1.3350000000         1.8000000000        -0.3407832963
        1.3400000000         1.8000000000        -0.3318666488
        1.3450000000         1.8000000000        -0.3369618759
        1.3500000000         1.8000000000        -0.3267714216
        1.3550000000         1.8000000000        -0.3395094895
        1.3600000000         1.8000000000        -0.3254976149
        1.3650000000         1.8000000000        -0.3382356827
        1.3700000000         1.8000000000        -0.3254976149
        1.3750000000         1.8000000000        -0.3560689777
        1.3800000000         1.8000000000        -0.3153071606
        1.3850000000         1.8000000000        -0.3446047166
        1.3900000000         1.8000000000        -0.3331404556
        1.3950000000         1.8000000000        -0.3382356827
        1.4000000000         1.8000000000        -0.3331404556
        1.4050000000         1.8000000000        -0.3382356827
        1.4100000000         1.8000000000        -0.3305928420
        1.4150000000         1.8000000000        -0.3407832963
        1.4200000000         1.8000000000        -0.3369618759
        1.4250000000         1.8000000000        -0.3458785234
        1.4300000000         1.8000000000        -0.3216761945
        1.4350000000         1.8000000000        -0.3586165912
        1.4400000000         1.8000000000        -0.3280452284
        1.4450000000         1.8000000000        -0.3433309098
        1.4500000000         1.8000000000        -0.3267714216
        1.4550000000         1.8000000000        -0.3560689777
        1.4600000000         1.8000000000        -0.3267714216
        1.4650000000         1.8000000000        -0.3420571031
        1.4700000000         1.8000000000        -0.3458785234
        1.4750000000         1.8000000000        -0.3458785234
        1.4800000000         1.8000000000        -0.3395094895
        1.4850000000         1.8000000000        -0.3573427845
        1.4900000000         1.8000000000        -0.3356880691
        1.4950000000         1.8000000000        -0.3420571031
        1.5000000000         1.8000000000        -0.3395094895
        1.5050000000         1.8000000000        -0.3560689777
        1.5100000000         1.8000000000        -0.3344142623
        1.5150000000         1.8000000000        -0.3624380116
        1.5200000000         1.8000000000        -0.3420571031
        1.5250000000         1.8000000000        -0.3535213641
        1.5300000000         1.8000000000        -0.3382356827
        1.5350000000         1.8000000000        -0.3382356827
        1.5400000000         1.8000000000        -0.3407832963
        1.5450000000         1.8000000000        -0.3471523302
        1.5500000000         1.8000000000        -0.3165809674
        1.5550000000         1.8000000000        -0.3484261370
        1.5600000000         1.8000000000        -0.3458785234
        1.5650000000         1.8000000000        -0.3535213641
        1.5700000000         1.8000000000        -0.3484261370
        1.5750000000         1.8000000000        -0.3496999438
        1.5800000000         1.8000000000        -0.3522475573
        1.5850000000         1.8000000000        -0.3547951709
        1.5900000000         1.8000000000        -0.3573427845
        1.5950000000         1.8000000000        -0.3484261370
        1.6000000000         1.8000000000        -0.3598903980
        1.6050000000         1.8000000000        -0.3420571031
        1.6100000000         1.8000000000        -0.3535213641
        1.6150000000         1.8000000000        -0.3535213641
        1.6200000000         1.8000000000        -0.3560689777
        1.6250000000         1.8000000000        -0.3496999438
        1.6300000000         1.8000000000        -0.3522475573
        1.6350000000         1.8000000000        -0.3637118184
        1.6400000000         1.8000000000        -0.3496999438
        1.6450000000         1.8000000000        -0.3598903980
        1.6500000000         1.8000000000        -0.3484261370
        1.6550000000         1.8000000000        -0.3547951709
        1.6600000000         1.8000000000        -0.3624380116
        1.6650000000         1.8000000000        -0.3509737505
        1.6700000000         1.8000000000        -0.3471523302
        1.6750000000         1.8000000000        -0.3573427845
        1.6800000000         1.8000000000        -0.3586165912
        1.6850000000         1.8000000000        -0.3420571031
        1.6900000000         1.8000000000        -0.3688070455
        1.6950000000         1.8000000000        -0.3598903980
        1.7000000000         1.8000000000        -0.3407832963
        1.7050000000         1.8000000000        -0.3573427845
        1.7100000000         1.8000000000        -0.3713546591
        1.7150000000         1.8000000000        -0.3535213641
        1.7200000000         1.8000000000        -0.3611642048
        1.7250000000         1.8000000000        -0.3560689777
        1.7300000000         1.8000000000        -0.3688070455
        1.7350000000         1.8000000000        -0.3369618759
        1.7400000000         1.8000000000        -0.3700808523
        1.7450000000         1.8000000000        -0.3547951709
        1.7500000000         1.8000000000        -0.3522475573
        1.7550000000         1.8000000000        -0.3611642048
        1.7600000000         1.8000000000        -0.3611642048
        1.7650000000         1.8000000000        -0.3509737505
        1.7700000000         1.8000000000        -0.3624380116
        1.7750000000         1.8000000000        -0.3649856252
        1.7800000000         1.8000000000        -0.3484261370
        1.7850000000         1.8000000000        -0.3598903980
        1.7900000000         1.8000000000        -0.3547951709
        1.7950000000         1.8000000000        -0.3624380116
        1.8000000000         1.8000000000        -0.3522475573
        1.8050000000         1.8000000000        -0.3726284659
        1.8100000000         1.8000000000        -0.3535213641
        1.8150000000         1.8000000000        -0.3675332387
        1.8200000000         1.8000000000        -0.3598903980
        1.8250000000         1.8000000000        -0.3573427845
        1.8300000000         1.8000000000        -0.3586165912
        1.8350000000         1.8000000000        -0.3535213641
        1.8400000000         1.8000000000        -0.3598903980
        1.8450000000         1.8000000000        -0.3560689777
        1.8500000000         1.8000000000        -0.3484261370
        1.8550000000         1.8000000000        -0.3598903980
        1.8600000000         1.8000000000        -0.3458785234
        1.8650000000         1.8000000000        -0.3598903980
        1.8700000000         1.8000000000        -0.3586165912
        1.8750000000         1.8000000000        -0.3484261370
        1.8800000000         1.8000000000        -0.3713546591
        1.8850000000         1.8000000000        -0.3382356827
        1.8900000000         1.8000000000        -0.3573427845
        1.8950000000         1.8000000000        -0.3407832963
        1.9000000000         1.8000000000        -0.3496999438
        1.9050000000         1.8000000000        -0.3369618759
        1.9100000000         1.8000000000        -0.3509737505
        1.9150000000         1.8000000000        -0.3446047166
        1.9200000000         1.8000000000        -0.3420571031
        1.9250000000         1.8000000000        -0.3331404556
        1.9300000000         1.8000000000        -0.3484261370
        1.9350000000         1.8000000000        -0.3229500013
        1.9400000000         1.8000000000        -0.3484261370
        1.9450000000         1.8000000000        -0.3395094895
        1.9500000000         1.8000000000        -0.3140333538
        1.9550000000         1.8000000000        -0.3267714216
        1.9600000000         1.8000000000        -0.3356880691
        1.9650000000         1.8000000000        -0.3446047166
        1.9700000000         1.8000000000        -0.3305928420
        1.9750000000         1.8000000000        -0.3331404556
        1.9800000000         1.8000000000        -0.3382356827
        1.9850000000         1.8000000000        -0.3280452284
        1.9900000000         1.8000000000        -0.3280452284
        1.9950000000         1.8000000000        -0.3395094895
        2.0000000000         1.8000000000        -0.3267714216
        2.0050000000         1.8000000000        -0.3433309098
        2.0100000000         1.8000000000        -0.3140333538
        2.0150000000         1.8000000000        -0.3382356827
        2.0200000000         1.8000000000        -0.3242238081
        2.0250000000         1.8000000000        -0.3318666488
        2.0300000000         1.8000000000        -0.3229500013
        2.0350000000         1.8000000000        -0.3395094895
        2.0400000000         1.8000000000        -0.3267714216
        2.0450000000         1.8000000000        -0.3382356827
        2.0500000000         1.8000000000        -0.3318666488
        2.0550000000         1.8000000000        -0.3344142623
        2.0600000000         1.8000000000        -0.3204023877
        2.0650000000         1.8000000000        -0.3420571031
        2.0700000000         1.8000000000        -0.3267714216
        2.0750000000         1.8000000000        -0.3395094895
        2.0800000000         1.8000000000        -0.3267714216
        2.0850000000         1.8000000000        -0.3471523302
        2.0900000000         1.8000000000        -0.3216761945
        2.0950000000         1.8000000000        -0.3305928420
        2.1000000000         1.8000000000        -0.3458785234
        2.1050000000         1.8000000000        -0.2962000588
        2.1100000000         1.8000000000        -0.3407832963
        2.1150000000         1.8000000000        -0.3331404556
        2.1200000000         1.8000000000        -0.3369618759
        2.1250000000         1.8000000000        -0.3318666488
        2.1300000000         1.8000000000        -0.3356880691
        2.1350000000         1.8000000000        -0.3369618759
        2.1400000000         1.8000000000        -0.3344142623
        2.1450000000         1.8000000000        -0.3305928420
        2.1500000000         1.8000000000        -0.3484261370
        2.1550000000         1.8000000000        -0.3293190352
        2.1600000000         1.8000000000        -0.3382356827
        2.1650000000         1.8000000000        -0.3280452284
        2.1700000000         1.8000000000        -0.3458785234
        2.1750000000         1.8000000000        -0.3280452284
        2.1800000000         1.8000000000        -0.3446047166
        2.1850000000         1.8000000000        -0.3395094895
        2.1900000000         1.8000000000        -0.3369618759
        2.1950000000         1.8000000000        -0.3331404556
        2.2000000000         1.8000000000        -0.3446047166
        2.2050000000         1.8000000000        -0.3382356827
        2.2100000000         1.8000000000        -0.3496999438
        2.2150000000         1.8000000000        -0.3382356827
        2.2200000000         1.8000000000        -0.3407832963
        2.2250000000         1.8000000000        -0.3407832963
        2.2300000000         1.8000000000        -0.3637118184
        2.2350000000         1.8000000000        -0.3496999438
        2.2400000000         1.8000000000        -0.3407832963
        2.2450000000         1.8000000000        -0.3496999438
        2.2500000000         1.8000000000        -0.3458785234
        2.2550000000         1.8000000000        -0.3420571031
        2.2600000000         1.8000000000        -0.3535213641
        2.2650000000         1.8000000000        -0.3458785234
        2.2700000000         1.8000000000        -0.3458785234
        2.2750000000         1.8000000000        -0.3484261370
        2.2800000000         1.8000000000        -0.3446047166
        2.2850000000         1.8000000000        -0.3560689777
        2.2900000000         1.8000000000        -0.3395094895
        2.2950000000         1.8000000000        -0.3547951709
        2.3000000000         1.8000000000        -0.3509737505
        2.3050000000         1.8000000000        -0.3598903980
        2.3100000000         1.8000000000        -0.3458785234
        2.3150000000         1.8000000000        -0.3471523302
        2.3200000000         1.8000000000        -0.3012952860
        2.3250000000         1.8000000000        -0.3624380116
        2.3300000000         1.8000000000        -0.3433309098
        2.3350000000         1.8000000000        -0.3598903980
        2.3400000000         1.8000000000        -0.3407832963
        2.3450000000         1.8000000000        -0.3573427845
        2.3500000000         1.8000000000        -0.3446047166
        2.3550000000         1.8000000000        -0.3484261370
        2.3600000000         1.8000000000        -0.3484261370
        2.3650000000         1.8000000000        -0.3407832963
        2.3700000000         1.8000000000        -0.3420571031
        2.3750000000         1.8000000000        -0.3547951709
        2.3800000000         1.8000000000        -0.3446047166
        2.3850000000         1.8000000000        -0.3458785234
        2.3900000000         1.8000000000        -0.3573427845
        2.3950000000         1.8000000000        -0.3471523302
        2.4000000000         1.8000000000        -0.3496999438
        2.4050000000         1.8000000000        -0.3624380116
        2.4100000000         1.8000000000        -0.3560689777
        2.4150000000         1.8000000000        -0.3535213641
        2.4200000000         1.8000000000        -0.3547951709
        2.4250000000         1.8000000000        -0.3662594320
        2.4300000000         1.8000000000        -0.3254976149
        2.4350000000         1.8000000000        -0.3598903980
        2.4400000000         1.8000000000        -0.3560689777
        2.4450000000         1.8000000000        -0.3560689777
        2.4500000000         1.8000000000        -0.3471523302
        2.4550000000         1.8000000000        -0.3688070455
        2.4600000000         1.8000000000        -0.3547951709
        2.4650000000         1.8000000000        -0.3522475573
        2.4700000000         1.8000000000        -0.3547951709
        2.4750000000         1.8000000000        -0.3522475573
        2.4800000000         1.8000000000        -0.3611642048
        2.4850000000         1.8000000000        -0.3560689777
        2.4900000000         1.8000000000        -0.3662594320
        2.4950000000         1.8000000000        -0.3637118184
        2.5000000000         1.8000000000        -0.3458785234
        2.5050000000         1.8000000000        -0.3675332387
        2.5100000000         1.8000000000        -0.3649856252
        2.5150000000         1.8000000000        -0.3535213641
        2.5200000000         1.8000000000        -0.3649856252
        2.5250000000         1.8000000000        -0.3535213641
        2.5300000000         1.8000000000        -0.3662594320
        2.5350000000         1.8000000000        -0.3484261370
        2.5400000000         1.8000000000        -0.3624380116
        2.5450000000         1.8000000000        -0.3535213641
        2.5500000000         1.8000000000        -0.3637118184
        2.5550000000         1.8000000000        -0.3560689777
        2.5600000000         1.8000000000        -0.3649856252
        2.5650000000         1.8000000000        -0.3522475573
        2.5700000000         1.8000000000        -0.3598903980
        2.5750000000         1.8000000000        -0.3433309098
        2.5800000000         1.8000000000        -0.3586165912
        2.5850000000         1.8000000000        -0.3535213641
        2.5900000000         1.8000000000        -0.3598903980
        2.5950000000         1.8000000000        -0.3446047166
        2.6000000000         1.8000000000        -0.3496999438
        2.6050000000         1.8000000000        -0.3420571031
        2.6100000000         1.8000000000        -0.3446047166
        2.6150000000         1.8000000000        -0.3395094895
        2.6200000000         1.8000000000        -0.3484261370
        2.6250000000         1.8000000000        -0.3267714216
        2.6300000000         1.8000000000        -0.3522475573
        2.6350000000         1.8000000000        -0.3433309098
        2.6400000000         1.8000000000        -0.3318666488
        2.6450000000         1.8000000000        -0.3369618759
        2.6500000000         1.8000000000        -0.3420571031
        2.6550000000         1.8000000000        -0.3204023877
        2.6600000000         1.8000000000        -0.3496999438
        2.6650000000         1.8000000000        -0.3356880691
        2.6700000000         1.8000000000        -0.3305928420
        2.6750000000         1.8000000000        -0.3280452284
        2.6800000000         1.8000000000        -0.3547951709
        2.6850000000         1.8000000000        -0.3254976149
        2.6900000000         1.8000000000        -0.3471523302
        2.6950000000         1.8000000000        -0.3318666488
        2.7000000000         1.8000000000        -0.3382356827
        2.7050000000         1.8000000000        -0.3305928420
        2.7100000000         1.8000000000        -0.3446047166
        2.7150000000         1.8000000000        -0.3331404556
        2.7200000000         1.8000000000        -0.3331404556
        2.7250000000         1.8000000000        -0.3216761945
        2.7300000000         1.8000000000        -0.3471523302
        2.7350000000         1.8000000000        -0.3254976149
        2.7400000000         1.8000000000        -0.3369618759
        2.7450000000         1.8000000000        -0.3318666488
        2.7500000000         1.8000000000        -0.3407832963
        2.7550000000         1.8000000000        -0.3331404556
        2.7600000000         1.8000000000        -0.3369618759
        2.7650000000         1.8000000000        -0.3318666488
        2.7700000000         1.8000000000        -0.3344142623
        2.7750000000         1.8000000000        -0.3242238081
        2.7800000000         1.8000000000        -0.3496999438
        2.7850000000         1.8000000000        -0.3318666488
        2.7900000000         1.8000000000        -0.3433309098
        2.7950000000         1.8000000000        -0.3369618759
        2.8000000000         1.8000000000        -0.3420571031
        2.8050000000         1.8000000000        -0.3382356827
        2.8100000000         1.8000000000        -0.3280452284
        2.8150000000         1.8000000000        -0.3420571031
        2.8200000000         1.8000000000        -0.3293190352
        2.8250000000         1.8000000000        -0.3420571031
        2.8300000000         1.8000000000        -0.3331404556
        2.8350000000         1.8000000000        -0.3356880691
        2.8400000000         1.8000000000        -0.3318666488
        2.8450000000         1.8000000000        -0.3165809674
        2.8500000000         1.8000000000        -0.3356880691
        2.8550000000         1.8000000000        -0.3420571031
        2.8600000000         1.8000000000        -0.3331404556
        2.8650000000         1.8000000000        -0.3484261370
        2.8700000000         1.8000000000        -0.3254976149
        2.8750000000         1.8000000000        -0.3484261370
        2.8800000000         1.8000000000        -0.3254976149
        2.8850000000         1.8000000000        -0.3458785234
        2.8900000000         1.8000000000        -0.3229500013
        2.8950000000         1.8000000000        -0.3471523302
        2.9000000000         1.8000000000        -0.3318666488
        2.9050000000         1.8000000000        -0.3420571031
        2.9100000000         1.8000000000        -0.3433309098
        2.9150000000         1.8000000000        -0.3395094895
        2.9200000000         1.8000000000        -0.3382356827
        2.9250000000         1.8000000000        -0.3420571031
        2.9300000000         1.8000000000        -0.3407832963
        2.9350000000         1.8000000000        -0.3471523302
        2.9400000000         1.8000000000        -0.3356880691
        2.9450000000         1.8000000000        -0.3484261370
        2.9500000000         1.8000000000        -0.3407832963
        2.9550000000         1.8000000000        -0.3446047166
        2.9600000000         1.8000000000        -0.3369618759
        2.9650000000         1.8000000000        -0.3420571031
        2.9700000000         1.8000000000        -0.3369618759
        2.9750000000         1.8000000000        -0.3471523302
        2.9800000000         1.8000000000        -0.3433309098
        2.9850000000         1.8000000000        -0.3496999438
        2.9900000000         1.8000000000        -0.3496999438
        2.9950000000         1.8000000000        -0.3382356827
        3.0000000000         1.8000000000        -0.3420571031
        3.0050000000         1.8000000000        -0.3433309098
        3.0100000000         1.8000000000        -0.3433309098
        3.0150000000         1.8000000000        -0.3496999438
        3.0200000000         1.8000000000        -0.3471523302
        3.0250000000         1.8000000000        -0.3382356827
        3.0300000000         1.8000000000        -0.3535213641
        3.0350000000         1.8000000000        -0.3318666488
        3.0400000000         1.8000000000        -0.3471523302
        3.0450000000         1.8000000000        -0.3484261370
        3.0500000000         1.8000000000        -0.3420571031
        3.0550000000         1.8000000000        -0.3395094895
        3.0600000000         1.8000000000        -0.3420571031
        3.0650000000         1.8000000000        -0.3420571031
        3.0700000000         1.8000000000        -0.3420571031
        3.0750000000         1.8000000000        -0.3586165912
        3.0800000000         1.8000000000        -0.3471523302
        3.0850000000         1.8000000000        -0.3458785234
        3.0900000000         1.8000000000        -0.3471523302
        3.0950000000         1.8000000000        -0.3560689777
        3.1000000000         1.8000000000        -0.3382356827
        3.1050000000         1.8000000000        -0.3637118184
        3.1100000000         1.8000000000        -0.3496999438
        3.1150000000         1.8000000000        -0.3598903980
        3.1200000000         1.8000000000        -0.3560689777
        3.1250000000         1.8000000000        -0.3586165912
        3.1300000000         1.8000000000        -0.3535213641
        3.1350000000         1.8000000000        -0.3509737505
        3.1400000000         1.8000000000        -0.3675332387
        3.1450000000         1.8000000000        -0.3382356827
        3.1500000000         1.8000000000        -0.3547951709
        3.1550000000         1.8000000000        -0.3522475573
        3.1600000000         1.8000000000        -0.3535213641
        3.1650000000         1.8000000000        -0.3522475573
        3.1700000000         1.8000000000        -0.3560689777
        3.1750000000         1.8000000000        -0.3331404556
        3.1800000000         1.8000000000        -0.3598903980
        3.1850000000         1.8000000000        -0.3471523302
        3.1900000000         1.8000000000        -0.3624380116
        3.1950000000         1.8000000000        -0.3496999438
        3.2000000000         1.8000000000        -0.3739022727
        3.2050000000         1.8000000000        -0.3509737505
        3.2100000000         1.8000000000        -0.3675332387
        3.2150000000         1.8000000000        -0.3522475573
        3.2200000000         1.8000000000        -0.3586165912
        3.2250000000         1.8000000000        -0.3573427845
        3.2300000000         1.8000000000        -0.3598903980
        3.2350000000         1.8000000000        -0.3535213641
        3.2400000000         1.8000000000        -0.3662594320
        3.2450000000         1.8000000000        -0.3484261370
        3.2500000000         1.8000000000        -0.3624380116
        3.2550000000         1.8000000000        -0.3547951709
        3.2600000000         1.8000000000        -0.3573427845
        3.2650000000         1.8000000000        -0.3573427845
        3.2700000000         1.8000000000        -0.3560689777
        3.2750000000         1.8000000000        -0.3649856252
        3.2800000000         1.8000000000        -0.3471523302
        3.2850000000         1.8000000000        -0.3637118184
        3.2900000000         1.8000000000        -0.3458785234
        3.2950000000         1.8000000000        -0.3586165912
        3.3000000000         1.8000000000        -0.3433309098
        3.3050000000         1.8000000000        -0.3637118184
        3.3100000000         1.8000000000        -0.3356880691
        3.3150000000         1.8000000000        -0.3522475573
        3.3200000000         1.8000000000        -0.3496999438
        3.3250000000         1.8000000000        -0.3522475573
        3.3300000000         1.8000000000        -0.3420571031
        3.3350000000         1.8000000000        -0.3560689777
        3.3400000000         1.8000000000        -0.3496999438
        3.3450000000         1.8000000000        -0.3598903980
        3.3500000000         1.8000000000        -0.3407832963
        3.3550000000         1.8000000000        -0.3369618759
        3.3600000000         1.8000000000        -0.3344142623
        3.3650000000         1.8000000000        -0.3471523302
        3.3700000000         1.8000000000        -0.3293190352
        3.3750000000         1.8000000000        -0.3573427845
        3.3800000000         1.8000000000        -0.3267714216
        3.3850000000         1.8000000000        -0.3395094895
        3.3900000000         1.8000000000        -0.3254976149
        3.3950000000         1.8000000000        -0.3471523302
        3.4000000000         1.8000000000        -0.3331404556
        3.4050000000         1.8000000000        -0.3356880691
        3.4100000000         1.8000000000        -0.3102119334
        3.4150000000         1.8000000000        -0.3344142623
        3.4200000000         1.8000000000        -0.3344142623
        3.4250000000         1.8000000000        -0.3433309098
        3.4300000000         1.8000000000        -0.3280452284
        3.4350000000         1.8000000000        -0.3344142623
        3.4400000000         1.8000000000        -0.3127595470
        3.4450000000         1.8000000000        -0.3395094895
        3.4500000000         1.8000000000        -0.3293190352
        3.4550000000         1.8000000000        -0.3242238081
        3.4600000000         1.8000000000        -0.3318666488
        3.4650000000         1.8000000000        -0.3356880691
        3.4700000000         1.8000000000        -0.3395094895
        3.4750000000         1.8000000000        -0.3267714216
        3.4800000000         1.8000000000        -0.3586165912
        3.4850000000         1.8000000000        -0.3267714216
        3.4900000000         1.8000000000        -0.3331404556
        3.4950000000         1.8000000000        -0.3267714216
        3.5000000000         1.8000000000        -0.3395094895
        3.5050000000         1.8000000000        -0.3165809674
        3.5100000000         1.8000000000        -0.3433309098
        3.5150000000         1.8000000000        -0.3191285809
        3.5200000000         1.8000000000        -0.3471523302
        3.5250000000         1.8000000000        -0.3165809674
        3.5300000000         1.8000000000        -0.3484261370
        3.5350000000         1.8000000000        -0.3254976149
        3.5400000000         1.8000000000        -0.3344142623
        3.5450000000         1.8000000000        -0.3318666488
        3.5500000000         1.8000000000        -0.3382356827
        3.5550000000         1.8000000000        -0.3318666488
        3.5600000000         1.8000000000        -0.3382356827
        3.5650000000         1.8000000000        -0.3204023877
        3.5700000000         1.8000000000        -0.3420571031
        3.5750000000         1.8000000000        -0.3267714216
        3.5800000000         1.8000000000        -0.3025690927
        3.5850000000         1.8000000000        -0.3318666488
        3.5900000000         1.8000000000        -0.3420571031
        3.5950000000         1.8000000000        -0.3305928420
        3.6000000000         1.8000000000        -0.3420571031
        3.6050000000         1.8000000000        -0.3280452284
        3.6100000000         1.8000000000        -0.3407832963
        3.6150000000         1.8000000000        -0.3280452284
        3.6200000000         1.8000000000        -0.3305928420
        3.6250000000         1.8000000000        -0.3382356827
        3.6300000000         1.8000000000        -0.3318666488
        3.6350000000         1.8000000000        -0.3369618759
        3.6400000000         1.8000000000        -0.3420571031
        3.6450000000         1.8000000000        -0.3293190352
        3.6500000000         1.8000000000        -0.3484261370
        3.6550000000         1.8000000000        -0.3356880691
        3.6600000000         1.8000000000        -0.3395094895
        3.6650000000         1.8000000000        -0.3446047166
        3.6700000000         1.8000000000        -0.3356880691
        3.6750000000         1.8000000000        -0.3318666488
        3.6800000000         1.8000000000        -0.3433309098
        3.6850000000         1.8000000000        -0.3420571031
        3.6900000000         1.8000000000        -0.3318666488
        3.6950000000         1.8000000000        -0.3471523302
        3.7000000000         1.8000000000        -0.3407832963
        3.7050000000         1.8000000000        -0.3433309098
        3.7100000000         1.8000000000        -0.3356880691
        3.7150000000         1.8000000000        -0.3446047166
        3.7200000000         1.8000000000        -0.3382356827
        3.7250000000         1.8000000000        -0.3356880691
        3.7300000000         1.8000000000        -0.3560689777
        3.7350000000         1.8000000000        -0.3382356827
        3.7400000000         1.8000000000        -0.3356880691
        3.7450000000         1.8000000000        -0.3382356827
        3.7500000000         1.8000000000        -0.3433309098
        3.7550000000         1.8000000000        -0.3369618759
        3.7600000000         1.8000000000        -0.3496999438
        3.7650000000         1.8000000000        -0.3458785234
        3.7700000000         1.8000000000        -0.3382356827
        3.7750000000         1.8000000000        -0.3420571031
        3.7800000000         1.8000000000        -0.3471523302
        3.7850000000         1.8000000000        -0.3535213641
        3.7900000000         1.8000000000        -0.3318666488
        3.7950000000         1.8000000000        -0.3535213641
        3.8000000000         1.8000000000        -0.3369618759
        3.8050000000         1.8000000000        -0.3496999438
        3.8100000000         1.8000000000        -0.3407832963
        3.8150000000         1.8000000000        -0.3522475573
        3.8200000000         1.8000000000        -0.3395094895
        3.8250000000         1.8000000000        -0.3509737505
        3.8300000000         1.8000000000        -0.3496999438
        3.8350000000         1.8000000000        -0.3522475573
        3.8400000000         1.8000000000        -0.3522475573
        3.8450000000         1.8000000000        -0.3573427845
        3.8500000000         1.8000000000        -0.3446047166
        3.8550000000         1.8000000000        -0.3522475573
        3.8600000000         1.8000000000        -0.3649856252
        3.8650000000         1.8000000000        -0.3433309098
        3.8700000000         1.8000000000        -0.3573427845
        3.8750000000         1.8000000000        -0.3484261370
        3.8800000000         1.8000000000        -0.3573427845
        3.8850000000         1.8000000000        -0.3471523302
        3.8900000000         1.8000000000        -0.3598903980
        3.8950000000         1.8000000000        -0.3509737505
        3.9000000000         1.8000000000        -0.3586165912
        3.9050000000         1.8000000000        -0.3535213641
        3.9100000000         1.8000000000        -0.3637118184
        3.9150000000         1.8000000000        -0.3573427845
        3.9200000000         1.8000000000        -0.3573427845
        3.9250000000         1.8000000000        -0.3522475573
        3.9300000000         1.8000000000        -0.3751760794
        3.9350000000         1.8000000000        -0.3522475573
        3.9400000000         1.8000000000        -0.3624380116
        3.9450000000         1.8000000000        -0.3649856252
        3.9500000000         1.8000000000        -0.3624380116
        3.9550000000         1.8000000000        -0.3522475573
        3.9600000000         1.8000000000        -0.3688070455
        3.9650000000         1.8000000000        -0.3522475573
        3.9700000000         1.8000000000        -0.3700808523
        3.9750000000         1.8000000000        -0.3496999438
        3.9800000000         1.8000000000        -0.3573427845
        3.9850000000         1.8000000000        -0.3573427845
        3.9900000000         1.8000000000        -0.3547951709
        3.9950000000         1.8000000000        -0.3662594320
        4.0000000000         1.8000000000        -0.3229500013
        4.0050000000         1.8000000000        -0.3624380116
        4.0100000000         1.8000000000        -0.3471523302
        4.0150000000         1.8000000000        -0.3535213641
        4.0200000000         1.8000000000        -0.3496999438
        4.0250000000         1.8000000000        -0.3598903980
        4.0300000000         1.8000000000        -0.3331404556
        4.0350000000         1.8000000000        -0.3611642048
        4.0400000000         1.8000000000        -0.3471523302
        4.0450000000         1.8000000000        -0.3624380116
        4.0500000000         1.8000000000        -0.3420571031
        4.0550000000         1.8000000000        -0.3611642048
        4.0600000000         1.8000000000        -0.3395094895
        4.0650000000         1.8000000000        -0.3535213641
        4.0700000000         1.8000000000        -0.3496999438
        4.0750000000         1.8000000000        -0.3484261370
        4.0800000000         1.8000000000        -0.3356880691
        4.0850000000         1.8000000000        -0.3560689777
        4.0900000000         1.8000000000        -0.3229500013
        4.0950000000         1.8000000000        -0.3496999438
        4.1000000000         1.8000000000        -0.3369618759
        4.1050000000         1.8000000000        -0.3420571031
        4.1100000000         1.8000000000        -0.3305928420
        4.1150000000         1.8000000000        -0.3484261370
        4.1200000000         1.8000000000        -0.3420571031
        4.1250000000         1.8000000000        -0.3382356827
        4.1300000000         1.8000000000        -0.3305928420
        4.1350000000         1.8000000000        -0.3356880691
        4.1400000000         1.8000000000        -0.3254976149
        4.1450000000         1.8000000000        -0.3420571031
        4.1500000000         1.8000000000        -0.3204023877
        4.1550000000         1.8000000000        -0.3446047166
        4.1600000000         1.8000000000        -0.3204023877
        4.1650000000         1.8000000000        -0.3522475573
        4.1700000000         1.8000000000        -0.3267714216
        4.1750000000         1.8000000000        -0.3318666488
        4.1800000000         1.8000000000        -0.3382356827
        4.1850000000         1.8000000000        -0.3280452284
        4.1900000000         1.8000000000        -0.3433309098
        4.1950000000         1.8000000000        -0.3331404556
        4.2000000000         1.8000000000        -0.3433309098
        4.2050000000         1.8000000000        -0.3369618759
        4.2100000000         1.8000000000        -0.3344142623
        4.2150000000         1.8000000000        -0.3446047166
        4.2200000000         1.8000000000        -0.3369618759
        4.2250000000         1.8000000000        -0.3395094895
        4.2300000000         1.8000000000        -0.3344142623
        4.2350000000         1.8000000000        -0.3446047166
        4.2400000000         1.8000000000        -0.3458785234
        4.2450000000         1.8000000000        -0.3267714216
        4.2500000000         1.8000000000        -0.3586165912
        4.2550000000         1.8000000000        -0.3254976149
        4.2600000000         1.8000000000        -0.3446047166
        4.2650000000         1.8000000000        -0.3395094895
        4.2700000000         1.8000000000        -0.3395094895
        4.2750000000         1.8000000000        -0.3280452284
        4.2800000000         1.8000000000        -0.3433309098
        4.2850000000         1.8000000000        -0.3407832963
        4.2900000000         1.8000000000        -0.3369618759
        4.2950000000         1.8000000000        -0.3318666488
        4.3000000000         1.8000000000        -0.3433309098
        4.3050000000         1.8000000000        -0.3331404556
        4.3100000000         1.8000000000        -0.3496999438
        4.3150000000         1.8000000000        -0.3216761945
        4.3200000000         1.8000000000        -0.3522475573
        4.3250000000         1.8000000000        -0.3305928420
        4.3300000000         1.8000000000        -0.3407832963
        4.3350000000         1.8000000000        -0.3395094895
        4.3400000000         1.8000000000        -0.3458785234
        4.3450000000         1.8000000000        -0.3356880691
        4.3500000000         1.8000000000        -0.3509737505
        4.3550000000         1.8000000000        -0.3446047166
        4.3600000000         1.8000000000        -0.3496999438
        4.3650000000         1.8000000000        -0.3446047166
        4.3700000000         1.8000000000        -0.3471523302
        4.3750000000         1.8000000000        -0.3446047166
        4.3800000000         1.8000000000        -0.3573427845
        4.3850000000         1.8000000000        -0.3433309098
        4.3900000000         1.8000000000        -0.3420571031
        4.3950000000         1.8000000000        -0.3522475573
        4.4000000000         1.8000000000        -0.3242238081
        4.4050000000         1.8000000000        -0.3369618759
        4.4100000000         1.8000000000        -0.3586165912
        4.4150000000         1.8000000000        -0.3471523302
        4.4200000000         1.8000000000        -0.3446047166
        4.4250000000         1.8000000000        -0.3484261370
        4.4300000000         1.8000000000        -0.3471523302
        4.4350000000         1.8000000000        -0.3522475573
        4.4400000000         1.8000000000        -0.3420571031
        4.4450000000         1.8000000000        -0.3586165912
        4.4500000000         1.8000000000        -0.3369618759
        4.4550000000         1.8000000000        -0.3547951709
        4.4600000000         1.8000000000        -0.3484261370
        4.4650000000         1.8000000000        -0.3560689777
        4.4700000000         1.8000000000        -0.3395094895
        4.4750000000         1.8000000000        -0.3624380116
        4.4800000000         1.8000000000        -0.3471523302
        4.4850000000         1.8000000000        -0.3598903980
        4.4900000000         1.8000000000        -0.3433309098
        4.4950000000         1.8000000000        -0.3649856252
        4.5000000000         1.8000000000        -0.3496999438
        4.5050000000         1.8000000000        -0.3522475573
        4.5100000000         1.8000000000        -0.3598903980
        4.5150000000         1.8000000000        -0.3509737505
        4.5200000000         1.8000000000        -0.3522475573
        4.5250000000         1.8000000000        -0.3382356827
        4.5300000000         1.8000000000        -0.3484261370
        4.5350000000         1.8000000000        -0.3637118184
        4.5400000000         1.8000000000        -0.3471523302
        4.5450000000         1.8000000000        -0.3624380116
        4.5500000000         1.8000000000        -0.3509737505
        4.5550000000         1.8000000000        -0.3522475573
        4.5600000000         1.8000000000        -0.3624380116
        4.5650000000         1.8000000000        -0.3560689777
        4.5700000000         1.8000000000        -0.3509737505
        4.5750000000         1.8000000000        -0.3547951709
        4.5800000000         1.8000000000        -0.3598903980
        4.5850000000         1.8000000000        -0.3522475573
        4.5900000000         1.8000000000        -0.3586165912
        4.5950000000         1.8000000000        -0.3624380116
        4.6000000000         1.8000000000        -0.3535213641
        4.6050000000         1.8000000000        -0.3573427845
        4.6100000000         1.8000000000        -0.3624380116
        4.6150000000         1.8000000000        -0.3535213641
        4.6200000000         1.8000000000        -0.3726284659
        4.6250000000         1.8000000000        -0.3496999438
        4.6300000000         1.8000000000        -0.3637118184
        4.6350000000         1.8000000000        -0.3522475573
        4.6400000000         1.8000000000        -0.3637118184
        4.6450000000         1.8000000000        -0.3560689777
        4.6500000000         1.8000000000        -0.3637118184
        4.6550000000         1.8000000000        -0.3560689777
        4.6600000000         1.8000000000        -0.3586165912
        4.6650000000         1.8000000000        -0.3484261370
        4.6700000000         1.8000000000        -0.3751760794
        4.6750000000         1.8000000000        -0.3522475573
        4.6800000000         1.8000000000        -0.3713546591
        4.6850000000         1.8000000000        -0.3586165912
        4.6900000000         1.8000000000        -0.3535213641
        4.6950000000         1.8000000000        -0.3624380116
        4.7000000000         1.8000000000        -0.3586165912
        4.7050000000         1.8000000000        -0.3611642048
        4.7100000000         1.8000000000        -0.3624380116
        4.7150000000         1.8000000000        -0.3573427845
        4.7200000000         1.8000000000        -0.3496999438
        4.7250000000         1.8000000000        -0.3649856252
        4.7300000000         1.8000000000        -0.3547951709
        4.7350000000         1.8000000000        -0.3598903980
        4.7400000000         1.8000000000        -0.3484261370
        4.7450000000         1.8000000000        -0.3560689777
        4.7500000000         1.8000000000        -0.3496999438
        4.7550000000         1.8000000000        -0.3573427845
        4.7600000000         1.8000000000        -0.3420571031
        4.7650000000         1.8000000000        -0.3573427845
        4.7700000000         1.8000000000        -0.3344142623
        4.7750000000         1.8000000000        -0.3624380116
        4.7800000000         1.8000000000        -0.3382356827
        4.7850000000         1.8000000000        -0.3522475573
        4.7900000000         1.8000000000        -0.3420571031
        4.7950000000         1.8000000000        -0.3509737505
        4.8000000000         1.8000000000        -0.3305928420
        4.8050000000         1.8000000000        -0.3496999438
        4.8100000000         1.8000000000        -0.3433309098
        4.8150000000         1.8000000000        -0.3458785234
        4.8200000000         1.8000000000        -0.3280452284
        4.8250000000         1.8000000000        -0.3547951709
        4.8300000000         1.8000000000        -0.3395094895
        4.8350000000         1.8000000000        -0.3446047166
        4.8400000000         1.8000000000        -0.3356880691
        4.8450000000         1.8000000000        -0.3420571031
        4.8500000000         1.8000000000        -0.3267714216
        4.8550000000         1.8000000000        -0.3496999438
        4.8600000000         1.8000000000        -0.3331404556
        4.8650000000         1.8000000000        -0.3433309098
        4.8700000000         1.8000000000        -0.3356880691
        4.8750000000         1.8000000000        -0.3458785234
        4.8800000000         1.8000000000        -0.3420571031
        4.8850000000         1.8000000000        -0.3433309098
        4.8900000000         1.8000000000        -0.3420571031
        4.8950000000         1.8000000000        -0.3395094895
        4.9000000000         1.8000000000        -0.3369618759
        4.9050000000         1.8000000000        -0.3458785234
        4.9100000000         1.8000000000        -0.3420571031
        4.9150000000         1.8000000000        -0.3369618759
        4.9200000000         1.8000000000        -0.3356880691
        4.9250000000         1.8000000000        -0.3484261370
        4.9300000000         1.8000000000        -0.3229500013
        4.9350000000         1.8000000000        -0.3446047166
        4.9400000000         1.8000000000        -0.3471523302
        4.9450000000         1.8000000000        -0.3446047166
        4.9500000000         1.8000000000        -0.3280452284
        4.9550000000         1.8000000000        -0.3407832963
        4.9600000000         1.8000000000        -0.3331404556
        4.9650000000         1.8000000000        -0.3344142623
        4.9700000000         1.8000000000        -0.3356880691
        4.9750000000         1.8000000000        -0.3420571031
        4.9800000000         1.8000000000        -0.3458785234
        4.9850000000         1.8000000000        -0.3471523302
        4.9900000000         1.8000000000        -0.3331404556
        4.9950000000         1.8000000000        -0.3458785234
        5.0000000000         1.8000000000        -0.3318666488
        5.0050000000         1.8000000000        -0.3496999438
        5.0100000000         1.8000000000        -0.3420571031
        5.0150000000         1.8000000000        -0.3496999438
        5.0200000000         1.8000000000        -0.3369618759
        5.0250000000         1.8000000000        -0.3535213641
        5.0300000000         1.8000000000        -0.3420571031
        5.0350000000         1.8000000000        -0.3433309098
        5.0400000000         1.8000000000        -0.3496999438
        5.0450000000         1.8000000000        -0.3535213641
        5.0500000000         1.8000000000        -0.3407832963
        5.0550000000         1.8000000000        -0.3560689777
        5.0600000000         1.8000000000        -0.3420571031
        5.0650000000         1.8000000000        -0.3420571031
        5.0700000000         1.8000000000        -0.3458785234
        5.0750000000         1.8000000000        -0.3484261370
        5.0800000000         1.8000000000        -0.3407832963
        5.0850000000         1.8000000000        -0.3624380116
        5.0900000000         1.8000000000        -0.3471523302
        5.0950000000         1.8000000000        -0.3522475573
        5.1000000000         1.8000000000        -0.3369618759
        5.1050000000         1.8000000000        -0.3624380116
        5.1100000000         1.8000000000        -0.3458785234
        5.1150000000         1.8000000000        -0.3471523302
        5.1200000000         1.8000000000        -0.3560689777
        5.1250000000         1.8000000000        -0.3522475573
        5.1300000000         1.8000000000        -0.3509737505
        5.1350000000         1.8000000000        -0.3586165912
        5.1400000000         1.8000000000        -0.3522475573
        5.1450000000         1.8000000000        -0.3611642048
        5.1500000000         1.8000000000        -0.3522475573
        5.1550000000         1.8000000000        -0.3547951709
        5.1600000000         1.8000000000        -0.3535213641
        5.1650000000         1.8000000000        -0.3586165912
        5.1700000000         1.8000000000        -0.3611642048
        5.1750000000         1.8000000000        -0.3484261370
        5.1800000000         1.8000000000        -0.3624380116
        5.1850000000         1.8000000000        -0.3598903980
        5.1900000000         1.8000000000        -0.3560689777
        5.1950000000         1.8000000000        -0.3535213641
        5.2000000000         1.8000000000        -0.3598903980
        5.2050000000         1.8000000000        -0.3547951709
        5.2100000000         1.8000000000        -0.3522475573
        5.2150000000         1.8000000000        -0.3598903980
        5.2200000000         1.8000000000        -0.3573427845
        5.2250000000         1.8000000000        -0.3509737505
        5.2300000000         1.8000000000        -0.3637118184
        5.2350000000         1.8000000000        -0.3522475573
        5.2400000000         1.8000000000        -0.3598903980
        5.2450000000         1.8000000000        -0.3522475573
        5.2500000000         1.8000000000        -0.3611642048
        5.2550000000         1.8000000000        -0.3598903980
        5.2600000000         1.8000000000        -0.3675332387
        5.2650000000         1.8000000000        -0.3586165912
        5.2700000000         1.8000000000        -0.3573427845
        5.2750000000         1.8000000000        -0.3662594320
        5.2800000000         1.8000000000        -0.3675332387
        5.2850000000         1.8000000000        -0.3573427845
        5.2900000000         1.8000000000        -0.3611642048
        5.2950000000         1.8000000000        -0.3586165912
        5.3000000000         1.8000000000        -0.3624380116
        5.3050000000         1.8000000000        -0.3560689777
        5.3100000000         1.8000000000        -0.3637118184
        5.3150000000         1.8000000000        -0.3662594320
        5.3200000000         1.8000000000        -0.3522475573
        5.3250000000         1.8000000000        -0.3713546591
        5.3300000000         1.8000000000        -0.3586165912
        5.3350000000         1.8000000000        -0.3637118184
        5.3400000000         1.8000000000        -0.3624380116
        5.3450000000         1.8000000000        -0.3713546591
        5.3500000000         1.8000000000        -0.3637118184
        5.3550000000         1.8000000000        -0.3700808523
        5.3600000000         1.8000000000        -0.3662594320
        5.3650000000         1.8000000000        -0.3688070455
        5.3700000000         1.8000000000        -0.3573427845
        5.3750000000         1.8000000000        -0.3739022727
        5.3800000000         1.8000000000        -0.3637118184
        5.3850000000         1.8000000000        -0.3764498862
        5.3900000000         1.8000000000        -0.3611642048
        5.3950000000         1.8000000000        -0.3624380116
        5.4000000000         1.8000000000        -0.3726284659
        5.4050000000         1.8000000000        -0.3637118184
        5.4100000000         1.8000000000        -0.3739022727
        5.4150000000         1.8000000000        -0.3586165912
        5.4200000000         1.8000000000        -0.3713546591
        5.4250000000         1.8000000000        -0.3535213641
        5.4300000000         1.8000000000        -0.3662594320
        5.4350000000         1.8000000000        -0.3649856252
        5.4400000000         1.8000000000        -0.3675332387
        5.4450000000         1.8000000000        -0.3458785234
        5.4500000000         1.8000000000        -0.3637118184
        5.4550000000         1.8000000000        -0.3547951709
        5.4600000000         1.8000000000        -0.3598903980
        5.4650000000         1.8000000000        -0.3509737505
        5.4700000000         1.8000000000        -0.3522475573
        5.4750000000         1.8000000000        -0.3356880691
        5.4800000000         1.8000000000        -0.3547951709
        5.4850000000         1.8000000000        -0.3484261370
        5.4900000000         1.8000000000        -0.3586165912
        5.4950000000         1.8000000000        -0.3484261370
        5.5000000000         1.8000000000        -0.3407832963
        5.5050000000         1.8000000000        -0.3407832963
        5.5100000000         1.8000000000        -0.3573427845
        5.5150000000         1.8000000000        -0.3446047166
        5.5200000000         1.8000000000        -0.3293190352
        5.5250000000         1.8000000000        -0.3433309098
        5.5300000000         1.8000000000        -0.3433309098
        5.5350000000         1.8000000000        -0.3318666488
        5.5400000000         1.8000000000        -0.3433309098
        5.5450000000         1.8000000000        -0.3458785234
        5.5500000000         1.8000000000        -0.3395094895
        5.5550000000         1.8000000000        -0.3395094895
        5.5600000000         1.8000000000        -0.3407832963
        5.5650000000         1.8000000000        -0.3305928420
        5.5700000000         1.8000000000        -0.3369618759
        5.5750000000         1.8000000000        -0.3254976149
        5.5800000000         1.8000000000        -0.3496999438
        5.5850000000         1.8000000000        -0.3305928420
        5.5900000000         1.8000000000        -0.3395094895
        5.5950000000         1.8000000000        -0.3331404556
        5.6000000000         1.8000000000        -0.3420571031
        5.6050000000         1.8000000000        -0.3280452284
        5.6100000000         1.8000000000        -0.3420571031
        5.6150000000         1.8000000000        -0.3344142623
        5.6200000000         1.8000000000        -0.3369618759
        5.6250000000         1.8000000000        -0.3356880691
        5.6300000000         1.8000000000        -0.3484261370
        5.6350000000         1.8000000000        -0.3344142623
        5.6400000000         1.8000000000        -0.3522475573
        5.6450000000         1.8000000000        -0.3496999438
        5.6500000000         1.8000000000        -0.3573427845
        5.6550000000         1.8000000000        -0.3280452284
        5.6600000000         1.8000000000        -0.3624380116
        5.6650000000         1.8000000000        -0.3407832963
        5.6700000000         1.8000000000        -0.3471523302
        5.6750000000         1.8000000000        -0.3395094895
        5.6800000000         1.8000000000        -0.3458785234
        5.6850000000         1.8000000000        -0.3407832963
        5.6900000000         1.8000000000        -0.3420571031
        5.6950000000         1.8000000000        -0.3433309098
        5.7000000000         1.8000000000        -0.3522475573
        5.7050000000         1.8000000000        -0.3305928420
        5.7100000000         1.8000000000        -0.3598903980
        5.7150000000         1.8000000000        -0.3407832963
        5.7200000000         1.8000000000        -0.3496999438
        5.7250000000         1.8000000000        -0.3356880691
        5.7300000000         1.8000000000        -0.3547951709
        5.7350000000         1.8000000000        -0.3318666488
        5.7400000000         1.8000000000        -0.3547951709
        5.7450000000         1.8000000000        -0.3433309098
        5.7500000000         1.8000000000        -0.3535213641
        5.7550000000         1.8000000000        -0.3382356827
        5.7600000000         1.8000000000        -0.3598903980
        5.7650000000         1.8000000000        -0.3458785234
        5.7700000000         1.8000000000        -0.3420571031
        5.7750000000         1.8000000000        -0.3713546591
        5.7800000000         1.8000000000        -0.3484261370
        5.7850000000         1.8000000000        -0.3420571031
        5.7900000000         1.8000000000        -0.3662594320
        5.7950000000         1.8000000000        -0.3458785234
        5.8000000000         1.8000000000        -0.3420571031
        5.8050000000         1.8000000000        -0.3586165912
        5.8100000000         1.8000000000        -0.3535213641
        5.8150000000         1.8000000000        -0.3446047166
        5.8200000000         1.8000000000        -0.3573427845
        5.8250000000         1.8000000000        -0.3573427845
        5.8300000000         1.8000000000        -0.3471523302
        5.8350000000         1.8000000000        -0.3598903980
        5.8400000000         1.8000000000        -0.3573427845
        5.8450000000         1.8000000000        -0.3662594320
        5.8500000000         1.8000000000        -0.3484261370
        5.8550000000         1.8000000000        -0.3611642048
        5.8600000000         1.8000000000        -0.3293190352
        5.8650000000         1.8000000000        -0.3662594320
        5.8700000000         1.8000000000        -0.3458785234
        5.8750000000         1.8000000000        -0.3726284659
        5.8800000000         1.8000000000        -0.3420571031
        5.8850000000         1.8000000000        -0.3675332387
        5.8900000000         1.8000000000        -0.3522475573
        5.8950000000         1.8000000000        -0.3586165912
        5.9000000000         1.8000000000        -0.3535213641
        5.9050000000         1.8000000000        -0.3547951709
        5.9100000000         1.8000000000        -0.3522475573
        5.9150000000         1.8000000000        -0.3586165912
        5.9200000000         1.8000000000        -0.3496999438
        5.9250000000         1.8000000000        -0.3611642048
        5.9300000000         1.8000000000        -0.3471523302
        5.9350000000         1.8000000000        -0.3662594320
        5.9400000000         1.8000000000        -0.3471523302
        5.9450000000         1.8000000000        -0.3675332387
        5.9500000000         1.8000000000        -0.3573427845
        5.9550000000         1.8000000000        -0.3675332387
        5.9600000000         1.8000000000        -0.3573427845
        5.9650000000         1.8000000000        -0.3675332387
        5.9700000000         1.8000000000        -0.3598903980
        5.9750000000         1.8000000000        -0.3547951709
        5.9800000000         1.8000000000        -0.3586165912
        5.9850000000         1.8000000000        -0.3191285809
        5.9900000000         1.8000000000        -0.3688070455
        5.9950000000         1.8000000000        -0.3560689777
        6.0000000000         1.8000000000        -0.3522475573
        6.0050000000         1.8000000000        -0.3522475573
        6.0100000000         1.8000000000        -0.3700808523
        6.0150000000         1.8000000000        -0.3586165912
        6.0200000000         1.8000000000        -0.3573427845
        6.0250000000         1.8000000000        -0.3649856252
        6.0300000000         1.8000000000        -0.3751760794
        6.0350000000         1.8000000000        -0.3573427845
        6.0400000000         1.8000000000        -0.3739022727
        6.0450000000         1.8000000000        -0.3624380116
        6.0500000000         1.8000000000        -0.3700808523
        6.0550000000         1.8000000000        -0.3547951709
        6.0600000000         1.8000000000        -0.3675332387
        6.0650000000         1.8000000000        -0.3688070455
        6.0700000000         1.8000000000        -0.3624380116
        6.0750000000         1.8000000000        -0.3764498862
        6.0800000000         1.8000000000        -0.3662594320
        6.0850000000         1.8000000000        -0.3662594320
        6.0900000000         1.8000000000        -0.3662594320
        6.0950000000         1.8000000000        -0.3739022727
        6.1000000000         1.8000000000        -0.3611642048
        6.1050000000         1.8000000000        -0.3662594320
        6.1100000000         1.8000000000        -0.3662594320
        6.1150000000         1.8000000000        -0.3700808523
        6.1200000000         1.8000000000        -0.3496999438
        6.1250000000         1.8000000000        -0.3713546591
        6.1300000000         1.8000000000        -0.3586165912
        6.1350000000         1.8000000000        -0.3535213641
        6.1400000000         1.8000000000        -0.3624380116
        6.1450000000         1.8000000000        -0.3675332387
        6.1500000000         1.8000000000        -0.3509737505
        6.1550000000         1.8000000000        -0.3547951709
        6.1600000000         1.8000000000        -0.3611642048
        6.1650000000         1.8000000000        -0.3484261370
        6.1700000000         1.8000000000        -0.3675332387
        6.1750000000         1.8000000000        -0.3407832963
        6.1800000000         1.8000000000        -0.3675332387
        6.1850000000         1.8000000000        -0.3471523302
        6.1900000000         1.8000000000        -0.3458785234
        6.1950000000         1.8000000000        -0.3420571031
        6.2000000000         1.8000000000        -0.3547951709
        6.2050000000         1.8000000000        -0.3369618759
        6.2100000000         1.8000000000        -0.3573427845
        6.2150000000         1.8000000000        -0.3407832963
        6.2200000000         1.8000000000        -0.3560689777
        6.2250000000         1.8000000000        -0.3305928420
        6.2300000000         1.8000000000        -0.3535213641
        6.2350000000         1.8000000000        -0.3433309098
        6.2400000000         1.8000000000        -0.3471523302
        6.2450000000         1.8000000000        -0.3382356827
        6.2500000000         1.8000000000        -0.3433309098
        6.2550000000         1.8000000000        -0.3280452284
        6.2600000000         1.8000000000        -0.3535213641
        6.2650000000         1.8000000000        -0.3344142623
        6.2700000000         1.8000000000        -0.3458785234
        6.2750000000         1.8000000000        -0.3331404556
        6.2800000000         1.8000000000        -0.3586165912
        6.2850000000         1.8000000000        -0.3369618759
