        0.9950000000         1.9500000000        -0.2325097196
        1.0000000000         1.9500000000        -0.2350573332
        1.0050000000         1.9500000000        -0.2414263671
        1.0100000000         1.9500000000        -0.2414263671
        1.0150000000         1.9500000000        -0.2452477874
        1.0200000000         1.9500000000        -0.2350573332
        1.0250000000         1.9500000000        -0.2427001739
        1.0300000000         1.9500000000        -0.2452477874
        1.0350000000         1.9500000000        -0.2427001739
        1.0400000000         1.9500000000        -0.2427001739
        1.0450000000         1.9500000000        -0.2452477874
        1.0500000000         1.9500000000        -0.2414263671
        1.0550000000         1.9500000000        -0.2452477874
        1.0600000000         1.9500000000        -0.2503430146
        1.0650000000         1.9500000000        -0.2401525603
        1.0700000000         1.9500000000        -0.2516168214
        1.0750000000         1.9500000000        -0.2414263671
        1.0800000000         1.9500000000        -0.2057597771
        1.0850000000         1.9500000000        -0.2592596621
        1.0900000000         1.9500000000        -0.2414263671
        1.0950000000         1.9500000000        -0.2325097196
        1.1000000000         1.9500000000        -0.2554382417
        1.1050000000         1.9500000000        -0.2286882992
        1.1100000000         1.9500000000        -0.2605334689
        1.1150000000         1.9500000000        -0.2477954010
        1.1200000000         1.9500000000        -0.2439739807
        1.1250000000         1.9500000000        -0.2528906281
        1.1300000000         1.9500000000        -0.2439739807
        1.1350000000         1.9500000000        -0.2465215942
        1.1400000000         1.9500000000        -0.2592596621
        1.1450000000         1.9500000000        -0.2503430146
        1.1500000000         1.9500000000        -0.2427001739
        1.1550000000         1.9500000000        -0.2579858553
        1.1600000000         1.9500000000        -0.2427001739
        1.1650000000         1.9500000000        -0.2516168214
        1.1700000000         1.9500000000        -0.2503430146
        1.1750000000         1.9500000000        -0.2465215942
        1.1800000000         1.9500000000        -0.2579858553
        1.1850000000         1.9500000000        -0.2376049467
        1.1900000000         1.9500000000        -0.2477954010
        1.1950000000         1.9500000000        -0.2516168214
        1.2000000000         1.9500000000        -0.2452477874
        1.2050000000         1.9500000000        -0.2452477874
        1.2100000000         1.9500000000        -0.2516168214
        1.2150000000         1.9500000000        -0.2439739807
        1.2200000000         1.9500000000        -0.2554382417
        1.2250000000         1.9500000000        -0.2554382417
        1.2300000000         1.9500000000        -0.2414263671
        1.2350000000         1.9500000000        -0.2579858553
        1.2400000000         1.9500000000        -0.2414263671
        1.2450000000         1.9500000000        -0.2528906281
        1.2500000000         1.9500000000        -0.2579858553
        1.2550000000         1.9500000000        -0.2401525603
        1.2600000000         1.9500000000        -0.2516168214
        1.2650000000         1.9500000000        -0.2592596621
        1.2700000000         1.9500000000        -0.2465215942
        1.2750000000         1.9500000000        -0.2554382417
        1.2800000000         1.9500000000        -0.2592596621
        1.2850000000         1.9500000000        -0.2439739807
        1.2900000000         1.9500000000        -0.2579858553
        1.2950000000         1.9500000000        -0.2541644349
        1.3000000000         1.9500000000        -0.2503430146
        1.3050000000         1.9500000000        -0.2618072756
        1.3100000000         1.9500000000        -0.2477954010
        1.3150000000         1.9500000000        -0.2605334689
        1.3200000000         1.9500000000        -0.2592596621
        1.3250000000         1.9500000000        -0.2528906281
        1.3300000000         1.9500000000        -0.2758191503
        1.3350000000         1.9500000000        -0.2439739807
        1.3400000000         1.9500000000        -0.2592596621
        1.3450000000         1.9500000000        -0.2681763096
        1.3500000000         1.9500000000        -0.2541644349
        1.3550000000         1.9500000000        -0.2694501163
        1.3600000000         1.9500000000        -0.2503430146
        1.3650000000         1.9500000000        -0.2630810824
        1.3700000000         1.9500000000        -0.2618072756
        1.3750000000         1.9500000000        -0.2630810824
        1.3800000000         1.9500000000        -0.2656286960
        1.3850000000         1.9500000000        -0.2579858553
        1.3900000000         1.9500000000        -0.2592596621
        1.3950000000         1.9500000000        -0.2796405706
        1.4000000000         1.9500000000        -0.2579858553
        1.4050000000         1.9500000000        -0.2605334689
        1.4100000000         1.9500000000        -0.2694501163
        1.4150000000         1.9500000000        -0.2503430146
        1.4200000000         1.9500000000        -0.2745453435
        1.4250000000         1.9500000000        -0.2567120485
        1.4300000000         1.9500000000        -0.2707239231
        1.4350000000         1.9500000000        -0.2681763096
        1.4400000000         1.9500000000        -0.2567120485
        1.4450000000         1.9500000000        -0.2809143774
        1.4500000000         1.9500000000        -0.2656286960
        1.4550000000         1.9500000000        -0.2567120485
        1.4600000000         1.9500000000        -0.2796405706
        1.4650000000         1.9500000000        -0.2618072756
        1.4700000000         1.9500000000        -0.2745453435
        1.4750000000         1.9500000000        -0.2592596621
        1.4800000000         1.9500000000        -0.2669025028
        1.4850000000         1.9500000000        -0.2783667638
        1.4900000000         1.9500000000        -0.2579858553
        1.4950000000         1.9500000000        -0.2770929571
        1.5000000000         1.9500000000        -0.2554382417
        1.5050000000         1.9500000000        -0.2618072756
        1.5100000000         1.9500000000        -0.2796405706
        1.5150000000         1.9500000000        -0.2567120485
        1.5200000000         1.9500000000        -0.2643548892
        1.5250000000         1.9500000000        -0.2745453435
        1.5300000000         1.9500000000        -0.2516168214
        1.5350000000         1.9500000000        -0.2758191503
        1.5400000000         1.9500000000        -0.2554382417
        1.5450000000         1.9500000000        -0.2618072756
        1.5500000000         1.9500000000        -0.2643548892
        1.5550000000         1.9500000000        -0.2427001739
        1.5600000000         1.9500000000        -0.2643548892
        1.5650000000         1.9500000000        -0.2452477874
        1.5700000000         1.9500000000        -0.2554382417
        1.5750000000         1.9500000000        -0.2681763096
        1.5800000000         1.9500000000        -0.2312359128
        1.5850000000         1.9500000000        -0.2579858553
        1.5900000000         1.9500000000        -0.2503430146
        1.5950000000         1.9500000000        -0.2414263671
        1.6000000000         1.9500000000        -0.2541644349
        1.6050000000         1.9500000000        -0.2350573332
        1.6100000000         1.9500000000        -0.2414263671
        1.6150000000         1.9500000000        -0.2516168214
        1.6200000000         1.9500000000        -0.2299621060
        1.6250000000         1.9500000000        -0.2363311400
        1.6300000000         1.9500000000        -0.2376049467
        1.6350000000         1.9500000000        -0.2248668789
        1.6400000000         1.9500000000        -0.2516168214
        1.6450000000         1.9500000000        -0.2325097196
        1.6500000000         1.9500000000        -0.2197716518
        1.6550000000         1.9500000000        -0.2427001739
        1.6600000000         1.9500000000        -0.2337835264
        1.6650000000         1.9500000000        -0.2274144925
        1.6700000000         1.9500000000        -0.2388787535
        1.6750000000         1.9500000000        -0.2337835264
        1.6800000000         1.9500000000        -0.2261406857
        1.6850000000         1.9500000000        -0.2363311400
        1.6900000000         1.9500000000        -0.2299621060
        1.6950000000         1.9500000000        -0.2210454585
        1.7000000000         1.9500000000        -0.2286882992
        1.7050000000         1.9500000000        -0.2337835264
        1.7100000000         1.9500000000        -0.2235930721
        1.7150000000         1.9500000000        -0.2363311400
        1.7200000000         1.9500000000        -0.2223192653
        1.7250000000         1.9500000000        -0.1955693229
        1.7300000000         1.9500000000        -0.2376049467
        1.7350000000         1.9500000000        -0.2261406857
        1.7400000000         1.9500000000        -0.2325097196
        1.7450000000         1.9500000000        -0.2299621060
        1.7500000000         1.9500000000        -0.2197716518
        1.7550000000         1.9500000000        -0.2223192653
        1.7600000000         1.9500000000        -0.2312359128
        1.7650000000         1.9500000000        -0.2197716518
        1.7700000000         1.9500000000        -0.2248668789
        1.7750000000         1.9500000000        -0.2235930721
        1.7800000000         1.9500000000        -0.2274144925
        1.7850000000         1.9500000000        -0.2439739807
        1.7900000000         1.9500000000        -0.2337835264
        1.7950000000         1.9500000000        -0.2261406857
        1.8000000000         1.9500000000        -0.2337835264
        1.8050000000         1.9500000000        -0.2312359128
        1.8100000000         1.9500000000        -0.2248668789
        1.8150000000         1.9500000000        -0.2299621060
        1.8200000000         1.9500000000        -0.2274144925
        1.8250000000         1.9500000000        -0.2286882992
        1.8300000000         1.9500000000        -0.2312359128
        1.8350000000         1.9500000000        -0.2401525603
        1.8400000000         1.9500000000        -0.2223192653
        1.8450000000         1.9500000000        -0.2274144925
        1.8500000000         1.9500000000        -0.2350573332
        1.8550000000         1.9500000000        -0.2274144925
        1.8600000000         1.9500000000        -0.2312359128
        1.8650000000         1.9500000000        -0.2248668789
        1.8700000000         1.9500000000        -0.2363311400
        1.8750000000         1.9500000000        -0.2248668789
        1.8800000000         1.9500000000        -0.2146764246
        1.8850000000         1.9500000000        -0.2286882992
        1.8900000000         1.9500000000        -0.2197716518
        1.8950000000         1.9500000000        -0.2541644349
        1.9000000000         1.9500000000        -0.2261406857
        1.9050000000         1.9500000000        -0.2325097196
        1.9100000000         1.9500000000        -0.2452477874
        1.9150000000         1.9500000000        -0.2274144925
        1.9200000000         1.9500000000        -0.2325097196
        1.9250000000         1.9500000000        -0.2248668789
        1.9300000000         1.9500000000        -0.2299621060
        1.9350000000         1.9500000000        -0.2337835264
        1.9400000000         1.9500000000        -0.2388787535
        1.9450000000         1.9500000000        -0.2274144925
        1.9500000000         1.9500000000        -0.2401525603
        1.9550000000         1.9500000000        -0.2388787535
        1.9600000000         1.9500000000        -0.2261406857
        1.9650000000         1.9500000000        -0.2401525603
        1.9700000000         1.9500000000        -0.2388787535
        1.9750000000         1.9500000000        -0.2261406857
        1.9800000000         1.9500000000        -0.2503430146
        1.9850000000         1.9500000000        -0.2286882992
        1.9900000000         1.9500000000        -0.2325097196
        1.9950000000         1.9500000000        -0.2414263671
        2.0000000000         1.9500000000        -0.2414263671
        2.0050000000         1.9500000000        -0.2350573332
        2.0100000000         1.9500000000        -0.2376049467
        2.0150000000         1.9500000000        -0.2376049467
        2.0200000000         1.9500000000        -0.2376049467
        2.0250000000         1.9500000000        -0.2388787535
        2.0300000000         1.9500000000        -0.2248668789
        2.0350000000         1.9500000000        -0.2452477874
        2.0400000000         1.9500000000        -0.2414263671
        2.0450000000         1.9500000000        -0.2325097196
        2.0500000000         1.9500000000        -0.2401525603
        2.0550000000         1.9500000000        -0.2452477874
        2.0600000000         1.9500000000        -0.2388787535
        2.0650000000         1.9500000000        -0.2503430146
        2.0700000000         1.9500000000        -0.2376049467
        2.0750000000         1.9500000000        -0.2388787535
        2.0800000000         1.9500000000        -0.2554382417
        2.0850000000         1.9500000000        -0.2414263671
        2.0900000000         1.9500000000        -0.2465215942
        2.0950000000         1.9500000000        -0.2465215942
        2.1000000000         1.9500000000        -0.2337835264
        2.1050000000         1.9500000000        -0.2516168214
        2.1100000000         1.9500000000        -0.2516168214
        2.1150000000         1.9500000000        -0.2452477874
        2.1200000000         1.9500000000        -0.2439739807
        2.1250000000         1.9500000000        -0.2477954010
        2.1300000000         1.9500000000        -0.2452477874
        2.1350000000         1.9500000000        -0.2503430146
        2.1400000000         1.9500000000        -0.2452477874
        2.1450000000         1.9500000000        -0.2579858553
        2.1500000000         1.9500000000        -0.2477954010
        2.1550000000         1.9500000000        -0.2274144925
        2.1600000000         1.9500000000        -0.2605334689
        2.1650000000         1.9500000000        -0.2477954010
        2.1700000000         1.9500000000        -0.2541644349
        2.1750000000         1.9500000000        -0.2503430146
        2.1800000000         1.9500000000        -0.2477954010
        2.1850000000         1.9500000000        -0.2541644349
        2.1900000000         1.9500000000        -0.2465215942
        2.1950000000         1.9500000000        -0.2567120485
        2.2000000000         1.9500000000        -0.2490692078
        2.2050000000         1.9500000000        -0.2503430146
        2.2100000000         1.9500000000        -0.2401525603
        2.2150000000         1.9500000000        -0.2669025028
        2.2200000000         1.9500000000        -0.2414263671
        2.2250000000         1.9500000000        -0.2452477874
        2.2300000000         1.9500000000        -0.2618072756
        2.2350000000         1.9500000000        -0.2439739807
        2.2400000000         1.9500000000        -0.2516168214
        2.2450000000         1.9500000000        -0.2528906281
        2.2500000000         1.9500000000        -0.2579858553
        2.2550000000         1.9500000000        -0.2490692078
        2.2600000000         1.9500000000        -0.2579858553
        2.2650000000         1.9500000000        -0.2477954010
        2.2700000000         1.9500000000        -0.2681763096
        2.2750000000         1.9500000000        -0.2490692078
        2.2800000000         1.9500000000        -0.2516168214
        2.2850000000         1.9500000000        -0.2605334689
        2.2900000000         1.9500000000        -0.2452477874
        2.2950000000         1.9500000000        -0.2490692078
        2.3000000000         1.9500000000        -0.2592596621
        2.3050000000         1.9500000000        -0.2477954010
        2.3100000000         1.9500000000        -0.2592596621
        2.3150000000         1.9500000000        -0.2541644349
        2.3200000000         1.9500000000        -0.2592596621
        2.3250000000         1.9500000000        -0.2618072756
        2.3300000000         1.9500000000        -0.2541644349
        2.3350000000         1.9500000000        -0.2579858553
        2.3400000000         1.9500000000        -0.2503430146
        2.3450000000         1.9500000000        -0.2605334689
        2.3500000000         1.9500000000        -0.2681763096
        2.3550000000         1.9500000000        -0.2503430146
        2.3600000000         1.9500000000        -0.2605334689
        2.3650000000         1.9500000000        -0.2643548892
        2.3700000000         1.9500000000        -0.2579858553
        2.3750000000         1.9500000000        -0.2656286960
        2.3800000000         1.9500000000        -0.2554382417
        2.3850000000         1.9500000000        -0.2592596621
        2.3900000000         1.9500000000        -0.2732715367
        2.3950000000         1.9500000000        -0.2541644349
        2.4000000000         1.9500000000        -0.2809143774
        2.4050000000         1.9500000000        -0.2567120485
        2.4100000000         1.9500000000        -0.2516168214
        2.4150000000         1.9500000000        -0.2656286960
        2.4200000000         1.9500000000        -0.2630810824
        2.4250000000         1.9500000000        -0.2618072756
        2.4300000000         1.9500000000        -0.2732715367
        2.4350000000         1.9500000000        -0.2643548892
        2.4400000000         1.9500000000        -0.2707239231
        2.4450000000         1.9500000000        -0.2363311400
        2.4500000000         1.9500000000        -0.2694501163
        2.4550000000         1.9500000000        -0.2681763096
        2.4600000000         1.9500000000        -0.2618072756
        2.4650000000         1.9500000000        -0.2770929571
        2.4700000000         1.9500000000        -0.2503430146
        2.4750000000         1.9500000000        -0.2618072756
        2.4800000000         1.9500000000        -0.2681763096
        2.4850000000         1.9500000000        -0.2452477874
        2.4900000000         1.9500000000        -0.2719977299
        2.4950000000         1.9500000000        -0.2567120485
        2.5000000000         1.9500000000        -0.2643548892
        2.5050000000         1.9500000000        -0.2694501163
        2.5100000000         1.9500000000        -0.2477954010
        2.5150000000         1.9500000000        -0.2643548892
        2.5200000000         1.9500000000        -0.2605334689
        2.5250000000         1.9500000000        -0.2541644349
        2.5300000000         1.9500000000        -0.2707239231
        2.5350000000         1.9500000000        -0.2388787535
        2.5400000000         1.9500000000        -0.2605334689
        2.5450000000         1.9500000000        -0.2528906281
        2.5500000000         1.9500000000        -0.2503430146
        2.5550000000         1.9500000000        -0.2528906281
        2.5600000000         1.9500000000        -0.2503430146
        2.5650000000         1.9500000000        -0.2427001739
        2.5700000000         1.9500000000        -0.2656286960
        2.5750000000         1.9500000000        -0.2376049467
        2.5800000000         1.9500000000        -0.2490692078
        2.5850000000         1.9500000000        -0.2490692078
        2.5900000000         1.9500000000        -0.2299621060
        2.5950000000         1.9500000000        -0.2567120485
        2.6000000000         1.9500000000        -0.2465215942
        2.6050000000         1.9500000000        -0.2299621060
        2.6100000000         1.9500000000        -0.2452477874
        2.6150000000         1.9500000000        -0.2363311400
        2.6200000000         1.9500000000        -0.2325097196
        2.6250000000         1.9500000000        -0.2414263671
        2.6300000000         1.9500000000        -0.2325097196
        2.6350000000         1.9500000000        -0.2363311400
        2.6400000000         1.9500000000        -0.2414263671
        2.6450000000         1.9500000000        -0.2261406857
        2.6500000000         1.9500000000        -0.2376049467
        2.6550000000         1.9500000000        -0.2439739807
        2.6600000000         1.9500000000        -0.2210454585
        2.6650000000         1.9500000000        -0.2414263671
        2.6700000000         1.9500000000        -0.2325097196
        2.6750000000         1.9500000000        -0.2159502314
        2.6800000000         1.9500000000        -0.2401525603
        2.6850000000         1.9500000000        -0.2337835264
        2.6900000000         1.9500000000        -0.2108550043
        2.6950000000         1.9500000000        -0.2376049467
        2.7000000000         1.9500000000        -0.2274144925
        2.7050000000         1.9500000000        -0.2299621060
        2.7100000000         1.9500000000        -0.2274144925
        2.7150000000         1.9500000000        -0.2274144925
        2.7200000000         1.9500000000        -0.2146764246
        2.7250000000         1.9500000000        -0.2274144925
        2.7300000000         1.9500000000        -0.2312359128
        2.7350000000         1.9500000000        -0.2159502314
        2.7400000000         1.9500000000        -0.2184978450
        2.7450000000         1.9500000000        -0.2032121636
        2.7500000000         1.9500000000        -0.2083073907
        2.7550000000         1.9500000000        -0.2261406857
        2.7600000000         1.9500000000        -0.2490692078
        2.7650000000         1.9500000000        -0.2121288110
        2.7700000000         1.9500000000        -0.2223192653
        2.7750000000         1.9500000000        -0.2197716518
        2.7800000000         1.9500000000        -0.2197716518
        2.7850000000         1.9500000000        -0.2235930721
        2.7900000000         1.9500000000        -0.2414263671
        2.7950000000         1.9500000000        -0.2172240382
        2.8000000000         1.9500000000        -0.2274144925
        2.8050000000         1.9500000000        -0.2248668789
        2.8100000000         1.9500000000        -0.2312359128
        2.8150000000         1.9500000000        -0.2197716518
        2.8200000000         1.9500000000        -0.2376049467
        2.8250000000         1.9500000000        -0.2274144925
        2.8300000000         1.9500000000        -0.2286882992
        2.8350000000         1.9500000000        -0.2452477874
        2.8400000000         1.9500000000        -0.2184978450
        2.8450000000         1.9500000000        -0.2312359128
        2.8500000000         1.9500000000        -0.2477954010
        2.8550000000         1.9500000000        -0.2210454585
        2.8600000000         1.9500000000        -0.2401525603
        2.8650000000         1.9500000000        -0.2337835264
        2.8700000000         1.9500000000        -0.2299621060
        2.8750000000         1.9500000000        -0.2337835264
        2.8800000000         1.9500000000        -0.2363311400
        2.8850000000         1.9500000000        -0.2312359128
        2.8900000000         1.9500000000        -0.2312359128
        2.8950000000         1.9500000000        -0.2248668789
        2.9000000000         1.9500000000        -0.2363311400
        2.9050000000         1.9500000000        -0.2299621060
        2.9100000000         1.9500000000        -0.2248668789
        2.9150000000         1.9500000000        -0.2299621060
        2.9200000000         1.9500000000        -0.2414263671
        2.9250000000         1.9500000000        -0.2299621060
        2.9300000000         1.9500000000        -0.2414263671
        2.9350000000         1.9500000000        -0.2363311400
        2.9400000000         1.9500000000        -0.2299621060
        2.9450000000         1.9500000000        -0.2337835264
        2.9500000000         1.9500000000        -0.2503430146
        2.9550000000         1.9500000000        -0.2299621060
        2.9600000000         1.9500000000        -0.2299621060
        2.9650000000         1.9500000000        -0.2439739807
        2.9700000000         1.9500000000        -0.2274144925
        2.9750000000         1.9500000000        -0.2452477874
        2.9800000000         1.9500000000        -0.2350573332
        2.9850000000         1.9500000000        -0.2337835264
        2.9900000000         1.9500000000        -0.2044859703
        2.9950000000         1.9500000000        -0.2414263671
        3.0000000000         1.9500000000        -0.2401525603
        3.0050000000         1.9500000000        -0.2337835264
        3.0100000000         1.9500000000        -0.2376049467
        3.0150000000         1.9500000000        -0.2325097196
        3.0200000000         1.9500000000        -0.2376049467
        3.0250000000         1.9500000000        -0.2452477874
        3.0300000000         1.9500000000        -0.2363311400
        3.0350000000         1.9500000000        -0.2134026178
        3.0400000000         1.9500000000        -0.2388787535
        3.0450000000         1.9500000000        -0.2414263671
        3.0500000000         1.9500000000        -0.2707239231
        3.0550000000         1.9500000000        -0.2414263671
        3.0600000000         1.9500000000        -0.2541644349
        3.0650000000         1.9500000000        -0.2554382417
        3.0700000000         1.9500000000        -0.2401525603
        3.0750000000         1.9500000000        -0.2503430146
        3.0800000000         1.9500000000        -0.2579858553
        3.0850000000         1.9500000000        -0.2452477874
        3.0900000000         1.9500000000        -0.2503430146
        3.0950000000         1.9500000000        -0.2439739807
        3.1000000000         1.9500000000        -0.2477954010
        3.1050000000         1.9500000000        -0.2567120485
        3.1100000000         1.9500000000        -0.2592596621
        3.1150000000         1.9500000000        -0.2541644349
        3.1200000000         1.9500000000        -0.2490692078
        3.1250000000         1.9500000000        -0.2503430146
        3.1300000000         1.9500000000        -0.2605334689
        3.1350000000         1.9500000000        -0.2592596621
        3.1400000000         1.9500000000        -0.2516168214
        3.1450000000         1.9500000000        -0.2401525603
        3.1500000000         1.9500000000        -0.2388787535
        3.1550000000         1.9500000000        -0.2605334689
        3.1600000000         1.9500000000        -0.2554382417
        3.1650000000         1.9500000000        -0.2554382417
        3.1700000000         1.9500000000        -0.2605334689
        3.1750000000         1.9500000000        -0.2452477874
        3.1800000000         1.9500000000        -0.2656286960
        3.1850000000         1.9500000000        -0.2516168214
        3.1900000000         1.9500000000        -0.2528906281
        3.1950000000         1.9500000000        -0.2592596621
        3.2000000000         1.9500000000        -0.2516168214
        3.2050000000         1.9500000000        -0.2452477874
        3.2100000000         1.9500000000        -0.2681763096
        3.2150000000         1.9500000000        -0.2490692078
        3.2200000000         1.9500000000        -0.2528906281
        3.2250000000         1.9500000000        -0.2541644349
        3.2300000000         1.9500000000        -0.2477954010
        3.2350000000         1.9500000000        -0.2516168214
        3.2400000000         1.9500000000        -0.2567120485
        3.2450000000         1.9500000000        -0.2541644349
        3.2500000000         1.9500000000        -0.2554382417
        3.2550000000         1.9500000000        -0.2516168214
        3.2600000000         1.9500000000        -0.2503430146
        3.2650000000         1.9500000000        -0.2669025028
        3.2700000000         1.9500000000        -0.2274144925
        3.2750000000         1.9500000000        -0.2503430146
        3.2800000000         1.9500000000        -0.2618072756
        3.2850000000         1.9500000000        -0.2401525603
        3.2900000000         1.9500000000        -0.2656286960
        3.2950000000         1.9500000000        -0.2528906281
        3.3000000000         1.9500000000        -0.2758191503
        3.3050000000         1.9500000000        -0.2605334689
        3.3100000000         1.9500000000        -0.2567120485
        3.3150000000         1.9500000000        -0.2847357978
        3.3200000000         1.9500000000        -0.2656286960
        3.3250000000         1.9500000000        -0.2516168214
        3.3300000000         1.9500000000        -0.2605334689
        3.3350000000         1.9500000000        -0.2656286960
        3.3400000000         1.9500000000        -0.2605334689
        3.3450000000         1.9500000000        -0.2643548892
        3.3500000000         1.9500000000        -0.2528906281
        3.3550000000         1.9500000000        -0.2656286960
        3.3600000000         1.9500000000        -0.2579858553
        3.3650000000         1.9500000000        -0.2732715367
        3.3700000000         1.9500000000        -0.2541644349
        3.3750000000         1.9500000000        -0.2528906281
        3.3800000000         1.9500000000        -0.2630810824
        3.3850000000         1.9500000000        -0.2630810824
        3.3900000000         1.9500000000        -0.2567120485
        3.3950000000         1.9500000000        -0.2821881842
        3.4000000000         1.9500000000        -0.2554382417
        3.4050000000         1.9500000000        -0.2465215942
        3.4100000000         1.9500000000        -0.2796405706
        3.4150000000         1.9500000000        -0.2579858553
        3.4200000000         1.9500000000        -0.2592596621
        3.4250000000         1.9500000000        -0.2605334689
        3.4300000000         1.9500000000        -0.2656286960
        3.4350000000         1.9500000000        -0.2719977299
        3.4400000000         1.9500000000        -0.2503430146
        3.4450000000         1.9500000000        -0.2745453435
        3.4500000000         1.9500000000        -0.2669025028
        3.4550000000         1.9500000000        -0.2490692078
        3.4600000000         1.9500000000        -0.2656286960
        3.4650000000         1.9500000000        -0.2554382417
        3.4700000000         1.9500000000        -0.2656286960
        3.4750000000         1.9500000000        -0.2643548892
        3.4800000000         1.9500000000        -0.2554382417
        3.4850000000         1.9500000000        -0.2707239231
        3.4900000000         1.9500000000        -0.2503430146
        3.4950000000         1.9500000000        -0.2630810824
        3.5000000000         1.9500000000        -0.2770929571
        3.5050000000         1.9500000000        -0.2452477874
        3.5100000000         1.9500000000        -0.2554382417
        3.5150000000         1.9500000000        -0.2618072756
        3.5200000000         1.9500000000        -0.2541644349
        3.5250000000         1.9500000000        -0.2707239231
        3.5300000000         1.9500000000        -0.2490692078
        3.5350000000         1.9500000000        -0.2656286960
        3.5400000000         1.9500000000        -0.2363311400
        3.5450000000         1.9500000000        -0.2528906281
        3.5500000000         1.9500000000        -0.2669025028
        3.5550000000         1.9500000000        -0.2605334689
        3.5600000000         1.9500000000        -0.2465215942
        3.5650000000         1.9500000000        -0.2694501163
        3.5700000000         1.9500000000        -0.2376049467
        3.5750000000         1.9500000000        -0.2567120485
        3.5800000000         1.9500000000        -0.2503430146
        3.5850000000         1.9500000000        -0.2274144925
        3.5900000000         1.9500000000        -0.2605334689
        3.5950000000         1.9500000000        -0.2312359128
        3.6000000000         1.9500000000        -0.2465215942
        3.6050000000         1.9500000000        -0.2452477874
        3.6100000000         1.9500000000        -0.2337835264
        3.6150000000         1.9500000000        -0.2325097196
        3.6200000000         1.9500000000        -0.2452477874
        3.6250000000         1.9500000000        -0.2299621060
        3.6300000000         1.9500000000        -0.2299621060
        3.6350000000         1.9500000000        -0.2388787535
        3.6400000000         1.9500000000        -0.2172240382
        3.6450000000         1.9500000000        -0.2363311400
        3.6500000000         1.9500000000        -0.2197716518
        3.6550000000         1.9500000000        -0.2172240382
        3.6600000000         1.9500000000        -0.2299621060
        3.6650000000         1.9500000000        -0.2159502314
        3.6700000000         1.9500000000        -0.2223192653
        3.6750000000         1.9500000000        -0.2286882992
        3.6800000000         1.9500000000        -0.2070335839
        3.6850000000         1.9500000000        -0.2146764246
        3.6900000000         1.9500000000        -0.2248668789
        3.6950000000         1.9500000000        -0.2057597771
        3.7000000000         1.9500000000        -0.2248668789
        3.7050000000         1.9500000000        -0.2159502314
        3.7100000000         1.9500000000        -0.2248668789
        3.7150000000         1.9500000000        -0.2095811975
        3.7200000000         1.9500000000        -0.2197716518
        3.7250000000         1.9500000000        -0.2286882992
        3.7300000000         1.9500000000        -0.2223192653
        3.7350000000         1.9500000000        -0.2121288110
        3.7400000000         1.9500000000        -0.2235930721
        3.7450000000         1.9500000000        -0.2159502314
        3.7500000000         1.9500000000        -0.2146764246
        3.7550000000         1.9500000000        -0.2337835264
        3.7600000000         1.9500000000        -0.2197716518
        3.7650000000         1.9500000000        -0.2210454585
        3.7700000000         1.9500000000        -0.2248668789
        3.7750000000         1.9500000000        -0.2210454585
        3.7800000000         1.9500000000        -0.2172240382
        3.7850000000         1.9500000000        -0.2197716518
        3.7900000000         1.9500000000        -0.2274144925
        3.7950000000         1.9500000000        -0.2083073907
        3.8000000000         1.9500000000        -0.2184978450
        3.8050000000         1.9500000000        -0.2337835264
        3.8100000000         1.9500000000        -0.1841050618
        3.8150000000         1.9500000000        -0.2286882992
        3.8200000000         1.9500000000        -0.2261406857
        3.8250000000         1.9500000000        -0.2439739807
        3.8300000000         1.9500000000        -0.2388787535
        3.8350000000         1.9500000000        -0.2172240382
        3.8400000000         1.9500000000        -0.2248668789
        3.8450000000         1.9500000000        -0.2388787535
        3.8500000000         1.9500000000        -0.2197716518
        3.8550000000         1.9500000000        -0.2299621060
        3.8600000000         1.9500000000        -0.2134026178
        3.8650000000         1.9500000000        -0.2286882992
        3.8700000000         1.9500000000        -0.2248668789
        3.8750000000         1.9500000000        -0.2248668789
        3.8800000000         1.9500000000        -0.2376049467
        3.8850000000         1.9500000000        -0.2134026178
        3.8900000000         1.9500000000        -0.2274144925
        3.8950000000         1.9500000000        -0.2235930721
        3.9000000000         1.9500000000        -0.2299621060
        3.9050000000         1.9500000000        -0.2299621060
        3.9100000000         1.9500000000        -0.2172240382
        3.9150000000         1.9500000000        -0.2261406857
        3.9200000000         1.9500000000        -0.2325097196
        3.9250000000         1.9500000000        -0.2197716518
        3.9300000000         1.9500000000        -0.2337835264
        3.9350000000         1.9500000000        -0.2286882992
        3.9400000000         1.9500000000        -0.2223192653
        3.9450000000         1.9500000000        -0.2325097196
        3.9500000000         1.9500000000        -0.2350573332
        3.9550000000         1.9500000000        -0.2248668789
        3.9600000000         1.9500000000        -0.2261406857
        3.9650000000         1.9500000000        -0.2477954010
        3.9700000000         1.9500000000        -0.2261406857
        3.9750000000         1.9500000000        -0.2274144925
        3.9800000000         1.9500000000        -0.2452477874
        3.9850000000         1.9500000000        -0.2274144925
        3.9900000000         1.9500000000        -0.2401525603
        3.9950000000         1.9500000000        -0.2414263671
        4.0000000000         1.9500000000        -0.2337835264
        4.0050000000         1.9500000000        -0.2376049467
        4.0100000000         1.9500000000        -0.2388787535
        4.0150000000         1.9500000000        -0.2350573332
        4.0200000000         1.9500000000        -0.2363311400
        4.0250000000         1.9500000000        -0.2439739807
        4.0300000000         1.9500000000        -0.2363311400
        4.0350000000         1.9500000000        -0.2439739807
        4.0400000000         1.9500000000        -0.2388787535
        4.0450000000         1.9500000000        -0.2134026178
        4.0500000000         1.9500000000        -0.2439739807
        4.0550000000         1.9500000000        -0.2401525603
        4.0600000000         1.9500000000        -0.2401525603
        4.0650000000         1.9500000000        -0.2490692078
        4.0700000000         1.9500000000        -0.2299621060
        4.0750000000         1.9500000000        -0.2465215942
        4.0800000000         1.9500000000        -0.2503430146
        4.0850000000         1.9500000000        -0.2312359128
        4.0900000000         1.9500000000        -0.2452477874
        4.0950000000         1.9500000000        -0.2376049467
        4.1000000000         1.9500000000        -0.2337835264
        4.1050000000         1.9500000000        -0.2414263671
        4.1100000000         1.9500000000        -0.2439739807
        4.1150000000         1.9500000000        -0.2452477874
        4.1200000000         1.9500000000        -0.2363311400
        4.1250000000         1.9500000000        -0.2516168214
        4.1300000000         1.9500000000        -0.2427001739
        4.1350000000         1.9500000000        -0.2516168214
        4.1400000000         1.9500000000        -0.2503430146
        4.1450000000         1.9500000000        -0.2503430146
        4.1500000000         1.9500000000        -0.2554382417
        4.1550000000         1.9500000000        -0.2376049467
        4.1600000000         1.9500000000        -0.2592596621
        4.1650000000         1.9500000000        -0.2376049467
        4.1700000000         1.9500000000        -0.2350573332
        4.1750000000         1.9500000000        -0.2477954010
        4.1800000000         1.9500000000        -0.2439739807
        4.1850000000         1.9500000000        -0.2554382417
        4.1900000000         1.9500000000        -0.2439739807
        4.1950000000         1.9500000000        -0.2528906281
        4.2000000000         1.9500000000        -0.2567120485
        4.2050000000         1.9500000000        -0.2503430146
        4.2100000000         1.9500000000        -0.2477954010
        4.2150000000         1.9500000000        -0.2579858553
        4.2200000000         1.9500000000        -0.2465215942
        4.2250000000         1.9500000000        -0.2579858553
        4.2300000000         1.9500000000        -0.2490692078
        4.2350000000         1.9500000000        -0.2388787535
        4.2400000000         1.9500000000        -0.2503430146
        4.2450000000         1.9500000000        -0.2554382417
        4.2500000000         1.9500000000        -0.2452477874
        4.2550000000         1.9500000000        -0.2554382417
        4.2600000000         1.9500000000        -0.2516168214
        4.2650000000         1.9500000000        -0.2465215942
        4.2700000000         1.9500000000        -0.2618072756
        4.2750000000         1.9500000000        -0.2477954010
        4.2800000000         1.9500000000        -0.2579858553
        4.2850000000         1.9500000000        -0.2605334689
        4.2900000000         1.9500000000        -0.2439739807
        4.2950000000         1.9500000000        -0.2618072756
        4.3000000000         1.9500000000        -0.2579858553
        4.3050000000         1.9500000000        -0.2554382417
        4.3100000000         1.9500000000        -0.2605334689
        4.3150000000         1.9500000000        -0.2465215942
        4.3200000000         1.9500000000        -0.2656286960
        4.3250000000         1.9500000000        -0.2681763096
        4.3300000000         1.9500000000        -0.2490692078
        4.3350000000         1.9500000000        -0.2618072756
        4.3400000000         1.9500000000        -0.2503430146
        4.3450000000         1.9500000000        -0.2669025028
        4.3500000000         1.9500000000        -0.2656286960
        4.3550000000         1.9500000000        -0.2414263671
        4.3600000000         1.9500000000        -0.2656286960
        4.3650000000         1.9500000000        -0.2503430146
        4.3700000000         1.9500000000        -0.2541644349
        4.3750000000         1.9500000000        -0.2592596621
        4.3800000000         1.9500000000        -0.2503430146
        4.3850000000         1.9500000000        -0.2503430146
        4.3900000000         1.9500000000        -0.2694501163
        4.3950000000         1.9500000000        -0.2490692078
        4.4000000000         1.9500000000        -0.2783667638
        4.4050000000         1.9500000000        -0.2579858553
        4.4100000000         1.9500000000        -0.2465215942
        4.4150000000         1.9500000000        -0.2745453435
        4.4200000000         1.9500000000        -0.2541644349
        4.4250000000         1.9500000000        -0.2656286960
        4.4300000000         1.9500000000        -0.2694501163
        4.4350000000         1.9500000000        -0.2579858553
        4.4400000000         1.9500000000        -0.2681763096
        4.4450000000         1.9500000000        -0.2605334689
        4.4500000000         1.9500000000        -0.2643548892
        4.4550000000         1.9500000000        -0.2719977299
        4.4600000000         1.9500000000        -0.2567120485
        4.4650000000         1.9500000000        -0.2719977299
        4.4700000000         1.9500000000        -0.2656286960
        4.4750000000         1.9500000000        -0.2707239231
        4.4800000000         1.9500000000        -0.2732715367
        4.4850000000         1.9500000000        -0.2630810824
        4.4900000000         1.9500000000        -0.2707239231
        4.4950000000         1.9500000000        -0.2567120485
        4.5000000000         1.9500000000        -0.2592596621
        4.5050000000         1.9500000000        -0.2783667638
        4.5100000000         1.9500000000        -0.2490692078
        4.5150000000         1.9500000000        -0.2630810824
        4.5200000000         1.9500000000        -0.2592596621
        4.5250000000         1.9500000000        -0.2541644349
        4.5300000000         1.9500000000        -0.2783667638
        4.5350000000         1.9500000000        -0.2465215942
        4.5400000000         1.9500000000        -0.2643548892
        4.5450000000         1.9500000000        -0.2541644349
        4.5500000000         1.9500000000        -0.2477954010
        4.5550000000         1.9500000000        -0.2656286960
        4.5600000000         1.9500000000        -0.2439739807
        4.5650000000         1.9500000000        -0.2516168214
        4.5700000000         1.9500000000        -0.2630810824
        4.5750000000         1.9500000000        -0.2299621060
        4.5800000000         1.9500000000        -0.2414263671
        4.5850000000         1.9500000000        -0.2401525603
        4.5900000000         1.9500000000        -0.2363311400
        4.5950000000         1.9500000000        -0.2503430146
        4.6000000000         1.9500000000        -0.2465215942
        4.6050000000         1.9500000000        -0.2235930721
        4.6100000000         1.9500000000        -0.2477954010
        4.6150000000         1.9500000000        -0.2312359128
        4.6200000000         1.9500000000        -0.2172240382
        4.6250000000         1.9500000000        -0.2541644349
        4.6300000000         1.9500000000        -0.2197716518
        4.6350000000         1.9500000000        -0.2363311400
        4.6400000000         1.9500000000        -0.2286882992
        4.6450000000         1.9500000000        -0.2261406857
        4.6500000000         1.9500000000        -0.2248668789
        4.6550000000         1.9500000000        -0.2299621060
        4.6600000000         1.9500000000        -0.2146764246
        4.6650000000         1.9500000000        -0.2223192653
        4.6700000000         1.9500000000        -0.2274144925
        4.6750000000         1.9500000000        -0.2172240382
        4.6800000000         1.9500000000        -0.2286882992
        4.6850000000         1.9500000000        -0.2376049467
        4.6900000000         1.9500000000        -0.2172240382
        4.6950000000         1.9500000000        -0.2159502314
        4.7000000000         1.9500000000        -0.2350573332
        4.7050000000         1.9500000000        -0.2159502314
        4.7100000000         1.9500000000        -0.2248668789
        4.7150000000         1.9500000000        -0.2235930721
        4.7200000000         1.9500000000        -0.2134026178
        4.7250000000         1.9500000000        -0.2146764246
        4.7300000000         1.9500000000        -0.2286882992
        4.7350000000         1.9500000000        -0.2210454585
        4.7400000000         1.9500000000        -0.2159502314
        4.7450000000         1.9500000000        -0.2197716518
        4.7500000000         1.9500000000        -0.2184978450
        4.7550000000         1.9500000000        -0.2172240382
        4.7600000000         1.9500000000        -0.2312359128
        4.7650000000         1.9500000000        -0.2134026178
        4.7700000000         1.9500000000        -0.2197716518
        4.7750000000         1.9500000000        -0.2121288110
        4.7800000000         1.9500000000        -0.2286882992
        4.7850000000         1.9500000000        -0.2159502314
        4.7900000000         1.9500000000        -0.2248668789
        4.7950000000         1.9500000000        -0.2248668789
        4.8000000000         1.9500000000        -0.2184978450
        4.8050000000         1.9500000000        -0.2299621060
        4.8100000000         1.9500000000        -0.2286882992
        4.8150000000         1.9500000000        -0.2210454585
        4.8200000000         1.9500000000        -0.2223192653
        4.8250000000         1.9500000000        -0.2286882992
        4.8300000000         1.9500000000        -0.2210454585
        4.8350000000         1.9500000000        -0.2376049467
        4.8400000000         1.9500000000        -0.2197716518
        4.8450000000         1.9500000000        -0.2223192653
        4.8500000000         1.9500000000        -0.2325097196
        4.8550000000         1.9500000000        -0.2274144925
        4.8600000000         1.9500000000        -0.2312359128
        4.8650000000         1.9500000000        -0.2248668789
        4.8700000000         1.9500000000        -0.2312359128
        4.8750000000         1.9500000000        -0.2108550043
        4.8800000000         1.9500000000        -0.2261406857
        4.8850000000         1.9500000000        -0.2286882992
        4.8900000000         1.9500000000        -0.2325097196
        4.8950000000         1.9500000000        -0.2274144925
        4.9000000000         1.9500000000        -0.2248668789
        4.9050000000         1.9500000000        -0.2477954010
        4.9100000000         1.9500000000        -0.2299621060
        4.9150000000         1.9500000000        -0.2235930721
        4.9200000000         1.9500000000        -0.2401525603
        4.9250000000         1.9500000000        -0.2401525603
        4.9300000000         1.9500000000        -0.2248668789
        4.9350000000         1.9500000000        -0.2388787535
        4.9400000000         1.9500000000        -0.2350573332
        4.9450000000         1.9500000000        -0.2286882992
        4.9500000000         1.9500000000        -0.2350573332
        4.9550000000         1.9500000000        -0.2337835264
        4.9600000000         1.9500000000        -0.2401525603
        4.9650000000         1.9500000000        -0.2299621060
        4.9700000000         1.9500000000        -0.2490692078
        4.9750000000         1.9500000000        -0.2312359128
        4.9800000000         1.9500000000        -0.2414263671
        4.9850000000         1.9500000000        -0.2414263671
        4.9900000000         1.9500000000        -0.2299621060
        4.9950000000         1.9500000000        -0.2477954010
        5.0000000000         1.9500000000        -0.2376049467
        5.0050000000         1.9500000000        -0.2427001739
        5.0100000000         1.9500000000        -0.2452477874
        5.0150000000         1.9500000000        -0.2376049467
        5.0200000000         1.9500000000        -0.2465215942
        5.0250000000         1.9500000000        -0.2427001739
        5.0300000000         1.9500000000        -0.2337835264
        5.0350000000         1.9500000000        -0.2465215942
        5.0400000000         1.9500000000        -0.2465215942
        5.0450000000         1.9500000000        -0.2350573332
        5.0500000000         1.9500000000        -0.2465215942
        5.0550000000         1.9500000000        -0.2503430146
        5.0600000000         1.9500000000        -0.2465215942
        5.0650000000         1.9500000000        -0.2490692078
        5.0700000000         1.9500000000        -0.2477954010
        5.0750000000         1.9500000000        -0.2350573332
        5.0800000000         1.9500000000        -0.2630810824
        5.0850000000         1.9500000000        -0.2286882992
        5.0900000000         1.9500000000        -0.2516168214
        5.0950000000         1.9500000000        -0.2477954010
        5.1000000000         1.9500000000        -0.2057597771
        5.1050000000         1.9500000000        -0.2567120485
        5.1100000000         1.9500000000        -0.2541644349
        5.1150000000         1.9500000000        -0.2541644349
        5.1200000000         1.9500000000        -0.2477954010
        5.1250000000         1.9500000000        -0.2516168214
        5.1300000000         1.9500000000        -0.2452477874
        5.1350000000         1.9500000000        -0.2656286960
        5.1400000000         1.9500000000        -0.2503430146
        5.1450000000         1.9500000000        -0.2541644349
        5.1500000000         1.9500000000        -0.2605334689
        5.1550000000         1.9500000000        -0.2401525603
        5.1600000000         1.9500000000        -0.2605334689
        5.1650000000         1.9500000000        -0.2477954010
        5.1700000000         1.9500000000        -0.2592596621
        5.1750000000         1.9500000000        -0.2554382417
        5.1800000000         1.9500000000        -0.2477954010
        5.1850000000         1.9500000000        -0.2643548892
        5.1900000000         1.9500000000        -0.2528906281
        5.1950000000         1.9500000000        -0.2618072756
        5.2000000000         1.9500000000        -0.2528906281
        5.2050000000         1.9500000000        -0.2567120485
        5.2100000000         1.9500000000        -0.2477954010
        5.2150000000         1.9500000000        -0.2656286960
        5.2200000000         1.9500000000        -0.2465215942
        5.2250000000         1.9500000000        -0.2618072756
        5.2300000000         1.9500000000        -0.2554382417
        5.2350000000         1.9500000000        -0.2414263671
        5.2400000000         1.9500000000        -0.2554382417
        5.2450000000         1.9500000000        -0.2516168214
        5.2500000000         1.9500000000        -0.2503430146
        5.2550000000         1.9500000000        -0.2452477874
        5.2600000000         1.9500000000        -0.2554382417
        5.2650000000         1.9500000000        -0.2465215942
        5.2700000000         1.9500000000        -0.2618072756
        5.2750000000         1.9500000000        -0.2567120485
        5.2800000000         1.9500000000        -0.2618072756
        5.2850000000         1.9500000000        -0.2605334689
        5.2900000000         1.9500000000        -0.2452477874
        5.2950000000         1.9500000000        -0.2605334689
        5.3000000000         1.9500000000        -0.2592596621
        5.3050000000         1.9500000000        -0.2516168214
        5.3100000000         1.9500000000        -0.2592596621
        5.3150000000         1.9500000000        -0.2503430146
        5.3200000000         1.9500000000        -0.2707239231
        5.3250000000         1.9500000000        -0.2592596621
        5.3300000000         1.9500000000        -0.2477954010
        5.3350000000         1.9500000000        -0.2656286960
        5.3400000000         1.9500000000        -0.2554382417
        5.3450000000         1.9500000000        -0.2669025028
        5.3500000000         1.9500000000        -0.2618072756
        5.3550000000         1.9500000000        -0.2477954010
        5.3600000000         1.9500000000        -0.2656286960
        5.3650000000         1.9500000000        -0.2656286960
        5.3700000000         1.9500000000        -0.2669025028
        5.3750000000         1.9500000000        -0.2605334689
        5.3800000000         1.9500000000        -0.2503430146
        5.3850000000         1.9500000000        -0.2605334689
        5.3900000000         1.9500000000        -0.2669025028
        5.3950000000         1.9500000000        -0.2490692078
        5.4000000000         1.9500000000        -0.2796405706
        5.4050000000         1.9500000000        -0.2465215942
        5.4100000000         1.9500000000        -0.2528906281
        5.4150000000         1.9500000000        -0.2758191503
        5.4200000000         1.9500000000        -0.2592596621
        5.4250000000         1.9500000000        -0.2681763096
        5.4300000000         1.9500000000        -0.2630810824
        5.4350000000         1.9500000000        -0.2656286960
        5.4400000000         1.9500000000        -0.2770929571
        5.4450000000         1.9500000000        -0.2567120485
        5.4500000000         1.9500000000        -0.2707239231
        5.4550000000         1.9500000000        -0.2669025028
        5.4600000000         1.9500000000        -0.2605334689
        5.4650000000         1.9500000000        -0.2745453435
        5.4700000000         1.9500000000        -0.2477954010
        5.4750000000         1.9500000000        -0.2758191503
        5.4800000000         1.9500000000        -0.2643548892
        5.4850000000         1.9500000000        -0.2618072756
        5.4900000000         1.9500000000        -0.2681763096
        5.4950000000         1.9500000000        -0.2554382417
        5.5000000000         1.9500000000        -0.2707239231
        5.5050000000         1.9500000000        -0.2605334689
        5.5100000000         1.9500000000        -0.2414263671
        5.5150000000         1.9500000000        -0.2707239231
        5.5200000000         1.9500000000        -0.2146764246
        5.5250000000         1.9500000000        -0.2567120485
        5.5300000000         1.9500000000        -0.2592596621
        5.5350000000         1.9500000000        -0.2452477874
        5.5400000000         1.9500000000        -0.2618072756
        5.5450000000         1.9500000000        -0.2452477874
        5.5500000000         1.9500000000        -0.2452477874
        5.5550000000         1.9500000000        -0.2643548892
        5.5600000000         1.9500000000        -0.2376049467
        5.5650000000         1.9500000000        -0.2554382417
        5.5700000000         1.9500000000        -0.2567120485
        5.5750000000         1.9500000000        -0.2401525603
        5.5800000000         1.9500000000        -0.2567120485
        5.5850000000         1.9500000000        -0.2465215942
        5.5900000000         1.9500000000        -0.2312359128
        5.5950000000         1.9500000000        -0.2579858553
        5.6000000000         1.9500000000        -0.2427001739
        5.6050000000         1.9500000000        -0.2363311400
        5.6100000000         1.9500000000        -0.2554382417
        5.6150000000         1.9500000000        -0.2223192653
        5.6200000000         1.9500000000        -0.2452477874
        5.6250000000         1.9500000000        -0.2401525603
        5.6300000000         1.9500000000        -0.2299621060
        5.6350000000         1.9500000000        -0.2477954010
        5.6400000000         1.9500000000        -0.2337835264
        5.6450000000         1.9500000000        -0.2248668789
        5.6500000000         1.9500000000        -0.2414263671
        5.6550000000         1.9500000000        -0.2376049467
        5.6600000000         1.9500000000        -0.2223192653
        5.6650000000         1.9500000000        -0.2337835264
        5.6700000000         1.9500000000        -0.2325097196
        5.6750000000         1.9500000000        -0.2235930721
        5.6800000000         1.9500000000        -0.2337835264
        5.6850000000         1.9500000000        -0.2350573332
        5.6900000000         1.9500000000        -0.2108550043
        5.6950000000         1.9500000000        -0.2350573332
        5.7000000000         1.9500000000        -0.2299621060
        5.7050000000         1.9500000000        -0.2184978450
        5.7100000000         1.9500000000        -0.2350573332
        5.7150000000         1.9500000000        -0.2235930721
        5.7200000000         1.9500000000        -0.2134026178
        5.7250000000         1.9500000000        -0.2248668789
        5.7300000000         1.9500000000        -0.2312359128
        5.7350000000         1.9500000000        -0.2299621060
        5.7400000000         1.9500000000        -0.2159502314
        5.7450000000         1.9500000000        -0.2299621060
        5.7500000000         1.9500000000        -0.2121288110
        5.7550000000         1.9500000000        -0.2274144925
        5.7600000000         1.9500000000        -0.2299621060
        5.7650000000         1.9500000000        -0.2159502314
        5.7700000000         1.9500000000        -0.2210454585
        5.7750000000         1.9500000000        -0.2312359128
        5.7800000000         1.9500000000        -0.2197716518
        5.7850000000         1.9500000000        -0.2312359128
        5.7900000000         1.9500000000        -0.2210454585
        5.7950000000         1.9500000000        -0.2159502314
        5.8000000000         1.9500000000        -0.2325097196
        5.8050000000         1.9500000000        -0.2312359128
        5.8100000000         1.9500000000        -0.2235930721
        5.8150000000         1.9500000000        -0.2274144925
        5.8200000000         1.9500000000        -0.2350573332
        5.8250000000         1.9500000000        -0.2299621060
        5.8300000000         1.9500000000        -0.2376049467
        5.8350000000         1.9500000000        -0.2376049467
        5.8400000000         1.9500000000        -0.2248668789
        5.8450000000         1.9500000000        -0.2401525603
        5.8500000000         1.9500000000        -0.2401525603
        5.8550000000         1.9500000000        -0.2210454585
        5.8600000000         1.9500000000        -0.2439739807
        5.8650000000         1.9500000000        -0.2235930721
        5.8700000000         1.9500000000        -0.2337835264
        5.8750000000         1.9500000000        -0.2312359128
        5.8800000000         1.9500000000        -0.2427001739
        5.8850000000         1.9500000000        -0.2235930721
        5.8900000000         1.9500000000        -0.2299621060
        5.8950000000         1.9500000000        -0.2325097196
        5.9000000000         1.9500000000        -0.2337835264
        5.9050000000         1.9500000000        -0.2325097196
        5.9100000000         1.9500000000        -0.2248668789
        5.9150000000         1.9500000000        -0.2337835264
        5.9200000000         1.9500000000        -0.2363311400
        5.9250000000         1.9500000000        -0.2261406857
        5.9300000000         1.9500000000        -0.2337835264
        5.9350000000         1.9500000000        -0.2363311400
        5.9400000000         1.9500000000        -0.2286882992
        5.9450000000         1.9500000000        -0.2337835264
        5.9500000000         1.9500000000        -0.2197716518
        5.9550000000         1.9500000000        -0.2299621060
        5.9600000000         1.9500000000        -0.2274144925
        5.9650000000         1.9500000000        -0.2452477874
        5.9700000000         1.9500000000        -0.2286882992
        5.9750000000         1.9500000000        -0.2465215942
        5.9800000000         1.9500000000        -0.2312359128
        5.9850000000         1.9500000000        -0.2363311400
        5.9900000000         1.9500000000        -0.2388787535
        5.9950000000         1.9500000000        -0.2427001739
        6.0000000000         1.9500000000        -0.2401525603
        6.0050000000         1.9500000000        -0.2427001739
        6.0100000000         1.9500000000        -0.2452477874
        6.0150000000         1.9500000000        -0.2376049467
        6.0200000000         1.9500000000        -0.2516168214
        6.0250000000         1.9500000000        -0.2388787535
        6.0300000000         1.9500000000        -0.2465215942
        6.0350000000         1.9500000000        -0.2401525603
        6.0400000000         1.9500000000        -0.2388787535
        6.0450000000         1.9500000000        -0.2567120485
        6.0500000000         1.9500000000        -0.2490692078
        6.0550000000         1.9500000000        -0.2452477874
        6.0600000000         1.9500000000        -0.2490692078
        6.0650000000         1.9500000000        -0.2452477874
        6.0700000000         1.9500000000        -0.2414263671
        6.0750000000         1.9500000000        -0.2618072756
        6.0800000000         1.9500000000        -0.2427001739
        6.0850000000         1.9500000000        -0.2554382417
        6.0900000000         1.9500000000        -0.2541644349
        6.0950000000         1.9500000000        -0.2388787535
        6.1000000000         1.9500000000        -0.2605334689
        6.1050000000         1.9500000000        -0.2554382417
        6.1100000000         1.9500000000        -0.2541644349
        6.1150000000         1.9500000000        -0.2516168214
        6.1200000000         1.9500000000        -0.2592596621
        6.1250000000         1.9500000000        -0.2465215942
        6.1300000000         1.9500000000        -0.2643548892
        6.1350000000         1.9500000000        -0.2490692078
        6.1400000000         1.9500000000        -0.2528906281
        6.1450000000         1.9500000000        -0.2554382417
        6.1500000000         1.9500000000        -0.2427001739
        6.1550000000         1.9500000000        -0.2643548892
        6.1600000000         1.9500000000        -0.2427001739
        6.1650000000         1.9500000000        -0.2656286960
        6.1700000000         1.9500000000        -0.2477954010
        6.1750000000         1.9500000000        -0.2528906281
        6.1800000000         1.9500000000        -0.2516168214
        6.1850000000         1.9500000000        -0.2325097196
        6.1900000000         1.9500000000        -0.2516168214
        6.1950000000         1.9500000000        -0.2541644349
        6.2000000000         1.9500000000        -0.2095811975
        6.2050000000         1.9500000000        -0.2490692078
        6.2100000000         1.9500000000        -0.2567120485
        6.2150000000         1.9500000000        -0.2477954010
        6.2200000000         1.9500000000        -0.2541644349
        6.2250000000         1.9500000000        -0.2477954010
        6.2300000000         1.9500000000        -0.2528906281
        6.2350000000         1.9500000000        -0.2516168214
        6.2400000000         1.9500000000        -0.2567120485
        6.2450000000         1.9500000000        -0.2477954010
        6.2500000000         1.9500000000        -0.2516168214
        6.2550000000         1.9500000000        -0.2579858553
        6.2600000000         1.9500000000        -0.2414263671
        6.2650000000         1.9500000000        -0.2669025028
        6.2700000000         1.9500000000        -0.2516168214
        6.2750000000         1.9500000000        -0.2554382417
        6.2800000000         1.9500000000        -0.2630810824
        6.2850000000         1.9500000000        -0.2490692078
        6.2900000000         1.9500000000        -0.2605334689
        6.2950000000         1.9500000000        -0.2567120485
        6.3000000000         1.9500000000        -0.2579858553
        6.3050000000         1.9500000000        -0.2643548892
        6.3100000000         1.9500000000        -0.2554382417
        6.3150000000         1.9500000000        -0.2669025028
        6.3200000000         1.9500000000        -0.2618072756
        6.3250000000         1.9500000000        -0.2439739807
        6.3300000000         1.9500000000        -0.2656286960
        6.3350000000         1.9500000000        -0.2541644349
        6.3400000000         1.9500000000        -0.2618072756
        6.3450000000         1.9500000000        -0.2694501163
        6.3500000000         1.9500000000        -0.2439739807
        6.3550000000         1.9500000000        -0.2630810824
        6.3600000000         1.9500000000        -0.2554382417
        6.3650000000         1.9500000000        -0.2707239231
        6.3700000000         1.9500000000        -0.2618072756
        6.3750000000         1.9500000000        -0.2605334689
        6.3800000000         1.9500000000        -0.2605334689
        6.3850000000         1.9500000000        -0.2643548892
        6.3900000000         1.9500000000        -0.2579858553
        6.3950000000         1.9500000000        -0.2860096045
        6.4000000000         1.9500000000        -0.2528906281
        6.4050000000         1.9500000000        -0.2452477874
        6.4100000000         1.9500000000        -0.2707239231
        6.4150000000         1.9500000000        -0.2605334689
        6.4200000000         1.9500000000        -0.2656286960
        6.4250000000         1.9500000000        -0.2592596621
        6.4300000000         1.9500000000        -0.2643548892
        6.4350000000         1.9500000000        -0.2707239231
