        0.9950000000         2.7500000000         0.0337160423
        1.0000000000         2.7500000000         0.0413588830
        1.0050000000         2.7500000000         0.0222517812
        1.0100000000         2.7500000000         0.0490017237
        1.0150000000         2.7500000000         0.0426326897
        1.0200000000         2.7500000000         0.0298946219
        1.0250000000         2.7500000000         0.0451803033
        1.0300000000         2.7500000000         0.0464541101
        1.0350000000         2.7500000000         0.0439064965
        1.0400000000         2.7500000000         0.0502755305
        1.0450000000         2.7500000000         0.0477279169
        1.0500000000         2.7500000000         0.0451803033
        1.0550000000         2.7500000000         0.0464541101
        1.0600000000         2.7500000000         0.0413588830
        1.0650000000         2.7500000000         0.0388112694
        1.0700000000         2.7500000000         0.0413588830
        1.0750000000         2.7500000000         0.0400850762
        1.0800000000         2.7500000000         0.0388112694
        1.0850000000         2.7500000000         0.0400850762
        1.0900000000         2.7500000000         0.0337160423
        1.0950000000         2.7500000000         0.0311684287
        1.1000000000         2.7500000000         0.0362636558
        1.1050000000         2.7500000000         0.0349898490
        1.1100000000         2.7500000000         0.0324422355
        1.1150000000         2.7500000000         0.0337160423
        1.1200000000         2.7500000000         0.0349898490
        1.1250000000         2.7500000000         0.0349898490
        1.1300000000         2.7500000000         0.0324422355
        1.1350000000         2.7500000000         0.0426326897
        1.1400000000         2.7500000000         0.0337160423
        1.1450000000         2.7500000000         0.0324422355
        1.1500000000         2.7500000000         0.0388112694
        1.1550000000         2.7500000000         0.0337160423
        1.1600000000         2.7500000000         0.0311684287
        1.1650000000         2.7500000000         0.0349898490
        1.1700000000         2.7500000000         0.0337160423
        1.1750000000         2.7500000000         0.0388112694
        1.1800000000         2.7500000000         0.0349898490
        1.1850000000         2.7500000000         0.0362636558
        1.1900000000         2.7500000000         0.0337160423
        1.1950000000         2.7500000000         0.0349898490
        1.2000000000         2.7500000000         0.0426326897
        1.2050000000         2.7500000000         0.0362636558
        1.2100000000         2.7500000000         0.0388112694
        1.2150000000         2.7500000000         0.0362636558
        1.2200000000         2.7500000000         0.0349898490
        1.2250000000         2.7500000000         0.0362636558
        1.2300000000         2.7500000000         0.0311684287
        1.2350000000         2.7500000000         0.0324422355
        1.2400000000         2.7500000000         0.0298946219
        1.2450000000         2.7500000000         0.0273470083
        1.2500000000         2.7500000000         0.0324422355
        1.2550000000         2.7500000000         0.0311684287
        1.2600000000         2.7500000000         0.0273470083
        1.2650000000         2.7500000000         0.0311684287
        1.2700000000         2.7500000000         0.0298946219
        1.2750000000         2.7500000000         0.0311684287
        1.2800000000         2.7500000000         0.0298946219
        1.2850000000         2.7500000000         0.0286208151
        1.2900000000         2.7500000000         0.0197041676
        1.2950000000         2.7500000000         0.0286208151
        1.3000000000         2.7500000000         0.0273470083
        1.3050000000         2.7500000000         0.0311684287
        1.3100000000         2.7500000000         0.0273470083
        1.3150000000         2.7500000000         0.0286208151
        1.3200000000         2.7500000000         0.0286208151
        1.3250000000         2.7500000000         0.0311684287
        1.3300000000         2.7500000000         0.0324422355
        1.3350000000         2.7500000000         0.0273470083
        1.3400000000         2.7500000000         0.0324422355
        1.3450000000         2.7500000000         0.0311684287
        1.3500000000         2.7500000000         0.0324422355
        1.3550000000         2.7500000000         0.0273470083
        1.3600000000         2.7500000000         0.0337160423
        1.3650000000         2.7500000000         0.0311684287
        1.3700000000         2.7500000000         0.0298946219
        1.3750000000         2.7500000000         0.0349898490
        1.3800000000         2.7500000000         0.0349898490
        1.3850000000         2.7500000000         0.0273470083
        1.3900000000         2.7500000000         0.0426326897
        1.3950000000         2.7500000000         0.0400850762
        1.4000000000         2.7500000000         0.0439064965
        1.4050000000         2.7500000000         0.0464541101
        1.4100000000         2.7500000000         0.0413588830
        1.4150000000         2.7500000000         0.0439064965
        1.4200000000         2.7500000000         0.0451803033
        1.4250000000         2.7500000000         0.0362636558
        1.4300000000         2.7500000000         0.0426326897
        1.4350000000         2.7500000000         0.0349898490
        1.4400000000         2.7500000000         0.0400850762
        1.4450000000         2.7500000000         0.0298946219
        1.4500000000         2.7500000000         0.0349898490
        1.4550000000         2.7500000000         0.0337160423
        1.4600000000         2.7500000000         0.0337160423
        1.4650000000         2.7500000000         0.0362636558
        1.4700000000         2.7500000000         0.0298946219
        1.4750000000         2.7500000000         0.0362636558
        1.4800000000         2.7500000000         0.0286208151
        1.4850000000         2.7500000000         0.0298946219
        1.4900000000         2.7500000000         0.0311684287
        1.4950000000         2.7500000000         0.0273470083
        1.5000000000         2.7500000000         0.0235255880
        1.5050000000         2.7500000000         0.0388112694
        1.5100000000         2.7500000000         0.0324422355
        1.5150000000         2.7500000000         0.0349898490
        1.5200000000         2.7500000000         0.0388112694
        1.5250000000         2.7500000000         0.0349898490
        1.5300000000         2.7500000000         0.0400850762
        1.5350000000         2.7500000000         0.0502755305
        1.5400000000         2.7500000000         0.0337160423
        1.5450000000         2.7500000000         0.0413588830
        1.5500000000         2.7500000000         0.0400850762
        1.5550000000         2.7500000000         0.0490017237
        1.5600000000         2.7500000000         0.0337160423
        1.5650000000         2.7500000000         0.0451803033
        1.5700000000         2.7500000000         0.0426326897
        1.5750000000         2.7500000000         0.0426326897
        1.5800000000         2.7500000000         0.0413588830
        1.5850000000         2.7500000000         0.0413588830
        1.5900000000         2.7500000000         0.0451803033
        1.5950000000         2.7500000000         0.0426326897
        1.6000000000         2.7500000000         0.0400850762
        1.6050000000         2.7500000000         0.0388112694
        1.6100000000         2.7500000000         0.0400850762
        1.6150000000         2.7500000000         0.0298946219
        1.6200000000         2.7500000000         0.0375374626
        1.6250000000         2.7500000000         0.0349898490
        1.6300000000         2.7500000000         0.0349898490
        1.6350000000         2.7500000000         0.0337160423
        1.6400000000         2.7500000000         0.0349898490
        1.6450000000         2.7500000000         0.0413588830
        1.6500000000         2.7500000000         0.0324422355
        1.6550000000         2.7500000000         0.0375374626
        1.6600000000         2.7500000000         0.0349898490
        1.6650000000         2.7500000000         0.0375374626
        1.6700000000         2.7500000000         0.0388112694
        1.6750000000         2.7500000000         0.0375374626
        1.6800000000         2.7500000000         0.0413588830
        1.6850000000         2.7500000000         0.0388112694
        1.6900000000         2.7500000000         0.0426326897
        1.6950000000         2.7500000000         0.0451803033
        1.7000000000         2.7500000000         0.0375374626
        1.7050000000         2.7500000000         0.0439064965
        1.7100000000         2.7500000000         0.0413588830
        1.7150000000         2.7500000000         0.0388112694
        1.7200000000         2.7500000000         0.0413588830
        1.7250000000         2.7500000000         0.0413588830
        1.7300000000         2.7500000000         0.0337160423
        1.7350000000         2.7500000000         0.0413588830
        1.7400000000         2.7500000000         0.0375374626
        1.7450000000         2.7500000000         0.0337160423
        1.7500000000         2.7500000000         0.0298946219
        1.7550000000         2.7500000000         0.0286208151
        1.7600000000         2.7500000000         0.0298946219
        1.7650000000         2.7500000000         0.0349898490
        1.7700000000         2.7500000000         0.0324422355
        1.7750000000         2.7500000000         0.0286208151
        1.7800000000         2.7500000000         0.0349898490
        1.7850000000         2.7500000000         0.0349898490
        1.7900000000         2.7500000000         0.0298946219
        1.7950000000         2.7500000000         0.0235255880
        1.8000000000         2.7500000000         0.0324422355
        1.8050000000         2.7500000000         0.0337160423
        1.8100000000         2.7500000000         0.0298946219
        1.8150000000         2.7500000000         0.0362636558
        1.8200000000         2.7500000000         0.0311684287
        1.8250000000         2.7500000000         0.0298946219
        1.8300000000         2.7500000000         0.0324422355
        1.8350000000         2.7500000000         0.0388112694
        1.8400000000         2.7500000000         0.0362636558
        1.8450000000         2.7500000000         0.0324422355
        1.8500000000         2.7500000000         0.0349898490
        1.8550000000         2.7500000000         0.0375374626
        1.8600000000         2.7500000000         0.0400850762
        1.8650000000         2.7500000000         0.0388112694
        1.8700000000         2.7500000000         0.0426326897
        1.8750000000         2.7500000000         0.0375374626
        1.8800000000         2.7500000000         0.0362636558
        1.8850000000         2.7500000000         0.0388112694
        1.8900000000         2.7500000000         0.0400850762
        1.8950000000         2.7500000000         0.0324422355
        1.9000000000         2.7500000000         0.0298946219
        1.9050000000         2.7500000000         0.0324422355
        1.9100000000         2.7500000000         0.0362636558
        1.9150000000         2.7500000000         0.0311684287
        1.9200000000         2.7500000000         0.0337160423
        1.9250000000         2.7500000000         0.0426326897
        1.9300000000         2.7500000000         0.0273470083
        1.9350000000         2.7500000000         0.0324422355
        1.9400000000         2.7500000000         0.0324422355
        1.9450000000         2.7500000000         0.0286208151
        1.9500000000         2.7500000000         0.0311684287
        1.9550000000         2.7500000000         0.0298946219
        1.9600000000         2.7500000000         0.0324422355
        1.9650000000         2.7500000000         0.0337160423
        1.9700000000         2.7500000000         0.0286208151
        1.9750000000         2.7500000000         0.0324422355
        1.9800000000         2.7500000000         0.0324422355
        1.9850000000         2.7500000000         0.0298946219
        1.9900000000         2.7500000000         0.0349898490
        1.9950000000         2.7500000000         0.0311684287
        2.0000000000         2.7500000000         0.0362636558
        2.0050000000         2.7500000000         0.0337160423
        2.0100000000         2.7500000000         0.0375374626
        2.0150000000         2.7500000000         0.0362636558
        2.0200000000         2.7500000000         0.0400850762
        2.0250000000         2.7500000000         0.0400850762
        2.0300000000         2.7500000000         0.0337160423
        2.0350000000         2.7500000000         0.0337160423
        2.0400000000         2.7500000000         0.0388112694
        2.0450000000         2.7500000000         0.0400850762
        2.0500000000         2.7500000000         0.0337160423
        2.0550000000         2.7500000000         0.0375374626
        2.0600000000         2.7500000000         0.0311684287
        2.0650000000         2.7500000000         0.0286208151
        2.0700000000         2.7500000000         0.0349898490
        2.0750000000         2.7500000000         0.0324422355
        2.0800000000         2.7500000000         0.0286208151
        2.0850000000         2.7500000000         0.0349898490
        2.0900000000         2.7500000000         0.0362636558
        2.0950000000         2.7500000000         0.0286208151
        2.1000000000         2.7500000000         0.0298946219
        2.1050000000         2.7500000000         0.0311684287
        2.1100000000         2.7500000000         0.0349898490
        2.1150000000         2.7500000000         0.0298946219
        2.1200000000         2.7500000000         0.0324422355
        2.1250000000         2.7500000000         0.0286208151
        2.1300000000         2.7500000000         0.0298946219
        2.1350000000         2.7500000000         0.0349898490
        2.1400000000         2.7500000000         0.0362636558
        2.1450000000         2.7500000000         0.0311684287
        2.1500000000         2.7500000000         0.0298946219
        2.1550000000         2.7500000000         0.0349898490
        2.1600000000         2.7500000000         0.0375374626
        2.1650000000         2.7500000000         0.0324422355
        2.1700000000         2.7500000000         0.0337160423
        2.1750000000         2.7500000000         0.0349898490
        2.1800000000         2.7500000000         0.0375374626
        2.1850000000         2.7500000000         0.0388112694
        2.1900000000         2.7500000000         0.0477279169
        2.1950000000         2.7500000000         0.0362636558
        2.2000000000         2.7500000000         0.0400850762
        2.2050000000         2.7500000000         0.0502755305
        2.2100000000         2.7500000000         0.0400850762
        2.2150000000         2.7500000000         0.0413588830
        2.2200000000         2.7500000000         0.0642874051
        2.2250000000         2.7500000000         0.0400850762
        2.2300000000         2.7500000000         0.0337160423
        2.2350000000         2.7500000000         0.0311684287
        2.2400000000         2.7500000000         0.0375374626
        2.2450000000         2.7500000000         0.0349898490
        2.2500000000         2.7500000000         0.0311684287
        2.2550000000         2.7500000000         0.0337160423
        2.2600000000         2.7500000000         0.0311684287
        2.2650000000         2.7500000000         0.0298946219
        2.2700000000         2.7500000000         0.0286208151
        2.2750000000         2.7500000000         0.0311684287
        2.2800000000         2.7500000000         0.0298946219
        2.2850000000         2.7500000000         0.0298946219
        2.2900000000         2.7500000000         0.0298946219
        2.2950000000         2.7500000000         0.0247993948
        2.3000000000         2.7500000000         0.0286208151
        2.3050000000         2.7500000000         0.0298946219
        2.3100000000         2.7500000000         0.0260732015
        2.3150000000         2.7500000000         0.0337160423
        2.3200000000         2.7500000000         0.0298946219
        2.3250000000         2.7500000000         0.0247993948
        2.3300000000         2.7500000000         0.0375374626
        2.3350000000         2.7500000000         0.0286208151
        2.3400000000         2.7500000000         0.0298946219
        2.3450000000         2.7500000000         0.0591921779
        2.3500000000         2.7500000000         0.0375374626
        2.3550000000         2.7500000000         0.0209779744
        2.3600000000         2.7500000000         0.0324422355
        2.3650000000         2.7500000000         0.0400850762
        2.3700000000         2.7500000000         0.0324422355
        2.3750000000         2.7500000000         0.0375374626
        2.3800000000         2.7500000000         0.0400850762
        2.3850000000         2.7500000000         0.0400850762
        2.3900000000         2.7500000000         0.0413588830
        2.3950000000         2.7500000000         0.0439064965
        2.4000000000         2.7500000000         0.0413588830
        2.4050000000         2.7500000000         0.0413588830
        2.4100000000         2.7500000000         0.0400850762
        2.4150000000         2.7500000000         0.0375374626
        2.4200000000         2.7500000000         0.0400850762
        2.4250000000         2.7500000000         0.0324422355
        2.4300000000         2.7500000000         0.0349898490
        2.4350000000         2.7500000000         0.0324422355
        2.4400000000         2.7500000000         0.0375374626
        2.4450000000         2.7500000000         0.0311684287
        2.4500000000         2.7500000000         0.0311684287
        2.4550000000         2.7500000000         0.0362636558
        2.4600000000         2.7500000000         0.0273470083
        2.4650000000         2.7500000000         0.0298946219
        2.4700000000         2.7500000000         0.0324422355
        2.4750000000         2.7500000000         0.0273470083
        2.4800000000         2.7500000000         0.0273470083
        2.4850000000         2.7500000000         0.0337160423
        2.4900000000         2.7500000000         0.0260732015
        2.4950000000         2.7500000000         0.0298946219
        2.5000000000         2.7500000000         0.0298946219
        2.5050000000         2.7500000000         0.0260732015
        2.5100000000         2.7500000000         0.0273470083
        2.5150000000         2.7500000000         0.0298946219
        2.5200000000         2.7500000000         0.0260732015
        2.5250000000         2.7500000000         0.0324422355
        2.5300000000         2.7500000000         0.0311684287
        2.5350000000         2.7500000000         0.0298946219
        2.5400000000         2.7500000000         0.0311684287
        2.5450000000         2.7500000000         0.0324422355
        2.5500000000         2.7500000000         0.0324422355
        2.5550000000         2.7500000000         0.0337160423
        2.5600000000         2.7500000000         0.0375374626
        2.5650000000         2.7500000000         0.0490017237
        2.5700000000         2.7500000000         0.0400850762
        2.5750000000         2.7500000000         0.0388112694
        2.5800000000         2.7500000000         0.0400850762
        2.5850000000         2.7500000000         0.0362636558
        2.5900000000         2.7500000000         0.0400850762
        2.5950000000         2.7500000000         0.0375374626
        2.6000000000         2.7500000000         0.0349898490
        2.6050000000         2.7500000000         0.0362636558
        2.6100000000         2.7500000000         0.0362636558
        2.6150000000         2.7500000000         0.0349898490
        2.6200000000         2.7500000000         0.0439064965
        2.6250000000         2.7500000000         0.0298946219
        2.6300000000         2.7500000000         0.0337160423
        2.6350000000         2.7500000000         0.0349898490
        2.6400000000         2.7500000000         0.0337160423
        2.6450000000         2.7500000000         0.0375374626
        2.6500000000         2.7500000000         0.0298946219
        2.6550000000         2.7500000000         0.0286208151
        2.6600000000         2.7500000000         0.0324422355
        2.6650000000         2.7500000000         0.0298946219
        2.6700000000         2.7500000000         0.0260732015
        2.6750000000         2.7500000000         0.0286208151
        2.6800000000         2.7500000000         0.0298946219
        2.6850000000         2.7500000000         0.0324422355
        2.6900000000         2.7500000000         0.0311684287
        2.6950000000         2.7500000000         0.0311684287
        2.7000000000         2.7500000000         0.0337160423
        2.7050000000         2.7500000000         0.0298946219
        2.7100000000         2.7500000000         0.0324422355
        2.7150000000         2.7500000000         0.0349898490
        2.7200000000         2.7500000000         0.0324422355
        2.7250000000         2.7500000000         0.0349898490
        2.7300000000         2.7500000000         0.0400850762
        2.7350000000         2.7500000000         0.0540969508
        2.7400000000         2.7500000000         0.0362636558
        2.7450000000         2.7500000000         0.0349898490
        2.7500000000         2.7500000000         0.0400850762
        2.7550000000         2.7500000000         0.0426326897
        2.7600000000         2.7500000000         0.0400850762
        2.7650000000         2.7500000000         0.0400850762
        2.7700000000         2.7500000000         0.0171565541
        2.7750000000         2.7500000000         0.0388112694
        2.7800000000         2.7500000000         0.0324422355
        2.7850000000         2.7500000000         0.0349898490
        2.7900000000         2.7500000000         0.0311684287
        2.7950000000         2.7500000000         0.0286208151
        2.8000000000         2.7500000000         0.0298946219
        2.8050000000         2.7500000000         0.0247993948
        2.8100000000         2.7500000000         0.0247993948
        2.8150000000         2.7500000000         0.0311684287
        2.8200000000         2.7500000000         0.0222517812
        2.8250000000         2.7500000000         0.0273470083
        2.8300000000         2.7500000000         0.0222517812
        2.8350000000         2.7500000000         0.0260732015
        2.8400000000         2.7500000000         0.0247993948
        2.8450000000         2.7500000000         0.0286208151
        2.8500000000         2.7500000000         0.0273470083
        2.8550000000         2.7500000000         0.0273470083
        2.8600000000         2.7500000000         0.0286208151
        2.8650000000         2.7500000000         0.0247993948
        2.8700000000         2.7500000000         0.0286208151
        2.8750000000         2.7500000000         0.0311684287
        2.8800000000         2.7500000000         0.0273470083
        2.8850000000         2.7500000000         0.0362636558
        2.8900000000         2.7500000000         0.0311684287
        2.8950000000         2.7500000000         0.0324422355
        2.9000000000         2.7500000000         0.0324422355
        2.9050000000         2.7500000000         0.0311684287
        2.9100000000         2.7500000000         0.0362636558
        2.9150000000         2.7500000000         0.0273470083
        2.9200000000         2.7500000000         0.0298946219
        2.9250000000         2.7500000000         0.0400850762
        2.9300000000         2.7500000000         0.0400850762
        2.9350000000         2.7500000000         0.0324422355
        2.9400000000         2.7500000000         0.0349898490
        2.9450000000         2.7500000000         0.0400850762
        2.9500000000         2.7500000000         0.0324422355
        2.9550000000         2.7500000000         0.0375374626
        2.9600000000         2.7500000000         0.0311684287
        2.9650000000         2.7500000000         0.0311684287
        2.9700000000         2.7500000000         0.0324422355
        2.9750000000         2.7500000000         0.0273470083
        2.9800000000         2.7500000000         0.0298946219
        2.9850000000         2.7500000000         0.0311684287
        2.9900000000         2.7500000000         0.0286208151
        2.9950000000         2.7500000000         0.0298946219
        3.0000000000         2.7500000000         0.0388112694
        3.0050000000         2.7500000000         0.0260732015
        3.0100000000         2.7500000000         0.0337160423
        3.0150000000         2.7500000000         0.0349898490
        3.0200000000         2.7500000000         0.0273470083
        3.0250000000         2.7500000000         0.0337160423
        3.0300000000         2.7500000000         0.0388112694
        3.0350000000         2.7500000000         0.0311684287
        3.0400000000         2.7500000000         0.0375374626
        3.0450000000         2.7500000000         0.0286208151
        3.0500000000         2.7500000000         0.0388112694
        3.0550000000         2.7500000000         0.0349898490
        3.0600000000         2.7500000000         0.0298946219
        3.0650000000         2.7500000000         0.0362636558
        3.0700000000         2.7500000000         0.0362636558
        3.0750000000         2.7500000000         0.0349898490
        3.0800000000         2.7500000000         0.0349898490
        3.0850000000         2.7500000000         0.0400850762
        3.0900000000         2.7500000000         0.0349898490
        3.0950000000         2.7500000000         0.0375374626
        3.1000000000         2.7500000000         0.0388112694
        3.1050000000         2.7500000000         0.0400850762
        3.1100000000         2.7500000000         0.0375374626
        3.1150000000         2.7500000000         0.0426326897
        3.1200000000         2.7500000000         0.0413588830
        3.1250000000         2.7500000000         0.0400850762
        3.1300000000         2.7500000000         0.0400850762
        3.1350000000         2.7500000000         0.0400850762
        3.1400000000         2.7500000000         0.0451803033
        3.1450000000         2.7500000000         0.0426326897
        3.1500000000         2.7500000000         0.0400850762
        3.1550000000         2.7500000000         0.0324422355
        3.1600000000         2.7500000000         0.0362636558
        3.1650000000         2.7500000000         0.0349898490
        3.1700000000         2.7500000000         0.0375374626
        3.1750000000         2.7500000000         0.0298946219
        3.1800000000         2.7500000000         0.0324422355
        3.1850000000         2.7500000000         0.0311684287
        3.1900000000         2.7500000000         0.0286208151
        3.1950000000         2.7500000000         0.0349898490
        3.2000000000         2.7500000000         0.0298946219
        3.2050000000         2.7500000000         0.0298946219
        3.2100000000         2.7500000000         0.0324422355
        3.2150000000         2.7500000000         0.0362636558
        3.2200000000         2.7500000000         0.0337160423
        3.2250000000         2.7500000000         0.0337160423
        3.2300000000         2.7500000000         0.0375374626
        3.2350000000         2.7500000000         0.0324422355
        3.2400000000         2.7500000000         0.0337160423
        3.2450000000         2.7500000000         0.0349898490
        3.2500000000         2.7500000000         0.0337160423
        3.2550000000         2.7500000000         0.0362636558
        3.2600000000         2.7500000000         0.0400850762
        3.2650000000         2.7500000000         0.0388112694
        3.2700000000         2.7500000000         0.0591921779
        3.2750000000         2.7500000000         0.0439064965
        3.2800000000         2.7500000000         0.0375374626
        3.2850000000         2.7500000000         0.0413588830
        3.2900000000         2.7500000000         0.0400850762
        3.2950000000         2.7500000000         0.0451803033
        3.3000000000         2.7500000000         0.0375374626
        3.3050000000         2.7500000000         0.0362636558
        3.3100000000         2.7500000000         0.0337160423
        3.3150000000         2.7500000000         0.0375374626
        3.3200000000         2.7500000000         0.0362636558
        3.3250000000         2.7500000000         0.0324422355
        3.3300000000         2.7500000000         0.0375374626
        3.3350000000         2.7500000000         0.0324422355
        3.3400000000         2.7500000000         0.0324422355
        3.3450000000         2.7500000000         0.0273470083
        3.3500000000         2.7500000000         0.0286208151
        3.3550000000         2.7500000000         0.0324422355
        3.3600000000         2.7500000000         0.0286208151
        3.3650000000         2.7500000000         0.0298946219
        3.3700000000         2.7500000000         0.0311684287
        3.3750000000         2.7500000000         0.0311684287
        3.3800000000         2.7500000000         0.0298946219
        3.3850000000         2.7500000000         0.0286208151
        3.3900000000         2.7500000000         0.0324422355
        3.3950000000         2.7500000000         0.0324422355
        3.4000000000         2.7500000000         0.0324422355
        3.4050000000         2.7500000000         0.0362636558
        3.4100000000         2.7500000000         0.0528231440
        3.4150000000         2.7500000000         0.0324422355
        3.4200000000         2.7500000000         0.0311684287
        3.4250000000         2.7500000000         0.0400850762
        3.4300000000         2.7500000000         0.0400850762
        3.4350000000         2.7500000000         0.0439064965
        3.4400000000         2.7500000000         0.0400850762
        3.4450000000         2.7500000000         0.0464541101
        3.4500000000         2.7500000000         0.0464541101
        3.4550000000         2.7500000000         0.0439064965
        3.4600000000         2.7500000000         0.0426326897
        3.4650000000         2.7500000000         0.0388112694
        3.4700000000         2.7500000000         0.0439064965
        3.4750000000         2.7500000000         0.0451803033
        3.4800000000         2.7500000000         0.0426326897
        3.4850000000         2.7500000000         0.0388112694
        3.4900000000         2.7500000000         0.0362636558
        3.4950000000         2.7500000000         0.0451803033
        3.5000000000         2.7500000000         0.0400850762
        3.5050000000         2.7500000000         0.0375374626
        3.5100000000         2.7500000000         0.0375374626
        3.5150000000         2.7500000000         0.0388112694
        3.5200000000         2.7500000000         0.0400850762
        3.5250000000         2.7500000000         0.0400850762
        3.5300000000         2.7500000000         0.0400850762
        3.5350000000         2.7500000000         0.0451803033
        3.5400000000         2.7500000000         0.0375374626
        3.5450000000         2.7500000000         0.0630135983
        3.5500000000         2.7500000000         0.0451803033
        3.5550000000         2.7500000000         0.0451803033
        3.5600000000         2.7500000000         0.0439064965
        3.5650000000         2.7500000000         0.0515493372
        3.5700000000         2.7500000000         0.0553707576
        3.5750000000         2.7500000000         0.0451803033
        3.5800000000         2.7500000000         0.0235255880
        3.5850000000         2.7500000000         0.0451803033
        3.5900000000         2.7500000000         0.0451803033
        3.5950000000         2.7500000000         0.0171565541
        3.6000000000         2.7500000000         0.0400850762
        3.6050000000         2.7500000000         0.0400850762
        3.6100000000         2.7500000000         0.0375374626
        3.6150000000         2.7500000000         0.0464541101
        3.6200000000         2.7500000000         0.0451803033
        3.6250000000         2.7500000000         0.0388112694
        3.6300000000         2.7500000000         0.0413588830
        3.6350000000         2.7500000000         0.0413588830
        3.6400000000         2.7500000000         0.0375374626
        3.6450000000         2.7500000000         0.0451803033
        3.6500000000         2.7500000000         0.0451803033
        3.6550000000         2.7500000000         0.0400850762
        3.6600000000         2.7500000000         0.0426326897
        3.6650000000         2.7500000000         0.0477279169
        3.6700000000         2.7500000000         0.0439064965
        3.6750000000         2.7500000000         0.0439064965
        3.6800000000         2.7500000000         0.0490017237
        3.6850000000         2.7500000000         0.0604659847
        3.6900000000         2.7500000000         0.0477279169
        3.6950000000         2.7500000000         0.0426326897
        3.7000000000         2.7500000000         0.0451803033
        3.7050000000         2.7500000000         0.0528231440
        3.7100000000         2.7500000000         0.0439064965
        3.7150000000         2.7500000000         0.0426326897
        3.7200000000         2.7500000000         0.0400850762
        3.7250000000         2.7500000000         0.0388112694
        3.7300000000         2.7500000000         0.0388112694
        3.7350000000         2.7500000000         0.0426326897
        3.7400000000         2.7500000000         0.0413588830
        3.7450000000         2.7500000000         0.0375374626
        3.7500000000         2.7500000000         0.0400850762
        3.7550000000         2.7500000000         0.0375374626
        3.7600000000         2.7500000000         0.0413588830
        3.7650000000         2.7500000000         0.0413588830
        3.7700000000         2.7500000000         0.0477279169
        3.7750000000         2.7500000000         0.0439064965
        3.7800000000         2.7500000000         0.0426326897
        3.7850000000         2.7500000000         0.0477279169
        3.7900000000         2.7500000000         0.0464541101
        3.7950000000         2.7500000000         0.0464541101
        3.8000000000         2.7500000000         0.0515493372
        3.8050000000         2.7500000000         0.0439064965
        3.8100000000         2.7500000000         0.0528231440
        3.8150000000         2.7500000000         0.0451803033
        3.8200000000         2.7500000000         0.0439064965
        3.8250000000         2.7500000000         0.0553707576
        3.8300000000         2.7500000000         0.0388112694
        3.8350000000         2.7500000000         0.0426326897
        3.8400000000         2.7500000000         0.0528231440
        3.8450000000         2.7500000000         0.0388112694
        3.8500000000         2.7500000000         0.0400850762
        3.8550000000         2.7500000000         0.0439064965
        3.8600000000         2.7500000000         0.0400850762
        3.8650000000         2.7500000000         0.0439064965
        3.8700000000         2.7500000000         0.0388112694
        3.8750000000         2.7500000000         0.0400850762
        3.8800000000         2.7500000000         0.0349898490
        3.8850000000         2.7500000000         0.0464541101
        3.8900000000         2.7500000000         0.0451803033
        3.8950000000         2.7500000000         0.0388112694
        3.9000000000         2.7500000000         0.0439064965
        3.9050000000         2.7500000000         0.0413588830
        3.9100000000         2.7500000000         0.0540969508
        3.9150000000         2.7500000000         0.0477279169
        3.9200000000         2.7500000000         0.0413588830
        3.9250000000         2.7500000000         0.0464541101
        3.9300000000         2.7500000000         0.0426326897
        3.9350000000         2.7500000000         0.0400850762
        3.9400000000         2.7500000000         0.0490017237
        3.9450000000         2.7500000000         0.0477279169
        3.9500000000         2.7500000000         0.0400850762
        3.9550000000         2.7500000000         0.0655612119
        3.9600000000         2.7500000000         0.0362636558
        3.9650000000         2.7500000000         0.0426326897
        3.9700000000         2.7500000000         0.0362636558
        3.9750000000         2.7500000000         0.0451803033
        3.9800000000         2.7500000000         0.0400850762
        3.9850000000         2.7500000000         0.0337160423
        3.9900000000         2.7500000000         0.0464541101
        3.9950000000         2.7500000000         0.0362636558
        4.0000000000         2.7500000000         0.0349898490
        4.0050000000         2.7500000000         0.0375374626
        4.0100000000         2.7500000000         0.0388112694
        4.0150000000         2.7500000000         0.0362636558
        4.0200000000         2.7500000000         0.0400850762
        4.0250000000         2.7500000000         0.0375374626
        4.0300000000         2.7500000000         0.0375374626
        4.0350000000         2.7500000000         0.0400850762
        4.0400000000         2.7500000000         0.0400850762
        4.0450000000         2.7500000000         0.0400850762
        4.0500000000         2.7500000000         0.0426326897
        4.0550000000         2.7500000000         0.0439064965
        4.0600000000         2.7500000000         0.0464541101
        4.0650000000         2.7500000000         0.0426326897
        4.0700000000         2.7500000000         0.0464541101
        4.0750000000         2.7500000000         0.0400850762
        4.0800000000         2.7500000000         0.0464541101
        4.0850000000         2.7500000000         0.0451803033
        4.0900000000         2.7500000000         0.0451803033
        4.0950000000         2.7500000000         0.0490017237
        4.1000000000         2.7500000000         0.0375374626
        4.1050000000         2.7500000000         0.0515493372
        4.1100000000         2.7500000000         0.0426326897
        4.1150000000         2.7500000000         0.0400850762
        4.1200000000         2.7500000000         0.0400850762
        4.1250000000         2.7500000000         0.0439064965
        4.1300000000         2.7500000000         0.0388112694
        4.1350000000         2.7500000000         0.0400850762
        4.1400000000         2.7500000000         0.0400850762
        4.1450000000         2.7500000000         0.0388112694
        4.1500000000         2.7500000000         0.0400850762
        4.1550000000         2.7500000000         0.0375374626
        4.1600000000         2.7500000000         0.0439064965
        4.1650000000         2.7500000000         0.0400850762
        4.1700000000         2.7500000000         0.0400850762
        4.1750000000         2.7500000000         0.0464541101
        4.1800000000         2.7500000000         0.0426326897
        4.1850000000         2.7500000000         0.0426326897
        4.1900000000         2.7500000000         0.0413588830
        4.1950000000         2.7500000000         0.0400850762
        4.2000000000         2.7500000000         0.0451803033
        4.2050000000         2.7500000000         0.0439064965
        4.2100000000         2.7500000000         0.0400850762
        4.2150000000         2.7500000000         0.0375374626
        4.2200000000         2.7500000000         0.0400850762
        4.2250000000         2.7500000000         0.0426326897
        4.2300000000         2.7500000000         0.0413588830
        4.2350000000         2.7500000000         0.0362636558
        4.2400000000         2.7500000000         0.0439064965
        4.2450000000         2.7500000000         0.0388112694
        4.2500000000         2.7500000000         0.0400850762
        4.2550000000         2.7500000000         0.0400850762
        4.2600000000         2.7500000000         0.0337160423
        4.2650000000         2.7500000000         0.0439064965
        4.2700000000         2.7500000000         0.0426326897
        4.2750000000         2.7500000000         0.0388112694
        4.2800000000         2.7500000000         0.0426326897
        4.2850000000         2.7500000000         0.0413588830
        4.2900000000         2.7500000000         0.0451803033
        4.2950000000         2.7500000000         0.0439064965
        4.3000000000         2.7500000000         0.0477279169
        4.3050000000         2.7500000000         0.0515493372
        4.3100000000         2.7500000000         0.0477279169
        4.3150000000         2.7500000000         0.0451803033
        4.3200000000         2.7500000000         0.0515493372
        4.3250000000         2.7500000000         0.0464541101
        4.3300000000         2.7500000000         0.0464541101
        4.3350000000         2.7500000000         0.0464541101
        4.3400000000         2.7500000000         0.0400850762
        4.3450000000         2.7500000000         0.0451803033
        4.3500000000         2.7500000000         0.0400850762
        4.3550000000         2.7500000000         0.0388112694
        4.3600000000         2.7500000000         0.0375374626
        4.3650000000         2.7500000000         0.0426326897
        4.3700000000         2.7500000000         0.0388112694
        4.3750000000         2.7500000000         0.0439064965
        4.3800000000         2.7500000000         0.0388112694
        4.3850000000         2.7500000000         0.0375374626
        4.3900000000         2.7500000000         0.0413588830
        4.3950000000         2.7500000000         0.0388112694
        4.4000000000         2.7500000000         0.0400850762
        4.4050000000         2.7500000000         0.0477279169
        4.4100000000         2.7500000000         0.0413588830
        4.4150000000         2.7500000000         0.0451803033
        4.4200000000         2.7500000000         0.0477279169
        4.4250000000         2.7500000000         0.0464541101
        4.4300000000         2.7500000000         0.0502755305
        4.4350000000         2.7500000000         0.0426326897
        4.4400000000         2.7500000000         0.0439064965
        4.4450000000         2.7500000000         0.0426326897
        4.4500000000         2.7500000000         0.0400850762
        4.4550000000         2.7500000000         0.0375374626
        4.4600000000         2.7500000000         0.0439064965
        4.4650000000         2.7500000000         0.0375374626
        4.4700000000         2.7500000000         0.0337160423
        4.4750000000         2.7500000000         0.0451803033
        4.4800000000         2.7500000000         0.0362636558
        4.4850000000         2.7500000000         0.0375374626
        4.4900000000         2.7500000000         0.0375374626
        4.4950000000         2.7500000000         0.0362636558
        4.5000000000         2.7500000000         0.0413588830
        4.5050000000         2.7500000000         0.0349898490
        4.5100000000         2.7500000000         0.0324422355
        4.5150000000         2.7500000000         0.0375374626
        4.5200000000         2.7500000000         0.0413588830
        4.5250000000         2.7500000000         0.0235255880
        4.5300000000         2.7500000000         0.0439064965
        4.5350000000         2.7500000000         0.0439064965
        4.5400000000         2.7500000000         0.0413588830
        4.5450000000         2.7500000000         0.0400850762
        4.5500000000         2.7500000000         0.0451803033
        4.5550000000         2.7500000000         0.0451803033
        4.5600000000         2.7500000000         0.0439064965
        4.5650000000         2.7500000000         0.0490017237
        4.5700000000         2.7500000000         0.0426326897
        4.5750000000         2.7500000000         0.0477279169
        4.5800000000         2.7500000000         0.0464541101
        4.5850000000         2.7500000000         0.0439064965
        4.5900000000         2.7500000000         0.0451803033
        4.5950000000         2.7500000000         0.0413588830
        4.6000000000         2.7500000000         0.0477279169
        4.6050000000         2.7500000000         0.0388112694
        4.6100000000         2.7500000000         0.0464541101
        4.6150000000         2.7500000000         0.0490017237
        4.6200000000         2.7500000000         0.0349898490
        4.6250000000         2.7500000000         0.0439064965
        4.6300000000         2.7500000000         0.0298946219
        4.6350000000         2.7500000000         0.0426326897
        4.6400000000         2.7500000000         0.0349898490
        4.6450000000         2.7500000000         0.0311684287
        4.6500000000         2.7500000000         0.0375374626
        4.6550000000         2.7500000000         0.0324422355
        4.6600000000         2.7500000000         0.0324422355
        4.6650000000         2.7500000000         0.0298946219
        4.6700000000         2.7500000000         0.0337160423
        4.6750000000         2.7500000000         0.0375374626
        4.6800000000         2.7500000000         0.0337160423
        4.6850000000         2.7500000000         0.0298946219
        4.6900000000         2.7500000000         0.0349898490
        4.6950000000         2.7500000000         0.0349898490
        4.7000000000         2.7500000000         0.0400850762
        4.7050000000         2.7500000000         0.0349898490
        4.7100000000         2.7500000000         0.0388112694
        4.7150000000         2.7500000000         0.0375374626
        4.7200000000         2.7500000000         0.0362636558
        4.7250000000         2.7500000000         0.0426326897
        4.7300000000         2.7500000000         0.0413588830
        4.7350000000         2.7500000000         0.0388112694
        4.7400000000         2.7500000000         0.0451803033
        4.7450000000         2.7500000000         0.0362636558
        4.7500000000         2.7500000000         0.0400850762
        4.7550000000         2.7500000000         0.0439064965
        4.7600000000         2.7500000000         0.0388112694
        4.7650000000         2.7500000000         0.0451803033
        4.7700000000         2.7500000000         0.0464541101
        4.7750000000         2.7500000000         0.0426326897
        4.7800000000         2.7500000000         0.0400850762
        4.7850000000         2.7500000000         0.0388112694
        4.7900000000         2.7500000000         0.0451803033
        4.7950000000         2.7500000000         0.0439064965
        4.8000000000         2.7500000000         0.0400850762
        4.8050000000         2.7500000000         0.0400850762
        4.8100000000         2.7500000000         0.0400850762
        4.8150000000         2.7500000000         0.0426326897
        4.8200000000         2.7500000000         0.0477279169
        4.8250000000         2.7500000000         0.0477279169
        4.8300000000         2.7500000000         0.0439064965
        4.8350000000         2.7500000000         0.0426326897
        4.8400000000         2.7500000000         0.0426326897
        4.8450000000         2.7500000000         0.0451803033
        4.8500000000         2.7500000000         0.0413588830
        4.8550000000         2.7500000000         0.0439064965
        4.8600000000         2.7500000000         0.0388112694
        4.8650000000         2.7500000000         0.0439064965
        4.8700000000         2.7500000000         0.0439064965
        4.8750000000         2.7500000000         0.0413588830
        4.8800000000         2.7500000000         0.0451803033
        4.8850000000         2.7500000000         0.0477279169
        4.8900000000         2.7500000000         0.0375374626
        4.8950000000         2.7500000000         0.0362636558
        4.9000000000         2.7500000000         0.0426326897
        4.9050000000         2.7500000000         0.0413588830
        4.9100000000         2.7500000000         0.0426326897
        4.9150000000         2.7500000000         0.0400850762
        4.9200000000         2.7500000000         0.0451803033
        4.9250000000         2.7500000000         0.0439064965
        4.9300000000         2.7500000000         0.0426326897
        4.9350000000         2.7500000000         0.0413588830
        4.9400000000         2.7500000000         0.0413588830
        4.9450000000         2.7500000000         0.0477279169
        4.9500000000         2.7500000000         0.0439064965
        4.9550000000         2.7500000000         0.0439064965
        4.9600000000         2.7500000000         0.0439064965
        4.9650000000         2.7500000000         0.0400850762
        4.9700000000         2.7500000000         0.0426326897
        4.9750000000         2.7500000000         0.0477279169
        4.9800000000         2.7500000000         0.0426326897
        4.9850000000         2.7500000000         0.0413588830
        4.9900000000         2.7500000000         0.0451803033
        4.9950000000         2.7500000000         0.0451803033
        5.0000000000         2.7500000000         0.0400850762
        5.0050000000         2.7500000000         0.0477279169
        5.0100000000         2.7500000000         0.0439064965
        5.0150000000         2.7500000000         0.0426326897
        5.0200000000         2.7500000000         0.0579183712
        5.0250000000         2.7500000000         0.0426326897
        5.0300000000         2.7500000000         0.0413588830
        5.0350000000         2.7500000000         0.0400850762
        5.0400000000         2.7500000000         0.0426326897
        5.0450000000         2.7500000000         0.0324422355
        5.0500000000         2.7500000000         0.0413588830
        5.0550000000         2.7500000000         0.0413588830
        5.0600000000         2.7500000000         0.0388112694
        5.0650000000         2.7500000000         0.0451803033
        5.0700000000         2.7500000000         0.0451803033
        5.0750000000         2.7500000000         0.0426326897
        5.0800000000         2.7500000000         0.0490017237
        5.0850000000         2.7500000000         0.0413588830
        5.0900000000         2.7500000000         0.0451803033
        5.0950000000         2.7500000000         0.0464541101
        5.1000000000         2.7500000000         0.0426326897
        5.1050000000         2.7500000000         0.0477279169
        5.1100000000         2.7500000000         0.0426326897
        5.1150000000         2.7500000000         0.0375374626
        5.1200000000         2.7500000000         0.0426326897
        5.1250000000         2.7500000000         0.0400850762
        5.1300000000         2.7500000000         0.0400850762
        5.1350000000         2.7500000000         0.0413588830
        5.1400000000         2.7500000000         0.0388112694
        5.1450000000         2.7500000000         0.0451803033
        5.1500000000         2.7500000000         0.0375374626
        5.1550000000         2.7500000000         0.0426326897
        5.1600000000         2.7500000000         0.0439064965
        5.1650000000         2.7500000000         0.0426326897
        5.1700000000         2.7500000000         0.0247993948
        5.1750000000         2.7500000000         0.0413588830
        5.1800000000         2.7500000000         0.0426326897
        5.1850000000         2.7500000000         0.0400850762
        5.1900000000         2.7500000000         0.0490017237
        5.1950000000         2.7500000000         0.0451803033
        5.2000000000         2.7500000000         0.0490017237
        5.2050000000         2.7500000000         0.0426326897
        5.2100000000         2.7500000000         0.0451803033
        5.2150000000         2.7500000000         0.0477279169
        5.2200000000         2.7500000000         0.0451803033
        5.2250000000         2.7500000000         0.0426326897
        5.2300000000         2.7500000000         0.0413588830
        5.2350000000         2.7500000000         0.0464541101
        5.2400000000         2.7500000000         0.0413588830
        5.2450000000         2.7500000000         0.0451803033
        5.2500000000         2.7500000000         0.0400850762
        5.2550000000         2.7500000000         0.0413588830
        5.2600000000         2.7500000000         0.0400850762
        5.2650000000         2.7500000000         0.0439064965
        5.2700000000         2.7500000000         0.0337160423
        5.2750000000         2.7500000000         0.0451803033
        5.2800000000         2.7500000000         0.0375374626
        5.2850000000         2.7500000000         0.0451803033
        5.2900000000         2.7500000000         0.0413588830
        5.2950000000         2.7500000000         0.0413588830
        5.3000000000         2.7500000000         0.0502755305
        5.3050000000         2.7500000000         0.0451803033
        5.3100000000         2.7500000000         0.0311684287
        5.3150000000         2.7500000000         0.0464541101
        5.3200000000         2.7500000000         0.0400850762
        5.3250000000         2.7500000000         0.0400850762
        5.3300000000         2.7500000000         0.0451803033
        5.3350000000         2.7500000000         0.0413588830
        5.3400000000         2.7500000000         0.0451803033
        5.3450000000         2.7500000000         0.0451803033
        5.3500000000         2.7500000000         0.0451803033
        5.3550000000         2.7500000000         0.0451803033
        5.3600000000         2.7500000000         0.0413588830
        5.3650000000         2.7500000000         0.0477279169
        5.3700000000         2.7500000000         0.0426326897
        5.3750000000         2.7500000000         0.0464541101
        5.3800000000         2.7500000000         0.0464541101
        5.3850000000         2.7500000000         0.0413588830
        5.3900000000         2.7500000000         0.0477279169
        5.3950000000         2.7500000000         0.0464541101
        5.4000000000         2.7500000000         0.0477279169
        5.4050000000         2.7500000000         0.0464541101
        5.4100000000         2.7500000000         0.0477279169
        5.4150000000         2.7500000000         0.0502755305
        5.4200000000         2.7500000000         0.0477279169
        5.4250000000         2.7500000000         0.0439064965
        5.4300000000         2.7500000000         0.0515493372
        5.4350000000         2.7500000000         0.0502755305
        5.4400000000         2.7500000000         0.0502755305
        5.4450000000         2.7500000000         0.0439064965
        5.4500000000         2.7500000000         0.0540969508
        5.4550000000         2.7500000000         0.0490017237
        5.4600000000         2.7500000000         0.0502755305
        5.4650000000         2.7500000000         0.0502755305
        5.4700000000         2.7500000000         0.0426326897
        5.4750000000         2.7500000000         0.0477279169
        5.4800000000         2.7500000000         0.0490017237
        5.4850000000         2.7500000000         0.0451803033
        5.4900000000         2.7500000000         0.0477279169
        5.4950000000         2.7500000000         0.0439064965
        5.5000000000         2.7500000000         0.0502755305
        5.5050000000         2.7500000000         0.0439064965
        5.5100000000         2.7500000000         0.0477279169
        5.5150000000         2.7500000000         0.0477279169
        5.5200000000         2.7500000000         0.0464541101
        5.5250000000         2.7500000000         0.0490017237
        5.5300000000         2.7500000000         0.0464541101
        5.5350000000         2.7500000000         0.0464541101
        5.5400000000         2.7500000000         0.0540969508
        5.5450000000         2.7500000000         0.0451803033
        5.5500000000         2.7500000000         0.0477279169
        5.5550000000         2.7500000000         0.0591921779
        5.5600000000         2.7500000000         0.0477279169
        5.5650000000         2.7500000000         0.0515493372
        5.5700000000         2.7500000000         0.0630135983
        5.5750000000         2.7500000000         0.0502755305
        5.5800000000         2.7500000000         0.0477279169
        5.5850000000         2.7500000000         0.0451803033
        5.5900000000         2.7500000000         0.0464541101
        5.5950000000         2.7500000000         0.0426326897
        5.6000000000         2.7500000000         0.0426326897
        5.6050000000         2.7500000000         0.0464541101
        5.6100000000         2.7500000000         0.0413588830
        5.6150000000         2.7500000000         0.0439064965
        5.6200000000         2.7500000000         0.0477279169
        5.6250000000         2.7500000000         0.0426326897
        5.6300000000         2.7500000000         0.0502755305
        5.6350000000         2.7500000000         0.0464541101
        5.6400000000         2.7500000000         0.0439064965
        5.6450000000         2.7500000000         0.0477279169
        5.6500000000         2.7500000000         0.0477279169
        5.6550000000         2.7500000000         0.0400850762
        5.6600000000         2.7500000000         0.0400850762
        5.6650000000         2.7500000000         0.0426326897
        5.6700000000         2.7500000000         0.0413588830
        5.6750000000         2.7500000000         0.0451803033
        5.6800000000         2.7500000000         0.0426326897
        5.6850000000         2.7500000000         0.0375374626
        5.6900000000         2.7500000000         0.0324422355
        5.6950000000         2.7500000000         0.0451803033
        5.7000000000         2.7500000000         0.0388112694
        5.7050000000         2.7500000000         0.0388112694
        5.7100000000         2.7500000000         0.0515493372
        5.7150000000         2.7500000000         0.0337160423
        5.7200000000         2.7500000000         0.0349898490
        5.7250000000         2.7500000000         0.0349898490
        5.7300000000         2.7500000000         0.0375374626
        5.7350000000         2.7500000000         0.0324422355
        5.7400000000         2.7500000000         0.0375374626
        5.7450000000         2.7500000000         0.0375374626
        5.7500000000         2.7500000000         0.0400850762
        5.7550000000         2.7500000000         0.0388112694
        5.7600000000         2.7500000000         0.0400850762
        5.7650000000         2.7500000000         0.0400850762
        5.7700000000         2.7500000000         0.0375374626
        5.7750000000         2.7500000000         0.0451803033
        5.7800000000         2.7500000000         0.0413588830
        5.7850000000         2.7500000000         0.0477279169
        5.7900000000         2.7500000000         0.0388112694
        5.7950000000         2.7500000000         0.0413588830
        5.8000000000         2.7500000000         0.0311684287
        5.8050000000         2.7500000000         0.0400850762
        5.8100000000         2.7500000000         0.0349898490
        5.8150000000         2.7500000000         0.0337160423
        5.8200000000         2.7500000000         0.0349898490
        5.8250000000         2.7500000000         0.0400850762
        5.8300000000         2.7500000000         0.0298946219
        5.8350000000         2.7500000000         0.0375374626
        5.8400000000         2.7500000000         0.0324422355
        5.8450000000         2.7500000000         0.0337160423
        5.8500000000         2.7500000000         0.0337160423
        5.8550000000         2.7500000000         0.0337160423
        5.8600000000         2.7500000000         0.0286208151
        5.8650000000         2.7500000000         0.0298946219
        5.8700000000         2.7500000000         0.0349898490
        5.8750000000         2.7500000000         0.0349898490
        5.8800000000         2.7500000000         0.0298946219
        5.8850000000         2.7500000000         0.0286208151
        5.8900000000         2.7500000000         0.0375374626
        5.8950000000         2.7500000000         0.0362636558
        5.9000000000         2.7500000000         0.0349898490
        5.9050000000         2.7500000000         0.0362636558
        5.9100000000         2.7500000000         0.0400850762
        5.9150000000         2.7500000000         0.0630135983
        5.9200000000         2.7500000000         0.0388112694
        5.9250000000         2.7500000000         0.0400850762
        5.9300000000         2.7500000000         0.0349898490
        5.9350000000         2.7500000000         0.0439064965
        5.9400000000         2.7500000000         0.0400850762
        5.9450000000         2.7500000000         0.0439064965
        5.9500000000         2.7500000000         0.0388112694
        5.9550000000         2.7500000000         0.0426326897
        5.9600000000         2.7500000000         0.0413588830
        5.9650000000         2.7500000000         0.0375374626
        5.9700000000         2.7500000000         0.0464541101
        5.9750000000         2.7500000000         0.0413588830
        5.9800000000         2.7500000000         0.0184303608
        5.9850000000         2.7500000000         0.0400850762
        5.9900000000         2.7500000000         0.0464541101
        5.9950000000         2.7500000000         0.0400850762
        6.0000000000         2.7500000000         0.0439064965
        6.0050000000         2.7500000000         0.0375374626
        6.0100000000         2.7500000000         0.0413588830
        6.0150000000         2.7500000000         0.0426326897
        6.0200000000         2.7500000000         0.0400850762
        6.0250000000         2.7500000000         0.0400850762
        6.0300000000         2.7500000000         0.0439064965
        6.0350000000         2.7500000000         0.0375374626
        6.0400000000         2.7500000000         0.0413588830
        6.0450000000         2.7500000000         0.0439064965
        6.0500000000         2.7500000000         0.0362636558
        6.0550000000         2.7500000000         0.0400850762
        6.0600000000         2.7500000000         0.0413588830
        6.0650000000         2.7500000000         0.0375374626
        6.0700000000         2.7500000000         0.0400850762
        6.0750000000         2.7500000000         0.0362636558
        6.0800000000         2.7500000000         0.0426326897
        6.0850000000         2.7500000000         0.0426326897
        6.0900000000         2.7500000000         0.0388112694
        6.0950000000         2.7500000000         0.0426326897
        6.1000000000         2.7500000000         0.0413588830
        6.1050000000         2.7500000000         0.0413588830
        6.1100000000         2.7500000000         0.0375374626
        6.1150000000         2.7500000000         0.0439064965
        6.1200000000         2.7500000000         0.0413588830
        6.1250000000         2.7500000000         0.0400850762
        6.1300000000         2.7500000000         0.0400850762
        6.1350000000         2.7500000000         0.0349898490
        6.1400000000         2.7500000000         0.0413588830
        6.1450000000         2.7500000000         0.0439064965
        6.1500000000         2.7500000000         0.0413588830
        6.1550000000         2.7500000000         0.0439064965
        6.1600000000         2.7500000000         0.0388112694
        6.1650000000         2.7500000000         0.0400850762
        6.1700000000         2.7500000000         0.0426326897
        6.1750000000         2.7500000000         0.0400850762
        6.1800000000         2.7500000000         0.0400850762
        6.1850000000         2.7500000000         0.0413588830
        6.1900000000         2.7500000000         0.0413588830
        6.1950000000         2.7500000000         0.0400850762
        6.2000000000         2.7500000000         0.0426326897
        6.2050000000         2.7500000000         0.0400850762
        6.2100000000         2.7500000000         0.0439064965
        6.2150000000         2.7500000000         0.0426326897
        6.2200000000         2.7500000000         0.0579183712
        6.2250000000         2.7500000000         0.0451803033
        6.2300000000         2.7500000000         0.0439064965
        6.2350000000         2.7500000000         0.0451803033
        6.2400000000         2.7500000000         0.0413588830
        6.2450000000         2.7500000000         0.0464541101
        6.2500000000         2.7500000000         0.0439064965
        6.2550000000         2.7500000000         0.0171565541
        6.2600000000         2.7500000000         0.0477279169
        6.2650000000         2.7500000000         0.0349898490
        6.2700000000         2.7500000000         0.0426326897
        6.2750000000         2.7500000000         0.0388112694
        6.2800000000         2.7500000000         0.0464541101
        6.2850000000         2.7500000000         0.0464541101
        6.2900000000         2.7500000000         0.0451803033
        6.2950000000         2.7500000000         0.0426326897
        6.3000000000         2.7500000000         0.0400850762
        6.3050000000         2.7500000000         0.0400850762
        6.3100000000         2.7500000000         0.0426326897
        6.3150000000         2.7500000000         0.0451803033
        6.3200000000         2.7500000000         0.0413588830
        6.3250000000         2.7500000000         0.0439064965
        6.3300000000         2.7500000000         0.0413588830
        6.3350000000         2.7500000000         0.0413588830
        6.3400000000         2.7500000000         0.0464541101
        6.3450000000         2.7500000000         0.0413588830
        6.3500000000         2.7500000000         0.0477279169
        6.3550000000         2.7500000000         0.0439064965
        6.3600000000         2.7500000000         0.0439064965
        6.3650000000         2.7500000000         0.0400850762
        6.3700000000         2.7500000000         0.0540969508
        6.3750000000         2.7500000000         0.0337160423
        6.3800000000         2.7500000000         0.0311684287
        6.3850000000         2.7500000000         0.0362636558
        6.3900000000         2.7500000000         0.0184303608
        6.3950000000         2.7500000000         0.0426326897
        6.4000000000         2.7500000000         0.0375374626
        6.4050000000         2.7500000000         0.0375374626
        6.4100000000         2.7500000000         0.0426326897
        6.4150000000         2.7500000000         0.0439064965
        6.4200000000         2.7500000000         0.0426326897
        6.4250000000         2.7500000000         0.0413588830
        6.4300000000         2.7500000000         0.0413588830
        6.4350000000         2.7500000000         0.0426326897
        6.4400000000         2.7500000000         0.0400850762
        6.4450000000         2.7500000000         0.0477279169
        6.4500000000         2.7500000000         0.0413588830
        6.4550000000         2.7500000000         0.0439064965
        6.4600000000         2.7500000000         0.0413588830
        6.4650000000         2.7500000000         0.0451803033
        6.4700000000         2.7500000000         0.0400850762
        6.4750000000         2.7500000000         0.0426326897
        6.4800000000         2.7500000000         0.0451803033
        6.4850000000         2.7500000000         0.0349898490
        6.4900000000         2.7500000000         0.0413588830
        6.4950000000         2.7500000000         0.0388112694
        6.5000000000         2.7500000000         0.0388112694
        6.5050000000         2.7500000000         0.0247993948
        6.5100000000         2.7500000000         0.0388112694
        6.5150000000         2.7500000000         0.0362636558
        6.5200000000         2.7500000000         0.0311684287
        6.5250000000         2.7500000000         0.0388112694
        6.5300000000         2.7500000000         0.0337160423
        6.5350000000         2.7500000000         0.0375374626
        6.5400000000         2.7500000000         0.0388112694
        6.5450000000         2.7500000000         0.0413588830
        6.5500000000         2.7500000000         0.0426326897
        6.5550000000         2.7500000000         0.0413588830
        6.5600000000         2.7500000000         0.0400850762
        6.5650000000         2.7500000000         0.0400850762
        6.5700000000         2.7500000000         0.0464541101
        6.5750000000         2.7500000000         0.0388112694
        6.5800000000         2.7500000000         0.0413588830
        6.5850000000         2.7500000000         0.0439064965
        6.5900000000         2.7500000000         0.0451803033
        6.5950000000         2.7500000000         0.0426326897
        6.6000000000         2.7500000000         0.0490017237
        6.6050000000         2.7500000000         0.0400850762
        6.6100000000         2.7500000000         0.0439064965
        6.6150000000         2.7500000000         0.0439064965
        6.6200000000         2.7500000000         0.0502755305
        6.6250000000         2.7500000000         0.0451803033
        6.6300000000         2.7500000000         0.0426326897
        6.6350000000         2.7500000000         0.0439064965
        6.6400000000         2.7500000000         0.0349898490
        6.6450000000         2.7500000000         0.0400850762
        6.6500000000         2.7500000000         0.0426326897
        6.6550000000         2.7500000000         0.0388112694
        6.6600000000         2.7500000000         0.0451803033
        6.6650000000         2.7500000000         0.0388112694
        6.6700000000         2.7500000000         0.0426326897
        6.6750000000         2.7500000000         0.0388112694
        6.6800000000         2.7500000000         0.0451803033
        6.6850000000         2.7500000000         0.0362636558
        6.6900000000         2.7500000000         0.0413588830
        6.6950000000         2.7500000000         0.0413588830
        6.7000000000         2.7500000000         0.0375374626
        6.7050000000         2.7500000000         0.0400850762
        6.7100000000         2.7500000000         0.0400850762
        6.7150000000         2.7500000000         0.0451803033
        6.7200000000         2.7500000000         0.0413588830
        6.7250000000         2.7500000000         0.0451803033
        6.7300000000         2.7500000000         0.0439064965
        6.7350000000         2.7500000000         0.0400850762
        6.7400000000         2.7500000000         0.0464541101
