        0.9950000000         3.0500000000         0.2553584227
        1.0000000000         3.0500000000         0.2591798431
        1.0050000000         3.0500000000         0.2464417752
        1.0100000000         3.0500000000         0.2540846159
        1.0150000000         3.0500000000         0.2604536499
        1.0200000000         3.0500000000         0.2426203549
        1.0250000000         3.0500000000         0.2515370024
        1.0300000000         3.0500000000         0.2579060363
        1.0350000000         3.0500000000         0.2451679685
        1.0400000000         3.0500000000         0.2579060363
        1.0450000000         3.0500000000         0.2540846159
        1.0500000000         3.0500000000         0.2477155820
        1.0550000000         3.0500000000         0.2515370024
        1.0600000000         3.0500000000         0.2515370024
        1.0650000000         3.0500000000         0.2438941617
        1.0700000000         3.0500000000         0.2502631956
        1.0750000000         3.0500000000         0.2566322295
        1.0800000000         3.0500000000         0.2375251278
        1.0850000000         3.0500000000         0.2540846159
        1.0900000000         3.0500000000         0.2528108092
        1.0950000000         3.0500000000         0.2477155820
        1.1000000000         3.0500000000         0.2515370024
        1.1050000000         3.0500000000         0.2489893888
        1.1100000000         3.0500000000         0.2438941617
        1.1150000000         3.0500000000         0.2515370024
        1.1200000000         3.0500000000         0.2489893888
        1.1250000000         3.0500000000         0.2451679685
        1.1300000000         3.0500000000         0.2477155820
        1.1350000000         3.0500000000         0.2528108092
        1.1400000000         3.0500000000         0.2400727413
        1.1450000000         3.0500000000         0.2528108092
        1.1500000000         3.0500000000         0.2540846159
        1.1550000000         3.0500000000         0.2387989345
        1.1600000000         3.0500000000         0.2515370024
        1.1650000000         3.0500000000         0.2515370024
        1.1700000000         3.0500000000         0.2349775142
        1.1750000000         3.0500000000         0.2540846159
        1.1800000000         3.0500000000         0.2553584227
        1.1850000000         3.0500000000         0.2375251278
        1.1900000000         3.0500000000         0.2477155820
        1.1950000000         3.0500000000         0.2489893888
        1.2000000000         3.0500000000         0.2502631956
        1.2050000000         3.0500000000         0.2438941617
        1.2100000000         3.0500000000         0.2502631956
        1.2150000000         3.0500000000         0.2464417752
        1.2200000000         3.0500000000         0.2413465481
        1.2250000000         3.0500000000         0.2540846159
        1.2300000000         3.0500000000         0.2464417752
        1.2350000000         3.0500000000         0.2400727413
        1.2400000000         3.0500000000         0.2553584227
        1.2450000000         3.0500000000         0.2477155820
        1.2500000000         3.0500000000         0.2413465481
        1.2550000000         3.0500000000         0.2489893888
        1.2600000000         3.0500000000         0.2387989345
        1.2650000000         3.0500000000         0.2477155820
        1.2700000000         3.0500000000         0.2426203549
        1.2750000000         3.0500000000         0.2489893888
        1.2800000000         3.0500000000         0.2426203549
        1.2850000000         3.0500000000         0.2464417752
        1.2900000000         3.0500000000         0.2515370024
        1.2950000000         3.0500000000         0.2426203549
        1.3000000000         3.0500000000         0.2515370024
        1.3050000000         3.0500000000         0.2489893888
        1.3100000000         3.0500000000         0.2413465481
        1.3150000000         3.0500000000         0.2489893888
        1.3200000000         3.0500000000         0.2464417752
        1.3250000000         3.0500000000         0.2489893888
        1.3300000000         3.0500000000         0.2387989345
        1.3350000000         3.0500000000         0.2426203549
        1.3400000000         3.0500000000         0.2426203549
        1.3450000000         3.0500000000         0.2426203549
        1.3500000000         3.0500000000         0.2451679685
        1.3550000000         3.0500000000         0.2387989345
        1.3600000000         3.0500000000         0.2362513210
        1.3650000000         3.0500000000         0.2438941617
        1.3700000000         3.0500000000         0.2375251278
        1.3750000000         3.0500000000         0.2426203549
        1.3800000000         3.0500000000         0.2349775142
        1.3850000000         3.0500000000         0.2387989345
        1.3900000000         3.0500000000         0.2413465481
        1.3950000000         3.0500000000         0.2298822870
        1.4000000000         3.0500000000         0.2464417752
        1.4050000000         3.0500000000         0.2438941617
        1.4100000000         3.0500000000         0.2362513210
        1.4150000000         3.0500000000         0.2502631956
        1.4200000000         3.0500000000         0.2362513210
        1.4250000000         3.0500000000         0.2311560938
        1.4300000000         3.0500000000         0.2171442192
        1.4350000000         3.0500000000         0.2413465481
        1.4400000000         3.0500000000         0.2247870599
        1.4450000000         3.0500000000         0.2375251278
        1.4500000000         3.0500000000         0.2362513210
        1.4550000000         3.0500000000         0.2298822870
        1.4600000000         3.0500000000         0.2337037074
        1.4650000000         3.0500000000         0.2324299006
        1.4700000000         3.0500000000         0.2362513210
        1.4750000000         3.0500000000         0.2286084803
        1.4800000000         3.0500000000         0.2375251278
        1.4850000000         3.0500000000         0.2362513210
        1.4900000000         3.0500000000         0.2235132531
        1.4950000000         3.0500000000         0.2528108092
        1.5000000000         3.0500000000         0.2286084803
        1.5050000000         3.0500000000         0.2260608667
        1.5100000000         3.0500000000         0.2515370024
        1.5150000000         3.0500000000         0.2375251278
        1.5200000000         3.0500000000         0.2235132531
        1.5250000000         3.0500000000         0.2426203549
        1.5300000000         3.0500000000         0.2413465481
        1.5350000000         3.0500000000         0.2298822870
        1.5400000000         3.0500000000         0.2375251278
        1.5450000000         3.0500000000         0.2337037074
        1.5500000000         3.0500000000         0.2337037074
        1.5550000000         3.0500000000         0.2056799581
        1.5600000000         3.0500000000         0.2426203549
        1.5650000000         3.0500000000         0.2324299006
        1.5700000000         3.0500000000         0.2247870599
        1.5750000000         3.0500000000         0.2387989345
        1.5800000000         3.0500000000         0.2337037074
        1.5850000000         3.0500000000         0.2247870599
        1.5900000000         3.0500000000         0.2413465481
        1.5950000000         3.0500000000         0.2375251278
        1.6000000000         3.0500000000         0.2260608667
        1.6050000000         3.0500000000         0.2387989345
        1.6100000000         3.0500000000         0.2387989345
        1.6150000000         3.0500000000         0.2337037074
        1.6200000000         3.0500000000         0.2260608667
        1.6250000000         3.0500000000         0.2387989345
        1.6300000000         3.0500000000         0.2362513210
        1.6350000000         3.0500000000         0.2413465481
        1.6400000000         3.0500000000         0.2337037074
        1.6450000000         3.0500000000         0.2337037074
        1.6500000000         3.0500000000         0.2337037074
        1.6550000000         3.0500000000         0.2438941617
        1.6600000000         3.0500000000         0.2489893888
        1.6650000000         3.0500000000         0.2273346735
        1.6700000000         3.0500000000         0.2413465481
        1.6750000000         3.0500000000         0.2604536499
        1.6800000000         3.0500000000         0.2337037074
        1.6850000000         3.0500000000         0.2362513210
        1.6900000000         3.0500000000         0.2413465481
        1.6950000000         3.0500000000         0.2107751853
        1.7000000000         3.0500000000         0.2349775142
        1.7050000000         3.0500000000         0.2477155820
        1.7100000000         3.0500000000         0.2375251278
        1.7150000000         3.0500000000         0.2400727413
        1.7200000000         3.0500000000         0.2426203549
        1.7250000000         3.0500000000         0.2349775142
        1.7300000000         3.0500000000         0.2464417752
        1.7350000000         3.0500000000         0.2464417752
        1.7400000000         3.0500000000         0.2337037074
        1.7450000000         3.0500000000         0.2438941617
        1.7500000000         3.0500000000         0.2477155820
        1.7550000000         3.0500000000         0.2387989345
        1.7600000000         3.0500000000         0.2413465481
        1.7650000000         3.0500000000         0.2528108092
        1.7700000000         3.0500000000         0.2387989345
        1.7750000000         3.0500000000         0.2400727413
        1.7800000000         3.0500000000         0.2489893888
        1.7850000000         3.0500000000         0.2426203549
        1.7900000000         3.0500000000         0.2540846159
        1.7950000000         3.0500000000         0.2413465481
        1.8000000000         3.0500000000         0.2477155820
        1.8050000000         3.0500000000         0.2413465481
        1.8100000000         3.0500000000         0.2502631956
        1.8150000000         3.0500000000         0.2438941617
        1.8200000000         3.0500000000         0.2337037074
        1.8250000000         3.0500000000         0.2464417752
        1.8300000000         3.0500000000         0.2553584227
        1.8350000000         3.0500000000         0.2426203549
        1.8400000000         3.0500000000         0.2451679685
        1.8450000000         3.0500000000         0.2540846159
        1.8500000000         3.0500000000         0.2438941617
        1.8550000000         3.0500000000         0.2528108092
        1.8600000000         3.0500000000         0.2426203549
        1.8650000000         3.0500000000         0.2426203549
        1.8700000000         3.0500000000         0.2426203549
        1.8750000000         3.0500000000         0.2477155820
        1.8800000000         3.0500000000         0.2375251278
        1.8850000000         3.0500000000         0.2464417752
        1.8900000000         3.0500000000         0.2477155820
        1.8950000000         3.0500000000         0.2375251278
        1.9000000000         3.0500000000         0.2451679685
        1.9050000000         3.0500000000         0.2515370024
        1.9100000000         3.0500000000         0.2337037074
        1.9150000000         3.0500000000         0.2553584227
        1.9200000000         3.0500000000         0.2489893888
        1.9250000000         3.0500000000         0.2630012634
        1.9300000000         3.0500000000         0.2553584227
        1.9350000000         3.0500000000         0.2489893888
        1.9400000000         3.0500000000         0.2438941617
        1.9450000000         3.0500000000         0.2540846159
        1.9500000000         3.0500000000         0.2387989345
        1.9550000000         3.0500000000         0.2464417752
        1.9600000000         3.0500000000         0.2502631956
        1.9650000000         3.0500000000         0.2489893888
        1.9700000000         3.0500000000         0.2438941617
        1.9750000000         3.0500000000         0.2528108092
        1.9800000000         3.0500000000         0.2477155820
        1.9850000000         3.0500000000         0.2438941617
        1.9900000000         3.0500000000         0.2515370024
        1.9950000000         3.0500000000         0.2553584227
        2.0000000000         3.0500000000         0.2451679685
        2.0050000000         3.0500000000         0.2604536499
        2.0100000000         3.0500000000         0.2464417752
        2.0150000000         3.0500000000         0.2426203549
        2.0200000000         3.0500000000         0.2515370024
        2.0250000000         3.0500000000         0.2630012634
        2.0300000000         3.0500000000         0.2413465481
        2.0350000000         3.0500000000         0.2566322295
        2.0400000000         3.0500000000         0.2591798431
        2.0450000000         3.0500000000         0.2464417752
        2.0500000000         3.0500000000         0.2515370024
        2.0550000000         3.0500000000         0.2489893888
        2.0600000000         3.0500000000         0.2451679685
        2.0650000000         3.0500000000         0.2540846159
        2.0700000000         3.0500000000         0.2579060363
        2.0750000000         3.0500000000         0.2464417752
        2.0800000000         3.0500000000         0.2566322295
        2.0850000000         3.0500000000         0.2515370024
        2.0900000000         3.0500000000         0.2489893888
        2.0950000000         3.0500000000         0.2579060363
        2.1000000000         3.0500000000         0.2362513210
        2.1050000000         3.0500000000         0.2566322295
        2.1100000000         3.0500000000         0.2553584227
        2.1150000000         3.0500000000         0.2579060363
        2.1200000000         3.0500000000         0.2489893888
        2.1250000000         3.0500000000         0.2630012634
        2.1300000000         3.0500000000         0.2540846159
        2.1350000000         3.0500000000         0.2528108092
        2.1400000000         3.0500000000         0.2591798431
        2.1450000000         3.0500000000         0.2489893888
        2.1500000000         3.0500000000         0.2528108092
        2.1550000000         3.0500000000         0.2617274567
        2.1600000000         3.0500000000         0.2515370024
        2.1650000000         3.0500000000         0.2744655245
        2.1700000000         3.0500000000         0.2528108092
        2.1750000000         3.0500000000         0.2464417752
        2.1800000000         3.0500000000         0.2477155820
        2.1850000000         3.0500000000         0.2591798431
        2.1900000000         3.0500000000         0.2438941617
        2.1950000000         3.0500000000         0.2630012634
        2.2000000000         3.0500000000         0.2400727413
        2.2050000000         3.0500000000         0.2477155820
        2.2100000000         3.0500000000         0.2502631956
        2.2150000000         3.0500000000         0.2515370024
        2.2200000000         3.0500000000         0.2426203549
        2.2250000000         3.0500000000         0.2489893888
        2.2300000000         3.0500000000         0.2540846159
        2.2350000000         3.0500000000         0.2464417752
        2.2400000000         3.0500000000         0.2158704124
        2.2450000000         3.0500000000         0.2540846159
        2.2500000000         3.0500000000         0.2438941617
        2.2550000000         3.0500000000         0.2438941617
        2.2600000000         3.0500000000         0.2579060363
        2.2650000000         3.0500000000         0.2438941617
        2.2700000000         3.0500000000         0.2528108092
        2.2750000000         3.0500000000         0.2464417752
        2.2800000000         3.0500000000         0.2502631956
        2.2850000000         3.0500000000         0.2489893888
        2.2900000000         3.0500000000         0.2515370024
        2.2950000000         3.0500000000         0.2464417752
        2.3000000000         3.0500000000         0.2489893888
        2.3050000000         3.0500000000         0.2591798431
        2.3100000000         3.0500000000         0.2489893888
        2.3150000000         3.0500000000         0.2451679685
        2.3200000000         3.0500000000         0.2591798431
        2.3250000000         3.0500000000         0.2515370024
        2.3300000000         3.0500000000         0.2451679685
        2.3350000000         3.0500000000         0.2668226838
        2.3400000000         3.0500000000         0.2451679685
        2.3450000000         3.0500000000         0.2464417752
        2.3500000000         3.0500000000         0.2731917177
        2.3550000000         3.0500000000         0.2400727413
        2.3600000000         3.0500000000         0.2451679685
        2.3650000000         3.0500000000         0.2515370024
        2.3700000000         3.0500000000         0.2489893888
        2.3750000000         3.0500000000         0.2426203549
        2.3800000000         3.0500000000         0.2528108092
        2.3850000000         3.0500000000         0.2477155820
        2.3900000000         3.0500000000         0.2451679685
        2.3950000000         3.0500000000         0.2426203549
        2.4000000000         3.0500000000         0.2515370024
        2.4050000000         3.0500000000         0.2438941617
        2.4100000000         3.0500000000         0.2502631956
        2.4150000000         3.0500000000         0.2489893888
        2.4200000000         3.0500000000         0.2413465481
        2.4250000000         3.0500000000         0.2464417752
        2.4300000000         3.0500000000         0.2451679685
        2.4350000000         3.0500000000         0.2413465481
        2.4400000000         3.0500000000         0.2375251278
        2.4450000000         3.0500000000         0.2413465481
        2.4500000000         3.0500000000         0.2579060363
        2.4550000000         3.0500000000         0.2413465481
        2.4600000000         3.0500000000         0.2400727413
        2.4650000000         3.0500000000         0.2630012634
        2.4700000000         3.0500000000         0.2324299006
        2.4750000000         3.0500000000         0.2413465481
        2.4800000000         3.0500000000         0.2413465481
        2.4850000000         3.0500000000         0.2387989345
        2.4900000000         3.0500000000         0.2362513210
        2.4950000000         3.0500000000         0.2133227988
        2.5000000000         3.0500000000         0.2438941617
        2.5050000000         3.0500000000         0.2286084803
        2.5100000000         3.0500000000         0.2362513210
        2.5150000000         3.0500000000         0.2375251278
        2.5200000000         3.0500000000         0.2311560938
        2.5250000000         3.0500000000         0.2337037074
        2.5300000000         3.0500000000         0.2413465481
        2.5350000000         3.0500000000         0.2286084803
        2.5400000000         3.0500000000         0.2337037074
        2.5450000000         3.0500000000         0.2438941617
        2.5500000000         3.0500000000         0.2222394463
        2.5550000000         3.0500000000         0.2362513210
        2.5600000000         3.0500000000         0.2362513210
        2.5650000000         3.0500000000         0.2324299006
        2.5700000000         3.0500000000         0.2337037074
        2.5750000000         3.0500000000         0.2540846159
        2.5800000000         3.0500000000         0.2387989345
        2.5850000000         3.0500000000         0.2260608667
        2.5900000000         3.0500000000         0.2426203549
        2.5950000000         3.0500000000         0.2337037074
        2.6000000000         3.0500000000         0.2298822870
        2.6050000000         3.0500000000         0.2286084803
        2.6100000000         3.0500000000         0.2260608667
        2.6150000000         3.0500000000         0.2375251278
        2.6200000000         3.0500000000         0.2184180260
        2.6250000000         3.0500000000         0.2387989345
        2.6300000000         3.0500000000         0.2286084803
        2.6350000000         3.0500000000         0.2158704124
        2.6400000000         3.0500000000         0.2362513210
        2.6450000000         3.0500000000         0.2324299006
        2.6500000000         3.0500000000         0.2324299006
        2.6550000000         3.0500000000         0.2337037074
        2.6600000000         3.0500000000         0.2375251278
        2.6650000000         3.0500000000         0.2235132531
        2.6700000000         3.0500000000         0.2387989345
        2.6750000000         3.0500000000         0.2311560938
        2.6800000000         3.0500000000         0.2260608667
        2.6850000000         3.0500000000         0.2413465481
        2.6900000000         3.0500000000         0.2273346735
        2.6950000000         3.0500000000         0.2273346735
        2.7000000000         3.0500000000         0.2413465481
        2.7050000000         3.0500000000         0.2591798431
        2.7100000000         3.0500000000         0.2324299006
        2.7150000000         3.0500000000         0.2413465481
        2.7200000000         3.0500000000         0.2591798431
        2.7250000000         3.0500000000         0.2362513210
        2.7300000000         3.0500000000         0.2298822870
        2.7350000000         3.0500000000         0.2031323446
        2.7400000000         3.0500000000         0.2413465481
        2.7450000000         3.0500000000         0.2426203549
        2.7500000000         3.0500000000         0.2235132531
        2.7550000000         3.0500000000         0.2362513210
        2.7600000000         3.0500000000         0.2349775142
        2.7650000000         3.0500000000         0.2349775142
        2.7700000000         3.0500000000         0.2400727413
        2.7750000000         3.0500000000         0.2438941617
        2.7800000000         3.0500000000         0.2438941617
        2.7850000000         3.0500000000         0.2451679685
        2.7900000000         3.0500000000         0.2349775142
        2.7950000000         3.0500000000         0.2413465481
        2.8000000000         3.0500000000         0.2477155820
        2.8050000000         3.0500000000         0.2426203549
        2.8100000000         3.0500000000         0.2502631956
        2.8150000000         3.0500000000         0.2502631956
        2.8200000000         3.0500000000         0.2387989345
        2.8250000000         3.0500000000         0.2451679685
        2.8300000000         3.0500000000         0.2579060363
        2.8350000000         3.0500000000         0.2413465481
        2.8400000000         3.0500000000         0.2528108092
        2.8450000000         3.0500000000         0.2579060363
        2.8500000000         3.0500000000         0.2387989345
        2.8550000000         3.0500000000         0.2502631956
        2.8600000000         3.0500000000         0.2655488770
        2.8650000000         3.0500000000         0.2502631956
        2.8700000000         3.0500000000         0.2515370024
        2.8750000000         3.0500000000         0.2515370024
        2.8800000000         3.0500000000         0.2451679685
        2.8850000000         3.0500000000         0.2464417752
        2.8900000000         3.0500000000         0.2375251278
        2.8950000000         3.0500000000         0.2362513210
        2.9000000000         3.0500000000         0.2464417752
        2.9050000000         3.0500000000         0.2528108092
        2.9100000000         3.0500000000         0.2375251278
        2.9150000000         3.0500000000         0.2515370024
        2.9200000000         3.0500000000         0.2438941617
        2.9250000000         3.0500000000         0.2324299006
        2.9300000000         3.0500000000         0.2438941617
        2.9350000000         3.0500000000         0.2540846159
        2.9400000000         3.0500000000         0.2375251278
        2.9450000000         3.0500000000         0.2400727413
        2.9500000000         3.0500000000         0.2489893888
        2.9550000000         3.0500000000         0.2375251278
        2.9600000000         3.0500000000         0.2413465481
        2.9650000000         3.0500000000         0.2540846159
        2.9700000000         3.0500000000         0.2413465481
        2.9750000000         3.0500000000         0.2400727413
        2.9800000000         3.0500000000         0.2553584227
        2.9850000000         3.0500000000         0.2349775142
        2.9900000000         3.0500000000         0.2133227988
        2.9950000000         3.0500000000         0.2438941617
        3.0000000000         3.0500000000         0.2387989345
        3.0050000000         3.0500000000         0.2477155820
        3.0100000000         3.0500000000         0.2400727413
        3.0150000000         3.0500000000         0.2438941617
        3.0200000000         3.0500000000         0.2426203549
        3.0250000000         3.0500000000         0.2438941617
        3.0300000000         3.0500000000         0.2489893888
        3.0350000000         3.0500000000         0.2438941617
        3.0400000000         3.0500000000         0.2566322295
        3.0450000000         3.0500000000         0.2438941617
        3.0500000000         3.0500000000         0.2477155820
        3.0550000000         3.0500000000         0.2502631956
        3.0600000000         3.0500000000         0.2438941617
        3.0650000000         3.0500000000         0.2438941617
        3.0700000000         3.0500000000         0.2451679685
        3.0750000000         3.0500000000         0.2464417752
        3.0800000000         3.0500000000         0.2502631956
        3.0850000000         3.0500000000         0.2477155820
        3.0900000000         3.0500000000         0.2438941617
        3.0950000000         3.0500000000         0.2540846159
        3.1000000000         3.0500000000         0.2528108092
        3.1050000000         3.0500000000         0.2464417752
        3.1100000000         3.0500000000         0.2528108092
        3.1150000000         3.0500000000         0.2591798431
        3.1200000000         3.0500000000         0.2515370024
        3.1250000000         3.0500000000         0.2489893888
        3.1300000000         3.0500000000         0.2579060363
        3.1350000000         3.0500000000         0.2489893888
        3.1400000000         3.0500000000         0.2477155820
        3.1450000000         3.0500000000         0.2579060363
        3.1500000000         3.0500000000         0.2540846159
        3.1550000000         3.0500000000         0.2438941617
        3.1600000000         3.0500000000         0.2528108092
        3.1650000000         3.0500000000         0.2489893888
        3.1700000000         3.0500000000         0.2502631956
        3.1750000000         3.0500000000         0.2553584227
        3.1800000000         3.0500000000         0.2489893888
        3.1850000000         3.0500000000         0.2489893888
        3.1900000000         3.0500000000         0.2540846159
        3.1950000000         3.0500000000         0.2438941617
        3.2000000000         3.0500000000         0.2515370024
        3.2050000000         3.0500000000         0.2604536499
        3.2100000000         3.0500000000         0.2528108092
        3.2150000000         3.0500000000         0.2464417752
        3.2200000000         3.0500000000         0.2540846159
        3.2250000000         3.0500000000         0.2489893888
        3.2300000000         3.0500000000         0.2528108092
        3.2350000000         3.0500000000         0.2630012634
        3.2400000000         3.0500000000         0.2477155820
        3.2450000000         3.0500000000         0.2591798431
        3.2500000000         3.0500000000         0.2770131381
        3.2550000000         3.0500000000         0.2528108092
        3.2600000000         3.0500000000         0.2502631956
        3.2650000000         3.0500000000         0.2630012634
        3.2700000000         3.0500000000         0.2515370024
        3.2750000000         3.0500000000         0.2477155820
        3.2800000000         3.0500000000         0.2540846159
        3.2850000000         3.0500000000         0.2540846159
        3.2900000000         3.0500000000         0.2477155820
        3.2950000000         3.0500000000         0.2604536499
        3.3000000000         3.0500000000         0.2413465481
        3.3050000000         3.0500000000         0.2528108092
        3.3100000000         3.0500000000         0.2515370024
        3.3150000000         3.0500000000         0.2464417752
        3.3200000000         3.0500000000         0.2540846159
        3.3250000000         3.0500000000         0.2528108092
        3.3300000000         3.0500000000         0.2426203549
        3.3350000000         3.0500000000         0.2540846159
        3.3400000000         3.0500000000         0.2540846159
        3.3450000000         3.0500000000         0.2477155820
        3.3500000000         3.0500000000         0.2502631956
        3.3550000000         3.0500000000         0.2540846159
        3.3600000000         3.0500000000         0.2438941617
        3.3650000000         3.0500000000         0.2502631956
        3.3700000000         3.0500000000         0.2553584227
        3.3750000000         3.0500000000         0.2451679685
        3.3800000000         3.0500000000         0.2540846159
        3.3850000000         3.0500000000         0.2579060363
        3.3900000000         3.0500000000         0.2515370024
        3.3950000000         3.0500000000         0.2566322295
        3.4000000000         3.0500000000         0.2566322295
        3.4050000000         3.0500000000         0.2426203549
        3.4100000000         3.0500000000         0.2566322295
        3.4150000000         3.0500000000         0.2630012634
        3.4200000000         3.0500000000         0.2489893888
        3.4250000000         3.0500000000         0.2528108092
        3.4300000000         3.0500000000         0.2553584227
        3.4350000000         3.0500000000         0.2438941617
        3.4400000000         3.0500000000         0.2553584227
        3.4450000000         3.0500000000         0.2553584227
        3.4500000000         3.0500000000         0.2451679685
        3.4550000000         3.0500000000         0.2477155820
        3.4600000000         3.0500000000         0.2451679685
        3.4650000000         3.0500000000         0.2451679685
        3.4700000000         3.0500000000         0.2438941617
        3.4750000000         3.0500000000         0.2477155820
        3.4800000000         3.0500000000         0.2426203549
        3.4850000000         3.0500000000         0.2438941617
        3.4900000000         3.0500000000         0.2528108092
        3.4950000000         3.0500000000         0.2426203549
        3.5000000000         3.0500000000         0.2438941617
        3.5050000000         3.0500000000         0.2477155820
        3.5100000000         3.0500000000         0.2489893888
        3.5150000000         3.0500000000         0.2489893888
        3.5200000000         3.0500000000         0.2528108092
        3.5250000000         3.0500000000         0.2489893888
        3.5300000000         3.0500000000         0.2400727413
        3.5350000000         3.0500000000         0.2528108092
        3.5400000000         3.0500000000         0.2477155820
        3.5450000000         3.0500000000         0.2413465481
        3.5500000000         3.0500000000         0.2515370024
        3.5550000000         3.0500000000         0.2451679685
        3.5600000000         3.0500000000         0.2489893888
        3.5650000000         3.0500000000         0.2387989345
        3.5700000000         3.0500000000         0.2426203549
        3.5750000000         3.0500000000         0.2438941617
        3.5800000000         3.0500000000         0.2362513210
        3.5850000000         3.0500000000         0.2438941617
        3.5900000000         3.0500000000         0.2464417752
        3.5950000000         3.0500000000         0.2362513210
        3.6000000000         3.0500000000         0.2426203549
        3.6050000000         3.0500000000         0.2362513210
        3.6100000000         3.0500000000         0.2413465481
        3.6150000000         3.0500000000         0.2298822870
        3.6200000000         3.0500000000         0.2426203549
        3.6250000000         3.0500000000         0.2387989345
        3.6300000000         3.0500000000         0.2286084803
        3.6350000000         3.0500000000         0.2464417752
        3.6400000000         3.0500000000         0.2375251278
        3.6450000000         3.0500000000         0.2337037074
        3.6500000000         3.0500000000         0.2438941617
        3.6550000000         3.0500000000         0.2349775142
        3.6600000000         3.0500000000         0.2349775142
        3.6650000000         3.0500000000         0.2362513210
        3.6700000000         3.0500000000         0.2413465481
        3.6750000000         3.0500000000         0.2324299006
        3.6800000000         3.0500000000         0.2400727413
        3.6850000000         3.0500000000         0.2375251278
        3.6900000000         3.0500000000         0.2337037074
        3.6950000000         3.0500000000         0.2375251278
        3.7000000000         3.0500000000         0.2375251278
        3.7050000000         3.0500000000         0.2311560938
        3.7100000000         3.0500000000         0.2298822870
        3.7150000000         3.0500000000         0.2400727413
        3.7200000000         3.0500000000         0.2324299006
        3.7250000000         3.0500000000         0.2337037074
        3.7300000000         3.0500000000         0.2413465481
        3.7350000000         3.0500000000         0.2247870599
        3.7400000000         3.0500000000         0.2400727413
        3.7450000000         3.0500000000         0.2337037074
        3.7500000000         3.0500000000         0.2438941617
        3.7550000000         3.0500000000         0.2311560938
        3.7600000000         3.0500000000         0.2387989345
        3.7650000000         3.0500000000         0.2387989345
        3.7700000000         3.0500000000         0.2387989345
        3.7750000000         3.0500000000         0.2400727413
        3.7800000000         3.0500000000         0.2413465481
        3.7850000000         3.0500000000         0.2528108092
        3.7900000000         3.0500000000         0.2400727413
        3.7950000000         3.0500000000         0.2387989345
        3.8000000000         3.0500000000         0.2337037074
        3.8050000000         3.0500000000         0.2438941617
        3.8100000000         3.0500000000         0.2387989345
        3.8150000000         3.0500000000         0.2349775142
        3.8200000000         3.0500000000         0.2413465481
        3.8250000000         3.0500000000         0.2375251278
        3.8300000000         3.0500000000         0.2438941617
        3.8350000000         3.0500000000         0.2362513210
        3.8400000000         3.0500000000         0.2375251278
        3.8450000000         3.0500000000         0.2464417752
        3.8500000000         3.0500000000         0.2426203549
        3.8550000000         3.0500000000         0.2387989345
        3.8600000000         3.0500000000         0.2387989345
        3.8650000000         3.0500000000         0.2426203549
        3.8700000000         3.0500000000         0.2489893888
        3.8750000000         3.0500000000         0.2400727413
        3.8800000000         3.0500000000         0.2489893888
        3.8850000000         3.0500000000         0.2489893888
        3.8900000000         3.0500000000         0.2464417752
        3.8950000000         3.0500000000         0.2477155820
        3.9000000000         3.0500000000         0.2489893888
        3.9050000000         3.0500000000         0.2426203549
        3.9100000000         3.0500000000         0.2464417752
        3.9150000000         3.0500000000         0.2477155820
        3.9200000000         3.0500000000         0.2515370024
        3.9250000000         3.0500000000         0.2477155820
        3.9300000000         3.0500000000         0.2413465481
        3.9350000000         3.0500000000         0.2464417752
        3.9400000000         3.0500000000         0.2464417752
        3.9450000000         3.0500000000         0.2553584227
        3.9500000000         3.0500000000         0.2387989345
        3.9550000000         3.0500000000         0.2413465481
        3.9600000000         3.0500000000         0.2489893888
        3.9650000000         3.0500000000         0.2438941617
        3.9700000000         3.0500000000         0.2477155820
        3.9750000000         3.0500000000         0.2515370024
        3.9800000000         3.0500000000         0.2528108092
        3.9850000000         3.0500000000         0.2426203549
        3.9900000000         3.0500000000         0.2553584227
        3.9950000000         3.0500000000         0.2515370024
        4.0000000000         3.0500000000         0.2438941617
        4.0050000000         3.0500000000         0.2464417752
        4.0100000000         3.0500000000         0.2540846159
        4.0150000000         3.0500000000         0.2413465481
        4.0200000000         3.0500000000         0.2489893888
        4.0250000000         3.0500000000         0.2464417752
        4.0300000000         3.0500000000         0.2337037074
        4.0350000000         3.0500000000         0.2553584227
        4.0400000000         3.0500000000         0.2489893888
        4.0450000000         3.0500000000         0.2426203549
        4.0500000000         3.0500000000         0.2655488770
        4.0550000000         3.0500000000         0.2540846159
        4.0600000000         3.0500000000         0.2489893888
        4.0650000000         3.0500000000         0.2489893888
        4.0700000000         3.0500000000         0.2566322295
        4.0750000000         3.0500000000         0.2502631956
        4.0800000000         3.0500000000         0.2273346735
        4.0850000000         3.0500000000         0.2515370024
        4.0900000000         3.0500000000         0.2375251278
        4.0950000000         3.0500000000         0.2515370024
        4.1000000000         3.0500000000         0.2400727413
        4.1050000000         3.0500000000         0.2413465481
        4.1100000000         3.0500000000         0.2489893888
        4.1150000000         3.0500000000         0.2426203549
        4.1200000000         3.0500000000         0.2426203549
        4.1250000000         3.0500000000         0.2553584227
        4.1300000000         3.0500000000         0.2604536499
        4.1350000000         3.0500000000         0.2477155820
        4.1400000000         3.0500000000         0.2579060363
        4.1450000000         3.0500000000         0.2680964906
        4.1500000000         3.0500000000         0.2515370024
        4.1550000000         3.0500000000         0.2617274567
        4.1600000000         3.0500000000         0.2438941617
        4.1650000000         3.0500000000         0.2528108092
        4.1700000000         3.0500000000         0.2540846159
        4.1750000000         3.0500000000         0.2286084803
        4.1800000000         3.0500000000         0.2579060363
        4.1850000000         3.0500000000         0.2528108092
        4.1900000000         3.0500000000         0.2438941617
        4.1950000000         3.0500000000         0.2515370024
        4.2000000000         3.0500000000         0.2540846159
        4.2050000000         3.0500000000         0.2528108092
        4.2100000000         3.0500000000         0.2400727413
        4.2150000000         3.0500000000         0.2579060363
        4.2200000000         3.0500000000         0.2515370024
        4.2250000000         3.0500000000         0.2438941617
        4.2300000000         3.0500000000         0.2553584227
        4.2350000000         3.0500000000         0.2489893888
        4.2400000000         3.0500000000         0.2451679685
        4.2450000000         3.0500000000         0.2617274567
        4.2500000000         3.0500000000         0.2464417752
        4.2550000000         3.0500000000         0.2438941617
        4.2600000000         3.0500000000         0.2540846159
        4.2650000000         3.0500000000         0.2540846159
        4.2700000000         3.0500000000         0.2438941617
        4.2750000000         3.0500000000         0.2553584227
        4.2800000000         3.0500000000         0.2579060363
        4.2850000000         3.0500000000         0.2502631956
        4.2900000000         3.0500000000         0.2502631956
        4.2950000000         3.0500000000         0.2477155820
        4.3000000000         3.0500000000         0.2528108092
        4.3050000000         3.0500000000         0.2591798431
        4.3100000000         3.0500000000         0.2528108092
        4.3150000000         3.0500000000         0.2604536499
        4.3200000000         3.0500000000         0.2579060363
        4.3250000000         3.0500000000         0.2489893888
        4.3300000000         3.0500000000         0.2566322295
        4.3350000000         3.0500000000         0.2528108092
        4.3400000000         3.0500000000         0.2528108092
        4.3450000000         3.0500000000         0.2375251278
        4.3500000000         3.0500000000         0.2591798431
        4.3550000000         3.0500000000         0.2540846159
        4.3600000000         3.0500000000         0.2413465481
        4.3650000000         3.0500000000         0.2477155820
        4.3700000000         3.0500000000         0.2617274567
        4.3750000000         3.0500000000         0.2477155820
        4.3800000000         3.0500000000         0.2566322295
        4.3850000000         3.0500000000         0.2438941617
        4.3900000000         3.0500000000         0.2477155820
        4.3950000000         3.0500000000         0.2617274567
        4.4000000000         3.0500000000         0.2375251278
        4.4050000000         3.0500000000         0.2566322295
        4.4100000000         3.0500000000         0.2540846159
        4.4150000000         3.0500000000         0.2502631956
        4.4200000000         3.0500000000         0.2515370024
        4.4250000000         3.0500000000         0.2489893888
        4.4300000000         3.0500000000         0.2387989345
        4.4350000000         3.0500000000         0.2579060363
        4.4400000000         3.0500000000         0.2515370024
        4.4450000000         3.0500000000         0.2489893888
        4.4500000000         3.0500000000         0.2528108092
        4.4550000000         3.0500000000         0.2477155820
        4.4600000000         3.0500000000         0.2502631956
        4.4650000000         3.0500000000         0.2477155820
        4.4700000000         3.0500000000         0.2566322295
        4.4750000000         3.0500000000         0.2413465481
        4.4800000000         3.0500000000         0.2464417752
        4.4850000000         3.0500000000         0.2528108092
        4.4900000000         3.0500000000         0.2477155820
        4.4950000000         3.0500000000         0.2489893888
        4.5000000000         3.0500000000         0.2502631956
        4.5050000000         3.0500000000         0.2438941617
        4.5100000000         3.0500000000         0.2515370024
        4.5150000000         3.0500000000         0.2579060363
        4.5200000000         3.0500000000         0.2502631956
        4.5250000000         3.0500000000         0.2515370024
        4.5300000000         3.0500000000         0.2553584227
        4.5350000000         3.0500000000         0.2515370024
        4.5400000000         3.0500000000         0.2413465481
        4.5450000000         3.0500000000         0.2617274567
        4.5500000000         3.0500000000         0.2451679685
        4.5550000000         3.0500000000         0.2451679685
        4.5600000000         3.0500000000         0.2540846159
        4.5650000000         3.0500000000         0.2528108092
        4.5700000000         3.0500000000         0.2464417752
        4.5750000000         3.0500000000         0.2515370024
        4.5800000000         3.0500000000         0.2528108092
        4.5850000000         3.0500000000         0.2464417752
        4.5900000000         3.0500000000         0.2464417752
        4.5950000000         3.0500000000         0.2298822870
        4.6000000000         3.0500000000         0.2375251278
        4.6050000000         3.0500000000         0.2515370024
        4.6100000000         3.0500000000         0.2337037074
        4.6150000000         3.0500000000         0.2451679685
        4.6200000000         3.0500000000         0.2540846159
        4.6250000000         3.0500000000         0.2387989345
        4.6300000000         3.0500000000         0.2451679685
        4.6350000000         3.0500000000         0.2489893888
        4.6400000000         3.0500000000         0.2477155820
        4.6450000000         3.0500000000         0.2426203549
        4.6500000000         3.0500000000         0.2400727413
        4.6550000000         3.0500000000         0.2400727413
        4.6600000000         3.0500000000         0.2438941617
        4.6650000000         3.0500000000         0.2413465481
        4.6700000000         3.0500000000         0.2387989345
        4.6750000000         3.0500000000         0.2477155820
        4.6800000000         3.0500000000         0.2349775142
        4.6850000000         3.0500000000         0.2426203549
        4.6900000000         3.0500000000         0.2400727413
        4.6950000000         3.0500000000         0.2477155820
        4.7000000000         3.0500000000         0.2349775142
        4.7050000000         3.0500000000         0.2438941617
        4.7100000000         3.0500000000         0.2489893888
        4.7150000000         3.0500000000         0.2273346735
        4.7200000000         3.0500000000         0.2540846159
        4.7250000000         3.0500000000         0.2413465481
        4.7300000000         3.0500000000         0.2349775142
        4.7350000000         3.0500000000         0.2477155820
        4.7400000000         3.0500000000         0.2438941617
        4.7450000000         3.0500000000         0.2362513210
        4.7500000000         3.0500000000         0.2426203549
        4.7550000000         3.0500000000         0.2489893888
        4.7600000000         3.0500000000         0.2362513210
        4.7650000000         3.0500000000         0.2413465481
        4.7700000000         3.0500000000         0.2438941617
        4.7750000000         3.0500000000         0.2375251278
        4.7800000000         3.0500000000         0.2349775142
        4.7850000000         3.0500000000         0.2489893888
        4.7900000000         3.0500000000         0.2362513210
        4.7950000000         3.0500000000         0.2349775142
        4.8000000000         3.0500000000         0.2464417752
        4.8050000000         3.0500000000         0.2337037074
        4.8100000000         3.0500000000         0.2375251278
        4.8150000000         3.0500000000         0.2464417752
        4.8200000000         3.0500000000         0.2324299006
        4.8250000000         3.0500000000         0.2387989345
        4.8300000000         3.0500000000         0.2528108092
        4.8350000000         3.0500000000         0.2337037074
        4.8400000000         3.0500000000         0.2438941617
        4.8450000000         3.0500000000         0.2477155820
        4.8500000000         3.0500000000         0.2400727413
        4.8550000000         3.0500000000         0.2375251278
        4.8600000000         3.0500000000         0.2387989345
        4.8650000000         3.0500000000         0.2451679685
        4.8700000000         3.0500000000         0.2337037074
        4.8750000000         3.0500000000         0.2145966056
        4.8800000000         3.0500000000         0.2438941617
        4.8850000000         3.0500000000         0.2298822870
        4.8900000000         3.0500000000         0.2464417752
        4.8950000000         3.0500000000         0.2349775142
        4.9000000000         3.0500000000         0.2387989345
        4.9050000000         3.0500000000         0.2438941617
        4.9100000000         3.0500000000         0.2400727413
        4.9150000000         3.0500000000         0.2311560938
        4.9200000000         3.0500000000         0.2387989345
        4.9250000000         3.0500000000         0.2413465481
        4.9300000000         3.0500000000         0.2311560938
        4.9350000000         3.0500000000         0.2298822870
        4.9400000000         3.0500000000         0.2426203549
        4.9450000000         3.0500000000         0.2375251278
        4.9500000000         3.0500000000         0.2387989345
        4.9550000000         3.0500000000         0.2400727413
        4.9600000000         3.0500000000         0.2362513210
        4.9650000000         3.0500000000         0.2400727413
        4.9700000000         3.0500000000         0.2477155820
        4.9750000000         3.0500000000         0.2349775142
        4.9800000000         3.0500000000         0.2400727413
        4.9850000000         3.0500000000         0.2477155820
        4.9900000000         3.0500000000         0.2400727413
        4.9950000000         3.0500000000         0.2413465481
        5.0000000000         3.0500000000         0.2426203549
        5.0050000000         3.0500000000         0.2464417752
        5.0100000000         3.0500000000         0.2477155820
        5.0150000000         3.0500000000         0.2273346735
        5.0200000000         3.0500000000         0.2540846159
        5.0250000000         3.0500000000         0.2387989345
        5.0300000000         3.0500000000         0.2387989345
        5.0350000000         3.0500000000         0.2451679685
        5.0400000000         3.0500000000         0.2413465481
        5.0450000000         3.0500000000         0.2604536499
        5.0500000000         3.0500000000         0.2464417752
        5.0550000000         3.0500000000         0.2362513210
        5.0600000000         3.0500000000         0.2477155820
        5.0650000000         3.0500000000         0.2502631956
        5.0700000000         3.0500000000         0.2387989345
        5.0750000000         3.0500000000         0.2502631956
        5.0800000000         3.0500000000         0.2502631956
        5.0850000000         3.0500000000         0.2489893888
        5.0900000000         3.0500000000         0.2464417752
        5.0950000000         3.0500000000         0.2502631956
        5.1000000000         3.0500000000         0.2400727413
        5.1050000000         3.0500000000         0.2528108092
        5.1100000000         3.0500000000         0.2655488770
        5.1150000000         3.0500000000         0.2400727413
        5.1200000000         3.0500000000         0.2540846159
        5.1250000000         3.0500000000         0.2668226838
        5.1300000000         3.0500000000         0.2375251278
        5.1350000000         3.0500000000         0.2540846159
        5.1400000000         3.0500000000         0.2464417752
        5.1450000000         3.0500000000         0.2489893888
        5.1500000000         3.0500000000         0.2438941617
        5.1550000000         3.0500000000         0.2337037074
        5.1600000000         3.0500000000         0.2528108092
        5.1650000000         3.0500000000         0.2502631956
        5.1700000000         3.0500000000         0.2324299006
        5.1750000000         3.0500000000         0.2438941617
        5.1800000000         3.0500000000         0.2515370024
        5.1850000000         3.0500000000         0.2515370024
        5.1900000000         3.0500000000         0.2387989345
        5.1950000000         3.0500000000         0.2477155820
        5.2000000000         3.0500000000         0.2515370024
        5.2050000000         3.0500000000         0.2375251278
        5.2100000000         3.0500000000         0.2566322295
        5.2150000000         3.0500000000         0.2464417752
        5.2200000000         3.0500000000         0.2426203549
        5.2250000000         3.0500000000         0.2566322295
        5.2300000000         3.0500000000         0.2540846159
        5.2350000000         3.0500000000         0.2566322295
        5.2400000000         3.0500000000         0.2757393313
        5.2450000000         3.0500000000         0.2553584227
        5.2500000000         3.0500000000         0.2451679685
        5.2550000000         3.0500000000         0.2642750702
        5.2600000000         3.0500000000         0.2464417752
        5.2650000000         3.0500000000         0.2477155820
        5.2700000000         3.0500000000         0.2630012634
        5.2750000000         3.0500000000         0.2502631956
        5.2800000000         3.0500000000         0.2451679685
        5.2850000000         3.0500000000         0.2604536499
        5.2900000000         3.0500000000         0.2579060363
        5.2950000000         3.0500000000         0.2489893888
        5.3000000000         3.0500000000         0.2515370024
        5.3050000000         3.0500000000         0.2438941617
        5.3100000000         3.0500000000         0.2489893888
        5.3150000000         3.0500000000         0.2630012634
        5.3200000000         3.0500000000         0.2438941617
        5.3250000000         3.0500000000         0.2502631956
        5.3300000000         3.0500000000         0.2642750702
        5.3350000000         3.0500000000         0.2413465481
        5.3400000000         3.0500000000         0.2400727413
        5.3450000000         3.0500000000         0.2604536499
        5.3500000000         3.0500000000         0.2477155820
        5.3550000000         3.0500000000         0.2477155820
        5.3600000000         3.0500000000         0.2502631956
        5.3650000000         3.0500000000         0.2515370024
        5.3700000000         3.0500000000         0.2477155820
        5.3750000000         3.0500000000         0.2540846159
        5.3800000000         3.0500000000         0.2540846159
        5.3850000000         3.0500000000         0.2528108092
        5.3900000000         3.0500000000         0.2731917177
        5.3950000000         3.0500000000         0.2426203549
        5.4000000000         3.0500000000         0.2553584227
        5.4050000000         3.0500000000         0.2744655245
        5.4100000000         3.0500000000         0.2426203549
        5.4150000000         3.0500000000         0.2515370024
        5.4200000000         3.0500000000         0.2502631956
        5.4250000000         3.0500000000         0.2489893888
        5.4300000000         3.0500000000         0.2515370024
        5.4350000000         3.0500000000         0.2566322295
        5.4400000000         3.0500000000         0.2528108092
        5.4450000000         3.0500000000         0.2540846159
        5.4500000000         3.0500000000         0.2515370024
        5.4550000000         3.0500000000         0.2502631956
        5.4600000000         3.0500000000         0.2451679685
        5.4650000000         3.0500000000         0.2591798431
        5.4700000000         3.0500000000         0.2464417752
        5.4750000000         3.0500000000         0.2489893888
        5.4800000000         3.0500000000         0.2553584227
        5.4850000000         3.0500000000         0.2426203549
        5.4900000000         3.0500000000         0.2464417752
        5.4950000000         3.0500000000         0.2540846159
        5.5000000000         3.0500000000         0.2438941617
        5.5050000000         3.0500000000         0.2528108092
        5.5100000000         3.0500000000         0.2489893888
        5.5150000000         3.0500000000         0.2477155820
        5.5200000000         3.0500000000         0.2553584227
        5.5250000000         3.0500000000         0.2540846159
        5.5300000000         3.0500000000         0.2489893888
        5.5350000000         3.0500000000         0.2515370024
        5.5400000000         3.0500000000         0.2528108092
        5.5450000000         3.0500000000         0.2489893888
        5.5500000000         3.0500000000         0.2540846159
        5.5550000000         3.0500000000         0.2502631956
        5.5600000000         3.0500000000         0.2489893888
        5.5650000000         3.0500000000         0.2502631956
        5.5700000000         3.0500000000         0.2528108092
        5.5750000000         3.0500000000         0.2477155820
        5.5800000000         3.0500000000         0.2489893888
        5.5850000000         3.0500000000         0.2515370024
        5.5900000000         3.0500000000         0.2438941617
        5.5950000000         3.0500000000         0.2540846159
        5.6000000000         3.0500000000         0.2502631956
        5.6050000000         3.0500000000         0.2438941617
        5.6100000000         3.0500000000         0.2489893888
        5.6150000000         3.0500000000         0.2528108092
        5.6200000000         3.0500000000         0.2477155820
        5.6250000000         3.0500000000         0.2400727413
        5.6300000000         3.0500000000         0.2566322295
        5.6350000000         3.0500000000         0.2464417752
        5.6400000000         3.0500000000         0.2438941617
        5.6450000000         3.0500000000         0.2591798431
        5.6500000000         3.0500000000         0.2426203549
        5.6550000000         3.0500000000         0.2489893888
        5.6600000000         3.0500000000         0.2566322295
        5.6650000000         3.0500000000         0.2451679685
        5.6700000000         3.0500000000         0.2515370024
        5.6750000000         3.0500000000         0.2528108092
        5.6800000000         3.0500000000         0.2413465481
        5.6850000000         3.0500000000         0.2489893888
        5.6900000000         3.0500000000         0.2502631956
        5.6950000000         3.0500000000         0.2413465481
        5.7000000000         3.0500000000         0.2489893888
        5.7050000000         3.0500000000         0.2464417752
        5.7100000000         3.0500000000         0.2451679685
        5.7150000000         3.0500000000         0.2464417752
        5.7200000000         3.0500000000         0.2464417752
        5.7250000000         3.0500000000         0.2502631956
        5.7300000000         3.0500000000         0.2413465481
        5.7350000000         3.0500000000         0.2451679685
        5.7400000000         3.0500000000         0.2489893888
        5.7450000000         3.0500000000         0.2413465481
        5.7500000000         3.0500000000         0.2438941617
        5.7550000000         3.0500000000         0.2477155820
        5.7600000000         3.0500000000         0.2387989345
        5.7650000000         3.0500000000         0.2426203549
        5.7700000000         3.0500000000         0.2489893888
        5.7750000000         3.0500000000         0.2464417752
        5.7800000000         3.0500000000         0.2375251278
        5.7850000000         3.0500000000         0.2451679685
        5.7900000000         3.0500000000         0.2489893888
        5.7950000000         3.0500000000         0.2451679685
        5.8000000000         3.0500000000         0.2387989345
        5.8050000000         3.0500000000         0.2451679685
        5.8100000000         3.0500000000         0.2477155820
        5.8150000000         3.0500000000         0.2426203549
        5.8200000000         3.0500000000         0.2502631956
        5.8250000000         3.0500000000         0.2438941617
        5.8300000000         3.0500000000         0.2337037074
        5.8350000000         3.0500000000         0.2579060363
        5.8400000000         3.0500000000         0.2413465481
        5.8450000000         3.0500000000         0.2451679685
        5.8500000000         3.0500000000         0.2477155820
        5.8550000000         3.0500000000         0.2400727413
        5.8600000000         3.0500000000         0.2413465481
        5.8650000000         3.0500000000         0.2464417752
        5.8700000000         3.0500000000         0.2400727413
        5.8750000000         3.0500000000         0.2438941617
        5.8800000000         3.0500000000         0.2413465481
        5.8850000000         3.0500000000         0.2489893888
        5.8900000000         3.0500000000         0.2387989345
        5.8950000000         3.0500000000         0.2413465481
        5.9000000000         3.0500000000         0.2438941617
        5.9050000000         3.0500000000         0.2311560938
        5.9100000000         3.0500000000         0.2426203549
        5.9150000000         3.0500000000         0.2362513210
        5.9200000000         3.0500000000         0.2400727413
        5.9250000000         3.0500000000         0.2426203549
        5.9300000000         3.0500000000         0.2400727413
        5.9350000000         3.0500000000         0.2387989345
        5.9400000000         3.0500000000         0.2337037074
        5.9450000000         3.0500000000         0.2438941617
        5.9500000000         3.0500000000         0.2286084803
        5.9550000000         3.0500000000         0.2387989345
        5.9600000000         3.0500000000         0.2337037074
        5.9650000000         3.0500000000         0.2375251278
        5.9700000000         3.0500000000         0.2375251278
        5.9750000000         3.0500000000         0.2375251278
        5.9800000000         3.0500000000         0.2337037074
        5.9850000000         3.0500000000         0.2337037074
        5.9900000000         3.0500000000         0.2413465481
        5.9950000000         3.0500000000         0.2311560938
        6.0000000000         3.0500000000         0.2298822870
        6.0050000000         3.0500000000         0.2375251278
        6.0100000000         3.0500000000         0.2387989345
        6.0150000000         3.0500000000         0.2413465481
        6.0200000000         3.0500000000         0.2362513210
        6.0250000000         3.0500000000         0.2337037074
        6.0300000000         3.0500000000         0.2273346735
        6.0350000000         3.0500000000         0.2311560938
        6.0400000000         3.0500000000         0.2413465481
        6.0450000000         3.0500000000         0.2387989345
        6.0500000000         3.0500000000         0.2375251278
        6.0550000000         3.0500000000         0.2438941617
        6.0600000000         3.0500000000         0.2362513210
        6.0650000000         3.0500000000         0.2413465481
        6.0700000000         3.0500000000         0.2489893888
        6.0750000000         3.0500000000         0.2324299006
        6.0800000000         3.0500000000         0.2438941617
        6.0850000000         3.0500000000         0.2477155820
        6.0900000000         3.0500000000         0.2438941617
        6.0950000000         3.0500000000         0.2413465481
        6.1000000000         3.0500000000         0.2477155820
        6.1050000000         3.0500000000         0.2426203549
        6.1100000000         3.0500000000         0.2438941617
        6.1150000000         3.0500000000         0.2515370024
        6.1200000000         3.0500000000         0.2451679685
        6.1250000000         3.0500000000         0.2426203549
        6.1300000000         3.0500000000         0.2540846159
        6.1350000000         3.0500000000         0.2451679685
        6.1400000000         3.0500000000         0.2337037074
        6.1450000000         3.0500000000         0.2540846159
        6.1500000000         3.0500000000         0.2426203549
        6.1550000000         3.0500000000         0.2413465481
        6.1600000000         3.0500000000         0.2489893888
        6.1650000000         3.0500000000         0.2489893888
        6.1700000000         3.0500000000         0.2438941617
        6.1750000000         3.0500000000         0.2489893888
        6.1800000000         3.0500000000         0.2451679685
        6.1850000000         3.0500000000         0.2400727413
        6.1900000000         3.0500000000         0.2680964906
        6.1950000000         3.0500000000         0.2438941617
        6.2000000000         3.0500000000         0.2387989345
        6.2050000000         3.0500000000         0.2668226838
        6.2100000000         3.0500000000         0.2477155820
        6.2150000000         3.0500000000         0.2413465481
        6.2200000000         3.0500000000         0.2566322295
        6.2250000000         3.0500000000         0.2375251278
        6.2300000000         3.0500000000         0.2375251278
        6.2350000000         3.0500000000         0.2477155820
        6.2400000000         3.0500000000         0.2464417752
        6.2450000000         3.0500000000         0.2451679685
        6.2500000000         3.0500000000         0.2464417752
        6.2550000000         3.0500000000         0.2528108092
        6.2600000000         3.0500000000         0.2337037074
        6.2650000000         3.0500000000         0.2540846159
        6.2700000000         3.0500000000         0.2489893888
        6.2750000000         3.0500000000         0.2413465481
        6.2800000000         3.0500000000         0.2489893888
        6.2850000000         3.0500000000         0.2540846159
        6.2900000000         3.0500000000         0.2337037074
        6.2950000000         3.0500000000         0.2438941617
        6.3000000000         3.0500000000         0.2438941617
        6.3050000000         3.0500000000         0.2400727413
        6.3100000000         3.0500000000         0.2477155820
        6.3150000000         3.0500000000         0.2438941617
        6.3200000000         3.0500000000         0.2362513210
        6.3250000000         3.0500000000         0.2540846159
        6.3300000000         3.0500000000         0.2438941617
        6.3350000000         3.0500000000         0.2477155820
        6.3400000000         3.0500000000         0.2630012634
        6.3450000000         3.0500000000         0.2579060363
        6.3500000000         3.0500000000         0.2489893888
        6.3550000000         3.0500000000         0.2464417752
        6.3600000000         3.0500000000         0.2464417752
        6.3650000000         3.0500000000         0.2451679685
        6.3700000000         3.0500000000         0.2553584227
        6.3750000000         3.0500000000         0.2438941617
        6.3800000000         3.0500000000         0.2477155820
        6.3850000000         3.0500000000         0.2579060363
        6.3900000000         3.0500000000         0.2451679685
        6.3950000000         3.0500000000         0.2464417752
        6.4000000000         3.0500000000         0.2566322295
        6.4050000000         3.0500000000         0.2489893888
        6.4100000000         3.0500000000         0.2387989345
        6.4150000000         3.0500000000         0.2642750702
        6.4200000000         3.0500000000         0.2502631956
        6.4250000000         3.0500000000         0.2400727413
        6.4300000000         3.0500000000         0.2400727413
        6.4350000000         3.0500000000         0.2566322295
        6.4400000000         3.0500000000         0.2387989345
