        0.0000000000         0.2500000000         1.8131168916
        0.0050000000         0.2500000000         1.8131168916
        0.0100000000         0.2500000000         1.8080198628
        0.0150000000         0.2500000000         1.8029228340
        0.0200000000         0.2500000000         1.7812604616
        0.0250000000         0.2500000000         1.7519525459
        0.0300000000         0.2500000000         1.7124505727
        0.0350000000         0.2500000000         1.6665773134
        0.0400000000         0.2500000000         1.6143327681
        0.0450000000         0.2500000000         1.5557169368
        0.0500000000         0.2500000000         1.4983753627
        0.0550000000         0.2500000000         1.4372110170
        0.0600000000         0.2500000000         1.3658526137
        0.0650000000         0.2500000000         1.2919456960
        0.0700000000         0.2500000000         1.2142160067
        0.0750000000         0.2500000000         1.1403090889
        0.0800000000         0.2500000000         1.0689506856
        0.0850000000         0.2500000000         0.9873982247
        0.0900000000         0.2500000000         0.9058457637
        0.0950000000         0.2500000000         0.8204705312
        0.1000000000         0.2500000000         0.7389180703
        0.1050000000         0.2500000000         0.6522685805
        0.1100000000         0.2500000000         0.5592478048
        0.1150000000         0.2500000000         0.4725983150
        0.1200000000         0.2500000000         0.3808517965
        0.1250000000         0.2500000000         0.2891052779
        0.1300000000         0.2500000000         0.2011815310
        0.1350000000         0.2500000000         0.1094350124
        0.1400000000         0.2500000000         0.0189627511
        0.1450000000         0.2500000000         0.0011231503
        0.1500000000         0.2500000000         1.1046298873
        0.1550000000         0.2500000000         5.0701183002
        0.1600000000         0.2500000000         5.0280678125
        0.1650000000         0.2500000000         4.9286757508
        0.1700000000         0.2500000000         4.8305579462
        0.1750000000         0.2500000000         4.7324401417
        0.1800000000         0.2500000000         4.6419678803
        0.1850000000         0.2500000000         4.5451243329
        0.1900000000         0.2500000000         4.4482807856
        0.1950000000         0.2500000000         4.3539857526
        0.2000000000         0.2500000000         4.2596907197
        0.2050000000         0.2500000000         4.1653956867
        0.2100000000         0.2500000000         4.0736491682
        0.2150000000         0.2500000000         3.9806283924
        0.2200000000         0.2500000000         3.8876076167
        0.2250000000         0.2500000000         3.7958610981
        0.2300000000         0.2500000000         3.7015660652
        0.2350000000         0.2500000000         3.6072710322
        0.2400000000         0.2500000000         3.5129759992
        0.2450000000         0.2500000000         3.4276007667
        0.2500000000         0.2500000000         3.3371285054
        0.2550000000         0.2500000000         3.2390107008
        0.2600000000         0.2500000000         3.1498126966
        0.2650000000         0.2500000000         3.0580661781
        0.2700000000         0.2500000000         2.9624968879
        0.2750000000         0.2500000000         2.8796701698
        0.2800000000         0.2500000000         2.7917464229
        0.2850000000         0.2500000000         2.7025484187
        0.2900000000         0.2500000000         2.6158989290
        0.2950000000         0.2500000000         2.5216038960
        0.3000000000         0.2500000000         2.4324058919
        0.3050000000         0.2500000000         2.3419336305
        0.3100000000         0.2500000000         2.2501871120
        0.3150000000         0.2500000000         2.1635376222
        0.3200000000         0.2500000000         2.0794366469
        0.3250000000         0.2500000000         1.9902386427
        0.3300000000         0.2500000000         1.8984921242
        0.3350000000         0.2500000000         1.8131168916
        0.3400000000         0.2500000000         1.7251931447
        0.3450000000         0.2500000000         1.6347208833
        0.3500000000         0.2500000000         1.5531684224
        0.3550000000         0.2500000000         1.4639704183
        0.3600000000         0.2500000000         1.3785951857
        0.3650000000         0.2500000000         1.2868486672
        0.3700000000         0.2500000000         1.1951021486
        0.3750000000         0.2500000000         1.1097269161
        0.3800000000         0.2500000000         1.0205289119
        0.3850000000         0.2500000000         0.9364279366
        0.3900000000         0.2500000000         0.8357616176
        0.3950000000         0.2500000000         0.7401923275
        0.4000000000         0.2500000000         0.6471715517
        0.4050000000         0.2500000000         0.5554250332
        0.4100000000         0.2500000000         0.4636785146
        0.4150000000         0.2500000000         0.3706577389
        0.4200000000         0.2500000000         0.2725399343
        0.4250000000         0.2500000000         0.1795191585
        0.4300000000         0.2500000000         0.0801270968
        0.4350000000         0.2500000000         0.0049459219
        0.4400000000         0.2500000000         0.0062201791
        0.4450000000         0.2500000000         5.0510044422
        0.4500000000         0.2500000000         5.0624727570
        0.4550000000         0.2500000000         4.9898400965
        0.4600000000         0.2500000000         4.8878995203
        0.4650000000         0.2500000000         4.7859589441
        0.4700000000         0.2500000000         4.6903896540
        0.4750000000         0.2500000000         4.5897233350
        0.4800000000         0.2500000000         4.4903312733
        0.4850000000         0.2500000000         4.3960362403
        0.4900000000         0.2500000000         4.3042897218
        0.4950000000         0.2500000000         4.2074461744
        0.5000000000         0.2500000000         4.1182481702
        0.5050000000         0.2500000000         4.0226788801
        0.5100000000         0.2500000000         3.9258353327
        0.5150000000         0.2500000000         3.8442828718
        0.5200000000         0.2500000000         3.7372452668
        0.5250000000         0.2500000000         3.6442244911
        0.5300000000         0.2500000000         3.5512037153
        0.5350000000         0.2500000000         3.4594571968
        0.5400000000         0.2500000000         3.3626136494
        0.5450000000         0.2500000000         3.2759641597
        0.5500000000         0.2500000000         3.1778463551
        0.5550000000         0.2500000000         3.0899226081
        0.5600000000         0.2500000000         2.9981760896
        0.5650000000         0.2500000000         2.9128008571
        0.5700000000         0.2500000000         2.8210543385
        0.5750000000         0.2500000000         2.7293078200
        0.5800000000         0.2500000000         2.6362870442
        0.5850000000         0.2500000000         2.5445405256
        0.5900000000         0.2500000000         2.4591652931
        0.5950000000         0.2500000000         2.3674187746
        0.6000000000         0.2500000000         2.2782207704
        0.6050000000         0.2500000000         2.1851999947
        0.6100000000         0.2500000000         2.0960019905
        0.6150000000         0.2500000000         2.0144495296
        0.6200000000         0.2500000000         1.9265257826
        0.6250000000         0.2500000000         1.8386020357
        0.6300000000         0.2500000000         1.7506782887
        0.6350000000         0.2500000000         1.6627545418
        0.6400000000         0.2500000000         1.5684595088
        0.6450000000         0.2500000000         1.4881813051
        0.6500000000         0.2500000000         1.3977090438
        0.6550000000         0.2500000000         1.3059625252
        0.6600000000         0.2500000000         1.2167645211
        0.6650000000         0.2500000000         1.1262922597
        0.6700000000         0.2500000000         1.0319972268
        0.6750000000         0.2500000000         0.9504447658
        0.6800000000         0.2500000000         0.8561497329
        0.6850000000         0.2500000000         0.7593061855
        0.6900000000         0.2500000000         0.6701081814
        0.6950000000         0.2500000000         0.5745388912
        0.7000000000         0.2500000000         0.4866151443
        0.7050000000         0.2500000000         0.3910458541
        0.7100000000         0.2500000000         0.2954765639
        0.7150000000         0.2500000000         0.2050043026
        0.7200000000         0.2500000000         0.1107092696
        0.7250000000         0.2500000000         0.0100429507
        0.7300000000         0.2500000000         0.0011231503
        0.7350000000         0.2500000000         1.1059041445
        0.7400000000         0.2500000000         5.0637470142
        0.7450000000         0.2500000000         5.0102282117
        0.7500000000         0.2500000000         4.9108361500
        0.7550000000         0.2500000000         4.8076213166
        0.7600000000         0.2500000000         4.7133262836
        0.7650000000         0.2500000000         4.6203055079
        0.7700000000         0.2500000000         4.5158164173
        0.7750000000         0.2500000000         4.4189728699
        0.7800000000         0.2500000000         4.3259520942
        0.7850000000         0.2500000000         4.2367540900
        0.7900000000         0.2500000000         4.1360877711
        0.7950000000         0.2500000000         4.0379699665
        0.8000000000         0.2500000000         3.9525947340
        0.8050000000         0.2500000000         3.8506541578
        0.8100000000         0.2500000000         3.7601818965
        0.8150000000         0.2500000000         3.6633383491
        0.8200000000         0.2500000000         3.5766888594
        0.8250000000         0.2500000000         3.4836680836
        0.8300000000         0.2500000000         3.3855502790
        0.8350000000         0.2500000000         3.2938037605
        0.8400000000         0.2500000000         3.1995087275
        0.8450000000         0.2500000000         3.1064879518
        0.8500000000         0.2500000000         3.0160156904
        0.8550000000         0.2500000000         2.9319147151
        0.8600000000         0.2500000000         2.8376196821
        0.8650000000         0.2500000000         2.7471474208
        0.8700000000         0.2500000000         2.6528523878
        0.8750000000         0.2500000000         2.5649286409
        0.8800000000         0.2500000000         2.4744563795
        0.8850000000         0.2500000000         2.3839841182
        0.8900000000         0.2500000000         2.2947861140
        0.8950000000         0.2500000000         2.2043138527
        0.9000000000         0.2500000000         2.1074703053
        0.9050000000         0.2500000000         2.0233693300
        0.9100000000         0.2500000000         1.9379940974
        0.9150000000         0.2500000000         1.8487960933
        0.9200000000         0.2500000000         1.7672436324
        0.9250000000         0.2500000000         1.6831426570
        0.9300000000         0.2500000000         1.5824763381
        0.9350000000         0.2500000000         1.5009238771
        0.9400000000         0.2500000000         1.4091773586
        0.9450000000         0.2500000000         1.3212536116
        0.9500000000         0.2500000000         1.2346041219
        0.9550000000         0.2500000000         1.1428576033
        0.9600000000         0.2500000000         1.0549338564
        0.9650000000         0.2500000000         0.9619130806
        0.9700000000         0.2500000000         0.8752635909
        0.9750000000         0.2500000000         0.7796943007
        0.9800000000         0.2500000000         0.6841250106
        0.9850000000         0.2500000000         0.5923784920
        0.9900000000         0.2500000000         0.4980834591
        0.9950000000         0.2500000000         0.4037884261
        1.0000000000         0.2500000000         0.3082191360
        1.0050000000         0.2500000000         0.2139241030
        1.0100000000         0.2500000000         0.1209033273
        1.0150000000         0.2500000000         0.0215112655
        1.0200000000         0.2500000000        -0.0001511069
        1.0250000000         0.2500000000         1.1059041445
        1.0300000000         0.2500000000         5.0701183002
        1.0350000000         0.2500000000         5.0255192981
        1.0400000000         0.2500000000         4.9274014936
        1.0450000000         0.2500000000         4.8254609174
        1.0500000000         0.2500000000         4.7286173701
        1.0550000000         0.2500000000         4.6292253083
        1.0600000000         0.2500000000         4.5298332465
        1.0650000000         0.2500000000         4.4317154420
        1.0700000000         0.2500000000         4.3361461518
        1.0750000000         0.2500000000         4.2431253761
        1.0800000000         0.2500000000         4.1526531147
        1.0850000000         0.2500000000         4.0558095673
        1.0900000000         0.2500000000         3.9589660200
        1.0950000000         0.2500000000         3.8659452442
        1.1000000000         0.2500000000         3.7741987257
        1.1050000000         0.2500000000         3.6760809211
        1.1100000000         0.2500000000         3.5868829170
        1.1150000000         0.2500000000         3.4951363984
        1.1200000000         0.2500000000         3.4008413655
        1.1250000000         0.2500000000         3.3039978181
        1.1300000000         0.2500000000         3.2122512996
        1.1350000000         0.2500000000         3.1179562666
        1.1400000000         0.2500000000         3.0313067769
        1.1450000000         0.2500000000         2.9344632295
        1.1500000000         0.2500000000         2.8503622542
        1.1550000000         0.2500000000         2.7535187068
        1.1600000000         0.2500000000         2.6643207026
        1.1650000000         0.2500000000         2.5725741841
        1.1700000000         0.2500000000         2.4859246944
        1.1750000000         0.2500000000         2.3916296614
        1.1800000000         0.2500000000         2.3024316572
        1.1850000000         0.2500000000         2.2157821675
        1.1900000000         0.2500000000         2.1278584206
        1.1950000000         0.2500000000         2.0322891304
        1.2000000000         0.2500000000         1.9443653835
        1.2050000000         0.2500000000         1.8628129225
        1.2100000000         0.2500000000         1.7748891756
        1.2150000000         0.2500000000         1.6844169142
        1.2200000000         0.2500000000         1.5952189101
        1.2250000000         0.2500000000         1.5047466487
        1.2300000000         0.2500000000         1.4168229018
        1.2350000000         0.2500000000         1.3314476692
        1.2400000000         0.2500000000         1.2409754079
        1.2450000000         0.2500000000         1.1454061177
        1.2500000000         0.2500000000         1.0562081136
        1.2550000000         0.2500000000         0.9695586239
        1.2600000000         0.2500000000         0.8701665621
        1.2650000000         0.2500000000         0.7771457863
        1.2700000000         0.2500000000         0.6853992678
        1.2750000000         0.2500000000         0.5949270064
        1.2800000000         0.2500000000         0.5019062307
        1.2850000000         0.2500000000         0.4063369405
        1.2900000000         0.2500000000         0.3107676504
        1.2950000000         0.2500000000         0.2190211318
        1.3000000000         0.2500000000         0.1221775845
        1.3050000000         0.2500000000         0.0253340371
        1.3100000000         0.2500000000        -0.0001511069
        1.3150000000         0.2500000000         1.1071784017
        1.3200000000         0.2500000000         5.0688440430
        1.3250000000         0.2500000000         5.0306163269
        1.3300000000         0.2500000000         4.9261272364
        1.3350000000         0.2500000000         4.8254609174
        1.3400000000         0.2500000000         4.7298916273
        1.3450000000         0.2500000000         4.6343223371
        1.3500000000         0.2500000000         4.5349302753
        1.3550000000         0.2500000000         4.4342639564
        1.3600000000         0.2500000000         4.3374204090
        1.3650000000         0.2500000000         4.2431253761
        1.3700000000         0.2500000000         4.1488303431
        1.3750000000         0.2500000000         4.0570838245
        1.3800000000         0.2500000000         3.9615145344
        1.3850000000         0.2500000000         3.8633967298
        1.3900000000         0.2500000000         3.7678274397
        1.3950000000         0.2500000000         3.6760809211
        1.4000000000         0.2500000000         3.5830601454
        1.4050000000         0.2500000000         3.4887651124
        1.4100000000         0.2500000000         3.3982928511
        1.4150000000         0.2500000000         3.3129176185
        1.4200000000         0.2500000000         3.2109770423
        1.4250000000         0.2500000000         3.1205047810
        1.4300000000         0.2500000000         3.0402265773
        1.4350000000         0.2500000000         2.9344632295
        1.4400000000         0.2500000000         2.8414424537
        1.4450000000         0.2500000000         2.7547929640
        1.4500000000         0.2500000000         2.6604979310
        1.4550000000         0.2500000000         2.5687514125
        1.4600000000         0.2500000000         2.4795534083
        1.4650000000         0.2500000000         2.3890811470
        1.4700000000         0.2500000000         2.3037059145
        1.4750000000         0.2500000000         2.2132336531
        1.4800000000         0.2500000000         2.1214871346
        1.4850000000         0.2500000000         2.0310148732
        1.4900000000         0.2500000000         1.9405426119
        1.4950000000         0.2500000000         1.8577158937
        1.5000000000         0.2500000000         1.7685178896
        1.5050000000         0.2500000000         1.6831426570
        1.5100000000         0.2500000000         1.5977674245
        1.5150000000         0.2500000000         1.5047466487
        1.5200000000         0.2500000000         1.4168229018
        1.5250000000         0.2500000000         1.3238021260
        1.5300000000         0.2500000000         1.2320556075
        1.5350000000         0.2500000000         1.1466803749
        1.5400000000         0.2500000000         1.0549338564
        1.5450000000         0.2500000000         0.9670101094
        1.5500000000         0.2500000000         0.8778121053
        1.5550000000         0.2500000000         0.7796943007
        1.5600000000         0.2500000000         0.6866735250
        1.5650000000         0.2500000000         0.5949270064
        1.5700000000         0.2500000000         0.5019062307
        1.5750000000         0.2500000000         0.4076111977
        1.5800000000         0.2500000000         0.3171389364
        1.5850000000         0.2500000000         0.2202953890
        1.5900000000         0.2500000000         0.1272746133
        1.5950000000         0.2500000000         0.0278825515
        1.6000000000         0.2500000000        -0.0001511069
        1.6050000000         0.2500000000         1.1059041445
        1.6100000000         0.2500000000         5.0624727570
        1.6150000000         0.2500000000         5.0280678125
        1.6200000000         0.2500000000         4.9248529792
        1.6250000000         0.2500000000         4.8292836890
        1.6300000000         0.2500000000         4.7311658845
        1.6350000000         0.2500000000         4.6317738227
        1.6400000000         0.2500000000         4.5323817609
        1.6450000000         0.2500000000         4.4342639564
        1.6500000000         0.2500000000         4.3386946662
        1.6550000000         0.2500000000         4.2418511188
        1.6600000000         0.2500000000         4.1513788575
        1.6650000000         0.2500000000         4.0558095673
        1.6700000000         0.2500000000         3.9589660200
        1.6750000000         0.2500000000         3.8633967298
        1.6800000000         0.2500000000         3.7652789253
        1.6850000000         0.2500000000         3.6824522071
        1.6900000000         0.2500000000         3.5856086598
        1.6950000000         0.2500000000         3.4900393696
        1.7000000000         0.2500000000         3.3970185939
        1.7050000000         0.2500000000         3.2963522749
        1.7100000000         0.2500000000         3.2046057563
        1.7150000000         0.2500000000         3.1154077522
        1.7200000000         0.2500000000         3.0274840052
        1.7250000000         0.2500000000         2.9370117439
        1.7300000000         0.2500000000         2.8427167109
        1.7350000000         0.2500000000         2.7547929640
        1.7400000000         0.2500000000         2.6604979310
        1.7450000000         0.2500000000         2.5674771553
        1.7500000000         0.2500000000         2.4757306367
        1.7550000000         0.2500000000         2.3878068898
        1.7600000000         0.2500000000         2.2960603712
        1.7650000000         0.2500000000         2.2094108815
        1.7700000000         0.2500000000         2.1214871346
        1.7750000000         0.2500000000         2.0335633876
        1.7800000000         0.2500000000         1.9456396407
        1.7850000000         0.2500000000         1.8589901509
        1.7900000000         0.2500000000         1.7685178896
        1.7950000000         0.2500000000         1.6805941426
        1.8000000000         0.2500000000         1.5939446529
        1.8050000000         0.2500000000         1.5034723915
        1.8100000000         0.2500000000         1.4219199306
        1.8150000000         0.2500000000         1.3263506404
        1.8200000000         0.2500000000         1.2320556075
        1.8250000000         0.2500000000         1.1556001754
        1.8300000000         0.2500000000         1.0574823708
        1.8350000000         0.2500000000         0.9670101094
        1.8400000000         0.2500000000         0.8752635909
        1.8450000000         0.2500000000         0.7745972719
        1.8500000000         0.2500000000         0.6853992678
        1.8550000000         0.2500000000         0.5923784920
        1.8600000000         0.2500000000         0.4942606875
        1.8650000000         0.2500000000         0.4025141689
        1.8700000000         0.2500000000         0.3107676504
        1.8750000000         0.2500000000         0.2139241030
        1.8800000000         0.2500000000         0.1209033273
        1.8850000000         0.2500000000         0.0240597799
        1.8900000000         0.2500000000         0.0049459219
        1.8950000000         0.2500000000         1.1071784017
        1.9000000000         0.2500000000         5.0624727570
        1.9050000000         0.2500000000         5.0165994977
        1.9100000000         0.2500000000         4.9197559504
        1.9150000000         0.2500000000         4.8254609174
        1.9200000000         0.2500000000         4.7260688556
        1.9250000000         0.2500000000         4.6215797651
        1.9300000000         0.2500000000         4.5209134461
        1.9350000000         0.2500000000         4.4240698987
        1.9400000000         0.2500000000         4.3259520942
        1.9450000000         0.2500000000         4.2354798328
        1.9500000000         0.2500000000         4.1424590571
        1.9550000000         0.2500000000         4.0532610529
        1.9600000000         0.2500000000         3.9551432484
        1.9650000000         0.2500000000         3.8570254438
        1.9700000000         0.2500000000         3.7627304109
        1.9750000000         0.2500000000         3.6658868635
        1.9800000000         0.2500000000         3.5728660877
        1.9850000000         0.2500000000         3.4811195692
        1.9900000000         0.2500000000         3.3893730506
        1.9950000000         0.2500000000         3.2912552461
        2.0000000000         0.2500000000         3.2033314991
        2.0050000000         0.2500000000         3.1115849806
        2.0100000000         0.2500000000         3.0160156904
        2.0150000000         0.2500000000         2.9229949147
        2.0200000000         0.2500000000         2.8312483961
        2.0250000000         0.2500000000         2.7458731636
        2.0300000000         0.2500000000         2.6490296162
        2.0350000000         0.2500000000         2.5572830977
        2.0400000000         0.2500000000         2.4693593507
        2.0450000000         0.2500000000         2.3814356038
        2.0500000000         0.2500000000         2.2922375996
        2.0550000000         0.2500000000         2.2004910811
        2.0600000000         0.2500000000         2.1087445625
        2.0650000000         0.2500000000         2.0297406160
        2.0700000000         0.2500000000         1.9367198402
        2.0750000000         0.2500000000         1.8436990645
        2.0800000000         0.2500000000         1.7685178896
        2.0850000000         0.2500000000         1.6691258278
        2.0900000000         0.2500000000         1.5824763381
        2.0950000000         0.2500000000         1.4907298195
        2.1000000000         0.2500000000         1.4040803298
        2.1050000000         0.2500000000         1.3174308400
        2.1100000000         0.2500000000         1.2244100643
        2.1150000000         0.2500000000         1.1326635457
        2.1200000000         0.2500000000         1.0460140560
        2.1250000000         0.2500000000         0.9542675374
        2.1300000000         0.2500000000         0.8612467617
        2.1350000000         0.2500000000         0.7644032143
        2.1400000000         0.2500000000         0.6726566958
        2.1450000000         0.2500000000         0.5796359200
        2.1500000000         0.2500000000         0.4878894015
        2.1550000000         0.2500000000         0.3859488253
        2.1600000000         0.2500000000         0.2942023067
        2.1650000000         0.2500000000         0.2037300454
        2.1700000000         0.2500000000         0.1056122408
        2.1750000000         0.2500000000         0.0113172079
        2.1800000000         0.2500000000        -0.0001511069
        2.1850000000         0.2500000000         1.1046298873
        2.1900000000         0.2500000000         5.0701183002
        2.1950000000         0.2500000000         5.0102282117
        2.2000000000         0.2500000000         4.9108361500
        2.2050000000         0.2500000000         4.8063470594
        2.2100000000         0.2500000000         4.7082292548
        2.2150000000         0.2500000000         4.6113857075
        2.2200000000         0.2500000000         4.5132679029
        2.2250000000         0.2500000000         4.4202471271
        2.2300000000         0.2500000000         4.3208550654
        2.2350000000         0.2500000000         4.2252857752
        2.2400000000         0.2500000000         4.1258937135
        2.2450000000         0.2500000000         4.0328729377
        2.2500000000         0.2500000000         3.9398521620
        2.2550000000         0.2500000000         3.8442828718
        2.2600000000         0.2500000000         3.7512620960
        2.2650000000         0.2500000000         3.6505957771
        2.2700000000         0.2500000000         3.5639462873
        2.2750000000         0.2500000000         3.4645542256
        2.2800000000         0.2500000000         3.3728077070
        2.2850000000         0.2500000000         3.2772384169
        2.2900000000         0.2500000000         3.1842176411
        2.2950000000         0.2500000000         3.0937453798
        2.3000000000         0.2500000000         3.0019988612
        2.3050000000         0.2500000000         2.9140751143
        2.3100000000         0.2500000000         2.8210543385
        2.3150000000         0.2500000000         2.7305820772
        2.3200000000         0.2500000000         2.6350127870
        2.3250000000         0.2500000000         2.5445405256
        2.3300000000         0.2500000000         2.4476969783
        2.3350000000         0.2500000000         2.3674187746
        2.3400000000         0.2500000000         2.2756722560
        2.3450000000         0.2500000000         2.1801029658
        2.3500000000         0.2500000000         2.1023732765
        2.3550000000         0.2500000000         2.0055297292
        2.3600000000         0.2500000000         1.9176059822
        2.3650000000         0.2500000000         1.8335050069
        2.3700000000         0.2500000000         1.7392099739
        2.3750000000         0.2500000000         1.6538347414
        2.3800000000         0.2500000000         1.5684595088
        2.3850000000         0.2500000000         1.4779872475
        2.3900000000         0.2500000000         1.3887892433
        2.3950000000         0.2500000000         1.2944942104
        2.4000000000         0.2500000000         1.2040219490
        2.4050000000         0.2500000000         1.1160982021
        2.4100000000         0.2500000000         1.0281744551
        2.4150000000         0.2500000000         0.9364279366
        2.4200000000         0.2500000000         0.8395843892
        2.4250000000         0.2500000000         0.7452893563
        2.4300000000         0.2500000000         0.6509943233
        2.4350000000         0.2500000000         0.5592478048
        2.4400000000         0.2500000000         0.4662270290
        2.4450000000         0.2500000000         0.3744805105
        2.4500000000         0.2500000000         0.2776369631
        2.4550000000         0.2500000000         0.1833419302
        2.4600000000         0.2500000000         0.0839498684
        2.4650000000         0.2500000000         0.0049459219
        2.4700000000         0.2500000000        -0.0039738786
        2.4750000000         0.2500000000         1.1415833461
        2.4800000000         0.2500000000         5.0637470142
        2.4850000000         0.2500000000         4.9885658393
        2.4900000000         0.2500000000         4.8866252631
        2.4950000000         0.2500000000         4.7834104297
        2.5000000000         0.2500000000         4.6903896540
        2.5050000000         0.2500000000         4.5897233350
        2.5100000000         0.2500000000         4.4941540449
        2.5150000000         0.2500000000         4.3947619831
        2.5200000000         0.2500000000         4.3004669501
        2.5250000000         0.2500000000         4.2023491456
        2.5300000000         0.2500000000         4.1118768842
        2.5350000000         0.2500000000         4.0150333369
        2.5400000000         0.2500000000         3.9169155323
        2.5450000000         0.2500000000         3.8251690138
        2.5500000000         0.2500000000         3.7295997236
        2.5550000000         0.2500000000         3.6353046906
        2.5600000000         0.2500000000         3.5397354005
        2.5650000000         0.2500000000         3.4454403675
        2.5700000000         0.2500000000         3.3524195918
        2.5750000000         0.2500000000         3.2593988160
        2.5800000000         0.2500000000         3.1714750691
        2.5850000000         0.2500000000         3.0746315217
        2.5900000000         0.2500000000         2.9854335176
        2.5950000000         0.2500000000         2.8873157130
        2.6000000000         0.2500000000         2.8057632521
        2.6050000000         0.2500000000         2.7050969331
        2.6100000000         0.2500000000         2.6184474434
        2.6150000000         0.2500000000         2.5407177540
        2.6200000000         0.2500000000         2.4375029207
        2.6250000000         0.2500000000         2.3419336305
        2.6300000000         0.2500000000         2.2514613692
        2.6350000000         0.2500000000         2.1660861366
        2.6400000000         0.2500000000         2.0768881325
        2.6450000000         0.2500000000         1.9825930995
        2.6500000000         0.2500000000         1.8959436098
        2.6550000000         0.2500000000         1.8156654060
        2.6600000000         0.2500000000         1.7251931447
        2.6650000000         0.2500000000         1.6359951406
        2.6700000000         0.2500000000         1.5429743648
        2.6750000000         0.2500000000         1.4563248751
        2.6800000000         0.2500000000         1.3709496425
        2.6850000000         0.2500000000         1.2792031240
        2.6900000000         0.2500000000         1.1925536342
        2.6950000000         0.2500000000         1.1020813729
        2.7000000000         0.2500000000         1.0077863399
        2.7050000000         0.2500000000         0.9122170498
        2.7100000000         0.2500000000         0.8230190456
        2.7150000000         0.2500000000         0.7325467843
        2.7200000000         0.2500000000         0.6357032369
        2.7250000000         0.2500000000         0.5401339467
        2.7300000000         0.2500000000         0.4445646566
        2.7350000000         0.2500000000         0.3489953664
        2.7400000000         0.2500000000         0.2559745907
        2.7450000000         0.2500000000         0.1616795577
        2.7500000000         0.2500000000         0.0686587820
        2.7550000000         0.2500000000        -0.0026996214
        2.7600000000         0.2500000000        -0.0014253642
        2.7650000000         0.2500000000         5.0650212714
        2.7700000000         0.2500000000         5.0637470142
        2.7750000000         0.2500000000         4.9720004957
        2.7800000000         0.2500000000         4.8700599195
        2.7850000000         0.2500000000         4.7719421149
        2.7900000000         0.2500000000         4.6700015388
        2.7950000000         0.2500000000         4.5655124482
        2.8000000000         0.2500000000         4.4699431580
        2.8050000000         0.2500000000         4.3730996107
        2.8100000000         0.2500000000         4.2775303205
        2.8150000000         0.2500000000         4.1819610303
        2.8200000000         0.2500000000         4.0876659974
        2.8250000000         0.2500000000         3.9933709644
        2.8300000000         0.2500000000         3.8952531599
        2.8350000000         0.2500000000         3.7996838697
        2.8400000000         0.2500000000         3.7079373512
        2.8450000000         0.2500000000         3.6174650898
        2.8500000000         0.2500000000         3.5142502564
        2.8550000000         0.2500000000         3.4263265095
        2.8600000000         0.2500000000         3.3358542482
        2.8650000000         0.2500000000         3.2326394148
        2.8700000000         0.2500000000         3.1510869538
        2.8750000000         0.2500000000         3.0593404353
        2.8800000000         0.2500000000         2.9637711451
        2.8850000000         0.2500000000         2.8745731410
        2.8900000000         0.2500000000         2.7777295936
        2.8950000000         0.2500000000         2.6898058467
        2.9000000000         0.2500000000         2.5980593281
        2.9050000000         0.2500000000         2.5114098384
        2.9100000000         0.2500000000         2.4132920338
        2.9150000000         0.2500000000         2.3279168013
        2.9200000000         0.2500000000         2.2361702827
        2.9250000000         0.2500000000         2.1482465358
        2.9300000000         0.2500000000         2.0577742744
        2.9350000000         0.2500000000         1.9711247847
        2.9400000000         0.2500000000         1.8819267806
        2.9450000000         0.2500000000         1.7940030336
        2.9500000000         0.2500000000         1.7060792867
        2.9550000000         0.2500000000         1.6194297969
        2.9600000000         0.2500000000         1.5302317928
        2.9650000000         0.2500000000         1.4410337886
        2.9700000000         0.2500000000         1.3505615273
        2.9750000000         0.2500000000         1.2626377803
        2.9800000000         0.2500000000         1.1721655190
        2.9850000000         0.2500000000         1.0791447432
        2.9900000000         0.2500000000         0.9835754531
        2.9950000000         0.2500000000         0.8956517061
        3.0000000000         0.2500000000         0.8051794448
        3.0050000000         0.2500000000         0.7032388686
        3.0100000000         0.2500000000         0.6127666073
        3.0150000000         0.2500000000         0.5222943459
        3.0200000000         0.2500000000         0.4279993130
        3.0250000000         0.2500000000         0.3298815084
        3.0300000000         0.2500000000         0.2368607326
        3.0350000000         0.2500000000         0.1412914425
        3.0400000000         0.2500000000         0.0444478951
        3.0450000000         0.2500000000        -0.0039738786
        3.0500000000         0.2500000000         1.1071784017
        3.0550000000         0.2500000000         5.0713925574
        3.0600000000         0.2500000000         5.0471816706
        3.0650000000         0.2500000000         4.9439668372
        3.0700000000         0.2500000000         4.8433005182
        3.0750000000         0.2500000000         4.7451827137
        3.0800000000         0.2500000000         4.6457906519
        3.0850000000         0.2500000000         4.5451243329
        3.0900000000         0.2500000000         4.4457322712
        3.0950000000         0.2500000000         4.3514372382
        3.1000000000         0.2500000000         4.2558679481
        3.1050000000         0.2500000000         4.1602986579
        3.1100000000         0.2500000000         4.0609065961
        3.1150000000         0.2500000000         3.9704343348
        3.1200000000         0.2500000000         3.8723165302
        3.1250000000         0.2500000000         3.7792957545
        3.1300000000         0.2500000000         3.6824522071
        3.1350000000         0.2500000000         3.5868829170
        3.1400000000         0.2500000000         3.4976849128
        3.1450000000         0.2500000000         3.4008413655
        3.1500000000         0.2500000000         3.3065463325
        3.1550000000         0.2500000000         3.2198968428
        3.1600000000         0.2500000000         3.1192305238
        3.1650000000         0.2500000000         3.0287582624
        3.1700000000         0.2500000000         2.9370117439
        3.1750000000         0.2500000000         2.8478137397
        3.1800000000         0.2500000000         2.7560672212
        3.1850000000         0.2500000000         2.6604979310
        3.1900000000         0.2500000000         2.5751226985
        3.1950000000         0.2500000000         2.4846504371
        3.2000000000         0.2500000000         2.3916296614
        3.2050000000         0.2500000000         2.3024316572
        3.2100000000         0.2500000000         2.2145079103
        3.2150000000         0.2500000000         2.1227613918
        3.2200000000         0.2500000000         2.0373861592
        3.2250000000         0.2500000000         1.9456396407
        3.2300000000         0.2500000000         1.8526188649
        3.2350000000         0.2500000000         1.7646951180
        3.2400000000         0.2500000000         1.6805941426
        3.2450000000         0.2500000000         1.5939446529
        3.2500000000         0.2500000000         1.5085694203
        3.2550000000         0.2500000000         1.4168229018
        3.2600000000         0.2500000000         1.3263506404
        3.2650000000         0.2500000000         1.2320556075
        3.2700000000         0.2500000000         1.1415833461
        3.2750000000         0.2500000000         1.0536595992
        3.2800000000         0.2500000000         0.9631873378
        3.2850000000         0.2500000000         0.8727150765
        3.2900000000         0.2500000000         0.7733230147
        3.2950000000         0.2500000000         0.6866735250
        3.3000000000         0.2500000000         0.5949270064
        3.3050000000         0.2500000000         0.4929864303
        3.3100000000         0.2500000000         0.4012399117
        3.3150000000         0.2500000000         0.3094933932
        3.3200000000         0.2500000000         0.2139241030
        3.3250000000         0.2500000000         0.1170805556
        3.3300000000         0.2500000000         0.0164142367
        3.3350000000         0.2500000000        -0.0014253642
        3.3400000000         0.2500000000         1.1110011733
        3.3450000000         0.2500000000         5.0701183002
        3.3500000000         0.2500000000         5.0191480121
        3.3550000000         0.2500000000         4.9184816932
        3.3600000000         0.2500000000         4.8165411170
        3.3650000000         0.2500000000         4.7171490552
        3.3700000000         0.2500000000         4.6190312507
        3.3750000000         0.2500000000         4.5196391889
        3.3800000000         0.2500000000         4.4227956415
        3.3850000000         0.2500000000         4.3272263514
        3.3900000000         0.2500000000         4.2316570612
        3.3950000000         0.2500000000         4.1335392567
        3.4000000000         0.2500000000         4.0430669953
        3.4050000000         0.2500000000         3.9424006764
        3.4100000000         0.2500000000         3.8468313862
        3.4150000000         0.2500000000         3.7576333820
        3.4200000000         0.2500000000         3.6620640919
        3.4250000000         0.2500000000         3.5677690589
        3.4300000000         0.2500000000         3.4747482832
        3.4350000000         0.2500000000         3.3804532502
        3.4400000000         0.2500000000         3.2848839601
        3.4450000000         0.2500000000         3.1982344703
        3.4500000000         0.2500000000         3.1039394374
        3.4550000000         0.2500000000         3.0045473756
        3.4600000000         0.2500000000         2.9153493715
        3.4650000000         0.2500000000         2.8261513673
        3.4700000000         0.2500000000         2.7344048488
        3.4750000000         0.2500000000         2.6426583302
        3.4800000000         0.2500000000         2.5509118117
        3.4850000000         0.2500000000         2.4617138075
        3.4900000000         0.2500000000         2.3674187746
        3.4950000000         0.2500000000         2.2807692848
        3.5000000000         0.2500000000         2.1915712807
        3.5050000000         0.2500000000         2.1036475337
        3.5100000000         0.2500000000         2.0144495296
        3.5150000000         0.2500000000         1.9227030110
        3.5200000000         0.2500000000         1.8322307497
        3.5250000000         0.2500000000         1.7455812599
        3.5300000000         0.2500000000         1.6691258278
        3.5350000000         0.2500000000         1.5735565376
        3.5400000000         0.2500000000         1.4779872475
        3.5450000000         0.2500000000         1.3913377577
        3.5500000000         0.2500000000         1.3046882680
        3.5550000000         0.2500000000         1.2116674923
        3.5600000000         0.2500000000         1.1173724593
        3.5650000000         0.2500000000         1.0332714840
        3.5700000000         0.2500000000         0.9415249654
        3.5750000000         0.2500000000         0.8485041897
        3.5800000000         0.2500000000         0.7516606423
        3.5850000000         0.2500000000         0.6573656093
        3.5900000000         0.2500000000         0.5643448336
        3.5950000000         0.2500000000         0.4751468294
        3.6000000000         0.2500000000         0.3783032821
        3.6050000000         0.2500000000         0.2827339919
        3.6100000000         0.2500000000         0.1871647018
        3.6150000000         0.2500000000         0.0890468972
        3.6200000000         0.2500000000        -0.0001511069
        3.6250000000         0.2500000000         0.0062201791
        3.6300000000         0.2500000000         1.1097269161
        3.6350000000         0.2500000000         5.0662955286
        3.6400000000         0.2500000000         4.9911143537
        3.6450000000         0.2500000000         4.8904480347
        3.6500000000         0.2500000000         4.7859589441
        3.6550000000         0.2500000000         4.6852926252
        3.6600000000         0.2500000000         4.5948203638
        3.6650000000         0.2500000000         4.4941540449
        3.6700000000         0.2500000000         4.3947619831
        3.6750000000         0.2500000000         4.3017412073
        3.6800000000         0.2500000000         4.2087204316
        3.6850000000         0.2500000000         4.1118768842
        3.6900000000         0.2500000000         4.0175818513
        3.6950000000         0.2500000000         3.9207383039
        3.7000000000         0.2500000000         3.8264432710
        3.7050000000         0.2500000000         3.7321482380
        3.7100000000         0.2500000000         3.6353046906
        3.7150000000         0.2500000000         3.5435581721
        3.7200000000         0.2500000000         3.4505373963
        3.7250000000         0.2500000000         3.3524195918
        3.7300000000         0.2500000000         3.2632215876
        3.7350000000         0.2500000000         3.1714750691
        3.7400000000         0.2500000000         3.0733572645
        3.7450000000         0.2500000000         2.9841592604
        3.7500000000         0.2500000000         2.8936869990
        3.7550000000         0.2500000000         2.8044889949
        3.7600000000         0.2500000000         2.7127424763
        3.7650000000         0.2500000000         2.6197217006
        3.7700000000         0.2500000000         2.5254266676
        3.7750000000         0.2500000000         2.4400514351
        3.7800000000         0.2500000000         2.3457564021
        3.7850000000         0.2500000000         2.2578326552
        3.7900000000         0.2500000000         2.1660861366
        3.7950000000         0.2500000000         2.0666940749
        3.8000000000         0.2500000000         1.9864158711
        3.8050000000         0.2500000000         1.9048634102
        3.8100000000         0.2500000000         1.8067456056
        3.8150000000         0.2500000000         1.7239188875
        3.8200000000         0.2500000000         1.6372693978
        3.8250000000         0.2500000000         1.5480713936
        3.8300000000         0.2500000000         1.4588733895
        3.8350000000         0.2500000000         1.3696753853
        3.8400000000         0.2500000000         1.2792031240
        3.8450000000         0.2500000000         1.1912793770
        3.8500000000         0.2500000000         1.0982586013
        3.8550000000         0.2500000000         1.0039635683
        3.8600000000         0.2500000000         0.9198625930
        3.8650000000         0.2500000000         0.8230190456
        3.8700000000         0.2500000000         0.7350952987
        3.8750000000         0.2500000000         0.6357032369
        3.8800000000         0.2500000000         0.5426824611
        3.8850000000         0.2500000000         0.4496616854
        3.8900000000         0.2500000000         0.3515438808
        3.8950000000         0.2500000000         0.2610716195
        3.9000000000         0.2500000000         0.1604053005
        3.9050000000         0.2500000000         0.0648360104
        3.9100000000         0.2500000000        -0.0001511069
        3.9150000000         0.2500000000         0.0062201791
        3.9200000000         0.2500000000         5.0637470142
        3.9250000000         0.2500000000         5.0624727570
        3.9300000000         0.2500000000         4.9656292096
        3.9350000000         0.2500000000         4.8687856623
        3.9400000000         0.2500000000         4.7693936005
        3.9450000000         0.2500000000         4.6687272816
        3.9500000000         0.2500000000         4.5693352198
        3.9550000000         0.2500000000         4.4788629584
        3.9600000000         0.2500000000         4.3756481251
        3.9650000000         0.2500000000         4.2839016065
        3.9700000000         0.2500000000         4.1870580592
        3.9750000000         0.2500000000         4.0927630262
        3.9800000000         0.2500000000         3.9997422504
        3.9850000000         0.2500000000         3.8965274171
        3.9900000000         0.2500000000         3.8060551557
        3.9950000000         0.2500000000         3.7130343800
        4.0000000000         0.2500000000         3.6123680610
        4.0050000000         0.2500000000         3.5244443141
        4.0100000000         0.2500000000         3.4276007667
        4.0150000000         0.2500000000         3.3396770198
        4.0200000000         0.2500000000         3.2377364436
        4.0250000000         0.2500000000         3.1447156678
        4.0300000000         0.2500000000         3.0618889497
        4.0350000000         0.2500000000         2.9599483735
        4.0400000000         0.2500000000         2.8707503694
        4.0450000000         0.2500000000         2.7802781080
        4.0500000000         0.2500000000         2.6834345607
        4.0550000000         0.2500000000         2.5980593281
        4.0600000000         0.2500000000         2.5101355812
        4.0650000000         0.2500000000         2.4120177766
        4.0700000000         0.2500000000         2.3266425441
        4.0750000000         0.2500000000         2.2361702827
        4.0800000000         0.2500000000         2.1482465358
        4.0850000000         0.2500000000         2.0552257600
        4.0900000000         0.2500000000         1.9685762703
        4.0950000000         0.2500000000         1.8832010378
        4.1000000000         0.2500000000         1.7952772908
        4.1050000000         0.2500000000         1.7060792867
        4.1100000000         0.2500000000         1.6156070253
        4.1150000000         0.2500000000         1.5276832784
        4.1200000000         0.2500000000         1.4410337886
        4.1250000000         0.2500000000         1.3543842989
        4.1300000000         0.2500000000         1.2575407515
        4.1350000000         0.2500000000         1.1683427474
        4.1400000000         0.2500000000         1.0816932576
        4.1450000000         0.2500000000         0.9873982247
        4.1500000000         0.2500000000         0.9007487349
        4.1550000000         0.2500000000         0.8090022164
        4.1600000000         0.2500000000         0.7121586690
        4.1650000000         0.2500000000         0.6191378933
        4.1700000000         0.2500000000         0.5197458315
        4.1750000000         0.2500000000         0.4279993130
        4.1800000000         0.2500000000         0.3400755660
        4.1850000000         0.2500000000         0.2381349898
        4.1900000000         0.2500000000         0.1451142141
        4.1950000000         0.2500000000         0.0469964095
        4.2000000000         0.2500000000         0.0011231503
        4.2050000000         0.2500000000         1.1046298873
        4.2100000000         0.2500000000         5.0662955286
        4.2150000000         0.2500000000         5.0497301850
        4.2200000000         0.2500000000         4.9516123804
        4.2250000000         0.2500000000         4.8483975470
        4.2300000000         0.2500000000         4.7502797425
        4.2350000000         0.2500000000         4.6457906519
        4.2400000000         0.2500000000         4.5514956190
        4.2450000000         0.2500000000         4.4533778144
        4.2500000000         0.2500000000         4.3590827814
        4.2550000000         0.2500000000         4.2660620057
        4.2600000000         0.2500000000         4.1692184583
        4.2650000000         0.2500000000         4.0698263966
        4.2700000000         0.2500000000         3.9780798780
        4.2750000000         0.2500000000         3.8774135590
        4.2800000000         0.2500000000         3.7882155549
        4.2850000000         0.2500000000         3.6926462647
        4.2900000000         0.2500000000         3.5958027174
        4.2950000000         0.2500000000         3.5078789704
        4.3000000000         0.2500000000         3.4097611659
        4.3050000000         0.2500000000         3.3141918757
        4.3100000000         0.2500000000         3.2262681288
        4.3150000000         0.2500000000         3.1345216102
        4.3200000000         0.2500000000         3.0402265773
        4.3250000000         0.2500000000         2.9484800587
        4.3300000000         0.2500000000         2.8465394825
        4.3350000000         0.2500000000         2.7624385072
        4.3400000000         0.2500000000         2.6745147603
        4.3450000000         0.2500000000         2.5802197273
        4.3500000000         0.2500000000         2.4935702376
        4.3550000000         0.2500000000         2.3992752046
        4.3600000000         0.2500000000         2.3088029433
        4.3650000000         0.2500000000         2.2259762251
        4.3700000000         0.2500000000         2.1355039638
        4.3750000000         0.2500000000         2.0424831880
        4.3800000000         0.2500000000         1.9558336983
        4.3850000000         0.2500000000         1.8640871797
        4.3900000000         0.2500000000         1.7748891756
        4.3950000000         0.2500000000         1.6856911714
        4.4000000000         0.2500000000         1.6015901961
        4.4050000000         0.2500000000         1.5162149636
        4.4100000000         0.2500000000         1.4244684450
        4.4150000000         0.2500000000         1.3390932125
        4.4200000000         0.2500000000         1.2486209511
        4.4250000000         0.2500000000         1.1543259182
        4.4300000000         0.2500000000         1.0625793996
        4.4350000000         0.2500000000         0.9759299099
        4.4400000000         0.2500000000         0.8803606197
        4.4450000000         0.2500000000         0.7860655867
        4.4500000000         0.2500000000         0.6994160970
        4.4550000000         0.2500000000         0.6025725496
        4.4600000000         0.2500000000         0.5082775167
        4.4650000000         0.2500000000         0.4127082265
        4.4700000000         0.2500000000         0.3247844796
        4.4750000000         0.2500000000         0.2253924178
        4.4800000000         0.2500000000         0.1298231277
        4.4850000000         0.2500000000         0.0317053231
        4.4900000000         0.2500000000        -0.0001511069
        4.4950000000         0.2500000000         1.1059041445
        4.5000000000         0.2500000000         5.0675697858
        4.5050000000         0.2500000000         5.0344390986
        4.5100000000         0.2500000000         4.9324985224
        4.5150000000         0.2500000000         4.8343807178
        4.5200000000         0.2500000000         4.7311658845
        4.5250000000         0.2500000000         4.6343223371
        4.5300000000         0.2500000000         4.5349302753
        4.5350000000         0.2500000000         4.4380867280
        4.5400000000         0.2500000000         4.3450659522
        4.5450000000         0.2500000000         4.2494966621
        4.5500000000         0.2500000000         4.1488303431
        4.5550000000         0.2500000000         4.0570838245
        4.5600000000         0.2500000000         3.9627887916
        4.5650000000         0.2500000000         3.8672195014
        4.5700000000         0.2500000000         3.7741987257
        4.5750000000         0.2500000000         3.6735324067
        4.5800000000         0.2500000000         3.5805116310
        4.5850000000         0.2500000000         3.4925878840
        4.5900000000         0.2500000000         3.4021156227
        4.5950000000         0.2500000000         3.3039978181
        4.6000000000         0.2500000000         3.2160740712
        4.6050000000         0.2500000000         3.1179562666
        4.6100000000         0.2500000000         3.0249354908
        4.6150000000         0.2500000000         2.9306404579
        4.6200000000         0.2500000000         2.8452652253
        4.6250000000         0.2500000000         2.7547929640
        4.6300000000         0.2500000000         2.6617721882
        4.6350000000         0.2500000000         2.5636543837
        4.6400000000         0.2500000000         2.4782791511
        4.6450000000         0.2500000000         2.3852583754
        4.6500000000         0.2500000000         2.3011574000
        4.6550000000         0.2500000000         2.2094108815
        4.6600000000         0.2500000000         2.1151158485
        4.6650000000         0.2500000000         2.0297406160
        4.6700000000         0.2500000000         1.9405426119
        4.6750000000         0.2500000000         1.8538931221
        4.6800000000         0.2500000000         1.7646951180
        4.6850000000         0.2500000000         1.6793198854
        4.6900000000         0.2500000000         1.5888476241
        4.6950000000         0.2500000000         1.4996496199
        4.7000000000         0.2500000000         1.4142743874
        4.7050000000         0.2500000000         1.3199793544
        4.7100000000         0.2500000000         1.2269585787
        4.7150000000         0.2500000000         1.1454061177
        4.7200000000         0.2500000000         1.0511110848
        4.7250000000         0.2500000000         0.9542675374
        4.7300000000         0.2500000000         0.8701665621
        4.7350000000         0.2500000000         0.7758715291
        4.7400000000         0.2500000000         0.6764794674
        4.7450000000         0.2500000000         0.5911042348
