        0.0000000000         0.3000000000         3.3434997914
        0.0050000000         0.3000000000         3.3384027626
        0.0100000000         0.3000000000         3.3384027626
        0.0150000000         0.3000000000         3.3307572193
        0.0200000000         0.3000000000         3.3052720753
        0.0250000000         0.3000000000         3.2759641597
        0.0300000000         0.3000000000         3.2339136720
        0.0350000000         0.3000000000         3.1893146699
        0.0400000000         0.3000000000         3.1383443818
        0.0450000000         0.3000000000         3.0822770649
        0.0500000000         0.3000000000         3.0223869764
        0.0550000000         0.3000000000         2.9535770875
        0.0600000000         0.3000000000         2.8898642274
        0.0650000000         0.3000000000         2.8210543385
        0.0700000000         0.3000000000         2.7433246492
        0.0750000000         0.3000000000         2.6732405031
        0.0800000000         0.3000000000         2.5904137849
        0.0850000000         0.3000000000         2.5114098384
        0.0900000000         0.3000000000         2.4400514351
        0.0950000000         0.3000000000         2.3610474885
        0.1000000000         0.3000000000         2.2782207704
        0.1050000000         0.3000000000         2.1992168239
        0.1100000000         0.3000000000         2.1138415913
        0.1150000000         0.3000000000         2.0322891304
        0.1200000000         0.3000000000         1.9532851839
        0.1250000000         0.3000000000         1.8704584657
        0.1300000000         0.3000000000         1.7889060048
        0.1350000000         0.3000000000         1.7086278011
        0.1400000000         0.3000000000         1.6308981117
        0.1450000000         0.3000000000         1.5455228792
        0.1500000000         0.3000000000         1.4639704183
        0.1550000000         0.3000000000         1.3747724141
        0.1600000000         0.3000000000         1.2881229244
        0.1650000000         0.3000000000         1.2052962062
        0.1700000000         0.3000000000         1.1199209737
        0.1750000000         0.3000000000         1.0332714840
        0.1800000000         0.3000000000         0.9478962514
        0.1850000000         0.3000000000         0.8574239901
        0.1900000000         0.3000000000         0.7733230147
        0.1950000000         0.3000000000         0.6828507534
        0.2000000000         0.3000000000         0.5962012636
        0.2050000000         0.3000000000         0.5019062307
        0.2100000000         0.3000000000         0.4139824837
        0.2150000000         0.3000000000         0.3247844796
        0.2200000000         0.3000000000         0.2292151894
        0.2250000000         0.3000000000         0.1323716421
        0.2300000000         0.3000000000         0.0406251235
        0.2350000000         0.3000000000        -0.0026996214
        0.2400000000         0.3000000000         1.1084526589
        0.2450000000         0.3000000000         5.0688440430
        0.2500000000         0.3000000000         5.0548272138
        0.2550000000         0.3000000000         4.9618064380
        0.2600000000         0.3000000000         4.8662371479
        0.2650000000         0.3000000000         4.7744906293
        0.2700000000         0.3000000000         4.6763728248
        0.2750000000         0.3000000000         4.5820777918
        0.2800000000         0.3000000000         4.4877827589
        0.2850000000         0.3000000000         4.3985847547
        0.2900000000         0.3000000000         4.3068382362
        0.2950000000         0.3000000000         4.2087204316
        0.3000000000         0.3000000000         4.1195224274
        0.3050000000         0.3000000000         4.0315986805
        0.3100000000         0.3000000000         3.9373036475
        0.3150000000         0.3000000000         3.8506541578
        0.3200000000         0.3000000000         3.7550848676
        0.3250000000         0.3000000000         3.6646126063
        0.3300000000         0.3000000000         3.5766888594
        0.3350000000         0.3000000000         3.4811195692
        0.3400000000         0.3000000000         3.3919215650
        0.3450000000         0.3000000000         3.3090948469
        0.3500000000         0.3000000000         3.2135255568
        0.3550000000         0.3000000000         3.1268760670
        0.3600000000         0.3000000000         3.0402265773
        0.3650000000         0.3000000000         2.9510285731
        0.3700000000         0.3000000000         2.8656533406
        0.3750000000         0.3000000000         2.7802781080
        0.3800000000         0.3000000000         2.6885315895
        0.3850000000         0.3000000000         2.6018820997
        0.3900000000         0.3000000000         2.5088613240
        0.3950000000         0.3000000000         2.4234860914
        0.4000000000         0.3000000000         2.3381108589
        0.4050000000         0.3000000000         2.2476385976
        0.4100000000         0.3000000000         2.1660861366
        0.4150000000         0.3000000000         2.0717911037
        0.4200000000         0.3000000000         1.9889643855
        0.4250000000         0.3000000000         1.9023148958
        0.4300000000         0.3000000000         1.8156654060
        0.4350000000         0.3000000000         1.7353872023
        0.4400000000         0.3000000000         1.6474634554
        0.4450000000         0.3000000000         1.5569911940
        0.4500000000         0.3000000000         1.4767129903
        0.4550000000         0.3000000000         1.3849664717
        0.4600000000         0.3000000000         1.3008654964
        0.4650000000         0.3000000000         1.2154902639
        0.4700000000         0.3000000000         1.1275665169
        0.4750000000         0.3000000000         1.0345457412
        0.4800000000         0.3000000000         0.9491705086
        0.4850000000         0.3000000000         0.8599725045
        0.4900000000         0.3000000000         0.7695002431
        0.4950000000         0.3000000000         0.6815764962
        0.5000000000         0.3000000000         0.5872814632
        0.5050000000         0.3000000000         0.4955349447
        0.5100000000         0.3000000000         0.4025141689
        0.5150000000         0.3000000000         0.3196874508
        0.5200000000         0.3000000000         0.2215696462
        0.5250000000         0.3000000000         0.1272746133
        0.5300000000         0.3000000000         0.0291568087
        0.5350000000         0.3000000000        -0.0026996214
        0.5400000000         0.3000000000         1.1364863173
        0.5450000000         0.3000000000         5.0701183002
        0.5500000000         0.3000000000         5.0433588990
        0.5550000000         0.3000000000         4.9490638660
        0.5600000000         0.3000000000         4.8534945759
        0.5650000000         0.3000000000         4.7579252857
        0.5700000000         0.3000000000         4.6674530244
        0.5750000000         0.3000000000         4.5693352198
        0.5800000000         0.3000000000         4.4724916724
        0.5850000000         0.3000000000         4.3769223823
        0.5900000000         0.3000000000         4.2864501209
        0.5950000000         0.3000000000         4.1985263740
        0.6000000000         0.3000000000         4.1067798554
        0.6050000000         0.3000000000         4.0150333369
        0.6100000000         0.3000000000         3.9207383039
        0.6150000000         0.3000000000         3.8340888142
        0.6200000000         0.3000000000         3.7423422956
        0.6250000000         0.3000000000         3.6544185487
        0.6300000000         0.3000000000         3.5690433161
        0.6350000000         0.3000000000         3.4709255116
        0.6400000000         0.3000000000         3.3791789930
        0.6450000000         0.3000000000         3.2912552461
        0.6500000000         0.3000000000         3.1982344703
        0.6550000000         0.3000000000         3.1077622090
        0.6600000000         0.3000000000         3.0236612336
        0.6650000000         0.3000000000         2.9382860011
        0.6700000000         0.3000000000         2.8516365114
        0.6750000000         0.3000000000         2.7598899928
        0.6800000000         0.3000000000         2.6668692171
        0.6850000000         0.3000000000         2.5763969557
        0.6900000000         0.3000000000         2.4922959804
        0.6950000000         0.3000000000         2.4030979762
        0.7000000000         0.3000000000         2.3202712581
        0.7050000000         0.3000000000         2.2310732539
        0.7100000000         0.3000000000         2.1418752498
        0.7150000000         0.3000000000         2.0539515028
        0.7200000000         0.3000000000         1.9634792415
        0.7250000000         0.3000000000         1.8793782662
        0.7300000000         0.3000000000         1.7965515480
        0.7350000000         0.3000000000         1.7060792867
        0.7400000000         0.3000000000         1.6245268257
        0.7450000000         0.3000000000         1.5378773360
        0.7500000000         0.3000000000         1.4537763606
        0.7550000000         0.3000000000         1.3658526137
        0.7600000000         0.3000000000         1.2792031240
        0.7650000000         0.3000000000         1.1887308626
        0.7700000000         0.3000000000         1.1020813729
        0.7750000000         0.3000000000         1.0128833687
        0.7800000000         0.3000000000         0.9236853646
        0.7850000000         0.3000000000         0.8306645888
        0.7900000000         0.3000000000         0.7427408419
        0.7950000000         0.3000000000         0.6548170949
        0.8000000000         0.3000000000         0.5630705764
        0.8050000000         0.3000000000         0.4675012862
        0.8100000000         0.3000000000         0.3744805105
        0.8150000000         0.3000000000         0.2789112203
        0.8200000000         0.3000000000         0.1858904446
        0.8250000000         0.3000000000         0.0954181832
        0.8300000000         0.3000000000         0.0036716647
        0.8350000000         0.3000000000         0.0049459219
        0.8400000000         0.3000000000         1.1046298873
        0.8450000000         0.3000000000         5.0701183002
        0.8500000000         0.3000000000         5.0127767261
        0.8550000000         0.3000000000         4.9159331788
        0.8600000000         0.3000000000         4.8190896314
        0.8650000000         0.3000000000         4.7222460840
        0.8700000000         0.3000000000         4.6317738227
        0.8750000000         0.3000000000         4.5349302753
        0.8800000000         0.3000000000         4.4380867280
        0.8850000000         0.3000000000         4.3527114954
        0.8900000000         0.3000000000         4.2584164625
        0.8950000000         0.3000000000         4.1653956867
        0.9000000000         0.3000000000         4.0838432258
        0.9050000000         0.3000000000         3.9819026496
        0.9100000000         0.3000000000         3.8876076167
        0.9150000000         0.3000000000         3.8060551557
        0.9200000000         0.3000000000         3.7079373512
        0.9250000000         0.3000000000         3.6123680610
        0.9300000000         0.3000000000         3.5218957997
        0.9350000000         0.3000000000         3.4352463099
        0.9400000000         0.3000000000         3.3473225630
        0.9450000000         0.3000000000         3.2619473304
        0.9500000000         0.3000000000         3.1714750691
        0.9550000000         0.3000000000         3.0797285505
        0.9600000000         0.3000000000         2.9918048036
        0.9650000000         0.3000000000         2.9026067994
        0.9700000000         0.3000000000         2.8159573097
        0.9750000000         0.3000000000         2.7229365339
        0.9800000000         0.3000000000         2.6337385298
        0.9850000000         0.3000000000         2.5470890401
        0.9900000000         0.3000000000         2.4591652931
        0.9950000000         0.3000000000         2.3737900606
        1.0000000000         0.3000000000         2.2858663136
        1.0050000000         0.3000000000         2.1953940523
        1.0100000000         0.3000000000         2.1061960481
        1.0150000000         0.3000000000         2.0195465584
        1.0200000000         0.3000000000         1.9379940974
        1.0250000000         0.3000000000         1.8564416365
        1.0300000000         0.3000000000         1.7608723464
        1.0350000000         0.3000000000         1.6716743422
        1.0400000000         0.3000000000         1.6003159389
        1.0450000000         0.3000000000         1.5060209059
        1.0500000000         0.3000000000         1.4206456734
        1.0550000000         0.3000000000         1.3314476692
        1.0600000000         0.3000000000         1.2473466939
        1.0650000000         0.3000000000         1.1581486898
        1.0700000000         0.3000000000         1.0651279140
        1.0750000000         0.3000000000         0.9772041671
        1.0800000000         0.3000000000         0.8918289345
        1.0850000000         0.3000000000         0.8000824160
        1.0900000000         0.3000000000         0.7096101546
        1.0950000000         0.3000000000         0.6204121505
        1.1000000000         0.3000000000         0.5261171175
        1.1050000000         0.3000000000         0.4292735702
        1.1100000000         0.3000000000         0.3375270516
        1.1150000000         0.3000000000         0.2470547903
        1.1200000000         0.3000000000         0.1565825289
        1.1250000000         0.3000000000         0.0559162099
        1.1300000000         0.3000000000        -0.0039738786
        1.1350000000         0.3000000000         0.0062201791
        1.1400000000         0.3000000000         5.0701183002
        1.1450000000         0.3000000000         5.0650212714
        1.1500000000         0.3000000000         4.9732747529
        1.1550000000         0.3000000000         4.8802539771
        1.1600000000         0.3000000000         4.7859589441
        1.1650000000         0.3000000000         4.6929381684
        1.1700000000         0.3000000000         4.5986431354
        1.1750000000         0.3000000000         4.5043481025
        1.1800000000         0.3000000000         4.4049560407
        1.1850000000         0.3000000000         4.3170322938
        1.1900000000         0.3000000000         4.2227372608
        1.1950000000         0.3000000000         4.1309907423
        1.2000000000         0.3000000000         4.0366957093
        1.2050000000         0.3000000000         3.9424006764
        1.2100000000         0.3000000000         3.8557511866
        1.2150000000         0.3000000000         3.7665531825
        1.2200000000         0.3000000000         3.6735324067
        1.2250000000         0.3000000000         3.5830601454
        1.2300000000         0.3000000000         3.4938621412
        1.2350000000         0.3000000000         3.4021156227
        1.2400000000         0.3000000000         3.3154661329
        1.2450000000         0.3000000000         3.2198968428
        1.2500000000         0.3000000000         3.1357958674
        1.2550000000         0.3000000000         3.0491463777
        1.2600000000         0.3000000000         2.9573998591
        1.2650000000         0.3000000000         2.8720246266
        1.2700000000         0.3000000000         2.7790038508
        1.2750000000         0.3000000000         2.6910801039
        1.2800000000         0.3000000000         2.6044306141
        1.2850000000         0.3000000000         2.5152326100
        1.2900000000         0.3000000000         2.4260346059
        1.2950000000         0.3000000000         2.3432078877
        1.3000000000         0.3000000000         2.2476385976
        1.3050000000         0.3000000000         2.1558920790
        1.3100000000         0.3000000000         2.0832594185
        1.3150000000         0.3000000000         1.9864158711
        1.3200000000         0.3000000000         1.8972178670
        1.3250000000         0.3000000000         1.8182139205
        1.3300000000         0.3000000000         1.7302901735
        1.3350000000         0.3000000000         1.6436406838
        1.3400000000         0.3000000000         1.5531684224
        1.3450000000         0.3000000000         1.4690674471
        1.3500000000         0.3000000000         1.3849664717
        1.3550000000         0.3000000000         1.2944942104
        1.3600000000         0.3000000000         1.2116674923
        1.3650000000         0.3000000000         1.1186467165
        1.3700000000         0.3000000000         1.0319972268
        1.3750000000         0.3000000000         0.9402507082
        1.3800000000         0.3000000000         0.8510527041
        1.3850000000         0.3000000000         0.7567576711
        1.3900000000         0.3000000000         0.6662854098
        1.3950000000         0.3000000000         0.5770874056
        1.4000000000         0.3000000000         0.4853408871
        1.4050000000         0.3000000000         0.3910458541
        1.4100000000         0.3000000000         0.3043963644
        1.4150000000         0.3000000000         0.2088270742
        1.4200000000         0.3000000000         0.1158062984
        1.4250000000         0.3000000000         0.0176884939
        1.4300000000         0.3000000000        -0.0026996214
        1.4350000000         0.3000000000         1.1033556301
        1.4400000000         0.3000000000         5.0675697858
        1.4450000000         0.3000000000         5.0331648414
        1.4500000000         0.3000000000         4.9375955512
        1.4550000000         0.3000000000         4.8382034894
        1.4600000000         0.3000000000         4.7388114277
        1.4650000000         0.3000000000         4.6470649091
        1.4700000000         0.3000000000         4.5502213618
        1.4750000000         0.3000000000         4.4597491004
        1.4800000000         0.3000000000         4.3590827814
        1.4850000000         0.3000000000         4.2698847773
        1.4900000000         0.3000000000         4.1832352876
        1.4950000000         0.3000000000         4.0914887690
        1.5000000000         0.3000000000         3.9971937360
        1.5050000000         0.3000000000         3.9092699891
        1.5100000000         0.3000000000         3.8111521845
        1.5150000000         0.3000000000         3.7257769520
        1.5200000000         0.3000000000         3.6365789479
        1.5250000000         0.3000000000         3.5473809437
        1.5300000000         0.3000000000         3.4569086824
        1.5350000000         0.3000000000         3.3613393922
        1.5400000000         0.3000000000         3.2746899025
        1.5450000000         0.3000000000         3.1842176411
        1.5500000000         0.3000000000         3.0988424086
        1.5550000000         0.3000000000         3.0070958900
        1.5600000000         0.3000000000         2.9140751143
        1.5650000000         0.3000000000         2.8261513673
        1.5700000000         0.3000000000         2.7395018776
        1.5750000000         0.3000000000         2.6515781306
        1.5800000000         0.3000000000         2.5649286409
        1.5850000000         0.3000000000         2.4693593507
        1.5900000000         0.3000000000         2.3839841182
        1.5950000000         0.3000000000         2.2960603712
        1.6000000000         0.3000000000         2.2043138527
        1.6050000000         0.3000000000         2.1240356490
        1.6100000000         0.3000000000         2.0348376448
        1.6150000000         0.3000000000         1.9481881551
        1.6200000000         0.3000000000         1.8628129225
        1.6250000000         0.3000000000         1.7787119472
        1.6300000000         0.3000000000         1.6895139430
        1.6350000000         0.3000000000         1.6041387105
        1.6400000000         0.3000000000         1.5213119924
        1.6450000000         0.3000000000         1.4295654738
        1.6500000000         0.3000000000         1.3480130129
        1.6550000000         0.3000000000         1.2575407515
        1.6600000000         0.3000000000         1.1683427474
        1.6650000000         0.3000000000         1.0829675148
        1.6700000000         0.3000000000         0.9873982247
        1.6750000000         0.3000000000         0.9045715065
        1.6800000000         0.3000000000         0.8115507308
        1.6850000000         0.3000000000         0.7236269838
        1.6900000000         0.3000000000         0.6331547225
        1.6950000000         0.3000000000         0.5414082039
        1.7000000000         0.3000000000         0.4483874282
        1.7050000000         0.3000000000         0.3553666524
        1.7100000000         0.3000000000         0.2623458767
        1.7150000000         0.3000000000         0.1693251009
        1.7200000000         0.3000000000         0.0763043252
        1.7250000000         0.3000000000        -0.0026996214
        1.7300000000         0.3000000000        -0.0014253642
        1.7350000000         0.3000000000         5.0408103846
        1.7400000000         0.3000000000         5.0701183002
        1.7450000000         0.3000000000         4.9885658393
        1.7500000000         0.3000000000         4.8955450635
        1.7550000000         0.3000000000         4.8025242878
        1.7600000000         0.3000000000         4.7044064832
        1.7650000000         0.3000000000         4.6075629359
        1.7700000000         0.3000000000         4.5132679029
        1.7750000000         0.3000000000         4.4227956415
        1.7800000000         0.3000000000         4.3272263514
        1.7850000000         0.3000000000         4.2393026044
        1.7900000000         0.3000000000         4.1462818287
        1.7950000000         0.3000000000         4.0519867957
        1.8000000000         0.3000000000         3.9640630488
        1.8050000000         0.3000000000         3.8672195014
        1.8100000000         0.3000000000         3.7767472401
        1.8150000000         0.3000000000         3.6888234931
        1.8200000000         0.3000000000         3.5919799458
        1.8250000000         0.3000000000         3.5104274848
        1.8300000000         0.3000000000         3.4161324519
        1.8350000000         0.3000000000         3.3282087049
        1.8400000000         0.3000000000         3.2364621864
        1.8450000000         0.3000000000         3.1510869538
        1.8500000000         0.3000000000         3.0555176637
        1.8550000000         0.3000000000         2.9701424312
        1.8600000000         0.3000000000         2.8771216554
        1.8650000000         0.3000000000         2.7930206801
        1.8700000000         0.3000000000         2.7038226759
        1.8750000000         0.3000000000         2.6197217006
        1.8800000000         0.3000000000         2.5241524104
        1.8850000000         0.3000000000         2.4349544063
        1.8900000000         0.3000000000         2.3534019453
        1.8950000000         0.3000000000         2.2629296840
        1.9000000000         0.3000000000         2.1762801942
        1.9050000000         0.3000000000         2.0934534761
        1.9100000000         0.3000000000         2.0004327004
        1.9150000000         0.3000000000         1.9176059822
        1.9200000000         0.3000000000         1.8360535213
        1.9250000000         0.3000000000         1.7443070027
        1.9300000000         0.3000000000         1.6602060274
        1.9350000000         0.3000000000         1.5748307948
        1.9400000000         0.3000000000         1.4894555623
        1.9450000000         0.3000000000         1.3989833010
        1.9500000000         0.3000000000         1.3123338112
        1.9550000000         0.3000000000         1.2205872927
        1.9600000000         0.3000000000         1.1352120601
        1.9650000000         0.3000000000         1.0485625704
        1.9700000000         0.3000000000         0.9593645662
        1.9750000000         0.3000000000         0.8727150765
        1.9800000000         0.3000000000         0.7796943007
        1.9850000000         0.3000000000         0.6841250106
        1.9900000000         0.3000000000         0.6000240352
        1.9950000000         0.3000000000         0.5019062307
        2.0000000000         0.3000000000         0.4139824837
        2.0050000000         0.3000000000         0.3222359652
        2.0100000000         0.3000000000         0.2266666750
        2.0150000000         0.3000000000         0.1361944137
        2.0200000000         0.3000000000         0.0406251235
        2.0250000000         0.3000000000         0.0011231503
        2.0300000000         0.3000000000         1.1110011733
        2.0350000000         0.3000000000         5.0611984998
        2.0400000000         0.3000000000         5.0497301850
        2.0450000000         0.3000000000         4.9541608948
        2.0500000000         0.3000000000         4.8598658619
        2.0550000000         0.3000000000         4.7617480573
        2.0600000000         0.3000000000         4.6623559955
        2.0650000000         0.3000000000         4.5706094770
        2.0700000000         0.3000000000         4.4712174152
        2.0750000000         0.3000000000         4.3832936683
        2.0800000000         0.3000000000         4.2928214069
        2.0850000000         0.3000000000         4.1972521168
        2.0900000000         0.3000000000         4.1029570838
        2.0950000000         0.3000000000         4.0150333369
        2.1000000000         0.3000000000         3.9207383039
        2.1050000000         0.3000000000         3.8302660426
        2.1100000000         0.3000000000         3.7410680384
        2.1150000000         0.3000000000         3.6505957771
        2.1200000000         0.3000000000         3.5601235157
        2.1250000000         0.3000000000         3.4671027400
        2.1300000000         0.3000000000         3.3753562214
        2.1350000000         0.3000000000         3.2861582173
        2.1400000000         0.3000000000         3.1956859559
        2.1450000000         0.3000000000         3.1090364662
        2.1500000000         0.3000000000         3.0198384620
        2.1550000000         0.3000000000         2.9293662007
        2.1600000000         0.3000000000         2.8388939393
        2.1650000000         0.3000000000         2.7535187068
        2.1700000000         0.3000000000         2.6668692171
        2.1750000000         0.3000000000         2.5700256697
        2.1800000000         0.3000000000         2.4859246944
        2.1850000000         0.3000000000         2.3967266902
        2.1900000000         0.3000000000         2.3113514577
        2.1950000000         0.3000000000         2.2221534535
        2.2000000000         0.3000000000         2.1329554494
        2.2050000000         0.3000000000         2.0437574452
        2.2100000000         0.3000000000         1.9571079555
        2.2150000000         0.3000000000         1.8742812373
        2.2200000000         0.3000000000         1.7863574904
        2.2250000000         0.3000000000         1.6984337435
        2.2300000000         0.3000000000         1.6194297969
        2.2350000000         0.3000000000         1.5302317928
        2.2400000000         0.3000000000         1.4384852742
        2.2450000000         0.3000000000         1.3569328133
        2.2500000000         0.3000000000         1.2651862947
        2.2550000000         0.3000000000         1.1772625478
        2.2600000000         0.3000000000         1.0918873153
        2.2650000000         0.3000000000         0.9963180251
        2.2700000000         0.3000000000         0.9147655642
        2.2750000000         0.3000000000         0.8179220168
        2.2800000000         0.3000000000         0.7312725271
        2.2850000000         0.3000000000         0.6357032369
        2.2900000000         0.3000000000         0.5452309756
        2.2950000000         0.3000000000         0.4573072286
        2.3000000000         0.3000000000         0.3591894240
        2.3050000000         0.3000000000         0.2687171627
        2.3100000000         0.3000000000         0.1756963869
        2.3150000000         0.3000000000         0.0775785824
        2.3200000000         0.3000000000         0.0011231503
        2.3250000000         0.3000000000         0.0011231503
        2.3300000000         0.3000000000         1.1033556301
        2.3350000000         0.3000000000         5.0662955286
        2.3400000000         0.3000000000         4.9987598969
        2.3450000000         0.3000000000         4.8993678351
        2.3500000000         0.3000000000         4.8088955738
        2.3550000000         0.3000000000         4.7107777692
        2.3600000000         0.3000000000         4.6152084791
        2.3650000000         0.3000000000         4.5196391889
        2.3700000000         0.3000000000         4.4253441560
        2.3750000000         0.3000000000         4.3310491230
        2.3800000000         0.3000000000         4.2405768616
        2.3850000000         0.3000000000         4.1501046003
        2.3900000000         0.3000000000         4.0545353101
        2.3950000000         0.3000000000         3.9678858204
        2.4000000000         0.3000000000         3.8761393018
        2.4050000000         0.3000000000         3.7818442689
        2.4100000000         0.3000000000         3.6913720075
        2.4150000000         0.3000000000         3.6008997462
        2.4200000000         0.3000000000         3.5104274848
        2.4250000000         0.3000000000         3.4237779951
        2.4300000000         0.3000000000         3.3307572193
        2.4350000000         0.3000000000         3.2402849580
        2.4400000000         0.3000000000         3.1498126966
        2.4450000000         0.3000000000         3.0593404353
        2.4500000000         0.3000000000         2.9675939167
        2.4550000000         0.3000000000         2.8847671986
        2.4600000000         0.3000000000         2.7955691945
        2.4650000000         0.3000000000         2.7152909907
        2.4700000000         0.3000000000         2.6235444722
        2.4750000000         0.3000000000         2.5292494392
        2.4800000000         0.3000000000         2.4413256923
        2.4850000000         0.3000000000         2.3508534309
        2.4900000000         0.3000000000         2.2616554268
        2.4950000000         0.3000000000         2.1775544514
        2.5000000000         0.3000000000         2.0896307045
        2.5050000000         0.3000000000         2.0055297292
        2.5100000000         0.3000000000         1.9188802394
        2.5150000000         0.3000000000         1.8335050069
        2.5200000000         0.3000000000         1.7468555171
        2.5250000000         0.3000000000         1.6602060274
        2.5300000000         0.3000000000         1.5722822804
        2.5350000000         0.3000000000         1.4881813051
        2.5400000000         0.3000000000         1.3989833010
        2.5450000000         0.3000000000         1.3136080684
        2.5500000000         0.3000000000         1.2205872927
        2.5550000000         0.3000000000         1.1301150313
        2.5600000000         0.3000000000         1.0485625704
        2.5650000000         0.3000000000         0.9606388234
        2.5700000000         0.3000000000         0.8688923049
        2.5750000000         0.3000000000         0.7809685579
        2.5800000000         0.3000000000         0.6841250106
        2.5850000000         0.3000000000         0.5936527492
        2.5900000000         0.3000000000         0.5031804879
        2.5950000000         0.3000000000         0.4063369405
        2.6000000000         0.3000000000         0.3184131936
        2.6050000000         0.3000000000         0.2266666750
        2.6100000000         0.3000000000         0.1310973849
        2.6150000000         0.3000000000         0.0368023519
        2.6200000000         0.3000000000        -0.0001511069
        2.6250000000         0.3000000000         1.1020813729
        2.6300000000         0.3000000000         5.0637470142
        2.6350000000         0.3000000000         5.0446331562
        2.6400000000         0.3000000000         4.9477896088
        2.6450000000         0.3000000000         4.8560430903
        2.6500000000         0.3000000000         4.7591995429
        2.6550000000         0.3000000000         4.6610817383
        2.6600000000         0.3000000000         4.5655124482
        2.6650000000         0.3000000000         4.4699431580
        2.6700000000         0.3000000000         4.3769223823
        2.6750000000         0.3000000000         4.2851758637
        2.6800000000         0.3000000000         4.1896065736
        2.6850000000         0.3000000000         4.1004085694
        2.6900000000         0.3000000000         4.0086620509
        2.6950000000         0.3000000000         3.9194640467
        2.7000000000         0.3000000000         3.8213462422
        2.7050000000         0.3000000000         3.7334224952
        2.7100000000         0.3000000000         3.6391274623
        2.7150000000         0.3000000000         3.5410096577
        2.7200000000         0.3000000000         3.4569086824
        2.7250000000         0.3000000000         3.3689849354
        2.7300000000         0.3000000000         3.2836097029
        2.7350000000         0.3000000000         3.1944116987
        2.7400000000         0.3000000000         3.1013909230
        2.7450000000         0.3000000000         3.0096444044
        2.7500000000         0.3000000000         2.9280919435
        2.7550000000         0.3000000000         2.8388939393
        2.7600000000         0.3000000000         2.7458731636
        2.7650000000         0.3000000000         2.6592236738
        2.7700000000         0.3000000000         2.5700256697
        2.7750000000         0.3000000000         2.4833761799
        2.7800000000         0.3000000000         2.3954524330
        2.7850000000         0.3000000000         2.3024316572
        2.7900000000         0.3000000000         2.2119593959
        2.7950000000         0.3000000000         2.1291326778
        2.8000000000         0.3000000000         2.0424831880
        2.8050000000         0.3000000000         1.9532851839
        2.8100000000         0.3000000000         1.8679099513
        2.8150000000         0.3000000000         1.7825347188
        2.8200000000         0.3000000000         1.6958852290
        2.8250000000         0.3000000000         1.6130585109
        2.8300000000         0.3000000000         1.5289575356
        2.8350000000         0.3000000000         1.4372110170
        2.8400000000         0.3000000000         1.3492872701
        2.8450000000         0.3000000000         1.2715575807
        2.8500000000         0.3000000000         1.1747140334
        2.8550000000         0.3000000000         1.0842417720
        2.8600000000         0.3000000000         0.9950437679
        2.8650000000         0.3000000000         0.9096685354
        2.8700000000         0.3000000000         0.8191962740
        2.8750000000         0.3000000000         0.7274497555
        2.8800000000         0.3000000000         0.6357032369
        2.8850000000         0.3000000000         0.5439567183
        2.8900000000         0.3000000000         0.4547587142
        2.8950000000         0.3000000000         0.3642864529
        2.9000000000         0.3000000000         0.2674429055
        2.9050000000         0.3000000000         0.1731478725
        2.9100000000         0.3000000000         0.0763043252
        2.9150000000         0.3000000000         0.0011231503
        2.9200000000         0.3000000000         0.0011231503
        2.9250000000         0.3000000000         1.1046298873
        2.9300000000         0.3000000000         5.0675697858
        2.9350000000         0.3000000000         4.9974856397
        2.9400000000         0.3000000000         4.9006420923
        2.9450000000         0.3000000000         4.8050728022
        2.9500000000         0.3000000000         4.7056807404
        2.9550000000         0.3000000000         4.6139342219
        2.9600000000         0.3000000000         4.5183649317
        2.9650000000         0.3000000000         4.4253441560
        2.9700000000         0.3000000000         4.3323233802
        2.9750000000         0.3000000000         4.2380283472
        2.9800000000         0.3000000000         4.1526531147
        2.9850000000         0.3000000000         4.0558095673
        2.9900000000         0.3000000000         3.9666115632
        2.9950000000         0.3000000000         3.8761393018
        3.0000000000         0.3000000000         3.7818442689
        3.0050000000         0.3000000000         3.6939205219
        3.0100000000         0.3000000000         3.6021740034
        3.0150000000         0.3000000000         3.5129759992
        3.0200000000         0.3000000000         3.4212294807
        3.0250000000         0.3000000000         3.3320314765
        3.0300000000         0.3000000000         3.2402849580
        3.0350000000         0.3000000000         3.1561839827
        3.0400000000         0.3000000000         3.0631632069
        3.0450000000         0.3000000000         2.9765137172
        3.0500000000         0.3000000000         2.8847671986
        3.0550000000         0.3000000000         2.7981177089
        3.0600000000         0.3000000000         2.7114682191
        3.0650000000         0.3000000000         2.6222702150
        3.0700000000         0.3000000000         2.5343464680
        3.0750000000         0.3000000000         2.4464227211
        3.0800000000         0.3000000000         2.3534019453
        3.0850000000         0.3000000000         2.2667524556
        3.0900000000         0.3000000000         2.1788287086
        3.0950000000         0.3000000000         2.0896307045
        3.1000000000         0.3000000000         2.0042554720
        3.1050000000         0.3000000000         1.9214287538
        3.1100000000         0.3000000000         1.8322307497
        3.1150000000         0.3000000000         1.7532268031
        3.1200000000         0.3000000000         1.6653030562
        3.1250000000         0.3000000000         1.5812020809
        3.1300000000         0.3000000000         1.4932783339
        3.1350000000         0.3000000000         1.4053545870
        3.1400000000         0.3000000000         1.3161565828
        3.1450000000         0.3000000000         1.2333298647
        3.1500000000         0.3000000000         1.1441318605
        3.1550000000         0.3000000000         1.0574823708
        3.1600000000         0.3000000000         0.9657358522
        3.1650000000         0.3000000000         0.8752635909
        3.1700000000         0.3000000000         0.7822428151
        3.1750000000         0.3000000000         0.6968675826
        3.1800000000         0.3000000000         0.6051210640
        3.1850000000         0.3000000000         0.5070032595
        3.1900000000         0.3000000000         0.4152567409
        3.1950000000         0.3000000000         0.3247844796
        3.2000000000         0.3000000000         0.2317637038
        3.2050000000         0.3000000000         0.1374686709
        3.2100000000         0.3000000000         0.0495449239
        3.2150000000         0.3000000000        -0.0001511069
        3.2200000000         0.3000000000         1.1059041445
        3.2250000000         0.3000000000         5.0650212714
        3.2300000000         0.3000000000         5.0586499854
        3.2350000000         0.3000000000         4.9605321808
        3.2400000000         0.3000000000         4.8624143763
        3.2450000000         0.3000000000         4.7681193433
        3.2500000000         0.3000000000         4.6712757960
        3.2550000000         0.3000000000         4.5769807630
        3.2600000000         0.3000000000         4.4814114728
        3.2650000000         0.3000000000         4.3896649543
        3.2700000000         0.3000000000         4.2928214069
        3.2750000000         0.3000000000         4.2036234028
        3.2800000000         0.3000000000         4.1118768842
        3.2850000000         0.3000000000         4.0201303657
        3.2900000000         0.3000000000         3.9283838471
        3.2950000000         0.3000000000         3.8366373286
        3.3000000000         0.3000000000         3.7436165528
        3.3050000000         0.3000000000         3.6531442915
        3.3100000000         0.3000000000         3.5664948017
        3.3150000000         0.3000000000         3.4760225404
        3.3200000000         0.3000000000         3.3868245362
        3.3250000000         0.3000000000         3.2912552461
        3.3300000000         0.3000000000         3.2020572419
        3.3350000000         0.3000000000         3.1077622090
        3.3400000000         0.3000000000         3.0198384620
        3.3450000000         0.3000000000         2.9395602583
        3.3500000000         0.3000000000         2.8516365114
        3.3550000000         0.3000000000         2.7560672212
        3.3600000000         0.3000000000         2.6668692171
        3.3650000000         0.3000000000         2.5827682417
        3.3700000000         0.3000000000         2.4897474660
        3.3750000000         0.3000000000         2.3992752046
        3.3800000000         0.3000000000         2.3304653157
        3.3850000000         0.3000000000         2.2247019679
        3.3900000000         0.3000000000         2.1278584206
        3.3950000000         0.3000000000         2.0488544740
        3.4000000000         0.3000000000         1.9660277559
        3.4050000000         0.3000000000         1.8793782662
        3.4100000000         0.3000000000         1.7927287764
        3.4150000000         0.3000000000         1.7086278011
        3.4200000000         0.3000000000         1.6207040541
        3.4250000000         0.3000000000         1.5404258504
        3.4300000000         0.3000000000         1.4512278462
        3.4350000000         0.3000000000         1.3620298421
        3.4400000000         0.3000000000         1.2715575807
        3.4450000000         0.3000000000         1.1849080910
        3.4500000000         0.3000000000         1.0944358297
        3.4550000000         0.3000000000         1.0128833687
        3.4600000000         0.3000000000         0.9198625930
        3.4650000000         0.3000000000         0.8281160744
        3.4700000000         0.3000000000         0.7414665847
        3.4750000000         0.3000000000         0.6446230373
        3.4800000000         0.3000000000         0.5541507760
        3.4850000000         0.3000000000         0.4624042574
        3.4900000000         0.3000000000         0.3668349673
        3.4950000000         0.3000000000         0.2801854775
        3.5000000000         0.3000000000         0.1846161874
        3.5050000000         0.3000000000         0.0903211544
        3.5100000000         0.3000000000         0.0023974075
        3.5150000000         0.3000000000        -0.0026996214
        3.5200000000         0.3000000000         1.1020813729
        3.5250000000         0.3000000000         5.0701183002
        3.5300000000         0.3000000000         5.0025826685
        3.5350000000         0.3000000000         4.9095618927
        3.5400000000         0.3000000000         4.8152668598
        3.5450000000         0.3000000000         4.7133262836
        3.5500000000         0.3000000000         4.6177569935
        3.5550000000         0.3000000000         4.5234619605
        3.5600000000         0.3000000000         4.4317154420
        3.5650000000         0.3000000000         4.3361461518
        3.5700000000         0.3000000000         4.2418511188
        3.5750000000         0.3000000000         4.1501046003
        3.5800000000         0.3000000000         4.0621808534
        3.5850000000         0.3000000000         3.9691600776
        3.5900000000         0.3000000000         3.8774135590
        3.5950000000         0.3000000000         3.7818442689
        3.6000000000         0.3000000000         3.6977432936
        3.6050000000         0.3000000000         3.5996254890
        3.6100000000         0.3000000000         3.5155245137
        3.6150000000         0.3000000000         3.4237779951
        3.6200000000         0.3000000000         3.3345799910
        3.6250000000         0.3000000000         3.2415592152
        3.6300000000         0.3000000000         3.1485384394
        3.6350000000         0.3000000000         3.0618889497
        3.6400000000         0.3000000000         2.9726909456
        3.6450000000         0.3000000000         2.8834929414
        3.6500000000         0.3000000000         2.7993919661
        3.6550000000         0.3000000000         2.7114682191
        3.6600000000         0.3000000000         2.6248187294
        3.6650000000         0.3000000000         2.5292494392
        3.6700000000         0.3000000000         2.4425999495
        3.6750000000         0.3000000000         2.3521276881
        3.6800000000         0.3000000000         2.2616554268
        3.6850000000         0.3000000000         2.1813772230
        3.6900000000         0.3000000000         2.0934534761
        3.6950000000         0.3000000000         2.0029812148
        3.7000000000         0.3000000000         1.9201544966
        3.7050000000         0.3000000000         1.8335050069
        3.7100000000         0.3000000000         1.7468555171
        3.7150000000         0.3000000000         1.6640287990
        3.7200000000         0.3000000000         1.5735565376
        3.7250000000         0.3000000000         1.4869070479
        3.7300000000         0.3000000000         1.4002575582
        3.7350000000         0.3000000000         1.3161565828
        3.7400000000         0.3000000000         1.2218615499
        3.7450000000         0.3000000000         1.1415833461
        3.7500000000         0.3000000000         1.0485625704
        3.7550000000         0.3000000000         0.9580903090
        3.7600000000         0.3000000000         0.8739893337
        3.7650000000         0.3000000000         0.7784200435
        3.7700000000         0.3000000000         0.6866735250
        3.7750000000         0.3000000000         0.6000240352
        3.7800000000         0.3000000000         0.5019062307
        3.7850000000         0.3000000000         0.4063369405
        3.7900000000         0.3000000000         0.3158646792
        3.7950000000         0.3000000000         0.2266666750
        3.8000000000         0.3000000000         0.1298231277
        3.8050000000         0.3000000000         0.0329795803
        3.8100000000         0.3000000000         0.0049459219
        3.8150000000         0.3000000000         1.1033556301
        3.8200000000         0.3000000000         5.0662955286
        3.8250000000         0.3000000000         5.0433588990
        3.8300000000         0.3000000000         4.9465153516
        3.8350000000         0.3000000000         4.8509460615
        3.8400000000         0.3000000000         4.7528282569
        3.8450000000         0.3000000000         4.6572589667
        3.8500000000         0.3000000000         4.5655124482
        3.8550000000         0.3000000000         4.4724916724
        3.8600000000         0.3000000000         4.3705510963
        3.8650000000         0.3000000000         4.2788045777
        3.8700000000         0.3000000000         4.1845095448
        3.8750000000         0.3000000000         4.0965857978
        3.8800000000         0.3000000000         4.0124848225
        3.8850000000         0.3000000000         3.9181897895
        3.8900000000         0.3000000000         3.8238947566
        3.8950000000         0.3000000000         3.7359710096
        3.9000000000         0.3000000000         3.6454987483
        3.9050000000         0.3000000000         3.5524779725
        3.9100000000         0.3000000000         3.4620057112
        3.9150000000         0.3000000000         3.3689849354
        3.9200000000         0.3000000000         3.2836097029
        3.9250000000         0.3000000000         3.1931374415
        3.9300000000         0.3000000000         3.1039394374
        3.9350000000         0.3000000000         3.0096444044
        3.9400000000         0.3000000000         2.9191721431
        3.9450000000         0.3000000000         2.8388939393
        3.9500000000         0.3000000000         2.7471474208
        3.9550000000         0.3000000000         2.6541266450
        3.9600000000         0.3000000000         2.5687514125
        3.9650000000         0.3000000000         2.4744563795
        3.9700000000         0.3000000000         2.3890811470
        3.9750000000         0.3000000000         2.3011574000
        3.9800000000         0.3000000000         2.2132336531
        3.9850000000         0.3000000000         2.1214871346
        3.9900000000         0.3000000000         2.0335633876
        3.9950000000         0.3000000000         1.9545594411
        4.0000000000         0.3000000000         1.8653614369
        4.0050000000         0.3000000000         1.7787119472
        4.0100000000         0.3000000000         1.6907882002
        4.0150000000         0.3000000000         1.6130585109
        4.0200000000         0.3000000000         1.5174892208
        4.0250000000         0.3000000000         1.4308397310
        4.0300000000         0.3000000000         1.3390932125
        4.0350000000         0.3000000000         1.2537179799
        4.0400000000         0.3000000000         1.1657942330
        4.0450000000         0.3000000000         1.0753219716
        4.0500000000         0.3000000000         0.9886724819
        4.0550000000         0.3000000000         0.9007487349
        4.0600000000         0.3000000000         0.8039051876
        4.0650000000         0.3000000000         0.7134329262
        4.0700000000         0.3000000000         0.6280576937
        4.0750000000         0.3000000000         0.5324884035
        4.0800000000         0.3000000000         0.4381933706
        4.0850000000         0.3000000000         0.3464468520
        4.0900000000         0.3000000000         0.2534260763
        4.0950000000         0.3000000000         0.1604053005
        4.1000000000         0.3000000000         0.0661102676
        4.1050000000         0.3000000000        -0.0026996214
        4.1100000000         0.3000000000         0.0011231503
        4.1150000000         0.3000000000         5.0688440430
        4.1200000000         0.3000000000         5.0637470142
        4.1250000000         0.3000000000         4.9783717817
        4.1300000000         0.3000000000         4.8815282343
        4.1350000000         0.3000000000         4.7821361725
        4.1400000000         0.3000000000         4.6852926252
        4.1450000000         0.3000000000         4.5909975922
        4.1500000000         0.3000000000         4.4979768165
        4.1550000000         0.3000000000         4.4075045551
        4.1600000000         0.3000000000         4.3170322938
        4.1650000000         0.3000000000         4.2189144892
        4.1700000000         0.3000000000         4.1271679707
        4.1750000000         0.3000000000         4.0328729377
        4.1800000000         0.3000000000         3.9411264192
        4.1850000000         0.3000000000         3.8519284150
        4.1900000000         0.3000000000         3.7601818965
        4.1950000000         0.3000000000         3.6671611207
        4.2000000000         0.3000000000         3.5754146021
        4.2050000000         0.3000000000         3.4849423408
        4.2100000000         0.3000000000         3.3931958222
        4.2150000000         0.3000000000         3.3039978181
        4.2200000000         0.3000000000         3.2147998140
        4.2250000000         0.3000000000         3.1217790382
        4.2300000000         0.3000000000         3.0351295485
        4.2350000000         0.3000000000         2.9472058015
        4.2400000000         0.3000000000         2.8567335402
        4.2450000000         0.3000000000         2.7700840504
        4.2500000000         0.3000000000         2.6796117891
        4.2550000000         0.3000000000         2.5904137849
        4.2600000000         0.3000000000         2.4986672664
        4.2650000000         0.3000000000         2.4120177766
        4.2700000000         0.3000000000         2.3189970009
        4.2750000000         0.3000000000         2.2336217683
        4.2800000000         0.3000000000         2.1482465358
        4.2850000000         0.3000000000         2.0603227889
        4.2900000000         0.3000000000         1.9749475563
        4.2950000000         0.3000000000         1.8870238094
        4.3000000000         0.3000000000         1.8003743196
        4.3050000000         0.3000000000         1.7137248299
        4.3100000000         0.3000000000         1.6270753401
        4.3150000000         0.3000000000         1.5442486220
        4.3200000000         0.3000000000         1.4537763606
        4.3250000000         0.3000000000         1.3671268709
        4.3300000000         0.3000000000         1.2741060952
        4.3350000000         0.3000000000         1.1861823482
        4.3400000000         0.3000000000         1.0995328585
        4.3450000000         0.3000000000         1.0128833687
        4.3500000000         0.3000000000         0.9262338790
        4.3550000000         0.3000000000         0.8332131032
        4.3600000000         0.3000000000         0.7376438131
        4.3650000000         0.3000000000         0.6458972945
        4.3700000000         0.3000000000         0.5554250332
        4.3750000000         0.3000000000         0.4636785146
        4.3800000000         0.3000000000         0.3681092245
        4.3850000000         0.3000000000         0.2763627059
        4.3900000000         0.3000000000         0.1833419302
        4.3950000000         0.3000000000         0.0903211544
        4.4000000000         0.3000000000        -0.0001511069
        4.4050000000         0.3000000000        -0.0014253642
        4.4100000000         0.3000000000         1.1352120601
        4.4150000000         0.3000000000         5.0662955286
        4.4200000000         0.3000000000         4.9987598969
        4.4250000000         0.3000000000         4.9070133783
        4.4300000000         0.3000000000         4.8101698310
        4.4350000000         0.3000000000         4.7120520264
        4.4400000000         0.3000000000         4.6152084791
        4.4450000000         0.3000000000         4.5170906745
        4.4500000000         0.3000000000         4.4227956415
        4.4550000000         0.3000000000         4.3335976374
        4.4600000000         0.3000000000         4.2405768616
        4.4650000000         0.3000000000         4.1501046003
        4.4700000000         0.3000000000         4.0558095673
        4.4750000000         0.3000000000         3.9653373060
        4.4800000000         0.3000000000         3.8748650446
        4.4850000000         0.3000000000         3.7843927833
        4.4900000000         0.3000000000         3.6926462647
        4.4950000000         0.3000000000         3.6008997462
        4.5000000000         0.3000000000         3.5066047132
        4.5050000000         0.3000000000         3.4148581947
        4.5100000000         0.3000000000         3.3282087049
        4.5150000000         0.3000000000         3.2351879292
        4.5200000000         0.3000000000         3.1498126966
        4.5250000000         0.3000000000         3.0618889497
        4.5300000000         0.3000000000         2.9675939167
        4.5350000000         0.3000000000         2.8796701698
        4.5400000000         0.3000000000         2.7891979085
        4.5450000000         0.3000000000         2.6974513899
        4.5500000000         0.3000000000         2.6260929866
        4.5550000000         0.3000000000         2.5267009248
        4.5600000000         0.3000000000         2.4349544063
        4.5650000000         0.3000000000         2.3521276881
        4.5700000000         0.3000000000         2.2591069124
        4.5750000000         0.3000000000         2.1750059370
        4.5800000000         0.3000000000         2.0858079329
        4.5850000000         0.3000000000         1.9978841859
        4.5900000000         0.3000000000         1.9112346962
        4.5950000000         0.3000000000         1.8233109493
        4.6000000000         0.3000000000         1.7366614595
        4.6050000000         0.3000000000         1.6538347414
        4.6100000000         0.3000000000         1.5684595088
        4.6150000000         0.3000000000         1.4767129903
        4.6200000000         0.3000000000         1.3900635005
        4.6250000000         0.3000000000         1.3059625252
        4.6300000000         0.3000000000         1.2091189778
        4.6350000000         0.3000000000         1.1275665169
        4.6400000000         0.3000000000         1.0358199984
        4.6450000000         0.3000000000         0.9491705086
        4.6500000000         0.3000000000         0.8548754757
        4.6550000000         0.3000000000         0.7631289571
        4.6600000000         0.3000000000         0.6777537246
        4.6650000000         0.3000000000         0.5860072060
        4.6700000000         0.3000000000         0.4904379159
        4.6750000000         0.3000000000         0.3974171401
        4.6800000000         0.3000000000         0.3043963644
        4.6850000000         0.3000000000         0.2164726174
        4.6900000000         0.3000000000         0.1209033273
        4.6950000000         0.3000000000         0.0227855227
        4.7000000000         0.3000000000        -0.0001511069
        4.7050000000         0.3000000000         1.1046298873
        4.7100000000         0.3000000000         5.0675697858
        4.7150000000         0.3000000000         5.0293420697
        4.7200000000         0.3000000000         4.9312242652
        4.7250000000         0.3000000000         4.8407520038
        4.7300000000         0.3000000000         4.7426341993
        4.7350000000         0.3000000000         4.6496134235
        4.7400000000         0.3000000000         4.5540441334
        4.7450000000         0.3000000000         4.4559263288
        4.7500000000         0.3000000000         4.3603570386
        4.7550000000         0.3000000000         4.2775303205
        4.7600000000         0.3000000000         4.1832352876
        4.7650000000         0.3000000000         4.0851174830
        4.7700000000         0.3000000000         3.9933709644
        4.7750000000         0.3000000000         3.9041729603
        4.7800000000         0.3000000000         3.8111521845
        4.7850000000         0.3000000000         3.7232284376
        4.7900000000         0.3000000000         3.6340304334
        4.7950000000         0.3000000000         3.5333641145
