        0.0000000000         1.3500000000         0.2483290475
        0.0050000000         1.3500000000         0.2483290475
        0.0100000000         1.3500000000         0.2508775619
        0.0150000000         1.3500000000         0.2508775619
        0.0200000000         1.3500000000         0.2445062759
        0.0250000000         1.3500000000         0.2368607326
        0.0300000000         1.3500000000         0.2215696462
        0.0350000000         1.3500000000         0.2037300454
        0.0400000000         1.3500000000         0.1807934157
        0.0450000000         1.3500000000         0.1578567861
        0.0500000000         1.3500000000         0.1272746133
        0.0550000000         1.3500000000         0.0992409548
        0.0600000000         1.3500000000         0.0610132388
        0.0650000000         1.3500000000         0.0291568087
        0.0700000000         1.3500000000        -0.0026996214
        0.0750000000         1.3500000000         0.0011231503
        0.0800000000         1.3500000000         0.0011231503
        0.0850000000         1.3500000000        -0.0026996214
        0.0900000000         1.3500000000         1.1428576033
        0.0950000000         1.3500000000         1.1301150313
        0.1000000000         1.3500000000         5.0701183002
        0.1050000000         1.3500000000         5.0637470142
        0.1100000000         1.3500000000         5.0561014710
        0.1150000000         1.3500000000         5.0127767261
        0.1200000000         1.3500000000         4.9630806952
        0.1250000000         1.3500000000         4.9172074360
        0.1300000000         1.3500000000         4.8662371479
        0.1350000000         1.3500000000         4.8203638886
        0.1400000000         1.3500000000         4.7642965717
        0.1450000000         1.3500000000         4.7235203412
        0.1500000000         1.3500000000         4.6712757960
        0.1550000000         1.3500000000         4.6215797651
        0.1600000000         1.3500000000         4.5731579914
        0.1650000000         1.3500000000         4.5247362177
        0.1700000000         1.3500000000         4.4737659296
        0.1750000000         1.3500000000         4.4215213843
        0.1800000000         1.3500000000         4.3654540675
        0.1850000000         1.3500000000         4.3221293226
        0.1900000000         1.3500000000         4.2724332917
        0.1950000000         1.3500000000         4.2163659748
        0.2000000000         1.3500000000         4.1730412299
        0.2050000000         1.3500000000         4.1195224274
        0.2100000000         1.3500000000         4.0672778822
        0.2150000000         1.3500000000         4.0201303657
        0.2200000000         1.3500000000         3.9653373060
        0.2250000000         1.3500000000         3.9143670179
        0.2300000000         1.3500000000         3.8608482154
        0.2350000000         1.3500000000         3.8073294129
        0.2400000000         1.3500000000         3.7550848676
        0.2450000000         1.3500000000         3.7041145796
        0.2500000000         1.3500000000         3.6454987483
        0.2550000000         1.3500000000         3.5996254890
        0.2600000000         1.3500000000         3.5422839149
        0.2650000000         1.3500000000         3.4836680836
        0.2700000000         1.3500000000         3.4326977955
        0.2750000000         1.3500000000         3.3804532502
        0.2800000000         1.3500000000         3.3243859333
        0.2850000000         1.3500000000         3.2734156453
        0.2900000000         1.3500000000         3.2135255568
        0.2950000000         1.3500000000         3.1625552687
        0.3000000000         1.3500000000         3.1077622090
        0.3050000000         1.3500000000         3.0529691493
        0.3100000000         1.3500000000         2.9994503468
        0.3150000000         1.3500000000         2.9408345155
        0.3200000000         1.3500000000         2.8834929414
        0.3250000000         1.3500000000         2.8325226533
        0.3300000000         1.3500000000         2.7790038508
        0.3350000000         1.3500000000         2.7216622767
        0.3400000000         1.3500000000         2.6681434743
        0.3450000000         1.3500000000         2.6158989290
        0.3500000000         1.3500000000         2.5521860689
        0.3550000000         1.3500000000         2.5024900380
        0.3600000000         1.3500000000         2.4438742067
        0.3650000000         1.3500000000         2.3916296614
        0.3700000000         1.3500000000         2.3330138301
        0.3750000000         1.3500000000         2.2782207704
        0.3800000000         1.3500000000         2.2208791963
        0.3850000000         1.3500000000         2.1686346510
        0.3900000000         1.3500000000         2.1061960481
        0.3950000000         1.3500000000         2.0552257600
        0.4000000000         1.3500000000         2.0017069576
        0.4050000000         1.3500000000         1.9379940974
        0.4100000000         1.3500000000         1.8946693526
        0.4150000000         1.3500000000         1.8347792641
        0.4200000000         1.3500000000         1.7812604616
        0.4250000000         1.3500000000         1.7302901735
        0.4300000000         1.3500000000         1.6691258278
        0.4350000000         1.3500000000         1.6181555397
        0.4400000000         1.3500000000         1.5620882228
        0.4450000000         1.3500000000         1.5085694203
        0.4500000000         1.3500000000         1.4575991323
        0.4550000000         1.3500000000         1.3977090438
        0.4600000000         1.3500000000         1.3492872701
        0.4650000000         1.3500000000         1.2868486672
        0.4700000000         1.3500000000         1.2346041219
        0.4750000000         1.3500000000         1.1836338338
        0.4800000000         1.3500000000         1.1275665169
        0.4850000000         1.3500000000         1.0664021712
        0.4900000000         1.3500000000         1.0141576259
        0.4950000000         1.3500000000         0.9606388234
        0.5000000000         1.3500000000         0.9045715065
        0.5050000000         1.3500000000         0.8510527041
        0.5100000000         1.3500000000         0.7988081588
        0.5150000000         1.3500000000         0.7376438131
        0.5200000000         1.3500000000         0.6841250106
        0.5250000000         1.3500000000         0.6293319509
        0.5300000000         1.3500000000         0.5745388912
        0.5350000000         1.3500000000         0.5146488027
        0.5400000000         1.3500000000         0.4649527718
        0.5450000000         1.3500000000         0.4063369405
        0.5500000000         1.3500000000         0.3502696236
        0.5550000000         1.3500000000         0.2980250783
        0.5600000000         1.3500000000         0.2355864754
        0.5650000000         1.3500000000         0.1795191585
        0.5700000000         1.3500000000         0.1272746133
        0.5750000000         1.3500000000         0.0648360104
        0.5800000000         1.3500000000         0.0100429507
        0.5850000000         1.3500000000         0.0023974075
        0.5900000000         1.3500000000         0.0011231503
        0.5950000000         1.3500000000         1.0969843441
        0.6000000000         1.3500000000         5.0688440430
        0.6050000000         1.3500000000         5.0662955286
        0.6100000000         1.3500000000         5.0548272138
        0.6150000000         1.3500000000         5.0000341541
        0.6200000000         1.3500000000         4.9363212940
        0.6250000000         1.3500000000         4.8777054627
        0.6300000000         1.3500000000         4.8203638886
        0.6350000000         1.3500000000         4.7579252857
        0.6400000000         1.3500000000         4.7056807404
        0.6450000000         1.3500000000         4.6470649091
        0.6500000000         1.3500000000         4.5859005634
        0.6550000000         1.3500000000         4.5260104749
        0.6600000000         1.3500000000         4.4661203864
        0.6650000000         1.3500000000         4.4138758411
        0.6700000000         1.3500000000         4.3539857526
        0.6750000000         1.3500000000         4.2966441785
        0.6800000000         1.3500000000         4.2418511188
        0.6850000000         1.3500000000         4.1806867731
        0.6900000000         1.3500000000         4.1258937135
        0.6950000000         1.3500000000         4.0660036250
        0.7000000000         1.3500000000         4.0099363081
        0.7050000000         1.3500000000         3.9564175056
        0.7100000000         1.3500000000         3.8927046455
        0.7150000000         1.3500000000         3.8417343574
        0.7200000000         1.3500000000         3.7843927833
        0.7250000000         1.3500000000         3.7295997236
        0.7300000000         1.3500000000         3.6633383491
        0.7350000000         1.3500000000         3.6225621186
        0.7400000000         1.3500000000         3.5537522297
        0.7450000000         1.3500000000         3.4976849128
        0.7500000000         1.3500000000         3.4365205671
        0.7550000000         1.3500000000         3.3830017646
        0.7600000000         1.3500000000         3.3269344477
        0.7650000000         1.3500000000         3.2695928736
        0.7700000000         1.3500000000         3.2122512996
        0.7750000000         1.3500000000         3.1510869538
        0.7800000000         1.3500000000         3.0962938942
        0.7850000000         1.3500000000         3.0376780629
        0.7900000000         1.3500000000         2.9867077748
        0.7950000000         1.3500000000         2.9255434291
        0.8000000000         1.3500000000         2.8720246266
        0.8050000000         1.3500000000         2.8121345381
        0.8100000000         1.3500000000         2.7547929640
        0.8150000000         1.3500000000         2.6949028755
        0.8200000000         1.3500000000         2.6413840730
        0.8250000000         1.3500000000         2.5802197273
        0.8300000000         1.3500000000         2.5292494392
        0.8350000000         1.3500000000         2.4833761799
        0.8400000000         1.3500000000         2.4132920338
        0.8450000000         1.3500000000         2.3572247169
        0.8500000000         1.3500000000         2.2998831428
        0.8550000000         1.3500000000         2.2450900832
        0.8600000000         1.3500000000         2.1839257375
        0.8650000000         1.3500000000         2.1304069350
        0.8700000000         1.3500000000         2.0768881325
        0.8750000000         1.3500000000         2.0169980440
        0.8800000000         1.3500000000         1.9596564699
        0.8850000000         1.3500000000         1.9074119246
        0.8900000000         1.3500000000         1.8487960933
        0.8950000000         1.3500000000         1.7952772908
        0.9000000000         1.3500000000         1.7379357167
        0.9050000000         1.3500000000         1.6856911714
        0.9100000000         1.3500000000         1.6296238545
        0.9150000000         1.3500000000         1.5710080232
        0.9200000000         1.3500000000         1.5200377352
        0.9250000000         1.3500000000         1.4652446755
        0.9300000000         1.3500000000         1.4117258730
        0.9350000000         1.3500000000         1.3531100417
        0.9400000000         1.3500000000         1.2983169820
        0.9450000000         1.3500000000         1.2397011507
        0.9500000000         1.3500000000         1.1836338338
        0.9550000000         1.3500000000         1.1339378029
        0.9600000000         1.3500000000         1.0778704860
        0.9650000000         1.3500000000         1.0243516835
        0.9700000000         1.3500000000         0.9631873378
        0.9750000000         1.3500000000         0.9109427926
        0.9800000000         1.3500000000         0.8561497329
        0.9850000000         1.3500000000         0.7988081588
        0.9900000000         1.3500000000         0.7389180703
        0.9950000000         1.3500000000         0.6892220394
        1.0000000000         1.3500000000         0.6293319509
        1.0050000000         1.3500000000         0.5796359200
        1.0100000000         1.3500000000         0.5210200887
        1.0150000000         1.3500000000         0.4611300002
        1.0200000000         1.3500000000         0.4063369405
        1.0250000000         1.3500000000         0.3515438808
        1.0300000000         1.3500000000         0.2954765639
        1.0350000000         1.3500000000         0.2368607326
        1.0400000000         1.3500000000         0.1820676730
        1.0450000000         1.3500000000         0.1298231277
        1.0500000000         1.3500000000         0.0648360104
        1.0550000000         1.3500000000         0.0113172079
        1.0600000000         1.3500000000        -0.0001511069
        1.0650000000         1.3500000000        -0.0026996214
        1.0700000000         1.3500000000         1.1148239449
        1.0750000000         1.3500000000         5.0662955286
        1.0800000000         1.3500000000         5.0675697858
        1.0850000000         1.3500000000         5.0522786994
        1.0900000000         1.3500000000         4.9974856397
        1.0950000000         1.3500000000         4.9350470368
        1.1000000000         1.3500000000         4.8738826911
        1.1050000000         1.3500000000         4.8152668598
        1.1100000000         1.3500000000         4.7566510285
        1.1150000000         1.3500000000         4.6954866828
        1.1200000000         1.3500000000         4.6419678803
        1.1250000000         1.3500000000         4.5744322486
        1.1300000000         1.3500000000         4.5209134461
        1.1350000000         1.3500000000         4.4622976148
        1.1400000000         1.3500000000         4.4049560407
        1.1450000000         1.3500000000         4.3501629810
        1.1500000000         1.3500000000         4.2864501209
        1.1550000000         1.3500000000         4.2342055756
        1.1600000000         1.3500000000         4.1743154871
        1.1650000000         1.3500000000         4.1131511414
        1.1700000000         1.3500000000         4.0583580817
        1.1750000000         1.3500000000         3.9997422504
        1.1800000000         1.3500000000         3.9474977052
        1.1850000000         1.3500000000         3.8876076167
        1.1900000000         1.3500000000         3.8264432710
        1.1950000000         1.3500000000         3.7729244685
        1.2000000000         1.3500000000         3.7117601228
        1.2050000000         1.3500000000         3.6556928059
        1.2100000000         1.3500000000         3.6047225178
        1.2150000000         1.3500000000         3.5448324293
        1.2200000000         1.3500000000         3.4862165980
        1.2250000000         1.3500000000         3.4314235383
        1.2300000000         1.3500000000         3.3689849354
        1.2350000000         1.3500000000         3.3129176185
        1.2400000000         1.3500000000         3.2568503016
        1.2450000000         1.3500000000         3.1982344703
        1.2500000000         1.3500000000         3.1396186390
        1.2550000000         1.3500000000         3.0822770649
        1.2600000000         1.3500000000         3.0223869764
        1.2650000000         1.3500000000         2.9726909456
        1.2700000000         1.3500000000         2.9140751143
        1.2750000000         1.3500000000         2.8554592830
        1.2800000000         1.3500000000         2.7981177089
        1.2850000000         1.3500000000         2.7445989064
        1.2900000000         1.3500000000         2.6834345607
        1.2950000000         1.3500000000         2.6286415010
        1.3000000000         1.3500000000         2.5700256697
        1.3050000000         1.3500000000         2.5165068672
        1.3100000000         1.3500000000         2.4540682643
        1.3150000000         1.3500000000         2.3980009474
        1.3200000000         1.3500000000         2.3406593733
        1.3250000000         1.3500000000         2.2794950276
        1.3300000000         1.3500000000         2.2272504823
        1.3350000000         1.3500000000         2.1699089082
        1.3400000000         1.3500000000         2.1112930769
        1.3450000000         1.3500000000         2.0577742744
        1.3500000000         1.3500000000         1.9889643855
        1.3550000000         1.3500000000         1.9418168691
        1.3600000000         1.3500000000         1.8857495522
        1.3650000000         1.3500000000         1.8271337209
        1.3700000000         1.3500000000         1.7774376900
        1.3750000000         1.3500000000         1.7175476015
        1.3800000000         1.3500000000         1.6627545418
        1.3850000000         1.3500000000         1.6041387105
        1.3900000000         1.3500000000         1.5557169368
        1.3950000000         1.3500000000         1.4958268483
        1.4000000000         1.3500000000         1.4410337886
        1.4050000000         1.3500000000         1.3811437001
        1.4100000000         1.3500000000         1.3288991548
        1.4150000000         1.3500000000         1.2702833235
        1.4200000000         1.3500000000         1.2154902639
        1.4250000000         1.3500000000         1.1606972042
        1.4300000000         1.3500000000         1.1033556301
        1.4350000000         1.3500000000         1.0498368276
        1.4400000000         1.3500000000         0.9899467391
        1.4450000000         1.3500000000         0.9326051650
        1.4500000000         1.3500000000         0.8829091341
        1.4550000000         1.3500000000         0.8217447884
        1.4600000000         1.3500000000         0.7707745003
        1.4650000000         1.3500000000         0.7134329262
        1.4700000000         1.3500000000         0.6586398665
        1.4750000000         1.3500000000         0.6000240352
        1.4800000000         1.3500000000         0.5414082039
        1.4850000000         1.3500000000         0.4878894015
        1.4900000000         1.3500000000         0.4267250558
        1.4950000000         1.3500000000         0.3706577389
        1.5000000000         1.3500000000         0.3107676504
        1.5050000000         1.3500000000         0.2559745907
        1.5100000000         1.3500000000         0.1935359878
        1.5150000000         1.3500000000         0.1412914425
        1.5200000000         1.3500000000         0.0814013540
        1.5250000000         1.3500000000         0.0202370083
        1.5300000000         1.3500000000         0.0049459219
        1.5350000000         1.3500000000        -0.0026996214
        1.5400000000         1.3500000000         1.0995328585
        1.5450000000         1.3500000000         5.0395361274
        1.5500000000         1.3500000000         5.0688440430
        1.5550000000         1.3500000000         5.0573757282
        1.5600000000         1.3500000000         5.0038569257
        1.5650000000         1.3500000000         4.9414183228
        1.5700000000         1.3500000000         4.8866252631
        1.5750000000         1.3500000000         4.8229124030
        1.5800000000         1.3500000000         4.7604738001
        1.5850000000         1.3500000000         4.7069549976
        1.5900000000         1.3500000000         4.6394193659
        1.5950000000         1.3500000000         4.5859005634
        1.6000000000         1.3500000000         4.5221877033
        1.6050000000         1.3500000000         4.4648461292
        1.6100000000         1.3500000000         4.4087788123
        1.6150000000         1.3500000000         4.3514372382
        1.6200000000         1.3500000000         4.2889986353
        1.6250000000         1.3500000000         4.2316570612
        1.6300000000         1.3500000000         4.1704927155
        1.6350000000         1.3500000000         4.1207966846
        1.6400000000         1.3500000000         4.0558095673
        1.6450000000         1.3500000000         3.9984679932
        1.6500000000         1.3500000000         3.9411264192
        1.6550000000         1.3500000000         3.8876076167
        1.6600000000         1.3500000000         3.8251690138
        1.6650000000         1.3500000000         3.7691016969
        1.6700000000         1.3500000000         3.7245026948
        1.6750000000         1.3500000000         3.6531442915
        1.6800000000         1.3500000000         3.5945284602
        1.6850000000         1.3500000000         3.5346383717
        1.6900000000         1.3500000000         3.4760225404
        1.6950000000         1.3500000000         3.4186809663
        1.7000000000         1.3500000000         3.3600651350
        1.7050000000         1.3500000000         3.3065463325
        1.7100000000         1.3500000000         3.2428334724
        1.7150000000         1.3500000000         3.1918631843
        1.7200000000         1.3500000000         3.1306988386
        1.7250000000         1.3500000000         3.0771800361
        1.7300000000         1.3500000000         3.0109186616
        1.7350000000         1.3500000000         2.9573998591
        1.7400000000         1.3500000000         2.9026067994
        1.7450000000         1.3500000000         2.8414424537
        1.7500000000         1.3500000000         2.7879236513
        1.7550000000         1.3500000000         2.7344048488
        1.7600000000         1.3500000000         2.6668692171
        1.7650000000         1.3500000000         2.6146246718
        1.7700000000         1.3500000000         2.5560088405
        1.7750000000         1.3500000000         2.4935702376
        1.7800000000         1.3500000000         2.4425999495
        1.7850000000         1.3500000000         2.3827098610
        1.7900000000         1.3500000000         2.3228197725
        1.7950000000         1.3500000000         2.2731237416
        1.8000000000         1.3500000000         2.2068623671
        1.8050000000         1.3500000000         2.1520693074
        1.8100000000         1.3500000000         2.0985505049
        1.8150000000         1.3500000000         2.0373861592
        1.8200000000         1.3500000000         1.9825930995
        1.8250000000         1.3500000000         1.9239772682
        1.8300000000         1.3500000000         1.8691842085
        1.8350000000         1.3500000000         1.8105683772
        1.8400000000         1.3500000000         1.7621466036
        1.8450000000         1.3500000000         1.7022565151
        1.8500000000         1.3500000000         1.6474634554
        1.8550000000         1.3500000000         1.5952189101
        1.8600000000         1.3500000000         1.5633624800
        1.8650000000         1.3500000000         1.4792615047
        1.8700000000         1.3500000000         1.4219199306
        1.8750000000         1.3500000000         1.3696753853
        1.8800000000         1.3500000000         1.3136080684
        1.8850000000         1.3500000000         1.2562664943
        1.8900000000         1.3500000000         1.1963764058
        1.8950000000         1.3500000000         1.1492288893
        1.9000000000         1.3500000000         1.0880645436
        1.9050000000         1.3500000000         1.0332714840
        1.9100000000         1.3500000000         0.9759299099
        1.9150000000         1.3500000000         0.9211368502
        1.9200000000         1.3500000000         0.8663437905
        1.9250000000         1.3500000000         0.8064537020
        1.9300000000         1.3500000000         0.7529348995
        1.9350000000         1.3500000000         0.6955933254
        1.9400000000         1.3500000000         0.6408002657
        1.9450000000         1.3500000000         0.5821844344
        1.9500000000         1.3500000000         0.5273913747
        1.9550000000         1.3500000000         0.4675012862
        1.9600000000         1.3500000000         0.4190795125
        1.9650000000         1.3500000000         0.3566409096
        1.9700000000         1.3500000000         0.3005735927
        1.9750000000         1.3500000000         0.2406835042
        1.9800000000         1.3500000000         0.1871647018
        1.9850000000         1.3500000000         0.1336458993
        1.9900000000         1.3500000000         0.0661102676
        1.9950000000         1.3500000000         0.0138657223
        2.0000000000         1.3500000000         0.0062201791
        2.0050000000         1.3500000000        -0.0026996214
        2.0100000000         1.3500000000         1.1122754305
        2.0150000000         1.3500000000         5.0650212714
        2.0200000000         1.3500000000         5.0675697858
        2.0250000000         1.3500000000         5.0484559278
        2.0300000000         1.3500000000         4.9949371253
        2.0350000000         1.3500000000         4.9337727796
        2.0400000000         1.3500000000         4.8789797199
        2.0450000000         1.3500000000         4.8101698310
        2.0500000000         1.3500000000         4.7541025141
        2.0550000000         1.3500000000         4.6916639112
        2.0600000000         1.3500000000         4.6394193659
        2.0650000000         1.3500000000         4.5718837342
        2.0700000000         1.3500000000         4.5132679029
        2.0750000000         1.3500000000         4.4559263288
        2.0800000000         1.3500000000         4.3947619831
        2.0850000000         1.3500000000         4.3374204090
        2.0900000000         1.3500000000         4.2864501209
        2.0950000000         1.3500000000         4.2150917176
        2.1000000000         1.3500000000         4.1628471723
        2.1050000000         1.3500000000         4.1042313410
        2.1100000000         1.3500000000         4.0456155097
        2.1150000000         1.3500000000         3.9844511640
        2.1200000000         1.3500000000         3.9283838471
        2.1250000000         1.3500000000         3.8723165302
        2.1300000000         1.3500000000         3.8124264417
        2.1350000000         1.3500000000         3.7576333820
        2.1400000000         1.3500000000         3.6951947791
        2.1450000000         1.3500000000         3.6365789479
        2.1500000000         1.3500000000         3.5779631166
        2.1550000000         1.3500000000         3.5231700569
        2.1600000000         1.3500000000         3.4632799684
        2.1650000000         1.3500000000         3.4084869087
        2.1700000000         1.3500000000         3.3460483058
        2.1750000000         1.3500000000         3.2925295033
        2.1800000000         1.3500000000         3.2339136720
        2.1850000000         1.3500000000         3.1752978407
        2.1900000000         1.3500000000         3.1179562666
        2.1950000000         1.3500000000         3.0567919209
        2.2000000000         1.3500000000         3.0032731184
        2.2050000000         1.3500000000         2.9472058015
        2.2100000000         1.3500000000         2.8924127418
        2.2150000000         1.3500000000         2.8337969105
        2.2200000000         1.3500000000         2.7764553364
        2.2250000000         1.3500000000         2.7191137623
        2.2300000000         1.3500000000         2.6592236738
        2.2350000000         1.3500000000         2.5993335853
        2.2400000000         1.3500000000         2.5419920112
        2.2450000000         1.3500000000         2.4859246944
        2.2500000000         1.3500000000         2.4247603487
        2.2550000000         1.3500000000         2.3712415462
        2.2600000000         1.3500000000         2.3138999721
        2.2650000000         1.3500000000         2.2463643404
        2.2700000000         1.3500000000         2.1953940523
        2.2750000000         1.3500000000         2.1380524782
        2.2800000000         1.3500000000         2.0781623897
        2.2850000000         1.3500000000         2.0246435872
        2.2900000000         1.3500000000         1.9698505275
        2.2950000000         1.3500000000         1.9099604390
        2.3000000000         1.3500000000         1.8577158937
        2.3050000000         1.3500000000         1.8003743196
        2.3100000000         1.3500000000         1.7468555171
        2.3150000000         1.3500000000         1.6844169142
        2.3200000000         1.3500000000         1.6308981117
        2.3250000000         1.3500000000         1.5748307948
        2.3300000000         1.3500000000         1.5174892208
        2.3350000000         1.3500000000         1.4626961611
        2.3400000000         1.3500000000         1.4104516158
        2.3450000000         1.3500000000         1.3480130129
        2.3500000000         1.3500000000         1.2970427248
        2.3550000000         1.3500000000         1.2422496651
        2.3600000000         1.3500000000         1.1861823482
        2.3650000000         1.3500000000         1.1224694881
        2.3700000000         1.3500000000         1.0740477144
        2.3750000000         1.3500000000         1.0103348543
        2.3800000000         1.3500000000         0.9568160518
        2.3850000000         1.3500000000         0.9045715065
        2.3900000000         1.3500000000         0.8408586464
        2.3950000000         1.3500000000         0.7911626156
        2.4000000000         1.3500000000         0.7350952987
        2.4050000000         1.3500000000         0.6713824386
        2.4100000000         1.3500000000         0.6204121505
        2.4150000000         1.3500000000         0.5592478048
        2.4200000000         1.3500000000         0.5031804879
        2.4250000000         1.3500000000         0.4496616854
        2.4300000000         1.3500000000         0.3884973397
        2.4350000000         1.3500000000         0.3337042800
        2.4400000000         1.3500000000         0.2763627059
        2.4450000000         1.3500000000         0.2241181606
        2.4500000000         1.3500000000         0.1578567861
        2.4550000000         1.3500000000         0.1030637264
        2.4600000000         1.3500000000         0.0508191811
        2.4650000000         1.3500000000        -0.0014253642
        2.4700000000         1.3500000000         0.0011231503
        2.4750000000         1.3500000000         0.0011231503
        2.4800000000         1.3500000000         1.1326635457
        2.4850000000         1.3500000000         5.0675697858
        2.4900000000         1.3500000000         5.0662955286
        2.4950000000         1.3500000000         5.0306163269
        2.5000000000         1.3500000000         4.9681777240
        2.5050000000         1.3500000000         4.9095618927
        2.5100000000         1.3500000000         4.8534945759
        2.5150000000         1.3500000000         4.7948787446
        2.5200000000         1.3500000000         4.7337143989
        2.5250000000         1.3500000000         4.6687272816
        2.5300000000         1.3500000000         4.6113857075
        2.5350000000         1.3500000000         4.5553183906
        2.5400000000         1.3500000000         4.4916055305
        2.5450000000         1.3500000000         4.4393609852
        2.5500000000         1.3500000000         4.3730996107
        2.5550000000         1.3500000000         4.3195808082
        2.5600000000         1.3500000000         4.2635134913
        2.5650000000         1.3500000000         4.2061719172
        2.5700000000         1.3500000000         4.1462818287
        2.5750000000         1.3500000000         4.0889402546
        2.5800000000         1.3500000000         4.0290501661
        2.5850000000         1.3500000000         3.9768056208
        2.5900000000         1.3500000000         3.9143670179
        2.5950000000         1.3500000000         3.8557511866
        2.6000000000         1.3500000000         3.8035066413
        2.6050000000         1.3500000000         3.7436165528
        2.6100000000         1.3500000000         3.6862749787
        2.6150000000         1.3500000000         3.6302076618
        2.6200000000         1.3500000000         3.5703175733
        2.6250000000         1.3500000000         3.5193472853
        2.6300000000         1.3500000000         3.4530859107
        2.6350000000         1.3500000000         3.4021156227
        2.6400000000         1.3500000000         3.3409512770
        2.6450000000         1.3500000000         3.2836097029
        2.6500000000         1.3500000000         3.2275423860
        2.6550000000         1.3500000000         3.1676522975
        2.6600000000         1.3500000000         3.1115849806
        2.6650000000         1.3500000000         3.0567919209
        2.6700000000         1.3500000000         2.9943533180
        2.6750000000         1.3500000000         2.9382860011
        2.6800000000         1.3500000000         2.8822186842
        2.6850000000         1.3500000000         2.8236028529
        2.6900000000         1.3500000000         2.7675355360
        2.6950000000         1.3500000000         2.7089197047
        2.7000000000         1.3500000000         2.6515781306
        2.7050000000         1.3500000000         2.5955108137
        2.7100000000         1.3500000000         2.5368949824
        2.7150000000         1.3500000000         2.4808276655
        2.7200000000         1.3500000000         2.4222118342
        2.7250000000         1.3500000000         2.3648702602
        2.7300000000         1.3500000000         2.3011574000
        2.7350000000         1.3500000000         2.2501871120
        2.7400000000         1.3500000000         2.1890227663
        2.7450000000         1.3500000000         2.1329554494
        2.7500000000         1.3500000000         2.0756138753
        2.7550000000         1.3500000000         2.0182723012
        2.7600000000         1.3500000000         1.9596564699
        2.7650000000         1.3500000000         1.9035891530
        2.7700000000         1.3500000000         1.8500703505
        2.7750000000         1.3500000000         1.7889060048
        2.7800000000         1.3500000000         1.7404842311
        2.7850000000         1.3500000000         1.6831426570
        2.7900000000         1.3500000000         1.6219783113
        2.7950000000         1.3500000000         1.5697337660
        2.8000000000         1.3500000000         1.5162149636
        2.8050000000         1.3500000000         1.4601476467
        2.8100000000         1.3500000000         1.4053545870
        2.8150000000         1.3500000000         1.3454644985
        2.8200000000         1.3500000000         1.2906714388
        2.8250000000         1.3500000000         1.2333298647
        2.8300000000         1.3500000000         1.1759882906
        2.8350000000         1.3500000000         1.1211952309
        2.8400000000         1.3500000000         1.0562081136
        2.8450000000         1.3500000000         1.0090605971
        2.8500000000         1.3500000000         0.9478962514
        2.8550000000         1.3500000000         0.8982002205
        2.8600000000         1.3500000000         0.8370358748
        2.8650000000         1.3500000000         0.7822428151
        2.8700000000         1.3500000000         0.7236269838
        2.8750000000         1.3500000000         0.6739309530
        2.8800000000         1.3500000000         0.6114923501
        2.8850000000         1.3500000000         0.5541507760
        2.8900000000         1.3500000000         0.4955349447
        2.8950000000         1.3500000000         0.4394676278
        2.9000000000         1.3500000000         0.3821260537
        2.9050000000         1.3500000000         0.3209617080
        2.9100000000         1.3500000000         0.2674429055
        2.9150000000         1.3500000000         0.2139241030
        2.9200000000         1.3500000000         0.1514855001
        2.9250000000         1.3500000000         0.0979666976
        2.9300000000         1.3500000000         0.0380766091
        2.9350000000         1.3500000000         0.0023974075
        2.9400000000         1.3500000000         0.0011231503
        2.9450000000         1.3500000000         0.0049459219
        2.9500000000         1.3500000000         1.1033556301
        2.9550000000         1.3500000000         5.0675697858
        2.9600000000         1.3500000000         5.0650212714
        2.9650000000         1.3500000000         5.0076796973
        2.9700000000         1.3500000000         4.9541608948
        2.9750000000         1.3500000000         4.8904480347
        2.9800000000         1.3500000000         4.8331064606
        2.9850000000         1.3500000000         4.7668450861
        2.9900000000         1.3500000000         4.7095035120
        2.9950000000         1.3500000000         4.6508876807
        3.0000000000         1.3500000000         4.5859005634
        3.0050000000         1.3500000000         4.5272847321
        3.0100000000         1.3500000000         4.4648461292
        3.0150000000         1.3500000000         4.4087788123
        3.0200000000         1.3500000000         4.3463402094
        3.0250000000         1.3500000000         4.2915471497
        3.0300000000         1.3500000000         4.2342055756
        3.0350000000         1.3500000000         4.1704927155
        3.0400000000         1.3500000000         4.1169739130
        3.0450000000         1.3500000000         4.0609065961
        3.0500000000         1.3500000000         3.9997422504
        3.0550000000         1.3500000000         3.9449491908
        3.0600000000         1.3500000000         3.8837848451
        3.0650000000         1.3500000000         3.8277175282
        3.0700000000         1.3500000000         3.7678274397
        3.0750000000         1.3500000000         3.7117601228
        3.0800000000         1.3500000000         3.6505957771
        3.0850000000         1.3500000000         3.5894314314
        3.0900000000         1.3500000000         3.5320898573
        3.0950000000         1.3500000000         3.4734740260
        3.1000000000         1.3500000000         3.4174067091
        3.1050000000         1.3500000000         3.3587908778
        3.1100000000         1.3500000000         3.3039978181
        3.1150000000         1.3500000000         3.2402849580
        3.1200000000         1.3500000000         3.1829433839
        3.1250000000         1.3500000000         3.1256018098
        3.1300000000         1.3500000000         3.0682602357
        3.1350000000         1.3500000000         3.0083701472
        3.1400000000         1.3500000000         2.9561256019
        3.1450000000         1.3500000000         2.8987840278
        3.1500000000         1.3500000000         2.8427167109
        3.1550000000         1.3500000000         2.7815523652
        3.1600000000         1.3500000000         2.7242107911
        3.1650000000         1.3500000000         2.6643207026
        3.1700000000         1.3500000000         2.6120761574
        3.1750000000         1.3500000000         2.5470890401
        3.1800000000         1.3500000000         2.4910217232
        3.1850000000         1.3500000000         2.4349544063
        3.1900000000         1.3500000000         2.3725158034
        3.1950000000         1.3500000000         2.3177227437
        3.2000000000         1.3500000000         2.2552841408
        3.2050000000         1.3500000000         2.2017653383
        3.2100000000         1.3500000000         2.1482465358
        3.2150000000         1.3500000000         2.0858079329
        3.2200000000         1.3500000000         2.0335633876
        3.2250000000         1.3500000000         1.9774960707
        3.2300000000         1.3500000000         1.9150574678
        3.2350000000         1.3500000000         1.8768297517
        3.2400000000         1.3500000000         1.8041970912
        3.2450000000         1.3500000000         1.7532268031
        3.2500000000         1.3500000000         1.6895139430
        3.2550000000         1.3500000000         1.6359951406
        3.2600000000         1.3500000000         1.5837505953
        3.2650000000         1.3500000000         1.5289575356
        3.2700000000         1.3500000000         1.4690674471
        3.2750000000         1.3500000000         1.4130001302
        3.2800000000         1.3500000000         1.3543842989
        3.2850000000         1.3500000000         1.2983169820
        3.2900000000         1.3500000000         1.2460724367
        3.2950000000         1.3500000000         1.1823595766
        3.3000000000         1.3500000000         1.1237437453
        3.3050000000         1.3500000000         1.0702249428
        3.3100000000         1.3500000000         1.0141576259
        3.3150000000         1.3500000000         0.9517190230
        3.3200000000         1.3500000000         0.9058457637
        3.3250000000         1.3500000000         0.8446814180
        3.3300000000         1.3500000000         0.7898883584
        3.3350000000         1.3500000000         0.7312725271
        3.3400000000         1.3500000000         0.6726566958
        3.3450000000         1.3500000000         0.6114923501
        3.3500000000         1.3500000000         0.5592478048
        3.3550000000         1.3500000000         0.4980834591
        3.3600000000         1.3500000000         0.4432903994
        3.3650000000         1.3500000000         0.3808517965
        3.3700000000         1.3500000000         0.3260587368
        3.3750000000         1.3500000000         0.2661686483
        3.3800000000         1.3500000000         0.2164726174
        3.3850000000         1.3500000000         0.1565825289
        3.3900000000         1.3500000000         0.0954181832
        3.3950000000         1.3500000000         0.0380766091
        3.4000000000         1.3500000000         0.0049459219
        3.4050000000         1.3500000000         0.0011231503
        3.4100000000         1.3500000000         0.0253340371
        3.4150000000         1.3500000000         1.1148239449
        3.4200000000         1.3500000000         5.0662955286
        3.4250000000         1.3500000000         5.0650212714
        3.4300000000         1.3500000000         5.0089539545
        3.4350000000         1.3500000000         4.9452410944
        3.4400000000         1.3500000000         4.8891737775
        3.4450000000         1.3500000000         4.8267351746
        3.4500000000         1.3500000000         4.7617480573
        3.4550000000         1.3500000000         4.7056807404
        3.4600000000         1.3500000000         4.6432421375
        3.4650000000         1.3500000000         4.5833520490
        3.4700000000         1.3500000000         4.5132679029
        3.4750000000         1.3500000000         4.4597491004
        3.4800000000         1.3500000000         4.4011332691
        3.4850000000         1.3500000000         4.3399689234
        3.4900000000         1.3500000000         4.2902728925
        3.4950000000         1.3500000000         4.2176402320
        3.5000000000         1.3500000000         4.1679442011
        3.5050000000         1.3500000000         4.1067798554
        3.5100000000         1.3500000000         4.0456155097
        3.5150000000         1.3500000000         3.9882739356
        3.5200000000         1.3500000000         3.9334808759
        3.5250000000         1.3500000000         3.8748650446
        3.5300000000         1.3500000000         3.8124264417
        3.5350000000         1.3500000000         3.7550848676
        3.5400000000         1.3500000000         3.6977432936
        3.5450000000         1.3500000000         3.6378532051
        3.5500000000         1.3500000000         3.5792373738
        3.5550000000         1.3500000000         3.5193472853
        3.5600000000         1.3500000000         3.4658284828
        3.5650000000         1.3500000000         3.4046641371
        3.5700000000         1.3500000000         3.3473225630
        3.5750000000         1.3500000000         3.2874324745
        3.5800000000         1.3500000000         3.2288166432
        3.5850000000         1.3500000000         3.1663780403
        3.5900000000         1.3500000000         3.1103107234
        3.5950000000         1.3500000000         3.0580661781
        3.6000000000         1.3500000000         2.9956275752
        3.6050000000         1.3500000000         2.9344632295
        3.6100000000         1.3500000000         2.8796701698
        3.6150000000         1.3500000000         2.8172315669
        3.6200000000         1.3500000000         2.7739068220
        3.6250000000         1.3500000000         2.6974513899
        3.6300000000         1.3500000000         2.6426583302
        3.6350000000         1.3500000000         2.5878652705
        3.6400000000         1.3500000000         2.5254266676
        3.6450000000         1.3500000000         2.4655365791
        3.6500000000         1.3500000000         2.4094692622
        3.6550000000         1.3500000000         2.3483049165
        3.6600000000         1.3500000000         2.2973346284
        3.6650000000         1.3500000000         2.2361702827
        3.6700000000         1.3500000000         2.1775544514
        3.6750000000         1.3500000000         2.1163901057
        3.6800000000         1.3500000000         2.0603227889
        3.6850000000         1.3500000000         2.0029812148
        3.6900000000         1.3500000000         1.9469138979
        3.6950000000         1.3500000000         1.8882980666
        3.7000000000         1.3500000000         1.8373277785
        3.7050000000         1.3500000000         1.7787119472
        3.7100000000         1.3500000000         1.7213703731
        3.7150000000         1.3500000000         1.6678515706
        3.7200000000         1.3500000000         1.6092357393
        3.7250000000         1.3500000000         1.5557169368
        3.7300000000         1.3500000000         1.4971011055
        3.7350000000         1.3500000000         1.4384852742
        3.7400000000         1.3500000000         1.3836922145
        3.7450000000         1.3500000000         1.3276248976
        3.7500000000         1.3500000000         1.2651862947
        3.7550000000         1.3500000000         1.2142160067
        3.7600000000         1.3500000000         1.1645199758
        3.7650000000         1.3500000000         1.1008071157
        3.7700000000         1.3500000000         1.0447397988
        3.7750000000         1.3500000000         0.9797526815
        3.7800000000         1.3500000000         0.9249596218
        3.7850000000         1.3500000000         0.8701665621
        3.7900000000         1.3500000000         0.8090022164
        3.7950000000         1.3500000000         0.7529348995
        3.8000000000         1.3500000000         0.6968675826
        3.8050000000         1.3500000000         0.6395260085
        3.8100000000         1.3500000000         0.5809101772
        3.8150000000         1.3500000000         0.5235686031
        3.8200000000         1.3500000000         0.4636785146
        3.8250000000         1.3500000000         0.4037884261
        3.8300000000         1.3500000000         0.3515438808
        3.8350000000         1.3500000000         0.2916537923
        3.8400000000         1.3500000000         0.2304894466
        3.8450000000         1.3500000000         0.1769706441
        3.8500000000         1.3500000000         0.1158062984
        3.8550000000         1.3500000000         0.0597389816
        3.8600000000         1.3500000000        -0.0014253642
        3.8650000000         1.3500000000        -0.0014253642
        3.8700000000         1.3500000000         0.0011231503
        3.8750000000         1.3500000000         1.0982586013
        3.8800000000         1.3500000000         5.0688440430
        3.8850000000         1.3500000000         5.0624727570
        3.8900000000         1.3500000000         5.0395361274
        3.8950000000         1.3500000000         4.9707262385
        3.9000000000         1.3500000000         4.9197559504
        3.9050000000         1.3500000000         4.8522203187
        3.9100000000         1.3500000000         4.7936044874
        3.9150000000         1.3500000000         4.7324401417
        3.9200000000         1.3500000000         4.6712757960
        3.9250000000         1.3500000000         4.6101114503
        3.9300000000         1.3500000000         4.5502213618
        3.9350000000         1.3500000000         4.4954283021
        3.9400000000         1.3500000000         4.4342639564
        3.9450000000         1.3500000000         4.3705510963
        3.9500000000         1.3500000000         4.3132095222
        3.9550000000         1.3500000000         4.2571422053
        3.9600000000         1.3500000000         4.2010748884
        3.9650000000         1.3500000000         4.1335392567
        3.9700000000         1.3500000000         4.0812947114
        3.9750000000         1.3500000000         4.0252273945
        3.9800000000         1.3500000000         3.9666115632
        3.9850000000         1.3500000000         3.9079957319
        3.9900000000         1.3500000000         3.8493799006
        3.9950000000         1.3500000000         3.7869412977
        4.0000000000         1.3500000000         3.7359710096
        4.0050000000         1.3500000000         3.6722581495
        4.0100000000         1.3500000000         3.6123680610
        4.0150000000         1.3500000000         3.5563007441
        4.0200000000         1.3500000000         3.5015076844
        4.0250000000         1.3500000000         3.4377948243
        4.0300000000         1.3500000000         3.3817275074
        4.0350000000         1.3500000000         3.3243859333
        4.0400000000         1.3500000000         3.2632215876
        4.0450000000         1.3500000000         3.1995087275
        4.0500000000         1.3500000000         3.1498126966
        4.0550000000         1.3500000000         3.0835513221
        4.0600000000         1.3500000000         3.0325810341
        4.0650000000         1.3500000000         2.9688681739
        4.0700000000         1.3500000000         2.9153493715
        4.0750000000         1.3500000000         2.8580077974
        4.0800000000         1.3500000000         2.7917464229
        4.0850000000         1.3500000000         2.7445989064
        4.0900000000         1.3500000000         2.6796117891
        4.0950000000         1.3500000000         2.6235444722
        4.1000000000         1.3500000000         2.5662028981
        4.1050000000         1.3500000000         2.5114098384
        4.1100000000         1.3500000000         2.4502454927
        4.1150000000         1.3500000000         2.3954524330
        4.1200000000         1.3500000000         2.3342880873
        4.1250000000         1.3500000000         2.2782207704
        4.1300000000         1.3500000000         2.2259762251
        4.1350000000         1.3500000000         2.1635376222
        4.1400000000         1.3500000000         2.1010990193
        4.1450000000         1.3500000000         2.0590485316
        4.1500000000         1.3500000000         1.9915128999
        4.1550000000         1.3500000000         1.9303485542
        4.1600000000         1.3500000000         1.8781040089
        4.1650000000         1.3500000000         1.8169396632
        4.1700000000         1.3500000000         1.7659693752
        4.1750000000         1.3500000000         1.7073535439
        4.1800000000         1.3500000000         1.6487377126
        4.1850000000         1.3500000000         1.5990416817
        4.1900000000         1.3500000000         1.5366030788
        4.1950000000         1.3500000000         1.4818100191
        4.2000000000         1.3500000000         1.4270169594
        4.2050000000         1.3500000000         1.3709496425
        4.2100000000         1.3500000000         1.3136080684
        4.2150000000         1.3500000000         1.2537179799
        4.2200000000         1.3500000000         1.2014734346
        4.2250000000         1.3500000000         1.1415833461
        4.2300000000         1.3500000000         1.0880645436
        4.2350000000         1.3500000000         1.0281744551
        4.2400000000         1.3500000000         0.9733813955
        4.2450000000         1.3500000000         0.9185883358
        4.2500000000         1.3500000000         0.8574239901
        4.2550000000         1.3500000000         0.8039051876
        4.2600000000         1.3500000000         0.7440150991
        4.2650000000         1.3500000000         0.6866735250
        4.2700000000         1.3500000000         0.6318804653
        4.2750000000         1.3500000000         0.5745388912
        4.2800000000         1.3500000000         0.5184715743
        4.2850000000         1.3500000000         0.4585814858
        4.2900000000         1.3500000000         0.3999656545
        4.2950000000         1.3500000000         0.3451725948
        4.3000000000         1.3500000000         0.2840082491
        4.3050000000         1.3500000000         0.2253924178
        4.3100000000         1.3500000000         0.1655023293
        4.3150000000         1.3500000000         0.1094350124
        4.3200000000         1.3500000000         0.0520934383
        4.3250000000         1.3500000000        -0.0039738786
        4.3300000000         1.3500000000         0.0049459219
        4.3350000000         1.3500000000         0.0011231503
        4.3400000000         1.3500000000         1.1122754305
        4.3450000000         1.3500000000         5.0675697858
        4.3500000000         1.3500000000         5.0662955286
        4.3550000000         1.3500000000         5.0216965265
        4.3600000000         1.3500000000         4.9579836664
        4.3650000000         1.3500000000         4.9019163495
        4.3700000000         1.3500000000         4.8356549750
        4.3750000000         1.3500000000         4.7808619153
        4.3800000000         1.3500000000         4.7196975696
        4.3850000000         1.3500000000         4.6598074811
        4.3900000000         1.3500000000         4.5986431354
        4.3950000000         1.3500000000         4.5349302753
        4.4000000000         1.3500000000         4.4814114728
        4.4050000000         1.3500000000         4.4164243555
        4.4100000000         1.3500000000         4.3590827814
        4.4150000000         1.3500000000         4.3017412073
        4.4200000000         1.3500000000         4.2342055756
        4.4250000000         1.3500000000         4.1806867731
        4.4300000000         1.3500000000         4.1195224274
        4.4350000000         1.3500000000         4.0660036250
        4.4400000000         1.3500000000         4.0022907649
        4.4450000000         1.3500000000         3.9462234480
        4.4500000000         1.3500000000         3.8850591023
        4.4550000000         1.3500000000         3.8277175282
        4.4600000000         1.3500000000         3.7716502113
        4.4650000000         1.3500000000         3.7079373512
        4.4700000000         1.3500000000         3.6531442915
        4.4750000000         1.3500000000         3.5881571742
        4.4800000000         1.3500000000         3.5333641145
        4.4850000000         1.3500000000         3.4734740260
        4.4900000000         1.3500000000         3.4212294807
        4.4950000000         1.3500000000         3.3536938490
        4.5000000000         1.3500000000         3.3001750465
        4.5050000000         1.3500000000         3.2364621864
        4.5100000000         1.3500000000         3.1791206123
        4.5150000000         1.3500000000         3.1230532954
        4.5200000000         1.3500000000         3.0657117213
        4.5250000000         1.3500000000         3.0045473756
        4.5300000000         1.3500000000         2.9472058015
        4.5350000000         1.3500000000         2.8898642274
        4.5400000000         1.3500000000         2.8286998817
        4.5450000000         1.3500000000         2.7891979085
        4.5500000000         1.3500000000         2.7127424763
        4.5550000000         1.3500000000         2.6604979310
        4.5600000000         1.3500000000         2.5967850709
        4.5650000000         1.3500000000         2.5394434968
        4.5700000000         1.3500000000         2.4846504371
        4.5750000000         1.3500000000         2.4183890626
        4.5800000000         1.3500000000         2.3648702602
        4.5850000000         1.3500000000         2.3088029433
        4.5900000000         1.3500000000         2.2489128548
        4.5950000000         1.3500000000         2.1902970235
        4.6000000000         1.3500000000         2.1304069350
        4.6050000000         1.3500000000         2.0743396181
        4.6100000000         1.3500000000         2.0195465584
        4.6150000000         1.3500000000         1.9609307271
        4.6200000000         1.3500000000         1.9023148958
        4.6250000000         1.3500000000         1.8436990645
        4.6300000000         1.3500000000         1.7940030336
        4.6350000000         1.3500000000         1.7366614595
        4.6400000000         1.3500000000         1.6805941426
        4.6450000000         1.3500000000         1.6219783113
        4.6500000000         1.3500000000         1.5646367372
        4.6550000000         1.3500000000         1.5200377352
        4.6600000000         1.3500000000         1.4499535890
        4.6650000000         1.3500000000         1.3938862722
        4.6700000000         1.3500000000         1.3416417269
        4.6750000000         1.3500000000         1.2830258956
        4.6800000000         1.3500000000         1.2244100643
        4.6850000000         1.3500000000         1.1708912618
        4.6900000000         1.3500000000         1.1110011733
        4.6950000000         1.3500000000         1.0549338564
        4.7000000000         1.3500000000         0.9937695107
        4.7050000000         1.3500000000         0.9415249654
        4.7100000000         1.3500000000         0.8803606197
        4.7150000000         1.3500000000         0.8281160744
        4.7200000000         1.3500000000         0.7682259859
        4.7250000000         1.3500000000         0.7121586690
        4.7300000000         1.3500000000         0.6522685805
        4.7350000000         1.3500000000         0.5962012636
        4.7400000000         1.3500000000         0.5401339467
        4.7450000000         1.3500000000         0.4776953438
        4.7500000000         1.3500000000         0.4241765414
        4.7550000000         1.3500000000         0.3617379384
        4.7600000000         1.3500000000         0.3082191360
        4.7650000000         1.3500000000         0.2432320187
        4.7700000000         1.3500000000         0.1884389590
        4.7750000000         1.3500000000         0.1310973849
        4.7800000000         1.3500000000         0.0737558108
        4.7850000000         1.3500000000         0.0151399795
        4.7900000000         1.3500000000        -0.0001511069
        4.7950000000         1.3500000000         0.0062201791
        4.8000000000         1.3500000000         1.0957100869
        4.8050000000         1.3500000000         5.0637470142
        4.8100000000         1.3500000000         5.0675697858
        4.8150000000         1.3500000000         5.0446331562
        4.8200000000         1.3500000000         4.9885658393
        4.8250000000         1.3500000000         4.9274014936
        4.8300000000         1.3500000000         4.8662371479
        4.8350000000         1.3500000000         4.8063470594
        4.8400000000         1.3500000000         4.7426341993
        4.8450000000         1.3500000000         4.6852926252
        4.8500000000         1.3500000000         4.6203055079
        4.8550000000         1.3500000000         4.5667867054
        4.8600000000         1.3500000000         4.5017995881
        4.8650000000         1.3500000000         4.4419094996
        4.8700000000         1.3500000000         4.3820194111
        4.8750000000         1.3500000000         4.3234035798
        4.8800000000         1.3500000000         4.2686105201
        4.8850000000         1.3500000000         4.2036234028
        4.8900000000         1.3500000000         4.1450075715
        4.8950000000         1.3500000000         4.0927630262
        4.9000000000         1.3500000000         4.0303244233
        4.9050000000         1.3500000000         3.9729828492
        4.9100000000         1.3500000000         3.9130927607
        4.9150000000         1.3500000000         3.8544769294
        4.9200000000         1.3500000000         3.8111521845
        4.9250000000         1.3500000000         3.7334224952
        4.9300000000         1.3500000000         3.6786294355
        4.9350000000         1.3500000000         3.6187393470
        4.9400000000         1.3500000000         3.5601235157
        4.9450000000         1.3500000000         3.5040561988
        4.9500000000         1.3500000000         3.4479888819
        4.9550000000         1.3500000000         3.3830017646
        4.9600000000         1.3500000000         3.3269344477
        4.9650000000         1.3500000000         3.2644958448
        4.9700000000         1.3500000000         3.2020572419
        4.9750000000         1.3500000000         3.1523612111
        4.9800000000         1.3500000000         3.0899226081
        4.9850000000         1.3500000000         3.0287582624
        4.9900000000         1.3500000000         2.9752394600
        4.9950000000         1.3500000000         2.9178978859
        5.0000000000         1.3500000000         2.8580077974
        5.0050000000         1.3500000000         2.8006662233
        5.0100000000         1.3500000000         2.7420503920
        5.0150000000         1.3500000000         2.6796117891
        5.0200000000         1.3500000000         2.6222702150
        5.0250000000         1.3500000000         2.5662028981
        5.0300000000         1.3500000000         2.5063128096
        5.0350000000         1.3500000000         2.4489712355
        5.0400000000         1.3500000000         2.3878068898
        5.0450000000         1.3500000000         2.3317395729
        5.0500000000         1.3500000000         2.2743979988
        5.0550000000         1.3500000000         2.2106851387
        5.0600000000         1.3500000000         2.1546178218
        5.0650000000         1.3500000000         2.0972762477
        5.0700000000         1.3500000000         2.0322891304
        5.0750000000         1.3500000000         1.9825930995
        5.0800000000         1.3500000000         1.9214287538
        5.0850000000         1.3500000000         1.8640871797
        5.0900000000         1.3500000000         1.8092941200
        5.0950000000         1.3500000000         1.7481297743
        5.1000000000         1.3500000000         1.6933367146
        5.1050000000         1.3500000000         1.6334466261
        5.1100000000         1.3500000000         1.5837505953
        5.1150000000         1.3500000000         1.5238605068
        5.1200000000         1.3500000000         1.4677931899
        5.1250000000         1.3500000000         1.4117258730
        5.1300000000         1.3500000000         1.3518357845
        5.1350000000         1.3500000000         1.2970427248
        5.1400000000         1.3500000000         1.2346041219
        5.1450000000         1.3500000000         1.1798110622
        5.1500000000         1.3500000000         1.1237437453
        5.1550000000         1.3500000000         1.0638536568
        5.1600000000         1.3500000000         1.0128833687
        5.1650000000         1.3500000000         0.9491705086
        5.1700000000         1.3500000000         0.8943774489
        5.1750000000         1.3500000000         0.8344873604
        5.1800000000         1.3500000000         0.7796943007
        5.1850000000         1.3500000000         0.7172556978
        5.1900000000         1.3500000000         0.6637368953
        5.1950000000         1.3500000000         0.5987497780
        5.2000000000         1.3500000000         0.5477794900
        5.2050000000         1.3500000000         0.4853408871
        5.2100000000         1.3500000000         0.4318220846
        5.2150000000         1.3500000000         0.3706577389
        5.2200000000         1.3500000000         0.3120419076
        5.2250000000         1.3500000000         0.2521518191
        5.2300000000         1.3500000000         0.1960845022
        5.2350000000         1.3500000000         0.1298231277
        5.2400000000         1.3500000000         0.0763043252
        5.2450000000         1.3500000000         0.0151399795
        5.2500000000         1.3500000000        -0.0001511069
        5.2550000000         1.3500000000         0.0011231503
        5.2600000000         1.3500000000         1.1059041445
        5.2650000000         1.3500000000         5.0675697858
        5.2700000000         1.3500000000         5.0675697858
        5.2750000000         1.3500000000         5.0484559278
        5.2800000000         1.3500000000         4.9936628681
        5.2850000000         1.3500000000         4.9299500080
        5.2900000000         1.3500000000         4.8700599195
        5.2950000000         1.3500000000         4.8025242878
        5.3000000000         1.3500000000         4.7490054853
        5.3050000000         1.3500000000         4.6840183680
        5.3100000000         1.3500000000         4.6317738227
        5.3150000000         1.3500000000         4.5680609626
        5.3200000000         1.3500000000         4.5068966169
        5.3250000000         1.3500000000         4.4495550428
        5.3300000000         1.3500000000         4.3832936683
        5.3350000000         1.3500000000         4.3259520942
        5.3400000000         1.3500000000         4.2686105201
        5.3450000000         1.3500000000         4.2112689460
        5.3500000000         1.3500000000         4.1552016291
        5.3550000000         1.3500000000         4.0902145118
        5.3600000000         1.3500000000         4.0354214521
        5.3650000000         1.3500000000         3.9806283924
        5.3700000000         1.3500000000         3.9169155323
        5.3750000000         1.3500000000         3.8557511866
        5.3800000000         1.3500000000         3.8035066413
        5.3850000000         1.3500000000         3.7397937812
        5.3900000000         1.3500000000         3.6875492359
        5.3950000000         1.3500000000         3.6251106330
        5.4000000000         1.3500000000         3.5652205445
        5.4050000000         1.3500000000         3.5091532276
        5.4100000000         1.3500000000         3.4492631391
        5.4150000000         1.3500000000         3.3893730506
        5.4200000000         1.3500000000         3.3371285054
        5.4250000000         1.3500000000         3.2759641597
        5.4300000000         1.3500000000         3.2186225856
        5.4350000000         1.3500000000         3.1625552687
        5.4400000000         1.3500000000         3.1064879518
        5.4450000000         1.3500000000         3.0427750917
        5.4500000000         1.3500000000         2.9918048036
        5.4550000000         1.3500000000         2.9319147151
        5.4600000000         1.3500000000         2.8873157130
        5.4650000000         1.3500000000         2.8185058241
        5.4700000000         1.3500000000         2.7586157356
        5.4750000000         1.3500000000         2.7012741615
        5.4800000000         1.3500000000         2.6426583302
        5.4850000000         1.3500000000         2.5814939845
        5.4900000000         1.3500000000         2.5317979536
        5.4950000000         1.3500000000         2.4655365791
        5.5000000000         1.3500000000         2.4145662910
        5.5050000000         1.3500000000         2.3495791737
        5.5100000000         1.3500000000         2.2947861140
        5.5150000000         1.3500000000         2.2336217683
        5.5200000000         1.3500000000         2.1788287086
        5.5250000000         1.3500000000         2.1227613918
        5.5300000000         1.3500000000         2.0628713033
        5.5350000000         1.3500000000         2.0068039864
        5.5400000000         1.3500000000         1.9520109267
        5.5450000000         1.3500000000         1.8933950954
        5.5500000000         1.3500000000         1.8347792641
        5.5550000000         1.3500000000         1.7825347188
        5.5600000000         1.3500000000         1.7341129451
        5.5650000000         1.3500000000         1.6678515706
        5.5700000000         1.3500000000         1.6143327681
        5.5750000000         1.3500000000         1.5557169368
        5.5800000000         1.3500000000         1.4958268483
        5.5850000000         1.3500000000         1.4448565602
        5.5900000000         1.3500000000         1.3875149861
        5.5950000000         1.3500000000         1.3288991548
        5.6000000000         1.3500000000         1.2702833235
        5.6050000000         1.3500000000         1.2116674923
        5.6100000000         1.3500000000         1.1530516610
        5.6150000000         1.3500000000         1.1033556301
        5.6200000000         1.3500000000         1.0460140560
        5.6250000000         1.3500000000         0.9810269387
        5.6300000000         1.3500000000         0.9300566506
        5.6350000000         1.3500000000         0.8727150765
        5.6400000000         1.3500000000         0.8140992452
        5.6450000000         1.3500000000         0.7529348995
        5.6500000000         1.3500000000         0.7045131258
        5.6550000000         1.3500000000         0.6395260085
        5.6600000000         1.3500000000         0.5847329488
        5.6650000000         1.3500000000         0.5248428603
        5.6700000000         1.3500000000         0.4675012862
        5.6750000000         1.3500000000         0.4063369405
        5.6800000000         1.3500000000         0.3489953664
        5.6850000000         1.3500000000         0.2980250783
        5.6900000000         1.3500000000         0.2343122182
        5.6950000000         1.3500000000         0.1795191585
        5.7000000000         1.3500000000         0.1221775845
        5.7050000000         1.3500000000         0.0571904671
        5.7100000000         1.3500000000         0.0036716647
        5.7150000000         1.3500000000        -0.0001511069
        5.7200000000         1.3500000000        -0.0001511069
        5.7250000000         1.3500000000         1.1352120601
        5.7300000000         1.3500000000         5.0624727570
        5.7350000000         1.3500000000         5.0675697858
        5.7400000000         1.3500000000         5.0382618702
        5.7450000000         1.3500000000         4.9732747529
        5.7500000000         1.3500000000         4.9210302076
        5.7550000000         1.3500000000         4.8573173475
        5.7600000000         1.3500000000         4.7948787446
        5.7650000000         1.3500000000         4.7362629133
        5.7700000000         1.3500000000         4.6712757960
        5.7750000000         1.3500000000         4.6075629359
        5.7800000000         1.3500000000         4.5578669050
        5.7850000000         1.3500000000         4.4877827589
        5.7900000000         1.3500000000         4.4278926704
        5.7950000000         1.3500000000         4.3718253535
        5.8000000000         1.3500000000         4.3132095222
        5.8050000000         1.3500000000         4.2558679481
        5.8100000000         1.3500000000         4.1959778596
        5.8150000000         1.3500000000         4.1348135139
        5.8200000000         1.3500000000         4.0774719398
        5.8250000000         1.3500000000         4.0214046229
        5.8300000000         1.3500000000         3.9691600776
        5.8350000000         1.3500000000         3.9054472175
        5.8400000000         1.3500000000         3.8481056434
        5.8450000000         1.3500000000         3.7856670405
