        0.0000000000         1.8000000000         3.9309323615
        0.0050000000         1.8000000000         3.9322066187
        0.0100000000         1.8000000000         3.9309323615
        0.0150000000         1.8000000000         3.9322066187
        0.0200000000         1.8000000000         3.9283838471
        0.0250000000         1.8000000000         3.9207383039
        0.0300000000         1.8000000000         3.9130927607
        0.0350000000         1.8000000000         3.9041729603
        0.0400000000         1.8000000000         3.8901561311
        0.0450000000         1.8000000000         3.8748650446
        0.0500000000         1.8000000000         3.8621224726
        0.0550000000         1.8000000000         3.8404601002
        0.0600000000         1.8000000000         3.8277175282
        0.0650000000         1.8000000000         3.8022323841
        0.0700000000         1.8000000000         3.7843927833
        0.0750000000         1.8000000000         3.7652789253
        0.0800000000         1.8000000000         3.7487135816
        0.0850000000         1.8000000000         3.7295997236
        0.0900000000         1.8000000000         3.6990175508
        0.0950000000         1.8000000000         3.6824522071
        0.1000000000         1.8000000000         3.6569670631
        0.1050000000         1.8000000000         3.6314819190
        0.1100000000         1.8000000000         3.6136423182
        0.1150000000         1.8000000000         3.5817858882
        0.1200000000         1.8000000000         3.5639462873
        0.1250000000         1.8000000000         3.5333641145
        0.1300000000         1.8000000000         3.5117017420
        0.1350000000         1.8000000000         3.4874908552
        0.1400000000         1.8000000000         3.4620057112
        0.1450000000         1.8000000000         3.4403433387
        0.1500000000         1.8000000000         3.4110354231
        0.1550000000         1.8000000000         3.3830017646
        0.1600000000         1.8000000000         3.3575166206
        0.1650000000         1.8000000000         3.3294829621
        0.1700000000         1.8000000000         3.3001750465
        0.1750000000         1.8000000000         3.2759641597
        0.1800000000         1.8000000000         3.2441077296
        0.1850000000         1.8000000000         3.2147998140
        0.1900000000         1.8000000000         3.1842176411
        0.1950000000         1.8000000000         3.1638295259
        0.2000000000         1.8000000000         3.1306988386
        0.2050000000         1.8000000000         3.0975681514
        0.2100000000         1.8000000000         3.0720830073
        0.2150000000         1.8000000000         3.0427750917
        0.2200000000         1.8000000000         3.0121929188
        0.2250000000         1.8000000000         2.9854335176
        0.2300000000         1.8000000000         2.9510285731
        0.2350000000         1.8000000000         2.9268176863
        0.2400000000         1.8000000000         2.8987840278
        0.2450000000         1.8000000000         2.8656533406
        0.2500000000         1.8000000000         2.8376196821
        0.2550000000         1.8000000000         2.8057632521
        0.2600000000         1.8000000000         2.7777295936
        0.2650000000         1.8000000000         2.7395018776
        0.2700000000         1.8000000000         2.7165652479
        0.2750000000         1.8000000000         2.6872573323
        0.2800000000         1.8000000000         2.6554009022
        0.2850000000         1.8000000000         2.6222702150
        0.2900000000         1.8000000000         2.5942365565
        0.2950000000         1.8000000000         2.5662028981
        0.3000000000         1.8000000000         2.5317979536
        0.3050000000         1.8000000000         2.5063128096
        0.3100000000         1.8000000000         2.4744563795
        0.3150000000         1.8000000000         2.4425999495
        0.3200000000         1.8000000000         2.4094692622
        0.3250000000         1.8000000000         2.3801613466
        0.3300000000         1.8000000000         2.3419336305
        0.3350000000         1.8000000000         2.3189970009
        0.3400000000         1.8000000000         2.2871405708
        0.3450000000         1.8000000000         2.2540098836
        0.3500000000         1.8000000000         2.2183306819
        0.3550000000         1.8000000000         2.1890227663
        0.3600000000         1.8000000000         2.1597148506
        0.3650000000         1.8000000000         2.1240356490
        0.3700000000         1.8000000000         2.0947277333
        0.3750000000         1.8000000000         2.0641455605
        0.3800000000         1.8000000000         2.0348376448
        0.3850000000         1.8000000000         2.0131752724
        0.3900000000         1.8000000000         1.9698505275
        0.3950000000         1.8000000000         1.9456396407
        0.4000000000         1.8000000000         1.9188802394
        0.4050000000         1.8000000000         1.8806525234
        0.4100000000         1.8000000000         1.8475218361
        0.4150000000         1.8000000000         1.8207624349
        0.4200000000         1.8000000000         1.7863574904
        0.4250000000         1.8000000000         1.7557753175
        0.4300000000         1.8000000000         1.7328386879
        0.4350000000         1.8000000000         1.6997080007
        0.4400000000         1.8000000000         1.6742228566
        0.4450000000         1.8000000000         1.6436406838
        0.4500000000         1.8000000000         1.6117842537
        0.4550000000         1.8000000000         1.5850248525
        0.4600000000         1.8000000000         1.5544426796
        0.4650000000         1.8000000000         1.5264090212
        0.4700000000         1.8000000000         1.4958268483
        0.4750000000         1.8000000000         1.4703417043
        0.4800000000         1.8000000000         1.4410337886
        0.4850000000         1.8000000000         1.4104516158
        0.4900000000         1.8000000000         1.3798694429
        0.4950000000         1.8000000000         1.3505615273
        0.5000000000         1.8000000000         1.3174308400
        0.5050000000         1.8000000000         1.2932199532
        0.5100000000         1.8000000000         1.2600892659
        0.5150000000         1.8000000000         1.2333298647
        0.5200000000         1.8000000000         1.2014734346
        0.5250000000         1.8000000000         1.1810853194
        0.5300000000         1.8000000000         1.1492288893
        0.5350000000         1.8000000000         1.1262922597
        0.5400000000         1.8000000000         1.0893388008
        0.5450000000         1.8000000000         1.0638536568
        0.5500000000         1.8000000000         1.0332714840
        0.5550000000         1.8000000000         1.0077863399
        0.5600000000         1.8000000000         0.9746556527
        0.5650000000         1.8000000000         0.9542675374
        0.5700000000         1.8000000000         0.9249596218
        0.5750000000         1.8000000000         0.8956517061
        0.5800000000         1.8000000000         0.8714408193
        0.5850000000         1.8000000000         0.8408586464
        0.5900000000         1.8000000000         0.8128249880
        0.5950000000         1.8000000000         0.7873398440
        0.6000000000         1.8000000000         0.7567576711
        0.6050000000         1.8000000000         0.7274497555
        0.6100000000         1.8000000000         0.7121586690
        0.6150000000         1.8000000000         0.6701081814
        0.6200000000         1.8000000000         0.6458972945
        0.6250000000         1.8000000000         0.6191378933
        0.6300000000         1.8000000000         0.5885557204
        0.6350000000         1.8000000000         0.5605220620
        0.6400000000         1.8000000000         0.5337626607
        0.6450000000         1.8000000000         0.5070032595
        0.6500000000         1.8000000000         0.4751468294
        0.6550000000         1.8000000000         0.4534844570
        0.6600000000         1.8000000000         0.4203537697
        0.6650000000         1.8000000000         0.3948686257
        0.6700000000         1.8000000000         0.3655607101
        0.6750000000         1.8000000000         0.3413498232
        0.6800000000         1.8000000000         0.3145904220
        0.6850000000         1.8000000000         0.2840082491
        0.6900000000         1.8000000000         0.2585231051
        0.6950000000         1.8000000000         0.2266666750
        0.7000000000         1.8000000000         0.2024557882
        0.7050000000         1.8000000000         0.1756963869
        0.7100000000         1.8000000000         0.1463884713
        0.7150000000         1.8000000000         0.1209033273
        0.7200000000         1.8000000000         0.0941439260
        0.7250000000         1.8000000000         0.0661102676
        0.7300000000         1.8000000000         0.0431736379
        0.7350000000         1.8000000000         0.0125914651
        0.7400000000         1.8000000000         0.0049459219
        0.7450000000         1.8000000000        -0.0001511069
        0.7500000000         1.8000000000        -0.0014253642
        0.7550000000         1.8000000000        -0.0001511069
        0.7600000000         1.8000000000         0.0062201791
        0.7650000000         1.8000000000         1.1173724593
        0.7700000000         1.8000000000         1.1224694881
        0.7750000000         1.8000000000         5.0688440430
        0.7800000000         1.8000000000         5.0637470142
        0.7850000000         1.8000000000         5.0662955286
        0.7900000000         1.8000000000         5.0637470142
        0.7950000000         1.8000000000         5.0586499854
        0.8000000000         1.8000000000         5.0255192981
        0.8050000000         1.8000000000         5.0000341541
        0.8100000000         1.8000000000         4.9669034668
        0.8150000000         1.8000000000         4.9350470368
        0.8200000000         1.8000000000         4.9070133783
        0.8250000000         1.8000000000         4.8764312055
        0.8300000000         1.8000000000         4.8471232898
        0.8350000000         1.8000000000         4.8127183454
        0.8400000000         1.8000000000         4.7834104297
        0.8450000000         1.8000000000         4.7515539997
        0.8500000000         1.8000000000         4.7171490552
        0.8550000000         1.8000000000         4.6916639112
        0.8600000000         1.8000000000         4.6559847095
        0.8650000000         1.8000000000         4.6266767939
        0.8700000000         1.8000000000         4.5960946210
        0.8750000000         1.8000000000         4.5629639338
        0.8800000000         1.8000000000         4.5323817609
        0.8850000000         1.8000000000         4.4992510737
        0.8900000000         1.8000000000         4.4775887012
        0.8950000000         1.8000000000         4.4419094996
        0.9000000000         1.8000000000         4.4138758411
        0.9050000000         1.8000000000         4.3769223823
        0.9100000000         1.8000000000         4.3539857526
        0.9150000000         1.8000000000         4.3234035798
        0.9200000000         1.8000000000         4.2889986353
        0.9250000000         1.8000000000         4.2647877485
        0.9300000000         1.8000000000         4.2367540900
        0.9350000000         1.8000000000         4.2036234028
        0.9400000000         1.8000000000         4.1768640015
        0.9450000000         1.8000000000         4.1450075715
        0.9500000000         1.8000000000         4.1169739130
        0.9550000000         1.8000000000         4.0889402546
        0.9600000000         1.8000000000         4.0558095673
        0.9650000000         1.8000000000         4.0290501661
        0.9700000000         1.8000000000         3.9959194788
        0.9750000000         1.8000000000         3.9704343348
        0.9800000000         1.8000000000         3.9411264192
        0.9850000000         1.8000000000         3.9067214747
        0.9900000000         1.8000000000         3.8774135590
        0.9950000000         1.8000000000         3.8493799006
        1.0000000000         1.8000000000         3.8162492133
        1.0050000000         1.8000000000         3.7869412977
        1.0100000000         1.8000000000         3.7550848676
        1.0150000000         1.8000000000         3.7283254664
        1.0200000000         1.8000000000         3.6850007215
        1.0250000000         1.8000000000         3.6658868635
        1.0300000000         1.8000000000         3.6327561762
        1.0350000000         1.8000000000         3.6021740034
        1.0400000000         1.8000000000         3.5703175733
        1.0450000000         1.8000000000         3.5410096577
        1.0500000000         1.8000000000         3.5053304560
        1.0550000000         1.8000000000         3.4811195692
        1.0600000000         1.8000000000         3.4416175959
        1.0650000000         1.8000000000         3.4148581947
        1.0700000000         1.8000000000         3.3868245362
        1.0750000000         1.8000000000         3.3511453346
        1.0800000000         1.8000000000         3.3218374189
        1.0850000000         1.8000000000         3.2887067317
        1.0900000000         1.8000000000         3.2555760444
        1.0950000000         1.8000000000         3.2262681288
        1.1000000000         1.8000000000         3.1931374415
        1.1050000000         1.8000000000         3.1651037831
        1.1100000000         1.8000000000         3.1306988386
        1.1150000000         1.8000000000         3.0962938942
        1.1200000000         1.8000000000         3.0644374641
        1.1250000000         1.8000000000         3.0364038057
        1.1300000000         1.8000000000         2.9969018324
        1.1350000000         1.8000000000         2.9663196595
        1.1400000000         1.8000000000         2.9306404579
        1.1450000000         1.8000000000         2.9038810566
        1.1500000000         1.8000000000         2.8682018550
        1.1550000000         1.8000000000         2.8388939393
        1.1600000000         1.8000000000         2.8044889949
        1.1650000000         1.8000000000         2.7751810792
        1.1700000000         1.8000000000         2.7395018776
        1.1750000000         1.8000000000         2.7140167335
        1.1800000000         1.8000000000         2.6783375319
        1.1850000000         1.8000000000         2.6477553590
        1.1900000000         1.8000000000         2.6146246718
        1.1950000000         1.8000000000         2.5802197273
        1.2000000000         1.8000000000         2.5458147829
        1.2050000000         1.8000000000         2.5203296388
        1.2100000000         1.8000000000         2.4859246944
        1.2150000000         1.8000000000         2.4553425215
        1.2200000000         1.8000000000         2.4171148054
        1.2250000000         1.8000000000         2.3890811470
        1.2300000000         1.8000000000         2.3546762025
        1.2350000000         1.8000000000         2.3393851161
        1.2400000000         1.8000000000         2.2896890852
        1.2450000000         1.8000000000         2.2603811696
        1.2500000000         1.8000000000         2.2272504823
        1.2550000000         1.8000000000         2.1915712807
        1.2600000000         1.8000000000         2.1660861366
        1.2650000000         1.8000000000         2.1329554494
        1.2700000000         1.8000000000         2.1023732765
        1.2750000000         1.8000000000         2.0666940749
        1.2800000000         1.8000000000         2.0386604164
        1.2850000000         1.8000000000         2.0029812148
        1.2900000000         1.8000000000         1.9749475563
        1.2950000000         1.8000000000         1.9367198402
        1.3000000000         1.8000000000         1.9099604390
        1.3050000000         1.8000000000         1.8793782662
        1.3100000000         1.8000000000         1.8436990645
        1.3150000000         1.8000000000         1.8143911488
        1.3200000000         1.8000000000         1.7825347188
        1.3250000000         1.8000000000         1.7532268031
        1.3300000000         1.8000000000         1.7239188875
        1.3350000000         1.8000000000         1.6920624574
        1.3400000000         1.8000000000         1.6627545418
        1.3450000000         1.8000000000         1.6283495973
        1.3500000000         1.8000000000         1.5977674245
        1.3550000000         1.8000000000         1.5633624800
        1.3600000000         1.8000000000         1.5353288216
        1.3650000000         1.8000000000         1.5072951631
        1.3700000000         1.8000000000         1.4754387331
        1.3750000000         1.8000000000         1.4474050746
        1.3800000000         1.8000000000         1.4155486446
        1.3850000000         1.8000000000         1.3875149861
        1.3900000000         1.8000000000         1.3556585561
        1.3950000000         1.8000000000         1.3288991548
        1.4000000000         1.8000000000         1.2944942104
        1.4050000000         1.8000000000         1.2677348091
        1.4100000000         1.8000000000         1.2384268935
        1.4150000000         1.8000000000         1.2103932350
        1.4200000000         1.8000000000         1.1836338338
        1.4250000000         1.8000000000         1.1530516610
        1.4300000000         1.8000000000         1.1275665169
        1.4350000000         1.8000000000         1.0957100869
        1.4400000000         1.8000000000         1.0689506856
        1.4450000000         1.8000000000         1.0370942556
        1.4500000000         1.8000000000         1.0065120827
        1.4550000000         1.8000000000         0.9772041671
        1.4600000000         1.8000000000         0.9478962514
        1.4650000000         1.8000000000         0.9249596218
        1.4700000000         1.8000000000         0.8943774489
        1.4750000000         1.8000000000         0.8612467617
        1.4800000000         1.8000000000         0.8357616176
        1.4850000000         1.8000000000         0.8026309304
        1.4900000000         1.8000000000         0.7745972719
        1.4950000000         1.8000000000         0.7491121279
        1.5000000000         1.8000000000         0.7185299550
        1.5050000000         1.8000000000         0.6917705538
        1.5100000000         1.8000000000         0.6637368953
        1.5150000000         1.8000000000         0.6318804653
        1.5200000000         1.8000000000         0.6051210640
        1.5250000000         1.8000000000         0.5732646340
        1.5300000000         1.8000000000         0.5516022616
        1.5350000000         1.8000000000         0.5171973171
        1.5400000000         1.8000000000         0.4955349447
        1.5450000000         1.8000000000         0.4624042574
        1.5500000000         1.8000000000         0.4394676278
        1.5550000000         1.8000000000         0.4076111977
        1.5600000000         1.8000000000         0.3757547677
        1.5650000000         1.8000000000         0.3528181380
        1.5700000000         1.8000000000         0.3247844796
        1.5750000000         1.8000000000         0.3005735927
        1.5800000000         1.8000000000         0.2712656771
        1.5850000000         1.8000000000         0.2394092470
        1.5900000000         1.8000000000         0.2113755886
        1.5950000000         1.8000000000         0.1871647018
        1.6000000000         1.8000000000         0.1591310433
        1.6050000000         1.8000000000         0.1285488705
        1.6100000000         1.8000000000         0.1043379836
        1.6150000000         1.8000000000         0.0775785824
        1.6200000000         1.8000000000         0.0469964095
        1.6250000000         1.8000000000         0.0202370083
        1.6300000000         1.8000000000        -0.0001511069
        1.6350000000         1.8000000000        -0.0014253642
        1.6400000000         1.8000000000         0.0049459219
        1.6450000000         1.8000000000        -0.0026996214
        1.6500000000         1.8000000000         0.0049459219
        1.6550000000         1.8000000000         1.1250180025
        1.6600000000         1.8000000000         1.1301150313
        1.6650000000         1.8000000000         5.0548272138
        1.6700000000         1.8000000000         5.0675697858
        1.6750000000         1.8000000000         5.0701183002
        1.6800000000         1.8000000000         5.0650212714
        1.6850000000         1.8000000000         5.0599242426
        1.6900000000         1.8000000000         5.0267935553
        1.6950000000         1.8000000000         4.9987598969
        1.7000000000         1.8000000000         4.9605321808
        1.7050000000         1.8000000000         4.9375955512
        1.7100000000         1.8000000000         4.8968193207
        1.7150000000         1.8000000000         4.8751569483
        1.7200000000         1.8000000000         4.8356549750
        1.7250000000         1.8000000000         4.8114440882
        1.7300000000         1.8000000000         4.7795876581
        1.7350000000         1.8000000000         4.7451827137
        1.7400000000         1.8000000000         4.7158747980
        1.7450000000         1.8000000000         4.6878411396
        1.7500000000         1.8000000000         4.6508876807
        1.7550000000         1.8000000000         4.6241282795
        1.7600000000         1.8000000000         4.5884490778
        1.7650000000         1.8000000000         4.5591411622
        1.7700000000         1.8000000000         4.5285589893
        1.7750000000         1.8000000000         4.4954283021
        1.7800000000         1.8000000000         4.4712174152
        1.7850000000         1.8000000000         4.4406352424
        1.7900000000         1.8000000000         4.4075045551
        1.7950000000         1.8000000000         4.3769223823
        1.8000000000         1.8000000000         4.3527114954
        1.8050000000         1.8000000000         4.3221293226
        1.8100000000         1.8000000000         4.2902728925
        1.8150000000         1.8000000000         4.2596907197
        1.8200000000         1.8000000000         4.2316570612
        1.8250000000         1.8000000000         4.1998006312
        1.8300000000         1.8000000000         4.1730412299
        1.8350000000         1.8000000000         4.1424590571
        1.8400000000         1.8000000000         4.1156996558
        1.8450000000         1.8000000000         4.0825689686
        1.8500000000         1.8000000000         4.0507125385
        1.8550000000         1.8000000000         4.0188561085
        1.8600000000         1.8000000000         3.9908224500
        1.8650000000         1.8000000000         3.9640630488
        1.8700000000         1.8000000000         3.9232868183
        1.8750000000         1.8000000000         3.8978016743
        1.8800000000         1.8000000000         3.8723165302
        1.8850000000         1.8000000000         3.8366373286
        1.8900000000         1.8000000000         3.8022323841
        1.8950000000         1.8000000000         3.7767472401
        1.9000000000         1.8000000000         3.7410680384
        1.9050000000         1.8000000000         3.7130343800
        1.9100000000         1.8000000000         3.6837264643
        1.9150000000         1.8000000000         3.6531442915
        1.9200000000         1.8000000000         3.6187393470
        1.9250000000         1.8000000000         3.5856086598
        1.9300000000         1.8000000000         3.5563007441
        1.9350000000         1.8000000000         3.5218957997
        1.9400000000         1.8000000000         3.4913136268
        1.9450000000         1.8000000000         3.4556344252
        1.9500000000         1.8000000000         3.4301492811
        1.9550000000         1.8000000000         3.3931958222
        1.9600000000         1.8000000000         3.3613393922
        1.9650000000         1.8000000000         3.3294829621
        1.9700000000         1.8000000000         3.3027235609
        1.9750000000         1.8000000000         3.2695928736
        1.9800000000         1.8000000000         3.2339136720
        1.9850000000         1.8000000000         3.1982344703
        1.9900000000         1.8000000000         3.1727493263
        1.9950000000         1.8000000000         3.1370701246
        2.0000000000         1.8000000000         3.1013909230
        2.0050000000         1.8000000000         3.0708087501
        2.0100000000         1.8000000000         3.0389523201
        2.0150000000         1.8000000000         3.0083701472
        2.0200000000         1.8000000000         2.9739652028
        2.0250000000         1.8000000000         2.9446572871
        2.0300000000         1.8000000000         2.9102523427
        2.0350000000         1.8000000000         2.8732988838
        2.0400000000         1.8000000000         2.8490879970
        2.0450000000         1.8000000000         2.8134087953
        2.0500000000         1.8000000000         2.7802781080
        2.0550000000         1.8000000000         2.7509701924
        2.0600000000         1.8000000000         2.7114682191
        2.0650000000         1.8000000000         2.6847088179
        2.0700000000         1.8000000000         2.6490296162
        2.0750000000         1.8000000000         2.6171731862
        2.0800000000         1.8000000000         2.5853167561
        2.0850000000         1.8000000000         2.5509118117
        2.0900000000         1.8000000000         2.5139583528
        2.0950000000         1.8000000000         2.4884732088
        2.1000000000         1.8000000000         2.4527940071
        2.1050000000         1.8000000000         2.4234860914
        2.1100000000         1.8000000000         2.3839841182
        2.1150000000         1.8000000000         2.3572247169
        2.1200000000         1.8000000000         2.3228197725
        2.1250000000         1.8000000000         2.2845920564
        2.1300000000         1.8000000000         2.2591069124
        2.1350000000         1.8000000000         2.2208791963
        2.1400000000         1.8000000000         2.1953940523
        2.1450000000         1.8000000000         2.1571663362
        2.1500000000         1.8000000000         2.1265841634
        2.1550000000         1.8000000000         2.0921792189
        2.1600000000         1.8000000000         2.0641455605
        2.1650000000         1.8000000000         2.0322891304
        2.1700000000         1.8000000000         1.9978841859
        2.1750000000         1.8000000000         1.9711247847
        2.1800000000         1.8000000000         1.9354455830
        2.1850000000         1.8000000000         1.9035891530
        2.1900000000         1.8000000000         1.8691842085
        2.1950000000         1.8000000000         1.8424248073
        2.2000000000         1.8000000000         1.8067456056
        2.2050000000         1.8000000000         1.7812604616
        2.2100000000         1.8000000000         1.7430327455
        2.2150000000         1.8000000000         1.7188218587
        2.2200000000         1.8000000000         1.6869654286
        2.2250000000         1.8000000000         1.6576575130
        2.2300000000         1.8000000000         1.6283495973
        2.2350000000         1.8000000000         1.5952189101
        2.2400000000         1.8000000000         1.5684595088
        2.2450000000         1.8000000000         1.5366030788
        2.2500000000         1.8000000000         1.5060209059
        2.2550000000         1.8000000000         1.4792615047
        2.2600000000         1.8000000000         1.4474050746
        2.2650000000         1.8000000000         1.4168229018
        2.2700000000         1.8000000000         1.3862407289
        2.2750000000         1.8000000000         1.3569328133
        2.2800000000         1.8000000000         1.3301734120
        2.2850000000         1.8000000000         1.3059625252
        2.2900000000         1.8000000000         1.2677348091
        2.2950000000         1.8000000000         1.2333298647
        2.3000000000         1.8000000000         1.2078447206
        2.3050000000         1.8000000000         1.1798110622
        2.3100000000         1.8000000000         1.1505031465
        2.3150000000         1.8000000000         1.1250180025
        2.3200000000         1.8000000000         1.0918873153
        2.3250000000         1.8000000000         1.0625793996
        2.3300000000         1.8000000000         1.0358199984
        2.3350000000         1.8000000000         1.0014150539
        2.3400000000         1.8000000000         0.9772041671
        2.3450000000         1.8000000000         0.9478962514
        2.3500000000         1.8000000000         0.9198625930
        2.3550000000         1.8000000000         0.8880061629
        2.3600000000         1.8000000000         0.8650695333
        2.3650000000         1.8000000000         0.8293903316
        2.3700000000         1.8000000000         0.8077279592
        2.3750000000         1.8000000000         0.7733230147
        2.3800000000         1.8000000000         0.7478378707
        2.3850000000         1.8000000000         0.7210784694
        2.3900000000         1.8000000000         0.6917705538
        2.3950000000         1.8000000000         0.6662854098
        2.4000000000         1.8000000000         0.6395260085
        2.4050000000         1.8000000000         0.6076695785
        2.4100000000         1.8000000000         0.5834586916
        2.4150000000         1.8000000000         0.5528765188
        2.4200000000         1.8000000000         0.5261171175
        2.4250000000         1.8000000000         0.4955349447
        2.4300000000         1.8000000000         0.4700498006
        2.4350000000         1.8000000000         0.4407418850
        2.4400000000         1.8000000000         0.4101597121
        2.4450000000         1.8000000000         0.3859488253
        2.4500000000         1.8000000000         0.3591894240
        2.4550000000         1.8000000000         0.3298815084
        2.4600000000         1.8000000000         0.2992993355
        2.4650000000         1.8000000000         0.2725399343
        2.4700000000         1.8000000000         0.2470547903
        2.4750000000         1.8000000000         0.2190211318
        2.4800000000         1.8000000000         0.1884389590
        2.4850000000         1.8000000000         0.1616795577
        2.4900000000         1.8000000000         0.1349201565
        2.4950000000         1.8000000000         0.1017894692
        2.5000000000         1.8000000000         0.0788528396
        2.5050000000         1.8000000000         0.0482706667
        2.5100000000         1.8000000000         0.0189627511
        2.5150000000         1.8000000000        -0.0026996214
        2.5200000000         1.8000000000         0.0036716647
        2.5250000000         1.8000000000        -0.0026996214
        2.5300000000         1.8000000000         0.0011231503
        2.5350000000         1.8000000000         0.0011231503
        2.5400000000         1.8000000000         1.0867902864
        2.5450000000         1.8000000000         1.0804190004
        2.5500000000         1.8000000000         5.0650212714
        2.5550000000         1.8000000000         5.0675697858
        2.5600000000         1.8000000000         5.0624727570
        2.5650000000         1.8000000000         5.0701183002
        2.5700000000         1.8000000000         5.0510044422
        2.5750000000         1.8000000000         5.0178737549
        2.5800000000         1.8000000000         4.9809202961
        2.5850000000         1.8000000000         4.9554351520
        2.5900000000         1.8000000000         4.9210302076
        2.5950000000         1.8000000000         4.8904480347
        2.6000000000         1.8000000000         4.8611401191
        2.6050000000         1.8000000000         4.8241866602
        2.6100000000         1.8000000000         4.7999757734
        2.6150000000         1.8000000000         4.7668450861
        2.6200000000         1.8000000000         4.7349886561
        2.6250000000         1.8000000000         4.7056807404
        2.6300000000         1.8000000000         4.6712757960
        2.6350000000         1.8000000000         4.6381451087
        2.6400000000         1.8000000000         4.6024659070
        2.6450000000         1.8000000000         4.5706094770
        2.6500000000         1.8000000000         4.5476728474
        2.6550000000         1.8000000000         4.5081708741
        2.6600000000         1.8000000000         4.4775887012
        2.6650000000         1.8000000000         4.4495550428
        2.6700000000         1.8000000000         4.4176986127
        2.6750000000         1.8000000000         4.3896649543
        2.6800000000         1.8000000000         4.3539857526
        2.6850000000         1.8000000000         4.3297748658
        2.6900000000         1.8000000000         4.2953699213
        2.6950000000         1.8000000000         4.2673362629
        2.7000000000         1.8000000000         4.2367540900
        2.7050000000         1.8000000000         4.2036234028
        2.7100000000         1.8000000000         4.1743154871
        2.7150000000         1.8000000000         4.1437333143
        2.7200000000         1.8000000000         4.1144253986
        2.7250000000         1.8000000000         4.0825689686
        2.7300000000         1.8000000000         4.0519867957
        2.7350000000         1.8000000000         4.0201303657
        2.7400000000         1.8000000000         3.9844511640
        2.7450000000         1.8000000000         3.9589660200
        2.7500000000         1.8000000000         3.9245610755
        2.7550000000         1.8000000000         3.8952531599
        2.7600000000         1.8000000000         3.8595739582
        2.7650000000         1.8000000000         3.8315402998
        2.7700000000         1.8000000000         3.7971353553
        2.7750000000         1.8000000000         3.7678274397
        2.7800000000         1.8000000000         3.7346967524
        2.7850000000         1.8000000000         3.7079373512
        2.7900000000         1.8000000000         3.6735324067
        2.7950000000         1.8000000000         3.6454987483
        2.8000000000         1.8000000000         3.6123680610
        2.8050000000         1.8000000000         3.5754146021
        2.8100000000         1.8000000000         3.5473809437
        2.8150000000         1.8000000000         3.5142502564
        2.8200000000         1.8000000000         3.4823938264
        2.8250000000         1.8000000000         3.4518116535
        2.8300000000         1.8000000000         3.4199552235
        2.8350000000         1.8000000000         3.3880987934
        2.8400000000         1.8000000000         3.3575166206
        2.8450000000         1.8000000000         3.3243859333
        2.8500000000         1.8000000000         3.2938037605
        2.8550000000         1.8000000000         3.2606730732
        2.8600000000         1.8000000000         3.2224453572
        2.8650000000         1.8000000000         3.2020572419
        2.8700000000         1.8000000000         3.1638295259
        2.8750000000         1.8000000000         3.1281503242
        2.8800000000         1.8000000000         3.1026651802
        2.8850000000         1.8000000000         3.0631632069
        2.8900000000         1.8000000000         3.0376780629
        2.8950000000         1.8000000000         3.0121929188
        2.9000000000         1.8000000000         2.9637711451
        2.9050000000         1.8000000000         2.9344632295
        2.9100000000         1.8000000000         2.9051553138
        2.9150000000         1.8000000000         2.8682018550
        2.9200000000         1.8000000000         2.8414424537
        2.9250000000         1.8000000000         2.8070375093
        2.9300000000         1.8000000000         2.7726325648
        2.9350000000         1.8000000000         2.7395018776
        2.9400000000         1.8000000000         2.7089197047
        2.9450000000         1.8000000000         2.6796117891
        2.9500000000         1.8000000000         2.6388355586
        2.9550000000         1.8000000000         2.6133504146
        2.9600000000         1.8000000000         2.5789454701
        2.9650000000         1.8000000000         2.5458147829
        2.9700000000         1.8000000000         2.5126840956
        2.9750000000         1.8000000000         2.4808276655
        2.9800000000         1.8000000000         2.4502454927
        2.9850000000         1.8000000000         2.4107435194
        2.9900000000         1.8000000000         2.3839841182
        2.9950000000         1.8000000000         2.3508534309
        3.0000000000         1.8000000000         2.3215455153
        3.0050000000         1.8000000000         2.2807692848
        3.0100000000         1.8000000000         2.2527356264
        3.0150000000         1.8000000000         2.2196049391
        3.0200000000         1.8000000000         2.1902970235
        3.0250000000         1.8000000000         2.1558920790
        3.0300000000         1.8000000000         2.1227613918
        3.0350000000         1.8000000000         2.0985505049
        3.0400000000         1.8000000000         2.0603227889
        3.0450000000         1.8000000000         2.0297406160
        3.0500000000         1.8000000000         2.0106267580
        3.0550000000         1.8000000000         1.9673020131
        3.0600000000         1.8000000000         1.9316228114
        3.0650000000         1.8000000000         1.8984921242
        3.0700000000         1.8000000000         1.8742812373
        3.0750000000         1.8000000000         1.8360535213
        3.0800000000         1.8000000000         1.8080198628
        3.0850000000         1.8000000000         1.7799862044
        3.0900000000         1.8000000000         1.7455812599
        3.0950000000         1.8000000000         1.7137248299
        3.1000000000         1.8000000000         1.6831426570
        3.1050000000         1.8000000000         1.6563832558
        3.1100000000         1.8000000000         1.6207040541
        3.1150000000         1.8000000000         1.5926703957
        3.1200000000         1.8000000000         1.5531684224
        3.1250000000         1.8000000000         1.5353288216
        3.1300000000         1.8000000000         1.4996496199
        3.1350000000         1.8000000000         1.4677931899
        3.1400000000         1.8000000000         1.4372110170
        3.1450000000         1.8000000000         1.4091773586
        3.1500000000         1.8000000000         1.3824179573
        3.1550000000         1.8000000000         1.3518357845
        3.1600000000         1.8000000000         1.3314476692
        3.1650000000         1.8000000000         1.2906714388
        3.1700000000         1.8000000000         1.2600892659
        3.1750000000         1.8000000000         1.2409754079
        3.1800000000         1.8000000000         1.2014734346
        3.1850000000         1.8000000000         1.1734397762
        3.1900000000         1.8000000000         1.1517774038
        3.1950000000         1.8000000000         1.1148239449
        3.2000000000         1.8000000000         1.0842417720
        3.2050000000         1.8000000000         1.0574823708
        3.2100000000         1.8000000000         1.0243516835
        3.2150000000         1.8000000000         0.9937695107
        3.2200000000         1.8000000000         0.9708328811
        3.2250000000         1.8000000000         0.9402507082
        3.2300000000         1.8000000000         0.9109427926
        3.2350000000         1.8000000000         0.8867319057
        3.2400000000         1.8000000000         0.8536012185
        3.2450000000         1.8000000000         0.8242933028
        3.2500000000         1.8000000000         0.7962596444
        3.2550000000         1.8000000000         0.7695002431
        3.2600000000         1.8000000000         0.7401923275
        3.2650000000         1.8000000000         0.7057873830
        3.2700000000         1.8000000000         0.6815764962
        3.2750000000         1.8000000000         0.6509943233
        3.2800000000         1.8000000000         0.6216864077
        3.2850000000         1.8000000000         0.5949270064
        3.2900000000         1.8000000000         0.5541507760
        3.2950000000         1.8000000000         0.5350369179
        3.3000000000         1.8000000000         0.5031804879
        3.3050000000         1.8000000000         0.4776953438
        3.3100000000         1.8000000000         0.4509359426
        3.3150000000         1.8000000000         0.4178052553
        3.3200000000         1.8000000000         0.3897715969
        3.3250000000         1.8000000000         0.3642864529
        3.3300000000         1.8000000000         0.3311557656
        3.3350000000         1.8000000000         0.3056706216
        3.3400000000         1.8000000000         0.2763627059
        3.3450000000         1.8000000000         0.2445062759
        3.3500000000         1.8000000000         0.2241181606
        3.3550000000         1.8000000000         0.1909874734
        3.3600000000         1.8000000000         0.1629538149
        3.3650000000         1.8000000000         0.1323716421
        3.3700000000         1.8000000000         0.1043379836
        3.3750000000         1.8000000000         0.0788528396
        3.3800000000         1.8000000000         0.0508191811
        3.3850000000         1.8000000000         0.0227855227
        3.3900000000         1.8000000000        -0.0026996214
        3.3950000000         1.8000000000         0.0011231503
        3.4000000000         1.8000000000        -0.0001511069
        3.4050000000         1.8000000000         0.0011231503
        3.4100000000         1.8000000000         0.0062201791
        3.4150000000         1.8000000000         1.1084526589
        3.4200000000         1.8000000000         1.0842417720
        3.4250000000         1.8000000000         5.0624727570
        3.4300000000         1.8000000000         5.0650212714
        3.4350000000         1.8000000000         5.0701183002
        3.4400000000         1.8000000000         5.0662955286
        3.4450000000         1.8000000000         5.0548272138
        3.4500000000         1.8000000000         5.0255192981
        3.4550000000         1.8000000000         4.9923886109
        3.4600000000         1.8000000000         4.9656292096
        3.4650000000         1.8000000000         4.9350470368
        3.4700000000         1.8000000000         4.9006420923
        3.4750000000         1.8000000000         4.8713341767
        3.4800000000         1.8000000000         4.8407520038
        3.4850000000         1.8000000000         4.8063470594
        3.4900000000         1.8000000000         4.7693936005
        3.4950000000         1.8000000000         4.7426341993
        3.5000000000         1.8000000000         4.7082292548
        3.5050000000         1.8000000000         4.6776470820
        3.5100000000         1.8000000000         4.6496134235
        3.5150000000         1.8000000000         4.6088371931
        3.5200000000         1.8000000000         4.5859005634
        3.5250000000         1.8000000000         4.5502213618
        3.5300000000         1.8000000000         4.5170906745
        3.5350000000         1.8000000000         4.4839599872
        3.5400000000         1.8000000000         4.4546520716
        3.5450000000         1.8000000000         4.4202471271
        3.5500000000         1.8000000000         4.3909392115
        3.5550000000         1.8000000000         4.3565342670
        3.5600000000         1.8000000000         4.3335976374
        3.5650000000         1.8000000000         4.2979184357
        3.5700000000         1.8000000000         4.2724332917
        3.5750000000         1.8000000000         4.2367540900
        3.5800000000         1.8000000000         4.2074461744
        3.5850000000         1.8000000000         4.1730412299
        3.5900000000         1.8000000000         4.1424590571
        3.5950000000         1.8000000000         4.1131511414
        3.6000000000         1.8000000000         4.0825689686
        3.6050000000         1.8000000000         4.0468897669
        3.6100000000         1.8000000000         4.0214046229
        3.6150000000         1.8000000000         3.9869996784
        3.6200000000         1.8000000000         3.9564175056
        3.6250000000         1.8000000000         3.9258353327
        3.6300000000         1.8000000000         3.8888818739
        3.6350000000         1.8000000000         3.8608482154
        3.6400000000         1.8000000000         3.8264432710
        3.6450000000         1.8000000000         3.7971353553
        3.6500000000         1.8000000000         3.7652789253
        3.6550000000         1.8000000000         3.7448908100
        3.6600000000         1.8000000000         3.7015660652
        3.6650000000         1.8000000000         3.6709838923
        3.6700000000         1.8000000000         3.6353046906
        3.6750000000         1.8000000000         3.6072710322
        3.6800000000         1.8000000000         3.5690433161
        3.6850000000         1.8000000000         3.5384611433
        3.6900000000         1.8000000000         3.5091532276
        3.6950000000         1.8000000000         3.4785710548
        3.7000000000         1.8000000000         3.4428918531
        3.7050000000         1.8000000000         3.4084869087
        3.7100000000         1.8000000000         3.3766304786
        3.7150000000         1.8000000000         3.3485968202
        3.7200000000         1.8000000000         3.3129176185
        3.7250000000         1.8000000000         3.2810611885
        3.7300000000         1.8000000000         3.2402849580
        3.7350000000         1.8000000000         3.2160740712
        3.7400000000         1.8000000000         3.1791206123
        3.7450000000         1.8000000000         3.1523612111
        3.7500000000         1.8000000000         3.1166820094
        3.7550000000         1.8000000000         3.0822770649
        3.7600000000         1.8000000000         3.0516948921
        3.7650000000         1.8000000000         3.0147414332
        3.7700000000         1.8000000000         2.9892562892
        3.7750000000         1.8000000000         2.9523028303
        3.7800000000         1.8000000000         2.9229949147
        3.7850000000         1.8000000000         2.8847671986
        3.7900000000         1.8000000000         2.8567335402
        3.7950000000         1.8000000000         2.8248771101
        3.8000000000         1.8000000000         2.7879236513
        3.8050000000         1.8000000000         2.7611642500
        3.8100000000         1.8000000000         2.7229365339
        3.8150000000         1.8000000000         2.6910801039
        3.8200000000         1.8000000000         2.6541266450
        3.8250000000         1.8000000000         2.6235444722
        3.8300000000         1.8000000000         2.5904137849
        3.8350000000         1.8000000000         2.5547345833
        3.8400000000         1.8000000000         2.5267009248
        3.8450000000         1.8000000000         2.4884732088
        3.8500000000         1.8000000000         2.4629880647
        3.8550000000         1.8000000000         2.4260346059
        3.8600000000         1.8000000000         2.3967266902
        3.8650000000         1.8000000000         2.3508534309
        3.8700000000         1.8000000000         2.3279168013
        3.8750000000         1.8000000000         2.2973346284
        3.8800000000         1.8000000000         2.2565583980
        3.8850000000         1.8000000000         2.2297989967
        3.8900000000         1.8000000000         2.1915712807
        3.8950000000         1.8000000000         2.1660861366
        3.9000000000         1.8000000000         2.1278584206
        3.9050000000         1.8000000000         2.0985505049
        3.9100000000         1.8000000000         2.0603227889
        3.9150000000         1.8000000000         2.0322891304
        3.9200000000         1.8000000000         1.9953356715
        3.9250000000         1.8000000000         1.9673020131
        3.9300000000         1.8000000000         1.9316228114
        3.9350000000         1.8000000000         1.9035891530
        3.9400000000         1.8000000000         1.8691842085
        3.9450000000         1.8000000000         1.8335050069
        3.9500000000         1.8000000000         1.8054713484
        3.9550000000         1.8000000000         1.7697921468
        3.9600000000         1.8000000000         1.7417584883
        3.9650000000         1.8000000000         1.7111763155
        3.9700000000         1.8000000000         1.6780456282
        3.9750000000         1.8000000000         1.6436406838
        3.9800000000         1.8000000000         1.6168812825
        3.9850000000         1.8000000000         1.5850248525
        3.9900000000         1.8000000000         1.5518941652
        3.9950000000         1.8000000000         1.5225862496
        4.0000000000         1.8000000000         1.4945525911
        4.0050000000         1.8000000000         1.4652446755
        4.0100000000         1.8000000000         1.4321139882
        4.0150000000         1.8000000000         1.3964347866
        4.0200000000         1.8000000000         1.3722238997
        4.0250000000         1.8000000000         1.3403674697
        4.0300000000         1.8000000000         1.3136080684
        4.0350000000         1.8000000000         1.2919456960
        4.0400000000         1.8000000000         1.2511694655
        4.0450000000         1.8000000000         1.2180387783
        4.0500000000         1.8000000000         1.1861823482
        4.0550000000         1.8000000000         1.1556001754
        4.0600000000         1.8000000000         1.1288407741
        4.0650000000         1.8000000000         1.1020813729
        4.0700000000         1.8000000000         1.0664021712
        4.0750000000         1.8000000000         1.0434655416
        4.0800000000         1.8000000000         1.0077863399
        4.0850000000         1.8000000000         0.9810269387
        4.0900000000         1.8000000000         0.9517190230
        4.0950000000         1.8000000000         0.9211368502
        4.1000000000         1.8000000000         0.8982002205
        4.1050000000         1.8000000000         0.8650695333
        4.1100000000         1.8000000000         0.8332131032
        4.1150000000         1.8000000000         0.8039051876
        4.1200000000         1.8000000000         0.7758715291
        4.1250000000         1.8000000000         0.7465636135
        4.1300000000         1.8000000000         0.7172556978
        4.1350000000         1.8000000000         0.6841250106
        4.1400000000         1.8000000000         0.6599141237
        4.1450000000         1.8000000000         0.6306062081
        4.1500000000         1.8000000000         0.6025725496
        4.1550000000         1.8000000000         0.5745388912
        4.1600000000         1.8000000000         0.5439567183
        4.1650000000         1.8000000000         0.5146488027
        4.1700000000         1.8000000000         0.4853408871
        4.1750000000         1.8000000000         0.4585814858
        4.1800000000         1.8000000000         0.4292735702
        4.1850000000         1.8000000000         0.4012399117
        4.1900000000         1.8000000000         0.3719319961
        4.1950000000         1.8000000000         0.3451725948
        4.2000000000         1.8000000000         0.3171389364
        4.2050000000         1.8000000000         0.2827339919
        4.2100000000         1.8000000000         0.2572488479
        4.2150000000         1.8000000000         0.2292151894
        4.2200000000         1.8000000000         0.2050043026
        4.2250000000         1.8000000000         0.1655023293
        4.2300000000         1.8000000000         0.1387429281
        4.2350000000         1.8000000000         0.1119835268
        4.2400000000         1.8000000000         0.0877726400
        4.2450000000         1.8000000000         0.0559162099
        4.2500000000         1.8000000000         0.0266082943
        4.2550000000         1.8000000000        -0.0001511069
        4.2600000000         1.8000000000         0.0011231503
        4.2650000000         1.8000000000         0.0049459219
        4.2700000000         1.8000000000         0.0011231503
        4.2750000000         1.8000000000         0.0011231503
        4.2800000000         1.8000000000         1.1097269161
        4.2850000000         1.8000000000         1.0855160292
        4.2900000000         1.8000000000         5.0420846418
        4.2950000000         1.8000000000         5.0624727570
        4.3000000000         1.8000000000         5.0688440430
        4.3050000000         1.8000000000         5.0662955286
        4.3100000000         1.8000000000         5.0561014710
        4.3150000000         1.8000000000         5.0267935553
        4.3200000000         1.8000000000         4.9974856397
        4.3250000000         1.8000000000         4.9618064380
        4.3300000000         1.8000000000         4.9337727796
        4.3350000000         1.8000000000         4.9044648639
        4.3400000000         1.8000000000         4.8700599195
        4.3450000000         1.8000000000         4.8458490326
        4.3500000000         1.8000000000         4.8076213166
        4.3550000000         1.8000000000         4.7757648865
        4.3600000000         1.8000000000         4.7477312281
        4.3650000000         1.8000000000         4.7146005408
        4.3700000000         1.8000000000         4.6840183680
        4.3750000000         1.8000000000         4.6496134235
        4.3800000000         1.8000000000         4.6215797651
        4.3850000000         1.8000000000         4.5846263062
        4.3900000000         1.8000000000         4.5604154194
        4.3950000000         1.8000000000         4.5247362177
        4.4000000000         1.8000000000         4.4928797877
        4.4050000000         1.8000000000         4.4622976148
        4.4100000000         1.8000000000         4.4266184132
        4.4150000000         1.8000000000         4.3998590119
        4.4200000000         1.8000000000         4.3616312958
        4.4250000000         1.8000000000         4.3412431806
        4.4300000000         1.8000000000         4.3055639790
        4.4350000000         1.8000000000         4.2762560633
        4.4400000000         1.8000000000         4.2494966621
        4.4450000000         1.8000000000         4.2125432032
        4.4500000000         1.8000000000         4.1832352876
        4.4550000000         1.8000000000         4.1462818287
        4.4600000000         1.8000000000         4.1169739130
        4.4650000000         1.8000000000         4.0914887690
        4.4700000000         1.8000000000         4.0558095673
        4.4750000000         1.8000000000         4.0252273945
        4.4800000000         1.8000000000         3.9908224500
        4.4850000000         1.8000000000         3.9615145344
        4.4900000000         1.8000000000         3.9283838471
        4.4950000000         1.8000000000         3.9003501887
        4.5000000000         1.8000000000         3.8672195014
        4.5050000000         1.8000000000         3.8353630714
        4.5100000000         1.8000000000         3.8009581269
        4.5150000000         1.8000000000         3.7741987257
        4.5200000000         1.8000000000         3.7397937812
        4.5250000000         1.8000000000         3.7079373512
        4.5300000000         1.8000000000         3.6773551783
        4.5350000000         1.8000000000         3.6391274623
        4.5400000000         1.8000000000         3.6149165754
        4.5450000000         1.8000000000         3.5754146021
        4.5500000000         1.8000000000         3.5512037153
        4.5550000000         1.8000000000         3.5206215425
        4.5600000000         1.8000000000         3.4836680836
        4.5650000000         1.8000000000         3.4518116535
        4.5700000000         1.8000000000         3.4199552235
        4.5750000000         1.8000000000         3.3855502790
        4.5800000000         1.8000000000         3.3549681062
        4.5850000000         1.8000000000         3.3243859333
        4.5900000000         1.8000000000         3.2887067317
        4.5950000000         1.8000000000         3.2606730732
        4.6000000000         1.8000000000         3.2198968428
        4.6050000000         1.8000000000         3.1956859559
        4.6100000000         1.8000000000         3.1600067543
        4.6150000000         1.8000000000         3.1294245814
        4.6200000000         1.8000000000         3.0962938942
        4.6250000000         1.8000000000         3.0618889497
        4.6300000000         1.8000000000         3.0364038057
        4.6350000000         1.8000000000         2.9969018324
        4.6400000000         1.8000000000         2.9688681739
        4.6450000000         1.8000000000         2.9382860011
        4.6500000000         1.8000000000         2.9013325422
        4.6550000000         1.8000000000         2.8732988838
        4.6600000000         1.8000000000         2.8363454249
        4.6650000000         1.8000000000         2.8044889949
        4.6700000000         1.8000000000         2.7751810792
        4.6750000000         1.8000000000         2.7433246492
        4.6800000000         1.8000000000         2.7050969331
        4.6850000000         1.8000000000         2.6757890175
        4.6900000000         1.8000000000         2.6388355586
        4.6950000000         1.8000000000         2.6197217006
        4.7000000000         1.8000000000         2.5738484413
        4.7050000000         1.8000000000         2.5470890401
        4.7100000000         1.8000000000         2.5114098384
        4.7150000000         1.8000000000         2.4757306367
        4.7200000000         1.8000000000         2.4400514351
        4.7250000000         1.8000000000         2.4094692622
        4.7300000000         1.8000000000         2.3788870894
        4.7350000000         1.8000000000         2.3495791737
        4.7400000000         1.8000000000         2.3151742293
        4.7450000000         1.8000000000         2.2807692848
        4.7500000000         1.8000000000         2.2438158260
        4.7550000000         1.8000000000         2.2132336531
        4.7600000000         1.8000000000         2.1775544514
        4.7650000000         1.8000000000         2.1482465358
        4.7700000000         1.8000000000         2.1125673341
        4.7750000000         1.8000000000         2.0845336757
        4.7800000000         1.8000000000         2.0514029884
        4.7850000000         1.8000000000         2.0195465584
        4.7900000000         1.8000000000         1.9838673567
        4.7950000000         1.8000000000         1.9520109267
        4.8000000000         1.8000000000         1.9201544966
        4.8050000000         1.8000000000         1.8882980666
        4.8100000000         1.8000000000         1.8551673793
        4.8150000000         1.8000000000         1.8207624349
        4.8200000000         1.8000000000         1.7952772908
        4.8250000000         1.8000000000         1.7532268031
        4.8300000000         1.8000000000         1.7251931447
        4.8350000000         1.8000000000         1.6946109718
        4.8400000000         1.8000000000         1.6665773134
        4.8450000000         1.8000000000         1.6372693978
        4.8500000000         1.8000000000         1.6015901961
        4.8550000000         1.8000000000         1.5735565376
        4.8600000000         1.8000000000         1.5429743648
        4.8650000000         1.8000000000         1.5085694203
        4.8700000000         1.8000000000         1.4805357619
        4.8750000000         1.8000000000         1.4448565602
        4.8800000000         1.8000000000         1.4206456734
        4.8850000000         1.8000000000         1.3849664717
        4.8900000000         1.8000000000         1.3594813277
        4.8950000000         1.8000000000         1.3390932125
        4.9000000000         1.8000000000         1.2893971816
        4.9050000000         1.8000000000         1.2651862947
        4.9100000000         1.8000000000         1.2333298647
        4.9150000000         1.8000000000         1.2014734346
        4.9200000000         1.8000000000         1.1759882906
        4.9250000000         1.8000000000         1.1454061177
        4.9300000000         1.8000000000         1.1122754305
        4.9350000000         1.8000000000         1.0880645436
        4.9400000000         1.8000000000         1.0587566280
        4.9450000000         1.8000000000         1.0269001979
        4.9500000000         1.8000000000         0.9924952535
        4.9550000000         1.8000000000         0.9644615950
        4.9600000000         1.8000000000         0.9402507082
        4.9650000000         1.8000000000         0.9109427926
        4.9700000000         1.8000000000         0.8790863625
        4.9750000000         1.8000000000         0.8510527041
        4.9800000000         1.8000000000         0.8204705312
        4.9850000000         1.8000000000         0.7988081588
        4.9900000000         1.8000000000         0.7669517287
        4.9950000000         1.8000000000         0.7376438131
        5.0000000000         1.8000000000         0.7083358974
        5.0050000000         1.8000000000         0.6828507534
        5.0100000000         1.8000000000         0.6560913521
        5.0150000000         1.8000000000         0.6242349221
        5.0200000000         1.8000000000         0.5949270064
        5.0250000000         1.8000000000         0.5630705764
        5.0300000000         1.8000000000         0.5363111751
        5.0350000000         1.8000000000         0.5095517739
        5.0400000000         1.8000000000         0.4802438582
        5.0450000000         1.8000000000         0.4534844570
        5.0500000000         1.8000000000         0.4216280269
        5.0550000000         1.8000000000         0.3910458541
        5.0600000000         1.8000000000         0.3655607101
        5.0650000000         1.8000000000         0.3324300228
        5.0700000000         1.8000000000         0.3069448788
        5.0750000000         1.8000000000         0.2801854775
        5.0800000000         1.8000000000         0.2470547903
        5.0850000000         1.8000000000         0.2253924178
        5.0900000000         1.8000000000         0.1948102450
        5.0950000000         1.8000000000         0.1655023293
        5.1000000000         1.8000000000         0.1310973849
        5.1050000000         1.8000000000         0.1030637264
        5.1100000000         1.8000000000         0.0814013540
        5.1150000000         1.8000000000         0.0457221523
        5.1200000000         1.8000000000         0.0202370083
        5.1250000000         1.8000000000         0.0011231503
        5.1300000000         1.8000000000        -0.0026996214
        5.1350000000         1.8000000000        -0.0001511069
        5.1400000000         1.8000000000         0.0049459219
        5.1450000000         1.8000000000         0.0049459219
        5.1500000000         1.8000000000         1.0918873153
        5.1550000000         1.8000000000         1.0816932576
        5.1600000000         1.8000000000         5.0675697858
        5.1650000000         1.8000000000         5.0701183002
        5.1700000000         1.8000000000         5.0662955286
        5.1750000000         1.8000000000         5.0624727570
        5.1800000000         1.8000000000         5.0497301850
        5.1850000000         1.8000000000         5.0191480121
        5.1900000000         1.8000000000         4.9809202961
        5.1950000000         1.8000000000         4.9541608948
        5.2000000000         1.8000000000         4.9223044648
        5.2050000000         1.8000000000         4.8904480347
        5.2100000000         1.8000000000         4.8598658619
        5.2150000000         1.8000000000         4.8267351746
        5.2200000000         1.8000000000         4.7948787446
        5.2250000000         1.8000000000         4.7591995429
        5.2300000000         1.8000000000         4.7311658845
        5.2350000000         1.8000000000         4.6980351972
        5.2400000000         1.8000000000         4.6623559955
        5.2450000000         1.8000000000         4.6343223371
        5.2500000000         1.8000000000         4.6024659070
        5.2550000000         1.8000000000         4.5667867054
        5.2600000000         1.8000000000         4.5349302753
        5.2650000000         1.8000000000         4.5094451313
        5.2700000000         1.8000000000         4.4737659296
        5.2750000000         1.8000000000         4.4431837568
        5.2800000000         1.8000000000         4.4062302979
        5.2850000000         1.8000000000         4.3743738679
        5.2900000000         1.8000000000         4.3476144666
        5.2950000000         1.8000000000         4.3144837794
        5.3000000000         1.8000000000         4.2851758637
        5.3050000000         1.8000000000         4.2507709193
        5.3100000000         1.8000000000         4.2189144892
        5.3150000000         1.8000000000         4.1896065736
        5.3200000000         1.8000000000         4.1526531147
        5.3250000000         1.8000000000         4.1271679707
        5.3300000000         1.8000000000         4.0914887690
        5.3350000000         1.8000000000         4.0621808534
        5.3400000000         1.8000000000         4.0303244233
        5.3450000000         1.8000000000         3.9984679932
        5.3500000000         1.8000000000         3.9717085920
        5.3550000000         1.8000000000         3.9398521620
        5.3600000000         1.8000000000         3.9016244459
        5.3650000000         1.8000000000         3.8748650446
        5.3700000000         1.8000000000         3.8442828718
        5.3750000000         1.8000000000         3.8086036701
        5.3800000000         1.8000000000         3.7831185261
        5.3850000000         1.8000000000         3.7525363532
        5.3900000000         1.8000000000         3.7181314088
        5.3950000000         1.8000000000         3.6875492359
        5.4000000000         1.8000000000         3.6582413203
        5.4050000000         1.8000000000         3.6251106330
        5.4100000000         1.8000000000         3.5919799458
        5.4150000000         1.8000000000         3.5652205445
        5.4200000000         1.8000000000         3.5371868861
        5.4250000000         1.8000000000         3.5002334272
        5.4300000000         1.8000000000         3.4696512544
        5.4350000000         1.8000000000         3.4428918531
        5.4400000000         1.8000000000         3.4059383943
        5.4450000000         1.8000000000         3.3728077070
        5.4500000000         1.8000000000         3.3384027626
        5.4550000000         1.8000000000         3.3141918757
        5.4600000000         1.8000000000         3.2785126741
        5.4650000000         1.8000000000         3.2428334724
        5.4700000000         1.8000000000         3.2160740712
        5.4750000000         1.8000000000         3.1816691267
        5.4800000000         1.8000000000         3.1498126966
        5.4850000000         1.8000000000         3.1166820094
        5.4900000000         1.8000000000         3.0822770649
        5.4950000000         1.8000000000         3.0555176637
        5.5000000000         1.8000000000         3.0198384620
        5.5050000000         1.8000000000         2.9892562892
        5.5100000000         1.8000000000         2.9548513447
        5.5150000000         1.8000000000         2.9229949147
        5.5200000000         1.8000000000         2.8924127418
        5.5250000000         1.8000000000         2.8631048262
        5.5300000000         1.8000000000         2.8261513673
        5.5350000000         1.8000000000         2.7981177089
        5.5400000000         1.8000000000         2.7637127644
        5.5450000000         1.8000000000         2.7331305916
        5.5500000000         1.8000000000         2.6936286183
        5.5550000000         1.8000000000         2.6617721882
        5.5600000000         1.8000000000         2.6311900154
        5.5650000000         1.8000000000         2.5967850709
        5.5700000000         1.8000000000         2.5662028981
        5.5750000000         1.8000000000         2.5317979536
        5.5800000000         1.8000000000         2.5012157808
        5.5850000000         1.8000000000         2.4706336079
        5.5900000000         1.8000000000         2.4349544063
        5.5950000000         1.8000000000         2.4005494618
        5.6000000000         1.8000000000         2.3635960030
        5.6050000000         1.8000000000         2.3342880873
        5.6100000000         1.8000000000         2.2986088856
        5.6150000000         1.8000000000         2.2680267128
        5.6200000000         1.8000000000         2.2310732539
        5.6250000000         1.8000000000         2.2030395955
        5.6300000000         1.8000000000         2.1724574226
        5.6350000000         1.8000000000         2.1367782210
        5.6400000000         1.8000000000         2.1074703053
        5.6450000000         1.8000000000         2.0832594185
        5.6500000000         1.8000000000         2.0412089308
        5.6550000000         1.8000000000         2.0093525008
        5.6600000000         1.8000000000         1.9800445851
        5.6650000000         1.8000000000         1.9443653835
        5.6700000000         1.8000000000         1.9099604390
        5.6750000000         1.8000000000         1.8882980666
        5.6800000000         1.8000000000         1.8424248073
        5.6850000000         1.8000000000         1.8169396632
        5.6900000000         1.8000000000         1.7799862044
        5.6950000000         1.8000000000         1.7506782887
        5.7000000000         1.8000000000         1.7162733443
        5.7050000000         1.8000000000         1.6844169142
        5.7100000000         1.8000000000         1.6525604842
        5.7150000000         1.8000000000         1.6219783113
        5.7200000000         1.8000000000         1.5888476241
        5.7250000000         1.8000000000         1.5569911940
        5.7300000000         1.8000000000         1.5225862496
        5.7350000000         1.8000000000         1.4971011055
        5.7400000000         1.8000000000         1.4639704183
        5.7450000000         1.8000000000         1.4282912166
        5.7500000000         1.8000000000         1.4053545870
        5.7550000000         1.8000000000         1.3696753853
        5.7600000000         1.8000000000         1.3327219264
        5.7650000000         1.8000000000         1.3136080684
        5.7700000000         1.8000000000         1.2741060952
        5.7750000000         1.8000000000         1.2460724367
        5.7800000000         1.8000000000         1.2142160067
        5.7850000000         1.8000000000         1.1836338338
        5.7900000000         1.8000000000         1.1543259182
        5.7950000000         1.8000000000         1.1224694881
        5.8000000000         1.8000000000         1.0995328585
        5.8050000000         1.8000000000         1.0638536568
        5.8100000000         1.8000000000         1.0332714840
        5.8150000000         1.8000000000         1.0065120827
        5.8200000000         1.8000000000         0.9695586239
        5.8250000000         1.8000000000         0.9466219942
        5.8300000000         1.8000000000         0.9147655642
        5.8350000000         1.8000000000         0.8841833913
        5.8400000000         1.8000000000         0.8548754757
        5.8450000000         1.8000000000         0.8268418172
        5.8500000000         1.8000000000         0.7975339016
        5.8550000000         1.8000000000         0.7618546999
        5.8600000000         1.8000000000         0.7350952987
        5.8650000000         1.8000000000         0.7045131258
        5.8700000000         1.8000000000         0.6713824386
        5.8750000000         1.8000000000         0.6433487801
        5.8800000000         1.8000000000         0.6102180929
        5.8850000000         1.8000000000         0.5872814632
        5.8900000000         1.8000000000         0.5541507760
        5.8950000000         1.8000000000         0.5235686031
        5.9000000000         1.8000000000         0.4942606875
        5.9050000000         1.8000000000         0.4675012862
        5.9100000000         1.8000000000         0.4356448562
        5.9150000000         1.8000000000         0.4037884261
        5.9200000000         1.8000000000         0.3770290249
        5.9250000000         1.8000000000         0.3438983376
        5.9300000000         1.8000000000         0.3184131936
        5.9350000000         1.8000000000         0.2852825063
        5.9400000000         1.8000000000         0.2559745907
        5.9450000000         1.8000000000         0.2266666750
        5.9500000000         1.8000000000         0.1986330166
        5.9550000000         1.8000000000         0.1680508437
        5.9600000000         1.8000000000         0.1425656997
        5.9650000000         1.8000000000         0.1145320412
        5.9700000000         1.8000000000         0.0877726400
        5.9750000000         1.8000000000         0.0533676955
        5.9800000000         1.8000000000         0.0278825515
        5.9850000000         1.8000000000         0.0049459219
        5.9900000000         1.8000000000        -0.0001511069
        5.9950000000         1.8000000000         0.0011231503
        6.0000000000         1.8000000000        -0.0001511069
        6.0050000000         1.8000000000        -0.0026996214
        6.0100000000         1.8000000000         1.1084526589
        6.0150000000         1.8000000000         1.1084526589
        6.0200000000         1.8000000000         5.0675697858
        6.0250000000         1.8000000000         5.0688440430
        6.0300000000         1.8000000000         5.0675697858
        6.0350000000         1.8000000000         5.0675697858
        6.0400000000         1.8000000000         5.0548272138
        6.0450000000         1.8000000000         5.0255192981
        6.0500000000         1.8000000000         4.9923886109
        6.0550000000         1.8000000000         4.9618064380
        6.0600000000         1.8000000000         4.9261272364
        6.0650000000         1.8000000000         4.8968193207
        6.0700000000         1.8000000000         4.8726084339
        6.0750000000         1.8000000000         4.8331064606
        6.0800000000         1.8000000000         4.7987015162
        6.0850000000         1.8000000000         4.7719421149
        6.0900000000         1.8000000000         4.7349886561
        6.0950000000         1.8000000000         4.7044064832
        6.1000000000         1.8000000000         4.6700015388
        6.1050000000         1.8000000000         4.6355965943
        6.1100000000         1.8000000000         4.6101114503
        6.1150000000         1.8000000000         4.5744322486
        6.1200000000         1.8000000000         4.5438500757
        6.1250000000         1.8000000000         4.5158164173
        6.1300000000         1.8000000000         4.4775887012
        6.1350000000         1.8000000000         4.4470065284
        6.1400000000         1.8000000000         4.4189728699
        6.1450000000         1.8000000000         4.3883906971
        6.1500000000         1.8000000000         4.3501629810
        6.1550000000         1.8000000000         4.3234035798
        6.1600000000         1.8000000000         4.2953699213
        6.1650000000         1.8000000000         4.2647877485
        6.1700000000         1.8000000000         4.2316570612
        6.1750000000         1.8000000000         4.1972521168
        6.1800000000         1.8000000000         4.1679442011
        6.1850000000         1.8000000000         4.1424590571
        6.1900000000         1.8000000000         4.1067798554
        6.1950000000         1.8000000000         4.0761976826
        6.2000000000         1.8000000000         4.0443412525
        6.2050000000         1.8000000000         4.0150333369
        6.2100000000         1.8000000000         3.9806283924
        6.2150000000         1.8000000000         3.9564175056
        6.2200000000         1.8000000000         3.9194640467
        6.2250000000         1.8000000000         3.8876076167
        6.2300000000         1.8000000000         3.8557511866
        6.2350000000         1.8000000000         3.8289917854
        6.2400000000         1.8000000000         3.7933125837
        6.2450000000         1.8000000000         3.7665531825
        6.2500000000         1.8000000000         3.7321482380
        6.2550000000         1.8000000000         3.7028403224
        6.2600000000         1.8000000000         3.6697096351
        6.2650000000         1.8000000000         3.6365789479
        6.2700000000         1.8000000000         3.6136423182
        6.2750000000         1.8000000000         3.5792373738
        6.2800000000         1.8000000000         3.5486552009
        6.2850000000         1.8000000000         3.5193472853
        6.2900000000         1.8000000000         3.4811195692
