        0.0000000000         2.0500000000         0.3286072512
        0.0050000000         2.0500000000         0.3286072512
        0.0100000000         2.0500000000         0.3247844796
        0.0150000000         2.0500000000         0.3273329940
        0.0200000000         2.0500000000         0.3260587368
        0.0250000000         2.0500000000         0.3235102224
        0.0300000000         2.0500000000         0.3171389364
        0.0350000000         2.0500000000         0.3082191360
        0.0400000000         2.0500000000         0.3005735927
        0.0450000000         2.0500000000         0.2967508211
        0.0500000000         2.0500000000         0.2891052779
        0.0550000000         2.0500000000         0.2827339919
        0.0600000000         2.0500000000         0.2674429055
        0.0650000000         2.0500000000         0.2585231051
        0.0700000000         2.0500000000         0.2534260763
        0.0750000000         2.0500000000         0.2457805331
        0.0800000000         2.0500000000         0.2330379610
        0.0850000000         2.0500000000         0.2241181606
        0.0900000000         2.0500000000         0.2151983602
        0.0950000000         2.0500000000         0.2062785598
        0.1000000000         2.0500000000         0.1922617306
        0.1050000000         2.0500000000         0.1846161874
        0.1100000000         2.0500000000         0.1718736153
        0.1150000000         2.0500000000         0.1616795577
        0.1200000000         2.0500000000         0.1514855001
        0.1250000000         2.0500000000         0.1361944137
        0.1300000000         2.0500000000         0.1272746133
        0.1350000000         2.0500000000         0.1158062984
        0.1400000000         2.0500000000         0.1056122408
        0.1450000000         2.0500000000         0.0915954116
        0.1500000000         2.0500000000         0.0852241256
        0.1550000000         2.0500000000         0.0673845248
        0.1600000000         2.0500000000         0.0546419527
        0.1650000000         2.0500000000         0.0482706667
        0.1700000000         2.0500000000         0.0342538375
        0.1750000000         2.0500000000         0.0202370083
        0.1800000000         2.0500000000         0.0113172079
        0.1850000000         2.0500000000        -0.0039738786
        0.1900000000         2.0500000000        -0.0026996214
        0.1950000000         2.0500000000        -0.0001511069
        0.2000000000         2.0500000000        -0.0001511069
        0.2050000000         2.0500000000         0.0011231503
        0.2100000000         2.0500000000        -0.0001511069
        0.2150000000         2.0500000000         0.0011231503
        0.2200000000         2.0500000000        -0.0001511069
        0.2250000000         2.0500000000        -0.0001511069
        0.2300000000         2.0500000000         0.0023974075
        0.2350000000         2.0500000000         1.0727734572
        0.2400000000         2.0500000000         1.1059041445
        0.2450000000         2.0500000000         1.1122754305
        0.2500000000         2.0500000000         1.0714992000
        0.2550000000         2.0500000000         1.1097269161
        0.2600000000         2.0500000000         5.0611984998
        0.2650000000         2.0500000000         5.0662955286
        0.2700000000         2.0500000000         5.0688440430
        0.2750000000         2.0500000000         5.0662955286
        0.2800000000         2.0500000000         5.0637470142
        0.2850000000         2.0500000000         5.0701183002
        0.2900000000         2.0500000000         5.0650212714
        0.2950000000         2.0500000000         5.0548272138
        0.3000000000         2.0500000000         5.0395361274
        0.3050000000         2.0500000000         5.0255192981
        0.3100000000         2.0500000000         5.0102282117
        0.3150000000         2.0500000000         4.9923886109
        0.3200000000         2.0500000000         4.9783717817
        0.3250000000         2.0500000000         4.9579836664
        0.3300000000         2.0500000000         4.9388698084
        0.3350000000         2.0500000000         4.9210302076
        0.3400000000         2.0500000000         4.9108361500
        0.3450000000         2.0500000000         4.8866252631
        0.3500000000         2.0500000000         4.8726084339
        0.3550000000         2.0500000000         4.8560430903
        0.3600000000         2.0500000000         4.8382034894
        0.3650000000         2.0500000000         4.8216381458
        0.3700000000         2.0500000000         4.8076213166
        0.3750000000         2.0500000000         4.7885074586
        0.3800000000         2.0500000000         4.7732163721
        0.3850000000         2.0500000000         4.7541025141
        0.3900000000         2.0500000000         4.7362629133
        0.3950000000         2.0500000000         4.7158747980
        0.4000000000         2.0500000000         4.6993094544
        0.4050000000         2.0500000000         4.6789213392
        0.4100000000         2.0500000000         4.6598074811
        0.4150000000         2.0500000000         4.6445163947
        0.4200000000         2.0500000000         4.6279510511
        0.4250000000         2.0500000000         4.6062886786
        0.4300000000         2.0500000000         4.5948203638
        0.4350000000         2.0500000000         4.5795292774
        0.4400000000         2.0500000000         4.5616896766
        0.4450000000         2.0500000000         4.5451243329
        0.4500000000         2.0500000000         4.5234619605
        0.4550000000         2.0500000000         4.5068966169
        0.4600000000         2.0500000000         4.4916055305
        0.4650000000         2.0500000000         4.4775887012
        0.4700000000         2.0500000000         4.4610233576
        0.4750000000         2.0500000000         4.4406352424
        0.4800000000         2.0500000000         4.4278926704
        0.4850000000         2.0500000000         4.4075045551
        0.4900000000         2.0500000000         4.3922134687
        0.4950000000         2.0500000000         4.3692768391
        0.5000000000         2.0500000000         4.3565342670
        0.5050000000         2.0500000000         4.3437916950
        0.5100000000         2.0500000000         4.3208550654
        0.5150000000         2.0500000000         4.3119352650
        0.5200000000         2.0500000000         4.2928214069
        0.5250000000         2.0500000000         4.2711590345
        0.5300000000         2.0500000000         4.2635134913
        0.5350000000         2.0500000000         4.2443996333
        0.5400000000         2.0500000000         4.2291085468
        0.5450000000         2.0500000000         4.2125432032
        0.5500000000         2.0500000000         4.1947036024
        0.5550000000         2.0500000000         4.1768640015
        0.5600000000         2.0500000000         4.1666699439
        0.5650000000         2.0500000000         4.1501046003
        0.5700000000         2.0500000000         4.1284422279
        0.5750000000         2.0500000000         4.1156996558
        0.5800000000         2.0500000000         4.0991343122
        0.5850000000         2.0500000000         4.0825689686
        0.5900000000         2.0500000000         4.0647293678
        0.5950000000         2.0500000000         4.0519867957
        0.6000000000         2.0500000000         4.0366957093
        0.6050000000         2.0500000000         4.0124848225
        0.6100000000         2.0500000000         3.9959194788
        0.6150000000         2.0500000000         3.9793541352
        0.6200000000         2.0500000000         3.9678858204
        0.6250000000         2.0500000000         3.9462234480
        0.6300000000         2.0500000000         3.9283838471
        0.6350000000         2.0500000000         3.9105442463
        0.6400000000         2.0500000000         3.8965274171
        0.6450000000         2.0500000000         3.8812363307
        0.6500000000         2.0500000000         3.8646709870
        0.6550000000         2.0500000000         3.8506541578
        0.6600000000         2.0500000000         3.8315402998
        0.6650000000         2.0500000000         3.8073294129
        0.6700000000         2.0500000000         3.7945868409
        0.6750000000         2.0500000000         3.7792957545
        0.6800000000         2.0500000000         3.7601818965
        0.6850000000         2.0500000000         3.7423422956
        0.6900000000         2.0500000000         3.7308739808
        0.6950000000         2.0500000000         3.7117601228
        0.7000000000         2.0500000000         3.6990175508
        0.7050000000         2.0500000000         3.6786294355
        0.7100000000         2.0500000000         3.6595155775
        0.7150000000         2.0500000000         3.6480472627
        0.7200000000         2.0500000000         3.6302076618
        0.7250000000         2.0500000000         3.6149165754
        0.7300000000         2.0500000000         3.5983512318
        0.7350000000         2.0500000000         3.5792373738
        0.7400000000         2.0500000000         3.5613977729
        0.7450000000         2.0500000000         3.5461066865
        0.7500000000         2.0500000000         3.5269928285
        0.7550000000         2.0500000000         3.5142502564
        0.7600000000         2.0500000000         3.4951363984
        0.7650000000         2.0500000000         3.4785710548
        0.7700000000         2.0500000000         3.4632799684
        0.7750000000         2.0500000000         3.4467146247
        0.7800000000         2.0500000000         3.4276007667
        0.7850000000         2.0500000000         3.4110354231
        0.7900000000         2.0500000000         3.3919215650
        0.7950000000         2.0500000000         3.3740819642
        0.8000000000         2.0500000000         3.3575166206
        0.8050000000         2.0500000000         3.3345799910
        0.8100000000         2.0500000000         3.3256601905
        0.8150000000         2.0500000000         3.3065463325
        0.8200000000         2.0500000000         3.2874324745
        0.8250000000         2.0500000000         3.2721413880
        0.8300000000         2.0500000000         3.2555760444
        0.8350000000         2.0500000000         3.2339136720
        0.8400000000         2.0500000000         3.2186225856
        0.8450000000         2.0500000000         3.1995087275
        0.8500000000         2.0500000000         3.1842176411
        0.8550000000         2.0500000000         3.1638295259
        0.8600000000         2.0500000000         3.1472641822
        0.8650000000         2.0500000000         3.1319730958
        0.8700000000         2.0500000000         3.1115849806
        0.8750000000         2.0500000000         3.1013909230
        0.8800000000         2.0500000000         3.0810028077
        0.8850000000         2.0500000000         3.0644374641
        0.8900000000         2.0500000000         3.0440493489
        0.8950000000         2.0500000000         3.0300325196
        0.9000000000         2.0500000000         3.0109186616
        0.9050000000         2.0500000000         2.9956275752
        0.9100000000         2.0500000000         2.9816107460
        0.9150000000         2.0500000000         2.9637711451
        0.9200000000         2.0500000000         2.9421087727
        0.9250000000         2.0500000000         2.9255434291
        0.9300000000         2.0500000000         2.9140751143
        0.9350000000         2.0500000000         2.8949612562
        0.9400000000         2.0500000000         2.8796701698
        0.9450000000         2.0500000000         2.8618305690
        0.9500000000         2.0500000000         2.8490879970
        0.9550000000         2.0500000000         2.8325226533
        0.9600000000         2.0500000000         2.8108602809
        0.9650000000         2.0500000000         2.7981177089
        0.9700000000         2.0500000000         2.7751810792
        0.9750000000         2.0500000000         2.7586157356
        0.9800000000         2.0500000000         2.7407761348
        0.9850000000         2.0500000000         2.7293078200
        0.9900000000         2.0500000000         2.7101939619
        0.9950000000         2.0500000000         2.6936286183
        1.0000000000         2.0500000000         2.6745147603
        1.0050000000         2.0500000000         2.6630464454
        1.0100000000         2.0500000000         2.6426583302
        1.0150000000         2.0500000000         2.6286415010
        1.0200000000         2.0500000000         2.6095276430
        1.0250000000         2.0500000000         2.5878652705
        1.0300000000         2.0500000000         2.5751226985
        1.0350000000         2.0500000000         2.5572830977
        1.0400000000         2.0500000000         2.5407177540
        1.0450000000         2.0500000000         2.5216038960
        1.0500000000         2.0500000000         2.5075870668
        1.0550000000         2.0500000000         2.4897474660
        1.0600000000         2.0500000000         2.4693593507
        1.0650000000         2.0500000000         2.4540682643
        1.0700000000         2.0500000000         2.4387771779
        1.0750000000         2.0500000000         2.4234860914
        1.0800000000         2.0500000000         2.4069207478
        1.0850000000         2.0500000000         2.3865326326
        1.0900000000         2.0500000000         2.3699672890
        1.0950000000         2.0500000000         2.3572247169
        1.1000000000         2.0500000000         2.3368366017
        1.1050000000         2.0500000000         2.3202712581
        1.1100000000         2.0500000000         2.3049801717
        1.1150000000         2.0500000000         2.2884148280
        1.1200000000         2.0500000000         2.2718494844
        1.1250000000         2.0500000000         2.2565583980
        1.1300000000         2.0500000000         2.2361702827
        1.1350000000         2.0500000000         2.2183306819
        1.1400000000         2.0500000000         2.2030395955
        1.1450000000         2.0500000000         2.1902970235
        1.1500000000         2.0500000000         2.1737316798
        1.1550000000         2.0500000000         2.1533435646
        1.1600000000         2.0500000000         2.1393267354
        1.1650000000         2.0500000000         2.1176643629
        1.1700000000         2.0500000000         2.1061960481
        1.1750000000         2.0500000000         2.0909049617
        1.1800000000         2.0500000000         2.0692425893
        1.1850000000         2.0500000000         2.0577742744
        1.1900000000         2.0500000000         2.0361119020
        1.1950000000         2.0500000000         2.0233693300
        1.2000000000         2.0500000000         2.0106267580
        1.2050000000         2.0500000000         1.9889643855
        1.2100000000         2.0500000000         1.9736732991
        1.2150000000         2.0500000000         1.9596564699
        1.2200000000         2.0500000000         1.9430911263
        1.2250000000         2.0500000000         1.9278000398
        1.2300000000         2.0500000000         1.9201544966
        1.2350000000         2.0500000000         1.8972178670
        1.2400000000         2.0500000000         1.8844752950
        1.2450000000         2.0500000000         1.8781040089
        1.2500000000         2.0500000000         1.8475218361
        1.2550000000         2.0500000000         1.8322307497
        1.2600000000         2.0500000000         1.8233109493
        1.2650000000         2.0500000000         1.8054713484
        1.2700000000         2.0500000000         1.7876317476
        1.2750000000         2.0500000000         1.7774376900
        1.2800000000         2.0500000000         1.7583238320
        1.2850000000         2.0500000000         1.7468555171
        1.2900000000         2.0500000000         1.7341129451
        1.2950000000         2.0500000000         1.7175476015
        1.3000000000         2.0500000000         1.7048050295
        1.3050000000         2.0500000000         1.6920624574
        1.3100000000         2.0500000000         1.6754971138
        1.3150000000         2.0500000000         1.6589317702
        1.3200000000         2.0500000000         1.6436406838
        1.3250000000         2.0500000000         1.6372693978
        1.3300000000         2.0500000000         1.6219783113
        1.3350000000         2.0500000000         1.6041387105
        1.3400000000         2.0500000000         1.5913961385
        1.3450000000         2.0500000000         1.5735565376
        1.3500000000         2.0500000000         1.5608139656
        1.3550000000         2.0500000000         1.5544426796
        1.3600000000         2.0500000000         1.5404258504
        1.3650000000         2.0500000000         1.5251347640
        1.3700000000         2.0500000000         1.5200377352
        1.3750000000         2.0500000000         1.5021981343
        1.3800000000         2.0500000000         1.4907298195
        1.3850000000         2.0500000000         1.4741644759
        1.3900000000         2.0500000000         1.4588733895
        1.3950000000         2.0500000000         1.4512278462
        1.4000000000         2.0500000000         1.4359367598
        1.4050000000         2.0500000000         1.4244684450
        1.4100000000         2.0500000000         1.4104516158
        1.4150000000         2.0500000000         1.4015318154
        1.4200000000         2.0500000000         1.3836922145
        1.4250000000         2.0500000000         1.3734981569
        1.4300000000         2.0500000000         1.3633040993
        1.4350000000         2.0500000000         1.3518357845
        1.4400000000         2.0500000000         1.3378189553
        1.4450000000         2.0500000000         1.3238021260
        1.4500000000         2.0500000000         1.3148823256
        1.4550000000         2.0500000000         1.3034140108
        1.4600000000         2.0500000000         1.2881229244
        1.4650000000         2.0500000000         1.2728318380
        1.4700000000         2.0500000000         1.2651862947
        1.4750000000         2.0500000000         1.2537179799
        1.4800000000         2.0500000000         1.2397011507
        1.4850000000         2.0500000000         1.2282328359
        1.4900000000         2.0500000000         1.2193130355
        1.4950000000         2.0500000000         1.2052962062
        1.5000000000         2.0500000000         1.1938278914
        1.5050000000         2.0500000000         1.1823595766
        1.5100000000         2.0500000000         1.1696170046
        1.5150000000         2.0500000000         1.1606972042
        1.5200000000         2.0500000000         1.1441318605
        1.5250000000         2.0500000000         1.1364863173
        1.5300000000         2.0500000000         1.1275665169
        1.5350000000         2.0500000000         1.1135496877
        1.5400000000         2.0500000000         1.0969843441
        1.5450000000         2.0500000000         1.0893388008
        1.5500000000         2.0500000000         1.0765962288
        1.5550000000         2.0500000000         1.0638536568
        1.5600000000         2.0500000000         1.0523853420
        1.5650000000         2.0500000000         1.0383685128
        1.5700000000         2.0500000000         1.0269001979
        1.5750000000         2.0500000000         1.0218031691
        1.5800000000         2.0500000000         1.0077863399
        1.5850000000         2.0500000000         0.9963180251
        1.5900000000         2.0500000000         0.9772041671
        1.5950000000         2.0500000000         0.9708328811
        1.6000000000         2.0500000000         0.9580903090
        1.6050000000         2.0500000000         0.9504447658
        1.6100000000         2.0500000000         0.9377021938
        1.6150000000         2.0500000000         0.9236853646
        1.6200000000         2.0500000000         0.9071200209
        1.6250000000         2.0500000000         0.8969259633
        1.6300000000         2.0500000000         0.8841833913
        1.6350000000         2.0500000000         0.8739893337
        1.6400000000         2.0500000000         0.8650695333
        1.6450000000         2.0500000000         0.8523269613
        1.6500000000         2.0500000000         0.8395843892
        1.6550000000         2.0500000000         0.8293903316
        1.6600000000         2.0500000000         0.8179220168
        1.6650000000         2.0500000000         0.8090022164
        1.6700000000         2.0500000000         0.7949853872
        1.6750000000         2.0500000000         0.7809685579
        1.6800000000         2.0500000000         0.7669517287
        1.6850000000         2.0500000000         0.7618546999
        1.6900000000         2.0500000000         0.7452893563
        1.6950000000         2.0500000000         0.7363695559
        1.7000000000         2.0500000000         0.7249012410
        1.7050000000         2.0500000000         0.7121586690
        1.7100000000         2.0500000000         0.7019646114
        1.7150000000         2.0500000000         0.6879477822
        1.7200000000         2.0500000000         0.6764794674
        1.7250000000         2.0500000000         0.6688339242
        1.7300000000         2.0500000000         0.6535428377
        1.7350000000         2.0500000000         0.6408002657
        1.7400000000         2.0500000000         0.6331547225
        1.7450000000         2.0500000000         0.6229606649
        1.7500000000         2.0500000000         0.6127666073
        1.7550000000         2.0500000000         0.5987497780
        1.7600000000         2.0500000000         0.5872814632
        1.7650000000         2.0500000000         0.5783616628
        1.7700000000         2.0500000000         0.5707161196
        1.7750000000         2.0500000000         0.5566992904
        1.7800000000         2.0500000000         0.5452309756
        1.7850000000         2.0500000000         0.5337626607
        1.7900000000         2.0500000000         0.5222943459
        1.7950000000         2.0500000000         0.5121002883
        1.8000000000         2.0500000000         0.4993577163
        1.8050000000         2.0500000000         0.4904379159
        1.8100000000         2.0500000000         0.4802438582
        1.8150000000         2.0500000000         0.4611300002
        1.8200000000         2.0500000000         0.4534844570
        1.8250000000         2.0500000000         0.4420161422
        1.8300000000         2.0500000000         0.4318220846
        1.8350000000         2.0500000000         0.4178052553
        1.8400000000         2.0500000000         0.4050626833
        1.8450000000         2.0500000000         0.3910458541
        1.8500000000         2.0500000000         0.3770290249
        1.8550000000         2.0500000000         0.3681092245
        1.8600000000         2.0500000000         0.3630121957
        1.8650000000         2.0500000000         0.3451725948
        1.8700000000         2.0500000000         0.3362527944
        1.8750000000         2.0500000000         0.3247844796
        1.8800000000         2.0500000000         0.3158646792
        1.8850000000         2.0500000000         0.2980250783
        1.8900000000         2.0500000000         0.2891052779
        1.8950000000         2.0500000000         0.2763627059
        1.9000000000         2.0500000000         0.2661686483
        1.9050000000         2.0500000000         0.2547003335
        1.9100000000         2.0500000000         0.2406835042
        1.9150000000         2.0500000000         0.2343122182
        1.9200000000         2.0500000000         0.2241181606
        1.9250000000         2.0500000000         0.2062785598
        1.9300000000         2.0500000000         0.1999072738
        1.9350000000         2.0500000000         0.1871647018
        1.9400000000         2.0500000000         0.1744221297
        1.9450000000         2.0500000000         0.1604053005
        1.9500000000         2.0500000000         0.1565825289
        1.9550000000         2.0500000000         0.1387429281
        1.9600000000         2.0500000000         0.1285488705
        1.9650000000         2.0500000000         0.1158062984
        1.9700000000         2.0500000000         0.1107092696
        1.9750000000         2.0500000000         0.0992409548
        1.9800000000         2.0500000000         0.0801270968
        1.9850000000         2.0500000000         0.0712072964
        1.9900000000         2.0500000000         0.0571904671
        1.9950000000         2.0500000000         0.0482706667
        2.0000000000         2.0500000000         0.0317053231
        2.0050000000         2.0500000000         0.0215112655
        2.0100000000         2.0500000000         0.0087686935
        2.0150000000         2.0500000000         0.0023974075
        2.0200000000         2.0500000000         0.0011231503
        2.0250000000         2.0500000000        -0.0014253642
        2.0300000000         2.0500000000         0.0011231503
        2.0350000000         2.0500000000         0.0049459219
        2.0400000000         2.0500000000        -0.0026996214
        2.0450000000         2.0500000000        -0.0014253642
        2.0500000000         2.0500000000         0.0011231503
        2.0550000000         2.0500000000         0.0011231503
        2.0600000000         2.0500000000         0.0011231503
        2.0650000000         2.0500000000         1.1186467165
        2.0700000000         2.0500000000         1.1110011733
        2.0750000000         2.0500000000         1.0778704860
        2.0800000000         2.0500000000         1.1122754305
        2.0850000000         2.0500000000         5.0637470142
        2.0900000000         2.0500000000         5.0662955286
        2.0950000000         2.0500000000         5.0662955286
        2.1000000000         2.0500000000         5.0662955286
        2.1050000000         2.0500000000         5.0650212714
        2.1100000000         2.0500000000         5.0650212714
        2.1150000000         2.0500000000         5.0662955286
        2.1200000000         2.0500000000         5.0611984998
        2.1250000000         2.0500000000         5.0510044422
        2.1300000000         2.0500000000         5.0344390986
        2.1350000000         2.0500000000         5.0153252405
        2.1400000000         2.0500000000         4.9962113825
        2.1450000000         2.0500000000         4.9860173249
        2.1500000000         2.0500000000         4.9681777240
        2.1550000000         2.0500000000         4.9477896088
        2.1600000000         2.0500000000         4.9312242652
        2.1650000000         2.0500000000         4.9159331788
        2.1700000000         2.0500000000         4.8993678351
        2.1750000000         2.0500000000         4.8764312055
        2.1800000000         2.0500000000         4.8573173475
        2.1850000000         2.0500000000         4.8458490326
        2.1900000000         2.0500000000         4.8241866602
        2.1950000000         2.0500000000         4.8101698310
        2.2000000000         2.0500000000         4.7936044874
        2.2050000000         2.0500000000         4.7757648865
        2.2100000000         2.0500000000         4.7642965717
        2.2150000000         2.0500000000         4.7426341993
        2.2200000000         2.0500000000         4.7273431128
        2.2250000000         2.0500000000         4.7031322260
        2.2300000000         2.0500000000         4.6865668824
        2.2350000000         2.0500000000         4.6712757960
        2.2400000000         2.0500000000         4.6547104523
        2.2450000000         2.0500000000         4.6355965943
        2.2500000000         2.0500000000         4.6203055079
        2.2550000000         2.0500000000         4.6062886786
        2.2600000000         2.0500000000         4.5897233350
        2.2650000000         2.0500000000         4.5706094770
        2.2700000000         2.0500000000         4.5553183906
        2.2750000000         2.0500000000         4.5336560181
        2.2800000000         2.0500000000         4.5158164173
        2.2850000000         2.0500000000         4.5068966169
        2.2900000000         2.0500000000         4.4916055305
        2.2950000000         2.0500000000         4.4724916724
        2.3000000000         2.0500000000         4.4521035572
        2.3050000000         2.0500000000         4.4419094996
        2.3100000000         2.0500000000         4.4266184132
        2.3150000000         2.0500000000         4.4087788123
        2.3200000000         2.0500000000         4.3883906971
        2.3250000000         2.0500000000         4.3743738679
        2.3300000000         2.0500000000         4.3590827814
        2.3350000000         2.0500000000         4.3437916950
        2.3400000000         2.0500000000         4.3272263514
        2.3450000000         2.0500000000         4.3081124934
        2.3500000000         2.0500000000         4.2940956641
        2.3550000000         2.0500000000         4.2800788349
        2.3600000000         2.0500000000         4.2635134913
        2.3650000000         2.0500000000         4.2443996333
        2.3700000000         2.0500000000         4.2291085468
        2.3750000000         2.0500000000         4.2112689460
        2.3800000000         2.0500000000         4.1985263740
        2.3850000000         2.0500000000         4.1806867731
        2.3900000000         2.0500000000         4.1628471723
        2.3950000000         2.0500000000         4.1475560859
        2.4000000000         2.0500000000         4.1284422279
        2.4050000000         2.0500000000         4.1131511414
        2.4100000000         2.0500000000         4.0978600550
        2.4150000000         2.0500000000         4.0812947114
        2.4200000000         2.0500000000         4.0621808534
        2.4250000000         2.0500000000         4.0430669953
        2.4300000000         2.0500000000         4.0252273945
        2.4350000000         2.0500000000         4.0150333369
        2.4400000000         2.0500000000         3.9933709644
        2.4450000000         2.0500000000         3.9780798780
        2.4500000000         2.0500000000         3.9589660200
        2.4550000000         2.0500000000         3.9449491908
        2.4600000000         2.0500000000         3.9258353327
        2.4650000000         2.0500000000         3.9092699891
        2.4700000000         2.0500000000         3.8901561311
        2.4750000000         2.0500000000         3.8761393018
        2.4800000000         2.0500000000         3.8544769294
        2.4850000000         2.0500000000         3.8340888142
        2.4900000000         2.0500000000         3.8162492133
        2.4950000000         2.0500000000         3.7996838697
        2.5000000000         2.0500000000         3.7805700117
        2.5050000000         2.0500000000         3.7678274397
        2.5100000000         2.0500000000         3.7499878388
        2.5150000000         2.0500000000         3.7295997236
        2.5200000000         2.0500000000         3.7155828944
        2.5250000000         2.0500000000         3.6977432936
        2.5300000000         2.0500000000         3.6837264643
        2.5350000000         2.0500000000         3.6633383491
        2.5400000000         2.0500000000         3.6480472627
        2.5450000000         2.0500000000         3.6276591474
        2.5500000000         2.0500000000         3.6123680610
        2.5550000000         2.0500000000         3.5983512318
        2.5600000000         2.0500000000         3.5741403449
        2.5650000000         2.0500000000         3.5652205445
        2.5700000000         2.0500000000         3.5486552009
        2.5750000000         2.0500000000         3.5269928285
        2.5800000000         2.0500000000         3.5142502564
        2.5850000000         2.0500000000         3.4964106556
        2.5900000000         2.0500000000         3.4785710548
        2.5950000000         2.0500000000         3.4607314540
        2.6000000000         2.0500000000         3.4352463099
        2.6050000000         2.0500000000         3.4263265095
        2.6100000000         2.0500000000         3.4072126515
        2.6150000000         2.0500000000         3.3868245362
        2.6200000000         2.0500000000         3.3753562214
        2.6250000000         2.0500000000         3.3549681062
        2.6300000000         2.0500000000         3.3371285054
        2.6350000000         2.0500000000         3.3282087049
        2.6400000000         2.0500000000         3.3014493037
        2.6450000000         2.0500000000         3.2887067317
        2.6500000000         2.0500000000         3.2708671308
        2.6550000000         2.0500000000         3.2530275300
        2.6600000000         2.0500000000         3.2390107008
        2.6650000000         2.0500000000         3.2198968428
        2.6700000000         2.0500000000         3.2007829847
        2.6750000000         2.0500000000         3.1816691267
        2.6800000000         2.0500000000         3.1625552687
        2.6850000000         2.0500000000         3.1434414106
        2.6900000000         2.0500000000         3.1294245814
        2.6950000000         2.0500000000         3.1115849806
        2.7000000000         2.0500000000         3.0911968654
        2.7050000000         2.0500000000         3.0746315217
        2.7100000000         2.0500000000         3.0555176637
        2.7150000000         2.0500000000         3.0389523201
        2.7200000000         2.0500000000         3.0249354908
        2.7250000000         2.0500000000         3.0083701472
        2.7300000000         2.0500000000         2.9918048036
        2.7350000000         2.0500000000         2.9816107460
        2.7400000000         2.0500000000         2.9510285731
        2.7450000000         2.0500000000         2.9357374867
        2.7500000000         2.0500000000         2.9319147151
        2.7550000000         2.0500000000         2.9089780854
        2.7600000000         2.0500000000         2.8936869990
        2.7650000000         2.0500000000         2.8834929414
        2.7700000000         2.0500000000         2.8605563118
        2.7750000000         2.0500000000         2.8388939393
        2.7800000000         2.0500000000         2.8337969105
        2.7850000000         2.0500000000         2.8019404805
        2.7900000000         2.0500000000         2.7917464229
        2.7950000000         2.0500000000         2.7815523652
        2.8000000000         2.0500000000         2.7560672212
        2.8050000000         2.0500000000         2.7395018776
        2.8100000000         2.0500000000         2.7191137623
        2.8150000000         2.0500000000         2.6987256471
        2.8200000000         2.0500000000         2.6872573323
        2.8250000000         2.0500000000         2.6668692171
        2.8300000000         2.0500000000         2.6503038734
        2.8350000000         2.0500000000         2.6350127870
        2.8400000000         2.0500000000         2.6133504146
        2.8450000000         2.0500000000         2.5942365565
        2.8500000000         2.0500000000         2.5763969557
        2.8550000000         2.0500000000         2.5598316121
        2.8600000000         2.0500000000         2.5445405256
        2.8650000000         2.0500000000         2.5267009248
        2.8700000000         2.0500000000         2.5126840956
        2.8750000000         2.0500000000         2.4935702376
        2.8800000000         2.0500000000         2.4731821223
        2.8850000000         2.0500000000         2.4604395503
        2.8900000000         2.0500000000         2.4476969783
        2.8950000000         2.0500000000         2.4273088631
        2.9000000000         2.0500000000         2.4081950050
        2.9050000000         2.0500000000         2.3903554042
        2.9100000000         2.0500000000         2.3750643178
        2.9150000000         2.0500000000         2.3559504597
        2.9200000000         2.0500000000         2.3393851161
        2.9250000000         2.0500000000         2.3215455153
        2.9300000000         2.0500000000         2.3062544289
        2.9350000000         2.0500000000         2.2896890852
        2.9400000000         2.0500000000         2.2705752272
        2.9450000000         2.0500000000         2.2501871120
        2.9500000000         2.0500000000         2.2387187971
        2.9550000000         2.0500000000         2.2183306819
        2.9600000000         2.0500000000         2.2030395955
        2.9650000000         2.0500000000         2.1851999947
        2.9700000000         2.0500000000         2.1660861366
        2.9750000000         2.0500000000         2.1546178218
        2.9800000000         2.0500000000         2.1342297066
        2.9850000000         2.0500000000         2.1189386201
        2.9900000000         2.0500000000         2.1036475337
        2.9950000000         2.0500000000         2.0896307045
        3.0000000000         2.0500000000         2.0730653609
        3.0050000000         2.0500000000         2.0603227889
        3.0100000000         2.0500000000         2.0424831880
        3.0150000000         2.0500000000         2.0271921016
        3.0200000000         2.0500000000         2.0119010152
        3.0250000000         2.0500000000         1.9915128999
        3.0300000000         2.0500000000         1.9762218135
        3.0350000000         2.0500000000         1.9571079555
        3.0400000000         2.0500000000         1.9430911263
        3.0450000000         2.0500000000         1.9316228114
        3.0500000000         2.0500000000         1.9137832106
        3.0550000000         2.0500000000         1.8972178670
        3.0600000000         2.0500000000         1.8819267806
        3.0650000000         2.0500000000         1.8640871797
        3.0700000000         2.0500000000         1.8526188649
        3.0750000000         2.0500000000         1.8386020357
        3.0800000000         2.0500000000         1.8245852065
        3.0850000000         2.0500000000         1.8080198628
        3.0900000000         2.0500000000         1.7952772908
        3.0950000000         2.0500000000         1.7799862044
        3.1000000000         2.0500000000         1.7659693752
        3.1050000000         2.0500000000         1.7506782887
        3.1100000000         2.0500000000         1.7404842311
        3.1150000000         2.0500000000         1.7251931447
        3.1200000000         2.0500000000         1.7073535439
        3.1250000000         2.0500000000         1.6933367146
        3.1300000000         2.0500000000         1.6793198854
        3.1350000000         2.0500000000         1.6640287990
        3.1400000000         2.0500000000         1.6512862270
        3.1450000000         2.0500000000         1.6385436550
        3.1500000000         2.0500000000         1.6283495973
        3.1550000000         2.0500000000         1.6079614821
        3.1600000000         2.0500000000         1.5964931673
        3.1650000000         2.0500000000         1.5862991097
        3.1700000000         2.0500000000         1.5710080232
        3.1750000000         2.0500000000         1.5582654512
        3.1800000000         2.0500000000         1.5455228792
        3.1850000000         2.0500000000         1.5340545644
        3.1900000000         2.0500000000         1.5200377352
        3.1950000000         2.0500000000         1.5072951631
        3.2000000000         2.0500000000         1.4920040767
        3.2050000000         2.0500000000         1.4805357619
        3.2100000000         2.0500000000         1.4639704183
        3.2150000000         2.0500000000         1.4525021034
        3.2200000000         2.0500000000         1.4397595314
        3.2250000000         2.0500000000         1.4308397310
        3.2300000000         2.0500000000         1.4130001302
        3.2350000000         2.0500000000         1.3989833010
        3.2400000000         2.0500000000         1.3900635005
        3.2450000000         2.0500000000         1.3824179573
        3.2500000000         2.0500000000         1.3633040993
        3.2550000000         2.0500000000         1.3518357845
        3.2600000000         2.0500000000         1.3441902413
        3.2650000000         2.0500000000         1.3276248976
        3.2700000000         2.0500000000         1.3123338112
        3.2750000000         2.0500000000         1.3008654964
        3.2800000000         2.0500000000         1.2906714388
        3.2850000000         2.0500000000         1.2741060952
        3.2900000000         2.0500000000         1.2639120375
        3.2950000000         2.0500000000         1.2562664943
        3.3000000000         2.0500000000         1.2422496651
        3.3050000000         2.0500000000         1.2282328359
        3.3100000000         2.0500000000         1.2129417495
        3.3150000000         2.0500000000         1.2027476918
        3.3200000000         2.0500000000         1.1925536342
        3.3250000000         2.0500000000         1.1810853194
        3.3300000000         2.0500000000         1.1708912618
        3.3350000000         2.0500000000         1.1581486898
        3.3400000000         2.0500000000         1.1428576033
        3.3450000000         2.0500000000         1.1301150313
        3.3500000000         2.0500000000         1.1250180025
        3.3550000000         2.0500000000         1.1122754305
        3.3600000000         2.0500000000         1.0995328585
        3.3650000000         2.0500000000         1.0842417720
        3.3700000000         2.0500000000         1.0753219716
        3.3750000000         2.0500000000         1.0651279140
        3.3800000000         2.0500000000         1.0536595992
        3.3850000000         2.0500000000         1.0447397988
        3.3900000000         2.0500000000         1.0345457412
        3.3950000000         2.0500000000         1.0230774263
        3.4000000000         2.0500000000         1.0103348543
        3.4050000000         2.0500000000         1.0103348543
        3.4100000000         2.0500000000         0.9899467391
        3.4150000000         2.0500000000         0.9784784243
        3.4200000000         2.0500000000         0.9619130806
        3.4250000000         2.0500000000         0.9517190230
        3.4300000000         2.0500000000         0.9415249654
        3.4350000000         2.0500000000         0.9313309078
        3.4400000000         2.0500000000         0.9198625930
        3.4450000000         2.0500000000         0.9096685354
        3.4500000000         2.0500000000         0.8982002205
        3.4550000000         2.0500000000         0.8854576485
        3.4600000000         2.0500000000         0.8752635909
        3.4650000000         2.0500000000         0.8637952761
        3.4700000000         2.0500000000         0.8523269613
        3.4750000000         2.0500000000         0.8421329036
        3.4800000000         2.0500000000         0.8268418172
        3.4850000000         2.0500000000         0.8179220168
        3.4900000000         2.0500000000         0.8064537020
        3.4950000000         2.0500000000         0.7937111300
        3.5000000000         2.0500000000         0.7784200435
        3.5050000000         2.0500000000         0.7682259859
        3.5100000000         2.0500000000         0.7618546999
        3.5150000000         2.0500000000         0.7452893563
        3.5200000000         2.0500000000         0.7363695559
        3.5250000000         2.0500000000         0.7287240127
        3.5300000000         2.0500000000         0.7159814406
        3.5350000000         2.0500000000         0.7032388686
        3.5400000000         2.0500000000         0.6879477822
        3.5450000000         2.0500000000         0.6777537246
        3.5500000000         2.0500000000         0.6701081814
        3.5550000000         2.0500000000         0.6522685805
        3.5600000000         2.0500000000         0.6458972945
        3.5650000000         2.0500000000         0.6318804653
        3.5700000000         2.0500000000         0.6267834365
        3.5750000000         2.0500000000         0.6127666073
        3.5800000000         2.0500000000         0.5987497780
        3.5850000000         2.0500000000         0.5911042348
        3.5900000000         2.0500000000         0.5809101772
        3.5950000000         2.0500000000         0.5719903768
        3.6000000000         2.0500000000         0.5592478048
        3.6050000000         2.0500000000         0.5465052328
        3.6100000000         2.0500000000         0.5312141463
        3.6150000000         2.0500000000         0.5210200887
        3.6200000000         2.0500000000         0.5133745455
        3.6250000000         2.0500000000         0.5019062307
        3.6300000000         2.0500000000         0.4878894015
        3.6350000000         2.0500000000         0.4776953438
        3.6400000000         2.0500000000         0.4649527718
        3.6450000000         2.0500000000         0.4522101998
        3.6500000000         2.0500000000         0.4356448562
        3.6550000000         2.0500000000         0.4279993130
        3.6600000000         2.0500000000         0.4165309981
        3.6650000000         2.0500000000         0.3974171401
        3.6700000000         2.0500000000         0.3859488253
        3.6750000000         2.0500000000         0.3744805105
        3.6800000000         2.0500000000         0.3693834817
        3.6850000000         2.0500000000         0.3489953664
        3.6900000000         2.0500000000         0.3426240804
        3.6950000000         2.0500000000         0.3247844796
        3.7000000000         2.0500000000         0.3158646792
        3.7050000000         2.0500000000         0.3043963644
        3.7100000000         2.0500000000         0.2878310207
        3.7150000000         2.0500000000         0.2763627059
        3.7200000000         2.0500000000         0.2661686483
        3.7250000000         2.0500000000         0.2547003335
        3.7300000000         2.0500000000         0.2445062759
        3.7350000000         2.0500000000         0.2317637038
        3.7400000000         2.0500000000         0.2202953890
        3.7450000000         2.0500000000         0.2062785598
        3.7500000000         2.0500000000         0.1960845022
        3.7550000000         2.0500000000         0.1871647018
        3.7600000000         2.0500000000         0.1744221297
        3.7650000000         2.0500000000         0.1629538149
        3.7700000000         2.0500000000         0.1527597573
        3.7750000000         2.0500000000         0.1361944137
        3.7800000000         2.0500000000         0.1310973849
        3.7850000000         2.0500000000         0.1196290700
        3.7900000000         2.0500000000         0.1017894692
        3.7950000000         2.0500000000         0.0890468972
        3.8000000000         2.0500000000         0.0788528396
        3.8050000000         2.0500000000         0.0673845248
        3.8100000000         2.0500000000         0.0584647243
        3.8150000000         2.0500000000         0.0444478951
        3.8200000000         2.0500000000         0.0253340371
        3.8250000000         2.0500000000         0.0151399795
        3.8300000000         2.0500000000         0.0049459219
        3.8350000000         2.0500000000         0.0011231503
        3.8400000000         2.0500000000         0.0049459219
        3.8450000000         2.0500000000        -0.0026996214
        3.8500000000         2.0500000000         0.0011231503
        3.8550000000         2.0500000000         0.0011231503
        3.8600000000         2.0500000000        -0.0014253642
        3.8650000000         2.0500000000        -0.0014253642
        3.8700000000         2.0500000000         0.0011231503
        3.8750000000         2.0500000000        -0.0001511069
        3.8800000000         2.0500000000         0.0049459219
        3.8850000000         2.0500000000         1.1186467165
        3.8900000000         2.0500000000         1.1097269161
        3.8950000000         2.0500000000         1.0740477144
        3.9000000000         2.0500000000         1.1008071157
        3.9050000000         2.0500000000         5.0637470142
        3.9100000000         2.0500000000         5.0662955286
        3.9150000000         2.0500000000         5.0688440430
        3.9200000000         2.0500000000         5.0688440430
        3.9250000000         2.0500000000         5.0701183002
        3.9300000000         2.0500000000         5.0650212714
        3.9350000000         2.0500000000         5.0637470142
        3.9400000000         2.0500000000         5.0624727570
        3.9450000000         2.0500000000         5.0510044422
        3.9500000000         2.0500000000         5.0344390986
        3.9550000000         2.0500000000         5.0191480121
        3.9600000000         2.0500000000         4.9962113825
        3.9650000000         2.0500000000         4.9860173249
        3.9700000000         2.0500000000         4.9630806952
        3.9750000000         2.0500000000         4.9477896088
        3.9800000000         2.0500000000         4.9350470368
        3.9850000000         2.0500000000         4.9184816932
        3.9900000000         2.0500000000         4.8980935779
        3.9950000000         2.0500000000         4.8789797199
        4.0000000000         2.0500000000         4.8636886335
        4.0050000000         2.0500000000         4.8458490326
        4.0100000000         2.0500000000         4.8305579462
        4.0150000000         2.0500000000         4.8152668598
        4.0200000000         2.0500000000         4.7948787446
        4.0250000000         2.0500000000         4.7821361725
        4.0300000000         2.0500000000         4.7642965717
        4.0350000000         2.0500000000         4.7502797425
        4.0400000000         2.0500000000         4.7286173701
        4.0450000000         2.0500000000         4.7222460840
        4.0500000000         2.0500000000         4.7005837116
        4.0550000000         2.0500000000         4.6776470820
        4.0600000000         2.0500000000         4.6636302527
        4.0650000000         2.0500000000         4.6483391663
        4.0700000000         2.0500000000         4.6304995655
        4.0750000000         2.0500000000         4.6088371931
        4.0800000000         2.0500000000         4.5922718494
        4.0850000000         2.0500000000         4.5757065058
        4.0900000000         2.0500000000         4.5616896766
        4.0950000000         2.0500000000         4.5438500757
        4.1000000000         2.0500000000         4.5336560181
        4.1050000000         2.0500000000         4.5170906745
        4.1100000000         2.0500000000         4.4967025593
        4.1150000000         2.0500000000         4.4788629584
        4.1200000000         2.0500000000         4.4661203864
        4.1250000000         2.0500000000         4.4482807856
        4.1300000000         2.0500000000         4.4291669276
        4.1350000000         2.0500000000         4.4176986127
        4.1400000000         2.0500000000         4.3973104975
        4.1450000000         2.0500000000         4.3794708967
        4.1500000000         2.0500000000         4.3680025819
        4.1550000000         2.0500000000         4.3552600098
        4.1600000000         2.0500000000         4.3374204090
        4.1650000000         2.0500000000         4.3170322938
        4.1700000000         2.0500000000         4.3093867506
        4.1750000000         2.0500000000         4.2864501209
        4.1800000000         2.0500000000         4.2711590345
        4.1850000000         2.0500000000         4.2545936909
        4.1900000000         2.0500000000         4.2329313184
        4.1950000000         2.0500000000         4.2163659748
        4.2000000000         2.0500000000         4.2061719172
        4.2050000000         2.0500000000         4.1857838020
        4.2100000000         2.0500000000         4.1704927155
        4.2150000000         2.0500000000         4.1564758863
        4.2200000000         2.0500000000         4.1373620283
        4.2250000000         2.0500000000         4.1195224274
        4.2300000000         2.0500000000         4.1016828266
        4.2350000000         2.0500000000         4.0863917402
        4.2400000000         2.0500000000         4.0711006538
        4.2450000000         2.0500000000         4.0519867957
        4.2500000000         2.0500000000         4.0341471949
        4.2550000000         2.0500000000         4.0239531373
        4.2600000000         2.0500000000         4.0073877937
        4.2650000000         2.0500000000         3.9844511640
        4.2700000000         2.0500000000         3.9704343348
        4.2750000000         2.0500000000         3.9525947340
        4.2800000000         2.0500000000         3.9360293903
        4.2850000000         2.0500000000         3.9194640467
        4.2900000000         2.0500000000         3.9028987031
        4.2950000000         2.0500000000         3.8812363307
        4.3000000000         2.0500000000         3.8659452442
        4.3050000000         2.0500000000         3.8544769294
        4.3100000000         2.0500000000         3.8379115858
        4.3150000000         2.0500000000         3.8162492133
        4.3200000000         2.0500000000         3.8035066413
        4.3250000000         2.0500000000         3.7856670405
        4.3300000000         2.0500000000         3.7640046681
        4.3350000000         2.0500000000         3.7512620960
        4.3400000000         2.0500000000         3.7346967524
        4.3450000000         2.0500000000         3.7168571516
        4.3500000000         2.0500000000         3.7002918080
        4.3550000000         2.0500000000         3.6837264643
        4.3600000000         2.0500000000         3.6633383491
        4.3650000000         2.0500000000         3.6531442915
        4.3700000000         2.0500000000         3.6276591474
        4.3750000000         2.0500000000         3.6161908326
        4.3800000000         2.0500000000         3.6008997462
        4.3850000000         2.0500000000         3.5843344026
        4.3900000000         2.0500000000         3.5715918305
        4.3950000000         2.0500000000         3.5448324293
        4.4000000000         2.0500000000         3.5295413429
        4.4050000000         2.0500000000         3.5104274848
        4.4100000000         2.0500000000         3.4989591700
        4.4150000000         2.0500000000         3.4811195692
        4.4200000000         2.0500000000         3.4594571968
        4.4250000000         2.0500000000         3.4505373963
        4.4300000000         2.0500000000         3.4288750239
        4.4350000000         2.0500000000         3.4174067091
        4.4400000000         2.0500000000         3.3944700795
        4.4450000000         2.0500000000         3.3804532502
        4.4500000000         2.0500000000         3.3638879066
        4.4550000000         2.0500000000         3.3396770198
        4.4600000000         2.0500000000         3.3269344477
        4.4650000000         2.0500000000         3.3052720753
        4.4700000000         2.0500000000         3.2899809889
        4.4750000000         2.0500000000         3.2746899025
        4.4800000000         2.0500000000         3.2568503016
        4.4850000000         2.0500000000         3.2402849580
        4.4900000000         2.0500000000         3.2237196144
        4.4950000000         2.0500000000         3.2020572419
        4.5000000000         2.0500000000         3.1842176411
        4.5050000000         2.0500000000         3.1651037831
        4.5100000000         2.0500000000         3.1472641822
        4.5150000000         2.0500000000         3.1332473530
        4.5200000000         2.0500000000         3.1141334950
        4.5250000000         2.0500000000         3.1013909230
        4.5300000000         2.0500000000         3.0822770649
        4.5350000000         2.0500000000         3.0618889497
        4.5400000000         2.0500000000         3.0453236061
        4.5450000000         2.0500000000         3.0249354908
        4.5500000000         2.0500000000         3.0070958900
        4.5550000000         2.0500000000         2.9943533180
        4.5600000000         2.0500000000         2.9777879744
        4.5650000000         2.0500000000         2.9637711451
        4.5700000000         2.0500000000         2.9446572871
        4.5750000000         2.0500000000         2.9242691719
        4.5800000000         2.0500000000         2.9229949147
        4.5850000000         2.0500000000         2.8936869990
        4.5900000000         2.0500000000         2.8745731410
        4.5950000000         2.0500000000         2.8682018550
        4.6000000000         2.0500000000         2.8427167109
        4.6050000000         2.0500000000         2.8274256245
        4.6100000000         2.0500000000         2.8236028529
        4.6150000000         2.0500000000         2.7904721657
        4.6200000000         2.0500000000         2.7726325648
        4.6250000000         2.0500000000         2.7611642500
        4.6300000000         2.0500000000         2.7433246492
        4.6350000000         2.0500000000         2.7242107911
        4.6400000000         2.0500000000         2.7089197047
        4.6450000000         2.0500000000         2.6910801039
        4.6500000000         2.0500000000         2.6745147603
        4.6550000000         2.0500000000         2.6554009022
        4.6600000000         2.0500000000         2.6439325874
        4.6650000000         2.0500000000         2.6209959578
        4.6700000000         2.0500000000         2.6044306141
        4.6750000000         2.0500000000         2.5865910133
        4.6800000000         2.0500000000         2.5674771553
        4.6850000000         2.0500000000         2.5572830977
        4.6900000000         2.0500000000         2.5292494392
        4.6950000000         2.0500000000         2.5190553816
        4.7000000000         2.0500000000         2.5050385524
        4.7050000000         2.0500000000         2.4770048939
        4.7100000000         2.0500000000         2.4706336079
        4.7150000000         2.0500000000         2.4540682643
        4.7200000000         2.0500000000         2.4362286635
        4.7250000000         2.0500000000         2.4183890626
        4.7300000000         2.0500000000         2.4056464906
        4.7350000000         2.0500000000         2.3890811470
        4.7400000000         2.0500000000         2.3725158034
        4.7450000000         2.0500000000         2.3508534309
        4.7500000000         2.0500000000         2.3342880873
        4.7550000000         2.0500000000         2.3202712581
        4.7600000000         2.0500000000         2.3024316572
        4.7650000000         2.0500000000         2.2820435420
        4.7700000000         2.0500000000         2.2705752272
        4.7750000000         2.0500000000         2.2540098836
        4.7800000000         2.0500000000         2.2361702827
        4.7850000000         2.0500000000         2.2132336531
        4.7900000000         2.0500000000         2.1992168239
        4.7950000000         2.0500000000         2.1839257375
        4.8000000000         2.0500000000         2.1635376222
        4.8050000000         2.0500000000         2.1571663362
        4.8100000000         2.0500000000         2.1380524782
        4.8150000000         2.0500000000         2.1189386201
        4.8200000000         2.0500000000         2.1049217909
        4.8250000000         2.0500000000         2.0858079329
        4.8300000000         2.0500000000         2.0692425893
        4.8350000000         2.0500000000         2.0565000172
        4.8400000000         2.0500000000         2.0361119020
        4.8450000000         2.0500000000         2.0208208156
        4.8500000000         2.0500000000         2.0042554720
        4.8550000000         2.0500000000         1.9864158711
        4.8600000000         2.0500000000         1.9749475563
        4.8650000000         2.0500000000         1.9545594411
        4.8700000000         2.0500000000         1.9379940974
        4.8750000000         2.0500000000         1.9188802394
        4.8800000000         2.0500000000         1.9023148958
        4.8850000000         2.0500000000         1.8921208382
        4.8900000000         2.0500000000         1.8768297517
        4.8950000000         2.0500000000         1.8577158937
        4.9000000000         2.0500000000         1.8424248073
        4.9050000000         2.0500000000         1.8296822353
        4.9100000000         2.0500000000         1.8143911488
        4.9150000000         2.0500000000         1.7940030336
        4.9200000000         2.0500000000         1.7774376900
        4.9250000000         2.0500000000         1.7646951180
        4.9300000000         2.0500000000         1.7532268031
        4.9350000000         2.0500000000         1.7379357167
        4.9400000000         2.0500000000         1.7315644307
        4.9450000000         2.0500000000         1.7073535439
        4.9500000000         2.0500000000         1.6882396858
        4.9550000000         2.0500000000         1.6793198854
        4.9600000000         2.0500000000         1.6678515706
        4.9650000000         2.0500000000         1.6525604842
        4.9700000000         2.0500000000         1.6321723689
        4.9750000000         2.0500000000         1.6219783113
        4.9800000000         2.0500000000         1.6092357393
        4.9850000000         2.0500000000         1.5901218813
        4.9900000000         2.0500000000         1.5786535665
        4.9950000000         2.0500000000         1.5633624800
        5.0000000000         2.0500000000         1.5518941652
        5.0050000000         2.0500000000         1.5404258504
        5.0100000000         2.0500000000         1.5213119924
        5.0150000000         2.0500000000         1.5149407064
        5.0200000000         2.0500000000         1.4958268483
        5.0250000000         2.0500000000         1.4856327907
        5.0300000000         2.0500000000         1.4767129903
        5.0350000000         2.0500000000         1.4575991323
        5.0400000000         2.0500000000         1.4448565602
        5.0450000000         2.0500000000         1.4384852742
        5.0500000000         2.0500000000         1.4257427022
        5.0550000000         2.0500000000         1.4117258730
        5.0600000000         2.0500000000         1.3964347866
        5.0650000000         2.0500000000         1.3875149861
        5.0700000000         2.0500000000         1.3747724141
        5.0750000000         2.0500000000         1.3645783565
        5.0800000000         2.0500000000         1.3594813277
        5.0850000000         2.0500000000         1.3390932125
        5.0900000000         2.0500000000         1.3301734120
        5.0950000000         2.0500000000         1.3263506404
        5.1000000000         2.0500000000         1.2995912392
        5.1050000000         2.0500000000         1.2868486672
        5.1100000000         2.0500000000         1.2817516384
        5.1150000000         2.0500000000         1.2677348091
        5.1200000000         2.0500000000         1.2524437227
        5.1250000000         2.0500000000         1.2397011507
        5.1300000000         2.0500000000         1.2269585787
        5.1350000000         2.0500000000         1.2193130355
        5.1400000000         2.0500000000         1.2091189778
        5.1450000000         2.0500000000         1.1938278914
        5.1500000000         2.0500000000         1.1836338338
        5.1550000000         2.0500000000         1.1734397762
        5.1600000000         2.0500000000         1.1568744326
        5.1650000000         2.0500000000         1.1505031465
        5.1700000000         2.0500000000         1.1352120601
        5.1750000000         2.0500000000         1.1250180025
        5.1800000000         2.0500000000         1.1160982021
        5.1850000000         2.0500000000         1.1020813729
        5.1900000000         2.0500000000         1.0893388008
        5.1950000000         2.0500000000         1.0931615725
        5.2000000000         2.0500000000         1.0638536568
        5.2050000000         2.0500000000         1.0549338564
        5.2100000000         2.0500000000         1.0460140560
        5.2150000000         2.0500000000         1.0307229696
        5.2200000000         2.0500000000         1.0167061403
        5.2250000000         2.0500000000         1.0052378255
        5.2300000000         2.0500000000         0.9963180251
        5.2350000000         2.0500000000         0.9886724819
        5.2400000000         2.0500000000         0.9708328811
        5.2450000000         2.0500000000         0.9631873378
        5.2500000000         2.0500000000         0.9542675374
        5.2550000000         2.0500000000         0.9415249654
        5.2600000000         2.0500000000         0.9224111074
        5.2650000000         2.0500000000         0.9134913070
        5.2700000000         2.0500000000         0.9083942781
        5.2750000000         2.0500000000         0.8905546773
        5.2800000000         2.0500000000         0.8816348769
        5.2850000000         2.0500000000         0.8714408193
        5.2900000000         2.0500000000         0.8586982473
        5.2950000000         2.0500000000         0.8434071608
        5.3000000000         2.0500000000         0.8281160744
        5.3050000000         2.0500000000         0.8166477596
        5.3100000000         2.0500000000         0.8064537020
        5.3150000000         2.0500000000         0.7988081588
        5.3200000000         2.0500000000         0.7822428151
        5.3250000000         2.0500000000         0.7707745003
        5.3300000000         2.0500000000         0.7554834139
        5.3350000000         2.0500000000         0.7452893563
        5.3400000000         2.0500000000         0.7325467843
        5.3450000000         2.0500000000         0.7159814406
        5.3500000000         2.0500000000         0.7108844118
        5.3550000000         2.0500000000         0.7006903542
        5.3600000000         2.0500000000         0.6866735250
        5.3650000000         2.0500000000         0.6764794674
        5.3700000000         2.0500000000         0.6675596670
        5.3750000000         2.0500000000         0.6522685805
        5.3800000000         2.0500000000         0.6408002657
        5.3850000000         2.0500000000         0.6255091793
        5.3900000000         2.0500000000         0.6191378933
        5.3950000000         2.0500000000         0.6089438357
        5.4000000000         2.0500000000         0.6012982924
        5.4050000000         2.0500000000         0.5860072060
        5.4100000000         2.0500000000         0.5783616628
        5.4150000000         2.0500000000         0.5630705764
        5.4200000000         2.0500000000         0.5503280044
        5.4250000000         2.0500000000         0.5375854323
        5.4300000000         2.0500000000         0.5273913747
        5.4350000000         2.0500000000         0.5184715743
        5.4400000000         2.0500000000         0.5031804879
        5.4450000000         2.0500000000         0.4929864303
        5.4500000000         2.0500000000         0.4840666298
        5.4550000000         2.0500000000         0.4700498006
        5.4600000000         2.0500000000         0.4598557430
        5.4650000000         2.0500000000         0.4471131710
        5.4700000000         2.0500000000         0.4369191134
        5.4750000000         2.0500000000         0.4229022841
        5.4800000000         2.0500000000         0.4088854549
        5.4850000000         2.0500000000         0.3961428829
        5.4900000000         2.0500000000         0.3821260537
        5.4950000000         2.0500000000         0.3719319961
        5.5000000000         2.0500000000         0.3655607101
        5.5050000000         2.0500000000         0.3477211092
        5.5100000000         2.0500000000         0.3375270516
        5.5150000000         2.0500000000         0.3247844796
        5.5200000000         2.0500000000         0.3145904220
        5.5250000000         2.0500000000         0.3031221072
        5.5300000000         2.0500000000         0.2929280495
        5.5350000000         2.0500000000         0.2827339919
        5.5400000000         2.0500000000         0.2699914199
        5.5450000000         2.0500000000         0.2547003335
        5.5500000000         2.0500000000         0.2445062759
        5.5550000000         2.0500000000         0.2368607326
        5.5600000000         2.0500000000         0.2241181606
        5.5650000000         2.0500000000         0.2113755886
        5.5700000000         2.0500000000         0.1973587594
        5.5750000000         2.0500000000         0.1858904446
        5.5800000000         2.0500000000         0.1807934157
        5.5850000000         2.0500000000         0.1667765865
        5.5900000000         2.0500000000         0.1655023293
        5.5950000000         2.0500000000         0.1502112429
        5.6000000000         2.0500000000         0.1336458993
        5.6050000000         2.0500000000         0.1272746133
        5.6100000000         2.0500000000         0.1132577840
        5.6150000000         2.0500000000         0.1043379836
        5.6200000000         2.0500000000         0.0941439260
        5.6250000000         2.0500000000         0.0788528396
        5.6300000000         2.0500000000         0.0648360104
        5.6350000000         2.0500000000         0.0533676955
        5.6400000000         2.0500000000         0.0431736379
        5.6450000000         2.0500000000         0.0278825515
        5.6500000000         2.0500000000         0.0215112655
        5.6550000000         2.0500000000         0.0023974075
        5.6600000000         2.0500000000        -0.0001511069
        5.6650000000         2.0500000000         0.0049459219
        5.6700000000         2.0500000000        -0.0001511069
        5.6750000000         2.0500000000        -0.0001511069
        5.6800000000         2.0500000000         0.0049459219
        5.6850000000         2.0500000000        -0.0026996214
        5.6900000000         2.0500000000        -0.0001511069
        5.6950000000         2.0500000000         0.0062201791
        5.7000000000         2.0500000000        -0.0026996214
        5.7050000000         2.0500000000        -0.0014253642
        5.7100000000         2.0500000000         1.0702249428
        5.7150000000         2.0500000000         1.0816932576
        5.7200000000         2.0500000000         1.0740477144
        5.7250000000         2.0500000000         1.0906130581
        5.7300000000         2.0500000000         1.1084526589
        5.7350000000         2.0500000000         5.0675697858
        5.7400000000         2.0500000000         5.0675697858
        5.7450000000         2.0500000000         5.0701183002
        5.7500000000         2.0500000000         5.0675697858
        5.7550000000         2.0500000000         5.0662955286
        5.7600000000         2.0500000000         5.0675697858
        5.7650000000         2.0500000000         5.0624727570
        5.7700000000         2.0500000000         5.0599242426
        5.7750000000         2.0500000000         5.0471816706
        5.7800000000         2.0500000000         5.0344390986
        5.7850000000         2.0500000000         5.0204222693
        5.7900000000         2.0500000000         4.9974856397
        5.7950000000         2.0500000000         4.9872915821
        5.8000000000         2.0500000000         4.9707262385
        5.8050000000         2.0500000000         4.9503381232
        5.8100000000         2.0500000000         4.9375955512
        5.8150000000         2.0500000000         4.9172074360
        5.8200000000         2.0500000000         4.9006420923
        5.8250000000         2.0500000000         4.8815282343
        5.8300000000         2.0500000000         4.8687856623
        5.8350000000         2.0500000000         4.8534945759
        5.8400000000         2.0500000000         4.8292836890
        5.8450000000         2.0500000000         4.8203638886
        5.8500000000         2.0500000000         4.7999757734
        5.8550000000         2.0500000000         4.7834104297
        5.8600000000         2.0500000000         4.7719421149
        5.8650000000         2.0500000000         4.7528282569
        5.8700000000         2.0500000000         4.7400856849
        5.8750000000         2.0500000000         4.7196975696
        5.8800000000         2.0500000000         4.7018579688
        5.8850000000         2.0500000000         4.6878411396
        5.8900000000         2.0500000000         4.6674530244
        5.8950000000         2.0500000000         4.6534361951
        5.9000000000         2.0500000000         4.6368708515
        5.9050000000         2.0500000000         4.6152084791
        5.9100000000         2.0500000000         4.5986431354
        5.9150000000         2.0500000000         4.5871748206
        5.9200000000         2.0500000000         4.5731579914
        5.9250000000         2.0500000000         4.5565926478
        5.9300000000         2.0500000000         4.5336560181
        5.9350000000         2.0500000000         4.5209134461
        5.9400000000         2.0500000000         4.5056223597
        5.9450000000         2.0500000000         4.4877827589
        5.9500000000         2.0500000000         4.4699431580
        5.9550000000         2.0500000000         4.4559263288
        5.9600000000         2.0500000000         4.4419094996
        5.9650000000         2.0500000000         4.4266184132
        5.9700000000         2.0500000000         4.4113273267
        5.9750000000         2.0500000000         4.3947619831
        5.9800000000         2.0500000000         4.3794708967
        5.9850000000         2.0500000000         4.3641798103
        5.9900000000         2.0500000000         4.3565342670
        5.9950000000         2.0500000000         4.3323233802
        6.0000000000         2.0500000000         4.3170322938
        6.0050000000         2.0500000000         4.3106610078
        6.0100000000         2.0500000000         4.2902728925
        6.0150000000         2.0500000000         4.2737075489
        6.0200000000         2.0500000000         4.2635134913
        6.0250000000         2.0500000000         4.2380283472
        6.0300000000         2.0500000000         4.2189144892
        6.0350000000         2.0500000000         4.2087204316
        6.0400000000         2.0500000000         4.1934293452
        6.0450000000         2.0500000000         4.1717669727
        6.0500000000         2.0500000000         4.1552016291
        6.0550000000         2.0500000000         4.1462818287
        6.0600000000         2.0500000000         4.1297164851
        6.0650000000         2.0500000000         4.1093283698
        6.0700000000         2.0500000000         4.0914887690
        6.0750000000         2.0500000000         4.0787461970
        6.0800000000         2.0500000000         4.0647293678
        6.0850000000         2.0500000000         4.0456155097
        6.0900000000         2.0500000000         4.0290501661
        6.0950000000         2.0500000000         4.0112105653
        6.1000000000         2.0500000000         3.9908224500
        6.1050000000         2.0500000000         3.9793541352
        6.1100000000         2.0500000000         3.9602402772
        6.1150000000         2.0500000000         3.9411264192
        6.1200000000         2.0500000000         3.9296581043
        6.1250000000         2.0500000000         3.9105442463
        6.1300000000         2.0500000000         3.8952531599
        6.1350000000         2.0500000000         3.8723165302
        6.1400000000         2.0500000000         3.8570254438
        6.1450000000         2.0500000000         3.8442828718
        6.1500000000         2.0500000000         3.8277175282
        6.1550000000         2.0500000000         3.8022323841
        6.1600000000         2.0500000000         3.7869412977
        6.1650000000         2.0500000000         3.7691016969
        6.1700000000         2.0500000000         3.7538106104
        6.1750000000         2.0500000000         3.7372452668
        6.1800000000         2.0500000000         3.7168571516
        6.1850000000         2.0500000000         3.7015660652
        6.1900000000         2.0500000000         3.6824522071
        6.1950000000         2.0500000000         3.6646126063
        6.2000000000         2.0500000000         3.6505957771
        6.2050000000         2.0500000000         3.6302076618
        6.2100000000         2.0500000000         3.6123680610
        6.2150000000         2.0500000000         3.5894314314
        6.2200000000         2.0500000000         3.5754146021
        6.2250000000         2.0500000000         3.5550264869
        6.2300000000         2.0500000000         3.5410096577
        6.2350000000         2.0500000000         3.5167987709
        6.2400000000         2.0500000000         3.5002334272
        6.2450000000         2.0500000000         3.4823938264
        6.2500000000         2.0500000000         3.4683769972
        6.2550000000         2.0500000000         3.4530859107
        6.2600000000         2.0500000000         3.4479888819
        6.2650000000         2.0500000000         3.4110354231
        6.2700000000         2.0500000000         3.3931958222
        6.2750000000         2.0500000000         3.3919215650
        6.2800000000         2.0500000000         3.3613393922
        6.2850000000         2.0500000000         3.3409512770
        6.2900000000         2.0500000000         3.3218374189
        6.2950000000         2.0500000000         3.3065463325
        6.3000000000         2.0500000000         3.2887067317
        6.3050000000         2.0500000000         3.2644958448
        6.3100000000         2.0500000000         3.2492047584
        6.3150000000         2.0500000000         3.2313651576
        6.3200000000         2.0500000000         3.2135255568
        6.3250000000         2.0500000000         3.1956859559
        6.3300000000         2.0500000000         3.1791206123
        6.3350000000         2.0500000000         3.1600067543
        6.3400000000         2.0500000000         3.1332473530
        6.3450000000         2.0500000000         3.1217790382
        6.3500000000         2.0500000000         3.1001166658
        6.3550000000         2.0500000000         3.0797285505
        6.3600000000         2.0500000000         3.0657117213
        6.3650000000         2.0500000000         3.0453236061
        6.3700000000         2.0500000000         3.0262097480
        6.3750000000         2.0500000000         3.0109186616
        6.3800000000         2.0500000000         2.9943533180
        6.3850000000         2.0500000000         2.9777879744
        6.3900000000         2.0500000000         2.9586741163
        6.3950000000         2.0500000000         2.9395602583
        6.4000000000         2.0500000000         2.9242691719
        6.4050000000         2.0500000000         2.9064295710
        6.4100000000         2.0500000000         2.8911384846
        6.4150000000         2.0500000000         2.8720246266
        6.4200000000         2.0500000000         2.8490879970
        6.4250000000         2.0500000000         2.8350711677
        6.4300000000         2.0500000000         2.8159573097
        6.4350000000         2.0500000000         2.7981177089
        6.4400000000         2.0500000000         2.7790038508
        6.4450000000         2.0500000000         2.7649870216
        6.4500000000         2.0500000000         2.7471474208
        6.4550000000         2.0500000000         2.7305820772
        6.4600000000         2.0500000000         2.7076454475
        6.4650000000         2.0500000000         2.6923543611
        6.4700000000         2.0500000000         2.6770632747
        6.4750000000         2.0500000000         2.6579494166
        6.4800000000         2.0500000000         2.6401098158
        6.4850000000         2.0500000000         2.6222702150
        6.4900000000         2.0500000000         2.6031563569
        6.4950000000         2.0500000000         2.5865910133
        6.5000000000         2.0500000000         2.5662028981
        6.5050000000         2.0500000000         2.5521860689
        6.5100000000         2.0500000000         2.5305236964
        6.5150000000         2.0500000000         2.5139583528
        6.5200000000         2.0500000000         2.4999415236
        6.5250000000         2.0500000000         2.4821019227
        6.5300000000         2.0500000000         2.4629880647
        6.5350000000         2.0500000000         2.4464227211
        6.5400000000         2.0500000000         2.4247603487
