        0.0000000000         3.1750000000         3.5537522297
        0.0050000000         3.1750000000         3.5550264869
        0.0100000000         3.1750000000         3.5575750013
        0.0150000000         3.1750000000         3.5512037153
        0.0200000000         3.1750000000         3.5601235157
        0.0250000000         3.1750000000         3.5626720301
        0.0300000000         3.1750000000         3.5715918305
        0.0350000000         3.1750000000         3.5805116310
        0.0400000000         3.1750000000         3.5945284602
        0.0450000000         3.1750000000         3.6072710322
        0.0500000000         3.1750000000         3.6174650898
        0.0550000000         3.1750000000         3.6327561762
        0.0600000000         3.1750000000         3.6531442915
        0.0650000000         3.1750000000         3.6620640919
        0.0700000000         3.1750000000         3.6786294355
        0.0750000000         3.1750000000         3.6964690363
        0.0800000000         3.1750000000         3.7181314088
        0.0850000000         3.1750000000         3.7346967524
        0.0900000000         3.1750000000         3.7538106104
        0.0950000000         3.1750000000         3.7729244685
        0.1000000000         3.1750000000         3.7945868409
        0.1050000000         3.1750000000         3.8111521845
        0.1100000000         3.1750000000         3.8340888142
        0.1150000000         3.1750000000         3.8493799006
        0.1200000000         3.1750000000         3.8710422730
        0.1250000000         3.1750000000         3.8927046455
        0.1300000000         3.1750000000         3.9143670179
        0.1350000000         3.1750000000         3.9334808759
        0.1400000000         3.1750000000         3.9551432484
        0.1450000000         3.1750000000         3.9755313636
        0.1500000000         3.1750000000         3.9984679932
        0.1550000000         3.1750000000         4.0175818513
        0.1600000000         3.1750000000         4.0443412525
        0.1650000000         3.1750000000         4.0660036250
        0.1700000000         3.1750000000         4.0876659974
        0.1750000000         3.1750000000         4.1156996558
        0.1800000000         3.1750000000         4.1399105427
        0.1850000000         3.1750000000         4.1577501435
        0.1900000000         3.1750000000         4.1794125159
        0.1950000000         3.1750000000         4.2048976600
        0.2000000000         3.1750000000         4.2303828040
        0.2050000000         3.1750000000         4.2558679481
        0.2100000000         3.1750000000         4.2800788349
        0.2150000000         3.1750000000         4.3030154645
        0.2200000000         3.1750000000         4.3285006086
        0.2250000000         3.1750000000         4.3552600098
        0.2300000000         3.1750000000         4.3756481251
        0.2350000000         3.1750000000         4.3998590119
        0.2400000000         3.1750000000         4.4266184132
        0.2450000000         3.1750000000         4.4572005860
        0.2500000000         3.1750000000         4.4814114728
        0.2550000000         3.1750000000         4.5056223597
        0.2600000000         3.1750000000         4.5260104749
        0.2650000000         3.1750000000         4.5527698762
        0.2700000000         3.1750000000         4.5795292774
        0.2750000000         3.1750000000         4.6088371931
        0.2800000000         3.1750000000         4.6368708515
        0.2850000000         3.1750000000         4.6585332239
        0.2900000000         3.1750000000         4.6814698536
        0.2950000000         3.1750000000         4.7082292548
        0.3000000000         3.1750000000         4.7388114277
        0.3050000000         3.1750000000         4.7617480573
        0.3100000000         3.1750000000         4.7859589441
        0.3150000000         3.1750000000         4.8101698310
        0.3200000000         3.1750000000         4.8369292322
        0.3250000000         3.1750000000         4.8662371479
        0.3300000000         3.1750000000         4.8917222919
        0.3350000000         3.1750000000         4.9210302076
        0.3400000000         3.1750000000         4.9452410944
        0.3450000000         3.1750000000         4.9707262385
        0.3500000000         3.1750000000         5.0000341541
        0.3550000000         3.1750000000         5.0242450409
        0.3600000000         3.1750000000         5.0497301850
        0.3650000000         3.1750000000         5.0637470142
        0.3700000000         3.1750000000         5.0662955286
        0.3750000000         3.1750000000         5.0637470142
        0.3800000000         3.1750000000         5.0637470142
        0.3850000000         3.1750000000         1.1237437453
        0.3900000000         3.1750000000         1.1186467165
        0.3950000000         3.1750000000         1.1110011733
        0.4000000000         3.1750000000        -0.0001511069
        0.4050000000         3.1750000000         0.0011231503
        0.4100000000         3.1750000000        -0.0026996214
        0.4150000000         3.1750000000        -0.0001511069
        0.4200000000         3.1750000000        -0.0026996214
        0.4250000000         3.1750000000         0.0151399795
        0.4300000000         3.1750000000         0.0482706667
        0.4350000000         3.1750000000         0.0724815536
        0.4400000000         3.1750000000         0.1005152120
        0.4450000000         3.1750000000         0.1298231277
        0.4500000000         3.1750000000         0.1565825289
        0.4550000000         3.1750000000         0.1820676730
        0.4600000000         3.1750000000         0.2139241030
        0.4650000000         3.1750000000         0.2368607326
        0.4700000000         3.1750000000         0.2699914199
        0.4750000000         3.1750000000         0.2967508211
        0.4800000000         3.1750000000         0.3273329940
        0.4850000000         3.1750000000         0.3540923952
        0.4900000000         3.1750000000         0.3821260537
        0.4950000000         3.1750000000         0.4114339693
        0.5000000000         3.1750000000         0.4381933706
        0.5050000000         3.1750000000         0.4662270290
        0.5100000000         3.1750000000         0.4955349447
        0.5150000000         3.1750000000         0.5312141463
        0.5200000000         3.1750000000         0.5516022616
        0.5250000000         3.1750000000         0.5821844344
        0.5300000000         3.1750000000         0.6153151217
        0.5350000000         3.1750000000         0.6420745229
        0.5400000000         3.1750000000         0.6675596670
        0.5450000000         3.1750000000         0.6955933254
        0.5500000000         3.1750000000         0.7287240127
        0.5550000000         3.1750000000         0.7554834139
        0.5600000000         3.1750000000         0.7822428151
        0.5650000000         3.1750000000         0.8102764736
        0.5700000000         3.1750000000         0.8357616176
        0.5750000000         3.1750000000         0.8701665621
        0.5800000000         3.1750000000         0.8982002205
        0.5850000000         3.1750000000         0.9262338790
        0.5900000000         3.1750000000         0.9517190230
        0.5950000000         3.1750000000         0.9784784243
        0.6000000000         3.1750000000         1.0065120827
        0.6050000000         3.1750000000         1.0307229696
        0.6100000000         3.1750000000         1.0613051424
        0.6150000000         3.1750000000         1.0855160292
        0.6200000000         3.1750000000         1.1173724593
        0.6250000000         3.1750000000         1.1454061177
        0.6300000000         3.1750000000         1.1708912618
        0.6350000000         3.1750000000         1.1963764058
        0.6400000000         3.1750000000         1.2218615499
        0.6450000000         3.1750000000         1.2524437227
        0.6500000000         3.1750000000         1.2779288668
        0.6550000000         3.1750000000         1.3097852968
        0.6600000000         3.1750000000         1.3378189553
        0.6650000000         3.1750000000         1.3594813277
        0.6700000000         3.1750000000         1.3862407289
        0.6750000000         3.1750000000         1.4104516158
        0.6800000000         3.1750000000         1.4372110170
        0.6850000000         3.1750000000         1.4652446755
        0.6900000000         3.1750000000         1.4881813051
        0.6950000000         3.1750000000         1.5136664491
        0.7000000000         3.1750000000         1.5442486220
        0.7050000000         3.1750000000         1.5671852516
        0.7100000000         3.1750000000         1.5977674245
        0.7150000000         3.1750000000         1.6232525685
        0.7200000000         3.1750000000         1.6423664266
        0.7250000000         3.1750000000         1.6704000850
        0.7300000000         3.1750000000         1.6958852290
        0.7350000000         3.1750000000         1.7149990871
        0.7400000000         3.1750000000         1.7417584883
        0.7450000000         3.1750000000         1.7672436324
        0.7500000000         3.1750000000         1.7914545192
        0.7550000000         3.1750000000         1.8131168916
        0.7600000000         3.1750000000         1.8373277785
        0.7650000000         3.1750000000         1.8589901509
        0.7700000000         3.1750000000         1.8819267806
        0.7750000000         3.1750000000         1.9099604390
        0.7800000000         3.1750000000         1.9341713258
        0.7850000000         3.1750000000         1.9609307271
        0.7900000000         3.1750000000         1.9787703279
        0.7950000000         3.1750000000         2.0042554720
        0.8000000000         3.1750000000         2.0297406160
        0.8050000000         3.1750000000         2.0565000172
        0.8100000000         3.1750000000         2.0807109041
        0.8150000000         3.1750000000         2.1023732765
        0.8200000000         3.1750000000         2.1253099062
        0.8250000000         3.1750000000         2.1546178218
        0.8300000000         3.1750000000         2.1762801942
        0.8350000000         3.1750000000         2.2043138527
        0.8400000000         3.1750000000         2.2310732539
        0.8450000000         3.1750000000         2.2591069124
        0.8500000000         3.1750000000         2.2858663136
        0.8550000000         3.1750000000         2.3100772005
        0.8600000000         3.1750000000         2.3355623445
        0.8650000000         3.1750000000         2.3572247169
        0.8700000000         3.1750000000         2.3839841182
        0.8750000000         3.1750000000         2.4107435194
        0.8800000000         3.1750000000         2.4400514351
        0.8850000000         3.1750000000         2.4731821223
        0.8900000000         3.1750000000         2.4935702376
        0.8950000000         3.1750000000         2.5114098384
        0.9000000000         3.1750000000         2.5470890401
        0.9050000000         3.1750000000         2.5763969557
        0.9100000000         3.1750000000         2.6044306141
        0.9150000000         3.1750000000         2.6337385298
        0.9200000000         3.1750000000         2.6579494166
        0.9250000000         3.1750000000         2.6796117891
        0.9300000000         3.1750000000         2.7114682191
        0.9350000000         3.1750000000         2.7395018776
        0.9400000000         3.1750000000         2.7662612788
        0.9450000000         3.1750000000         2.7981177089
        0.9500000000         3.1750000000         2.8261513673
        0.9550000000         3.1750000000         2.8503622542
        0.9600000000         3.1750000000         2.8783959126
        0.9650000000         3.1750000000         2.8975097706
        0.9700000000         3.1750000000         2.9331889723
        0.9750000000         3.1750000000         2.9612226307
        0.9800000000         3.1750000000         2.9867077748
        0.9850000000         3.1750000000         3.0172899476
        0.9900000000         3.1750000000         3.0415008345
        0.9950000000         3.1750000000         3.0822770649
        1.0000000000         3.1750000000         3.0962938942
        1.0050000000         3.1750000000         3.1294245814
        1.0100000000         3.1750000000         3.1663780403
        1.0150000000         3.1750000000         3.1854918983
        1.0200000000         3.1750000000         3.2097027851
        1.0250000000         3.1750000000         3.2415592152
        1.0300000000         3.1750000000         3.2657701020
        1.0350000000         3.1750000000         3.2950780177
        1.0400000000         3.1750000000         3.3231116761
        1.0450000000         3.1750000000         3.3562423634
        1.0500000000         3.1750000000         3.3804532502
        1.0550000000         3.1750000000         3.4072126515
        1.0600000000         3.1750000000         3.4339720527
        1.0650000000         3.1750000000         3.4658284828
        1.0700000000         3.1750000000         3.4938621412
        1.0750000000         3.1750000000         3.5231700569
        1.0800000000         3.1750000000         3.5499294581
        1.0850000000         3.1750000000         3.5754146021
        1.0900000000         3.1750000000         3.6059967750
        1.0950000000         3.1750000000         3.6365789479
        1.1000000000         3.1750000000         3.6658868635
        1.1050000000         3.1750000000         3.6926462647
        1.1100000000         3.1750000000         3.7219541804
        1.1150000000         3.1750000000         3.7487135816
        1.1200000000         3.1750000000         3.7703759541
        1.1250000000         3.1750000000         3.8060551557
        1.1300000000         3.1750000000         3.8289917854
        1.1350000000         3.1750000000         3.8570254438
        1.1400000000         3.1750000000         3.8863333595
        1.1450000000         3.1750000000         3.9156412751
        1.1500000000         3.1750000000         3.9449491908
        1.1550000000         3.1750000000         3.9729828492
        1.1600000000         3.1750000000         3.9997422504
        1.1650000000         3.1750000000         4.0303244233
        1.1700000000         3.1750000000         4.0558095673
        1.1750000000         3.1750000000         4.0889402546
        1.1800000000         3.1750000000         4.1131511414
        1.1850000000         3.1750000000         4.1386362855
        1.1900000000         3.1750000000         4.1679442011
        1.1950000000         3.1750000000         4.1972521168
        1.2000000000         3.1750000000         4.2201887464
        1.2050000000         3.1750000000         4.2558679481
        1.2100000000         3.1750000000         4.2788045777
        1.2150000000         3.1750000000         4.3093867506
        1.2200000000         3.1750000000         4.3386946662
        1.2250000000         3.1750000000         4.3629055530
        1.2300000000         3.1750000000         4.3871164399
        1.2350000000         3.1750000000         4.4164243555
        1.2400000000         3.1750000000         4.4470065284
        1.2450000000         3.1750000000         4.4750401868
        1.2500000000         3.1750000000         4.4979768165
        1.2550000000         3.1750000000         4.5260104749
        1.2600000000         3.1750000000         4.5565926478
        1.2650000000         3.1750000000         4.5897233350
        1.2700000000         3.1750000000         4.6113857075
        1.2750000000         3.1750000000         4.6432421375
        1.2800000000         3.1750000000         4.6661787671
        1.2850000000         3.1750000000         4.6967609400
        1.2900000000         3.1750000000         4.7209718268
        1.2950000000         3.1750000000         4.7502797425
        1.3000000000         3.1750000000         4.7846846869
        1.3050000000         3.1750000000         4.8076213166
        1.3100000000         3.1750000000         4.8331064606
        1.3150000000         3.1750000000         4.8662371479
        1.3200000000         3.1750000000         4.8929965491
        1.3250000000         3.1750000000         4.9172074360
        1.3300000000         3.1750000000         4.9541608948
        1.3350000000         3.1750000000         4.9821945533
        1.3400000000         3.1750000000         5.0102282117
        1.3450000000         3.1750000000         5.0331648414
        1.3500000000         3.1750000000         5.0624727570
        1.3550000000         3.1750000000         5.0675697858
        1.3600000000         3.1750000000         5.0688440430
        1.3650000000         3.1750000000         5.0701183002
        1.3700000000         3.1750000000         5.0267935553
        1.3750000000         3.1750000000         1.1110011733
        1.3800000000         3.1750000000         1.0829675148
        1.3850000000         3.1750000000        -0.0014253642
        1.3900000000         3.1750000000        -0.0001511069
        1.3950000000         3.1750000000        -0.0026996214
        1.4000000000         3.1750000000        -0.0026996214
        1.4050000000         3.1750000000        -0.0001511069
        1.4100000000         3.1750000000         0.0202370083
        1.4150000000         3.1750000000         0.0546419527
        1.4200000000         3.1750000000         0.0814013540
        1.4250000000         3.1750000000         0.1119835268
        1.4300000000         3.1750000000         0.1400171853
        1.4350000000         3.1750000000         0.1680508437
        1.4400000000         3.1750000000         0.1960845022
        1.4450000000         3.1750000000         0.2304894466
        1.4500000000         3.1750000000         0.2534260763
        1.4550000000         3.1750000000         0.2891052779
        1.4600000000         3.1750000000         0.3158646792
        1.4650000000         3.1750000000         0.3477211092
        1.4700000000         3.1750000000         0.3732062533
        1.4750000000         3.1750000000         0.4012399117
        1.4800000000         3.1750000000         0.4330963418
        1.4850000000         3.1750000000         0.4611300002
        1.4900000000         3.1750000000         0.4904379159
        1.4950000000         3.1750000000         0.5222943459
        1.5000000000         3.1750000000         0.5516022616
        1.5050000000         3.1750000000         0.5834586916
        1.5100000000         3.1750000000         0.6127666073
        1.5150000000         3.1750000000         0.6382517513
        1.5200000000         3.1750000000         0.6688339242
        1.5250000000         3.1750000000         0.6981418398
        1.5300000000         3.1750000000         0.7249012410
        1.5350000000         3.1750000000         0.7529348995
        1.5400000000         3.1750000000         0.7847913295
        1.5450000000         3.1750000000         0.8179220168
        1.5500000000         3.1750000000         0.8434071608
        1.5550000000         3.1750000000         0.8727150765
        1.5600000000         3.1750000000         0.9007487349
        1.5650000000         3.1750000000         0.9287823934
        1.5700000000         3.1750000000         0.9593645662
        1.5750000000         3.1750000000         0.9937695107
        1.5800000000         3.1750000000         1.0179803975
        1.5850000000         3.1750000000         1.0472883132
        1.5900000000         3.1750000000         1.0740477144
        1.5950000000         3.1750000000         1.1008071157
        1.6000000000         3.1750000000         1.1250180025
        1.6050000000         3.1750000000         1.1517774038
        1.6100000000         3.1750000000         1.1849080910
        1.6150000000         3.1750000000         1.2116674923
        1.6200000000         3.1750000000         1.2397011507
        1.6250000000         3.1750000000         1.2677348091
        1.6300000000         3.1750000000         1.2944942104
        1.6350000000         3.1750000000         1.3199793544
        1.6400000000         3.1750000000         1.3467387557
        1.6450000000         3.1750000000         1.3760466713
        1.6500000000         3.1750000000         1.4040803298
        1.6550000000         3.1750000000         1.4282912166
        1.6600000000         3.1750000000         1.4563248751
        1.6650000000         3.1750000000         1.4818100191
        1.6700000000         3.1750000000         1.5111179347
        1.6750000000         3.1750000000         1.5366030788
        1.6800000000         3.1750000000         1.5620882228
        1.6850000000         3.1750000000         1.5913961385
        1.6900000000         3.1750000000         1.6066872249
        1.6950000000         3.1750000000         1.6347208833
        1.7000000000         3.1750000000         1.6640287990
        1.7050000000         3.1750000000         1.6805941426
        1.7100000000         3.1750000000         1.7099020583
        1.7150000000         3.1750000000         1.7290159163
        1.7200000000         3.1750000000         1.7570495747
        1.7250000000         3.1750000000         1.7876317476
        1.7300000000         3.1750000000         1.8054713484
        1.7350000000         3.1750000000         1.8347792641
        1.7400000000         3.1750000000         1.8602644081
        1.7450000000         3.1750000000         1.8832010378
        1.7500000000         3.1750000000         1.9074119246
        1.7550000000         3.1750000000         1.9328970686
        1.7600000000         3.1750000000         1.9583822127
        1.7650000000         3.1750000000         1.9813188423
        1.7700000000         3.1750000000         2.0029812148
        1.7750000000         3.1750000000         2.0284663588
        1.7800000000         3.1750000000         2.0565000172
        1.7850000000         3.1750000000         2.0819851613
        1.7900000000         3.1750000000         2.1049217909
        1.7950000000         3.1750000000         2.1291326778
        1.8000000000         3.1750000000         2.1597148506
        1.8050000000         3.1750000000         2.1839257375
        1.8100000000         3.1750000000         2.2094108815
        1.8150000000         3.1750000000         2.2425415688
        1.8200000000         3.1750000000         2.2654781984
        1.8250000000         3.1750000000         2.2858663136
        1.8300000000         3.1750000000         2.3151742293
        1.8350000000         3.1750000000         2.3406593733
        1.8400000000         3.1750000000         2.3686930318
        1.8450000000         3.1750000000         2.3954524330
        1.8500000000         3.1750000000         2.4209375770
        1.8550000000         3.1750000000         2.4438742067
        1.8600000000         3.1750000000         2.4693593507
        1.8650000000         3.1750000000         2.4961187520
        1.8700000000         3.1750000000         2.5216038960
        1.8750000000         3.1750000000         2.5521860689
        1.8800000000         3.1750000000         2.5751226985
        1.8850000000         3.1750000000         2.5993335853
        1.8900000000         3.1750000000         2.6273672438
        1.8950000000         3.1750000000         2.6566751594
        1.9000000000         3.1750000000         2.6821603035
        1.9050000000         3.1750000000         2.7076454475
        1.9100000000         3.1750000000         2.7344048488
        1.9150000000         3.1750000000         2.7649870216
        1.9200000000         3.1750000000         2.7891979085
        1.9250000000         3.1750000000         2.8210543385
        1.9300000000         3.1750000000         2.8439909681
        1.9350000000         3.1750000000         2.8694761122
        1.9400000000         3.1750000000         2.9077038282
        1.9450000000         3.1750000000         2.9268176863
        1.9500000000         3.1750000000         2.9561256019
        1.9550000000         3.1750000000         2.9790622316
        1.9600000000         3.1750000000         3.0083701472
        1.9650000000         3.1750000000         3.0364038057
        1.9700000000         3.1750000000         3.0580661781
        1.9750000000         3.1750000000         3.0848255793
        1.9800000000         3.1750000000         3.1128592378
        1.9850000000         3.1750000000         3.1396186390
        1.9900000000         3.1750000000         3.1714750691
        1.9950000000         3.1750000000         3.1944116987
        2.0000000000         3.1750000000         3.2237196144
        2.0050000000         3.1750000000         3.2555760444
        2.0100000000         3.1750000000         3.2823354457
        2.0150000000         3.1750000000         3.3103691041
        2.0200000000         3.1750000000         3.3358542482
        2.0250000000         3.1750000000         3.3664364210
        2.0300000000         3.1750000000         3.3931958222
        2.0350000000         3.1750000000         3.4199552235
        2.0400000000         3.1750000000         3.4467146247
        2.0450000000         3.1750000000         3.4772967976
        2.0500000000         3.1750000000         3.5066047132
        2.0550000000         3.1750000000         3.5333641145
        2.0600000000         3.1750000000         3.5639462873
        2.0650000000         3.1750000000         3.5868829170
        2.0700000000         3.1750000000         3.6200136042
        2.0750000000         3.1750000000         3.6493215199
        2.0800000000         3.1750000000         3.6786294355
        2.0850000000         3.1750000000         3.7028403224
        2.0900000000         3.1750000000         3.7270512092
        2.0950000000         3.1750000000         3.7614561537
        2.1000000000         3.1750000000         3.7894898121
        2.1050000000         3.1750000000         3.8111521845
        2.1100000000         3.1750000000         3.8442828718
        2.1150000000         3.1750000000         3.8723165302
        2.1200000000         3.1750000000         3.8990759315
        2.1250000000         3.1750000000         3.9283838471
        2.1300000000         3.1750000000         3.9576917628
        2.1350000000         3.1750000000         3.9844511640
        2.1400000000         3.1750000000         4.0099363081
        2.1450000000         3.1750000000         4.0392442237
        2.1500000000         3.1750000000         4.0672778822
        2.1550000000         3.1750000000         4.0953115406
        2.1600000000         3.1750000000         4.1220709419
        2.1650000000         3.1750000000         4.1488303431
        2.1700000000         3.1750000000         4.1743154871
        2.1750000000         3.1750000000         4.2036234028
        2.1800000000         3.1750000000         4.2303828040
        2.1850000000         3.1750000000         4.2622392341
        2.1900000000         3.1750000000         4.2915471497
        2.1950000000         3.1750000000         4.3157580366
        2.2000000000         3.1750000000         4.3450659522
        2.2050000000         3.1750000000         4.3654540675
        2.2100000000         3.1750000000         4.3998590119
        2.2150000000         3.1750000000         4.4278926704
        2.2200000000         3.1750000000         4.4584748432
        2.2250000000         3.1750000000         4.4839599872
        2.2300000000         3.1750000000         4.5158164173
        2.2350000000         3.1750000000         4.5400273041
        2.2400000000         3.1750000000         4.5693352198
        2.2450000000         3.1750000000         4.5973688782
        2.2500000000         3.1750000000         4.6279510511
        2.2550000000         3.1750000000         4.6585332239
        2.2600000000         3.1750000000         4.6865668824
        2.2650000000         3.1750000000         4.7146005408
        2.2700000000         3.1750000000         4.7413599421
        2.2750000000         3.1750000000         4.7681193433
        2.2800000000         3.1750000000         4.7974272590
        2.2850000000         3.1750000000         4.8267351746
        2.2900000000         3.1750000000         4.8573173475
        2.2950000000         3.1750000000         4.8878995203
        2.3000000000         3.1750000000         4.9121104072
        2.3050000000         3.1750000000         4.9414183228
        2.3100000000         3.1750000000         4.9732747529
        2.3150000000         3.1750000000         5.0025826685
        2.3200000000         3.1750000000         5.0344390986
        2.3250000000         3.1750000000         5.0599242426
        2.3300000000         3.1750000000         5.0675697858
        2.3350000000         3.1750000000         5.0650212714
        2.3400000000         3.1750000000         5.0637470142
        2.3450000000         3.1750000000         5.0446331562
        2.3500000000         3.1750000000         1.0880645436
        2.3550000000         3.1750000000         1.0855160292
        2.3600000000         3.1750000000        -0.0026996214
        2.3650000000         3.1750000000        -0.0001511069
        2.3700000000         3.1750000000        -0.0039738786
        2.3750000000         3.1750000000        -0.0026996214
        2.3800000000         3.1750000000         0.0049459219
        2.3850000000         3.1750000000         0.0278825515
        2.3900000000         3.1750000000         0.0584647243
        2.3950000000         3.1750000000         0.0928696688
        2.4000000000         3.1750000000         0.1209033273
        2.4050000000         3.1750000000         0.1553082717
        2.4100000000         3.1750000000         0.1846161874
        2.4150000000         3.1750000000         0.2151983602
        2.4200000000         3.1750000000         0.2419577615
        2.4250000000         3.1750000000         0.2699914199
        2.4300000000         3.1750000000         0.3018478499
        2.4350000000         3.1750000000         0.3273329940
        2.4400000000         3.1750000000         0.3579151668
        2.4450000000         3.1750000000         0.3884973397
        2.4500000000         3.1750000000         0.4165309981
        2.4550000000         3.1750000000         0.4483874282
        2.4600000000         3.1750000000         0.4815181154
        2.4650000000         3.1750000000         0.5070032595
        2.4700000000         3.1750000000         0.5426824611
        2.4750000000         3.1750000000         0.5694418624
        2.4800000000         3.1750000000         0.6012982924
        2.4850000000         3.1750000000         0.6267834365
        2.4900000000         3.1750000000         0.6624626381
        2.4950000000         3.1750000000         0.6879477822
        2.5000000000         3.1750000000         0.7210784694
        2.5050000000         3.1750000000         0.7478378707
        2.5100000000         3.1750000000         0.7771457863
        2.5150000000         3.1750000000         0.8102764736
        2.5200000000         3.1750000000         0.8421329036
        2.5250000000         3.1750000000         0.8676180477
        2.5300000000         3.1750000000         0.8943774489
        2.5350000000         3.1750000000         0.9236853646
        2.5400000000         3.1750000000         0.9555417946
        2.5450000000         3.1750000000         0.9873982247
        2.5500000000         3.1750000000         1.0128833687
        2.5550000000         3.1750000000         1.0383685128
        2.5600000000         3.1750000000         1.0702249428
        2.5650000000         3.1750000000         1.0969843441
        2.5700000000         3.1750000000         1.1275665169
        2.5750000000         3.1750000000         1.1543259182
        2.5800000000         3.1750000000         1.1759882906
        2.5850000000         3.1750000000         1.2052962062
        2.5900000000         3.1750000000         1.2307813503
        2.5950000000         3.1750000000         1.2575407515
        2.6000000000         3.1750000000         1.2881229244
        2.6050000000         3.1750000000         1.3148823256
        2.6100000000         3.1750000000         1.3390932125
        2.6150000000         3.1750000000         1.3696753853
        2.6200000000         3.1750000000         1.3964347866
        2.6250000000         3.1750000000         1.4244684450
        2.6300000000         3.1750000000         1.4499535890
        2.6350000000         3.1750000000         1.4728902187
        2.6400000000         3.1750000000         1.4945525911
        2.6450000000         3.1750000000         1.5225862496
        2.6500000000         3.1750000000         1.5531684224
        2.6550000000         3.1750000000         1.5735565376
        2.6600000000         3.1750000000         1.5964931673
        2.6650000000         3.1750000000         1.6321723689
        2.6700000000         3.1750000000         1.6551089986
        2.6750000000         3.1750000000         1.6780456282
        2.6800000000         3.1750000000         1.7060792867
        2.6850000000         3.1750000000         1.7264674019
        2.6900000000         3.1750000000         1.7532268031
        2.6950000000         3.1750000000         1.7787119472
        2.7000000000         3.1750000000         1.8080198628
        2.7050000000         3.1750000000         1.8309564925
        2.7100000000         3.1750000000         1.8551673793
        2.7150000000         3.1750000000         1.8806525234
        2.7200000000         3.1750000000         1.9035891530
        2.7250000000         3.1750000000         1.9392683547
        2.7300000000         3.1750000000         1.9532851839
        2.7350000000         3.1750000000         1.9787703279
        2.7400000000         3.1750000000         2.0055297292
        2.7450000000         3.1750000000         2.0297406160
        2.7500000000         3.1750000000         2.0539515028
        2.7550000000         3.1750000000         2.0768881325
        2.7600000000         3.1750000000         2.1074703053
        2.7650000000         3.1750000000         2.1253099062
        2.7700000000         3.1750000000         2.1546178218
        2.7750000000         3.1750000000         2.1788287086
        2.7800000000         3.1750000000         2.2030395955
        2.7850000000         3.1750000000         2.2310732539
        2.7900000000         3.1750000000         2.2540098836
        2.7950000000         3.1750000000         2.2858663136
        2.8000000000         3.1750000000         2.3113514577
        2.8050000000         3.1750000000         2.3342880873
        2.8100000000         3.1750000000         2.3597732313
        2.8150000000         3.1750000000         2.3929039186
        2.8200000000         3.1750000000         2.4132920338
        2.8250000000         3.1750000000         2.4413256923
        2.8300000000         3.1750000000         2.4680850935
        2.8350000000         3.1750000000         2.4948444948
        2.8400000000         3.1750000000         2.5216038960
        2.8450000000         3.1750000000         2.5445405256
        2.8500000000         3.1750000000         2.5751226985
        2.8550000000         3.1750000000         2.5942365565
        2.8600000000         3.1750000000         2.6248187294
        2.8650000000         3.1750000000         2.6503038734
        2.8700000000         3.1750000000         2.6770632747
        2.8750000000         3.1750000000         2.7038226759
        2.8800000000         3.1750000000         2.7369533632
        2.8850000000         3.1750000000         2.7586157356
        2.8900000000         3.1750000000         2.7879236513
        2.8950000000         3.1750000000         2.8223285957
        2.9000000000         3.1750000000         2.8439909681
        2.9050000000         3.1750000000         2.8682018550
        2.9100000000         3.1750000000         2.8962355134
        2.9150000000         3.1750000000         2.9204464003
        2.9200000000         3.1750000000         2.9510285731
        2.9250000000         3.1750000000         2.9803364888
        2.9300000000         3.1750000000         3.0058216328
        2.9350000000         3.1750000000         3.0364038057
        2.9400000000         3.1750000000         3.0644374641
        2.9450000000         3.1750000000         3.0911968654
        2.9500000000         3.1750000000         3.1205047810
        2.9550000000         3.1750000000         3.1459899250
        2.9600000000         3.1750000000         3.1778463551
        2.9650000000         3.1750000000         3.2007829847
        2.9700000000         3.1750000000         3.2313651576
        2.9750000000         3.1750000000         3.2606730732
        2.9800000000         3.1750000000         3.2874324745
        2.9850000000         3.1750000000         3.3141918757
        2.9900000000         3.1750000000         3.3422255342
        2.9950000000         3.1750000000         3.3740819642
        3.0000000000         3.1750000000         3.4008413655
        3.0050000000         3.1750000000         3.4250522523
        3.0100000000         3.1750000000         3.4518116535
        3.0150000000         3.1750000000         3.4811195692
        3.0200000000         3.1750000000         3.5155245137
        3.0250000000         3.1750000000         3.5384611433
        3.0300000000         3.1750000000         3.5703175733
        3.0350000000         3.1750000000         3.6021740034
        3.0400000000         3.1750000000         3.6276591474
        3.0450000000         3.1750000000         3.6582413203
        3.0500000000         3.1750000000         3.6811779499
        3.0550000000         3.1750000000         3.7104858656
        3.0600000000         3.1750000000         3.7397937812
        3.0650000000         3.1750000000         3.7691016969
        3.0700000000         3.1750000000         3.8009581269
        3.0750000000         3.1750000000         3.8238947566
        3.0800000000         3.1750000000         3.8519284150
        3.0850000000         3.1750000000         3.8799620735
        3.0900000000         3.1750000000         3.9130927607
        3.0950000000         3.1750000000         3.9411264192
        3.1000000000         3.1750000000         3.9729828492
        3.1050000000         3.1750000000         3.9971937360
        3.1100000000         3.1750000000         4.0265016517
        3.1150000000         3.1750000000         4.0532610529
        3.1200000000         3.1750000000         4.0851174830
        3.1250000000         3.1750000000         4.1144253986
        3.1300000000         3.1750000000         4.1424590571
        3.1350000000         3.1750000000         4.1666699439
        3.1400000000         3.1750000000         4.1934293452
        3.1450000000         3.1750000000         4.2176402320
        3.1500000000         3.1750000000         4.2494966621
        3.1550000000         3.1750000000         4.2749818061
        3.1600000000         3.1750000000         4.3030154645
        3.1650000000         3.1750000000         4.3335976374
        3.1700000000         3.1750000000         4.3603570386
        3.1750000000         3.1750000000         4.3922134687
        3.1800000000         3.1750000000         4.4227956415
        3.1850000000         3.1750000000         4.4482807856
        3.1900000000         3.1750000000         4.4737659296
        3.1950000000         3.1750000000         4.5005253309
        3.2000000000         3.1750000000         4.5311075037
        3.2050000000         3.1750000000         4.5553183906
        3.2100000000         3.1750000000         4.5859005634
        3.2150000000         3.1750000000         4.6139342219
        3.2200000000         3.1750000000         4.6457906519
        3.2250000000         3.1750000000         4.6687272816
        3.2300000000         3.1750000000         4.7018579688
        3.2350000000         3.1750000000         4.7324401417
        3.2400000000         3.1750000000         4.7591995429
        3.2450000000         3.1750000000         4.7885074586
        3.2500000000         3.1750000000         4.8165411170
        3.2550000000         3.1750000000         4.8382034894
        3.2600000000         3.1750000000         4.8751569483
        3.2650000000         3.1750000000         4.8980935779
        3.2700000000         3.1750000000         4.9286757508
        3.2750000000         3.1750000000         4.9579836664
        3.2800000000         3.1750000000         4.9885658393
        3.2850000000         3.1750000000         5.0191480121
        3.2900000000         3.1750000000         5.0471816706
        3.2950000000         3.1750000000         5.0637470142
        3.3000000000         3.1750000000         5.0650212714
        3.3050000000         3.1750000000         5.0650212714
        3.3100000000         3.1750000000         5.0675697858
        3.3150000000         3.1750000000         1.1097269161
        3.3200000000         3.1750000000         1.1084526589
        3.3250000000         3.1750000000         1.1097269161
        3.3300000000         3.1750000000        -0.0001511069
        3.3350000000         3.1750000000        -0.0001511069
        3.3400000000         3.1750000000        -0.0001511069
        3.3450000000         3.1750000000        -0.0001511069
        3.3500000000         3.1750000000         0.0074944363
        3.3550000000         3.1750000000         0.0342538375
        3.3600000000         3.1750000000         0.0610132388
        3.3650000000         3.1750000000         0.0903211544
        3.3700000000         3.1750000000         0.1209033273
        3.3750000000         3.1750000000         0.1514855001
        3.3800000000         3.1750000000         0.1820676730
        3.3850000000         3.1750000000         0.2024557882
        3.3900000000         3.1750000000         0.2381349898
        3.3950000000         3.1750000000         0.2687171627
        3.4000000000         3.1750000000         0.2980250783
        3.4050000000         3.1750000000         0.3247844796
        3.4100000000         3.1750000000         0.3540923952
        3.4150000000         3.1750000000         0.3808517965
        3.4200000000         3.1750000000         0.4076111977
        3.4250000000         3.1750000000         0.4394676278
        3.4300000000         3.1750000000         0.4700498006
        3.4350000000         3.1750000000         0.4955349447
        3.4400000000         3.1750000000         0.5299398891
        3.4450000000         3.1750000000         0.5554250332
        3.4500000000         3.1750000000         0.5885557204
        3.4550000000         3.1750000000         0.6114923501
        3.4600000000         3.1750000000         0.6395260085
        3.4650000000         3.1750000000         0.6701081814
        3.4700000000         3.1750000000         0.7019646114
        3.4750000000         3.1750000000         0.7325467843
        3.4800000000         3.1750000000         0.7618546999
        3.4850000000         3.1750000000         0.7873398440
        3.4900000000         3.1750000000         0.8128249880
        3.4950000000         3.1750000000         0.8408586464
        3.5000000000         3.1750000000         0.8714408193
        3.5050000000         3.1750000000         0.9045715065
        3.5100000000         3.1750000000         0.9275081362
        3.5150000000         3.1750000000         0.9542675374
        3.5200000000         3.1750000000         0.9861239675
        3.5250000000         3.1750000000         1.0128833687
        3.5300000000         3.1750000000         1.0396427700
        3.5350000000         3.1750000000         1.0702249428
        3.5400000000         3.1750000000         1.0931615725
        3.5450000000         3.1750000000         1.1199209737
        3.5500000000         3.1750000000         1.1505031465
        3.5550000000         3.1750000000         1.1823595766
        3.5600000000         3.1750000000         1.2065704634
        3.5650000000         3.1750000000         1.2307813503
        3.5700000000         3.1750000000         1.2588150087
        3.5750000000         3.1750000000         1.2855744100
        3.5800000000         3.1750000000         1.3161565828
        3.5850000000         3.1750000000         1.3403674697
        3.5900000000         3.1750000000         1.3620298421
        3.5950000000         3.1750000000         1.3926120149
        3.6000000000         3.1750000000         1.4244684450
        3.6050000000         3.1750000000         1.4397595314
        3.6100000000         3.1750000000         1.4690674471
        3.6150000000         3.1750000000         1.4945525911
        3.6200000000         3.1750000000         1.5251347640
        3.6250000000         3.1750000000         1.5506199080
        3.6300000000         3.1750000000         1.5722822804
        3.6350000000         3.1750000000         1.5939446529
        3.6400000000         3.1750000000         1.6232525685
        3.6450000000         3.1750000000         1.6449149410
        3.6500000000         3.1750000000         1.6691258278
        3.6550000000         3.1750000000         1.6933367146
        3.6600000000         3.1750000000         1.7213703731
        3.6650000000         3.1750000000         1.7443070027
        3.6700000000         3.1750000000         1.7710664040
        3.6750000000         3.1750000000         1.7952772908
        3.6800000000         3.1750000000         1.8118426344
        3.6850000000         3.1750000000         1.8360535213
        3.6900000000         3.1750000000         1.8640871797
        3.6950000000         3.1750000000         1.8882980666
        3.7000000000         3.1750000000         1.9163317250
        3.7050000000         3.1750000000         1.9367198402
        3.7100000000         3.1750000000         1.9596564699
        3.7150000000         3.1750000000         1.9813188423
        3.7200000000         3.1750000000         2.0093525008
        3.7250000000         3.1750000000         2.0361119020
        3.7300000000         3.1750000000         2.0565000172
        3.7350000000         3.1750000000         2.0845336757
        3.7400000000         3.1750000000         2.1100188197
        3.7450000000         3.1750000000         2.1291326778
        3.7500000000         3.1750000000         2.1597148506
        3.7550000000         3.1750000000         2.1839257375
        3.7600000000         3.1750000000         2.2119593959
        3.7650000000         3.1750000000         2.2412673115
        3.7700000000         3.1750000000         2.2667524556
        3.7750000000         3.1750000000         2.2909633424
        3.7800000000         3.1750000000         2.3189970009
        3.7850000000         3.1750000000         2.3432078877
        3.7900000000         3.1750000000         2.3674187746
        3.7950000000         3.1750000000         2.3941781758
        3.8000000000         3.1750000000         2.4196633198
        3.8050000000         3.1750000000         2.4515197499
        3.8100000000         3.1750000000         2.4744563795
        3.8150000000         3.1750000000         2.5024900380
        3.8200000000         3.1750000000         2.5305236964
        3.8250000000         3.1750000000         2.5560088405
        3.8300000000         3.1750000000         2.5853167561
        3.8350000000         3.1750000000         2.6120761574
        3.8400000000         3.1750000000         2.6388355586
        3.8450000000         3.1750000000         2.6643207026
        3.8500000000         3.1750000000         2.6872573323
        3.8550000000         3.1750000000         2.7152909907
        3.8600000000         3.1750000000         2.7445989064
        3.8650000000         3.1750000000         2.7739068220
        3.8700000000         3.1750000000         2.8006662233
        3.8750000000         3.1750000000         2.8286998817
        3.8800000000         3.1750000000         2.8592820546
        3.8850000000         3.1750000000         2.8796701698
        3.8900000000         3.1750000000         2.9077038282
        3.8950000000         3.1750000000         2.9331889723
        3.9000000000         3.1750000000         2.9637711451
        3.9050000000         3.1750000000         2.9905305464
        3.9100000000         3.1750000000         3.0211127192
        3.9150000000         3.1750000000         3.0402265773
        3.9200000000         3.1750000000         3.0733572645
        3.9250000000         3.1750000000         3.1001166658
        3.9300000000         3.1750000000         3.1268760670
        3.9350000000         3.1750000000         3.1523612111
        3.9400000000         3.1750000000         3.1778463551
        3.9450000000         3.1750000000         3.2071542707
        3.9500000000         3.1750000000         3.2351879292
        3.9550000000         3.1750000000         3.2632215876
        3.9600000000         3.1750000000         3.2912552461
        3.9650000000         3.1750000000         3.3180146473
        3.9700000000         3.1750000000         3.3473225630
        3.9750000000         3.1750000000         3.3702591926
        3.9800000000         3.1750000000         3.4008413655
        3.9850000000         3.1750000000         3.4288750239
        3.9900000000         3.1750000000         3.4569086824
        3.9950000000         3.1750000000         3.4849423408
        4.0000000000         3.1750000000         3.5167987709
        4.0050000000         3.1750000000         3.5397354005
        4.0100000000         3.1750000000         3.5703175733
        4.0150000000         3.1750000000         3.5983512318
        4.0200000000         3.1750000000         3.6238363758
        4.0250000000         3.1750000000         3.6505957771
        4.0300000000         3.1750000000         3.6811779499
        4.0350000000         3.1750000000         3.7092116084
        4.0400000000         3.1750000000         3.7372452668
        4.0450000000         3.1750000000         3.7614561537
        4.0500000000         3.1750000000         3.7920383265
        4.0550000000         3.1750000000         3.8175234705
        4.0600000000         3.1750000000         3.8532026722
        4.0650000000         3.1750000000         3.8761393018
        4.0700000000         3.1750000000         3.9016244459
        4.0750000000         3.1750000000         3.9385779047
        4.0800000000         3.1750000000         3.9615145344
        4.0850000000         3.1750000000         3.9844511640
        4.0900000000         3.1750000000         4.0150333369
        4.0950000000         3.1750000000         4.0392442237
        4.1000000000         3.1750000000         4.0660036250
        4.1050000000         3.1750000000         4.0953115406
        4.1100000000         3.1750000000         4.1258937135
        4.1150000000         3.1750000000         4.1526531147
        4.1200000000         3.1750000000         4.1781382587
        4.1250000000         3.1750000000         4.2061719172
        4.1300000000         3.1750000000         4.2354798328
        4.1350000000         3.1750000000         4.2647877485
        4.1400000000         3.1750000000         4.2928214069
        4.1450000000         3.1750000000         4.3195808082
        4.1500000000         3.1750000000         4.3463402094
        4.1550000000         3.1750000000         4.3705510963
        4.1600000000         3.1750000000         4.4011332691
        4.1650000000         3.1750000000         4.4253441560
        4.1700000000         3.1750000000         4.4572005860
        4.1750000000         3.1750000000         4.4839599872
        4.1800000000         3.1750000000         4.5170906745
        4.1850000000         3.1750000000         4.5425758185
        4.1900000000         3.1750000000         4.5718837342
        4.1950000000         3.1750000000         4.5973688782
        4.2000000000         3.1750000000         4.6254025367
        4.2050000000         3.1750000000         4.6534361951
        4.2100000000         3.1750000000         4.6814698536
        4.2150000000         3.1750000000         4.7069549976
        4.2200000000         3.1750000000         4.7388114277
        4.2250000000         3.1750000000         4.7642965717
        4.2300000000         3.1750000000         4.7948787446
        4.2350000000         3.1750000000         4.8305579462
        4.2400000000         3.1750000000         4.8534945759
        4.2450000000         3.1750000000         4.8789797199
        4.2500000000         3.1750000000         4.9044648639
        4.2550000000         3.1750000000         4.9299500080
        4.2600000000         3.1750000000         4.9630806952
        4.2650000000         3.1750000000         4.9885658393
        4.2700000000         3.1750000000         5.0204222693
        4.2750000000         3.1750000000         5.0484559278
        4.2800000000         3.1750000000         5.0675697858
        4.2850000000         3.1750000000         5.0662955286
        4.2900000000         3.1750000000         5.0675697858
        4.2950000000         3.1750000000         5.0675697858
        4.3000000000         3.1750000000         1.1071784017
        4.3050000000         3.1750000000         1.1135496877
        4.3100000000         3.1750000000         1.1250180025
        4.3150000000         3.1750000000         0.0011231503
        4.3200000000         3.1750000000        -0.0001511069
        4.3250000000         3.1750000000         0.0023974075
        4.3300000000         3.1750000000        -0.0026996214
        4.3350000000         3.1750000000        -0.0014253642
        4.3400000000         3.1750000000         0.0291568087
        4.3450000000         3.1750000000         0.0559162099
        4.3500000000         3.1750000000         0.0852241256
        4.3550000000         3.1750000000         0.1158062984
        4.3600000000         3.1750000000         0.1425656997
        4.3650000000         3.1750000000         0.1693251009
        4.3700000000         3.1750000000         0.1986330166
        4.3750000000         3.1750000000         0.2304894466
        4.3800000000         3.1750000000         0.2585231051
        4.3850000000         3.1750000000         0.2916537923
        4.3900000000         3.1750000000         0.3196874508
        4.3950000000         3.1750000000         0.3502696236
        4.4000000000         3.1750000000         0.3757547677
        4.4050000000         3.1750000000         0.4076111977
        4.4100000000         3.1750000000         0.4356448562
        4.4150000000         3.1750000000         0.4636785146
        4.4200000000         3.1750000000         0.4929864303
        4.4250000000         3.1750000000         0.5222943459
        4.4300000000         3.1750000000         0.5528765188
        4.4350000000         3.1750000000         0.5796359200
        4.4400000000         3.1750000000         0.6114923501
        4.4450000000         3.1750000000         0.6433487801
        4.4500000000         3.1750000000         0.6701081814
        4.4550000000         3.1750000000         0.7006903542
        4.4600000000         3.1750000000         0.7274497555
        4.4650000000         3.1750000000         0.7605804427
        4.4700000000         3.1750000000         0.7898883584
        4.4750000000         3.1750000000         0.8166477596
        4.4800000000         3.1750000000         0.8472299324
        4.4850000000         3.1750000000         0.8752635909
        4.4900000000         3.1750000000         0.9083942781
        4.4950000000         3.1750000000         0.9287823934
        4.5000000000         3.1750000000         0.9631873378
        4.5050000000         3.1750000000         0.9912209963
        4.5100000000         3.1750000000         1.0167061403
        4.5150000000         3.1750000000         1.0485625704
        4.5200000000         3.1750000000         1.0753219716
        4.5250000000         3.1750000000         1.1046298873
        4.5300000000         3.1750000000         1.1339378029
        4.5350000000         3.1750000000         1.1556001754
        4.5400000000         3.1750000000         1.1887308626
        4.5450000000         3.1750000000         1.2129417495
        4.5500000000         3.1750000000         1.2384268935
        4.5550000000         3.1750000000         1.2664605519
        4.5600000000         3.1750000000         1.2970427248
        4.5650000000         3.1750000000         1.3250763832
        4.5700000000         3.1750000000         1.3543842989
        4.5750000000         3.1750000000         1.3773209285
        4.5800000000         3.1750000000         1.4066288442
        4.5850000000         3.1750000000         1.4321139882
        4.5900000000         3.1750000000         1.4614219039
        4.5950000000         3.1750000000         1.4856327907
        4.6000000000         3.1750000000         1.5098436775
        4.6050000000         3.1750000000         1.5353288216
        4.6100000000         3.1750000000         1.5595397084
        4.6150000000         3.1750000000         1.5812020809
        4.6200000000         3.1750000000         1.6066872249
        4.6250000000         3.1750000000         1.6347208833
        4.6300000000         3.1750000000         1.6614802846
        4.6350000000         3.1750000000         1.6856911714
        4.6400000000         3.1750000000         1.7099020583
        4.6450000000         3.1750000000         1.7341129451
        4.6500000000         3.1750000000         1.7570495747
        4.6550000000         3.1750000000         1.7850832332
        4.6600000000         3.1750000000         1.8092941200
        4.6650000000         3.1750000000         1.8335050069
        4.6700000000         3.1750000000         1.8602644081
        4.6750000000         3.1750000000         1.8870238094
        4.6800000000         3.1750000000         1.9035891530
        4.6850000000         3.1750000000         1.9316228114
        4.6900000000         3.1750000000         1.9558336983
        4.6950000000         3.1750000000         1.9711247847
        4.7000000000         3.1750000000         2.0068039864
        4.7050000000         3.1750000000         2.0310148732
        4.7100000000         3.1750000000         2.0565000172
        4.7150000000         3.1750000000         2.0832594185
        4.7200000000         3.1750000000         2.1125673341
        4.7250000000         3.1750000000         2.1355039638
        4.7300000000         3.1750000000         2.1635376222
        4.7350000000         3.1750000000         2.1890227663
        4.7400000000         3.1750000000         2.2157821675
        4.7450000000         3.1750000000         2.2374445399
        4.7500000000         3.1750000000         2.2654781984
        4.7550000000         3.1750000000         2.2909633424
        4.7600000000         3.1750000000         2.3151742293
        4.7650000000         3.1750000000         2.3393851161
        4.7700000000         3.1750000000         2.3686930318
        4.7750000000         3.1750000000         2.3967266902
        4.7800000000         3.1750000000         2.4247603487
        4.7850000000         3.1750000000         2.4502454927
        4.7900000000         3.1750000000         2.4782791511
        4.7950000000         3.1750000000         2.4986672664
        4.8000000000         3.1750000000         2.5317979536
        4.8050000000         3.1750000000         2.5572830977
        4.8100000000         3.1750000000         2.5725741841
        4.8150000000         3.1750000000         2.6095276430
        4.8200000000         3.1750000000         2.6362870442
        4.8250000000         3.1750000000         2.6617721882
        4.8300000000         3.1750000000         2.6923543611
        4.8350000000         3.1750000000         2.7165652479
        4.8400000000         3.1750000000         2.7407761348
        4.8450000000         3.1750000000         2.7713583076
        4.8500000000         3.1750000000         2.7955691945
        4.8550000000         3.1750000000         2.8223285957
        4.8600000000         3.1750000000         2.8503622542
        4.8650000000         3.1750000000         2.8796701698
        4.8700000000         3.1750000000         2.9089780854
        4.8750000000         3.1750000000         2.9331889723
        4.8800000000         3.1750000000         2.9586741163
        4.8850000000         3.1750000000         2.9879820320
        4.8900000000         3.1750000000         3.0109186616
        4.8950000000         3.1750000000         3.0389523201
        4.9000000000         3.1750000000         3.0657117213
        4.9050000000         3.1750000000         3.0886483509
        4.9100000000         3.1750000000         3.1141334950
        4.9150000000         3.1750000000         3.1408928962
        4.9200000000         3.1750000000         3.1727493263
        4.9250000000         3.1750000000         3.1995087275
        4.9300000000         3.1750000000         3.2249938716
        4.9350000000         3.1750000000         3.2568503016
        4.9400000000         3.1750000000         3.2848839601
        4.9450000000         3.1750000000         3.3103691041
        4.9500000000         3.1750000000         3.3396770198
        4.9550000000         3.1750000000         3.3638879066
        4.9600000000         3.1750000000         3.3906473078
        4.9650000000         3.1750000000         3.4199552235
        4.9700000000         3.1750000000         3.4492631391
        4.9750000000         3.1750000000         3.4760225404
        4.9800000000         3.1750000000         3.5015076844
        4.9850000000         3.1750000000         3.5244443141
        4.9900000000         3.1750000000         3.5512037153
        4.9950000000         3.1750000000         3.5830601454
        5.0000000000         3.1750000000         3.6085452894
        5.0050000000         3.1750000000         3.6365789479
        5.0100000000         3.1750000000         3.6633383491
        5.0150000000         3.1750000000         3.6913720075
        5.0200000000         3.1750000000         3.7194056660
        5.0250000000         3.1750000000         3.7474393244
        5.0300000000         3.1750000000         3.7767472401
        5.0350000000         3.1750000000         3.7996838697
        5.0400000000         3.1750000000         3.8226204994
        5.0450000000         3.1750000000         3.8532026722
        5.0500000000         3.1750000000         3.8748650446
        5.0550000000         3.1750000000         3.9079957319
        5.0600000000         3.1750000000         3.9360293903
        5.0650000000         3.1750000000         3.9615145344
        5.0700000000         3.1750000000         3.9908224500
        5.0750000000         3.1750000000         4.0137590797
        5.0800000000         3.1750000000         4.0392442237
        5.0850000000         3.1750000000         4.0685521394
        5.0900000000         3.1750000000         4.0965857978
        5.0950000000         3.1750000000         4.1360877711
        5.1000000000         3.1750000000         4.1539273719
        5.1050000000         3.1750000000         4.1832352876
        5.1100000000         3.1750000000         4.2087204316
        5.1150000000         3.1750000000         4.2342055756
        5.1200000000         3.1750000000         4.2647877485
        5.1250000000         3.1750000000         4.2902728925
        5.1300000000         3.1750000000         4.3157580366
        5.1350000000         3.1750000000         4.3425174378
        5.1400000000         3.1750000000         4.3680025819
        5.1450000000         3.1750000000         4.3998590119
        5.1500000000         3.1750000000         4.4278926704
        5.1550000000         3.1750000000         4.4572005860
        5.1600000000         3.1750000000         4.4826857300
        5.1650000000         3.1750000000         4.5119936457
        5.1700000000         3.1750000000         4.5349302753
        5.1750000000         3.1750000000         4.5655124482
        5.1800000000         3.1750000000         4.5948203638
        5.1850000000         3.1750000000         4.6215797651
        5.1900000000         3.1750000000         4.6521619379
        5.1950000000         3.1750000000         4.6827441108
        5.2000000000         3.1750000000         4.7031322260
        5.2050000000         3.1750000000         4.7311658845
        5.2100000000         3.1750000000         4.7604738001
        5.2150000000         3.1750000000         4.7923302302
        5.2200000000         3.1750000000         4.8203638886
        5.2250000000         3.1750000000         4.8534945759
        5.2300000000         3.1750000000         4.8764312055
        5.2350000000         3.1750000000         4.9082876355
        5.2400000000         3.1750000000         4.9324985224
        5.2450000000         3.1750000000         4.9605321808
        5.2500000000         3.1750000000         4.9885658393
        5.2550000000         3.1750000000         5.0204222693
        5.2600000000         3.1750000000         5.0497301850
        5.2650000000         3.1750000000         5.0675697858
        5.2700000000         3.1750000000         5.0650212714
        5.2750000000         3.1750000000         5.0650212714
        5.2800000000         3.1750000000         5.0675697858
        5.2850000000         3.1750000000         1.1110011733
        5.2900000000         3.1750000000         1.1110011733
        5.2950000000         3.1750000000         1.1071784017
        5.3000000000         3.1750000000         0.0011231503
        5.3050000000         3.1750000000        -0.0001511069
        5.3100000000         3.1750000000         0.0011231503
        5.3150000000         3.1750000000        -0.0001511069
        5.3200000000         3.1750000000        -0.0001511069
        5.3250000000         3.1750000000         0.0278825515
        5.3300000000         3.1750000000         0.0533676955
        5.3350000000         3.1750000000         0.0814013540
        5.3400000000         3.1750000000         0.1107092696
        5.3450000000         3.1750000000         0.1400171853
        5.3500000000         3.1750000000         0.1667765865
        5.3550000000         3.1750000000         0.1986330166
        5.3600000000         3.1750000000         0.2279409322
        5.3650000000         3.1750000000         0.2585231051
        5.3700000000         3.1750000000         0.2878310207
        5.3750000000         3.1750000000         0.3184131936
        5.3800000000         3.1750000000         0.3426240804
        5.3850000000         3.1750000000         0.3719319961
        5.3900000000         3.1750000000         0.3986913973
        5.3950000000         3.1750000000         0.4279993130
        5.4000000000         3.1750000000         0.4598557430
        5.4050000000         3.1750000000         0.4853408871
        5.4100000000         3.1750000000         0.5184715743
        5.4150000000         3.1750000000         0.5452309756
        5.4200000000         3.1750000000         0.5707161196
        5.4250000000         3.1750000000         0.6000240352
        5.4300000000         3.1750000000         0.6255091793
        5.4350000000         3.1750000000         0.6548170949
        5.4400000000         3.1750000000         0.6866735250
        5.4450000000         3.1750000000         0.7159814406
        5.4500000000         3.1750000000         0.7389180703
        5.4550000000         3.1750000000         0.7695002431
        5.4600000000         3.1750000000         0.8000824160
        5.4650000000         3.1750000000         0.8281160744
        5.4700000000         3.1750000000         0.8599725045
        5.4750000000         3.1750000000         0.8854576485
        5.4800000000         3.1750000000         0.9134913070
        5.4850000000         3.1750000000         0.9415249654
        5.4900000000         3.1750000000         0.9682843666
        5.4950000000         3.1750000000         0.9924952535
        5.5000000000         3.1750000000         1.0167061403
        5.5050000000         3.1750000000         1.0472883132
        5.5100000000         3.1750000000         1.0791447432
        5.5150000000         3.1750000000         1.1008071157
        5.5200000000         3.1750000000         1.1288407741
        5.5250000000         3.1750000000         1.1568744326
        5.5300000000         3.1750000000         1.1823595766
        5.5350000000         3.1750000000         1.2103932350
        5.5400000000         3.1750000000         1.2371526363
        5.5450000000         3.1750000000         1.2639120375
        5.5500000000         3.1750000000         1.2843001528
        5.5550000000         3.1750000000         1.3136080684
        5.5600000000         3.1750000000         1.3416417269
        5.5650000000         3.1750000000         1.3684011281
        5.5700000000         3.1750000000         1.3900635005
        5.5750000000         3.1750000000         1.4180971590
        5.5800000000         3.1750000000         1.4423080458
        5.5850000000         3.1750000000         1.4639704183
        5.5900000000         3.1750000000         1.4881813051
        5.5950000000         3.1750000000         1.5174892208
        5.6000000000         3.1750000000         1.5417001076
        5.6050000000         3.1750000000         1.5671852516
        5.6100000000         3.1750000000         1.5964931673
        5.6150000000         3.1750000000         1.6181555397
        5.6200000000         3.1750000000         1.6410921694
        5.6250000000         3.1750000000         1.6627545418
        5.6300000000         3.1750000000         1.6920624574
        5.6350000000         3.1750000000         1.7111763155
        5.6400000000         3.1750000000         1.7379357167
        5.6450000000         3.1750000000         1.7685178896
        5.6500000000         3.1750000000         1.7876317476
        5.6550000000         3.1750000000         1.8080198628
        5.6600000000         3.1750000000         1.8335050069
        5.6650000000         3.1750000000         1.8564416365
        5.6700000000         3.1750000000         1.8755554945
        5.6750000000         3.1750000000         1.9023148958
        5.6800000000         3.1750000000         1.9303485542
        5.6850000000         3.1750000000         1.9520109267
        5.6900000000         3.1750000000         1.9749475563
        5.6950000000         3.1750000000         1.9966099287
        5.7000000000         3.1750000000         2.0208208156
        5.7050000000         3.1750000000         2.0475802168
        5.7100000000         3.1750000000         2.0705168465
        5.7150000000         3.1750000000         2.0947277333
        5.7200000000         3.1750000000         2.1189386201
        5.7250000000         3.1750000000         2.1482465358
        5.7300000000         3.1750000000         2.1686346510
        5.7350000000         3.1750000000         2.1979425667
        5.7400000000         3.1750000000         2.2208791963
        5.7450000000         3.1750000000         2.2501871120
        5.7500000000         3.1750000000         2.2756722560
        5.7550000000         3.1750000000         2.3024316572
        5.7600000000         3.1750000000         2.3228197725
        5.7650000000         3.1750000000         2.3470306593
        5.7700000000         3.1750000000         2.3725158034
        5.7750000000         3.1750000000         2.4005494618
        5.7800000000         3.1750000000         2.4247603487
        5.7850000000         3.1750000000         2.4527940071
        5.7900000000         3.1750000000         2.4795534083
        5.7950000000         3.1750000000         2.5063128096
        5.8000000000         3.1750000000         2.5317979536
        5.8050000000         3.1750000000         2.5598316121
        5.8100000000         3.1750000000         2.5814939845
        5.8150000000         3.1750000000         2.6082533858
        5.8200000000         3.1750000000         2.6413840730
        5.8250000000         3.1750000000         2.6643207026
        5.8300000000         3.1750000000         2.6936286183
        5.8350000000         3.1750000000         2.7178395051
        5.8400000000         3.1750000000         2.7471474208
        5.8450000000         3.1750000000         2.7739068220
        5.8500000000         3.1750000000         2.8032147377
        5.8550000000         3.1750000000         2.8261513673
        5.8600000000         3.1750000000         2.8529107686
        5.8650000000         3.1750000000         2.8758473982
        5.8700000000         3.1750000000         2.9038810566
        5.8750000000         3.1750000000         2.9331889723
        5.8800000000         3.1750000000         2.9599483735
        5.8850000000         3.1750000000         2.9905305464
        5.8900000000         3.1750000000         3.0160156904
        5.8950000000         3.1750000000         3.0402265773
        5.9000000000         3.1750000000         3.0682602357
        5.9050000000         3.1750000000         3.0924711226
        5.9100000000         3.1750000000         3.1205047810
        5.9150000000         3.1750000000         3.1459899250
        5.9200000000         3.1750000000         3.1727493263
        5.9250000000         3.1750000000         3.2020572419
        5.9300000000         3.1750000000         3.2224453572
        5.9350000000         3.1750000000         3.2517532728
        5.9400000000         3.1750000000         3.2810611885
        5.9450000000         3.1750000000         3.3078205897
        5.9500000000         3.1750000000         3.3384027626
        5.9550000000         3.1750000000         3.3638879066
        5.9600000000         3.1750000000         3.3919215650
        5.9650000000         3.1750000000         3.4186809663
        5.9700000000         3.1750000000         3.4441661103
        5.9750000000         3.1750000000         3.4721997688
        5.9800000000         3.1750000000         3.4925878840
        5.9850000000         3.1750000000         3.5231700569
        5.9900000000         3.1750000000         3.5550264869
        5.9950000000         3.1750000000         3.5741403449
        6.0000000000         3.1750000000         3.6098195466
        6.0050000000         3.1750000000         3.6365789479
        6.0100000000         3.1750000000         3.6646126063
        6.0150000000         3.1750000000         3.6913720075
        6.0200000000         3.1750000000         3.7219541804
        6.0250000000         3.1750000000         3.7538106104
        6.0300000000         3.1750000000         3.7767472401
        6.0350000000         3.1750000000         3.8060551557
        6.0400000000         3.1750000000         3.8366373286
        6.0450000000         3.1750000000         3.8570254438
        6.0500000000         3.1750000000         3.8863333595
        6.0550000000         3.1750000000         3.9105442463
        6.0600000000         3.1750000000         3.9385779047
        6.0650000000         3.1750000000         3.9640630488
        6.0700000000         3.1750000000         3.9908224500
        6.0750000000         3.1750000000         4.0239531373
        6.0800000000         3.1750000000         4.0494382813
        6.0850000000         3.1750000000         4.0761976826
        6.0900000000         3.1750000000         4.1016828266
        6.0950000000         3.1750000000         4.1258937135
        6.1000000000         3.1750000000         4.1552016291
        6.1050000000         3.1750000000         4.1806867731
        6.1100000000         3.1750000000         4.2061719172
        6.1150000000         3.1750000000         4.2367540900
        6.1200000000         3.1750000000         4.2647877485
        6.1250000000         3.1750000000         4.2915471497
        6.1300000000         3.1750000000         4.3208550654
        6.1350000000         3.1750000000         4.3476144666
        6.1400000000         3.1750000000         4.3692768391
        6.1450000000         3.1750000000         4.4011332691
        6.1500000000         3.1750000000         4.4317154420
        6.1550000000         3.1750000000         4.4521035572
        6.1600000000         3.1750000000         4.4839599872
        6.1650000000         3.1750000000         4.5107193885
        6.1700000000         3.1750000000         4.5336560181
        6.1750000000         3.1750000000         4.5629639338
        6.1800000000         3.1750000000         4.5960946210
        6.1850000000         3.1750000000         4.6177569935
        6.1900000000         3.1750000000         4.6457906519
        6.1950000000         3.1750000000         4.6763728248
        6.2000000000         3.1750000000         4.7044064832
        6.2050000000         3.1750000000         4.7298916273
        6.2100000000         3.1750000000         4.7617480573
        6.2150000000         3.1750000000         4.7846846869
        6.2200000000         3.1750000000         4.8152668598
        6.2250000000         3.1750000000         4.8394777466
        6.2300000000         3.1750000000         4.8687856623
        6.2350000000         3.1750000000         4.9019163495
        6.2400000000         3.1750000000         4.9286757508
        6.2450000000         3.1750000000         4.9528866376
        6.2500000000         3.1750000000         4.9821945533
        6.2550000000         3.1750000000         5.0076796973
        6.2600000000         3.1750000000         5.0357133558
        6.2650000000         3.1750000000         5.0650212714
        6.2700000000         3.1750000000         5.0662955286
        6.2750000000         3.1750000000         5.0701183002
        6.2800000000         3.1750000000         5.0675697858
        6.2850000000         3.1750000000         5.0611984998
        6.2900000000         3.1750000000         1.1211952309
        6.2950000000         3.1750000000         1.1275665169
        6.3000000000         3.1750000000        -0.0026996214
        6.3050000000         3.1750000000         0.0049459219
        6.3100000000         3.1750000000        -0.0026996214
        6.3150000000         3.1750000000         0.0049459219
        6.3200000000         3.1750000000         0.0023974075
