        0.0000000000         3.8750000000         3.2950780177
        0.0050000000         3.8750000000         3.2925295033
        0.0100000000         3.8750000000         3.2925295033
        0.0150000000         3.8750000000         3.3014493037
        0.0200000000         3.8750000000         3.3065463325
        0.0250000000         3.8750000000         3.3269344477
        0.0300000000         3.8750000000         3.3371285054
        0.0350000000         3.8750000000         3.3715334498
        0.0400000000         3.8750000000         3.4008413655
        0.0450000000         3.8750000000         3.4365205671
        0.0500000000         3.8750000000         3.4709255116
        0.0550000000         3.8750000000         3.5066047132
        0.0600000000         3.8750000000         3.5422839149
        0.0650000000         3.8750000000         3.5843344026
        0.0700000000         3.8750000000         3.6302076618
        0.0750000000         3.8750000000         3.6684353779
        0.0800000000         3.8750000000         3.7155828944
        0.0850000000         3.8750000000         3.7614561537
        0.0900000000         3.8750000000         3.8111521845
        0.0950000000         3.8750000000         3.8532026722
        0.1000000000         3.8750000000         3.9054472175
        0.1050000000         3.8750000000         3.9602402772
        0.1100000000         3.8750000000         4.0073877937
        0.1150000000         3.8750000000         4.0609065961
        0.1200000000         3.8750000000         4.1207966846
        0.1250000000         3.8750000000         4.1666699439
        0.1300000000         3.8750000000         4.2189144892
        0.1350000000         3.8750000000         4.2762560633
        0.1400000000         3.8750000000         4.3297748658
        0.1450000000         3.8750000000         4.3858421827
        0.1500000000         3.8750000000         4.4431837568
        0.1550000000         3.8750000000         4.5030738453
        0.1600000000         3.8750000000         4.5591411622
        0.1650000000         3.8750000000         4.6203055079
        0.1700000000         3.8750000000         4.6852926252
        0.1750000000         3.8750000000         4.7400856849
        0.1800000000         3.8750000000         4.8025242878
        0.1850000000         3.8750000000         4.8675114051
        0.1900000000         3.8750000000         4.9299500080
        0.1950000000         3.8750000000         4.9949371253
        0.2000000000         3.8750000000         5.0548272138
        0.2050000000         3.8750000000         5.0662955286
        0.2100000000         3.8750000000         4.9783717817
        0.2150000000         3.8750000000         1.0957100869
        0.2200000000         3.8750000000        -0.0026996214
        0.2250000000         3.8750000000        -0.0039738786
        0.2300000000         3.8750000000         0.0469964095
        0.2350000000         3.8750000000         0.1145320412
        0.2400000000         3.8750000000         0.1756963869
        0.2450000000         3.8750000000         0.2355864754
        0.2500000000         3.8750000000         0.3005735927
        0.2550000000         3.8750000000         0.3655607101
        0.2600000000         3.8750000000         0.4318220846
        0.2650000000         3.8750000000         0.4955349447
        0.2700000000         3.8750000000         0.5579735476
        0.2750000000         3.8750000000         0.6255091793
        0.2800000000         3.8750000000         0.6828507534
        0.2850000000         3.8750000000         0.7478378707
        0.2900000000         3.8750000000         0.8191962740
        0.2950000000         3.8750000000         0.8790863625
        0.3000000000         3.8750000000         0.9402507082
        0.3050000000         3.8750000000         1.0039635683
        0.3100000000         3.8750000000         1.0613051424
        0.3150000000         3.8750000000         1.1211952309
        0.3200000000         3.8750000000         1.1810853194
        0.3250000000         3.8750000000         1.2435239223
        0.3300000000         3.8750000000         1.3072367824
        0.3350000000         3.8750000000         1.3684011281
        0.3400000000         3.8750000000         1.4257427022
        0.3450000000         3.8750000000         1.4856327907
        0.3500000000         3.8750000000         1.5429743648
        0.3550000000         3.8750000000         1.6015901961
        0.3600000000         3.8750000000         1.6627545418
        0.3650000000         3.8750000000         1.7226446303
        0.3700000000         3.8750000000         1.7825347188
        0.3750000000         3.8750000000         1.8411505501
        0.3800000000         3.8750000000         1.8997663814
        0.3850000000         3.8750000000         1.9545594411
        0.3900000000         3.8750000000         2.0131752724
        0.3950000000         3.8750000000         2.0768881325
        0.4000000000         3.8750000000         2.1316811922
        0.4050000000         3.8750000000         2.1953940523
        0.4100000000         3.8750000000         2.2552841408
        0.4150000000         3.8750000000         2.3138999721
        0.4200000000         3.8750000000         2.3776128322
        0.4250000000         3.8750000000         2.4336801491
        0.4300000000         3.8750000000         2.4922959804
        0.4350000000         3.8750000000         2.5623801265
        0.4400000000         3.8750000000         2.6197217006
        0.4450000000         3.8750000000         2.6783375319
        0.4500000000         3.8750000000         2.7407761348
        0.4550000000         3.8750000000         2.8095860237
        0.4600000000         3.8750000000         2.8643790834
        0.4650000000         3.8750000000         2.9331889723
        0.4700000000         3.8750000000         2.9981760896
        0.4750000000         3.8750000000         3.0593404353
        0.4800000000         3.8750000000         3.1281503242
        0.4850000000         3.8750000000         3.1931374415
        0.4900000000         3.8750000000         3.2555760444
        0.4950000000         3.8750000000         3.3205631617
        0.5000000000         3.8750000000         3.3842760218
        0.5050000000         3.8750000000         3.4505373963
        0.5100000000         3.8750000000         3.5180730281
        0.5150000000         3.8750000000         3.5830601454
        0.5200000000         3.8750000000         3.6544185487
        0.5250000000         3.8750000000         3.7181314088
        0.5300000000         3.8750000000         3.7856670405
        0.5350000000         3.8750000000         3.8493799006
        0.5400000000         3.8750000000         3.9156412751
        0.5450000000         3.8750000000         3.9882739356
        0.5500000000         3.8750000000         4.0545353101
        0.5550000000         3.8750000000         4.1207966846
        0.5600000000         3.8750000000         4.1870580592
        0.5650000000         3.8750000000         4.2533194337
        0.5700000000         3.8750000000         4.3183065510
        0.5750000000         3.8750000000         4.3883906971
        0.5800000000         3.8750000000         4.4622976148
        0.5850000000         3.8750000000         4.5349302753
        0.5900000000         3.8750000000         4.6037401642
        0.5950000000         3.8750000000         4.6738243104
        0.6000000000         3.8750000000         4.7464569709
        0.6050000000         3.8750000000         4.8165411170
        0.6100000000         3.8750000000         4.8917222919
        0.6150000000         3.8750000000         4.9630806952
        0.6200000000         3.8750000000         5.0344390986
        0.6250000000         3.8750000000         5.0675697858
        0.6300000000         3.8750000000         5.0650212714
        0.6350000000         3.8750000000         1.1046298873
        0.6400000000         3.8750000000        -0.0001511069
        0.6450000000         3.8750000000         0.0049459219
        0.6500000000         3.8750000000         0.0610132388
        0.6550000000         3.8750000000         0.1336458993
        0.6600000000         3.8750000000         0.2037300454
        0.6650000000         3.8750000000         0.2738141915
        0.6700000000         3.8750000000         0.3400755660
        0.6750000000         3.8750000000         0.4088854549
        0.6800000000         3.8750000000         0.4827923726
        0.6850000000         3.8750000000         0.5465052328
        0.6900000000         3.8750000000         0.6153151217
        0.6950000000         3.8750000000         0.6790279818
        0.7000000000         3.8750000000         0.7440150991
        0.7050000000         3.8750000000         0.8166477596
        0.7100000000         3.8750000000         0.8829091341
        0.7150000000         3.8750000000         0.9478962514
        0.7200000000         3.8750000000         1.0128833687
        0.7250000000         3.8750000000         1.0765962288
        0.7300000000         3.8750000000         1.1428576033
        0.7350000000         3.8750000000         1.2078447206
        0.7400000000         3.8750000000         1.2728318380
        0.7450000000         3.8750000000         1.3390932125
        0.7500000000         3.8750000000         1.4002575582
        0.7550000000         3.8750000000         1.4588733895
        0.7600000000         3.8750000000         1.5174892208
        0.7650000000         3.8750000000         1.5824763381
        0.7700000000         3.8750000000         1.6410921694
        0.7750000000         3.8750000000         1.7073535439
        0.7800000000         3.8750000000         1.7672436324
        0.7850000000         3.8750000000         1.8258594637
        0.7900000000         3.8750000000         1.8857495522
        0.7950000000         3.8750000000         1.9469138979
        0.8000000000         3.8750000000         2.0055297292
        0.8050000000         3.8750000000         2.0743396181
        0.8100000000         3.8750000000         2.1278584206
        0.8150000000         3.8750000000         2.1890227663
        0.8200000000         3.8750000000         2.2489128548
        0.8250000000         3.8750000000         2.3126257149
        0.8300000000         3.8750000000         2.3763385750
        0.8350000000         3.8750000000         2.4349544063
        0.8400000000         3.8750000000         2.4986672664
        0.8450000000         3.8750000000         2.5623801265
        0.8500000000         3.8750000000         2.6260929866
        0.8550000000         3.8750000000         2.6898058467
        0.8600000000         3.8750000000         2.7547929640
        0.8650000000         3.8750000000         2.8146830525
        0.8700000000         3.8750000000         2.8822186842
        0.8750000000         3.8750000000         2.9484800587
        0.8800000000         3.8750000000         3.0109186616
        0.8850000000         3.8750000000         3.0746315217
        0.8900000000         3.8750000000         3.1357958674
        0.8950000000         3.8750000000         3.2007829847
        0.9000000000         3.8750000000         3.2683186164
        0.9050000000         3.8750000000         3.3384027626
        0.9100000000         3.8750000000         3.3995671083
        0.9150000000         3.8750000000         3.4632799684
        0.9200000000         3.8750000000         3.5333641145
        0.9250000000         3.8750000000         3.6021740034
        0.9300000000         3.8750000000         3.6646126063
        0.9350000000         3.8750000000         3.7308739808
        0.9400000000         3.8750000000         3.8035066413
        0.9450000000         3.8750000000         3.8672195014
        0.9500000000         3.8750000000         3.9385779047
        0.9550000000         3.8750000000         4.0022907649
        0.9600000000         3.8750000000         4.0660036250
        0.9650000000         3.8750000000         4.1360877711
        0.9700000000         3.8750000000         4.2061719172
        0.9750000000         3.8750000000         4.2724332917
        0.9800000000         3.8750000000         4.3412431806
        0.9850000000         3.8750000000         4.4100530695
        0.9900000000         3.8750000000         4.4826857300
        0.9950000000         3.8750000000         4.5502213618
        1.0000000000         3.8750000000         4.6228540223
        1.0050000000         3.8750000000         4.6942124256
        1.0100000000         3.8750000000         4.7693936005
        1.0150000000         3.8750000000         4.8420262610
        1.0200000000         3.8750000000         4.9121104072
        1.0250000000         3.8750000000         4.9809202961
        1.0300000000         3.8750000000         5.0548272138
        1.0350000000         3.8750000000         5.0701183002
        1.0400000000         3.8750000000         1.1059041445
        1.0450000000         3.8750000000         0.0023974075
        1.0500000000         3.8750000000        -0.0001511069
        1.0550000000         3.8750000000         0.0176884939
        1.0600000000         3.8750000000         0.0941439260
        1.0650000000         3.8750000000         0.1604053005
        1.0700000000         3.8750000000         0.2304894466
        1.0750000000         3.8750000000         0.2980250783
        1.0800000000         3.8750000000         0.3681092245
        1.0850000000         3.8750000000         0.4381933706
        1.0900000000         3.8750000000         0.5019062307
        1.0950000000         3.8750000000         0.5745388912
        1.1000000000         3.8750000000         0.6420745229
        1.1050000000         3.8750000000         0.7096101546
        1.1100000000         3.8750000000         0.7745972719
        1.1150000000         3.8750000000         0.8408586464
        1.1200000000         3.8750000000         0.9096685354
        1.1250000000         3.8750000000         0.9746556527
        1.1300000000         3.8750000000         1.0434655416
        1.1350000000         3.8750000000         1.1110011733
        1.1400000000         3.8750000000         1.1734397762
        1.1450000000         3.8750000000         1.2346041219
        1.1500000000         3.8750000000         1.3008654964
        1.1550000000         3.8750000000         1.3671268709
        1.1600000000         3.8750000000         1.4282912166
        1.1650000000         3.8750000000         1.4920040767
        1.1700000000         3.8750000000         1.5518941652
        1.1750000000         3.8750000000         1.6105099965
        1.1800000000         3.8750000000         1.6704000850
        1.1850000000         3.8750000000         1.7366614595
        1.1900000000         3.8750000000         1.7965515480
        1.1950000000         3.8750000000         1.8589901509
        1.2000000000         3.8750000000         1.9188802394
        1.2050000000         3.8750000000         1.9774960707
        1.2100000000         3.8750000000         2.0373861592
        1.2150000000         3.8750000000         2.0985505049
        1.2200000000         3.8750000000         2.1584405934
        1.2250000000         3.8750000000         2.2234277107
        1.2300000000         3.8750000000         2.2871405708
        1.2350000000         3.8750000000         2.3534019453
        1.2400000000         3.8750000000         2.4120177766
        1.2450000000         3.8750000000         2.4744563795
        1.2500000000         3.8750000000         2.5368949824
        1.2550000000         3.8750000000         2.5980593281
        1.2600000000         3.8750000000         2.6655949598
        1.2650000000         3.8750000000         2.7293078200
        1.2700000000         3.8750000000         2.7993919661
        1.2750000000         3.8750000000         2.8580077974
        1.2800000000         3.8750000000         2.9229949147
        1.2850000000         3.8750000000         2.9854335176
        1.2900000000         3.8750000000         3.0504206349
        1.2950000000         3.8750000000         3.1166820094
        1.3000000000         3.8750000000         3.1854918983
        1.3050000000         3.8750000000         3.2517532728
        1.3100000000         3.8750000000         3.3154661329
        1.3150000000         3.8750000000         3.3855502790
        1.3200000000         3.8750000000         3.4454403675
        1.3250000000         3.8750000000         3.5117017420
        1.3300000000         3.8750000000         3.5856086598
        1.3350000000         3.8750000000         3.6480472627
        1.3400000000         3.8750000000         3.7130343800
        1.3450000000         3.8750000000         3.7958610981
        1.3500000000         3.8750000000         3.8519284150
        1.3550000000         3.8750000000         3.9181897895
        1.3600000000         3.8750000000         3.9895481928
        1.3650000000         3.8750000000         4.0583580817
        1.3700000000         3.8750000000         4.1258937135
        1.3750000000         3.8750000000         4.1947036024
        1.3800000000         3.8750000000         4.2660620057
        1.3850000000         3.8750000000         4.3335976374
        1.3900000000         3.8750000000         4.4049560407
        1.3950000000         3.8750000000         4.4699431580
        1.4000000000         3.8750000000         4.5451243329
        1.4050000000         3.8750000000         4.6203055079
        1.4100000000         3.8750000000         4.6865668824
        1.4150000000         3.8750000000         4.7655708289
        1.4200000000         3.8750000000         4.8318322034
        1.4250000000         3.8750000000         4.9095618927
        1.4300000000         3.8750000000         4.9821945533
        1.4350000000         3.8750000000         5.0510044422
        1.4400000000         3.8750000000         5.0662955286
        1.4450000000         3.8750000000         1.1071784017
        1.4500000000         3.8750000000         0.0011231503
        1.4550000000         3.8750000000         0.0011231503
        1.4600000000         3.8750000000         0.0215112655
        1.4650000000         3.8750000000         0.0903211544
        1.4700000000         3.8750000000         0.1629538149
        1.4750000000         3.8750000000         0.2343122182
        1.4800000000         3.8750000000         0.3069448788
        1.4850000000         3.8750000000         0.3744805105
        1.4900000000         3.8750000000         0.4432903994
        1.4950000000         3.8750000000         0.5121002883
        1.5000000000         3.8750000000         0.5783616628
        1.5050000000         3.8750000000         0.6509943233
        1.5100000000         3.8750000000         0.7172556978
        1.5150000000         3.8750000000         0.7835170723
        1.5200000000         3.8750000000         0.8523269613
        1.5250000000         3.8750000000         0.9185883358
        1.5300000000         3.8750000000         0.9835754531
        1.5350000000         3.8750000000         1.0523853420
        1.5400000000         3.8750000000         1.1160982021
        1.5450000000         3.8750000000         1.1849080910
        1.5500000000         3.8750000000         1.2473466939
        1.5550000000         3.8750000000         1.3161565828
        1.5600000000         3.8750000000         1.3785951857
        1.5650000000         3.8750000000         1.4410337886
        1.5700000000         3.8750000000         1.5034723915
        1.5750000000         3.8750000000         1.5671852516
        1.5800000000         3.8750000000         1.6283495973
        1.5850000000         3.8750000000         1.6907882002
        1.5900000000         3.8750000000         1.7532268031
        1.5950000000         3.8750000000         1.8131168916
        1.6000000000         3.8750000000         1.8628129225
        1.6050000000         3.8750000000         1.9354455830
        1.6100000000         3.8750000000         1.9902386427
        1.6150000000         3.8750000000         2.0615970461
        1.6200000000         3.8750000000         2.1202128773
        1.6250000000         3.8750000000         2.1788287086
        1.6300000000         3.8750000000         2.2425415688
        1.6350000000         3.8750000000         2.3088029433
        1.6400000000         3.8750000000         2.3686930318
        1.6450000000         3.8750000000         2.4273088631
        1.6500000000         3.8750000000         2.4973930092
        1.6550000000         3.8750000000         2.5560088405
        1.6600000000         3.8750000000         2.6375613014
        1.6650000000         3.8750000000         2.6872573323
        1.6700000000         3.8750000000         2.7509701924
        1.6750000000         3.8750000000         2.8159573097
        1.6800000000         3.8750000000         2.8783959126
        1.6850000000         3.8750000000         2.9472058015
        1.6900000000         3.8750000000         3.0147414332
        1.6950000000         3.8750000000         3.0797285505
        1.7000000000         3.8750000000         3.1472641822
        1.7050000000         3.8750000000         3.2109770423
        1.7100000000         3.8750000000         3.2772384169
        1.7150000000         3.8750000000         3.3384027626
        1.7200000000         3.8750000000         3.4084869087
        1.7250000000         3.8750000000         3.4760225404
        1.7300000000         3.8750000000         3.5410096577
        1.7350000000         3.8750000000         3.6072710322
        1.7400000000         3.8750000000         3.6760809211
        1.7450000000         3.8750000000         3.7448908100
        1.7500000000         3.8750000000         3.8124264417
        1.7550000000         3.8750000000         3.8799620735
        1.7600000000         3.8750000000         3.9474977052
        1.7650000000         3.8750000000         4.0201303657
        1.7700000000         3.8750000000         4.0902145118
        1.7750000000         3.8750000000         4.1615729151
        1.7800000000         3.8750000000         4.2265600324
        1.7850000000         3.8750000000         4.2966441785
        1.7900000000         3.8750000000         4.3680025819
        1.7950000000         3.8750000000         4.4368124708
        1.8000000000         3.8750000000         4.5081708741
        1.8050000000         3.8750000000         4.5782550202
        1.8100000000         3.8750000000         4.6496134235
        1.8150000000         3.8750000000         4.7222460840
        1.8200000000         3.8750000000         4.7897817158
        1.8250000000         3.8750000000         4.8624143763
        1.8300000000         3.8750000000         4.9363212940
        1.8350000000         3.8750000000         5.0140509833
        1.8400000000         3.8750000000         5.0675697858
        1.8450000000         3.8750000000         5.0624727570
        1.8500000000         3.8750000000         1.0995328585
        1.8550000000         3.8750000000         0.0011231503
        1.8600000000         3.8750000000        -0.0026996214
        1.8650000000         3.8750000000         0.0520934383
        1.8700000000         3.8750000000         0.1209033273
        1.8750000000         3.8750000000         0.1909874734
        1.8800000000         3.8750000000         0.2636201339
        1.8850000000         3.8750000000         0.3324300228
        1.8900000000         3.8750000000         0.4037884261
        1.8950000000         3.8750000000         0.4751468294
        1.9000000000         3.8750000000         0.5401339467
        1.9050000000         3.8750000000         0.6102180929
        1.9100000000         3.8750000000         0.6777537246
        1.9150000000         3.8750000000         0.7491121279
        1.9200000000         3.8750000000         0.8140992452
        1.9250000000         3.8750000000         0.8803606197
        1.9300000000         3.8750000000         0.9504447658
        1.9350000000         3.8750000000         1.0141576259
        1.9400000000         3.8750000000         1.0816932576
        1.9450000000         3.8750000000         1.1466803749
        1.9500000000         3.8750000000         1.2142160067
        1.9550000000         3.8750000000         1.2804773812
        1.9600000000         3.8750000000         1.3403674697
        1.9650000000         3.8750000000         1.4053545870
        1.9700000000         3.8750000000         1.4703417043
        1.9750000000         3.8750000000         1.5289575356
        1.9800000000         3.8750000000         1.5939446529
        1.9850000000         3.8750000000         1.6551089986
        1.9900000000         3.8750000000         1.7213703731
        1.9950000000         3.8750000000         1.7787119472
        2.0000000000         3.8750000000         1.8411505501
        2.0050000000         3.8750000000         1.8997663814
        2.0100000000         3.8750000000         1.9583822127
        2.0150000000         3.8750000000         2.0246435872
        2.0200000000         3.8750000000         2.0845336757
        2.0250000000         3.8750000000         2.1444237642
        2.0300000000         3.8750000000         2.2094108815
        2.0350000000         3.8750000000         2.2756722560
        2.0400000000         3.8750000000         2.3381108589
        2.0450000000         3.8750000000         2.4018237190
        2.0500000000         3.8750000000         2.4668108363
        2.0550000000         3.8750000000         2.5267009248
        2.0600000000         3.8750000000         2.5891395277
        2.0650000000         3.8750000000         2.6566751594
        2.0700000000         3.8750000000         2.7229365339
        2.0750000000         3.8750000000         2.7904721657
        2.0800000000         3.8750000000         2.8554592830
        2.0850000000         3.8750000000         2.9191721431
        2.0900000000         3.8750000000         2.9841592604
        2.0950000000         3.8750000000         3.0440493489
        2.1000000000         3.8750000000         3.1205047810
        2.1050000000         3.8750000000         3.1778463551
        2.1100000000         3.8750000000         3.2402849580
        2.1150000000         3.8750000000         3.3192889045
        2.1200000000         3.8750000000         3.3804532502
        2.1250000000         3.8750000000         3.4441661103
        2.1300000000         3.8750000000         3.5155245137
        2.1350000000         3.8750000000         3.5817858882
        2.1400000000         3.8750000000         3.6467730055
        2.1450000000         3.8750000000         3.7130343800
        2.1500000000         3.8750000000         3.7856670405
        2.1550000000         3.8750000000         3.8570254438
        2.1600000000         3.8750000000         3.9220125611
        2.1650000000         3.8750000000         3.9933709644
        2.1700000000         3.8750000000         4.0570838245
        2.1750000000         3.8750000000         4.1271679707
        2.1800000000         3.8750000000         4.1959778596
        2.1850000000         3.8750000000         4.2686105201
        2.1900000000         3.8750000000         4.3399689234
        2.1950000000         3.8750000000         4.4036817835
        2.2000000000         3.8750000000         4.4852342444
        2.2050000000         3.8750000000         4.5463985902
        2.2100000000         3.8750000000         4.6152084791
        2.2150000000         3.8750000000         4.6903896540
        2.2200000000         3.8750000000         4.7630223145
        2.2250000000         3.8750000000         4.8369292322
        2.2300000000         3.8750000000         4.9108361500
        2.2350000000         3.8750000000         4.9834688105
        2.2400000000         3.8750000000         5.0497301850
        2.2450000000         3.8750000000         5.0701183002
        2.2500000000         3.8750000000         1.0944358297
        2.2550000000         3.8750000000        -0.0001511069
        2.2600000000         3.8750000000         0.0049459219
        2.2650000000         3.8750000000         0.0215112655
        2.2700000000         3.8750000000         0.0966924404
        2.2750000000         3.8750000000         0.1616795577
        2.2800000000         3.8750000000         0.2304894466
        2.2850000000         3.8750000000         0.3056706216
        2.2900000000         3.8750000000         0.3770290249
        2.2950000000         3.8750000000         0.4471131710
        2.3000000000         3.8750000000         0.5171973171
        2.3050000000         3.8750000000         0.5834586916
        2.3100000000         3.8750000000         0.6535428377
        2.3150000000         3.8750000000         0.7210784694
        2.3200000000         3.8750000000         0.7873398440
        2.3250000000         3.8750000000         0.8561497329
        2.3300000000         3.8750000000         0.9262338790
        2.3350000000         3.8750000000         0.9873982247
        2.3400000000         3.8750000000         1.0574823708
        2.3450000000         3.8750000000         1.1250180025
        2.3500000000         3.8750000000         1.1912793770
        2.3550000000         3.8750000000         1.2524437227
        2.3600000000         3.8750000000         1.3161565828
        2.3650000000         3.8750000000         1.3811437001
        2.3700000000         3.8750000000         1.4435823030
        2.3750000000         3.8750000000         1.5021981343
        2.3800000000         3.8750000000         1.5671852516
        2.3850000000         3.8750000000         1.6308981117
        2.3900000000         3.8750000000         1.6933367146
        2.3950000000         3.8750000000         1.7608723464
        2.4000000000         3.8750000000         1.8131168916
        2.4050000000         3.8750000000         1.8806525234
        2.4100000000         3.8750000000         1.9405426119
        2.4150000000         3.8750000000         2.0017069576
        2.4200000000         3.8750000000         2.0615970461
        2.4250000000         3.8750000000         2.1265841634
        2.4300000000         3.8750000000         2.1877485091
        2.4350000000         3.8750000000         2.2489128548
        2.4400000000         3.8750000000         2.3151742293
        2.4450000000         3.8750000000         2.3763385750
        2.4500000000         3.8750000000         2.4375029207
        2.4550000000         3.8750000000         2.4986672664
        2.4600000000         3.8750000000         2.5611058693
        2.4650000000         3.8750000000         2.6311900154
        2.4700000000         3.8750000000         2.6949028755
        2.4750000000         3.8750000000         2.7611642500
        2.4800000000         3.8750000000         2.8299741389
        2.4850000000         3.8750000000         2.8898642274
        2.4900000000         3.8750000000         2.9561256019
        2.4950000000         3.8750000000         3.0211127192
        2.5000000000         3.8750000000         3.0873740937
        2.5050000000         3.8750000000         3.1536354683
        2.5100000000         3.8750000000         3.2173483284
        2.5150000000         3.8750000000         3.2810611885
        2.5200000000         3.8750000000         3.3498710774
        2.5250000000         3.8750000000         3.4161324519
        2.5300000000         3.8750000000         3.4862165980
        2.5350000000         3.8750000000         3.5537522297
        2.5400000000         3.8750000000         3.6174650898
        2.5450000000         3.8750000000         3.6837264643
        2.5500000000         3.8750000000         3.7563591248
        2.5550000000         3.8750000000         3.8251690138
        2.5600000000         3.8750000000         3.8927046455
        2.5650000000         3.8750000000         3.9615145344
        2.5700000000         3.8750000000         4.0328729377
        2.5750000000         3.8750000000         4.1029570838
        2.5800000000         3.8750000000         4.1730412299
        2.5850000000         3.8750000000         4.2367540900
        2.5900000000         3.8750000000         4.3068382362
        2.5950000000         3.8750000000         4.3756481251
        2.6000000000         3.8750000000         4.4508293000
        2.6050000000         3.8750000000         4.5132679029
        2.6100000000         3.8750000000         4.5897233350
        2.6150000000         3.8750000000         4.6636302527
        2.6200000000         3.8750000000         4.7324401417
        2.6250000000         3.8750000000         4.8050728022
        2.6300000000         3.8750000000         4.8764312055
        2.6350000000         3.8750000000         4.9528866376
        2.6400000000         3.8750000000         5.0242450409
        2.6450000000         3.8750000000         5.0701183002
        2.6500000000         3.8750000000         5.0637470142
        2.6550000000         3.8750000000         1.1122754305
        2.6600000000         3.8750000000        -0.0001511069
        2.6650000000         3.8750000000        -0.0001511069
        2.6700000000         3.8750000000         0.0661102676
        2.6750000000         3.8750000000         0.1336458993
        2.6800000000         3.8750000000         0.2050043026
        2.6850000000         3.8750000000         0.2738141915
        2.6900000000         3.8750000000         0.3451725948
        2.6950000000         3.8750000000         0.4165309981
        2.7000000000         3.8750000000         0.4878894015
        2.7050000000         3.8750000000         0.5528765188
        2.7100000000         3.8750000000         0.6280576937
        2.7150000000         3.8750000000         0.6943190682
        2.7200000000         3.8750000000         0.7580319283
        2.7250000000         3.8750000000         0.8306645888
        2.7300000000         3.8750000000         0.8994744777
        2.7350000000         3.8750000000         0.9631873378
        2.7400000000         3.8750000000         1.0332714840
        2.7450000000         3.8750000000         1.0944358297
        2.7500000000         3.8750000000         1.1556001754
        2.7550000000         3.8750000000         1.2218615499
        2.7600000000         3.8750000000         1.2893971816
        2.7650000000         3.8750000000         1.3607555849
        2.7700000000         3.8750000000         1.4206456734
        2.7750000000         3.8750000000         1.4843585335
        2.7800000000         3.8750000000         1.5467971364
        2.7850000000         3.8750000000         1.6079614821
        2.7900000000         3.8750000000         1.6716743422
        2.7950000000         3.8750000000         1.7353872023
        2.8000000000         3.8750000000         1.7978258052
        2.8050000000         3.8750000000         1.8589901509
        2.8100000000         3.8750000000         1.9176059822
        2.8150000000         3.8750000000         1.9825930995
        2.8200000000         3.8750000000         2.0386604164
        2.8250000000         3.8750000000         2.1023732765
        2.8300000000         3.8750000000         2.1648118794
        2.8350000000         3.8750000000         2.2297989967
        2.8400000000         3.8750000000         2.2960603712
        2.8450000000         3.8750000000         2.3584989741
        2.8500000000         3.8750000000         2.4209375770
        2.8550000000         3.8750000000         2.4871989516
        2.8600000000         3.8750000000         2.5483632973
        2.8650000000         3.8750000000         2.6082533858
        2.8700000000         3.8750000000         2.6796117891
        2.8750000000         3.8750000000         2.7420503920
        2.8800000000         3.8750000000         2.8070375093
        2.8850000000         3.8750000000         2.8682018550
        2.8900000000         3.8750000000         2.9395602583
        2.8950000000         3.8750000000         2.9981760896
        2.9000000000         3.8750000000         3.0695344929
        2.9050000000         3.8750000000         3.1357958674
        2.9100000000         3.8750000000         3.2033314991
        2.9150000000         3.8750000000         3.2708671308
        2.9200000000         3.8750000000         3.3371285054
        2.9250000000         3.8750000000         3.4021156227
        2.9300000000         3.8750000000         3.4683769972
        2.9350000000         3.8750000000         3.5384611433
        2.9400000000         3.8750000000         3.6047225178
        2.9450000000         3.8750000000         3.6684353779
        2.9500000000         3.8750000000         3.7410680384
        2.9550000000         3.8750000000         3.8073294129
        2.9600000000         3.8750000000         3.8748650446
        2.9650000000         3.8750000000         3.9487719624
        2.9700000000         3.8750000000         4.0175818513
        2.9750000000         3.8750000000         4.0838432258
        2.9800000000         3.8750000000         4.1526531147
        2.9850000000         3.8750000000         4.2214630036
        2.9900000000         3.8750000000         4.2940956641
        2.9950000000         3.8750000000         4.3565342670
        3.0000000000         3.8750000000         4.4317154420
        3.0050000000         3.8750000000         4.5030738453
        3.0100000000         3.8750000000         4.5680609626
        3.0150000000         3.8750000000         4.6445163947
        3.0200000000         3.8750000000         4.7184233124
        3.0250000000         3.8750000000         4.7859589441
        3.0300000000         3.8750000000         4.8611401191
        3.0350000000         3.8750000000         4.9299500080
        3.0400000000         3.8750000000         5.0076796973
        3.0450000000         3.8750000000         5.0662955286
        3.0500000000         3.8750000000         5.0662955286
        3.0550000000         3.8750000000         1.0982586013
        3.0600000000         3.8750000000        -0.0001511069
        3.0650000000         3.8750000000        -0.0001511069
        3.0700000000         3.8750000000         0.0444478951
        3.0750000000         3.8750000000         0.1145320412
        3.0800000000         3.8750000000         0.1909874734
        3.0850000000         3.8750000000         0.2521518191
        3.0900000000         3.8750000000         0.3247844796
        3.0950000000         3.8750000000         0.3961428829
        3.1000000000         3.8750000000         0.4700498006
        3.1050000000         3.8750000000         0.5388596895
        3.1100000000         3.8750000000         0.6076695785
        3.1150000000         3.8750000000         0.6726566958
        3.1200000000         3.8750000000         0.7414665847
        3.1250000000         3.8750000000         0.8115507308
        3.1300000000         3.8750000000         0.8841833913
        3.1350000000         3.8750000000         0.9440734798
        3.1400000000         3.8750000000         1.0128833687
        3.1450000000         3.8750000000         1.0816932576
        3.1500000000         3.8750000000         1.1428576033
        3.1550000000         3.8750000000         1.2078447206
        3.1600000000         3.8750000000         1.2715575807
        3.1650000000         3.8750000000         1.3390932125
        3.1700000000         3.8750000000         1.4053545870
        3.1750000000         3.8750000000         1.4677931899
        3.1800000000         3.8750000000         1.5251347640
        3.1850000000         3.8750000000         1.5888476241
        3.1900000000         3.8750000000         1.6474634554
        3.1950000000         3.8750000000         1.7175476015
        3.2000000000         3.8750000000         1.7761634328
        3.2050000000         3.8750000000         1.8386020357
        3.2100000000         3.8750000000         1.8972178670
        3.2150000000         3.8750000000         1.9583822127
        3.2200000000         3.8750000000         2.0220950728
        3.2250000000         3.8750000000         2.0794366469
        3.2300000000         3.8750000000         2.1418752498
        3.2350000000         3.8750000000         2.2068623671
        3.2400000000         3.8750000000         2.2718494844
        3.2450000000         3.8750000000         2.3317395729
        3.2500000000         3.8750000000         2.3980009474
        3.2550000000         3.8750000000         2.4629880647
        3.2600000000         3.8750000000         2.5228781532
        3.2650000000         3.8750000000         2.5878652705
        3.2700000000         3.8750000000         2.6554009022
        3.2750000000         3.8750000000         2.7127424763
        3.2800000000         3.8750000000         2.7815523652
        3.2850000000         3.8750000000         2.8465394825
        3.2900000000         3.8750000000         2.9140751143
        3.2950000000         3.8750000000         2.9752394600
        3.3000000000         3.8750000000         3.0402265773
        3.3050000000         3.8750000000         3.1052136946
        3.3100000000         3.8750000000         3.1714750691
        3.3150000000         3.8750000000         3.2351879292
        3.3200000000         3.8750000000         3.2976265321
        3.3250000000         3.8750000000         3.3753562214
        3.3300000000         3.8750000000         3.4428918531
        3.3350000000         3.8750000000         3.5078789704
        3.3400000000         3.8750000000         3.5741403449
        3.3450000000         3.8750000000         3.6404017195
        3.3500000000         3.8750000000         3.7104858656
        3.3550000000         3.8750000000         3.7780214973
        3.3600000000         3.8750000000         3.8506541578
        3.3650000000         3.8750000000         3.9156412751
        3.3700000000         3.8750000000         3.9806283924
        3.3750000000         3.8750000000         4.0621808534
        3.3800000000         3.8750000000         4.1207966846
        3.3850000000         3.8750000000         4.1921550880
        3.3900000000         3.8750000000         4.2673362629
        3.3950000000         3.8750000000         4.3297748658
        3.4000000000         3.8750000000         4.4011332691
        3.4050000000         3.8750000000         4.4648461292
        3.4100000000         3.8750000000         4.5374787897
        3.4150000000         3.8750000000         4.6088371931
        3.4200000000         3.8750000000         4.6852926252
        3.4250000000         3.8750000000         4.7541025141
        3.4300000000         3.8750000000         4.8254609174
        3.4350000000         3.8750000000         4.8968193207
        3.4400000000         3.8750000000         4.9707262385
        3.4450000000         3.8750000000         5.0420846418
        3.4500000000         3.8750000000         5.0662955286
        3.4550000000         3.8750000000         1.1148239449
        3.4600000000         3.8750000000         0.0049459219
        3.4650000000         3.8750000000         0.0049459219
        3.4700000000         3.8750000000         0.0164142367
        3.4750000000         3.8750000000         0.0839498684
        3.4800000000         3.8750000000         0.1604053005
        3.4850000000         3.8750000000         0.2304894466
        3.4900000000         3.8750000000         0.2980250783
        3.4950000000         3.8750000000         0.3706577389
        3.5000000000         3.8750000000         0.4381933706
        3.5050000000         3.8750000000         0.5057290023
        3.5100000000         3.8750000000         0.5770874056
        3.5150000000         3.8750000000         0.6433487801
        3.5200000000         3.8750000000         0.7159814406
        3.5250000000         3.8750000000         0.7860655867
        3.5300000000         3.8750000000         0.8523269613
        3.5350000000         3.8750000000         0.9236853646
        3.5400000000         3.8750000000         0.9873982247
        3.5450000000         3.8750000000         1.0562081136
        3.5500000000         3.8750000000         1.1237437453
        3.5550000000         3.8750000000         1.1836338338
        3.5600000000         3.8750000000         1.2473466939
        3.5650000000         3.8750000000         1.3148823256
        3.5700000000         3.8750000000         1.3785951857
        3.5750000000         3.8750000000         1.4461308174
        3.5800000000         3.8750000000         1.5072951631
        3.5850000000         3.8750000000         1.5748307948
        3.5900000000         3.8750000000         1.6398179122
        3.5950000000         3.8750000000         1.6958852290
        3.6000000000         3.8750000000         1.7621466036
        3.6050000000         3.8750000000         1.8220366921
        3.6100000000         3.8750000000         1.8781040089
        3.6150000000         3.8750000000         1.9405426119
        3.6200000000         3.8750000000         2.0017069576
        3.6250000000         3.8750000000         2.0628713033
        3.6300000000         3.8750000000         2.1278584206
        3.6350000000         3.8750000000         2.1864742519
        3.6400000000         3.8750000000         2.2476385976
        3.6450000000         3.8750000000         2.3164484865
        3.6500000000         3.8750000000         2.3763385750
        3.6550000000         3.8750000000         2.4400514351
        3.6600000000         3.8750000000         2.5050385524
        3.6650000000         3.8750000000         2.5649286409
        3.6700000000         3.8750000000         2.6299157582
        3.6750000000         3.8750000000         2.6936286183
        3.6800000000         3.8750000000         2.7586157356
        3.6850000000         3.8750000000         2.8286998817
        3.6900000000         3.8750000000         2.8949612562
        3.6950000000         3.8750000000         2.9535770875
        3.7000000000         3.8750000000         3.0223869764
        3.7050000000         3.8750000000         3.0911968654
        3.7100000000         3.8750000000         3.1549097255
        3.7150000000         3.8750000000         3.2211711000
        3.7200000000         3.8750000000         3.2848839601
        3.7250000000         3.8750000000         3.3511453346
        3.7300000000         3.8750000000         3.4237779951
        3.7350000000         3.8750000000         3.4887651124
        3.7400000000         3.8750000000         3.5563007441
        3.7450000000         3.8750000000         3.6276591474
        3.7500000000         3.8750000000         3.6888234931
        3.7550000000         3.8750000000         3.7627304109
        3.7600000000         3.8750000000         3.8264432710
        3.7650000000         3.8750000000         3.8901561311
        3.7700000000         3.8750000000         3.9627887916
        3.7750000000         3.8750000000         4.0341471949
        3.7800000000         3.8750000000         4.1016828266
        3.7850000000         3.8750000000         4.1704927155
        3.7900000000         3.8750000000         4.2367540900
        3.7950000000         3.8750000000         4.3055639790
        3.8000000000         3.8750000000         4.3769223823
        3.8050000000         3.8750000000         4.4470065284
        3.8100000000         3.8750000000         4.5158164173
        3.8150000000         3.8750000000         4.5909975922
        3.8200000000         3.8750000000         4.6661787671
        3.8250000000         3.8750000000         4.7388114277
        3.8300000000         3.8750000000         4.8139926026
        3.8350000000         3.8750000000         4.8802539771
        3.8400000000         3.8750000000         4.9579836664
        3.8450000000         3.8750000000         5.0331648414
        3.8500000000         3.8750000000         5.0675697858
        3.8550000000         3.8750000000         5.0650212714
        3.8600000000         3.8750000000         1.1364863173
        3.8650000000         3.8750000000        -0.0039738786
        3.8700000000         3.8750000000         0.0011231503
        3.8750000000         3.8750000000         0.0661102676
        3.8800000000         3.8750000000         0.1412914425
        3.8850000000         3.8750000000         0.2126498458
        3.8900000000         3.8750000000         0.2789112203
        3.8950000000         3.8750000000         0.3502696236
        3.9000000000         3.8750000000         0.4216280269
        3.9050000000         3.8750000000         0.4955349447
        3.9100000000         3.8750000000         0.5630705764
        3.9150000000         3.8750000000         0.6369774941
        3.9200000000         3.8750000000         0.7019646114
        3.9250000000         3.8750000000         0.7733230147
        3.9300000000         3.8750000000         0.8459556752
        3.9350000000         3.8750000000         0.9109427926
        3.9400000000         3.8750000000         0.9772041671
        3.9450000000         3.8750000000         1.0434655416
        3.9500000000         3.8750000000         1.1059041445
        3.9550000000         3.8750000000         1.1734397762
        3.9600000000         3.8750000000         1.2384268935
        3.9650000000         3.8750000000         1.2995912392
        3.9700000000         3.8750000000         1.3671268709
        3.9750000000         3.8750000000         1.4359367598
        3.9800000000         3.8750000000         1.4945525911
        3.9850000000         3.8750000000         1.5582654512
        3.9900000000         3.8750000000         1.6219783113
        3.9950000000         3.8750000000         1.6793198854
        4.0000000000         3.8750000000         1.7443070027
        4.0050000000         3.8750000000         1.8080198628
        4.0100000000         3.8750000000         1.8691842085
        4.0150000000         3.8750000000         1.9290742970
        4.0200000000         3.8750000000         1.9889643855
        4.0250000000         3.8750000000         2.0577742744
        4.0300000000         3.8750000000         2.1138415913
        4.0350000000         3.8750000000         2.1775544514
        4.0400000000         3.8750000000         2.2399930543
        4.0450000000         3.8750000000         2.3049801717
        4.0500000000         3.8750000000         2.3610474885
        4.0550000000         3.8750000000         2.4273088631
        4.0600000000         3.8750000000         2.4897474660
        4.0650000000         3.8750000000         2.5534603261
        4.0700000000         3.8750000000         2.6248187294
        4.0750000000         3.8750000000         2.6847088179
        4.0800000000         3.8750000000         2.7509701924
        4.0850000000         3.8750000000         2.8172315669
        4.0900000000         3.8750000000         2.8847671986
        4.0950000000         3.8750000000         2.9472058015
        4.1000000000         3.8750000000         3.0134671760
        4.1050000000         3.8750000000         3.0746315217
        4.1100000000         3.8750000000         3.1434414106
        4.1150000000         3.8750000000         3.2147998140
        4.1200000000         3.8750000000         3.2797869313
        4.1250000000         3.8750000000         3.3473225630
        4.1300000000         3.8750000000         3.4123096803
        4.1350000000         3.8750000000         3.4772967976
        4.1400000000         3.8750000000         3.5422839149
        4.1450000000         3.8750000000         3.6098195466
        4.1500000000         3.8750000000         3.6837264643
        4.1550000000         3.8750000000         3.7487135816
        4.1600000000         3.8750000000         3.8187977278
        4.1650000000         3.8750000000         3.8863333595
        4.1700000000         3.8750000000         3.9564175056
        4.1750000000         3.8750000000         4.0265016517
        4.1800000000         3.8750000000         4.0965857978
        4.1850000000         3.8750000000         4.1628471723
        4.1900000000         3.8750000000         4.2316570612
        4.1950000000         3.8750000000         4.3042897218
        4.2000000000         3.8750000000         4.3667283247
        4.2050000000         3.8750000000         4.4380867280
        4.2100000000         3.8750000000         4.5170906745
        4.2150000000         3.8750000000         4.5833520490
        4.2200000000         3.8750000000         4.6585332239
        4.2250000000         3.8750000000         4.7337143989
        4.2300000000         3.8750000000         4.8037985450
        4.2350000000         3.8750000000         4.8738826911
        4.2400000000         3.8750000000         4.9439668372
        4.2450000000         3.8750000000         5.0229707837
        4.2500000000         3.8750000000         5.0675697858
        4.2550000000         3.8750000000         5.0624727570
        4.2600000000         3.8750000000         1.0944358297
        4.2650000000         3.8750000000        -0.0001511069
        4.2700000000         3.8750000000        -0.0001511069
        4.2750000000         3.8750000000         0.0597389816
        4.2800000000         3.8750000000         0.1298231277
        4.2850000000         3.8750000000         0.2075528170
        4.2900000000         3.8750000000         0.2789112203
        4.2950000000         3.8750000000         0.3464468520
        4.3000000000         3.8750000000         0.4152567409
        4.3050000000         3.8750000000         0.4840666298
        4.3100000000         3.8750000000         0.5541507760
        4.3150000000         3.8750000000         0.6267834365
        4.3200000000         3.8750000000         0.6968675826
        4.3250000000         3.8750000000         0.7644032143
        4.3300000000         3.8750000000         0.8344873604
        4.3350000000         3.8750000000         0.9020229921
        4.3400000000         3.8750000000         0.9657358522
        4.3450000000         3.8750000000         1.0358199984
        4.3500000000         3.8750000000         1.1008071157
        4.3550000000         3.8750000000         1.1696170046
        4.3600000000         3.8750000000         1.2333298647
        4.3650000000         3.8750000000         1.2932199532
        4.3700000000         3.8750000000         1.3658526137
        4.3750000000         3.8750000000         1.4282912166
        4.3800000000         3.8750000000         1.4881813051
        4.3850000000         3.8750000000         1.5518941652
        4.3900000000         3.8750000000         1.6143327681
        4.3950000000         3.8750000000         1.6793198854
        4.4000000000         3.8750000000         1.7443070027
        4.4050000000         3.8750000000         1.8016485768
        4.4100000000         3.8750000000         1.8640871797
        4.4150000000         3.8750000000         1.9278000398
        4.4200000000         3.8750000000         1.9889643855
        4.4250000000         3.8750000000         2.0552257600
        4.4300000000         3.8750000000         2.1189386201
        4.4350000000         3.8750000000         2.1813772230
        4.4400000000         3.8750000000         2.2374445399
        4.4450000000         3.8750000000         2.3037059145
        4.4500000000         3.8750000000         2.3635960030
        4.4550000000         3.8750000000         2.4311316347
        4.4600000000         3.8750000000         2.4961187520
        4.4650000000         3.8750000000         2.5572830977
        4.4700000000         3.8750000000         2.6235444722
        4.4750000000         3.8750000000         2.6923543611
        4.4800000000         3.8750000000         2.7535187068
        4.4850000000         3.8750000000         2.8197800813
        4.4900000000         3.8750000000         2.8822186842
        4.4950000000         3.8750000000         2.9510285731
        4.5000000000         3.8750000000         3.0160156904
        4.5050000000         3.8750000000         3.0848255793
        4.5100000000         3.8750000000         3.1498126966
        4.5150000000         3.8750000000         3.2186225856
        4.5200000000         3.8750000000         3.2836097029
        4.5250000000         3.8750000000         3.3498710774
        4.5300000000         3.8750000000         3.4123096803
        4.5350000000         3.8750000000         3.4836680836
        4.5400000000         3.8750000000         3.5486552009
        4.5450000000         3.8750000000         3.6174650898
        4.5500000000         3.8750000000         3.6837264643
        4.5550000000         3.8750000000         3.7499878388
        4.5600000000         3.8750000000         3.8251690138
        4.5650000000         3.8750000000         3.8876076167
        4.5700000000         3.8750000000         3.9615145344
        4.5750000000         3.8750000000         4.0239531373
        4.5800000000         3.8750000000         4.0978600550
        4.5850000000         3.8750000000         4.1653956867
        4.5900000000         3.8750000000         4.2354798328
        4.5950000000         3.8750000000         4.3093867506
        4.6000000000         3.8750000000         4.3743738679
        4.6050000000         3.8750000000         4.4444580140
        4.6100000000         3.8750000000         4.5170906745
        4.6150000000         3.8750000000         4.5859005634
        4.6200000000         3.8750000000         4.6623559955
        4.6250000000         3.8750000000         4.7337143989
        4.6300000000         3.8750000000         4.8088955738
        4.6350000000         3.8750000000         4.8777054627
        4.6400000000         3.8750000000         4.9567094092
        4.6450000000         3.8750000000         5.0280678125
        4.6500000000         3.8750000000         5.0713925574
        4.6550000000         3.8750000000         5.0688440430
        4.6600000000         3.8750000000         1.0995328585
        4.6650000000         3.8750000000        -0.0001511069
        4.6700000000         3.8750000000        -0.0001511069
        4.6750000000         3.8750000000         0.0648360104
        4.6800000000         3.8750000000         0.1361944137
        4.6850000000         3.8750000000         0.2075528170
        4.6900000000         3.8750000000         0.2789112203
        4.6950000000         3.8750000000         0.3515438808
        4.7000000000         3.8750000000         0.4178052553
        4.7050000000         3.8750000000         0.4891636587
        4.7100000000         3.8750000000         0.5643448336
        4.7150000000         3.8750000000         0.6357032369
        4.7200000000         3.8750000000         0.7045131258
        4.7250000000         3.8750000000         0.7758715291
        4.7300000000         3.8750000000         0.8446814180
        4.7350000000         3.8750000000         0.9083942781
        4.7400000000         3.8750000000         0.9733813955
        4.7450000000         3.8750000000         1.0409170272
        4.7500000000         3.8750000000         1.1097269161
        4.7550000000         3.8750000000         1.1772625478
        4.7600000000         3.8750000000         1.2409754079
        4.7650000000         3.8750000000         1.2983169820
        4.7700000000         3.8750000000         1.3747724141
        4.7750000000         3.8750000000         1.4372110170
        4.7800000000         3.8750000000         1.4958268483
        4.7850000000         3.8750000000         1.5633624800
        4.7900000000         3.8750000000         1.6283495973
        4.7950000000         3.8750000000         1.6869654286
        4.8000000000         3.8750000000         1.7519525459
        4.8050000000         3.8750000000         1.8131168916
        4.8100000000         3.8750000000         1.8717327229
        4.8150000000         3.8750000000         1.9379940974
        4.8200000000         3.8750000000         1.9953356715
        4.8250000000         3.8750000000         2.0603227889
        4.8300000000         3.8750000000         2.1227613918
        4.8350000000         3.8750000000         2.1877485091
        4.8400000000         3.8750000000         2.2489128548
        4.8450000000         3.8750000000         2.3177227437
        4.8500000000         3.8750000000         2.3788870894
        4.8550000000         3.8750000000         2.4464227211
        4.8600000000         3.8750000000         2.5088613240
        4.8650000000         3.8750000000         2.5712999269
        4.8700000000         3.8750000000         2.6413840730
        4.8750000000         3.8750000000         2.7050969331
        4.8800000000         3.8750000000         2.7739068220
        4.8850000000         3.8750000000         2.8350711677
        4.8900000000         3.8750000000         2.9026067994
        4.8950000000         3.8750000000         2.9663196595
        4.9000000000         3.8750000000         3.0287582624
        4.9050000000         3.8750000000         3.1001166658
        4.9100000000         3.8750000000         3.1651037831
        4.9150000000         3.8750000000         3.2300909004
        4.9200000000         3.8750000000         3.3014493037
        4.9250000000         3.8750000000         3.3638879066
        4.9300000000         3.8750000000         3.4365205671
        4.9350000000         3.8750000000         3.5002334272
        4.9400000000         3.8750000000         3.5613977729
        4.9450000000         3.8750000000         3.6314819190
        4.9500000000         3.8750000000         3.7041145796
        4.9550000000         3.8750000000         3.7691016969
        4.9600000000         3.8750000000         3.8366373286
        4.9650000000         3.8750000000         3.9054472175
        4.9700000000         3.8750000000         3.9819026496
        4.9750000000         3.8750000000         4.0456155097
        4.9800000000         3.8750000000         4.1144253986
        4.9850000000         3.8750000000         4.1870580592
        4.9900000000         3.8750000000         4.2545936909
        4.9950000000         3.8750000000         4.3246778370
        5.0000000000         3.8750000000         4.3985847547
        5.0050000000         3.8750000000         4.4686689008
        5.0100000000         3.8750000000         4.5425758185
        5.0150000000         3.8750000000         4.6139342219
        5.0200000000         3.8750000000         4.6852926252
        5.0250000000         3.8750000000         4.7579252857
        5.0300000000         3.8750000000         4.8292836890
        5.0350000000         3.8750000000         4.9006420923
        5.0400000000         3.8750000000         4.9720004957
        5.0450000000         3.8750000000         5.0484559278
        5.0500000000         3.8750000000         5.0624727570
        5.0550000000         3.8750000000         1.1403090889
        5.0600000000         3.8750000000         0.0011231503
        5.0650000000         3.8750000000        -0.0001511069
        5.0700000000         3.8750000000         0.0227855227
        5.0750000000         3.8750000000         0.0903211544
        5.0800000000         3.8750000000         0.1655023293
        5.0850000000         3.8750000000         0.2355864754
        5.0900000000         3.8750000000         0.3043963644
        5.0950000000         3.8750000000         0.3783032821
        5.1000000000         3.8750000000         0.4445646566
        5.1050000000         3.8750000000         0.5159230599
        5.1100000000         3.8750000000         0.5847329488
        5.1150000000         3.8750000000         0.6522685805
        5.1200000000         3.8750000000         0.7261754982
        5.1250000000         3.8750000000         0.7924368728
        5.1300000000         3.8750000000         0.8599725045
        5.1350000000         3.8750000000         0.9262338790
        5.1400000000         3.8750000000         0.9937695107
        5.1450000000         3.8750000000         1.0613051424
        5.1500000000         3.8750000000         1.1301150313
        5.1550000000         3.8750000000         1.1938278914
        5.1600000000         3.8750000000         1.2588150087
        5.1650000000         3.8750000000         1.3225278688
        5.1700000000         3.8750000000         1.3836922145
        5.1750000000         3.8750000000         1.4499535890
        5.1800000000         3.8750000000         1.5111179347
        5.1850000000         3.8750000000         1.5748307948
        5.1900000000         3.8750000000         1.6347208833
        5.1950000000         3.8750000000         1.7022565151
        5.2000000000         3.8750000000         1.7659693752
        5.2050000000         3.8750000000         1.8233109493
        5.2100000000         3.8750000000         1.8857495522
        5.2150000000         3.8750000000         1.9481881551
        5.2200000000         3.8750000000         2.0042554720
        5.2250000000         3.8750000000         2.0756138753
        5.2300000000         3.8750000000         2.1329554494
        5.2350000000         3.8750000000         2.1941197951
        5.2400000000         3.8750000000         2.2578326552
        5.2450000000         3.8750000000         2.3202712581
        5.2500000000         3.8750000000         2.3827098610
        5.2550000000         3.8750000000         2.4476969783
        5.2600000000         3.8750000000         2.5152326100
        5.2650000000         3.8750000000         2.5751226985
        5.2700000000         3.8750000000         2.6439325874
        5.2750000000         3.8750000000         2.7025484187
        5.2800000000         3.8750000000         2.7713583076
        5.2850000000         3.8750000000         2.8376196821
        5.2900000000         3.8750000000         2.9013325422
        5.2950000000         3.8750000000         2.9637711451
        5.3000000000         3.8750000000         3.0338552913
        5.3050000000         3.8750000000         3.0950196370
        5.3100000000         3.8750000000         3.1625552687
        5.3150000000         3.8750000000         3.2262681288
        5.3200000000         3.8750000000         3.2976265321
        5.3250000000         3.8750000000         3.3626136494
        5.3300000000         3.8750000000         3.4352463099
        5.3350000000         3.8750000000         3.5002334272
        5.3400000000         3.8750000000         3.5664948017
        5.3450000000         3.8750000000         3.6378532051
        5.3500000000         3.8750000000         3.7053888368
        5.3550000000         3.8750000000         3.7754729829
        5.3600000000         3.8750000000         3.8430086146
        5.3650000000         3.8750000000         3.9067214747
        5.3700000000         3.8750000000         3.9806283924
        5.3750000000         3.8750000000         4.0456155097
        5.3800000000         3.8750000000         4.1182481702
        5.3850000000         3.8750000000         4.1857838020
        5.3900000000         3.8750000000         4.2584164625
        5.3950000000         3.8750000000         4.3234035798
        5.4000000000         3.8750000000         4.3973104975
        5.4050000000         3.8750000000         4.4635718720
        5.4100000000         3.8750000000         4.5374787897
        5.4150000000         3.8750000000         4.6062886786
        5.4200000000         3.8750000000         4.6827441108
        5.4250000000         3.8750000000         4.7553767713
        5.4300000000         3.8750000000         4.8318322034
        5.4350000000         3.8750000000         4.9019163495
        5.4400000000         3.8750000000         4.9732747529
        5.4450000000         3.8750000000         5.0497301850
        5.4500000000         3.8750000000         5.0662955286
        5.4550000000         3.8750000000         1.1008071157
        5.4600000000         3.8750000000        -0.0026996214
        5.4650000000         3.8750000000         0.0049459219
        5.4700000000         3.8750000000         0.0215112655
        5.4750000000         3.8750000000         0.0890468972
        5.4800000000         3.8750000000         0.1604053005
        5.4850000000         3.8750000000         0.2279409322
        5.4900000000         3.8750000000         0.2992993355
        5.4950000000         3.8750000000         0.3719319961
        5.5000000000         3.8750000000         0.4394676278
        5.5050000000         3.8750000000         0.5095517739
        5.5100000000         3.8750000000         0.5847329488
        5.5150000000         3.8750000000         0.6484458089
        5.5200000000         3.8750000000         0.7223527266
        5.5250000000         3.8750000000         0.7911626156
        5.5300000000         3.8750000000         0.8599725045
        5.5350000000         3.8750000000         0.9224111074
        5.5400000000         3.8750000000         0.9886724819
        5.5450000000         3.8750000000         1.0613051424
        5.5500000000         3.8750000000         1.1237437453
        5.5550000000         3.8750000000         1.1912793770
        5.5600000000         3.8750000000         1.2549922371
        5.5650000000         3.8750000000         1.3174308400
        5.5700000000         3.8750000000         1.3849664717
        5.5750000000         3.8750000000         1.4448565602
        5.5800000000         3.8750000000         1.5149407064
        5.5850000000         3.8750000000         1.5735565376
        5.5900000000         3.8750000000         1.6410921694
        5.5950000000         3.8750000000         1.6997080007
        5.6000000000         3.8750000000         1.7672436324
        5.6050000000         3.8750000000         1.8207624349
        5.6100000000         3.8750000000         1.8882980666
        5.6150000000         3.8750000000         1.9507366695
        5.6200000000         3.8750000000         2.0042554720
