        0.0000000000         4.4250000000         2.5751226985
        0.0050000000         4.4250000000         2.5763969557
        0.0100000000         4.4250000000         2.5814939845
        0.0150000000         4.4250000000         2.5853167561
        0.0200000000         4.4250000000         2.6006078425
        0.0250000000         4.4250000000         2.6235444722
        0.0300000000         4.4250000000         2.6554009022
        0.0350000000         4.4250000000         2.6936286183
        0.0400000000         4.4250000000         2.7318563344
        0.0450000000         4.4250000000         2.7739068220
        0.0500000000         4.4250000000         2.8248771101
        0.0550000000         4.4250000000         2.8771216554
        0.0600000000         4.4250000000         2.9382860011
        0.0650000000         4.4250000000         2.9994503468
        0.0700000000         4.4250000000         3.0580661781
        0.0750000000         4.4250000000         3.1179562666
        0.0800000000         4.4250000000         3.1816691267
        0.0850000000         4.4250000000         3.2441077296
        0.0900000000         4.4250000000         3.3129176185
        0.0950000000         4.4250000000         3.3830017646
        0.1000000000         4.4250000000         3.4530859107
        0.1050000000         4.4250000000         3.5155245137
        0.1100000000         4.4250000000         3.5881571742
        0.1150000000         4.4250000000         3.6633383491
        0.1200000000         4.4250000000         3.7346967524
        0.1250000000         4.4250000000         3.8137006989
        0.1300000000         4.4250000000         3.8850591023
        0.1350000000         4.4250000000         3.9627887916
        0.1400000000         4.4250000000         4.0354214521
        0.1450000000         4.4250000000         4.1169739130
        0.1500000000         4.4250000000         4.1896065736
        0.1550000000         4.4250000000         4.2686105201
        0.1600000000         4.4250000000         4.3450659522
        0.1650000000         4.4250000000         4.4240698987
        0.1700000000         4.4250000000         4.5068966169
        0.1750000000         4.4250000000         4.5859005634
        0.1800000000         4.4250000000         4.6687272816
        0.1850000000         4.4250000000         4.7566510285
        0.1900000000         4.4250000000         4.8407520038
        0.1950000000         4.4250000000         4.9223044648
        0.2000000000         4.4250000000         5.0076796973
        0.2050000000         4.4250000000         5.0650212714
        0.2100000000         4.4250000000         5.0637470142
        0.2150000000         4.4250000000         0.0062201791
        0.2200000000         4.4250000000         0.0023974075
        0.2250000000         4.4250000000         0.0444478951
        0.2300000000         4.4250000000         0.1260003561
        0.2350000000         4.4250000000         0.2101013314
        0.2400000000         4.4250000000         0.2903795351
        0.2450000000         4.4250000000         0.3732062533
        0.2500000000         4.4250000000         0.4534844570
        0.2550000000         4.4250000000         0.5388596895
        0.2600000000         4.4250000000         0.6216864077
        0.2650000000         4.4250000000         0.7070616402
        0.2700000000         4.4250000000         0.7886141012
        0.2750000000         4.4250000000         0.8676180477
        0.2800000000         4.4250000000         0.9491705086
        0.2850000000         4.4250000000         1.0218031691
        0.2900000000         4.4250000000         1.1046298873
        0.2950000000         4.4250000000         1.1823595766
        0.3000000000         4.4250000000         1.2626377803
        0.3050000000         4.4250000000         1.3390932125
        0.3100000000         4.4250000000         1.4155486446
        0.3150000000         4.4250000000         1.4958268483
        0.3200000000         4.4250000000         1.5735565376
        0.3250000000         4.4250000000         1.6512862270
        0.3300000000         4.4250000000         1.7264674019
        0.3350000000         4.4250000000         1.7965515480
        0.3400000000         4.4250000000         1.8742812373
        0.3450000000         4.4250000000         1.9507366695
        0.3500000000         4.4250000000         2.0284663588
        0.3550000000         4.4250000000         2.1010990193
        0.3600000000         4.4250000000         2.1801029658
        0.3650000000         4.4250000000         2.2578326552
        0.3700000000         4.4250000000         2.3317395729
        0.3750000000         4.4250000000         2.4132920338
        0.3800000000         4.4250000000         2.4948444948
        0.3850000000         4.4250000000         2.5712999269
        0.3900000000         4.4250000000         2.6528523878
        0.3950000000         4.4250000000         2.7344048488
        0.4000000000         4.4250000000         2.8121345381
        0.4050000000         4.4250000000         2.8911384846
        0.4100000000         4.4250000000         2.9663196595
        0.4150000000         4.4250000000         3.0491463777
        0.4200000000         4.4250000000         3.1345216102
        0.4250000000         4.4250000000         3.2160740712
        0.4300000000         4.4250000000         3.2976265321
        0.4350000000         4.4250000000         3.3804532502
        0.4400000000         4.4250000000         3.4632799684
        0.4450000000         4.4250000000         3.5422839149
        0.4500000000         4.4250000000         3.6276591474
        0.4550000000         4.4250000000         3.7130343800
        0.4600000000         4.4250000000         3.8009581269
        0.4650000000         4.4250000000         3.8863333595
        0.4700000000         4.4250000000         3.9678858204
        0.4750000000         4.4250000000         4.0507125385
        0.4800000000         4.4250000000         4.1386362855
        0.4850000000         4.4250000000         4.2189144892
        0.4900000000         4.4250000000         4.3068382362
        0.4950000000         4.4250000000         4.3922134687
        0.5000000000         4.4250000000         4.4852342444
        0.5050000000         4.4250000000         4.5680609626
        0.5100000000         4.4250000000         4.6610817383
        0.5150000000         4.4250000000         4.7502797425
        0.5200000000         4.4250000000         4.8394777466
        0.5250000000         4.4250000000         4.9261272364
        0.5300000000         4.4250000000         5.0127767261
        0.5350000000         4.4250000000         5.0650212714
        0.5400000000         4.4250000000         1.0995328585
        0.5450000000         4.4250000000         0.0049459219
        0.5500000000         4.4250000000         0.0062201791
        0.5550000000         4.4250000000         0.0648360104
        0.5600000000         4.4250000000         0.1553082717
        0.5650000000         4.4250000000         0.2368607326
        0.5700000000         4.4250000000         0.3260587368
        0.5750000000         4.4250000000         0.4101597121
        0.5800000000         4.4250000000         0.5019062307
        0.5850000000         4.4250000000         0.5872814632
        0.5900000000         4.4250000000         0.6713824386
        0.5950000000         4.4250000000         0.7478378707
        0.6000000000         4.4250000000         0.8370358748
        0.6050000000         4.4250000000         0.9224111074
        0.6100000000         4.4250000000         0.9975922823
        0.6150000000         4.4250000000         1.0829675148
        0.6200000000         4.4250000000         1.1606972042
        0.6250000000         4.4250000000         1.2409754079
        0.6300000000         4.4250000000         1.3250763832
        0.6350000000         4.4250000000         1.4040803298
        0.6400000000         4.4250000000         1.4843585335
        0.6450000000         4.4250000000         1.5582654512
        0.6500000000         4.4250000000         1.6334466261
        0.6550000000         4.4250000000         1.7111763155
        0.6600000000         4.4250000000         1.7889060048
        0.6650000000         4.4250000000         1.8653614369
        0.6700000000         4.4250000000         1.9443653835
        0.6750000000         4.4250000000         2.0246435872
        0.6800000000         4.4250000000         2.0960019905
        0.6850000000         4.4250000000         2.1750059370
        0.6900000000         4.4250000000         2.2540098836
        0.6950000000         4.4250000000         2.3317395729
        0.7000000000         4.4250000000         2.4132920338
        0.7050000000         4.4250000000         2.4973930092
        0.7100000000         4.4250000000         2.5712999269
        0.7150000000         4.4250000000         2.6528523878
        0.7200000000         4.4250000000         2.7305820772
        0.7250000000         4.4250000000         2.8134087953
        0.7300000000         4.4250000000         2.8936869990
        0.7350000000         4.4250000000         2.9777879744
        0.7400000000         4.4250000000         3.0618889497
        0.7450000000         4.4250000000         3.1383443818
        0.7500000000         4.4250000000         3.2249938716
        0.7550000000         4.4250000000         3.2989007893
        0.7600000000         4.4250000000         3.3830017646
        0.7650000000         4.4250000000         3.4696512544
        0.7700000000         4.4250000000         3.5550264869
        0.7750000000         4.4250000000         3.6404017195
        0.7800000000         4.4250000000         3.7257769520
        0.7850000000         4.4250000000         3.8035066413
        0.7900000000         4.4250000000         3.8914303883
        0.7950000000         4.4250000000         3.9768056208
        0.8000000000         4.4250000000         4.0621808534
        0.8050000000         4.4250000000         4.1501046003
        0.8100000000         4.4250000000         4.2342055756
        0.8150000000         4.4250000000         4.3195808082
        0.8200000000         4.4250000000         4.4011332691
        0.8250000000         4.4250000000         4.4877827589
        0.8300000000         4.4250000000         4.5731579914
        0.8350000000         4.4250000000         4.6649045099
        0.8400000000         4.4250000000         4.7579252857
        0.8450000000         4.4250000000         4.8407520038
        0.8500000000         4.4250000000         4.9337727796
        0.8550000000         4.4250000000         5.0267935553
        0.8600000000         4.4250000000         5.0675697858
        0.8650000000         4.4250000000         1.1135496877
        0.8700000000         4.4250000000         0.0023974075
        0.8750000000         4.4250000000         0.0049459219
        0.8800000000         4.4250000000         0.0763043252
        0.8850000000         4.4250000000         0.1616795577
        0.8900000000         4.4250000000         0.2483290475
        0.8950000000         4.4250000000         0.3413498232
        0.9000000000         4.4250000000         0.4216280269
        0.9050000000         4.4250000000         0.5057290023
        0.9100000000         4.4250000000         0.5949270064
        0.9150000000         4.4250000000         0.6777537246
        0.9200000000         4.4250000000         0.7593061855
        0.9250000000         4.4250000000         0.8459556752
        0.9300000000         4.4250000000         0.9300566506
        0.9350000000         4.4250000000         1.0103348543
        0.9400000000         4.4250000000         1.0944358297
        0.9450000000         4.4250000000         1.1734397762
        0.9500000000         4.4250000000         1.2473466939
        0.9550000000         4.4250000000         1.3327219264
        0.9600000000         4.4250000000         1.4130001302
        0.9650000000         4.4250000000         1.4920040767
        0.9700000000         4.4250000000         1.5684595088
        0.9750000000         4.4250000000         1.6487377126
        0.9800000000         4.4250000000         1.7251931447
        0.9850000000         4.4250000000         1.7978258052
        0.9900000000         4.4250000000         1.8742812373
        0.9950000000         4.4250000000         1.9558336983
        1.0000000000         4.4250000000         2.0335633876
        1.0050000000         4.4250000000         2.1100188197
        1.0100000000         4.4250000000         2.1915712807
        1.0150000000         4.4250000000         2.2629296840
        1.0200000000         4.4250000000         2.3444821449
        1.0250000000         4.4250000000         2.4247603487
        1.0300000000         4.4250000000         2.5088613240
        1.0350000000         4.4250000000         2.5802197273
        1.0400000000         4.4250000000         2.6643207026
        1.0450000000         4.4250000000         2.7407761348
        1.0500000000         4.4250000000         2.8261513673
        1.0550000000         4.4250000000         2.9089780854
        1.0600000000         4.4250000000         2.9879820320
        1.0650000000         4.4250000000         3.0733572645
        1.0700000000         4.4250000000         3.1561839827
        1.0750000000         4.4250000000         3.2351879292
        1.0800000000         4.4250000000         3.3180146473
        1.0850000000         4.4250000000         3.4059383943
        1.0900000000         4.4250000000         3.4836680836
        1.0950000000         4.4250000000         3.5664948017
        1.1000000000         4.4250000000         3.6556928059
        1.1050000000         4.4250000000         3.7372452668
        1.1100000000         4.4250000000         3.8251690138
        1.1150000000         4.4250000000         3.9054472175
        1.1200000000         4.4250000000         3.9908224500
        1.1250000000         4.4250000000         4.0761976826
        1.1300000000         4.4250000000         4.1615729151
        1.1350000000         4.4250000000         4.2456738905
        1.1400000000         4.4250000000         4.3335976374
        1.1450000000         4.4250000000         4.4215213843
        1.1500000000         4.4250000000         4.5043481025
        1.1550000000         4.4250000000         4.5922718494
        1.1600000000         4.4250000000         4.6827441108
        1.1650000000         4.4250000000         4.7732163721
        1.1700000000         4.4250000000         4.8636886335
        1.1750000000         4.4250000000         4.9528866376
        1.1800000000         4.4250000000         5.0446331562
        1.1850000000         4.4250000000         5.0637470142
        1.1900000000         4.4250000000         1.1071784017
        1.1950000000         4.4250000000         0.0049459219
        1.2000000000         4.4250000000         0.0074944363
        1.2050000000         4.4250000000         0.0954181832
        1.2100000000         4.4250000000         0.1769706441
        1.2150000000         4.4250000000         0.2712656771
        1.2200000000         4.4250000000         0.3489953664
        1.2250000000         4.4250000000         0.4369191134
        1.2300000000         4.4250000000         0.5261171175
        1.2350000000         4.4250000000         0.6153151217
        1.2400000000         4.4250000000         0.6981418398
        1.2450000000         4.4250000000         0.7822428151
        1.2500000000         4.4250000000         0.8676180477
        1.2550000000         4.4250000000         0.9491705086
        1.2600000000         4.4250000000         1.0307229696
        1.2650000000         4.4250000000         1.1148239449
        1.2700000000         4.4250000000         1.1963764058
        1.2750000000         4.4250000000         1.2728318380
        1.2800000000         4.4250000000         1.3556585561
        1.2850000000         4.4250000000         1.4346625026
        1.2900000000         4.4250000000         1.5162149636
        1.2950000000         4.4250000000         1.5952189101
        1.3000000000         4.4250000000         1.6691258278
        1.3050000000         4.4250000000         1.7443070027
        1.3100000000         4.4250000000         1.8233109493
        1.3150000000         4.4250000000         1.8984921242
        1.3200000000         4.4250000000         1.9813188423
        1.3250000000         4.4250000000         2.0603227889
        1.3300000000         4.4250000000         2.1342297066
        1.3350000000         4.4250000000         2.2094108815
        1.3400000000         4.4250000000         2.2896890852
        1.3450000000         4.4250000000         2.3648702602
        1.3500000000         4.4250000000         2.4515197499
        1.3550000000         4.4250000000         2.5305236964
        1.3600000000         4.4250000000         2.6057048713
        1.3650000000         4.4250000000         2.6872573323
        1.3700000000         4.4250000000         2.7713583076
        1.3750000000         4.4250000000         2.8529107686
        1.3800000000         4.4250000000         2.9370117439
        1.3850000000         4.4250000000         3.0185642048
        1.3900000000         4.4250000000         3.0975681514
        1.3950000000         4.4250000000         3.1791206123
        1.4000000000         4.4250000000         3.2632215876
        1.4050000000         4.4250000000         3.3485968202
        1.4100000000         4.4250000000         3.4301492811
        1.4150000000         4.4250000000         3.5142502564
        1.4200000000         4.4250000000         3.5970769746
        1.4250000000         4.4250000000         3.6888234931
        1.4300000000         4.4250000000         3.7652789253
        1.4350000000         4.4250000000         3.8468313862
        1.4400000000         4.4250000000         3.9322066187
        1.4450000000         4.4250000000         4.0252273945
        1.4500000000         4.4250000000         4.1067798554
        1.4550000000         4.4250000000         4.1908808308
        1.4600000000         4.4250000000         4.2737075489
        1.4650000000         4.4250000000         4.3590827814
        1.4700000000         4.4250000000         4.4521035572
        1.4750000000         4.4250000000         4.5374787897
        1.4800000000         4.4250000000         4.6241282795
        1.4850000000         4.4250000000         4.7120520264
        1.4900000000         4.4250000000         4.8012500306
        1.4950000000         4.4250000000         4.8917222919
        1.5000000000         4.4250000000         4.9809202961
        1.5050000000         4.4250000000         5.0662955286
        1.5100000000         4.4250000000         5.0688440430
        1.5150000000         4.4250000000         0.5605220620
        1.5200000000         4.4250000000        -0.0001511069
        1.5250000000         4.4250000000         0.0342538375
        1.5300000000         4.4250000000         0.1247260989
        1.5350000000         4.4250000000         0.2062785598
        1.5400000000         4.4250000000         0.2967508211
        1.5450000000         4.4250000000         0.3808517965
        1.5500000000         4.4250000000         0.4675012862
        1.5550000000         4.4250000000         0.5516022616
        1.5600000000         4.4250000000         0.6382517513
        1.5650000000         4.4250000000         0.7249012410
        1.5700000000         4.4250000000         0.8077279592
        1.5750000000         4.4250000000         0.8867319057
        1.5800000000         4.4250000000         0.9708328811
        1.5850000000         4.4250000000         1.0574823708
        1.5900000000         4.4250000000         1.1364863173
        1.5950000000         4.4250000000         1.2129417495
        1.6000000000         4.4250000000         1.2995912392
        1.6050000000         4.4250000000         1.3747724141
        1.6100000000         4.4250000000         1.4550506179
        1.6150000000         4.4250000000         1.5353288216
        1.6200000000         4.4250000000         1.6143327681
        1.6250000000         4.4250000000         1.6946109718
        1.6300000000         4.4250000000         1.7710664040
        1.6350000000         4.4250000000         1.8500703505
        1.6400000000         4.4250000000         1.9214287538
        1.6450000000         4.4250000000         2.0055297292
        1.6500000000         4.4250000000         2.0794366469
        1.6550000000         4.4250000000         2.1533435646
        1.6600000000         4.4250000000         2.2374445399
        1.6650000000         4.4250000000         2.3177227437
        1.6700000000         4.4250000000         2.3967266902
        1.6750000000         4.4250000000         2.4719078651
        1.6800000000         4.4250000000         2.5509118117
        1.6850000000         4.4250000000         2.6324642726
        1.6900000000         4.4250000000         2.7152909907
        1.6950000000         4.4250000000         2.7981177089
        1.7000000000         4.4250000000         2.8758473982
        1.7050000000         4.4250000000         2.9612226307
        1.7100000000         4.4250000000         3.0389523201
        1.7150000000         4.4250000000         3.1217790382
        1.7200000000         4.4250000000         3.2033314991
        1.7250000000         4.4250000000         3.2912552461
        1.7300000000         4.4250000000         3.3689849354
        1.7350000000         4.4250000000         3.4505373963
        1.7400000000         4.4250000000         3.5397354005
        1.7450000000         4.4250000000         3.6251106330
        1.7500000000         4.4250000000         3.7092116084
        1.7550000000         4.4250000000         3.7894898121
        1.7600000000         4.4250000000         3.8723165302
        1.7650000000         4.4250000000         3.9564175056
        1.7700000000         4.4250000000         4.0456155097
        1.7750000000         4.4250000000         4.1258937135
        1.7800000000         4.4250000000         4.2138174604
        1.7850000000         4.4250000000         4.2991926929
        1.7900000000         4.4250000000         4.3832936683
        1.7950000000         4.4250000000         4.4737659296
        1.8000000000         4.4250000000         4.5591411622
        1.8050000000         4.4250000000         4.6470649091
        1.8100000000         4.4250000000         4.7400856849
        1.8150000000         4.4250000000         4.8229124030
        1.8200000000         4.4250000000         4.9121104072
        1.8250000000         4.4250000000         5.0051311829
        1.8300000000         4.4250000000         5.0662955286
        1.8350000000         4.4250000000         5.0561014710
        1.8400000000         4.4250000000        -0.0026996214
        1.8450000000         4.4250000000         0.0011231503
        1.8500000000         4.4250000000         0.0584647243
        1.8550000000         4.4250000000         0.1349201565
        1.8600000000         4.4250000000         0.2279409322
        1.8650000000         4.4250000000         0.3196874508
        1.8700000000         4.4250000000         0.3974171401
        1.8750000000         4.4250000000         0.4878894015
        1.8800000000         4.4250000000         0.5745388912
        1.8850000000         4.4250000000         0.6535428377
        1.8900000000         4.4250000000         0.7389180703
        1.8950000000         4.4250000000         0.8293903316
        1.9000000000         4.4250000000         0.9071200209
        1.9050000000         4.4250000000         0.9912209963
        1.9100000000         4.4250000000         1.0778704860
        1.9150000000         4.4250000000         1.1530516610
        1.9200000000         4.4250000000         1.2333298647
        1.9250000000         4.4250000000         1.3187050972
        1.9300000000         4.4250000000         1.4002575582
        1.9350000000         4.4250000000         1.4716159615
        1.9400000000         4.4250000000         1.5557169368
        1.9450000000         4.4250000000         1.6334466261
        1.9500000000         4.4250000000         1.7124505727
        1.9550000000         4.4250000000         1.7927287764
        1.9600000000         4.4250000000         1.8628129225
        1.9650000000         4.4250000000         1.9456396407
        1.9700000000         4.4250000000         2.0233693300
        1.9750000000         4.4250000000         2.1023732765
        1.9800000000         4.4250000000         2.1737316798
        1.9850000000         4.4250000000         2.2578326552
        1.9900000000         4.4250000000         2.3381108589
        1.9950000000         4.4250000000         2.4222118342
        2.0000000000         4.4250000000         2.4948444948
        2.0050000000         4.4250000000         2.5751226985
        2.0100000000         4.4250000000         2.6541266450
        2.0150000000         4.4250000000         2.7407761348
        2.0200000000         4.4250000000         2.8159573097
        2.0250000000         4.4250000000         2.8987840278
        2.0300000000         4.4250000000         2.9816107460
        2.0350000000         4.4250000000         3.0657117213
        2.0400000000         4.4250000000         3.1434414106
        2.0450000000         4.4250000000         3.2288166432
        2.0500000000         4.4250000000         3.3065463325
        2.0550000000         4.4250000000         3.3957443367
        2.0600000000         4.4250000000         3.4811195692
        2.0650000000         4.4250000000         3.5652205445
        2.0700000000         4.4250000000         3.6429502339
        2.0750000000         4.4250000000         3.7334224952
        2.0800000000         4.4250000000         3.8187977278
        2.0850000000         4.4250000000         3.8965274171
        2.0900000000         4.4250000000         3.9831769068
        2.0950000000         4.4250000000         4.0698263966
        2.1000000000         4.4250000000         4.1564758863
        2.1050000000         4.4250000000         4.2380283472
        2.1100000000         4.4250000000         4.3285006086
        2.1150000000         4.4250000000         4.4164243555
        2.1200000000         4.4250000000         4.5068966169
        2.1250000000         4.4250000000         4.5948203638
        2.1300000000         4.4250000000         4.6865668824
        2.1350000000         4.4250000000         4.7719421149
        2.1400000000         4.4250000000         4.8636886335
        2.1450000000         4.4250000000         4.9541608948
        2.1500000000         4.4250000000         5.0446331562
        2.1550000000         4.4250000000         5.0637470142
        2.1600000000         4.4250000000         1.1071784017
        2.1650000000         4.4250000000        -0.0001511069
        2.1700000000         4.4250000000         0.0087686935
        2.1750000000         4.4250000000         0.0966924404
        2.1800000000         4.4250000000         0.1795191585
        2.1850000000         4.4250000000         0.2661686483
        2.1900000000         4.4250000000         0.3566409096
        2.1950000000         4.4250000000         0.4458389138
        2.2000000000         4.4250000000         0.5286656319
        2.2050000000         4.4250000000         0.6153151217
        2.2100000000         4.4250000000         0.7006903542
        2.2150000000         4.4250000000         0.7835170723
        2.2200000000         4.4250000000         0.8701665621
        2.2250000000         4.4250000000         0.9529932802
        2.2300000000         4.4250000000         1.0332714840
        2.2350000000         4.4250000000         1.1135496877
        2.2400000000         4.4250000000         1.1963764058
        2.2450000000         4.4250000000         1.2779288668
        2.2500000000         4.4250000000         1.3620298421
        2.2550000000         4.4250000000         1.4372110170
        2.2600000000         4.4250000000         1.5162149636
        2.2650000000         4.4250000000         1.5952189101
        2.2700000000         4.4250000000         1.6742228566
        2.2750000000         4.4250000000         1.7532268031
        2.2800000000         4.4250000000         1.8233109493
        2.2850000000         4.4250000000         1.9074119246
        2.2900000000         4.4250000000         1.9787703279
        2.2950000000         4.4250000000         2.0603227889
        2.3000000000         4.4250000000         2.1393267354
        2.3050000000         4.4250000000         2.2183306819
        2.3100000000         4.4250000000         2.2947861140
        2.3150000000         4.4250000000         2.3776128322
        2.3200000000         4.4250000000         2.4578910359
        2.3250000000         4.4250000000         2.5368949824
        2.3300000000         4.4250000000         2.6184474434
        2.3350000000         4.4250000000         2.6974513899
        2.3400000000         4.4250000000         2.7802781080
        2.3450000000         4.4250000000         2.8605563118
        2.3500000000         4.4250000000         2.9421087727
        2.3550000000         4.4250000000         3.0262097480
        2.3600000000         4.4250000000         3.1039394374
        2.3650000000         4.4250000000         3.1854918983
        2.3700000000         4.4250000000         3.2695928736
        2.3750000000         4.4250000000         3.3562423634
        2.3800000000         4.4250000000         3.4365205671
        2.3850000000         4.4250000000         3.5206215425
        2.3900000000         4.4250000000         3.6034482606
        2.3950000000         4.4250000000         3.6926462647
        2.4000000000         4.4250000000         3.7716502113
        2.4050000000         4.4250000000         3.8621224726
        2.4100000000         4.4250000000         3.9449491908
        2.4150000000         4.4250000000         4.0315986805
        2.4200000000         4.4250000000         4.1169739130
        2.4250000000         4.4250000000         4.2036234028
        2.4300000000         4.4250000000         4.2864501209
        2.4350000000         4.4250000000         4.3769223823
        2.4400000000         4.4250000000         4.4661203864
        2.4450000000         4.4250000000         4.5489471046
        2.4500000000         4.4250000000         4.6419678803
        2.4550000000         4.4250000000         4.7324401417
        2.4600000000         4.4250000000         4.8178153742
        2.4650000000         4.4250000000         4.9121104072
        2.4700000000         4.4250000000         5.0013084113
        2.4750000000         4.4250000000         5.0701183002
        2.4800000000         4.4250000000         5.0624727570
        2.4850000000         4.4250000000        -0.0026996214
        2.4900000000         4.4250000000         0.0036716647
        2.4950000000         4.4250000000         0.0508191811
        2.5000000000         4.4250000000         0.1323716421
        2.5050000000         4.4250000000         0.2292151894
        2.5100000000         4.4250000000         0.3184131936
        2.5150000000         4.4250000000         0.3961428829
        2.5200000000         4.4250000000         0.4866151443
        2.5250000000         4.4250000000         0.5707161196
        2.5300000000         4.4250000000         0.6548170949
        2.5350000000         4.4250000000         0.7440150991
        2.5400000000         4.4250000000         0.8293903316
        2.5450000000         4.4250000000         0.9096685354
        2.5500000000         4.4250000000         0.9886724819
        2.5550000000         4.4250000000         1.0804190004
        2.5600000000         4.4250000000         1.1556001754
        2.5650000000         4.4250000000         1.2320556075
        2.5700000000         4.4250000000         1.3187050972
        2.5750000000         4.4250000000         1.3977090438
        2.5800000000         4.4250000000         1.4716159615
        2.5850000000         4.4250000000         1.5569911940
        2.5900000000         4.4250000000         1.6321723689
        2.5950000000         4.4250000000         1.7086278011
        2.6000000000         4.4250000000         1.7889060048
        2.6050000000         4.4250000000         1.8615386653
        2.6100000000         4.4250000000         1.9405426119
        2.6150000000         4.4250000000         2.0195465584
        2.6200000000         4.4250000000         2.0985505049
        2.6250000000         4.4250000000         2.1737316798
        2.6300000000         4.4250000000         2.2565583980
        2.6350000000         4.4250000000         2.3406593733
        2.6400000000         4.4250000000         2.4132920338
        2.6450000000         4.4250000000         2.4935702376
        2.6500000000         4.4250000000         2.5738484413
        2.6550000000         4.4250000000         2.6541266450
        2.6600000000         4.4250000000         2.7356791060
        2.6650000000         4.4250000000         2.8172315669
        2.6700000000         4.4250000000         2.8987840278
        2.6750000000         4.4250000000         2.9803364888
        2.6800000000         4.4250000000         3.0618889497
        2.6850000000         4.4250000000         3.1408928962
        2.6900000000         4.4250000000         3.2275423860
        2.6950000000         4.4250000000         3.3090948469
        2.7000000000         4.4250000000         3.3880987934
        2.7050000000         4.4250000000         3.4747482832
        2.7100000000         4.4250000000         3.5601235157
        2.7150000000         4.4250000000         3.6391274623
        2.7200000000         4.4250000000         3.7270512092
        2.7250000000         4.4250000000         3.8137006989
        2.7300000000         4.4250000000         3.8965274171
        2.7350000000         4.4250000000         3.9857254212
        2.7400000000         4.4250000000         4.0647293678
        2.7450000000         4.4250000000         4.1501046003
        2.7500000000         4.4250000000         4.2354798328
        2.7550000000         4.4250000000         4.3297748658
        2.7600000000         4.4250000000         4.4164243555
        2.7650000000         4.4250000000         4.5005253309
        2.7700000000         4.4250000000         4.5897233350
        2.7750000000         4.4250000000         4.6750985676
        2.7800000000         4.4250000000         4.7693936005
        2.7850000000         4.4250000000         4.8585916047
        2.7900000000         4.4250000000         4.9452410944
        2.7950000000         4.4250000000         5.0369876130
        2.8000000000         4.4250000000         5.0662955286
        2.8050000000         4.4250000000         1.1071784017
        2.8100000000         4.4250000000         0.0023974075
        2.8150000000         4.4250000000         0.0049459219
        2.8200000000         4.4250000000         0.0877726400
        2.8250000000         4.4250000000         0.1756963869
        2.8300000000         4.4250000000         0.2636201339
        2.8350000000         4.4250000000         0.3477211092
        2.8400000000         4.4250000000         0.4356448562
        2.8450000000         4.4250000000         0.5222943459
        2.8500000000         4.4250000000         0.6076695785
        2.8550000000         4.4250000000         0.6943190682
        2.8600000000         4.4250000000         0.7758715291
        2.8650000000         4.4250000000         0.8612467617
        2.8700000000         4.4250000000         0.9440734798
        2.8750000000         4.4250000000         1.0294487123
        2.8800000000         4.4250000000         1.1046298873
        2.8850000000         4.4250000000         1.1912793770
        2.8900000000         4.4250000000         1.2702833235
        2.8950000000         4.4250000000         1.3505615273
        2.9000000000         4.4250000000         1.4282912166
        2.9050000000         4.4250000000         1.5060209059
        2.9100000000         4.4250000000         1.5862991097
        2.9150000000         4.4250000000         1.6665773134
        2.9200000000         4.4250000000         1.7430327455
        2.9250000000         4.4250000000         1.8169396632
        2.9300000000         4.4250000000         1.9010406386
        2.9350000000         4.4250000000         1.9723990419
        2.9400000000         4.4250000000         2.0526772456
        2.9450000000         4.4250000000         2.1316811922
        2.9500000000         4.4250000000         2.2183306819
        2.9550000000         4.4250000000         2.2871405708
        2.9600000000         4.4250000000         2.3725158034
        2.9650000000         4.4250000000         2.4515197499
        2.9700000000         4.4250000000         2.5267009248
        2.9750000000         4.4250000000         2.6108019002
        2.9800000000         4.4250000000         2.6910801039
        2.9850000000         4.4250000000         2.7700840504
        2.9900000000         4.4250000000         2.8580077974
        2.9950000000         4.4250000000         2.9370117439
        3.0000000000         4.4250000000         3.0160156904
        3.0050000000         4.4250000000         3.1026651802
        3.0100000000         4.4250000000         3.1778463551
        3.0150000000         4.4250000000         3.2606730732
        3.0200000000         4.4250000000         3.3422255342
        3.0250000000         4.4250000000         3.4326977955
        3.0300000000         4.4250000000         3.5180730281
        3.0350000000         4.4250000000         3.5970769746
        3.0400000000         4.4250000000         3.6786294355
        3.0450000000         4.4250000000         3.7652789253
        3.0500000000         4.4250000000         3.8493799006
        3.0550000000         4.4250000000         3.9334808759
        3.0600000000         4.4250000000         4.0252273945
        3.0650000000         4.4250000000         4.1042313410
        3.0700000000         4.4250000000         4.1896065736
        3.0750000000         4.4250000000         4.2800788349
        3.0800000000         4.4250000000         4.3667283247
        3.0850000000         4.4250000000         4.4508293000
        3.0900000000         4.4250000000         4.5336560181
        3.0950000000         4.4250000000         4.6292253083
        3.1000000000         4.4250000000         4.7196975696
        3.1050000000         4.4250000000         4.8037985450
        3.1100000000         4.4250000000         4.8993678351
        3.1150000000         4.4250000000         4.9860173249
        3.1200000000         4.4250000000         5.0701183002
        3.1250000000         4.4250000000         5.0675697858
        3.1300000000         4.4250000000         0.0049459219
        3.1350000000         4.4250000000        -0.0001511069
        3.1400000000         4.4250000000         0.0444478951
        3.1450000000         4.4250000000         0.1310973849
        3.1500000000         4.4250000000         0.2202953890
        3.1550000000         4.4250000000         0.3082191360
        3.1600000000         4.4250000000         0.3884973397
        3.1650000000         4.4250000000         0.4815181154
        3.1700000000         4.4250000000         0.5656190908
        3.1750000000         4.4250000000         0.6535428377
        3.1800000000         4.4250000000         0.7325467843
        3.1850000000         4.4250000000         0.8242933028
        3.1900000000         4.4250000000         0.9071200209
        3.1950000000         4.4250000000         0.9861239675
        3.2000000000         4.4250000000         1.0714992000
        3.2050000000         4.4250000000         1.1530516610
        3.2100000000         4.4250000000         1.2333298647
        3.2150000000         4.4250000000         1.3161565828
        3.2200000000         4.4250000000         1.3989833010
        3.2250000000         4.4250000000         1.4741644759
        3.2300000000         4.4250000000         1.5544426796
        3.2350000000         4.4250000000         1.6385436550
        3.2400000000         4.4250000000         1.7073535439
        3.2450000000         4.4250000000         1.7927287764
        3.2500000000         4.4250000000         1.8691842085
        3.2550000000         4.4250000000         1.9443653835
        3.2600000000         4.4250000000         2.0271921016
        3.2650000000         4.4250000000         2.1036475337
        3.2700000000         4.4250000000         2.1826514803
        3.2750000000         4.4250000000         2.2616554268
        3.2800000000         4.4250000000         2.3419336305
        3.2850000000         4.4250000000         2.4222118342
        3.2900000000         4.4250000000         2.5024900380
        3.2950000000         4.4250000000         2.5853167561
        3.3000000000         4.4250000000         2.6604979310
        3.3050000000         4.4250000000         2.7471474208
        3.3100000000         4.4250000000         2.8286998817
        3.3150000000         4.4250000000         2.9115265999
        3.3200000000         4.4250000000         2.9879820320
        3.3250000000         4.4250000000         3.0733572645
        3.3300000000         4.4250000000         3.1587324971
        3.3350000000         4.4250000000         3.2402849580
        3.3400000000         4.4250000000         3.3243859333
        3.3450000000         4.4250000000         3.4084869087
        3.3500000000         4.4250000000         3.4964106556
        3.3550000000         4.4250000000         3.5728660877
        3.3600000000         4.4250000000         3.6646126063
        3.3650000000         4.4250000000         3.7499878388
        3.3700000000         4.4250000000         3.8340888142
        3.3750000000         4.4250000000         3.9169155323
        3.3800000000         4.4250000000         4.0073877937
        3.3850000000         4.4250000000         4.0927630262
        3.3900000000         4.4250000000         4.1781382587
        3.3950000000         4.4250000000         4.2622392341
        3.4000000000         4.4250000000         4.3437916950
        3.4050000000         4.4250000000         4.4317154420
        3.4100000000         4.4250000000         4.5247362177
        3.4150000000         4.4250000000         4.6152084791
        3.4200000000         4.4250000000         4.7056807404
        3.4250000000         4.4250000000         4.7948787446
        3.4300000000         4.4250000000         4.8802539771
        3.4350000000         4.4250000000         4.9720004957
        3.4400000000         4.4250000000         5.0650212714
        3.4450000000         4.4250000000         5.0701183002
        3.4500000000         4.4250000000         1.1084526589
        3.4550000000         4.4250000000        -0.0026996214
        3.4600000000         4.4250000000         0.0317053231
        3.4650000000         4.4250000000         0.1234518417
        3.4700000000         4.4250000000         0.2126498458
        3.4750000000         4.4250000000         0.3005735927
        3.4800000000         4.4250000000         0.3834003109
        3.4850000000         4.4250000000         0.4700498006
        3.4900000000         4.4250000000         0.5554250332
        3.4950000000         4.4250000000         0.6420745229
        3.5000000000         4.4250000000         0.7312725271
        3.5050000000         4.4250000000         0.8115507308
        3.5100000000         4.4250000000         0.8982002205
        3.5150000000         4.4250000000         0.9810269387
        3.5200000000         4.4250000000         1.0638536568
        3.5250000000         4.4250000000         1.1466803749
        3.5300000000         4.4250000000         1.2231358071
        3.5350000000         4.4250000000         1.3097852968
        3.5400000000         4.4250000000         1.3926120149
        3.5450000000         4.4250000000         1.4690674471
        3.5500000000         4.4250000000         1.5480713936
        3.5550000000         4.4250000000         1.6245268257
        3.5600000000         4.4250000000         1.7099020583
        3.5650000000         4.4250000000         1.7863574904
        3.5700000000         4.4250000000         1.8615386653
        3.5750000000         4.4250000000         1.9430911263
        3.5800000000         4.4250000000         2.0157237868
        3.5850000000         4.4250000000         2.0934534761
        3.5900000000         4.4250000000         2.1737316798
        3.5950000000         4.4250000000         2.2514613692
        3.6000000000         4.4250000000         2.3355623445
        3.6050000000         4.4250000000         2.4094692622
        3.6100000000         4.4250000000         2.4922959804
        3.6150000000         4.4250000000         2.5725741841
        3.6200000000         4.4250000000         2.6515781306
        3.6250000000         4.4250000000         2.7344048488
        3.6300000000         4.4250000000         2.8197800813
        3.6350000000         4.4250000000         2.9000582850
        3.6400000000         4.4250000000         2.9841592604
        3.6450000000         4.4250000000         3.0631632069
        3.6500000000         4.4250000000         3.1434414106
        3.6550000000         4.4250000000         3.2288166432
        3.6600000000         4.4250000000         3.3167403901
        3.6650000000         4.4250000000         3.3970185939
        3.6700000000         4.4250000000         3.4811195692
        3.6750000000         4.4250000000         3.5677690589
        3.6800000000         4.4250000000         3.6544185487
        3.6850000000         4.4250000000         3.7397937812
        3.6900000000         4.4250000000         3.8264432710
        3.6950000000         4.4250000000         3.9054472175
        3.7000000000         4.4250000000         3.9946452216
        3.7050000000         4.4250000000         4.0787461970
        3.7100000000         4.4250000000         4.1679442011
        3.7150000000         4.4250000000         4.2545936909
        3.7200000000         4.4250000000         4.3361461518
        3.7250000000         4.4250000000         4.4227956415
        3.7300000000         4.4250000000         4.5170906745
        3.7350000000         4.4250000000         4.6037401642
        3.7400000000         4.4250000000         4.6891153968
        3.7450000000         4.4250000000         4.7821361725
        3.7500000000         4.4250000000         4.8789797199
        3.7550000000         4.4250000000         4.9618064380
        3.7600000000         4.4250000000         5.0522786994
        3.7650000000         4.4250000000         5.0599242426
        3.7700000000         4.4250000000         1.1250180025
        3.7750000000         4.4250000000         0.0023974075
        3.7800000000         4.4250000000         0.0215112655
        3.7850000000         4.4250000000         0.1107092696
        3.7900000000         4.4250000000         0.2011815310
        3.7950000000         4.4250000000         0.2878310207
        3.8000000000         4.4250000000         0.3744805105
        3.8050000000         4.4250000000         0.4611300002
        3.8100000000         4.4250000000         0.5465052328
        3.8150000000         4.4250000000         0.6344289797
        3.8200000000         4.4250000000         0.7185299550
        3.8250000000         4.4250000000         0.8013566732
        3.8300000000         4.4250000000         0.8905546773
        3.8350000000         4.4250000000         0.9708328811
        3.8400000000         4.4250000000         1.0536595992
        3.8450000000         4.4250000000         1.1403090889
        3.8500000000         4.4250000000         1.2142160067
        3.8550000000         4.4250000000         1.3046882680
        3.8600000000         4.4250000000         1.3798694429
        3.8650000000         4.4250000000         1.4575991323
        3.8700000000         4.4250000000         1.5429743648
        3.8750000000         4.4250000000         1.6168812825
        3.8800000000         4.4250000000         1.6971594863
        3.8850000000         4.4250000000         1.7774376900
        3.8900000000         4.4250000000         1.8551673793
        3.8950000000         4.4250000000         1.9303485542
        3.9000000000         4.4250000000         2.0169980440
        3.9050000000         4.4250000000         2.0883564473
        3.9100000000         4.4250000000         2.1648118794
        3.9150000000         4.4250000000         2.2463643404
        3.9200000000         4.4250000000         2.3266425441
        3.9250000000         4.4250000000         2.4005494618
        3.9300000000         4.4250000000         2.4833761799
        3.9350000000         4.4250000000         2.5649286409
        3.9400000000         4.4250000000         2.6490296162
        3.9450000000         4.4250000000         2.7331305916
        3.9500000000         4.4250000000         2.8108602809
        3.9550000000         4.4250000000         2.8924127418
        3.9600000000         4.4250000000         2.9739652028
        3.9650000000         4.4250000000         3.0606146925
        3.9700000000         4.4250000000         3.1421671534
        3.9750000000         4.4250000000         3.2288166432
        3.9800000000         4.4250000000         3.3027235609
        3.9850000000         4.4250000000         3.3906473078
        3.9900000000         4.4250000000         3.4785710548
        3.9950000000         4.4250000000         3.5601235157
        4.0000000000         4.4250000000         3.6531442915
        4.0050000000         4.4250000000         3.7295997236
        4.0100000000         4.4250000000         3.8086036701
        4.0150000000         4.4250000000         3.8978016743
        4.0200000000         4.4250000000         3.9857254212
        4.0250000000         4.4250000000         4.0685521394
        4.0300000000         4.4250000000         4.1602986579
        4.0350000000         4.4250000000         4.2380283472
        4.0400000000         4.4250000000         4.3297748658
        4.0450000000         4.4250000000         4.4176986127
        4.0500000000         4.4250000000         4.5056223597
        4.0550000000         4.4250000000         4.5960946210
        4.0600000000         4.4250000000         4.6827441108
        4.0650000000         4.4250000000         4.7706678577
        4.0700000000         4.4250000000         4.8675114051
        4.0750000000         4.4250000000         4.9605321808
        4.0800000000         4.4250000000         5.0459074134
        4.0850000000         4.4250000000         5.0713925574
        4.0900000000         4.4250000000         1.1059041445
        4.0950000000         4.4250000000        -0.0026996214
        4.1000000000         4.4250000000         0.0176884939
        4.1050000000         4.4250000000         0.0992409548
        4.1100000000         4.4250000000         0.1871647018
        4.1150000000         4.4250000000         0.2801854775
        4.1200000000         4.4250000000         0.3617379384
        4.1250000000         4.4250000000         0.4522101998
        4.1300000000         4.4250000000         0.5375854323
        4.1350000000         4.4250000000         0.6216864077
        4.1400000000         4.4250000000         0.7121586690
        4.1450000000         4.4250000000         0.7937111300
        4.1500000000         4.4250000000         0.8778121053
        4.1550000000         4.4250000000         0.9670101094
        4.1600000000         4.4250000000         1.0447397988
        4.1650000000         4.4250000000         1.1288407741
        4.1700000000         4.4250000000         1.2116674923
        4.1750000000         4.4250000000         1.2906714388
        4.1800000000         4.4250000000         1.3734981569
        4.1850000000         4.4250000000         1.4563248751
        4.1900000000         4.4250000000         1.5353288216
        4.1950000000         4.4250000000         1.6066872249
        4.2000000000         4.4250000000         1.6907882002
        4.2050000000         4.4250000000         1.7685178896
        4.2100000000         4.4250000000         1.8500703505
        4.2150000000         4.4250000000         1.9227030110
        4.2200000000         4.4250000000         1.9978841859
        4.2250000000         4.4250000000         2.0819851613
        4.2300000000         4.4250000000         2.1546178218
        4.2350000000         4.4250000000         2.2387187971
        4.2400000000         4.4250000000         2.3177227437
        4.2450000000         4.4250000000         2.3967266902
        4.2500000000         4.4250000000         2.4795534083
        4.2550000000         4.4250000000         2.5560088405
        4.2600000000         4.4250000000         2.6401098158
        4.2650000000         4.4250000000         2.7216622767
        4.2700000000         4.4250000000         2.8019404805
        4.2750000000         4.4250000000         2.8834929414
        4.2800000000         4.4250000000         2.9624968879
        4.2850000000         4.4250000000         3.0478721205
        4.2900000000         4.4250000000         3.1281503242
        4.2950000000         4.4250000000         3.2160740712
        4.3000000000         4.4250000000         3.3001750465
        4.3050000000         4.4250000000         3.3753562214
        4.3100000000         4.4250000000         3.4671027400
        4.3150000000         4.4250000000         3.5499294581
        4.3200000000         4.4250000000         3.6302076618
        4.3250000000         4.4250000000         3.7181314088
        4.3300000000         4.4250000000         3.8060551557
        4.3350000000         4.4250000000         3.8927046455
        4.3400000000         4.4250000000         3.9768056208
        4.3450000000         4.4250000000         4.0570838245
        4.3500000000         4.4250000000         4.1475560859
        4.3550000000         4.4250000000         4.2316570612
        4.3600000000         4.4250000000         4.3195808082
        4.3650000000         4.4250000000         4.4062302979
        4.3700000000         4.4250000000         4.4928797877
        4.3750000000         4.4250000000         4.5820777918
        4.3800000000         4.4250000000         4.6674530244
        4.3850000000         4.4250000000         4.7630223145
        4.3900000000         4.4250000000         4.8534945759
        4.3950000000         4.4250000000         4.9414183228
        4.4000000000         4.4250000000         5.0369876130
        4.4050000000         4.4250000000         5.0624727570
        4.4100000000         4.4250000000         1.1250180025
        4.4150000000         4.4250000000        -0.0001511069
        4.4200000000         4.4250000000         0.0049459219
        4.4250000000         4.4250000000         0.0814013540
        4.4300000000         4.4250000000         0.1705993581
        4.4350000000         4.4250000000         0.2610716195
        4.4400000000         4.4250000000         0.3489953664
        4.4450000000         4.4250000000         0.4356448562
        4.4500000000         4.4250000000         0.5184715743
        4.4550000000         4.4250000000         0.6089438357
        4.4600000000         4.4250000000         0.6917705538
        4.4650000000         4.4250000000         0.7835170723
        4.4700000000         4.4250000000         0.8663437905
        4.4750000000         4.4250000000         0.9491705086
        4.4800000000         4.4250000000         1.0307229696
        4.4850000000         4.4250000000         1.1110011733
        4.4900000000         4.4250000000         1.1963764058
        4.4950000000         4.4250000000         1.2779288668
        4.5000000000         4.4250000000         1.3556585561
        4.5050000000         4.4250000000         1.4359367598
        4.5100000000         4.4250000000         1.5149407064
        4.5150000000         4.4250000000         1.5926703957
        4.5200000000         4.4250000000         1.6742228566
        4.5250000000         4.4250000000         1.7455812599
        4.5300000000         4.4250000000         1.8373277785
        4.5350000000         4.4250000000         1.9035891530
        4.5400000000         4.4250000000         1.9813188423
        4.5450000000         4.4250000000         2.0654198177
        4.5500000000         4.4250000000         2.1380524782
        4.5550000000         4.4250000000         2.2157821675
        4.5600000000         4.4250000000         2.3011574000
        4.5650000000         4.4250000000         2.3776128322
        4.5700000000         4.4250000000         2.4540682643
        4.5750000000         4.4250000000         2.5394434968
        4.5800000000         4.4250000000         2.6197217006
        4.5850000000         4.4250000000         2.6961771327
        4.5900000000         4.4250000000         2.7828266224
        4.5950000000         4.4250000000         2.8631048262
        4.6000000000         4.4250000000         2.9433830299
        4.6050000000         4.4250000000         3.0300325196
        4.6100000000         4.4250000000         3.1090364662
        4.6150000000         4.4250000000         3.1931374415
        4.6200000000         4.4250000000         3.2772384169
        4.6250000000         4.4250000000         3.3549681062
        4.6300000000         4.4250000000         3.4441661103
        4.6350000000         4.4250000000         3.5282670857
        4.6400000000         4.4250000000         3.6136423182
        4.6450000000         4.4250000000         3.6913720075
        4.6500000000         4.4250000000         3.7831185261
        4.6550000000         4.4250000000         3.8633967298
        4.6600000000         4.4250000000         3.9525947340
        4.6650000000         4.4250000000         4.0354214521
        4.6700000000         4.4250000000         4.1195224274
        4.6750000000         4.4250000000         4.2036234028
        4.6800000000         4.4250000000         4.2915471497
        4.6850000000         4.4250000000         4.3781966395
        4.6900000000         4.4250000000         4.4648461292
        4.6950000000         4.4250000000         4.5578669050
        4.7000000000         4.4250000000         4.6508876807
        4.7050000000         4.4250000000         4.7324401417
        4.7100000000         4.4250000000         4.8280094318
        4.7150000000         4.4250000000         4.9184816932
        4.7200000000         4.4250000000         5.0064054401
        4.7250000000         4.4250000000         5.0675697858
        4.7300000000         4.4250000000         5.0344390986
        4.7350000000         4.4250000000         0.0011231503
        4.7400000000         4.4250000000        -0.0039738786
        4.7450000000         4.4250000000         0.0635617532
        4.7500000000         4.4250000000         0.1463884713
        4.7550000000         4.4250000000         0.2343122182
        4.7600000000         4.4250000000         0.3184131936
        4.7650000000         4.4250000000         0.4076111977
        4.7700000000         4.4250000000         0.4955349447
        4.7750000000         4.4250000000         0.5847329488
        4.7800000000         4.4250000000         0.6713824386
        4.7850000000         4.4250000000         0.7491121279
        4.7900000000         4.4250000000         0.8408586464
        4.7950000000         4.4250000000         0.9211368502
        4.8000000000         4.4250000000         1.0026893111
        4.8050000000         4.4250000000         1.0893388008
        4.8100000000         4.4250000000         1.1632457186
        4.8150000000         4.4250000000         1.2460724367
        4.8200000000         4.4250000000         1.3288991548
        4.8250000000         4.4250000000         1.4117258730
        4.8300000000         4.4250000000         1.4869070479
        4.8350000000         4.4250000000         1.5697337660
        4.8400000000         4.4250000000         1.6487377126
        4.8450000000         4.4250000000         1.7277416591
        4.8500000000         4.4250000000         1.8080198628
        4.8550000000         4.4250000000         1.8832010378
        4.8600000000         4.4250000000         1.9609307271
        4.8650000000         4.4250000000         2.0412089308
        4.8700000000         4.4250000000         2.1125673341
        4.8750000000         4.4250000000         2.1915712807
        4.8800000000         4.4250000000         2.2756722560
        4.8850000000         4.4250000000         2.3559504597
        4.8900000000         4.4250000000         2.4349544063
        4.8950000000         4.4250000000         2.5126840956
        4.9000000000         4.4250000000         2.5967850709
        4.9050000000         4.4250000000         2.6796117891
        4.9100000000         4.4250000000         2.7586157356
        4.9150000000         4.4250000000         2.8376196821
        4.9200000000         4.4250000000         2.9217206575
        4.9250000000         4.4250000000         3.0121929188
        4.9300000000         4.4250000000         3.0873740937
        4.9350000000         4.4250000000         3.1651037831
        4.9400000000         4.4250000000         3.2555760444
        4.9450000000         4.4250000000         3.3371285054
        4.9500000000         4.4250000000         3.4135839375
        4.9550000000         4.4250000000         3.4989591700
        4.9600000000         4.4250000000         3.5868829170
        4.9650000000         4.4250000000         3.6748066639
        4.9700000000         4.4250000000         3.7538106104
        4.9750000000         4.4250000000         3.8379115858
        4.9800000000         4.4250000000         3.9296581043
        4.9850000000         4.4250000000         4.0137590797
        4.9900000000         4.4250000000         4.0965857978
        4.9950000000         4.4250000000         4.1832352876
        5.0000000000         4.4250000000         4.2698847773
        5.0050000000         4.4250000000         4.3578085242
        5.0100000000         4.4250000000         4.4431837568
        5.0150000000         4.4250000000         4.5311075037
        5.0200000000         4.4250000000         4.6228540223
        5.0250000000         4.4250000000         4.7158747980
        5.0300000000         4.4250000000         4.7987015162
        5.0350000000         4.4250000000         4.8866252631
        5.0400000000         4.4250000000         4.9783717817
        5.0450000000         4.4250000000         5.0650212714
        5.0500000000         4.4250000000         5.0662955286
        5.0550000000         4.4250000000         0.0138657223
        5.0600000000         4.4250000000         0.0011231503
        5.0650000000         4.4250000000         0.0355280947
        5.0700000000         4.4250000000         0.1234518417
