        0.0000000000         4.9000000000         2.0679683321
        0.0050000000         4.9000000000         2.0692425893
        0.0100000000         4.9000000000         2.0692425893
        0.0150000000         4.9000000000         2.0768881325
        0.0200000000         4.9000000000         2.1074703053
        0.0250000000         4.9000000000         2.1355039638
        0.0300000000         4.9000000000         2.1788287086
        0.0350000000         4.9000000000         2.2234277107
        0.0400000000         4.9000000000         2.2807692848
        0.0450000000         4.9000000000         2.3393851161
        0.0500000000         4.9000000000         2.4081950050
        0.0550000000         4.9000000000         2.4744563795
        0.0600000000         4.9000000000         2.5432662684
        0.0650000000         4.9000000000         2.6222702150
        0.0700000000         4.9000000000         2.6987256471
        0.0750000000         4.9000000000         2.7815523652
        0.0800000000         4.9000000000         2.8631048262
        0.0850000000         4.9000000000         2.9484800587
        0.0900000000         4.9000000000         3.0364038057
        0.0950000000         4.9000000000         3.1179562666
        0.1000000000         4.9000000000         3.2046057563
        0.1050000000         4.9000000000         3.3052720753
        0.1100000000         4.9000000000         3.3893730506
        0.1150000000         4.9000000000         3.4798453120
        0.1200000000         4.9000000000         3.5817858882
        0.1250000000         4.9000000000         3.6620640919
        0.1300000000         4.9000000000         3.7576333820
        0.1350000000         4.9000000000         3.8532026722
        0.1400000000         4.9000000000         3.9500462196
        0.1450000000         4.9000000000         4.0405184809
        0.1500000000         4.9000000000         4.1424590571
        0.1550000000         4.9000000000         4.2316570612
        0.1600000000         4.9000000000         4.3259520942
        0.1650000000         4.9000000000         4.4227956415
        0.1700000000         4.9000000000         4.5260104749
        0.1750000000         4.9000000000         4.6266767939
        0.1800000000         4.9000000000         4.7247945984
        0.1850000000         4.9000000000         4.8267351746
        0.1900000000         4.9000000000         4.9223044648
        0.1950000000         4.9000000000         5.0280678125
        0.2000000000         4.9000000000         5.0701183002
        0.2050000000         4.9000000000         1.1071784017
        0.2100000000         4.9000000000        -0.0026996214
        0.2150000000         4.9000000000         0.0469964095
        0.2200000000         4.9000000000         0.1451142141
        0.2250000000         4.9000000000         0.2432320187
        0.2300000000         4.9000000000         0.3426240804
        0.2350000000         4.9000000000         0.4445646566
        0.2400000000         4.9000000000         0.5388596895
        0.2450000000         4.9000000000         0.6357032369
        0.2500000000         4.9000000000         0.7350952987
        0.2550000000         4.9000000000         0.8319388460
        0.2600000000         4.9000000000         0.9262338790
        0.2650000000         4.9000000000         1.0167061403
        0.2700000000         4.9000000000         1.1148239449
        0.2750000000         4.9000000000         1.2078447206
        0.2800000000         4.9000000000         1.2957684676
        0.2850000000         4.9000000000         1.3951605294
        0.2900000000         4.9000000000         1.4843585335
        0.2950000000         4.9000000000         1.5722822804
        0.3000000000         4.9000000000         1.6704000850
        0.3050000000         4.9000000000         1.7595980892
        0.3100000000         4.9000000000         1.8462475789
        0.3150000000         4.9000000000         1.9354455830
        0.3200000000         4.9000000000         2.0246435872
        0.3250000000         4.9000000000         2.1189386201
        0.3300000000         4.9000000000         2.2043138527
        0.3350000000         4.9000000000         2.2973346284
        0.3400000000         4.9000000000         2.3903554042
        0.3450000000         4.9000000000         2.4795534083
        0.3500000000         4.9000000000         2.5776712129
        0.3550000000         4.9000000000         2.6706919887
        0.3600000000         4.9000000000         2.7637127644
        0.3650000000         4.9000000000         2.8567335402
        0.3700000000         4.9000000000         2.9497543159
        0.3750000000         4.9000000000         3.0516948921
        0.3800000000         4.9000000000         3.1345216102
        0.3850000000         4.9000000000         3.2339136720
        0.3900000000         4.9000000000         3.3320314765
        0.3950000000         4.9000000000         3.4250522523
        0.4000000000         4.9000000000         3.5193472853
        0.4050000000         4.9000000000         3.6136423182
        0.4100000000         4.9000000000         3.7092116084
        0.4150000000         4.9000000000         3.8149749561
        0.4200000000         4.9000000000         3.9067214747
        0.4250000000         4.9000000000         4.0035650221
        0.4300000000         4.9000000000         4.0991343122
        0.4350000000         4.9000000000         4.2048976600
        0.4400000000         4.9000000000         4.3030154645
        0.4450000000         4.9000000000         4.3973104975
        0.4500000000         4.9000000000         4.4979768165
        0.4550000000         4.9000000000         4.5948203638
        0.4600000000         4.9000000000         4.6993094544
        0.4650000000         4.9000000000         4.8076213166
        0.4700000000         4.9000000000         4.9031906067
        0.4750000000         4.9000000000         5.0127767261
        0.4800000000         4.9000000000         5.0662955286
        0.4850000000         4.9000000000         1.1084526589
        0.4900000000         4.9000000000        -0.0001511069
        0.4950000000         4.9000000000         0.0317053231
        0.5000000000         4.9000000000         0.1272746133
        0.5050000000         4.9000000000         0.2292151894
        0.5100000000         4.9000000000         0.3311557656
        0.5150000000         4.9000000000         0.4292735702
        0.5200000000         4.9000000000         0.5222943459
        0.5250000000         4.9000000000         0.6242349221
        0.5300000000         4.9000000000         0.7210784694
        0.5350000000         4.9000000000         0.8179220168
        0.5400000000         4.9000000000         0.9160398214
        0.5450000000         4.9000000000         1.0103348543
        0.5500000000         4.9000000000         1.1033556301
        0.5550000000         4.9000000000         1.1951021486
        0.5600000000         4.9000000000         1.2893971816
        0.5650000000         4.9000000000         1.3798694429
        0.5700000000         4.9000000000         1.4767129903
        0.5750000000         4.9000000000         1.5620882228
        0.5800000000         4.9000000000         1.6563832558
        0.5850000000         4.9000000000         1.7455812599
        0.5900000000         4.9000000000         1.8322307497
        0.5950000000         4.9000000000         1.9252515254
        0.6000000000         4.9000000000         2.0169980440
        0.6050000000         4.9000000000         2.1036475337
        0.6100000000         4.9000000000         2.1953940523
        0.6150000000         4.9000000000         2.2884148280
        0.6200000000         4.9000000000         2.3763385750
        0.6250000000         4.9000000000         2.4680850935
        0.6300000000         4.9000000000         2.5662028981
        0.6350000000         4.9000000000         2.6541266450
        0.6400000000         4.9000000000         2.7535187068
        0.6450000000         4.9000000000         2.8490879970
        0.6500000000         4.9000000000         2.9344632295
        0.6550000000         4.9000000000         3.0389523201
        0.6600000000         4.9000000000         3.1306988386
        0.6650000000         4.9000000000         3.2211711000
        0.6700000000         4.9000000000         3.3180146473
        0.6750000000         4.9000000000         3.4174067091
        0.6800000000         4.9000000000         3.5155245137
        0.6850000000         4.9000000000         3.6110938038
        0.6900000000         4.9000000000         3.7104858656
        0.6950000000         4.9000000000         3.8009581269
        0.7000000000         4.9000000000         3.9028987031
        0.7050000000         4.9000000000         3.9984679932
        0.7100000000         4.9000000000         4.0965857978
        0.7150000000         4.9000000000         4.1934293452
        0.7200000000         4.9000000000         4.2915471497
        0.7250000000         4.9000000000         4.3883906971
        0.7300000000         4.9000000000         4.4941540449
        0.7350000000         4.9000000000         4.5909975922
        0.7400000000         4.9000000000         4.6967609400
        0.7450000000         4.9000000000         4.7974272590
        0.7500000000         4.9000000000         4.9006420923
        0.7550000000         4.9000000000         5.0064054401
        0.7600000000         4.9000000000         5.0637470142
        0.7650000000         4.9000000000         1.1110011733
        0.7700000000         4.9000000000         0.0011231503
        0.7750000000         4.9000000000         0.0240597799
        0.7800000000         4.9000000000         0.1285488705
        0.7850000000         4.9000000000         0.2253924178
        0.7900000000         4.9000000000         0.3273329940
        0.7950000000         4.9000000000         0.4254507986
        0.8000000000         4.9000000000         0.5210200887
        0.8050000000         4.9000000000         0.6165893789
        0.8100000000         4.9000000000         0.7172556978
        0.8150000000         4.9000000000         0.8166477596
        0.8200000000         4.9000000000         0.9122170498
        0.8250000000         4.9000000000         1.0014150539
        0.8300000000         4.9000000000         1.0995328585
        0.8350000000         4.9000000000         1.1925536342
        0.8400000000         4.9000000000         1.2843001528
        0.8450000000         4.9000000000         1.3734981569
        0.8500000000         4.9000000000         1.4741644759
        0.8550000000         4.9000000000         1.5659109944
        0.8600000000         4.9000000000         1.6563832558
        0.8650000000         4.9000000000         1.7443070027
        0.8700000000         4.9000000000         1.8335050069
        0.8750000000         4.9000000000         1.9227030110
        0.8800000000         4.9000000000         2.0119010152
        0.8850000000         4.9000000000         2.1049217909
        0.8900000000         4.9000000000         2.1953940523
        0.8950000000         4.9000000000         2.2807692848
        0.9000000000         4.9000000000         2.3725158034
        0.9050000000         4.9000000000         2.4706336079
        0.9100000000         4.9000000000         2.5611058693
        0.9150000000         4.9000000000         2.6541266450
        0.9200000000         4.9000000000         2.7496959352
        0.9250000000         4.9000000000         2.8427167109
        0.9300000000         4.9000000000         2.9370117439
        0.9350000000         4.9000000000         3.0325810341
        0.9400000000         4.9000000000         3.1268760670
        0.9450000000         4.9000000000         3.2186225856
        0.9500000000         4.9000000000         3.3192889045
        0.9550000000         4.9000000000         3.4148581947
        0.9600000000         4.9000000000         3.5091532276
        0.9650000000         4.9000000000         3.6085452894
        0.9700000000         4.9000000000         3.7066630940
        0.9750000000         4.9000000000         3.8035066413
        0.9800000000         4.9000000000         3.9016244459
        0.9850000000         4.9000000000         3.9946452216
        0.9900000000         4.9000000000         4.0940372834
        0.9950000000         4.9000000000         4.1985263740
        1.0000000000         4.9000000000         4.2889986353
        1.0050000000         4.9000000000         4.3883906971
        1.0100000000         4.9000000000         4.4967025593
        1.0150000000         4.9000000000         4.5935461066
        1.0200000000         4.9000000000         4.7018579688
        1.0250000000         4.9000000000         4.7987015162
        1.0300000000         4.9000000000         4.8968193207
        1.0350000000         4.9000000000         5.0051311829
        1.0400000000         4.9000000000         5.0701183002
        1.0450000000         4.9000000000         1.1059041445
        1.0500000000         4.9000000000        -0.0001511069
        1.0550000000         4.9000000000         0.0253340371
        1.0600000000         4.9000000000         0.1260003561
        1.0650000000         4.9000000000         0.2253924178
        1.0700000000         4.9000000000         0.3273329940
        1.0750000000         4.9000000000         0.4254507986
        1.0800000000         4.9000000000         0.5248428603
        1.0850000000         4.9000000000         0.6267834365
        1.0900000000         4.9000000000         0.7185299550
        1.0950000000         4.9000000000         0.8204705312
        1.1000000000         4.9000000000         0.9147655642
        1.1050000000         4.9000000000         1.0065120827
        1.1100000000         4.9000000000         1.1071784017
        1.1150000000         4.9000000000         1.1963764058
        1.1200000000         4.9000000000         1.2919456960
        1.1250000000         4.9000000000         1.3785951857
        1.1300000000         4.9000000000         1.4741644759
        1.1350000000         4.9000000000         1.5659109944
        1.1400000000         4.9000000000         1.6538347414
        1.1450000000         4.9000000000         1.7468555171
        1.1500000000         4.9000000000         1.8373277785
        1.1550000000         4.9000000000         1.9252515254
        1.1600000000         4.9000000000         2.0220950728
        1.1650000000         4.9000000000         2.1036475337
        1.1700000000         4.9000000000         2.2004910811
        1.1750000000         4.9000000000         2.2845920564
        1.1800000000         4.9000000000         2.3776128322
        1.1850000000         4.9000000000         2.4731821223
        1.1900000000         4.9000000000         2.5687514125
        1.1950000000         4.9000000000         2.6579494166
        1.2000000000         4.9000000000         2.7547929640
        1.2050000000         4.9000000000         2.8503622542
        1.2100000000         4.9000000000         2.9408345155
        1.2150000000         4.9000000000         3.0415008345
        1.2200000000         4.9000000000         3.1332473530
        1.2250000000         4.9000000000         3.2275423860
        1.2300000000         4.9000000000         3.3243859333
        1.2350000000         4.9000000000         3.4212294807
        1.2400000000         4.9000000000         3.5167987709
        1.2450000000         4.9000000000         3.6161908326
        1.2500000000         4.9000000000         3.7079373512
        1.2550000000         4.9000000000         3.8047808985
        1.2600000000         4.9000000000         3.9079957319
        1.2650000000         4.9000000000         4.0073877937
        1.2700000000         4.9000000000         4.0991343122
        1.2750000000         4.9000000000         4.1985263740
        1.2800000000         4.9000000000         4.2966441785
        1.2850000000         4.9000000000         4.3947619831
        1.2900000000         4.9000000000         4.4979768165
        1.2950000000         4.9000000000         4.5960946210
        1.3000000000         4.9000000000         4.7018579688
        1.3050000000         4.9000000000         4.7987015162
        1.3100000000         4.9000000000         4.9057391211
        1.3150000000         4.9000000000         5.0076796973
        1.3200000000         4.9000000000         5.0650212714
        1.3250000000         4.9000000000         1.1046298873
        1.3300000000         4.9000000000        -0.0001511069
        1.3350000000         4.9000000000         0.0253340371
        1.3400000000         4.9000000000         0.1298231277
        1.3450000000         4.9000000000         0.2279409322
        1.3500000000         4.9000000000         0.3298815084
        1.3550000000         4.9000000000         0.4254507986
        1.3600000000         4.9000000000         0.5235686031
        1.3650000000         4.9000000000         0.6255091793
        1.3700000000         4.9000000000         0.7185299550
        1.3750000000         4.9000000000         0.8166477596
        1.3800000000         4.9000000000         0.9173140786
        1.3850000000         4.9000000000         1.0090605971
        1.3900000000         4.9000000000         1.1020813729
        1.3950000000         4.9000000000         1.1951021486
        1.4000000000         4.9000000000         1.2881229244
        1.4050000000         4.9000000000         1.3785951857
        1.4100000000         4.9000000000         1.4728902187
        1.4150000000         4.9000000000         1.5684595088
        1.4200000000         4.9000000000         1.6500119698
        1.4250000000         4.9000000000         1.7443070027
        1.4300000000         4.9000000000         1.8347792641
        1.4350000000         4.9000000000         1.9227030110
        1.4400000000         4.9000000000         2.0169980440
        1.4450000000         4.9000000000         2.1061960481
        1.4500000000         4.9000000000         2.1966683095
        1.4550000000         4.9000000000         2.2858663136
        1.4600000000         4.9000000000         2.3827098610
        1.4650000000         4.9000000000         2.4731821223
        1.4700000000         4.9000000000         2.5611058693
        1.4750000000         4.9000000000         2.6604979310
        1.4800000000         4.9000000000         2.7560672212
        1.4850000000         4.9000000000         2.8478137397
        1.4900000000         4.9000000000         2.9395602583
        1.4950000000         4.9000000000         3.0364038057
        1.5000000000         4.9000000000         3.1357958674
        1.5050000000         4.9000000000         3.2262681288
        1.5100000000         4.9000000000         3.3256601905
        1.5150000000         4.9000000000         3.4212294807
        1.5200000000         4.9000000000         3.5167987709
        1.5250000000         4.9000000000         3.6110938038
        1.5300000000         4.9000000000         3.7066630940
        1.5350000000         4.9000000000         3.8098779273
        1.5400000000         4.9000000000         3.9028987031
        1.5450000000         4.9000000000         4.0022907649
        1.5500000000         4.9000000000         4.1004085694
        1.5550000000         4.9000000000         4.1959778596
        1.5600000000         4.9000000000         4.2979184357
        1.5650000000         4.9000000000         4.3909392115
        1.5700000000         4.9000000000         4.4979768165
        1.5750000000         4.9000000000         4.5960946210
        1.5800000000         4.9000000000         4.7018579688
        1.5850000000         4.9000000000         4.7987015162
        1.5900000000         4.9000000000         4.9044648639
        1.5950000000         4.9000000000         5.0051311829
        1.6000000000         4.9000000000         5.0650212714
        1.6050000000         4.9000000000         1.1084526589
        1.6100000000         4.9000000000        -0.0039738786
        1.6150000000         4.9000000000         0.0202370083
        1.6200000000         4.9000000000         0.1298231277
        1.6250000000         4.9000000000         0.2279409322
        1.6300000000         4.9000000000         0.3222359652
        1.6350000000         4.9000000000         0.4267250558
        1.6400000000         4.9000000000         0.5235686031
        1.6450000000         4.9000000000         0.6255091793
        1.6500000000         4.9000000000         0.7249012410
        1.6550000000         4.9000000000         0.8140992452
        1.6600000000         4.9000000000         0.9109427926
        1.6650000000         4.9000000000         1.0090605971
        1.6700000000         4.9000000000         1.0995328585
        1.6750000000         4.9000000000         1.1963764058
        1.6800000000         4.9000000000         1.2843001528
        1.6850000000         4.9000000000         1.3785951857
        1.6900000000         4.9000000000         1.4741644759
        1.6950000000         4.9000000000         1.5684595088
        1.7000000000         4.9000000000         1.6538347414
        1.7050000000         4.9000000000         1.7455812599
        1.7100000000         4.9000000000         1.8360535213
        1.7150000000         4.9000000000         1.9252515254
        1.7200000000         4.9000000000         2.0144495296
        1.7250000000         4.9000000000         2.1087445625
        1.7300000000         4.9000000000         2.2004910811
        1.7350000000         4.9000000000         2.2896890852
        1.7400000000         4.9000000000         2.3788870894
        1.7450000000         4.9000000000         2.4719078651
        1.7500000000         4.9000000000         2.5712999269
        1.7550000000         4.9000000000         2.6579494166
        1.7600000000         4.9000000000         2.7535187068
        1.7650000000         4.9000000000         2.8503622542
        1.7700000000         4.9000000000         2.9433830299
        1.7750000000         4.9000000000         3.0402265773
        1.7800000000         4.9000000000         3.1319730958
        1.7850000000         4.9000000000         3.2288166432
        1.7900000000         4.9000000000         3.3231116761
        1.7950000000         4.9000000000         3.4237779951
        1.8000000000         4.9000000000         3.5180730281
        1.8050000000         4.9000000000         3.6136423182
        1.8100000000         4.9000000000         3.7143086372
        1.8150000000         4.9000000000         3.8111521845
        1.8200000000         4.9000000000         3.9041729603
        1.8250000000         4.9000000000         4.0086620509
        1.8300000000         4.9000000000         4.1055055982
        1.8350000000         4.9000000000         4.2036234028
        1.8400000000         4.9000000000         4.2979184357
        1.8450000000         4.9000000000         4.3973104975
        1.8500000000         4.9000000000         4.4992510737
        1.8550000000         4.9000000000         4.5986431354
        1.8600000000         4.9000000000         4.7031322260
        1.8650000000         4.9000000000         4.8050728022
        1.8700000000         4.9000000000         4.9057391211
        1.8750000000         4.9000000000         5.0038569257
        1.8800000000         4.9000000000         5.0713925574
        1.8850000000         4.9000000000         1.1135496877
        1.8900000000         4.9000000000        -0.0001511069
        1.8950000000         4.9000000000         0.0304310659
        1.9000000000         4.9000000000         0.1310973849
        1.9050000000         4.9000000000         0.2279409322
        1.9100000000         4.9000000000         0.3247844796
        1.9150000000         4.9000000000         0.4241765414
        1.9200000000         4.9000000000         0.5286656319
        1.9250000000         4.9000000000         0.6229606649
        1.9300000000         4.9000000000         0.7198042122
        1.9350000000         4.9000000000         0.8153735024
        1.9400000000         4.9000000000         0.9185883358
        1.9450000000         4.9000000000         1.0065120827
        1.9500000000         4.9000000000         1.1046298873
        1.9550000000         4.9000000000         1.1976506630
        1.9600000000         4.9000000000         1.2830258956
        1.9650000000         4.9000000000         1.3798694429
        1.9700000000         4.9000000000         1.4754387331
        1.9750000000         4.9000000000         1.5620882228
        1.9800000000         4.9000000000         1.6576575130
        1.9850000000         4.9000000000         1.7443070027
        1.9900000000         4.9000000000         1.8347792641
        1.9950000000         4.9000000000         1.9252515254
        2.0000000000         4.9000000000         2.0119010152
        2.0050000000         4.9000000000         2.1061960481
        2.0100000000         4.9000000000         2.1979425667
        2.0150000000         4.9000000000         2.2884148280
        2.0200000000         4.9000000000         2.3827098610
        2.0250000000         4.9000000000         2.4731821223
        2.0300000000         4.9000000000         2.5712999269
        2.0350000000         4.9000000000         2.6566751594
        2.0400000000         4.9000000000         2.7484216780
        2.0450000000         4.9000000000         2.8490879970
        2.0500000000         4.9000000000         2.9459315443
        2.0550000000         4.9000000000         3.0376780629
        2.0600000000         4.9000000000         3.1319730958
        2.0650000000         4.9000000000         3.2249938716
        2.0700000000         4.9000000000         3.3269344477
        2.0750000000         4.9000000000         3.4186809663
        2.0800000000         4.9000000000         3.5155245137
        2.0850000000         4.9000000000         3.6098195466
        2.0900000000         4.9000000000         3.7104858656
        2.0950000000         4.9000000000         3.8098779273
        2.1000000000         4.9000000000         3.9016244459
        2.1050000000         4.9000000000         4.0061135365
        2.1100000000         4.9000000000         4.1004085694
        2.1150000000         4.9000000000         4.1998006312
        2.1200000000         4.9000000000         4.2928214069
        2.1250000000         4.9000000000         4.3909392115
        2.1300000000         4.9000000000         4.4967025593
        2.1350000000         4.9000000000         4.5948203638
        2.1400000000         4.9000000000         4.6916639112
        2.1450000000         4.9000000000         4.7923302302
        2.1500000000         4.9000000000         4.8968193207
        2.1550000000         4.9000000000         4.9962113825
        2.1600000000         4.9000000000         5.0662955286
        2.1650000000         4.9000000000         1.1135496877
        2.1700000000         4.9000000000        -0.0026996214
        2.1750000000         4.9000000000         0.0189627511
        2.1800000000         4.9000000000         0.1196290700
        2.1850000000         4.9000000000         0.2177468746
        2.1900000000         4.9000000000         0.3235102224
        2.1950000000         4.9000000000         0.4178052553
        2.2000000000         4.9000000000         0.5159230599
        2.2050000000         4.9000000000         0.6178636361
        2.2100000000         4.9000000000         0.7108844118
        2.2150000000         4.9000000000         0.8090022164
        2.2200000000         4.9000000000         0.9083942781
        2.2250000000         4.9000000000         0.9975922823
        2.2300000000         4.9000000000         1.0931615725
        2.2350000000         4.9000000000         1.1887308626
        2.2400000000         4.9000000000         1.2766546096
        2.2450000000         4.9000000000         1.3722238997
        2.2500000000         4.9000000000         1.4614219039
        2.2550000000         4.9000000000         1.5557169368
        2.2600000000         4.9000000000         1.6410921694
        2.2650000000         4.9000000000         1.7366614595
        2.2700000000         4.9000000000         1.8233109493
        2.2750000000         4.9000000000         1.9125089534
        2.2800000000         4.9000000000         2.0055297292
        2.2850000000         4.9000000000         2.0960019905
        2.2900000000         4.9000000000         2.1826514803
        2.2950000000         4.9000000000         2.2743979988
        2.3000000000         4.9000000000         2.3725158034
        2.3050000000         4.9000000000         2.4629880647
        2.3100000000         4.9000000000         2.5585573549
        2.3150000000         4.9000000000         2.6477553590
        2.3200000000         4.9000000000         2.7420503920
        2.3250000000         4.9000000000         2.8363454249
        2.3300000000         4.9000000000         2.9293662007
        2.3350000000         4.9000000000         3.0236612336
        2.3400000000         4.9000000000         3.1192305238
        2.3450000000         4.9000000000         3.2173483284
        2.3500000000         4.9000000000         3.3103691041
        2.3550000000         4.9000000000         3.4110354231
        2.3600000000         4.9000000000         3.5066047132
        2.3650000000         4.9000000000         3.6059967750
        2.3700000000         4.9000000000         3.7002918080
        2.3750000000         4.9000000000         3.7984096125
        2.3800000000         4.9000000000         3.8952531599
        2.3850000000         4.9000000000         3.9895481928
        2.3900000000         4.9000000000         4.0876659974
        2.3950000000         4.9000000000         4.1870580592
        2.4000000000         4.9000000000         4.2839016065
        2.4050000000         4.9000000000         4.3807451539
        2.4100000000         4.9000000000         4.4839599872
        2.4150000000         4.9000000000         4.5833520490
        2.4200000000         4.9000000000         4.6840183680
        2.4250000000         4.9000000000         4.7834104297
        2.4300000000         4.9000000000         4.8891737775
        2.4350000000         4.9000000000         4.9911143537
        2.4400000000         4.9000000000         5.0675697858
        2.4450000000         4.9000000000         1.1199209737
        2.4500000000         4.9000000000        -0.0001511069
        2.4550000000         4.9000000000         0.0074944363
        2.4600000000         4.9000000000         0.1056122408
        2.4650000000         4.9000000000         0.2126498458
        2.4700000000         4.9000000000         0.3094933932
        2.4750000000         4.9000000000         0.4063369405
        2.4800000000         4.9000000000         0.5057290023
        2.4850000000         4.9000000000         0.6063953213
        2.4900000000         4.9000000000         0.7057873830
        2.4950000000         4.9000000000         0.7949853872
        2.5000000000         4.9000000000         0.8931031917
        2.5050000000         4.9000000000         0.9899467391
        2.5100000000         4.9000000000         1.0855160292
        2.5150000000         4.9000000000         1.1734397762
        2.5200000000         4.9000000000         1.2690090663
        2.5250000000         4.9000000000         1.3645783565
        2.5300000000         4.9000000000         1.4563248751
        2.5350000000         4.9000000000         1.5467971364
        2.5400000000         4.9000000000         1.6334466261
        2.5450000000         4.9000000000         1.7277416591
        2.5500000000         4.9000000000         1.8131168916
        2.5550000000         4.9000000000         1.9023148958
        2.5600000000         4.9000000000         1.9966099287
        2.5650000000         4.9000000000         2.0858079329
        2.5700000000         4.9000000000         2.1813772230
        2.5750000000         4.9000000000         2.2667524556
        2.5800000000         4.9000000000         2.3597732313
        2.5850000000         4.9000000000         2.4502454927
        2.5900000000         4.9000000000         2.5445405256
        2.5950000000         4.9000000000         2.6375613014
        2.6000000000         4.9000000000         2.7293078200
        2.6050000000         4.9000000000         2.8274256245
        2.6100000000         4.9000000000         2.9191721431
        2.6150000000         4.9000000000         3.0160156904
        2.6200000000         4.9000000000         3.1090364662
        2.6250000000         4.9000000000         3.2033314991
        2.6300000000         4.9000000000         3.2989007893
        2.6350000000         4.9000000000         3.3995671083
        2.6400000000         4.9000000000         3.4951363984
        2.6450000000         4.9000000000         3.5856086598
        2.6500000000         4.9000000000         3.6837264643
        2.6550000000         4.9000000000         3.7818442689
        2.6600000000         4.9000000000         3.8799620735
        2.6650000000         4.9000000000         3.9768056208
        2.6700000000         4.9000000000         4.0761976826
        2.6750000000         4.9000000000         4.1730412299
        2.6800000000         4.9000000000         4.2660620057
        2.6850000000         4.9000000000         4.3654540675
        2.6900000000         4.9000000000         4.4699431580
        2.6950000000         4.9000000000         4.5706094770
        2.7000000000         4.9000000000         4.6674530244
        2.7050000000         4.9000000000         4.7706678577
        2.7100000000         4.9000000000         4.8815282343
        2.7150000000         4.9000000000         4.9872915821
        2.7200000000         4.9000000000         5.0650212714
        2.7250000000         4.9000000000         1.1148239449
        2.7300000000         4.9000000000        -0.0001511069
        2.7350000000         4.9000000000         0.0036716647
        2.7400000000         4.9000000000         0.1056122408
        2.7450000000         4.9000000000         0.2024557882
        2.7500000000         4.9000000000         0.3031221072
        2.7550000000         4.9000000000         0.4025141689
        2.7600000000         4.9000000000         0.4942606875
        2.7650000000         4.9000000000         0.5987497780
        2.7700000000         4.9000000000         0.6943190682
        2.7750000000         4.9000000000         0.7911626156
        2.7800000000         4.9000000000         0.8892804201
        2.7850000000         4.9000000000         0.9835754531
        2.7900000000         4.9000000000         1.0740477144
        2.7950000000         4.9000000000         1.1708912618
        2.8000000000         4.9000000000         1.2588150087
        2.8050000000         4.9000000000         1.3582070705
        2.8100000000         4.9000000000         1.4474050746
        2.8150000000         4.9000000000         1.5378773360
        2.8200000000         4.9000000000         1.6296238545
        2.8250000000         4.9000000000         1.7200961159
        2.8300000000         4.9000000000         1.8092941200
        2.8350000000         4.9000000000         1.8984921242
        2.8400000000         4.9000000000         1.9864158711
        2.8450000000         4.9000000000         2.0743396181
        2.8500000000         4.9000000000         2.1724574226
        2.8550000000         4.9000000000         2.2603811696
        2.8600000000         4.9000000000         2.3534019453
        2.8650000000         4.9000000000         2.4425999495
        2.8700000000         4.9000000000         2.5394434968
        2.8750000000         4.9000000000         2.6337385298
        2.8800000000         4.9000000000         2.7229365339
        2.8850000000         4.9000000000         2.8159573097
        2.8900000000         4.9000000000         2.9140751143
        2.8950000000         4.9000000000         3.0045473756
        2.9000000000         4.9000000000         3.1052136946
        2.9050000000         4.9000000000         3.1995087275
        2.9100000000         4.9000000000         3.2912552461
        2.9150000000         4.9000000000         3.3893730506
        2.9200000000         4.9000000000         3.4874908552
        2.9250000000         4.9000000000         3.5868829170
        2.9300000000         4.9000000000         3.6850007215
        2.9350000000         4.9000000000         3.7792957545
        2.9400000000         4.9000000000         3.8761393018
        2.9450000000         4.9000000000         3.9729828492
        2.9500000000         4.9000000000         4.0736491682
        2.9550000000         4.9000000000         4.1666699439
        2.9600000000         4.9000000000         4.2686105201
        2.9650000000         4.9000000000         4.3654540675
        2.9700000000         4.9000000000         4.4661203864
        2.9750000000         4.9000000000         4.5642381910
        2.9800000000         4.9000000000         4.6649045099
        2.9850000000         4.9000000000         4.7719421149
        2.9900000000         4.9000000000         4.8738826911
        2.9950000000         4.9000000000         4.9770975245
        3.0000000000         4.9000000000         5.0675697858
        3.0050000000         4.9000000000         5.0293420697
        3.0100000000         4.9000000000        -0.0014253642
        3.0150000000         4.9000000000         0.0023974075
        3.0200000000         4.9000000000         0.0992409548
        3.0250000000         4.9000000000         0.1935359878
        3.0300000000         4.9000000000         0.2903795351
        3.0350000000         4.9000000000         0.3884973397
        3.0400000000         4.9000000000         0.4929864303
        3.0450000000         4.9000000000         0.5898299776
        3.0500000000         4.9000000000         0.6866735250
        3.0550000000         4.9000000000         0.7860655867
        3.0600000000         4.9000000000         0.8880061629
        3.0650000000         4.9000000000         0.9772041671
        3.0700000000         4.9000000000         1.0740477144
        3.0750000000         4.9000000000         1.1632457186
        3.0800000000         4.9000000000         1.2575407515
        3.0850000000         4.9000000000         1.3531100417
        3.0900000000         4.9000000000         1.4448565602
        3.0950000000         4.9000000000         1.5327803072
        3.1000000000         4.9000000000         1.6258010829
        3.1050000000         4.9000000000         1.7162733443
        3.1100000000         4.9000000000         1.8016485768
        3.1150000000         4.9000000000         1.8959436098
        3.1200000000         4.9000000000         1.9851416139
        3.1250000000         4.9000000000         2.0781623897
        3.1300000000         4.9000000000         2.1622633650
        3.1350000000         4.9000000000         2.2540098836
        3.1400000000         4.9000000000         2.3546762025
        3.1450000000         4.9000000000         2.4464227211
        3.1500000000         4.9000000000         2.5381692396
        3.1550000000         4.9000000000         2.6286415010
        3.1600000000         4.9000000000         2.7254850483
        3.1650000000         4.9000000000         2.8210543385
        3.1700000000         4.9000000000         2.9140751143
        3.1750000000         4.9000000000         3.0045473756
        3.1800000000         4.9000000000         3.1039394374
        3.1850000000         4.9000000000         3.1995087275
        3.1900000000         4.9000000000         3.2938037605
        3.1950000000         4.9000000000         3.3931958222
        3.2000000000         4.9000000000         3.4849423408
        3.2050000000         4.9000000000         3.5856086598
        3.2100000000         4.9000000000         3.6837264643
        3.2150000000         4.9000000000         3.7792957545
        3.2200000000         4.9000000000         3.8735907874
        3.2250000000         4.9000000000         3.9717085920
        3.2300000000         4.9000000000         4.0711006538
        3.2350000000         4.9000000000         4.1666699439
        3.2400000000         4.9000000000         4.2647877485
        3.2450000000         4.9000000000         4.3667283247
        3.2500000000         4.9000000000         4.4686689008
        3.2550000000         4.9000000000         4.5629639338
        3.2600000000         4.9000000000         4.6636302527
        3.2650000000         4.9000000000         4.7719421149
        3.2700000000         4.9000000000         4.8751569483
        3.2750000000         4.9000000000         4.9681777240
        3.2800000000         4.9000000000         5.0599242426
        3.2850000000         4.9000000000         5.0573757282
        3.2900000000         4.9000000000        -0.0001511069
        3.2950000000         4.9000000000         0.0011231503
        3.3000000000         4.9000000000         0.0954181832
        3.3050000000         4.9000000000         0.1922617306
        3.3100000000         4.9000000000         0.2929280495
        3.3150000000         4.9000000000         0.3910458541
        3.3200000000         4.9000000000         0.4904379159
        3.3250000000         4.9000000000         0.5872814632
        3.3300000000         4.9000000000         0.6892220394
        3.3350000000         4.9000000000         0.7886141012
        3.3400000000         4.9000000000         0.8829091341
        3.3450000000         4.9000000000         0.9746556527
        3.3500000000         4.9000000000         1.0740477144
        3.3550000000         4.9000000000         1.1632457186
        3.3600000000         4.9000000000         1.2549922371
        3.3650000000         4.9000000000         1.3518357845
        3.3700000000         4.9000000000         1.4410337886
        3.3750000000         4.9000000000         1.5353288216
        3.3800000000         4.9000000000         1.6283495973
        3.3850000000         4.9000000000         1.7111763155
        3.3900000000         4.9000000000         1.8016485768
        3.3950000000         4.9000000000         1.8921208382
        3.4000000000         4.9000000000         1.9838673567
        3.4050000000         4.9000000000         2.0768881325
        3.4100000000         4.9000000000         2.1660861366
        3.4150000000         4.9000000000         2.2565583980
        3.4200000000         4.9000000000         2.3559504597
        3.4250000000         4.9000000000         2.4400514351
        3.4300000000         4.9000000000         2.5356207252
        3.4350000000         4.9000000000         2.6337385298
        3.4400000000         4.9000000000         2.7293078200
        3.4450000000         4.9000000000         2.8159573097
        3.4500000000         4.9000000000         2.9140751143
        3.4550000000         4.9000000000         3.0096444044
        3.4600000000         4.9000000000         3.1026651802
        3.4650000000         4.9000000000         3.2007829847
        3.4700000000         4.9000000000         3.2963522749
        3.4750000000         4.9000000000         3.3893730506
        3.4800000000         4.9000000000         3.4849423408
        3.4850000000         4.9000000000         3.5843344026
        3.4900000000         4.9000000000         3.6799036927
        3.4950000000         4.9000000000         3.7780214973
        3.5000000000         4.9000000000         3.8761393018
        3.5050000000         4.9000000000         3.9755313636
        3.5100000000         4.9000000000         4.0749234254
        3.5150000000         4.9000000000         4.1704927155
        3.5200000000         4.9000000000         4.2686105201
        3.5250000000         4.9000000000         4.3641798103
        3.5300000000         4.9000000000         4.4673946436
        3.5350000000         4.9000000000         4.5655124482
        3.5400000000         4.9000000000         4.6687272816
        3.5450000000         4.9000000000         4.7732163721
        3.5500000000         4.9000000000         4.8789797199
        3.5550000000         4.9000000000         4.9720004957
        3.5600000000         4.9000000000         5.0675697858
        3.5650000000         4.9000000000         1.1403090889
        3.5700000000         4.9000000000        -0.0001511069
        3.5750000000         4.9000000000         0.0049459219
        3.5800000000         4.9000000000         0.0979666976
        3.5850000000         4.9000000000         0.1960845022
        3.5900000000         4.9000000000         0.2967508211
        3.5950000000         4.9000000000         0.3974171401
        3.6000000000         4.9000000000         0.5006319735
        3.6050000000         4.9000000000         0.5974755208
        3.6100000000         4.9000000000         0.6943190682
        3.6150000000         4.9000000000         0.7898883584
        3.6200000000         4.9000000000         0.8854576485
        3.6250000000         4.9000000000         0.9835754531
        3.6300000000         4.9000000000         1.0753219716
        3.6350000000         4.9000000000         1.1683427474
        3.6400000000         4.9000000000         1.2639120375
        3.6450000000         4.9000000000         1.3518357845
        3.6500000000         4.9000000000         1.4435823030
        3.6550000000         4.9000000000         1.5404258504
        3.6600000000         4.9000000000         1.6283495973
        3.6650000000         4.9000000000         1.7188218587
        3.6700000000         4.9000000000         1.8092941200
        3.6750000000         4.9000000000         1.8997663814
        3.6800000000         4.9000000000         1.9851416139
        3.6850000000         4.9000000000         2.0781623897
        3.6900000000         4.9000000000         2.1673603938
        3.6950000000         4.9000000000         2.2616554268
        3.7000000000         4.9000000000         2.3572247169
        3.7050000000         4.9000000000         2.4425999495
        3.7100000000         4.9000000000         2.5356207252
        3.7150000000         4.9000000000         2.6324642726
        3.7200000000         4.9000000000         2.7305820772
        3.7250000000         4.9000000000         2.8172315669
        3.7300000000         4.9000000000         2.9115265999
        3.7350000000         4.9000000000         3.0121929188
        3.7400000000         4.9000000000         3.1001166658
        3.7450000000         4.9000000000         3.2020572419
        3.7500000000         4.9000000000         3.2950780177
        3.7550000000         4.9000000000         3.3880987934
        3.7600000000         4.9000000000         3.4849423408
        3.7650000000         4.9000000000         3.5843344026
        3.7700000000         4.9000000000         3.6850007215
        3.7750000000         4.9000000000         3.7831185261
        3.7800000000         4.9000000000         3.8748650446
        3.7850000000         4.9000000000         3.9742571064
        3.7900000000         4.9000000000         4.0736491682
        3.7950000000         4.9000000000         4.1743154871
        3.8000000000         4.9000000000         4.2660620057
        3.8050000000         4.9000000000         4.3641798103
        3.8100000000         4.9000000000         4.4673946436
        3.8150000000         4.9000000000         4.5718837342
        3.8200000000         4.9000000000         4.6712757960
        3.8250000000         4.9000000000         4.7719421149
        3.8300000000         4.9000000000         4.8802539771
        3.8350000000         4.9000000000         4.9758232673
        3.8400000000         4.9000000000         5.0637470142
        3.8450000000         4.9000000000         1.1122754305
        3.8500000000         4.9000000000        -0.0001511069
        3.8550000000         4.9000000000         0.0023974075
        3.8600000000         4.9000000000         0.0979666976
        3.8650000000         4.9000000000         0.1986330166
        3.8700000000         4.9000000000         0.3043963644
        3.8750000000         4.9000000000         0.3974171401
        3.8800000000         4.9000000000         0.5019062307
        3.8850000000         4.9000000000         0.5949270064
        3.8900000000         4.9000000000         0.6943190682
        3.8950000000         4.9000000000         0.7975339016
        3.9000000000         4.9000000000         0.8867319057
        3.9050000000         4.9000000000         0.9886724819
        3.9100000000         4.9000000000         1.0804190004
        3.9150000000         4.9000000000         1.1696170046
        3.9200000000         4.9000000000         1.2639120375
        3.9250000000         4.9000000000         1.3543842989
        3.9300000000         4.9000000000         1.4512278462
        3.9350000000         4.9000000000         1.5391515932
        3.9400000000         4.9000000000         1.6296238545
        3.9450000000         4.9000000000         1.7239188875
        3.9500000000         4.9000000000         1.8067456056
        3.9550000000         4.9000000000         1.8997663814
        3.9600000000         4.9000000000         1.9889643855
        3.9650000000         4.9000000000         2.0781623897
        3.9700000000         4.9000000000         2.1711831654
        3.9750000000         4.9000000000         2.2642039412
        3.9800000000         4.9000000000         2.3584989741
        3.9850000000         4.9000000000         2.4425999495
        3.9900000000         4.9000000000         2.5381692396
        3.9950000000         4.9000000000         2.6375613014
        4.0000000000         4.9000000000         2.7305820772
        4.0050000000         4.9000000000         2.8248771101
        4.0100000000         4.9000000000         2.9128008571
        4.0150000000         4.9000000000         3.0096444044
        4.0200000000         4.9000000000         3.1039394374
        4.0250000000         4.9000000000         3.1969602131
        4.0300000000         4.9000000000         3.2963522749
        4.0350000000         4.9000000000         3.3931958222
        4.0400000000         4.9000000000         3.4913136268
        4.0450000000         4.9000000000         3.5868829170
        4.0500000000         4.9000000000         3.6837264643
        4.0550000000         4.9000000000         3.7767472401
        4.0600000000         4.9000000000         3.8786878162
        4.0650000000         4.9000000000         3.9755313636
        4.0700000000         4.9000000000         4.0761976826
        4.0750000000         4.9000000000         4.1717669727
        4.0800000000         4.9000000000         4.2711590345
        4.0850000000         4.9000000000         4.3667283247
        4.0900000000         4.9000000000         4.4622976148
        4.0950000000         4.9000000000         4.5718837342
        4.1000000000         4.9000000000         4.6712757960
        4.1050000000         4.9000000000         4.7719421149
        4.1100000000         4.9000000000         4.8751569483
        4.1150000000         4.9000000000         4.9745490101
        4.1200000000         4.9000000000         5.0675697858
        4.1250000000         4.9000000000         1.3645783565
        4.1300000000         4.9000000000         0.0049459219
        4.1350000000         4.9000000000         0.0011231503
        4.1400000000         4.9000000000         0.0966924404
        4.1450000000         4.9000000000         0.1973587594
        4.1500000000         4.9000000000         0.3005735927
        4.1550000000         4.9000000000         0.3935943685
        4.1600000000         4.9000000000         0.4968092019
        4.1650000000         4.9000000000         0.5949270064
        4.1700000000         4.9000000000         0.6930448110
        4.1750000000         4.9000000000         0.7886141012
        4.1800000000         4.9000000000         0.8829091341
        4.1850000000         4.9000000000         0.9823011959
        4.1900000000         4.9000000000         1.0753219716
        4.1950000000         4.9000000000         1.1670684902
        4.2000000000         4.9000000000         1.2600892659
        4.2050000000         4.9000000000         1.3531100417
        4.2100000000         4.9000000000         1.4512278462
        4.2150000000         4.9000000000         1.5366030788
        4.2200000000         4.9000000000         1.6296238545
        4.2250000000         4.9000000000         1.7213703731
        4.2300000000         4.9000000000         1.8080198628
        4.2350000000         4.9000000000         1.8997663814
        4.2400000000         4.9000000000         1.9889643855
        4.2450000000         4.9000000000         2.0819851613
        4.2500000000         4.9000000000         2.1750059370
        4.2550000000         4.9000000000         2.2616554268
        4.2600000000         4.9000000000         2.3584989741
        4.2650000000         4.9000000000         2.4464227211
        4.2700000000         4.9000000000         2.5381692396
        4.2750000000         4.9000000000         2.6375613014
        4.2800000000         4.9000000000         2.7305820772
        4.2850000000         4.9000000000         2.8261513673
        4.2900000000         4.9000000000         2.9140751143
        4.2950000000         4.9000000000         3.0109186616
        4.3000000000         4.9000000000         3.1077622090
        4.3050000000         4.9000000000         3.1969602131
        4.3100000000         4.9000000000         3.2963522749
        4.3150000000         4.9000000000         3.3957443367
        4.3200000000         4.9000000000         3.4913136268
        4.3250000000         4.9000000000         3.5894314314
        4.3300000000         4.9000000000         3.6850007215
        4.3350000000         4.9000000000         3.7869412977
        4.3400000000         4.9000000000         3.8774135590
        4.3450000000         4.9000000000         3.9780798780
        4.3500000000         4.9000000000         4.0761976826
        4.3550000000         4.9000000000         4.1717669727
        4.3600000000         4.9000000000         4.2698847773
        4.3650000000         4.9000000000         4.3692768391
        4.3700000000         4.9000000000         4.4712174152
        4.3750000000         4.9000000000         4.5680609626
        4.3800000000         4.9000000000         4.6687272816
        4.3850000000         4.9000000000         4.7681193433
        4.3900000000         4.9000000000         4.8738826911
        4.3950000000         4.9000000000         4.9758232673
        4.4000000000         4.9000000000         5.0662955286
        4.4050000000         4.9000000000         1.3875149861
        4.4100000000         4.9000000000         0.0011231503
        4.4150000000         4.9000000000        -0.0026996214
        4.4200000000         4.9000000000         0.1030637264
        4.4250000000         4.9000000000         0.1986330166
        4.4300000000         4.9000000000         0.2967508211
        4.4350000000         4.9000000000         0.3948686257
        4.4400000000         4.9000000000         0.4929864303
        4.4450000000         4.9000000000         0.5987497780
        4.4500000000         4.9000000000         0.6943190682
        4.4550000000         4.9000000000         0.7898883584
        4.4600000000         4.9000000000         0.8841833913
        4.4650000000         4.9000000000         0.9784784243
        4.4700000000         4.9000000000         1.0727734572
        4.4750000000         4.9000000000         1.1657942330
        4.4800000000         4.9000000000         1.2600892659
        4.4850000000         4.9000000000         1.3518357845
        4.4900000000         4.9000000000         1.4537763606
        4.4950000000         4.9000000000         1.5327803072
        4.5000000000         4.9000000000         1.6258010829
        4.5050000000         4.9000000000         1.7175476015
        4.5100000000         4.9000000000         1.8118426344
        4.5150000000         4.9000000000         1.8997663814
        4.5200000000         4.9000000000         1.9825930995
        4.5250000000         4.9000000000         2.0756138753
        4.5300000000         4.9000000000         2.1686346510
        4.5350000000         4.9000000000         2.2616554268
        4.5400000000         4.9000000000         2.3584989741
        4.5450000000         4.9000000000         2.4476969783
        4.5500000000         4.9000000000         2.5432662684
        4.5550000000         4.9000000000         2.6337385298
        4.5600000000         4.9000000000         2.7305820772
        4.5650000000         4.9000000000         2.8223285957
        4.5700000000         4.9000000000         2.9166236287
        4.5750000000         4.9000000000         3.0096444044
        4.5800000000         4.9000000000         3.1103107234
        4.5850000000         4.9000000000         3.2033314991
        4.5900000000         4.9000000000         3.3027235609
