        0.9950000000         0.6250000000        -0.7354291624
        1.0000000000         0.6250000000        -0.7265125149
        1.0050000000         0.6250000000        -0.7277863217
        1.0100000000         0.6250000000        -0.7226910946
        1.0150000000         0.6250000000        -0.7303339353
        1.0200000000         0.6250000000        -0.7226910946
        1.0250000000         0.6250000000        -0.7252387082
        1.0300000000         0.6250000000        -0.7303339353
        1.0350000000         0.6250000000        -0.7239649014
        1.0400000000         0.6250000000        -0.7226910946
        1.0450000000         0.6250000000        -0.7252387082
        1.0500000000         0.6250000000        -0.7226910946
        1.0550000000         0.6250000000        -0.7277863217
        1.0600000000         0.6250000000        -0.7328815489
        1.0650000000         0.6250000000        -0.7188696742
        1.0700000000         0.6250000000        -0.7252387082
        1.0750000000         0.6250000000        -0.7201434810
        1.0800000000         0.6250000000        -0.7226910946
        1.0850000000         0.6250000000        -0.7303339353
        1.0900000000         0.6250000000        -0.7252387082
        1.0950000000         0.6250000000        -0.7239649014
        1.1000000000         0.6250000000        -0.7163220607
        1.1050000000         0.6250000000        -0.7277863217
        1.1100000000         0.6250000000        -0.7099530267
        1.1150000000         0.6250000000        -0.7341553556
        1.1200000000         0.6250000000        -0.7150482539
        1.1250000000         0.6250000000        -0.7061316064
        1.1300000000         0.6250000000        -0.7354291624
        1.1350000000         0.6250000000        -0.7239649014
        1.1400000000         0.6250000000        -0.7175958674
        1.1450000000         0.6250000000        -0.7303339353
        1.1500000000         0.6250000000        -0.7277863217
        1.1550000000         0.6250000000        -0.7125006403
        1.1600000000         0.6250000000        -0.7290601285
        1.1650000000         0.6250000000        -0.7265125149
        1.1700000000         0.6250000000        -0.7252387082
        1.1750000000         0.6250000000        -0.7290601285
        1.1800000000         0.6250000000        -0.7354291624
        1.1850000000         0.6250000000        -0.7277863217
        1.1900000000         0.6250000000        -0.7265125149
        1.1950000000         0.6250000000        -0.7328815489
        1.2000000000         0.6250000000        -0.7367029692
        1.2050000000         0.6250000000        -0.7214172878
        1.2100000000         0.6250000000        -0.7328815489
        1.2150000000         0.6250000000        -0.7468934235
        1.2200000000         0.6250000000        -0.7239649014
        1.2250000000         0.6250000000        -0.7252387082
        1.2300000000         0.6250000000        -0.7405243896
        1.2350000000         0.6250000000        -0.7303339353
        1.2400000000         0.6250000000        -0.7354291624
        1.2450000000         0.6250000000        -0.7303339353
        1.2500000000         0.6250000000        -0.7252387082
        1.2550000000         0.6250000000        -0.7354291624
        1.2600000000         0.6250000000        -0.7379767760
        1.2650000000         0.6250000000        -0.7328815489
        1.2700000000         0.6250000000        -0.7303339353
        1.2750000000         0.6250000000        -0.7265125149
        1.2800000000         0.6250000000        -0.7328815489
        1.2850000000         0.6250000000        -0.7303339353
        1.2900000000         0.6250000000        -0.7456196167
        1.2950000000         0.6250000000        -0.7328815489
        1.3000000000         0.6250000000        -0.7252387082
        1.3050000000         0.6250000000        -0.7316077421
        1.3100000000         0.6250000000        -0.7277863217
        1.3150000000         0.6250000000        -0.7328815489
        1.3200000000         0.6250000000        -0.7303339353
        1.3250000000         0.6250000000        -0.7265125149
        1.3300000000         0.6250000000        -0.7379767760
        1.3350000000         0.6250000000        -0.7303339353
        1.3400000000         0.6250000000        -0.7341553556
        1.3450000000         0.6250000000        -0.7354291624
        1.3500000000         0.6250000000        -0.7252387082
        1.3550000000         0.6250000000        -0.7201434810
        1.3600000000         0.6250000000        -0.7265125149
        1.3650000000         0.6250000000        -0.7303339353
        1.3700000000         0.6250000000        -0.7303339353
        1.3750000000         0.6250000000        -0.7265125149
        1.3800000000         0.6250000000        -0.7265125149
        1.3850000000         0.6250000000        -0.7316077421
        1.3900000000         0.6250000000        -0.7265125149
        1.3950000000         0.6250000000        -0.7290601285
        1.4000000000         0.6250000000        -0.7265125149
        1.4050000000         0.6250000000        -0.7226910946
        1.4100000000         0.6250000000        -0.7252387082
        1.4150000000         0.6250000000        -0.7277863217
        1.4200000000         0.6250000000        -0.7277863217
        1.4250000000         0.6250000000        -0.7201434810
        1.4300000000         0.6250000000        -0.7214172878
        1.4350000000         0.6250000000        -0.7214172878
        1.4400000000         0.6250000000        -0.7290601285
        1.4450000000         0.6250000000        -0.7226910946
        1.4500000000         0.6250000000        -0.7252387082
        1.4550000000         0.6250000000        -0.7341553556
        1.4600000000         0.6250000000        -0.7125006403
        1.4650000000         0.6250000000        -0.7341553556
        1.4700000000         0.6250000000        -0.7303339353
        1.4750000000         0.6250000000        -0.7252387082
        1.4800000000         0.6250000000        -0.7328815489
        1.4850000000         0.6250000000        -0.7226910946
        1.4900000000         0.6250000000        -0.7150482539
        1.4950000000         0.6250000000        -0.7367029692
        1.5000000000         0.6250000000        -0.7354291624
        1.5050000000         0.6250000000        -0.7214172878
        1.5100000000         0.6250000000        -0.7150482539
        1.5150000000         0.6250000000        -0.7290601285
        1.5200000000         0.6250000000        -0.7341553556
        1.5250000000         0.6250000000        -0.7328815489
        1.5300000000         0.6250000000        -0.7239649014
        1.5350000000         0.6250000000        -0.7239649014
        1.5400000000         0.6250000000        -0.7201434810
        1.5450000000         0.6250000000        -0.7456196167
        1.5500000000         0.6250000000        -0.7303339353
        1.5550000000         0.6250000000        -0.7163220607
        1.5600000000         0.6250000000        -0.7303339353
        1.5650000000         0.6250000000        -0.7379767760
        1.5700000000         0.6250000000        -0.7265125149
        1.5750000000         0.6250000000        -0.7252387082
        1.5800000000         0.6250000000        -0.7277863217
        1.5850000000         0.6250000000        -0.7328815489
        1.5900000000         0.6250000000        -0.7328815489
        1.5950000000         0.6250000000        -0.7405243896
        1.6000000000         0.6250000000        -0.7316077421
        1.6050000000         0.6250000000        -0.7316077421
        1.6100000000         0.6250000000        -0.7303339353
        1.6150000000         0.6250000000        -0.7405243896
        1.6200000000         0.6250000000        -0.7405243896
        1.6250000000         0.6250000000        -0.7430720031
        1.6300000000         0.6250000000        -0.7303339353
        1.6350000000         0.6250000000        -0.7303339353
        1.6400000000         0.6250000000        -0.7392505828
        1.6450000000         0.6250000000        -0.7303339353
        1.6500000000         0.6250000000        -0.7430720031
        1.6550000000         0.6250000000        -0.7328815489
        1.6600000000         0.6250000000        -0.7341553556
        1.6650000000         0.6250000000        -0.7316077421
        1.6700000000         0.6250000000        -0.7379767760
        1.6750000000         0.6250000000        -0.7354291624
        1.6800000000         0.6250000000        -0.7316077421
        1.6850000000         0.6250000000        -0.7290601285
        1.6900000000         0.6250000000        -0.7277863217
        1.6950000000         0.6250000000        -0.7367029692
        1.7000000000         0.6250000000        -0.7328815489
        1.7050000000         0.6250000000        -0.7239649014
        1.7100000000         0.6250000000        -0.7341553556
        1.7150000000         0.6250000000        -0.7277863217
        1.7200000000         0.6250000000        -0.7277863217
        1.7250000000         0.6250000000        -0.7265125149
        1.7300000000         0.6250000000        -0.7265125149
        1.7350000000         0.6250000000        -0.7265125149
        1.7400000000         0.6250000000        -0.7277863217
        1.7450000000         0.6250000000        -0.7303339353
        1.7500000000         0.6250000000        -0.7252387082
        1.7550000000         0.6250000000        -0.7265125149
        1.7600000000         0.6250000000        -0.7367029692
        1.7650000000         0.6250000000        -0.7214172878
        1.7700000000         0.6250000000        -0.7303339353
        1.7750000000         0.6250000000        -0.7277863217
        1.7800000000         0.6250000000        -0.7252387082
        1.7850000000         0.6250000000        -0.7316077421
        1.7900000000         0.6250000000        -0.7201434810
        1.7950000000         0.6250000000        -0.7163220607
        1.8000000000         0.6250000000        -0.7226910946
        1.8050000000         0.6250000000        -0.7303339353
        1.8100000000         0.6250000000        -0.7074054132
        1.8150000000         0.6250000000        -0.7303339353
        1.8200000000         0.6250000000        -0.7290601285
        1.8250000000         0.6250000000        -0.7074054132
        1.8300000000         0.6250000000        -0.7226910946
        1.8350000000         0.6250000000        -0.7201434810
        1.8400000000         0.6250000000        -0.7048577996
        1.8450000000         0.6250000000        -0.7341553556
        1.8500000000         0.6250000000        -0.7328815489
        1.8550000000         0.6250000000        -0.7201434810
        1.8600000000         0.6250000000        -0.7163220607
        1.8650000000         0.6250000000        -0.7265125149
        1.8700000000         0.6250000000        -0.7379767760
        1.8750000000         0.6250000000        -0.7303339353
        1.8800000000         0.6250000000        -0.7277863217
        1.8850000000         0.6250000000        -0.7239649014
        1.8900000000         0.6250000000        -0.7226910946
        1.8950000000         0.6250000000        -0.7430720031
        1.9000000000         0.6250000000        -0.7303339353
        1.9050000000         0.6250000000        -0.7239649014
        1.9100000000         0.6250000000        -0.7188696742
        1.9150000000         0.6250000000        -0.7519886506
        1.9200000000         0.6250000000        -0.7252387082
        1.9250000000         0.6250000000        -0.7290601285
        1.9300000000         0.6250000000        -0.7354291624
        1.9350000000         0.6250000000        -0.7290601285
        1.9400000000         0.6250000000        -0.7354291624
        1.9450000000         0.6250000000        -0.7443458099
        1.9500000000         0.6250000000        -0.7328815489
        1.9550000000         0.6250000000        -0.7303339353
        1.9600000000         0.6250000000        -0.7417981963
        1.9650000000         0.6250000000        -0.7367029692
        1.9700000000         0.6250000000        -0.7328815489
        1.9750000000         0.6250000000        -0.7354291624
        1.9800000000         0.6250000000        -0.7405243896
        1.9850000000         0.6250000000        -0.7354291624
        1.9900000000         0.6250000000        -0.7367029692
        1.9950000000         0.6250000000        -0.7303339353
        2.0000000000         0.6250000000        -0.7328815489
        2.0050000000         0.6250000000        -0.7405243896
        2.0100000000         0.6250000000        -0.7341553556
        2.0150000000         0.6250000000        -0.7367029692
        2.0200000000         0.6250000000        -0.7328815489
        2.0250000000         0.6250000000        -0.7277863217
        2.0300000000         0.6250000000        -0.7379767760
        2.0350000000         0.6250000000        -0.7303339353
        2.0400000000         0.6250000000        -0.7265125149
        2.0450000000         0.6250000000        -0.7316077421
        2.0500000000         0.6250000000        -0.7328815489
        2.0550000000         0.6250000000        -0.7303339353
        2.0600000000         0.6250000000        -0.7290601285
        2.0650000000         0.6250000000        -0.7252387082
        2.0700000000         0.6250000000        -0.7328815489
        2.0750000000         0.6250000000        -0.7341553556
        2.0800000000         0.6250000000        -0.7290601285
        2.0850000000         0.6250000000        -0.7290601285
        2.0900000000         0.6250000000        -0.7252387082
        2.0950000000         0.6250000000        -0.7354291624
        2.1000000000         0.6250000000        -0.7252387082
        2.1050000000         0.6250000000        -0.7252387082
        2.1100000000         0.6250000000        -0.7316077421
        2.1150000000         0.6250000000        -0.7226910946
        2.1200000000         0.6250000000        -0.7265125149
        2.1250000000         0.6250000000        -0.7226910946
        2.1300000000         0.6250000000        -0.7277863217
        2.1350000000         0.6250000000        -0.7277863217
        2.1400000000         0.6250000000        -0.7290601285
        2.1450000000         0.6250000000        -0.7188696742
        2.1500000000         0.6250000000        -0.7239649014
        2.1550000000         0.6250000000        -0.7430720031
        2.1600000000         0.6250000000        -0.7226910946
        2.1650000000         0.6250000000        -0.7252387082
        2.1700000000         0.6250000000        -0.7252387082
        2.1750000000         0.6250000000        -0.7188696742
        2.1800000000         0.6250000000        -0.7392505828
        2.1850000000         0.6250000000        -0.7277863217
        2.1900000000         0.6250000000        -0.7137744471
        2.1950000000         0.6250000000        -0.7303339353
        2.2000000000         0.6250000000        -0.7367029692
        2.2050000000         0.6250000000        -0.7252387082
        2.2100000000         0.6250000000        -0.7277863217
        2.2150000000         0.6250000000        -0.7316077421
        2.2200000000         0.6250000000        -0.7341553556
        2.2250000000         0.6250000000        -0.7290601285
        2.2300000000         0.6250000000        -0.7392505828
        2.2350000000         0.6250000000        -0.7316077421
        2.2400000000         0.6250000000        -0.7214172878
        2.2450000000         0.6250000000        -0.7456196167
        2.2500000000         0.6250000000        -0.7379767760
        2.2550000000         0.6250000000        -0.7252387082
        2.2600000000         0.6250000000        -0.7290601285
        2.2650000000         0.6250000000        -0.7417981963
        2.2700000000         0.6250000000        -0.7252387082
        2.2750000000         0.6250000000        -0.7239649014
        2.2800000000         0.6250000000        -0.7379767760
        2.2850000000         0.6250000000        -0.7316077421
        2.2900000000         0.6250000000        -0.7392505828
        2.2950000000         0.6250000000        -0.7379767760
        2.3000000000         0.6250000000        -0.7277863217
        2.3050000000         0.6250000000        -0.7405243896
        2.3100000000         0.6250000000        -0.7379767760
        2.3150000000         0.6250000000        -0.7392505828
        2.3200000000         0.6250000000        -0.7405243896
        2.3250000000         0.6250000000        -0.7443458099
        2.3300000000         0.6250000000        -0.7379767760
        2.3350000000         0.6250000000        -0.7481672303
        2.3400000000         0.6250000000        -0.7481672303
        2.3450000000         0.6250000000        -0.7290601285
        2.3500000000         0.6250000000        -0.7354291624
        2.3550000000         0.6250000000        -0.7430720031
        2.3600000000         0.6250000000        -0.7328815489
        2.3650000000         0.6250000000        -0.7328815489
        2.3700000000         0.6250000000        -0.7252387082
        2.3750000000         0.6250000000        -0.7277863217
        2.3800000000         0.6250000000        -0.7354291624
        2.3850000000         0.6250000000        -0.7379767760
        2.3900000000         0.6250000000        -0.7252387082
        2.3950000000         0.6250000000        -0.7303339353
        2.4000000000         0.6250000000        -0.7303339353
        2.4050000000         0.6250000000        -0.7379767760
        2.4100000000         0.6250000000        -0.7277863217
        2.4150000000         0.6250000000        -0.7367029692
        2.4200000000         0.6250000000        -0.7290601285
        2.4250000000         0.6250000000        -0.7252387082
        2.4300000000         0.6250000000        -0.7392505828
        2.4350000000         0.6250000000        -0.7379767760
        2.4400000000         0.6250000000        -0.7341553556
        2.4450000000         0.6250000000        -0.7265125149
        2.4500000000         0.6250000000        -0.7303339353
        2.4550000000         0.6250000000        -0.7316077421
        2.4600000000         0.6250000000        -0.7265125149
        2.4650000000         0.6250000000        -0.7252387082
        2.4700000000         0.6250000000        -0.7265125149
        2.4750000000         0.6250000000        -0.7290601285
        2.4800000000         0.6250000000        -0.7290601285
        2.4850000000         0.6250000000        -0.7379767760
        2.4900000000         0.6250000000        -0.7341553556
        2.4950000000         0.6250000000        -0.7226910946
        2.5000000000         0.6250000000        -0.7303339353
        2.5050000000         0.6250000000        -0.7507148438
        2.5100000000         0.6250000000        -0.7175958674
        2.5150000000         0.6250000000        -0.7456196167
        2.5200000000         0.6250000000        -0.7226910946
        2.5250000000         0.6250000000        -0.7150482539
        2.5300000000         0.6250000000        -0.7443458099
        2.5350000000         0.6250000000        -0.7252387082
        2.5400000000         0.6250000000        -0.7188696742
        2.5450000000         0.6250000000        -0.7316077421
        2.5500000000         0.6250000000        -0.7430720031
        2.5550000000         0.6250000000        -0.7175958674
        2.5600000000         0.6250000000        -0.7277863217
        2.5650000000         0.6250000000        -0.7392505828
        2.5700000000         0.6250000000        -0.7252387082
        2.5750000000         0.6250000000        -0.7379767760
        2.5800000000         0.6250000000        -0.7379767760
        2.5850000000         0.6250000000        -0.7252387082
        2.5900000000         0.6250000000        -0.7303339353
        2.5950000000         0.6250000000        -0.7417981963
        2.6000000000         0.6250000000        -0.7277863217
        2.6050000000         0.6250000000        -0.7405243896
        2.6100000000         0.6250000000        -0.7507148438
        2.6150000000         0.6250000000        -0.7379767760
        2.6200000000         0.6250000000        -0.7367029692
        2.6250000000         0.6250000000        -0.7379767760
        2.6300000000         0.6250000000        -0.7316077421
        2.6350000000         0.6250000000        -0.7379767760
        2.6400000000         0.6250000000        -0.7494410371
        2.6450000000         0.6250000000        -0.7430720031
        2.6500000000         0.6250000000        -0.7367029692
        2.6550000000         0.6250000000        -0.7417981963
        2.6600000000         0.6250000000        -0.7456196167
        2.6650000000         0.6250000000        -0.7507148438
        2.6700000000         0.6250000000        -0.7430720031
        2.6750000000         0.6250000000        -0.7507148438
        2.6800000000         0.6250000000        -0.7367029692
        2.6850000000         0.6250000000        -0.7507148438
        2.6900000000         0.6250000000        -0.7392505828
        2.6950000000         0.6250000000        -0.7417981963
        2.7000000000         0.6250000000        -0.7367029692
        2.7050000000         0.6250000000        -0.7367029692
        2.7100000000         0.6250000000        -0.7405243896
        2.7150000000         0.6250000000        -0.7405243896
        2.7200000000         0.6250000000        -0.7239649014
        2.7250000000         0.6250000000        -0.7354291624
        2.7300000000         0.6250000000        -0.7354291624
        2.7350000000         0.6250000000        -0.7417981963
        2.7400000000         0.6250000000        -0.7405243896
        2.7450000000         0.6250000000        -0.7354291624
        2.7500000000         0.6250000000        -0.7316077421
        2.7550000000         0.6250000000        -0.7303339353
        2.7600000000         0.6250000000        -0.7443458099
        2.7650000000         0.6250000000        -0.7328815489
        2.7700000000         0.6250000000        -0.7354291624
        2.7750000000         0.6250000000        -0.7303339353
        2.7800000000         0.6250000000        -0.7392505828
        2.7850000000         0.6250000000        -0.7379767760
        2.7900000000         0.6250000000        -0.7341553556
        2.7950000000         0.6250000000        -0.7226910946
        2.8000000000         0.6250000000        -0.7303339353
        2.8050000000         0.6250000000        -0.7303339353
        2.8100000000         0.6250000000        -0.7290601285
        2.8150000000         0.6250000000        -0.7316077421
        2.8200000000         0.6250000000        -0.7252387082
        2.8250000000         0.6250000000        -0.7239649014
        2.8300000000         0.6250000000        -0.7277863217
        2.8350000000         0.6250000000        -0.7405243896
        2.8400000000         0.6250000000        -0.7214172878
        2.8450000000         0.6250000000        -0.7316077421
        2.8500000000         0.6250000000        -0.7290601285
        2.8550000000         0.6250000000        -0.7201434810
        2.8600000000         0.6250000000        -0.7252387082
        2.8650000000         0.6250000000        -0.7328815489
        2.8700000000         0.6250000000        -0.7175958674
        2.8750000000         0.6250000000        -0.7252387082
        2.8800000000         0.6250000000        -0.7354291624
        2.8850000000         0.6250000000        -0.7188696742
        2.8900000000         0.6250000000        -0.7341553556
        2.8950000000         0.6250000000        -0.7328815489
        2.9000000000         0.6250000000        -0.7379767760
        2.9050000000         0.6250000000        -0.7214172878
        2.9100000000         0.6250000000        -0.7252387082
        2.9150000000         0.6250000000        -0.7392505828
        2.9200000000         0.6250000000        -0.7316077421
        2.9250000000         0.6250000000        -0.7354291624
        2.9300000000         0.6250000000        -0.7367029692
        2.9350000000         0.6250000000        -0.7265125149
        2.9400000000         0.6250000000        -0.7392505828
        2.9450000000         0.6250000000        -0.7367029692
        2.9500000000         0.6250000000        -0.7303339353
        2.9550000000         0.6250000000        -0.7265125149
        2.9600000000         0.6250000000        -0.7558100710
        2.9650000000         0.6250000000        -0.7443458099
        2.9700000000         0.6250000000        -0.7354291624
        2.9750000000         0.6250000000        -0.7341553556
        2.9800000000         0.6250000000        -0.7379767760
        2.9850000000         0.6250000000        -0.7417981963
        2.9900000000         0.6250000000        -0.7494410371
        2.9950000000         0.6250000000        -0.7367029692
        3.0000000000         0.6250000000        -0.7354291624
        3.0050000000         0.6250000000        -0.7367029692
        3.0100000000         0.6250000000        -0.7443458099
        3.0150000000         0.6250000000        -0.7468934235
        3.0200000000         0.6250000000        -0.7392505828
        3.0250000000         0.6250000000        -0.7367029692
        3.0300000000         0.6250000000        -0.7405243896
        3.0350000000         0.6250000000        -0.7354291624
        3.0400000000         0.6250000000        -0.7417981963
        3.0450000000         0.6250000000        -0.7392505828
        3.0500000000         0.6250000000        -0.7341553556
        3.0550000000         0.6250000000        -0.7481672303
        3.0600000000         0.6250000000        -0.7417981963
        3.0650000000         0.6250000000        -0.7443458099
        3.0700000000         0.6250000000        -0.7468934235
        3.0750000000         0.6250000000        -0.7328815489
        3.0800000000         0.6250000000        -0.7341553556
        3.0850000000         0.6250000000        -0.7417981963
        3.0900000000         0.6250000000        -0.7392505828
        3.0950000000         0.6250000000        -0.7341553556
        3.1000000000         0.6250000000        -0.7316077421
        3.1050000000         0.6250000000        -0.7392505828
        3.1100000000         0.6250000000        -0.7354291624
        3.1150000000         0.6250000000        -0.7392505828
        3.1200000000         0.6250000000        -0.7367029692
        3.1250000000         0.6250000000        -0.7341553556
        3.1300000000         0.6250000000        -0.7316077421
        3.1350000000         0.6250000000        -0.7328815489
        3.1400000000         0.6250000000        -0.7405243896
        3.1450000000         0.6250000000        -0.7277863217
        3.1500000000         0.6250000000        -0.7277863217
        3.1550000000         0.6250000000        -0.7303339353
        3.1600000000         0.6250000000        -0.7341553556
        3.1650000000         0.6250000000        -0.7443458099
        3.1700000000         0.6250000000        -0.7303339353
        3.1750000000         0.6250000000        -0.7201434810
        3.1800000000         0.6250000000        -0.7367029692
        3.1850000000         0.6250000000        -0.7252387082
        3.1900000000         0.6250000000        -0.7354291624
        3.1950000000         0.6250000000        -0.7214172878
        3.2000000000         0.6250000000        -0.7379767760
        3.2050000000         0.6250000000        -0.7252387082
        3.2100000000         0.6250000000        -0.7443458099
        3.2150000000         0.6250000000        -0.7303339353
        3.2200000000         0.6250000000        -0.7125006403
        3.2250000000         0.6250000000        -0.7417981963
        3.2300000000         0.6250000000        -0.7226910946
        3.2350000000         0.6250000000        -0.7214172878
        3.2400000000         0.6250000000        -0.7379767760
        3.2450000000         0.6250000000        -0.7367029692
        3.2500000000         0.6250000000        -0.7277863217
        3.2550000000         0.6250000000        -0.7328815489
        3.2600000000         0.6250000000        -0.7417981963
        3.2650000000         0.6250000000        -0.7367029692
        3.2700000000         0.6250000000        -0.7379767760
        3.2750000000         0.6250000000        -0.7456196167
        3.2800000000         0.6250000000        -0.7290601285
        3.2850000000         0.6250000000        -0.7316077421
        3.2900000000         0.6250000000        -0.7583576845
        3.2950000000         0.6250000000        -0.7417981963
        3.3000000000         0.6250000000        -0.7239649014
        3.3050000000         0.6250000000        -0.7367029692
        3.3100000000         0.6250000000        -0.7456196167
        3.3150000000         0.6250000000        -0.7443458099
        3.3200000000         0.6250000000        -0.7443458099
        3.3250000000         0.6250000000        -0.7430720031
        3.3300000000         0.6250000000        -0.7354291624
        3.3350000000         0.6250000000        -0.7443458099
        3.3400000000         0.6250000000        -0.7481672303
        3.3450000000         0.6250000000        -0.7405243896
        3.3500000000         0.6250000000        -0.7379767760
        3.3550000000         0.6250000000        -0.7417981963
        3.3600000000         0.6250000000        -0.7456196167
        3.3650000000         0.6250000000        -0.7430720031
        3.3700000000         0.6250000000        -0.7443458099
        3.3750000000         0.6250000000        -0.7316077421
        3.3800000000         0.6250000000        -0.7367029692
        3.3850000000         0.6250000000        -0.7443458099
        3.3900000000         0.6250000000        -0.7405243896
        3.3950000000         0.6250000000        -0.7379767760
        3.4000000000         0.6250000000        -0.7405243896
        3.4050000000         0.6250000000        -0.7417981963
        3.4100000000         0.6250000000        -0.7392505828
        3.4150000000         0.6250000000        -0.7341553556
        3.4200000000         0.6250000000        -0.7405243896
        3.4250000000         0.6250000000        -0.7379767760
        3.4300000000         0.6250000000        -0.7379767760
        3.4350000000         0.6250000000        -0.7354291624
        3.4400000000         0.6250000000        -0.7341553556
        3.4450000000         0.6250000000        -0.7417981963
        3.4500000000         0.6250000000        -0.7341553556
        3.4550000000         0.6250000000        -0.7303339353
        3.4600000000         0.6250000000        -0.7405243896
        3.4650000000         0.6250000000        -0.7341553556
        3.4700000000         0.6250000000        -0.7354291624
        3.4750000000         0.6250000000        -0.7328815489
        3.4800000000         0.6250000000        -0.7277863217
        3.4850000000         0.6250000000        -0.7341553556
        3.4900000000         0.6250000000        -0.7303339353
        3.4950000000         0.6250000000        -0.7354291624
        3.5000000000         0.6250000000        -0.7316077421
        3.5050000000         0.6250000000        -0.7239649014
        3.5100000000         0.6250000000        -0.7316077421
        3.5150000000         0.6250000000        -0.7341553556
        3.5200000000         0.6250000000        -0.7303339353
        3.5250000000         0.6250000000        -0.7290601285
        3.5300000000         0.6250000000        -0.7405243896
        3.5350000000         0.6250000000        -0.7354291624
        3.5400000000         0.6250000000        -0.7354291624
        3.5450000000         0.6250000000        -0.7392505828
        3.5500000000         0.6250000000        -0.7252387082
        3.5550000000         0.6250000000        -0.7252387082
        3.5600000000         0.6250000000        -0.7367029692
        3.5650000000         0.6250000000        -0.7201434810
        3.5700000000         0.6250000000        -0.7277863217
        3.5750000000         0.6250000000        -0.7316077421
        3.5800000000         0.6250000000        -0.7226910946
        3.5850000000         0.6250000000        -0.7316077421
        3.5900000000         0.6250000000        -0.7456196167
        3.5950000000         0.6250000000        -0.7341553556
        3.6000000000         0.6250000000        -0.7214172878
        3.6050000000         0.6250000000        -0.7277863217
        3.6100000000         0.6250000000        -0.7341553556
        3.6150000000         0.6250000000        -0.7290601285
        3.6200000000         0.6250000000        -0.7417981963
        3.6250000000         0.6250000000        -0.7290601285
        3.6300000000         0.6250000000        -0.7175958674
        3.6350000000         0.6250000000        -0.7443458099
        3.6400000000         0.6250000000        -0.7430720031
        3.6450000000         0.6250000000        -0.7316077421
        3.6500000000         0.6250000000        -0.7328815489
        3.6550000000         0.6250000000        -0.7456196167
        3.6600000000         0.6250000000        -0.7316077421
        3.6650000000         0.6250000000        -0.7367029692
        3.6700000000         0.6250000000        -0.7621791049
        3.6750000000         0.6250000000        -0.7316077421
        3.6800000000         0.6250000000        -0.7367029692
        3.6850000000         0.6250000000        -0.7341553556
        3.6900000000         0.6250000000        -0.7392505828
        3.6950000000         0.6250000000        -0.7417981963
        3.7000000000         0.6250000000        -0.7328815489
        3.7050000000         0.6250000000        -0.7354291624
        3.7100000000         0.6250000000        -0.7392505828
        3.7150000000         0.6250000000        -0.7392505828
        3.7200000000         0.6250000000        -0.7456196167
        3.7250000000         0.6250000000        -0.7379767760
        3.7300000000         0.6250000000        -0.7468934235
        3.7350000000         0.6250000000        -0.7354291624
        3.7400000000         0.6250000000        -0.7303339353
        3.7450000000         0.6250000000        -0.7405243896
        3.7500000000         0.6250000000        -0.7341553556
        3.7550000000         0.6250000000        -0.7354291624
        3.7600000000         0.6250000000        -0.7328815489
        3.7650000000         0.6250000000        -0.7379767760
        3.7700000000         0.6250000000        -0.7379767760
        3.7750000000         0.6250000000        -0.7392505828
        3.7800000000         0.6250000000        -0.7328815489
        3.7850000000         0.6250000000        -0.7265125149
        3.7900000000         0.6250000000        -0.7328815489
        3.7950000000         0.6250000000        -0.7354291624
        3.8000000000         0.6250000000        -0.7303339353
        3.8050000000         0.6250000000        -0.7328815489
        3.8100000000         0.6250000000        -0.7328815489
        3.8150000000         0.6250000000        -0.7252387082
        3.8200000000         0.6250000000        -0.7341553556
        3.8250000000         0.6250000000        -0.7405243896
        3.8300000000         0.6250000000        -0.7239649014
        3.8350000000         0.6250000000        -0.7277863217
        3.8400000000         0.6250000000        -0.7290601285
        3.8450000000         0.6250000000        -0.7367029692
        3.8500000000         0.6250000000        -0.7277863217
        3.8550000000         0.6250000000        -0.7252387082
        3.8600000000         0.6250000000        -0.7265125149
        3.8650000000         0.6250000000        -0.7316077421
        3.8700000000         0.6250000000        -0.7226910946
        3.8750000000         0.6250000000        -0.7341553556
        3.8800000000         0.6250000000        -0.7214172878
        3.8850000000         0.6250000000        -0.7303339353
        3.8900000000         0.6250000000        -0.7214172878
        3.8950000000         0.6250000000        -0.7417981963
        3.9000000000         0.6250000000        -0.7175958674
        3.9050000000         0.6250000000        -0.7303339353
        3.9100000000         0.6250000000        -0.7290601285
        3.9150000000         0.6250000000        -0.7137744471
        3.9200000000         0.6250000000        -0.7316077421
        3.9250000000         0.6250000000        -0.7290601285
        3.9300000000         0.6250000000        -0.7125006403
        3.9350000000         0.6250000000        -0.7316077421
        3.9400000000         0.6250000000        -0.7443458099
        3.9450000000         0.6250000000        -0.7226910946
        3.9500000000         0.6250000000        -0.7277863217
        3.9550000000         0.6250000000        -0.7265125149
        3.9600000000         0.6250000000        -0.7290601285
        3.9650000000         0.6250000000        -0.7265125149
        3.9700000000         0.6250000000        -0.7354291624
        3.9750000000         0.6250000000        -0.7290601285
        3.9800000000         0.6250000000        -0.7303339353
        3.9850000000         0.6250000000        -0.7430720031
        3.9900000000         0.6250000000        -0.7430720031
        3.9950000000         0.6250000000        -0.7316077421
        4.0000000000         0.6250000000        -0.7405243896
        4.0050000000         0.6250000000        -0.7456196167
        4.0100000000         0.6250000000        -0.7265125149
        4.0150000000         0.6250000000        -0.7316077421
        4.0200000000         0.6250000000        -0.7481672303
        4.0250000000         0.6250000000        -0.7328815489
        4.0300000000         0.6250000000        -0.7303339353
        4.0350000000         0.6250000000        -0.7443458099
        4.0400000000         0.6250000000        -0.7341553556
        4.0450000000         0.6250000000        -0.7392505828
        4.0500000000         0.6250000000        -0.7392505828
        4.0550000000         0.6250000000        -0.7341553556
        4.0600000000         0.6250000000        -0.7328815489
        4.0650000000         0.6250000000        -0.7354291624
        4.0700000000         0.6250000000        -0.7303339353
        4.0750000000         0.6250000000        -0.7367029692
        4.0800000000         0.6250000000        -0.7468934235
        4.0850000000         0.6250000000        -0.7341553556
        4.0900000000         0.6250000000        -0.7328815489
        4.0950000000         0.6250000000        -0.7430720031
        4.1000000000         0.6250000000        -0.7316077421
        4.1050000000         0.6250000000        -0.7392505828
        4.1100000000         0.6250000000        -0.7290601285
        4.1150000000         0.6250000000        -0.7303339353
        4.1200000000         0.6250000000        -0.7392505828
        4.1250000000         0.6250000000        -0.7328815489
        4.1300000000         0.6250000000        -0.7226910946
        4.1350000000         0.6250000000        -0.7328815489
        4.1400000000         0.6250000000        -0.7265125149
        4.1450000000         0.6250000000        -0.7303339353
        4.1500000000         0.6250000000        -0.7316077421
        4.1550000000         0.6250000000        -0.7341553556
        4.1600000000         0.6250000000        -0.7226910946
        4.1650000000         0.6250000000        -0.7290601285
        4.1700000000         0.6250000000        -0.7379767760
        4.1750000000         0.6250000000        -0.7354291624
        4.1800000000         0.6250000000        -0.7328815489
        4.1850000000         0.6250000000        -0.7252387082
        4.1900000000         0.6250000000        -0.7265125149
        4.1950000000         0.6250000000        -0.7303339353
        4.2000000000         0.6250000000        -0.7316077421
        4.2050000000         0.6250000000        -0.7201434810
        4.2100000000         0.6250000000        -0.7252387082
        4.2150000000         0.6250000000        -0.7290601285
        4.2200000000         0.6250000000        -0.7303339353
        4.2250000000         0.6250000000        -0.7354291624
        4.2300000000         0.6250000000        -0.7367029692
        4.2350000000         0.6250000000        -0.7239649014
        4.2400000000         0.6250000000        -0.7265125149
        4.2450000000         0.6250000000        -0.7379767760
        4.2500000000         0.6250000000        -0.7125006403
        4.2550000000         0.6250000000        -0.7328815489
        4.2600000000         0.6250000000        -0.7125006403
        4.2650000000         0.6250000000        -0.7137744471
        4.2700000000         0.6250000000        -0.7379767760
        4.2750000000         0.6250000000        -0.7265125149
        4.2800000000         0.6250000000        -0.7188696742
        4.2850000000         0.6250000000        -0.7316077421
        4.2900000000         0.6250000000        -0.7328815489
        4.2950000000         0.6250000000        -0.7175958674
        4.3000000000         0.6250000000        -0.7265125149
        4.3050000000         0.6250000000        -0.7354291624
        4.3100000000         0.6250000000        -0.7303339353
        4.3150000000         0.6250000000        -0.7277863217
        4.3200000000         0.6250000000        -0.7290601285
        4.3250000000         0.6250000000        -0.7316077421
        4.3300000000         0.6250000000        -0.7328815489
        4.3350000000         0.6250000000        -0.7456196167
        4.3400000000         0.6250000000        -0.7354291624
        4.3450000000         0.6250000000        -0.7188696742
        4.3500000000         0.6250000000        -0.7443458099
        4.3550000000         0.6250000000        -0.7532624574
        4.3600000000         0.6250000000        -0.7316077421
        4.3650000000         0.6250000000        -0.7341553556
        4.3700000000         0.6250000000        -0.7392505828
        4.3750000000         0.6250000000        -0.7379767760
        4.3800000000         0.6250000000        -0.7456196167
        4.3850000000         0.6250000000        -0.7417981963
        4.3900000000         0.6250000000        -0.7367029692
        4.3950000000         0.6250000000        -0.7417981963
        4.4000000000         0.6250000000        -0.7417981963
        4.4050000000         0.6250000000        -0.7405243896
        4.4100000000         0.6250000000        -0.7405243896
        4.4150000000         0.6250000000        -0.7405243896
        4.4200000000         0.6250000000        -0.7328815489
        4.4250000000         0.6250000000        -0.7443458099
        4.4300000000         0.6250000000        -0.7417981963
        4.4350000000         0.6250000000        -0.7316077421
        4.4400000000         0.6250000000        -0.7379767760
        4.4450000000         0.6250000000        -0.7316077421
        4.4500000000         0.6250000000        -0.7367029692
        4.4550000000         0.6250000000        -0.7405243896
        4.4600000000         0.6250000000        -0.7265125149
        4.4650000000         0.6250000000        -0.7303339353
        4.4700000000         0.6250000000        -0.7354291624
        4.4750000000         0.6250000000        -0.7303339353
        4.4800000000         0.6250000000        -0.7405243896
        4.4850000000         0.6250000000        -0.7354291624
        4.4900000000         0.6250000000        -0.7303339353
        4.4950000000         0.6250000000        -0.7468934235
        4.5000000000         0.6250000000        -0.7379767760
        4.5050000000         0.6250000000        -0.7290601285
        4.5100000000         0.6250000000        -0.7277863217
        4.5150000000         0.6250000000        -0.7328815489
        4.5200000000         0.6250000000        -0.7367029692
        4.5250000000         0.6250000000        -0.7265125149
        4.5300000000         0.6250000000        -0.7367029692
        4.5350000000         0.6250000000        -0.7252387082
        4.5400000000         0.6250000000        -0.7252387082
        4.5450000000         0.6250000000        -0.7354291624
        4.5500000000         0.6250000000        -0.7290601285
        4.5550000000         0.6250000000        -0.7265125149
        4.5600000000         0.6250000000        -0.7290601285
        4.5650000000         0.6250000000        -0.7252387082
        4.5700000000         0.6250000000        -0.7188696742
        4.5750000000         0.6250000000        -0.7417981963
        4.5800000000         0.6250000000        -0.7226910946
        4.5850000000         0.6250000000        -0.7239649014
        4.5900000000         0.6250000000        -0.7316077421
        4.5950000000         0.6250000000        -0.7252387082
        4.6000000000         0.6250000000        -0.7125006403
        4.6050000000         0.6250000000        -0.7379767760
        4.6100000000         0.6250000000        -0.7137744471
        4.6150000000         0.6250000000        -0.7239649014
        4.6200000000         0.6250000000        -0.7379767760
        4.6250000000         0.6250000000        -0.7150482539
        4.6300000000         0.6250000000        -0.7367029692
        4.6350000000         0.6250000000        -0.7303339353
        4.6400000000         0.6250000000        -0.7277863217
        4.6450000000         0.6250000000        -0.7214172878
        4.6500000000         0.6250000000        -0.7290601285
        4.6550000000         0.6250000000        -0.7354291624
        4.6600000000         0.6250000000        -0.7290601285
        4.6650000000         0.6250000000        -0.7367029692
        4.6700000000         0.6250000000        -0.7341553556
        4.6750000000         0.6250000000        -0.7303339353
        4.6800000000         0.6250000000        -0.7430720031
        4.6850000000         0.6250000000        -0.7379767760
        4.6900000000         0.6250000000        -0.7316077421
        4.6950000000         0.6250000000        -0.7163220607
        4.7000000000         0.6250000000        -0.7507148438
        4.7050000000         0.6250000000        -0.7405243896
        4.7100000000         0.6250000000        -0.7290601285
        4.7150000000         0.6250000000        -0.7367029692
        4.7200000000         0.6250000000        -0.7443458099
        4.7250000000         0.6250000000        -0.7328815489
        4.7300000000         0.6250000000        -0.7532624574
        4.7350000000         0.6250000000        -0.7443458099
        4.7400000000         0.6250000000        -0.7354291624
        4.7450000000         0.6250000000        -0.7354291624
        4.7500000000         0.6250000000        -0.7481672303
        4.7550000000         0.6250000000        -0.7468934235
        4.7600000000         0.6250000000        -0.7405243896
        4.7650000000         0.6250000000        -0.7405243896
        4.7700000000         0.6250000000        -0.7303339353
        4.7750000000         0.6250000000        -0.7354291624
        4.7800000000         0.6250000000        -0.7417981963
        4.7850000000         0.6250000000        -0.7316077421
        4.7900000000         0.6250000000        -0.7303339353
        4.7950000000         0.6250000000        -0.7316077421
        4.8000000000         0.6250000000        -0.7417981963
        4.8050000000         0.6250000000        -0.7405243896
        4.8100000000         0.6250000000        -0.7277863217
        4.8150000000         0.6250000000        -0.7303339353
        4.8200000000         0.6250000000        -0.7303339353
        4.8250000000         0.6250000000        -0.7303339353
        4.8300000000         0.6250000000        -0.7367029692
        4.8350000000         0.6250000000        -0.7303339353
        4.8400000000         0.6250000000        -0.7367029692
        4.8450000000         0.6250000000        -0.7328815489
        4.8500000000         0.6250000000        -0.7316077421
        4.8550000000         0.6250000000        -0.7316077421
        4.8600000000         0.6250000000        -0.7277863217
        4.8650000000         0.6250000000        -0.7392505828
        4.8700000000         0.6250000000        -0.7303339353
        4.8750000000         0.6250000000        -0.7277863217
        4.8800000000         0.6250000000        -0.7316077421
        4.8850000000         0.6250000000        -0.7290601285
        4.8900000000         0.6250000000        -0.7277863217
        4.8950000000         0.6250000000        -0.7201434810
        4.9000000000         0.6250000000        -0.7201434810
        4.9050000000         0.6250000000        -0.7239649014
        4.9100000000         0.6250000000        -0.7265125149
        4.9150000000         0.6250000000        -0.7214172878
        4.9200000000         0.6250000000        -0.7163220607
        4.9250000000         0.6250000000        -0.7252387082
        4.9300000000         0.6250000000        -0.7265125149
        4.9350000000         0.6250000000        -0.7341553556
        4.9400000000         0.6250000000        -0.7392505828
        4.9450000000         0.6250000000        -0.7150482539
        4.9500000000         0.6250000000        -0.7214172878
        4.9550000000         0.6250000000        -0.7277863217
        4.9600000000         0.6250000000        -0.7137744471
        4.9650000000         0.6250000000        -0.7328815489
        4.9700000000         0.6250000000        -0.7290601285
        4.9750000000         0.6250000000        -0.7175958674
        4.9800000000         0.6250000000        -0.7290601285
        4.9850000000         0.6250000000        -0.7392505828
        4.9900000000         0.6250000000        -0.7252387082
        4.9950000000         0.6250000000        -0.7277863217
        5.0000000000         0.6250000000        -0.7239649014
        5.0050000000         0.6250000000        -0.7265125149
        5.0100000000         0.6250000000        -0.7303339353
        5.0150000000         0.6250000000        -0.7303339353
        5.0200000000         0.6250000000        -0.7226910946
        5.0250000000         0.6250000000        -0.7354291624
        5.0300000000         0.6250000000        -0.7443458099
        5.0350000000         0.6250000000        -0.7341553556
        5.0400000000         0.6250000000        -0.7201434810
        5.0450000000         0.6250000000        -0.7265125149
        5.0500000000         0.6250000000        -0.7507148438
        5.0550000000         0.6250000000        -0.7303339353
        5.0600000000         0.6250000000        -0.7341553556
        5.0650000000         0.6250000000        -0.7417981963
        5.0700000000         0.6250000000        -0.7316077421
        5.0750000000         0.6250000000        -0.7405243896
        5.0800000000         0.6250000000        -0.7379767760
        5.0850000000         0.6250000000        -0.7430720031
        5.0900000000         0.6250000000        -0.7405243896
        5.0950000000         0.6250000000        -0.7367029692
        5.1000000000         0.6250000000        -0.7354291624
        5.1050000000         0.6250000000        -0.7405243896
        5.1100000000         0.6250000000        -0.7456196167
        5.1150000000         0.6250000000        -0.7468934235
        5.1200000000         0.6250000000        -0.7303339353
        0.0000000000         0.0000000000         0.0000000000
        0.0000000000         0.0000000000         0.0000000000
        0.0000000000         0.0000000000         0.0000000000
        0.0000000000         0.0000000000         0.0000000000
        0.0000000000         0.0000000000         0.0000000000
        0.0000000000         0.0000000000         0.0000000000
        0.0000000000         0.0000000000         0.0000000000
        0.0000000000         0.0000000000         0.0000000000
        0.0000000000         0.0000000000         0.0000000000
        0.0000000000         0.0000000000         0.0000000000
        0.0000000000         0.0000000000         0.0000000000
        0.0000000000         0.0000000000         0.0000000000
        0.0000000000         0.0000000000         0.0000000000
        0.0000000000         0.0000000000         0.0000000000
        0.0000000000         0.0000000000         0.0000000000
        0.0000000000         0.0000000000         0.0000000000
        0.0000000000         0.0000000000         0.0000000000
        0.0000000000         0.0000000000         0.0000000000
        0.0000000000         0.0000000000         0.0000000000
        0.0000000000         0.0000000000         0.0000000000
        0.0000000000         0.0000000000         0.0000000000
        0.0000000000         0.0000000000         0.0000000000
        0.0000000000         0.0000000000         0.0000000000
        0.0000000000         0.0000000000         0.0000000000
        0.0000000000         0.0000000000         0.0000000000
        0.0000000000         0.0000000000         0.0000000000
        0.0000000000         0.0000000000         0.0000000000
        0.0000000000         0.0000000000         0.0000000000
        0.0000000000         0.0000000000         0.0000000000
        0.0000000000         0.0000000000         0.0000000000
        0.0000000000         0.0000000000         0.0000000000
        0.0000000000         0.0000000000         0.0000000000
        0.0000000000         0.0000000000         0.0000000000
        0.0000000000         0.0000000000         0.0000000000
        0.0000000000         0.0000000000         0.0000000000
        0.0000000000         0.0000000000         0.0000000000
        0.0000000000         0.0000000000         0.0000000000
        0.0000000000         0.0000000000         0.0000000000
        0.0000000000         0.0000000000         0.0000000000
        0.0000000000         0.0000000000         0.0000000000
        0.0000000000         0.0000000000         0.0000000000
        0.0000000000         0.0000000000         0.0000000000
        0.0000000000         0.0000000000         0.0000000000
        0.0000000000         0.0000000000         0.0000000000
        0.0000000000         0.0000000000         0.0000000000
        0.0000000000         0.0000000000         0.0000000000
        0.0000000000         0.0000000000         0.0000000000
        0.0000000000         0.0000000000         0.0000000000
        0.0000000000         0.0000000000         0.0000000000
        0.0000000000         0.0000000000         0.0000000000
        0.0000000000         0.0000000000         0.0000000000
        0.0000000000         0.0000000000         0.0000000000
        0.0000000000         0.0000000000         0.0000000000
        0.0000000000         0.0000000000         0.0000000000
        0.0000000000         0.0000000000         0.0000000000
        0.0000000000         0.0000000000         0.0000000000
        0.0000000000         0.0000000000         0.0000000000
        0.0000000000         0.0000000000         0.0000000000
        0.0000000000         0.0000000000         0.0000000000
        0.0000000000         0.0000000000         0.0000000000
        0.0000000000         0.0000000000         0.0000000000
        0.0000000000         0.0000000000         0.0000000000
        0.0000000000         0.0000000000         0.0000000000
        0.0000000000         0.0000000000         0.0000000000
        0.0000000000         0.0000000000         0.0000000000
        0.0000000000         0.0000000000         0.0000000000
        0.0000000000         0.0000000000         0.0000000000
        0.0000000000         0.0000000000         0.0000000000
        0.0000000000         0.0000000000         0.0000000000
        0.0000000000         0.0000000000         0.0000000000
        0.0000000000         0.0000000000         0.0000000000
        0.0000000000         0.0000000000         0.0000000000
        0.0000000000         0.0000000000         0.0000000000
        0.0000000000         0.0000000000         0.0000000000
        0.0000000000         0.0000000000         0.0000000000
        0.0000000000         0.0000000000         0.0000000000
        0.0000000000         0.0000000000         0.0000000000
        0.0000000000         0.0000000000         0.0000000000
        0.0000000000         0.0000000000         0.0000000000
        0.0000000000         0.0000000000         0.0000000000
        0.0000000000         0.0000000000         0.0000000000
        0.0000000000         0.0000000000         0.0000000000
        0.0000000000         0.0000000000         0.0000000000
        0.0000000000         0.0000000000         0.0000000000
        0.0000000000         0.0000000000         0.0000000000
        0.0000000000         0.0000000000         0.0000000000
        0.0000000000         0.0000000000         0.0000000000
        0.0000000000         0.0000000000         0.0000000000
        0.0000000000         0.0000000000         0.0000000000
        0.0000000000         0.0000000000         0.0000000000
        0.0000000000         0.0000000000         0.0000000000
        0.0000000000         0.0000000000         0.0000000000
        0.0000000000         0.0000000000         0.0000000000
        0.0000000000         0.0000000000         0.0000000000
        0.0000000000         0.0000000000         0.0000000000
        0.0000000000         0.0000000000         0.0000000000
        0.0000000000         0.0000000000         0.0000000000
        0.0000000000         0.0000000000         0.0000000000
        0.0000000000         0.0000000000         0.0000000000
        0.0000000000         0.0000000000         0.0000000000
        0.0000000000         0.0000000000         0.0000000000
        0.0000000000         0.0000000000         0.0000000000
        0.0000000000         0.0000000000         0.0000000000
        0.0000000000         0.0000000000         0.0000000000
        0.0000000000         0.0000000000         0.0000000000
        0.0000000000         0.0000000000         0.0000000000
        0.0000000000         0.0000000000         0.0000000000
        0.0000000000         0.0000000000         0.0000000000
        0.0000000000         0.0000000000         0.0000000000
        0.0000000000         0.0000000000         0.0000000000
        0.0000000000         0.0000000000         0.0000000000
        0.0000000000         0.0000000000         0.0000000000
        0.0000000000         0.0000000000         0.0000000000
        0.0000000000         0.0000000000         0.0000000000
        0.0000000000         0.0000000000         0.0000000000
        0.0000000000         0.0000000000         0.0000000000
        0.0000000000         0.0000000000         0.0000000000
        0.0000000000         0.0000000000         0.0000000000
        0.0000000000         0.0000000000         0.0000000000
        0.0000000000         0.0000000000         0.0000000000
        0.0000000000         0.0000000000         0.0000000000
        0.0000000000         0.0000000000         0.0000000000
        0.0000000000         0.0000000000         0.0000000000
        0.0000000000         0.0000000000         0.0000000000
        0.0000000000         0.0000000000         0.0000000000
        0.0000000000         0.0000000000         0.0000000000
        0.0000000000         0.0000000000         0.0000000000
        0.0000000000         0.0000000000         0.0000000000
        0.0000000000         0.0000000000         0.0000000000
        0.0000000000         0.0000000000         0.0000000000
        0.0000000000         0.0000000000         0.0000000000
        0.0000000000         0.0000000000         0.0000000000
        0.0000000000         0.0000000000         0.0000000000
        0.0000000000         0.0000000000         0.0000000000
        0.0000000000         0.0000000000         0.0000000000
        0.0000000000         0.0000000000         0.0000000000
        0.0000000000         0.0000000000         0.0000000000
        0.0000000000         0.0000000000         0.0000000000
        0.0000000000         0.0000000000         0.0000000000
        0.0000000000         0.0000000000         0.0000000000
        0.0000000000         0.0000000000         0.0000000000
        0.0000000000         0.0000000000         0.0000000000
        0.0000000000         0.0000000000         0.0000000000
        0.0000000000         0.0000000000         0.0000000000
        0.0000000000         0.0000000000         0.0000000000
        0.0000000000         0.0000000000         0.0000000000
        0.0000000000         0.0000000000         0.0000000000
        0.0000000000         0.0000000000         0.0000000000
        0.0000000000         0.0000000000         0.0000000000
        0.0000000000         0.0000000000         0.0000000000
        0.0000000000         0.0000000000         0.0000000000
        0.0000000000         0.0000000000         0.0000000000
        0.0000000000         0.0000000000         0.0000000000
        0.0000000000         0.0000000000         0.0000000000
        0.0000000000         0.0000000000         0.0000000000
        0.0000000000         0.0000000000         0.0000000000
        0.0000000000         0.0000000000         0.0000000000
        0.0000000000         0.0000000000         0.0000000000
        0.0000000000         0.0000000000         0.0000000000
        0.0000000000         0.0000000000         0.0000000000
        0.0000000000         0.0000000000         0.0000000000
        0.0000000000         0.0000000000         0.0000000000
        0.0000000000         0.0000000000         0.0000000000
        0.0000000000         0.0000000000         0.0000000000
        0.0000000000         0.0000000000         0.0000000000
        0.0000000000         0.0000000000         0.0000000000
        0.0000000000         0.0000000000         0.0000000000
        0.0000000000         0.0000000000         0.0000000000
        0.0000000000         0.0000000000         0.0000000000
        0.0000000000         0.0000000000         0.0000000000
        0.0000000000         0.0000000000         0.0000000000
        0.0000000000         0.0000000000         0.0000000000
        0.0000000000         0.0000000000         0.0000000000
        0.0000000000         0.0000000000         0.0000000000
        0.0000000000         0.0000000000         0.0000000000
        0.0000000000         0.0000000000         0.0000000000
        0.0000000000         0.0000000000         0.0000000000
        0.0000000000         0.0000000000         0.0000000000
        0.0000000000         0.0000000000         0.0000000000
        0.0000000000         0.0000000000         0.0000000000
        0.0000000000         0.0000000000         0.0000000000
        0.0000000000         0.0000000000         0.0000000000
        0.0000000000         0.0000000000         0.0000000000
        0.0000000000         0.0000000000         0.0000000000
        0.0000000000         0.0000000000         0.0000000000
        0.0000000000         0.0000000000         0.0000000000
        0.0000000000         0.0000000000         0.0000000000
        0.0000000000         0.0000000000         0.0000000000
        0.0000000000         0.0000000000         0.0000000000
        0.0000000000         0.0000000000         0.0000000000
        0.0000000000         0.0000000000         0.0000000000
        0.0000000000         0.0000000000         0.0000000000
        0.0000000000         0.0000000000         0.0000000000
        0.0000000000         0.0000000000         0.0000000000
        0.0000000000         0.0000000000         0.0000000000
        0.0000000000         0.0000000000         0.0000000000
        0.0000000000         0.0000000000         0.0000000000
        0.0000000000         0.0000000000         0.0000000000
