        0.9950000000         1.1500000000        -0.5812985415
        1.0000000000         1.1500000000        -0.5863937687
        1.0050000000         1.1500000000        -0.6105960976
        1.0100000000         1.1500000000        -0.5800247347
        1.0150000000         1.1500000000        -0.5889413822
        1.0200000000         1.1500000000        -0.5800247347
        1.0250000000         1.1500000000        -0.5774771212
        1.0300000000         1.1500000000        -0.5953104161
        1.0350000000         1.1500000000        -0.5927628026
        1.0400000000         1.1500000000        -0.5749295076
        1.0450000000         1.1500000000        -0.5825723483
        1.0500000000         1.1500000000        -0.5749295076
        1.0550000000         1.1500000000        -0.5774771212
        1.0600000000         1.1500000000        -0.5953104161
        1.0650000000         1.1500000000        -0.5762033144
        1.0700000000         1.1500000000        -0.5787509280
        1.0750000000         1.1500000000        -0.5863937687
        1.0800000000         1.1500000000        -0.5838461551
        1.0850000000         1.1500000000        -0.5851199619
        1.0900000000         1.1500000000        -0.5825723483
        1.0950000000         1.1500000000        -0.5889413822
        1.1000000000         1.1500000000        -0.5800247347
        1.1050000000         1.1500000000        -0.5889413822
        1.1100000000         1.1500000000        -0.5774771212
        1.1150000000         1.1500000000        -0.5978580297
        1.1200000000         1.1500000000        -0.5825723483
        1.1250000000         1.1500000000        -0.5825723483
        1.1300000000         1.1500000000        -0.5787509280
        1.1350000000         1.1500000000        -0.5851199619
        1.1400000000         1.1500000000        -0.6004056433
        1.1450000000         1.1500000000        -0.5838461551
        1.1500000000         1.1500000000        -0.5825723483
        1.1550000000         1.1500000000        -0.5889413822
        1.1600000000         1.1500000000        -0.5863937687
        1.1650000000         1.1500000000        -0.5876675754
        1.1700000000         1.1500000000        -0.5991318365
        1.1750000000         1.1500000000        -0.5812985415
        1.1800000000         1.1500000000        -0.5940366094
        1.1850000000         1.1500000000        -0.5953104161
        1.1900000000         1.1500000000        -0.5940366094
        1.1950000000         1.1500000000        -0.5965842229
        1.2000000000         1.1500000000        -0.5889413822
        1.2050000000         1.1500000000        -0.5863937687
        1.2100000000         1.1500000000        -0.5965842229
        1.2150000000         1.1500000000        -0.5914889958
        1.2200000000         1.1500000000        -0.5978580297
        1.2250000000         1.1500000000        -0.5940366094
        1.2300000000         1.1500000000        -0.5851199619
        1.2350000000         1.1500000000        -0.6067746772
        1.2400000000         1.1500000000        -0.5749295076
        1.2450000000         1.1500000000        -0.5940366094
        1.2500000000         1.1500000000        -0.5991318365
        1.2550000000         1.1500000000        -0.5902151890
        1.2600000000         1.1500000000        -0.5800247347
        1.2650000000         1.1500000000        -0.6029532569
        1.2700000000         1.1500000000        -0.5876675754
        1.2750000000         1.1500000000        -0.5787509280
        1.2800000000         1.1500000000        -0.6029532569
        1.2850000000         1.1500000000        -0.5991318365
        1.2900000000         1.1500000000        -0.5876675754
        1.2950000000         1.1500000000        -0.5889413822
        1.3000000000         1.1500000000        -0.5965842229
        1.3050000000         1.1500000000        -0.5927628026
        1.3100000000         1.1500000000        -0.5902151890
        1.3150000000         1.1500000000        -0.5965842229
        1.3200000000         1.1500000000        -0.5953104161
        1.3250000000         1.1500000000        -0.5863937687
        1.3300000000         1.1500000000        -0.5927628026
        1.3350000000         1.1500000000        -0.5851199619
        1.3400000000         1.1500000000        -0.5876675754
        1.3450000000         1.1500000000        -0.5991318365
        1.3500000000         1.1500000000        -0.5953104161
        1.3550000000         1.1500000000        -0.5812985415
        1.3600000000         1.1500000000        -0.6004056433
        1.3650000000         1.1500000000        -0.5851199619
        1.3700000000         1.1500000000        -0.5927628026
        1.3750000000         1.1500000000        -0.5927628026
        1.3800000000         1.1500000000        -0.5889413822
        1.3850000000         1.1500000000        -0.5863937687
        1.3900000000         1.1500000000        -0.5978580297
        1.3950000000         1.1500000000        -0.5774771212
        1.4000000000         1.1500000000        -0.5927628026
        1.4050000000         1.1500000000        -0.5902151890
        1.4100000000         1.1500000000        -0.5838461551
        1.4150000000         1.1500000000        -0.5953104161
        1.4200000000         1.1500000000        -0.5927628026
        1.4250000000         1.1500000000        -0.5927628026
        1.4300000000         1.1500000000        -0.5876675754
        1.4350000000         1.1500000000        -0.5953104161
        1.4400000000         1.1500000000        -0.5825723483
        1.4450000000         1.1500000000        -0.5851199619
        1.4500000000         1.1500000000        -0.5876675754
        1.4550000000         1.1500000000        -0.5876675754
        1.4600000000         1.1500000000        -0.5787509280
        1.4650000000         1.1500000000        -0.5927628026
        1.4700000000         1.1500000000        -0.5914889958
        1.4750000000         1.1500000000        -0.5736557008
        1.4800000000         1.1500000000        -0.5876675754
        1.4850000000         1.1500000000        -0.5876675754
        1.4900000000         1.1500000000        -0.5851199619
        1.4950000000         1.1500000000        -0.5927628026
        1.5000000000         1.1500000000        -0.5800247347
        1.5050000000         1.1500000000        -0.5889413822
        1.5100000000         1.1500000000        -0.5863937687
        1.5150000000         1.1500000000        -0.5914889958
        1.5200000000         1.1500000000        -0.5876675754
        1.5250000000         1.1500000000        -0.5927628026
        1.5300000000         1.1500000000        -0.5812985415
        1.5350000000         1.1500000000        -0.5953104161
        1.5400000000         1.1500000000        -0.5851199619
        1.5450000000         1.1500000000        -0.5889413822
        1.5500000000         1.1500000000        -0.6004056433
        1.5550000000         1.1500000000        -0.5914889958
        1.5600000000         1.1500000000        -0.5825723483
        1.5650000000         1.1500000000        -0.5953104161
        1.5700000000         1.1500000000        -0.5953104161
        1.5750000000         1.1500000000        -0.5978580297
        1.5800000000         1.1500000000        -0.5876675754
        1.5850000000         1.1500000000        -0.5953104161
        1.5900000000         1.1500000000        -0.5876675754
        1.5950000000         1.1500000000        -0.5914889958
        1.6000000000         1.1500000000        -0.6080484840
        1.6050000000         1.1500000000        -0.5914889958
        1.6100000000         1.1500000000        -0.5927628026
        1.6150000000         1.1500000000        -0.5953104161
        1.6200000000         1.1500000000        -0.5991318365
        1.6250000000         1.1500000000        -0.5940366094
        1.6300000000         1.1500000000        -0.5978580297
        1.6350000000         1.1500000000        -0.5991318365
        1.6400000000         1.1500000000        -0.6029532569
        1.6450000000         1.1500000000        -0.5978580297
        1.6500000000         1.1500000000        -0.5940366094
        1.6550000000         1.1500000000        -0.5851199619
        1.6600000000         1.1500000000        -0.5991318365
        1.6650000000         1.1500000000        -0.6080484840
        1.6700000000         1.1500000000        -0.5876675754
        1.6750000000         1.1500000000        -0.5812985415
        1.6800000000         1.1500000000        -0.5978580297
        1.6850000000         1.1500000000        -0.5914889958
        1.6900000000         1.1500000000        -0.5800247347
        1.6950000000         1.1500000000        -0.6144175179
        1.7000000000         1.1500000000        -0.5838461551
        1.7050000000         1.1500000000        -0.5889413822
        1.7100000000         1.1500000000        -0.5902151890
        1.7150000000         1.1500000000        -0.5953104161
        1.7200000000         1.1500000000        -0.5902151890
        1.7250000000         1.1500000000        -0.5902151890
        1.7300000000         1.1500000000        -0.5914889958
        1.7350000000         1.1500000000        -0.5953104161
        1.7400000000         1.1500000000        -0.5927628026
        1.7450000000         1.1500000000        -0.5991318365
        1.7500000000         1.1500000000        -0.5889413822
        1.7550000000         1.1500000000        -0.5978580297
        1.7600000000         1.1500000000        -0.5914889958
        1.7650000000         1.1500000000        -0.5914889958
        1.7700000000         1.1500000000        -0.5991318365
        1.7750000000         1.1500000000        -0.5965842229
        1.7800000000         1.1500000000        -0.5927628026
        1.7850000000         1.1500000000        -0.5965842229
        1.7900000000         1.1500000000        -0.5927628026
        1.7950000000         1.1500000000        -0.5940366094
        1.8000000000         1.1500000000        -0.5978580297
        1.8050000000         1.1500000000        -0.5953104161
        1.8100000000         1.1500000000        -0.5927628026
        1.8150000000         1.1500000000        -0.5953104161
        1.8200000000         1.1500000000        -0.5876675754
        1.8250000000         1.1500000000        -0.5863937687
        1.8300000000         1.1500000000        -0.5927628026
        1.8350000000         1.1500000000        -0.5902151890
        1.8400000000         1.1500000000        -0.5927628026
        1.8450000000         1.1500000000        -0.5914889958
        1.8500000000         1.1500000000        -0.6004056433
        1.8550000000         1.1500000000        -0.5991318365
        1.8600000000         1.1500000000        -0.5953104161
        1.8650000000         1.1500000000        -0.6016794501
        1.8700000000         1.1500000000        -0.5889413822
        1.8750000000         1.1500000000        -0.5876675754
        1.8800000000         1.1500000000        -0.6067746772
        1.8850000000         1.1500000000        -0.5914889958
        1.8900000000         1.1500000000        -0.5800247347
        1.8950000000         1.1500000000        -0.5978580297
        1.9000000000         1.1500000000        -0.5991318365
        1.9050000000         1.1500000000        -0.5889413822
        1.9100000000         1.1500000000        -0.5965842229
        1.9150000000         1.1500000000        -0.5940366094
        1.9200000000         1.1500000000        -0.6042270636
        1.9250000000         1.1500000000        -0.5953104161
        1.9300000000         1.1500000000        -0.5787509280
        1.9350000000         1.1500000000        -0.5991318365
        1.9400000000         1.1500000000        -0.5914889958
        1.9450000000         1.1500000000        -0.5953104161
        1.9500000000         1.1500000000        -0.5927628026
        1.9550000000         1.1500000000        -0.6029532569
        1.9600000000         1.1500000000        -0.5812985415
        1.9650000000         1.1500000000        -0.6055008704
        1.9700000000         1.1500000000        -0.5825723483
        1.9750000000         1.1500000000        -0.6055008704
        1.9800000000         1.1500000000        -0.6067746772
        1.9850000000         1.1500000000        -0.5889413822
        1.9900000000         1.1500000000        -0.5851199619
        1.9950000000         1.1500000000        -0.5927628026
        2.0000000000         1.1500000000        -0.6080484840
        2.0050000000         1.1500000000        -0.6029532569
        2.0100000000         1.1500000000        -0.5851199619
        2.0150000000         1.1500000000        -0.6055008704
        2.0200000000         1.1500000000        -0.5978580297
        2.0250000000         1.1500000000        -0.5825723483
        2.0300000000         1.1500000000        -0.6207865518
        2.0350000000         1.1500000000        -0.5914889958
        2.0400000000         1.1500000000        -0.5902151890
        2.0450000000         1.1500000000        -0.6029532569
        2.0500000000         1.1500000000        -0.5914889958
        2.0550000000         1.1500000000        -0.6004056433
        2.0600000000         1.1500000000        -0.6067746772
        2.0650000000         1.1500000000        -0.5991318365
        2.0700000000         1.1500000000        -0.6042270636
        2.0750000000         1.1500000000        -0.6004056433
        2.0800000000         1.1500000000        -0.5940366094
        2.0850000000         1.1500000000        -0.5902151890
        2.0900000000         1.1500000000        -0.6029532569
        2.0950000000         1.1500000000        -0.6080484840
        2.1000000000         1.1500000000        -0.5953104161
        2.1050000000         1.1500000000        -0.6004056433
        2.1100000000         1.1500000000        -0.6080484840
        2.1150000000         1.1500000000        -0.5927628026
        2.1200000000         1.1500000000        -0.5927628026
        2.1250000000         1.1500000000        -0.6029532569
        2.1300000000         1.1500000000        -0.5965842229
        2.1350000000         1.1500000000        -0.5965842229
        2.1400000000         1.1500000000        -0.5978580297
        2.1450000000         1.1500000000        -0.5978580297
        2.1500000000         1.1500000000        -0.6004056433
        2.1550000000         1.1500000000        -0.6004056433
        2.1600000000         1.1500000000        -0.6004056433
        2.1650000000         1.1500000000        -0.6055008704
        2.1700000000         1.1500000000        -0.6004056433
        2.1750000000         1.1500000000        -0.5965842229
        2.1800000000         1.1500000000        -0.6131437111
        2.1850000000         1.1500000000        -0.6004056433
        2.1900000000         1.1500000000        -0.6004056433
        2.1950000000         1.1500000000        -0.6042270636
        2.2000000000         1.1500000000        -0.5940366094
        2.2050000000         1.1500000000        -0.5902151890
        2.2100000000         1.1500000000        -0.5991318365
        2.2150000000         1.1500000000        -0.5978580297
        2.2200000000         1.1500000000        -0.6029532569
        2.2250000000         1.1500000000        -0.5902151890
        2.2300000000         1.1500000000        -0.6016794501
        2.2350000000         1.1500000000        -0.5978580297
        2.2400000000         1.1500000000        -0.6004056433
        2.2450000000         1.1500000000        -0.5940366094
        2.2500000000         1.1500000000        -0.5991318365
        2.2550000000         1.1500000000        -0.5953104161
        2.2600000000         1.1500000000        -0.5978580297
        2.2650000000         1.1500000000        -0.6055008704
        2.2700000000         1.1500000000        -0.5863937687
        2.2750000000         1.1500000000        -0.5991318365
        2.2800000000         1.1500000000        -0.6055008704
        2.2850000000         1.1500000000        -0.6016794501
        2.2900000000         1.1500000000        -0.5978580297
        2.2950000000         1.1500000000        -0.5991318365
        2.3000000000         1.1500000000        -0.5953104161
        2.3050000000         1.1500000000        -0.5953104161
        2.3100000000         1.1500000000        -0.6004056433
        2.3150000000         1.1500000000        -0.5927628026
        2.3200000000         1.1500000000        -0.5876675754
        2.3250000000         1.1500000000        -0.6131437111
        2.3300000000         1.1500000000        -0.5889413822
        2.3350000000         1.1500000000        -0.5812985415
        2.3400000000         1.1500000000        -0.6004056433
        2.3450000000         1.1500000000        -0.5927628026
        2.3500000000         1.1500000000        -0.6118699043
        2.3550000000         1.1500000000        -0.5889413822
        2.3600000000         1.1500000000        -0.5863937687
        2.3650000000         1.1500000000        -0.5965842229
        2.3700000000         1.1500000000        -0.5978580297
        2.3750000000         1.1500000000        -0.5965842229
        2.3800000000         1.1500000000        -0.5991318365
        2.3850000000         1.1500000000        -0.5940366094
        2.3900000000         1.1500000000        -0.6080484840
        2.3950000000         1.1500000000        -0.5927628026
        2.4000000000         1.1500000000        -0.6004056433
        2.4050000000         1.1500000000        -0.6004056433
        2.4100000000         1.1500000000        -0.6080484840
        2.4150000000         1.1500000000        -0.5927628026
        2.4200000000         1.1500000000        -0.6042270636
        2.4250000000         1.1500000000        -0.5965842229
        2.4300000000         1.1500000000        -0.6055008704
        2.4350000000         1.1500000000        -0.5978580297
        2.4400000000         1.1500000000        -0.6080484840
        2.4450000000         1.1500000000        -0.5927628026
        2.4500000000         1.1500000000        -0.6016794501
        2.4550000000         1.1500000000        -0.6195127451
        2.4600000000         1.1500000000        -0.5991318365
        2.4650000000         1.1500000000        -0.5991318365
        2.4700000000         1.1500000000        -0.6131437111
        2.4750000000         1.1500000000        -0.6004056433
        2.4800000000         1.1500000000        -0.6029532569
        2.4850000000         1.1500000000        -0.6080484840
        2.4900000000         1.1500000000        -0.6055008704
        2.4950000000         1.1500000000        -0.6118699043
        2.5000000000         1.1500000000        -0.6029532569
        2.5050000000         1.1500000000        -0.5991318365
        2.5100000000         1.1500000000        -0.5978580297
        2.5150000000         1.1500000000        -0.5965842229
        2.5200000000         1.1500000000        -0.6080484840
        2.5250000000         1.1500000000        -0.5991318365
        2.5300000000         1.1500000000        -0.5991318365
        2.5350000000         1.1500000000        -0.6080484840
        2.5400000000         1.1500000000        -0.5940366094
        2.5450000000         1.1500000000        -0.5978580297
        2.5500000000         1.1500000000        -0.6029532569
        2.5550000000         1.1500000000        -0.6004056433
        2.5600000000         1.1500000000        -0.5953104161
        2.5650000000         1.1500000000        -0.6067746772
        2.5700000000         1.1500000000        -0.6016794501
        2.5750000000         1.1500000000        -0.6118699043
        2.5800000000         1.1500000000        -0.5914889958
        2.5850000000         1.1500000000        -0.6080484840
        2.5900000000         1.1500000000        -0.6055008704
        2.5950000000         1.1500000000        -0.5965842229
        2.6000000000         1.1500000000        -0.5965842229
        2.6050000000         1.1500000000        -0.6067746772
        2.6100000000         1.1500000000        -0.5927628026
        2.6150000000         1.1500000000        -0.6029532569
        2.6200000000         1.1500000000        -0.6055008704
        2.6250000000         1.1500000000        -0.5889413822
        2.6300000000         1.1500000000        -0.6042270636
        2.6350000000         1.1500000000        -0.6004056433
        2.6400000000         1.1500000000        -0.5953104161
        2.6450000000         1.1500000000        -0.5978580297
        2.6500000000         1.1500000000        -0.5965842229
        2.6550000000         1.1500000000        -0.6042270636
        2.6600000000         1.1500000000        -0.5953104161
        2.6650000000         1.1500000000        -0.5876675754
        2.6700000000         1.1500000000        -0.5927628026
        2.6750000000         1.1500000000        -0.6004056433
        2.6800000000         1.1500000000        -0.5953104161
        2.6850000000         1.1500000000        -0.6004056433
        2.6900000000         1.1500000000        -0.6004056433
        2.6950000000         1.1500000000        -0.5851199619
        2.7000000000         1.1500000000        -0.5978580297
        2.7050000000         1.1500000000        -0.5953104161
        2.7100000000         1.1500000000        -0.5991318365
        2.7150000000         1.1500000000        -0.5978580297
        2.7200000000         1.1500000000        -0.6067746772
        2.7250000000         1.1500000000        -0.6029532569
        2.7300000000         1.1500000000        -0.5914889958
        2.7350000000         1.1500000000        -0.6067746772
        2.7400000000         1.1500000000        -0.5902151890
        2.7450000000         1.1500000000        -0.5902151890
        2.7500000000         1.1500000000        -0.6347984265
        2.7550000000         1.1500000000        -0.5927628026
        2.7600000000         1.1500000000        -0.5812985415
        2.7650000000         1.1500000000        -0.6016794501
        2.7700000000         1.1500000000        -0.5978580297
        2.7750000000         1.1500000000        -0.6093222908
        2.7800000000         1.1500000000        -0.5927628026
        2.7850000000         1.1500000000        -0.5851199619
        2.7900000000         1.1500000000        -0.5965842229
        2.7950000000         1.1500000000        -0.5927628026
        2.8000000000         1.1500000000        -0.5940366094
        2.8050000000         1.1500000000        -0.6029532569
        2.8100000000         1.1500000000        -0.5889413822
        2.8150000000         1.1500000000        -0.6004056433
        2.8200000000         1.1500000000        -0.5953104161
        2.8250000000         1.1500000000        -0.5902151890
        2.8300000000         1.1500000000        -0.6055008704
        2.8350000000         1.1500000000        -0.6080484840
        2.8400000000         1.1500000000        -0.5876675754
        2.8450000000         1.1500000000        -0.5978580297
        2.8500000000         1.1500000000        -0.5953104161
        2.8550000000         1.1500000000        -0.6131437111
        2.8600000000         1.1500000000        -0.5902151890
        2.8650000000         1.1500000000        -0.6016794501
        2.8700000000         1.1500000000        -0.5978580297
        2.8750000000         1.1500000000        -0.5927628026
        2.8800000000         1.1500000000        -0.6055008704
        2.8850000000         1.1500000000        -0.5991318365
        2.8900000000         1.1500000000        -0.5889413822
        2.8950000000         1.1500000000        -0.6080484840
        2.9000000000         1.1500000000        -0.6067746772
        2.9050000000         1.1500000000        -0.6004056433
        2.9100000000         1.1500000000        -0.5978580297
        2.9150000000         1.1500000000        -0.5991318365
        2.9200000000         1.1500000000        -0.6067746772
        2.9250000000         1.1500000000        -0.5927628026
        2.9300000000         1.1500000000        -0.6093222908
        2.9350000000         1.1500000000        -0.6004056433
        2.9400000000         1.1500000000        -0.6029532569
        2.9450000000         1.1500000000        -0.6055008704
        2.9500000000         1.1500000000        -0.6042270636
        2.9550000000         1.1500000000        -0.5889413822
        2.9600000000         1.1500000000        -0.6055008704
        2.9650000000         1.1500000000        -0.6080484840
        2.9700000000         1.1500000000        -0.5914889958
        2.9750000000         1.1500000000        -0.6118699043
        2.9800000000         1.1500000000        -0.5965842229
        2.9850000000         1.1500000000        -0.5978580297
        2.9900000000         1.1500000000        -0.6042270636
        2.9950000000         1.1500000000        -0.6067746772
        3.0000000000         1.1500000000        -0.5978580297
        3.0050000000         1.1500000000        -0.5953104161
        3.0100000000         1.1500000000        -0.6055008704
        3.0150000000         1.1500000000        -0.6004056433
        3.0200000000         1.1500000000        -0.6067746772
        3.0250000000         1.1500000000        -0.6055008704
        3.0300000000         1.1500000000        -0.6004056433
        3.0350000000         1.1500000000        -0.6004056433
        3.0400000000         1.1500000000        -0.6016794501
        3.0450000000         1.1500000000        -0.5927628026
        3.0500000000         1.1500000000        -0.6080484840
        3.0550000000         1.1500000000        -0.5991318365
        3.0600000000         1.1500000000        -0.5978580297
        3.0650000000         1.1500000000        -0.5965842229
        3.0700000000         1.1500000000        -0.5927628026
        3.0750000000         1.1500000000        -0.5927628026
        3.0800000000         1.1500000000        -0.6118699043
        3.0850000000         1.1500000000        -0.5953104161
        3.0900000000         1.1500000000        -0.6004056433
        3.0950000000         1.1500000000        -0.5991318365
        3.1000000000         1.1500000000        -0.6029532569
        3.1050000000         1.1500000000        -0.5927628026
        3.1100000000         1.1500000000        -0.6029532569
        3.1150000000         1.1500000000        -0.6080484840
        3.1200000000         1.1500000000        -0.5889413822
        3.1250000000         1.1500000000        -0.6131437111
        3.1300000000         1.1500000000        -0.5991318365
        3.1350000000         1.1500000000        -0.5914889958
        3.1400000000         1.1500000000        -0.6042270636
        3.1450000000         1.1500000000        -0.6156913247
        3.1500000000         1.1500000000        -0.6016794501
        3.1550000000         1.1500000000        -0.5940366094
        3.1600000000         1.1500000000        -0.6131437111
        3.1650000000         1.1500000000        -0.5902151890
        3.1700000000         1.1500000000        -0.5978580297
        3.1750000000         1.1500000000        -0.6207865518
        3.1800000000         1.1500000000        -0.5889413822
        3.1850000000         1.1500000000        -0.5876675754
        3.1900000000         1.1500000000        -0.6055008704
        3.1950000000         1.1500000000        -0.5876675754
        3.2000000000         1.1500000000        -0.6182389383
        3.2050000000         1.1500000000        -0.5902151890
        3.2100000000         1.1500000000        -0.5902151890
        3.2150000000         1.1500000000        -0.6004056433
        3.2200000000         1.1500000000        -0.5902151890
        3.2250000000         1.1500000000        -0.6029532569
        3.2300000000         1.1500000000        -0.5953104161
        3.2350000000         1.1500000000        -0.5991318365
        3.2400000000         1.1500000000        -0.6029532569
        3.2450000000         1.1500000000        -0.6042270636
        3.2500000000         1.1500000000        -0.5876675754
        3.2550000000         1.1500000000        -0.6093222908
        3.2600000000         1.1500000000        -0.6105960976
        3.2650000000         1.1500000000        -0.5902151890
        3.2700000000         1.1500000000        -0.5991318365
        3.2750000000         1.1500000000        -0.6080484840
        3.2800000000         1.1500000000        -0.6067746772
        3.2850000000         1.1500000000        -0.5940366094
        3.2900000000         1.1500000000        -0.6042270636
        3.2950000000         1.1500000000        -0.6029532569
        3.3000000000         1.1500000000        -0.5978580297
        3.3050000000         1.1500000000        -0.6156913247
        3.3100000000         1.1500000000        -0.5953104161
        3.3150000000         1.1500000000        -0.6004056433
        3.3200000000         1.1500000000        -0.6105960976
        3.3250000000         1.1500000000        -0.6067746772
        3.3300000000         1.1500000000        -0.6067746772
        3.3350000000         1.1500000000        -0.6080484840
        3.3400000000         1.1500000000        -0.6042270636
        3.3450000000         1.1500000000        -0.6016794501
        3.3500000000         1.1500000000        -0.6029532569
        3.3550000000         1.1500000000        -0.6067746772
        3.3600000000         1.1500000000        -0.6055008704
        3.3650000000         1.1500000000        -0.6080484840
        3.3700000000         1.1500000000        -0.6233341654
        3.3750000000         1.1500000000        -0.6016794501
        3.3800000000         1.1500000000        -0.5965842229
        3.3850000000         1.1500000000        -0.6105960976
        3.3900000000         1.1500000000        -0.6029532569
        3.3950000000         1.1500000000        -0.5953104161
        3.4000000000         1.1500000000        -0.6207865518
        3.4050000000         1.1500000000        -0.6016794501
        3.4100000000         1.1500000000        -0.6004056433
        3.4150000000         1.1500000000        -0.6233341654
        3.4200000000         1.1500000000        -0.6067746772
        3.4250000000         1.1500000000        -0.6004056433
        3.4300000000         1.1500000000        -0.6042270636
        3.4350000000         1.1500000000        -0.5965842229
        3.4400000000         1.1500000000        -0.6055008704
        3.4450000000         1.1500000000        -0.5965842229
        3.4500000000         1.1500000000        -0.6055008704
        3.4550000000         1.1500000000        -0.6105960976
        3.4600000000         1.1500000000        -0.6016794501
        3.4650000000         1.1500000000        -0.5991318365
        3.4700000000         1.1500000000        -0.6016794501
        3.4750000000         1.1500000000        -0.6055008704
        3.4800000000         1.1500000000        -0.6055008704
        3.4850000000         1.1500000000        -0.6055008704
        3.4900000000         1.1500000000        -0.6016794501
        3.4950000000         1.1500000000        -0.5991318365
        3.5000000000         1.1500000000        -0.6080484840
        3.5050000000         1.1500000000        -0.6105960976
        3.5100000000         1.1500000000        -0.6029532569
        3.5150000000         1.1500000000        -0.6029532569
        3.5200000000         1.1500000000        -0.6055008704
        3.5250000000         1.1500000000        -0.6029532569
        3.5300000000         1.1500000000        -0.5940366094
        3.5350000000         1.1500000000        -0.6080484840
        3.5400000000         1.1500000000        -0.6016794501
        3.5450000000         1.1500000000        -0.6080484840
        3.5500000000         1.1500000000        -0.6093222908
        3.5550000000         1.1500000000        -0.5902151890
        3.5600000000         1.1500000000        -0.6042270636
        3.5650000000         1.1500000000        -0.6029532569
        3.5700000000         1.1500000000        -0.6004056433
        3.5750000000         1.1500000000        -0.6004056433
        3.5800000000         1.1500000000        -0.5965842229
        3.5850000000         1.1500000000        -0.5940366094
        3.5900000000         1.1500000000        -0.5927628026
        3.5950000000         1.1500000000        -0.5927628026
        3.6000000000         1.1500000000        -0.6156913247
        3.6050000000         1.1500000000        -0.5851199619
        3.6100000000         1.1500000000        -0.5927628026
        3.6150000000         1.1500000000        -0.6004056433
        3.6200000000         1.1500000000        -0.5876675754
        3.6250000000         1.1500000000        -0.6131437111
        3.6300000000         1.1500000000        -0.5825723483
        3.6350000000         1.1500000000        -0.5991318365
        3.6400000000         1.1500000000        -0.5978580297
        3.6450000000         1.1500000000        -0.5965842229
        3.6500000000         1.1500000000        -0.6029532569
        3.6550000000         1.1500000000        -0.6042270636
        3.6600000000         1.1500000000        -0.5876675754
        3.6650000000         1.1500000000        -0.6182389383
        3.6700000000         1.1500000000        -0.5876675754
        3.6750000000         1.1500000000        -0.5978580297
        3.6800000000         1.1500000000        -0.6093222908
        3.6850000000         1.1500000000        -0.6004056433
        3.6900000000         1.1500000000        -0.5914889958
        3.6950000000         1.1500000000        -0.6055008704
        3.7000000000         1.1500000000        -0.6182389383
        3.7050000000         1.1500000000        -0.6016794501
        3.7100000000         1.1500000000        -0.6016794501
        3.7150000000         1.1500000000        -0.6105960976
        3.7200000000         1.1500000000        -0.6093222908
        3.7250000000         1.1500000000        -0.6004056433
        3.7300000000         1.1500000000        -0.6233341654
        3.7350000000         1.1500000000        -0.5978580297
        3.7400000000         1.1500000000        -0.6016794501
        3.7450000000         1.1500000000        -0.6055008704
        3.7500000000         1.1500000000        -0.6055008704
        3.7550000000         1.1500000000        -0.6042270636
        3.7600000000         1.1500000000        -0.6093222908
        3.7650000000         1.1500000000        -0.6067746772
        3.7700000000         1.1500000000        -0.6067746772
        3.7750000000         1.1500000000        -0.6156913247
        3.7800000000         1.1500000000        -0.6042270636
        3.7850000000         1.1500000000        -0.6016794501
        3.7900000000         1.1500000000        -0.6067746772
        3.7950000000         1.1500000000        -0.6182389383
        3.8000000000         1.1500000000        -0.5953104161
        3.8050000000         1.1500000000        -0.6105960976
        3.8100000000         1.1500000000        -0.6042270636
        3.8150000000         1.1500000000        -0.6055008704
        3.8200000000         1.1500000000        -0.6118699043
        3.8250000000         1.1500000000        -0.6131437111
        3.8300000000         1.1500000000        -0.6004056433
        3.8350000000         1.1500000000        -0.5991318365
        3.8400000000         1.1500000000        -0.6105960976
        3.8450000000         1.1500000000        -0.6029532569
        3.8500000000         1.1500000000        -0.6029532569
        3.8550000000         1.1500000000        -0.6029532569
        3.8600000000         1.1500000000        -0.6093222908
        3.8650000000         1.1500000000        -0.5965842229
        3.8700000000         1.1500000000        -0.5953104161
        3.8750000000         1.1500000000        -0.6080484840
        3.8800000000         1.1500000000        -0.6067746772
        3.8850000000         1.1500000000        -0.5978580297
        3.8900000000         1.1500000000        -0.6042270636
        3.8950000000         1.1500000000        -0.6016794501
        3.9000000000         1.1500000000        -0.5991318365
        3.9050000000         1.1500000000        -0.6131437111
        3.9100000000         1.1500000000        -0.6118699043
        3.9150000000         1.1500000000        -0.6016794501
        3.9200000000         1.1500000000        -0.6004056433
        3.9250000000         1.1500000000        -0.5965842229
        3.9300000000         1.1500000000        -0.5991318365
        3.9350000000         1.1500000000        -0.6093222908
        3.9400000000         1.1500000000        -0.6042270636
        3.9450000000         1.1500000000        -0.5953104161
        3.9500000000         1.1500000000        -0.6042270636
        3.9550000000         1.1500000000        -0.5927628026
        3.9600000000         1.1500000000        -0.6067746772
        3.9650000000         1.1500000000        -0.5965842229
        3.9700000000         1.1500000000        -0.5978580297
        3.9750000000         1.1500000000        -0.6055008704
        3.9800000000         1.1500000000        -0.5965842229
        3.9850000000         1.1500000000        -0.5991318365
        3.9900000000         1.1500000000        -0.6016794501
        3.9950000000         1.1500000000        -0.6055008704
        4.0000000000         1.1500000000        -0.5965842229
        4.0050000000         1.1500000000        -0.6118699043
        4.0100000000         1.1500000000        -0.5953104161
        4.0150000000         1.1500000000        -0.5889413822
        4.0200000000         1.1500000000        -0.6144175179
        4.0250000000         1.1500000000        -0.5953104161
        4.0300000000         1.1500000000        -0.5914889958
        4.0350000000         1.1500000000        -0.6029532569
        4.0400000000         1.1500000000        -0.6004056433
        4.0450000000         1.1500000000        -0.6029532569
        4.0500000000         1.1500000000        -0.5965842229
        4.0550000000         1.1500000000        -0.5851199619
        4.0600000000         1.1500000000        -0.6042270636
        4.0650000000         1.1500000000        -0.5978580297
        4.0700000000         1.1500000000        -0.6004056433
        4.0750000000         1.1500000000        -0.6029532569
        4.0800000000         1.1500000000        -0.5953104161
        4.0850000000         1.1500000000        -0.5914889958
        4.0900000000         1.1500000000        -0.6055008704
        4.0950000000         1.1500000000        -0.5838461551
        4.1000000000         1.1500000000        -0.6144175179
        4.1050000000         1.1500000000        -0.6029532569
        4.1100000000         1.1500000000        -0.5940366094
        4.1150000000         1.1500000000        -0.6029532569
        4.1200000000         1.1500000000        -0.6004056433
        4.1250000000         1.1500000000        -0.6055008704
        4.1300000000         1.1500000000        -0.6004056433
        4.1350000000         1.1500000000        -0.5991318365
        4.1400000000         1.1500000000        -0.6105960976
        4.1450000000         1.1500000000        -0.5927628026
        4.1500000000         1.1500000000        -0.5978580297
        4.1550000000         1.1500000000        -0.6105960976
        4.1600000000         1.1500000000        -0.5978580297
        4.1650000000         1.1500000000        -0.5991318365
        4.1700000000         1.1500000000        -0.6016794501
        4.1750000000         1.1500000000        -0.6029532569
        4.1800000000         1.1500000000        -0.5978580297
        4.1850000000         1.1500000000        -0.5991318365
        4.1900000000         1.1500000000        -0.6080484840
        4.1950000000         1.1500000000        -0.5991318365
        4.2000000000         1.1500000000        -0.6055008704
        4.2050000000         1.1500000000        -0.6080484840
        4.2100000000         1.1500000000        -0.5965842229
        4.2150000000         1.1500000000        -0.5991318365
        4.2200000000         1.1500000000        -0.6195127451
        4.2250000000         1.1500000000        -0.5876675754
        4.2300000000         1.1500000000        -0.6080484840
        4.2350000000         1.1500000000        -0.6042270636
        4.2400000000         1.1500000000        -0.5991318365
        4.2450000000         1.1500000000        -0.6131437111
        4.2500000000         1.1500000000        -0.6067746772
        4.2550000000         1.1500000000        -0.5902151890
        4.2600000000         1.1500000000        -0.5914889958
        4.2650000000         1.1500000000        -0.6144175179
        4.2700000000         1.1500000000        -0.5953104161
        4.2750000000         1.1500000000        -0.5978580297
        4.2800000000         1.1500000000        -0.5978580297
        4.2850000000         1.1500000000        -0.6105960976
        4.2900000000         1.1500000000        -0.6029532569
        4.2950000000         1.1500000000        -0.5991318365
        4.3000000000         1.1500000000        -0.6004056433
        4.3050000000         1.1500000000        -0.6016794501
        4.3100000000         1.1500000000        -0.6004056433
        4.3150000000         1.1500000000        -0.6105960976
        4.3200000000         1.1500000000        -0.5978580297
        4.3250000000         1.1500000000        -0.6004056433
        4.3300000000         1.1500000000        -0.6080484840
        4.3350000000         1.1500000000        -0.5978580297
        4.3400000000         1.1500000000        -0.5927628026
        4.3450000000         1.1500000000        -0.6093222908
        4.3500000000         1.1500000000        -0.5978580297
        4.3550000000         1.1500000000        -0.6042270636
        4.3600000000         1.1500000000        -0.6055008704
        4.3650000000         1.1500000000        -0.5978580297
        4.3700000000         1.1500000000        -0.6055008704
        4.3750000000         1.1500000000        -0.6042270636
        4.3800000000         1.1500000000        -0.5965842229
        4.3850000000         1.1500000000        -0.6067746772
        4.3900000000         1.1500000000        -0.5876675754
        4.3950000000         1.1500000000        -0.6042270636
        4.4000000000         1.1500000000        -0.6080484840
        4.4050000000         1.1500000000        -0.5927628026
        4.4100000000         1.1500000000        -0.6042270636
        4.4150000000         1.1500000000        -0.6067746772
        4.4200000000         1.1500000000        -0.5953104161
        4.4250000000         1.1500000000        -0.5991318365
        4.4300000000         1.1500000000        -0.6029532569
        4.4350000000         1.1500000000        -0.6042270636
        4.4400000000         1.1500000000        -0.5965842229
        4.4450000000         1.1500000000        -0.6169651315
        4.4500000000         1.1500000000        -0.6042270636
        4.4550000000         1.1500000000        -0.5825723483
        4.4600000000         1.1500000000        -0.5978580297
        4.4650000000         1.1500000000        -0.6029532569
        4.4700000000         1.1500000000        -0.6131437111
        4.4750000000         1.1500000000        -0.5965842229
        4.4800000000         1.1500000000        -0.5914889958
        4.4850000000         1.1500000000        -0.6029532569
        4.4900000000         1.1500000000        -0.6029532569
        4.4950000000         1.1500000000        -0.6080484840
        4.5000000000         1.1500000000        -0.6055008704
        4.5050000000         1.1500000000        -0.6042270636
        4.5100000000         1.1500000000        -0.5927628026
        4.5150000000         1.1500000000        -0.6105960976
        4.5200000000         1.1500000000        -0.5889413822
        4.5250000000         1.1500000000        -0.6182389383
        4.5300000000         1.1500000000        -0.6004056433
        4.5350000000         1.1500000000        -0.6016794501
        4.5400000000         1.1500000000        -0.6016794501
        4.5450000000         1.1500000000        -0.6029532569
        4.5500000000         1.1500000000        -0.6093222908
        4.5550000000         1.1500000000        -0.5953104161
        4.5600000000         1.1500000000        -0.6042270636
        4.5650000000         1.1500000000        -0.5991318365
        4.5700000000         1.1500000000        -0.5991318365
        4.5750000000         1.1500000000        -0.6131437111
        4.5800000000         1.1500000000        -0.6055008704
        4.5850000000         1.1500000000        -0.6055008704
        4.5900000000         1.1500000000        -0.6131437111
        4.5950000000         1.1500000000        -0.6029532569
        4.6000000000         1.1500000000        -0.6055008704
        4.6050000000         1.1500000000        -0.6042270636
        4.6100000000         1.1500000000        -0.6067746772
        4.6150000000         1.1500000000        -0.6118699043
        4.6200000000         1.1500000000        -0.6093222908
        4.6250000000         1.1500000000        -0.6131437111
        4.6300000000         1.1500000000        -0.5978580297
        4.6350000000         1.1500000000        -0.6220603586
        4.6400000000         1.1500000000        -0.6093222908
        4.6450000000         1.1500000000        -0.6067746772
        4.6500000000         1.1500000000        -0.6016794501
        4.6550000000         1.1500000000        -0.6080484840
        4.6600000000         1.1500000000        -0.6055008704
        4.6650000000         1.1500000000        -0.5940366094
        4.6700000000         1.1500000000        -0.6144175179
        4.6750000000         1.1500000000        -0.5991318365
        4.6800000000         1.1500000000        -0.5978580297
        4.6850000000         1.1500000000        -0.6093222908
        4.6900000000         1.1500000000        -0.6093222908
        4.6950000000         1.1500000000        -0.5991318365
        4.7000000000         1.1500000000        -0.5953104161
        4.7050000000         1.1500000000        -0.6093222908
        4.7100000000         1.1500000000        -0.6029532569
        4.7150000000         1.1500000000        -0.6016794501
        4.7200000000         1.1500000000        -0.6093222908
        4.7250000000         1.1500000000        -0.6042270636
        4.7300000000         1.1500000000        -0.6055008704
        4.7350000000         1.1500000000        -0.6118699043
        4.7400000000         1.1500000000        -0.5978580297
        4.7450000000         1.1500000000        -0.6156913247
        4.7500000000         1.1500000000        -0.6042270636
        4.7550000000         1.1500000000        -0.5965842229
        4.7600000000         1.1500000000        -0.6080484840
        4.7650000000         1.1500000000        -0.6016794501
        4.7700000000         1.1500000000        -0.5991318365
        4.7750000000         1.1500000000        -0.6169651315
        4.7800000000         1.1500000000        -0.6004056433
        4.7850000000         1.1500000000        -0.6118699043
        4.7900000000         1.1500000000        -0.5940366094
        4.7950000000         1.1500000000        -0.6042270636
        4.8000000000         1.1500000000        -0.6080484840
        4.8050000000         1.1500000000        -0.6029532569
        4.8100000000         1.1500000000        -0.5991318365
        4.8150000000         1.1500000000        -0.5889413822
        4.8200000000         1.1500000000        -0.6131437111
        4.8250000000         1.1500000000        -0.5889413822
        4.8300000000         1.1500000000        -0.5991318365
        4.8350000000         1.1500000000        -0.6029532569
        4.8400000000         1.1500000000        -0.5978580297
        4.8450000000         1.1500000000        -0.6144175179
        4.8500000000         1.1500000000        -0.5978580297
        4.8550000000         1.1500000000        -0.6080484840
        4.8600000000         1.1500000000        -0.6004056433
        4.8650000000         1.1500000000        -0.6004056433
        4.8700000000         1.1500000000        -0.6233341654
        4.8750000000         1.1500000000        -0.5863937687
        4.8800000000         1.1500000000        -0.5940366094
        4.8850000000         1.1500000000        -0.6042270636
        4.8900000000         1.1500000000        -0.5965842229
        4.8950000000         1.1500000000        -0.6144175179
        4.9000000000         1.1500000000        -0.5902151890
        4.9050000000         1.1500000000        -0.6042270636
        4.9100000000         1.1500000000        -0.6016794501
        4.9150000000         1.1500000000        -0.5940366094
        4.9200000000         1.1500000000        -0.6004056433
        4.9250000000         1.1500000000        -0.6004056433
        4.9300000000         1.1500000000        -0.5940366094
        4.9350000000         1.1500000000        -0.6105960976
        4.9400000000         1.1500000000        -0.5978580297
        4.9450000000         1.1500000000        -0.5991318365
        4.9500000000         1.1500000000        -0.6029532569
        4.9550000000         1.1500000000        -0.6067746772
        4.9600000000         1.1500000000        -0.5914889958
        4.9650000000         1.1500000000        -0.6067746772
        4.9700000000         1.1500000000        -0.5978580297
        4.9750000000         1.1500000000        -0.6029532569
        4.9800000000         1.1500000000        -0.6246079722
        4.9850000000         1.1500000000        -0.6131437111
        4.9900000000         1.1500000000        -0.5978580297
        4.9950000000         1.1500000000        -0.5978580297
        5.0000000000         1.1500000000        -0.6169651315
        5.0050000000         1.1500000000        -0.6004056433
        5.0100000000         1.1500000000        -0.6016794501
        5.0150000000         1.1500000000        -0.6118699043
        5.0200000000         1.1500000000        -0.6118699043
        5.0250000000         1.1500000000        -0.6105960976
        5.0300000000         1.1500000000        -0.6080484840
        5.0350000000         1.1500000000        -0.6131437111
        5.0400000000         1.1500000000        -0.6016794501
        5.0450000000         1.1500000000        -0.6144175179
        5.0500000000         1.1500000000        -0.6042270636
        5.0550000000         1.1500000000        -0.5991318365
        5.0600000000         1.1500000000        -0.6016794501
        5.0650000000         1.1500000000        -0.6156913247
        5.0700000000         1.1500000000        -0.5940366094
        5.0750000000         1.1500000000        -0.6131437111
        5.0800000000         1.1500000000        -0.6055008704
        5.0850000000         1.1500000000        -0.6029532569
        5.0900000000         1.1500000000        -0.6105960976
        5.0950000000         1.1500000000        -0.6016794501
        5.1000000000         1.1500000000        -0.5953104161
        5.1050000000         1.1500000000        -0.6093222908
        5.1100000000         1.1500000000        -0.6067746772
        5.1150000000         1.1500000000        -0.6029532569
        5.1200000000         1.1500000000        -0.6042270636
        5.1250000000         1.1500000000        -0.6016794501
        5.1300000000         1.1500000000        -0.6144175179
        5.1350000000         1.1500000000        -0.6055008704
        5.1400000000         1.1500000000        -0.6055008704
        5.1450000000         1.1500000000        -0.6105960976
        5.1500000000         1.1500000000        -0.6207865518
        5.1550000000         1.1500000000        -0.6067746772
        5.1600000000         1.1500000000        -0.6042270636
        5.1650000000         1.1500000000        -0.6093222908
        5.1700000000         1.1500000000        -0.6093222908
        5.1750000000         1.1500000000        -0.6093222908
        5.1800000000         1.1500000000        -0.6118699043
        5.1850000000         1.1500000000        -0.6042270636
        5.1900000000         1.1500000000        -0.6042270636
        5.1950000000         1.1500000000        -0.6105960976
        5.2000000000         1.1500000000        -0.6182389383
        5.2050000000         1.1500000000        -0.6029532569
        5.2100000000         1.1500000000        -0.6004056433
        5.2150000000         1.1500000000        -0.6093222908
        5.2200000000         1.1500000000        -0.6042270636
        5.2250000000         1.1500000000        -0.6029532569
        5.2300000000         1.1500000000        -0.6055008704
        5.2350000000         1.1500000000        -0.5953104161
        5.2400000000         1.1500000000        -0.6144175179
        5.2450000000         1.1500000000        -0.6042270636
        5.2500000000         1.1500000000        -0.5991318365
        5.2550000000         1.1500000000        -0.5991318365
        5.2600000000         1.1500000000        -0.6169651315
        5.2650000000         1.1500000000        -0.6029532569
        5.2700000000         1.1500000000        -0.6080484840
        5.2750000000         1.1500000000        -0.6067746772
        5.2800000000         1.1500000000        -0.6029532569
        5.2850000000         1.1500000000        -0.5991318365
        5.2900000000         1.1500000000        -0.6398936536
        5.2950000000         1.1500000000        -0.5978580297
        5.3000000000         1.1500000000        -0.5902151890
        5.3050000000         1.1500000000        -0.6118699043
        5.3100000000         1.1500000000        -0.5978580297
        5.3150000000         1.1500000000        -0.6093222908
        5.3200000000         1.1500000000        -0.5927628026
        5.3250000000         1.1500000000        -0.5991318365
        5.3300000000         1.1500000000        -0.6016794501
        5.3350000000         1.1500000000        -0.5978580297
        5.3400000000         1.1500000000        -0.6080484840
        5.3450000000         1.1500000000        -0.5940366094
        5.3500000000         1.1500000000        -0.6029532569
        5.3550000000         1.1500000000        -0.6042270636
        5.3600000000         1.1500000000        -0.6067746772
        5.3650000000         1.1500000000        -0.5965842229
        5.3700000000         1.1500000000        -0.6029532569
        5.3750000000         1.1500000000        -0.6016794501
        5.3800000000         1.1500000000        -0.5940366094
        5.3850000000         1.1500000000        -0.6042270636
        5.3900000000         1.1500000000        -0.6067746772
        5.3950000000         1.1500000000        -0.6131437111
        5.4000000000         1.1500000000        -0.6029532569
        5.4050000000         1.1500000000        -0.6055008704
        5.4100000000         1.1500000000        -0.6004056433
        5.4150000000         1.1500000000        -0.6004056433
        5.4200000000         1.1500000000        -0.6131437111
        5.4250000000         1.1500000000        -0.6042270636
        5.4300000000         1.1500000000        -0.6004056433
        5.4350000000         1.1500000000        -0.6042270636
        5.4400000000         1.1500000000        -0.6093222908
        5.4450000000         1.1500000000        -0.6093222908
        5.4500000000         1.1500000000        -0.6118699043
        5.4550000000         1.1500000000        -0.6080484840
        5.4600000000         1.1500000000        -0.6067746772
        5.4650000000         1.1500000000        -0.6093222908
        5.4700000000         1.1500000000        -0.6016794501
        5.4750000000         1.1500000000        -0.6055008704
        5.4800000000         1.1500000000        -0.6042270636
        5.4850000000         1.1500000000        -0.6144175179
        5.4900000000         1.1500000000        -0.6029532569
        5.4950000000         1.1500000000        -0.6004056433
        5.5000000000         1.1500000000        -0.6131437111
        5.5050000000         1.1500000000        -0.6042270636
        5.5100000000         1.1500000000        -0.6093222908
        5.5150000000         1.1500000000        -0.6156913247
        5.5200000000         1.1500000000        -0.5991318365
        5.5250000000         1.1500000000        -0.5991318365
        5.5300000000         1.1500000000        -0.6055008704
        5.5350000000         1.1500000000        -0.6042270636
        5.5400000000         1.1500000000        -0.6067746772
        5.5450000000         1.1500000000        -0.6067746772
        5.5500000000         1.1500000000        -0.6105960976
        5.5550000000         1.1500000000        -0.6093222908
        5.5600000000         1.1500000000        -0.5991318365
        5.5650000000         1.1500000000        -0.6156913247
        5.5700000000         1.1500000000        -0.6105960976
        5.5750000000         1.1500000000        -0.6042270636
        5.5800000000         1.1500000000        -0.6080484840
        5.5850000000         1.1500000000        -0.6042270636
        5.5900000000         1.1500000000        -0.6105960976
        5.5950000000         1.1500000000        -0.6029532569
        5.6000000000         1.1500000000        -0.6093222908
        5.6050000000         1.1500000000        -0.6004056433
        5.6100000000         1.1500000000        -0.6105960976
        5.6150000000         1.1500000000        -0.6004056433
        5.6200000000         1.1500000000        -0.6093222908
        5.6250000000         1.1500000000        -0.5991318365
        5.6300000000         1.1500000000        -0.6093222908
        5.6350000000         1.1500000000        -0.6080484840
        5.6400000000         1.1500000000        -0.6042270636
        5.6450000000         1.1500000000        -0.6004056433
        0.0000000000         0.0000000000         0.0000000000
        0.0000000000         0.0000000000         0.0000000000
        0.0000000000         0.0000000000         0.0000000000
        0.0000000000         0.0000000000         0.0000000000
        0.0000000000         0.0000000000         0.0000000000
        0.0000000000         0.0000000000         0.0000000000
        0.0000000000         0.0000000000         0.0000000000
        0.0000000000         0.0000000000         0.0000000000
        0.0000000000         0.0000000000         0.0000000000
        0.0000000000         0.0000000000         0.0000000000
        0.0000000000         0.0000000000         0.0000000000
        0.0000000000         0.0000000000         0.0000000000
        0.0000000000         0.0000000000         0.0000000000
        0.0000000000         0.0000000000         0.0000000000
        0.0000000000         0.0000000000         0.0000000000
        0.0000000000         0.0000000000         0.0000000000
        0.0000000000         0.0000000000         0.0000000000
        0.0000000000         0.0000000000         0.0000000000
        0.0000000000         0.0000000000         0.0000000000
        0.0000000000         0.0000000000         0.0000000000
        0.0000000000         0.0000000000         0.0000000000
        0.0000000000         0.0000000000         0.0000000000
        0.0000000000         0.0000000000         0.0000000000
        0.0000000000         0.0000000000         0.0000000000
        0.0000000000         0.0000000000         0.0000000000
        0.0000000000         0.0000000000         0.0000000000
        0.0000000000         0.0000000000         0.0000000000
        0.0000000000         0.0000000000         0.0000000000
        0.0000000000         0.0000000000         0.0000000000
        0.0000000000         0.0000000000         0.0000000000
        0.0000000000         0.0000000000         0.0000000000
        0.0000000000         0.0000000000         0.0000000000
        0.0000000000         0.0000000000         0.0000000000
        0.0000000000         0.0000000000         0.0000000000
        0.0000000000         0.0000000000         0.0000000000
        0.0000000000         0.0000000000         0.0000000000
        0.0000000000         0.0000000000         0.0000000000
        0.0000000000         0.0000000000         0.0000000000
        0.0000000000         0.0000000000         0.0000000000
        0.0000000000         0.0000000000         0.0000000000
        0.0000000000         0.0000000000         0.0000000000
        0.0000000000         0.0000000000         0.0000000000
        0.0000000000         0.0000000000         0.0000000000
        0.0000000000         0.0000000000         0.0000000000
        0.0000000000         0.0000000000         0.0000000000
        0.0000000000         0.0000000000         0.0000000000
        0.0000000000         0.0000000000         0.0000000000
        0.0000000000         0.0000000000         0.0000000000
        0.0000000000         0.0000000000         0.0000000000
        0.0000000000         0.0000000000         0.0000000000
        0.0000000000         0.0000000000         0.0000000000
        0.0000000000         0.0000000000         0.0000000000
        0.0000000000         0.0000000000         0.0000000000
        0.0000000000         0.0000000000         0.0000000000
        0.0000000000         0.0000000000         0.0000000000
        0.0000000000         0.0000000000         0.0000000000
        0.0000000000         0.0000000000         0.0000000000
        0.0000000000         0.0000000000         0.0000000000
        0.0000000000         0.0000000000         0.0000000000
        0.0000000000         0.0000000000         0.0000000000
        0.0000000000         0.0000000000         0.0000000000
        0.0000000000         0.0000000000         0.0000000000
        0.0000000000         0.0000000000         0.0000000000
        0.0000000000         0.0000000000         0.0000000000
        0.0000000000         0.0000000000         0.0000000000
        0.0000000000         0.0000000000         0.0000000000
        0.0000000000         0.0000000000         0.0000000000
        0.0000000000         0.0000000000         0.0000000000
        0.0000000000         0.0000000000         0.0000000000
        0.0000000000         0.0000000000         0.0000000000
        0.0000000000         0.0000000000         0.0000000000
        0.0000000000         0.0000000000         0.0000000000
        0.0000000000         0.0000000000         0.0000000000
        0.0000000000         0.0000000000         0.0000000000
        0.0000000000         0.0000000000         0.0000000000
        0.0000000000         0.0000000000         0.0000000000
        0.0000000000         0.0000000000         0.0000000000
        0.0000000000         0.0000000000         0.0000000000
        0.0000000000         0.0000000000         0.0000000000
        0.0000000000         0.0000000000         0.0000000000
        0.0000000000         0.0000000000         0.0000000000
        0.0000000000         0.0000000000         0.0000000000
        0.0000000000         0.0000000000         0.0000000000
        0.0000000000         0.0000000000         0.0000000000
        0.0000000000         0.0000000000         0.0000000000
        0.0000000000         0.0000000000         0.0000000000
        0.0000000000         0.0000000000         0.0000000000
        0.0000000000         0.0000000000         0.0000000000
        0.0000000000         0.0000000000         0.0000000000
        0.0000000000         0.0000000000         0.0000000000
        0.0000000000         0.0000000000         0.0000000000
        0.0000000000         0.0000000000         0.0000000000
        0.0000000000         0.0000000000         0.0000000000
        0.0000000000         0.0000000000         0.0000000000
        0.0000000000         0.0000000000         0.0000000000
        0.0000000000         0.0000000000         0.0000000000
        0.0000000000         0.0000000000         0.0000000000
        0.0000000000         0.0000000000         0.0000000000
        0.0000000000         0.0000000000         0.0000000000
        0.0000000000         0.0000000000         0.0000000000
        0.0000000000         0.0000000000         0.0000000000
        0.0000000000         0.0000000000         0.0000000000
        0.0000000000         0.0000000000         0.0000000000
        0.0000000000         0.0000000000         0.0000000000
        0.0000000000         0.0000000000         0.0000000000
        0.0000000000         0.0000000000         0.0000000000
        0.0000000000         0.0000000000         0.0000000000
        0.0000000000         0.0000000000         0.0000000000
        0.0000000000         0.0000000000         0.0000000000
        0.0000000000         0.0000000000         0.0000000000
        0.0000000000         0.0000000000         0.0000000000
        0.0000000000         0.0000000000         0.0000000000
        0.0000000000         0.0000000000         0.0000000000
        0.0000000000         0.0000000000         0.0000000000
        0.0000000000         0.0000000000         0.0000000000
        0.0000000000         0.0000000000         0.0000000000
        0.0000000000         0.0000000000         0.0000000000
        0.0000000000         0.0000000000         0.0000000000
        0.0000000000         0.0000000000         0.0000000000
        0.0000000000         0.0000000000         0.0000000000
        0.0000000000         0.0000000000         0.0000000000
        0.0000000000         0.0000000000         0.0000000000
        0.0000000000         0.0000000000         0.0000000000
        0.0000000000         0.0000000000         0.0000000000
        0.0000000000         0.0000000000         0.0000000000
        0.0000000000         0.0000000000         0.0000000000
        0.0000000000         0.0000000000         0.0000000000
        0.0000000000         0.0000000000         0.0000000000
        0.0000000000         0.0000000000         0.0000000000
        0.0000000000         0.0000000000         0.0000000000
        0.0000000000         0.0000000000         0.0000000000
        0.0000000000         0.0000000000         0.0000000000
        0.0000000000         0.0000000000         0.0000000000
        0.0000000000         0.0000000000         0.0000000000
        0.0000000000         0.0000000000         0.0000000000
        0.0000000000         0.0000000000         0.0000000000
        0.0000000000         0.0000000000         0.0000000000
        0.0000000000         0.0000000000         0.0000000000
        0.0000000000         0.0000000000         0.0000000000
        0.0000000000         0.0000000000         0.0000000000
        0.0000000000         0.0000000000         0.0000000000
        0.0000000000         0.0000000000         0.0000000000
        0.0000000000         0.0000000000         0.0000000000
        0.0000000000         0.0000000000         0.0000000000
        0.0000000000         0.0000000000         0.0000000000
        0.0000000000         0.0000000000         0.0000000000
        0.0000000000         0.0000000000         0.0000000000
        0.0000000000         0.0000000000         0.0000000000
        0.0000000000         0.0000000000         0.0000000000
        0.0000000000         0.0000000000         0.0000000000
        0.0000000000         0.0000000000         0.0000000000
        0.0000000000         0.0000000000         0.0000000000
        0.0000000000         0.0000000000         0.0000000000
        0.0000000000         0.0000000000         0.0000000000
        0.0000000000         0.0000000000         0.0000000000
        0.0000000000         0.0000000000         0.0000000000
        0.0000000000         0.0000000000         0.0000000000
        0.0000000000         0.0000000000         0.0000000000
        0.0000000000         0.0000000000         0.0000000000
        0.0000000000         0.0000000000         0.0000000000
        0.0000000000         0.0000000000         0.0000000000
        0.0000000000         0.0000000000         0.0000000000
        0.0000000000         0.0000000000         0.0000000000
        0.0000000000         0.0000000000         0.0000000000
        0.0000000000         0.0000000000         0.0000000000
        0.0000000000         0.0000000000         0.0000000000
        0.0000000000         0.0000000000         0.0000000000
        0.0000000000         0.0000000000         0.0000000000
        0.0000000000         0.0000000000         0.0000000000
        0.0000000000         0.0000000000         0.0000000000
        0.0000000000         0.0000000000         0.0000000000
        0.0000000000         0.0000000000         0.0000000000
        0.0000000000         0.0000000000         0.0000000000
        0.0000000000         0.0000000000         0.0000000000
        0.0000000000         0.0000000000         0.0000000000
        0.0000000000         0.0000000000         0.0000000000
        0.0000000000         0.0000000000         0.0000000000
        0.0000000000         0.0000000000         0.0000000000
        0.0000000000         0.0000000000         0.0000000000
        0.0000000000         0.0000000000         0.0000000000
        0.0000000000         0.0000000000         0.0000000000
        0.0000000000         0.0000000000         0.0000000000
        0.0000000000         0.0000000000         0.0000000000
        0.0000000000         0.0000000000         0.0000000000
        0.0000000000         0.0000000000         0.0000000000
        0.0000000000         0.0000000000         0.0000000000
        0.0000000000         0.0000000000         0.0000000000
        0.0000000000         0.0000000000         0.0000000000
        0.0000000000         0.0000000000         0.0000000000
        0.0000000000         0.0000000000         0.0000000000
        0.0000000000         0.0000000000         0.0000000000
        0.0000000000         0.0000000000         0.0000000000
        0.0000000000         0.0000000000         0.0000000000
        0.0000000000         0.0000000000         0.0000000000
        0.0000000000         0.0000000000         0.0000000000
        0.0000000000         0.0000000000         0.0000000000
        0.0000000000         0.0000000000         0.0000000000
        0.0000000000         0.0000000000         0.0000000000
