        0.9950000000         1.5500000000        -0.4271679206
        1.0000000000         1.5500000000        -0.4399059885
        1.0050000000         1.5500000000        -0.4182512731
        1.0100000000         1.5500000000        -0.4309893410
        1.0150000000         1.5500000000        -0.4399059885
        1.0200000000         1.5500000000        -0.4297155342
        1.0250000000         1.5500000000        -0.4233465003
        1.0300000000         1.5500000000        -0.4335369545
        1.0350000000         1.5500000000        -0.4207988867
        1.0400000000         1.5500000000        -0.4551916699
        1.0450000000         1.5500000000        -0.4195250799
        1.0500000000         1.5500000000        -0.4297155342
        1.0550000000         1.5500000000        -0.4360845681
        1.0600000000         1.5500000000        -0.4220726935
        1.0650000000         1.5500000000        -0.4348107613
        1.0700000000         1.5500000000        -0.4118822392
        1.0750000000         1.5500000000        -0.4182512731
        1.0800000000         1.5500000000        -0.4271679206
        1.0850000000         1.5500000000        -0.4220726935
        1.0900000000         1.5500000000        -0.4284417274
        1.0950000000         1.5500000000        -0.4246203070
        1.1000000000         1.5500000000        -0.4106084324
        1.1050000000         1.5500000000        -0.4195250799
        1.1100000000         1.5500000000        -0.4297155342
        1.1150000000         1.5500000000        -0.4246203070
        1.1200000000         1.5500000000        -0.4246203070
        1.1250000000         1.5500000000        -0.4297155342
        1.1300000000         1.5500000000        -0.4131560460
        1.1350000000         1.5500000000        -0.4386321817
        1.1400000000         1.5500000000        -0.4144298528
        1.1450000000         1.5500000000        -0.4233465003
        1.1500000000         1.5500000000        -0.4297155342
        1.1550000000         1.5500000000        -0.4348107613
        1.1600000000         1.5500000000        -0.4233465003
        1.1650000000         1.5500000000        -0.4386321817
        1.1700000000         1.5500000000        -0.4271679206
        1.1750000000         1.5500000000        -0.4246203070
        1.1800000000         1.5500000000        -0.4297155342
        1.1850000000         1.5500000000        -0.4246203070
        1.1900000000         1.5500000000        -0.4182512731
        1.1950000000         1.5500000000        -0.4475488292
        1.2000000000         1.5500000000        -0.4271679206
        1.2050000000         1.5500000000        -0.4246203070
        1.2100000000         1.5500000000        -0.4335369545
        1.2150000000         1.5500000000        -0.4271679206
        1.2200000000         1.5500000000        -0.4437274088
        1.2250000000         1.5500000000        -0.4220726935
        1.2300000000         1.5500000000        -0.4373583749
        1.2350000000         1.5500000000        -0.4399059885
        1.2400000000         1.5500000000        -0.4297155342
        1.2450000000         1.5500000000        -0.4373583749
        1.2500000000         1.5500000000        -0.4271679206
        1.2550000000         1.5500000000        -0.4309893410
        1.2600000000         1.5500000000        -0.4462750224
        1.2650000000         1.5500000000        -0.4335369545
        1.2700000000         1.5500000000        -0.4513702495
        1.2750000000         1.5500000000        -0.4258941138
        1.2800000000         1.5500000000        -0.4297155342
        1.2850000000         1.5500000000        -0.4450012156
        1.2900000000         1.5500000000        -0.4258941138
        1.2950000000         1.5500000000        -0.4424536020
        1.3000000000         1.5500000000        -0.4322631478
        1.3050000000         1.5500000000        -0.4373583749
        1.3100000000         1.5500000000        -0.4450012156
        1.3150000000         1.5500000000        -0.4195250799
        1.3200000000         1.5500000000        -0.4348107613
        1.3250000000         1.5500000000        -0.4348107613
        1.3300000000         1.5500000000        -0.4348107613
        1.3350000000         1.5500000000        -0.4284417274
        1.3400000000         1.5500000000        -0.4233465003
        1.3450000000         1.5500000000        -0.4450012156
        1.3500000000         1.5500000000        -0.4399059885
        1.3550000000         1.5500000000        -0.4233465003
        1.3600000000         1.5500000000        -0.4335369545
        1.3650000000         1.5500000000        -0.4233465003
        1.3700000000         1.5500000000        -0.4500964427
        1.3750000000         1.5500000000        -0.4297155342
        1.3800000000         1.5500000000        -0.4258941138
        1.3850000000         1.5500000000        -0.4309893410
        1.3900000000         1.5500000000        -0.4322631478
        1.3950000000         1.5500000000        -0.4360845681
        1.4000000000         1.5500000000        -0.4348107613
        1.4050000000         1.5500000000        -0.4169774663
        1.4100000000         1.5500000000        -0.4335369545
        1.4150000000         1.5500000000        -0.4284417274
        1.4200000000         1.5500000000        -0.4297155342
        1.4250000000         1.5500000000        -0.4348107613
        1.4300000000         1.5500000000        -0.4246203070
        1.4350000000         1.5500000000        -0.4220726935
        1.4400000000         1.5500000000        -0.4411797952
        1.4450000000         1.5500000000        -0.4195250799
        1.4500000000         1.5500000000        -0.4348107613
        1.4550000000         1.5500000000        -0.4297155342
        1.4600000000         1.5500000000        -0.4309893410
        1.4650000000         1.5500000000        -0.4411797952
        1.4700000000         1.5500000000        -0.4258941138
        1.4750000000         1.5500000000        -0.4297155342
        1.4800000000         1.5500000000        -0.4322631478
        1.4850000000         1.5500000000        -0.4309893410
        1.4900000000         1.5500000000        -0.4373583749
        1.4950000000         1.5500000000        -0.4182512731
        1.5000000000         1.5500000000        -0.4284417274
        1.5050000000         1.5500000000        -0.4373583749
        1.5100000000         1.5500000000        -0.4246203070
        1.5150000000         1.5500000000        -0.4348107613
        1.5200000000         1.5500000000        -0.4297155342
        1.5250000000         1.5500000000        -0.4399059885
        1.5300000000         1.5500000000        -0.4360845681
        1.5350000000         1.5500000000        -0.4297155342
        1.5400000000         1.5500000000        -0.4284417274
        1.5450000000         1.5500000000        -0.4360845681
        1.5500000000         1.5500000000        -0.4360845681
        1.5550000000         1.5500000000        -0.4246203070
        1.5600000000         1.5500000000        -0.4309893410
        1.5650000000         1.5500000000        -0.4348107613
        1.5700000000         1.5500000000        -0.4195250799
        1.5750000000         1.5500000000        -0.4424536020
        1.5800000000         1.5500000000        -0.4297155342
        1.5850000000         1.5500000000        -0.4284417274
        1.5900000000         1.5500000000        -0.4233465003
        1.5950000000         1.5500000000        -0.4284417274
        1.6000000000         1.5500000000        -0.4207988867
        1.6050000000         1.5500000000        -0.4360845681
        1.6100000000         1.5500000000        -0.4348107613
        1.6150000000         1.5500000000        -0.4233465003
        1.6200000000         1.5500000000        -0.4195250799
        1.6250000000         1.5500000000        -0.4475488292
        1.6300000000         1.5500000000        -0.4220726935
        1.6350000000         1.5500000000        -0.4220726935
        1.6400000000         1.5500000000        -0.4195250799
        1.6450000000         1.5500000000        -0.4335369545
        1.6500000000         1.5500000000        -0.4411797952
        1.6550000000         1.5500000000        -0.4220726935
        1.6600000000         1.5500000000        -0.4360845681
        1.6650000000         1.5500000000        -0.4118822392
        1.6700000000         1.5500000000        -0.4297155342
        1.6750000000         1.5500000000        -0.4462750224
        1.6800000000         1.5500000000        -0.4093346256
        1.6850000000         1.5500000000        -0.4348107613
        1.6900000000         1.5500000000        -0.4246203070
        1.6950000000         1.5500000000        -0.4195250799
        1.7000000000         1.5500000000        -0.4309893410
        1.7050000000         1.5500000000        -0.4195250799
        1.7100000000         1.5500000000        -0.4271679206
        1.7150000000         1.5500000000        -0.4284417274
        1.7200000000         1.5500000000        -0.4297155342
        1.7250000000         1.5500000000        -0.4335369545
        1.7300000000         1.5500000000        -0.4297155342
        1.7350000000         1.5500000000        -0.4271679206
        1.7400000000         1.5500000000        -0.4309893410
        1.7450000000         1.5500000000        -0.4335369545
        1.7500000000         1.5500000000        -0.4297155342
        1.7550000000         1.5500000000        -0.4246203070
        1.7600000000         1.5500000000        -0.4360845681
        1.7650000000         1.5500000000        -0.4220726935
        1.7700000000         1.5500000000        -0.4284417274
        1.7750000000         1.5500000000        -0.4322631478
        1.7800000000         1.5500000000        -0.4284417274
        1.7850000000         1.5500000000        -0.4195250799
        1.7900000000         1.5500000000        -0.4360845681
        1.7950000000         1.5500000000        -0.4348107613
        1.8000000000         1.5500000000        -0.4271679206
        1.8050000000         1.5500000000        -0.4246203070
        1.8100000000         1.5500000000        -0.4437274088
        1.8150000000         1.5500000000        -0.4399059885
        1.8200000000         1.5500000000        -0.4258941138
        1.8250000000         1.5500000000        -0.4284417274
        1.8300000000         1.5500000000        -0.4539178631
        1.8350000000         1.5500000000        -0.4348107613
        1.8400000000         1.5500000000        -0.4373583749
        1.8450000000         1.5500000000        -0.4399059885
        1.8500000000         1.5500000000        -0.4322631478
        1.8550000000         1.5500000000        -0.4399059885
        1.8600000000         1.5500000000        -0.4411797952
        1.8650000000         1.5500000000        -0.4284417274
        1.8700000000         1.5500000000        -0.4322631478
        1.8750000000         1.5500000000        -0.4399059885
        1.8800000000         1.5500000000        -0.4360845681
        1.8850000000         1.5500000000        -0.4399059885
        1.8900000000         1.5500000000        -0.4348107613
        1.8950000000         1.5500000000        -0.4399059885
        1.9000000000         1.5500000000        -0.4411797952
        1.9050000000         1.5500000000        -0.4373583749
        1.9100000000         1.5500000000        -0.4539178631
        1.9150000000         1.5500000000        -0.4335369545
        1.9200000000         1.5500000000        -0.4386321817
        1.9250000000         1.5500000000        -0.4500964427
        1.9300000000         1.5500000000        -0.4169774663
        1.9350000000         1.5500000000        -0.4424536020
        1.9400000000         1.5500000000        -0.4399059885
        1.9450000000         1.5500000000        -0.4297155342
        1.9500000000         1.5500000000        -0.4399059885
        1.9550000000         1.5500000000        -0.4297155342
        1.9600000000         1.5500000000        -0.4399059885
        1.9650000000         1.5500000000        -0.4322631478
        1.9700000000         1.5500000000        -0.4399059885
        1.9750000000         1.5500000000        -0.4284417274
        1.9800000000         1.5500000000        -0.4271679206
        1.9850000000         1.5500000000        -0.4488226359
        1.9900000000         1.5500000000        -0.4309893410
        1.9950000000         1.5500000000        -0.4284417274
        2.0000000000         1.5500000000        -0.4450012156
        2.0050000000         1.5500000000        -0.4284417274
        2.0100000000         1.5500000000        -0.4271679206
        2.0150000000         1.5500000000        -0.4513702495
        2.0200000000         1.5500000000        -0.4258941138
        2.0250000000         1.5500000000        -0.4309893410
        2.0300000000         1.5500000000        -0.4386321817
        2.0350000000         1.5500000000        -0.4195250799
        2.0400000000         1.5500000000        -0.4475488292
        2.0450000000         1.5500000000        -0.4246203070
        2.0500000000         1.5500000000        -0.4335369545
        2.0550000000         1.5500000000        -0.4411797952
        2.0600000000         1.5500000000        -0.4284417274
        2.0650000000         1.5500000000        -0.4500964427
        2.0700000000         1.5500000000        -0.4360845681
        2.0750000000         1.5500000000        -0.4322631478
        2.0800000000         1.5500000000        -0.4500964427
        2.0850000000         1.5500000000        -0.4309893410
        2.0900000000         1.5500000000        -0.4360845681
        2.0950000000         1.5500000000        -0.4411797952
        2.1000000000         1.5500000000        -0.4348107613
        2.1050000000         1.5500000000        -0.4348107613
        2.1100000000         1.5500000000        -0.4373583749
        2.1150000000         1.5500000000        -0.4348107613
        2.1200000000         1.5500000000        -0.4373583749
        2.1250000000         1.5500000000        -0.4399059885
        2.1300000000         1.5500000000        -0.4373583749
        2.1350000000         1.5500000000        -0.4386321817
        2.1400000000         1.5500000000        -0.4258941138
        2.1450000000         1.5500000000        -0.4309893410
        2.1500000000         1.5500000000        -0.4322631478
        2.1550000000         1.5500000000        -0.4335369545
        2.1600000000         1.5500000000        -0.4284417274
        2.1650000000         1.5500000000        -0.4437274088
        2.1700000000         1.5500000000        -0.4360845681
        2.1750000000         1.5500000000        -0.4246203070
        2.1800000000         1.5500000000        -0.4475488292
        2.1850000000         1.5500000000        -0.4335369545
        2.1900000000         1.5500000000        -0.4207988867
        2.1950000000         1.5500000000        -0.4500964427
        2.2000000000         1.5500000000        -0.4386321817
        2.2050000000         1.5500000000        -0.4297155342
        2.2100000000         1.5500000000        -0.4322631478
        2.2150000000         1.5500000000        -0.4475488292
        2.2200000000         1.5500000000        -0.4399059885
        2.2250000000         1.5500000000        -0.4348107613
        2.2300000000         1.5500000000        -0.4335369545
        2.2350000000         1.5500000000        -0.4309893410
        2.2400000000         1.5500000000        -0.4450012156
        2.2450000000         1.5500000000        -0.4335369545
        2.2500000000         1.5500000000        -0.4258941138
        2.2550000000         1.5500000000        -0.4373583749
        2.2600000000         1.5500000000        -0.4207988867
        2.2650000000         1.5500000000        -0.4450012156
        2.2700000000         1.5500000000        -0.4233465003
        2.2750000000         1.5500000000        -0.4284417274
        2.2800000000         1.5500000000        -0.4284417274
        2.2850000000         1.5500000000        -0.4297155342
        2.2900000000         1.5500000000        -0.4322631478
        2.2950000000         1.5500000000        -0.4373583749
        2.3000000000         1.5500000000        -0.4297155342
        2.3050000000         1.5500000000        -0.4233465003
        2.3100000000         1.5500000000        -0.4424536020
        2.3150000000         1.5500000000        -0.4348107613
        2.3200000000         1.5500000000        -0.4411797952
        2.3250000000         1.5500000000        -0.4271679206
        2.3300000000         1.5500000000        -0.4348107613
        2.3350000000         1.5500000000        -0.4322631478
        2.3400000000         1.5500000000        -0.4271679206
        2.3450000000         1.5500000000        -0.4360845681
        2.3500000000         1.5500000000        -0.4309893410
        2.3550000000         1.5500000000        -0.4309893410
        2.3600000000         1.5500000000        -0.4450012156
        2.3650000000         1.5500000000        -0.4258941138
        2.3700000000         1.5500000000        -0.4233465003
        2.3750000000         1.5500000000        -0.4437274088
        2.3800000000         1.5500000000        -0.4348107613
        2.3850000000         1.5500000000        -0.4322631478
        2.3900000000         1.5500000000        -0.4297155342
        2.3950000000         1.5500000000        -0.4360845681
        2.4000000000         1.5500000000        -0.4399059885
        2.4050000000         1.5500000000        -0.4271679206
        2.4100000000         1.5500000000        -0.4348107613
        2.4150000000         1.5500000000        -0.4373583749
        2.4200000000         1.5500000000        -0.4246203070
        2.4250000000         1.5500000000        -0.4500964427
        2.4300000000         1.5500000000        -0.4348107613
        2.4350000000         1.5500000000        -0.4207988867
        2.4400000000         1.5500000000        -0.4526440563
        2.4450000000         1.5500000000        -0.4297155342
        2.4500000000         1.5500000000        -0.4386321817
        2.4550000000         1.5500000000        -0.4373583749
        2.4600000000         1.5500000000        -0.4399059885
        2.4650000000         1.5500000000        -0.4475488292
        2.4700000000         1.5500000000        -0.4488226359
        2.4750000000         1.5500000000        -0.4450012156
        2.4800000000         1.5500000000        -0.4424536020
        2.4850000000         1.5500000000        -0.4488226359
        2.4900000000         1.5500000000        -0.4437274088
        2.4950000000         1.5500000000        -0.4348107613
        2.5000000000         1.5500000000        -0.4450012156
        2.5050000000         1.5500000000        -0.4475488292
        2.5100000000         1.5500000000        -0.4462750224
        2.5150000000         1.5500000000        -0.4258941138
        2.5200000000         1.5500000000        -0.4500964427
        2.5250000000         1.5500000000        -0.4437274088
        2.5300000000         1.5500000000        -0.4297155342
        2.5350000000         1.5500000000        -0.4488226359
        2.5400000000         1.5500000000        -0.4297155342
        2.5450000000         1.5500000000        -0.4513702495
        2.5500000000         1.5500000000        -0.4322631478
        2.5550000000         1.5500000000        -0.4450012156
        2.5600000000         1.5500000000        -0.4322631478
        2.5650000000         1.5500000000        -0.4335369545
        2.5700000000         1.5500000000        -0.4500964427
        2.5750000000         1.5500000000        -0.4411797952
        2.5800000000         1.5500000000        -0.4348107613
        2.5850000000         1.5500000000        -0.4513702495
        2.5900000000         1.5500000000        -0.4386321817
        2.5950000000         1.5500000000        -0.4462750224
        2.6000000000         1.5500000000        -0.4411797952
        2.6050000000         1.5500000000        -0.4373583749
        2.6100000000         1.5500000000        -0.4437274088
        2.6150000000         1.5500000000        -0.4475488292
        2.6200000000         1.5500000000        -0.4348107613
        2.6250000000         1.5500000000        -0.4577392834
        2.6300000000         1.5500000000        -0.4335369545
        2.6350000000         1.5500000000        -0.4462750224
        2.6400000000         1.5500000000        -0.4399059885
        2.6450000000         1.5500000000        -0.4399059885
        2.6500000000         1.5500000000        -0.4462750224
        2.6550000000         1.5500000000        -0.4386321817
        2.6600000000         1.5500000000        -0.4348107613
        2.6650000000         1.5500000000        -0.4526440563
        2.6700000000         1.5500000000        -0.4348107613
        2.6750000000         1.5500000000        -0.4335369545
        2.6800000000         1.5500000000        -0.4513702495
        2.6850000000         1.5500000000        -0.4258941138
        2.6900000000         1.5500000000        -0.4424536020
        2.6950000000         1.5500000000        -0.4399059885
        2.7000000000         1.5500000000        -0.4373583749
        2.7050000000         1.5500000000        -0.4437274088
        2.7100000000         1.5500000000        -0.4348107613
        2.7150000000         1.5500000000        -0.4348107613
        2.7200000000         1.5500000000        -0.4450012156
        2.7250000000         1.5500000000        -0.4258941138
        2.7300000000         1.5500000000        -0.4437274088
        2.7350000000         1.5500000000        -0.4386321817
        2.7400000000         1.5500000000        -0.4335369545
        2.7450000000         1.5500000000        -0.4297155342
        2.7500000000         1.5500000000        -0.4500964427
        2.7550000000         1.5500000000        -0.4386321817
        2.7600000000         1.5500000000        -0.4297155342
        2.7650000000         1.5500000000        -0.4539178631
        2.7700000000         1.5500000000        -0.4284417274
        2.7750000000         1.5500000000        -0.4424536020
        2.7800000000         1.5500000000        -0.4424536020
        2.7850000000         1.5500000000        -0.4284417274
        2.7900000000         1.5500000000        -0.4348107613
        2.7950000000         1.5500000000        -0.4539178631
        2.8000000000         1.5500000000        -0.4297155342
        2.8050000000         1.5500000000        -0.4373583749
        2.8100000000         1.5500000000        -0.4246203070
        2.8150000000         1.5500000000        -0.4373583749
        2.8200000000         1.5500000000        -0.4411797952
        2.8250000000         1.5500000000        -0.4169774663
        2.8300000000         1.5500000000        -0.4462750224
        2.8350000000         1.5500000000        -0.4157036596
        2.8400000000         1.5500000000        -0.4335369545
        2.8450000000         1.5500000000        -0.4462750224
        2.8500000000         1.5500000000        -0.4207988867
        2.8550000000         1.5500000000        -0.4399059885
        2.8600000000         1.5500000000        -0.4220726935
        2.8650000000         1.5500000000        -0.4246203070
        2.8700000000         1.5500000000        -0.4246203070
        2.8750000000         1.5500000000        -0.4335369545
        2.8800000000         1.5500000000        -0.4258941138
        2.8850000000         1.5500000000        -0.4258941138
        2.8900000000         1.5500000000        -0.4411797952
        2.8950000000         1.5500000000        -0.4258941138
        2.9000000000         1.5500000000        -0.4309893410
        2.9050000000         1.5500000000        -0.4233465003
        2.9100000000         1.5500000000        -0.4246203070
        2.9150000000         1.5500000000        -0.4386321817
        2.9200000000         1.5500000000        -0.4195250799
        2.9250000000         1.5500000000        -0.4335369545
        2.9300000000         1.5500000000        -0.4271679206
        2.9350000000         1.5500000000        -0.4297155342
        2.9400000000         1.5500000000        -0.4246203070
        2.9450000000         1.5500000000        -0.4284417274
        2.9500000000         1.5500000000        -0.4348107613
        2.9550000000         1.5500000000        -0.4182512731
        2.9600000000         1.5500000000        -0.4373583749
        2.9650000000         1.5500000000        -0.4348107613
        2.9700000000         1.5500000000        -0.4271679206
        2.9750000000         1.5500000000        -0.4322631478
        2.9800000000         1.5500000000        -0.4462750224
        2.9850000000         1.5500000000        -0.4360845681
        2.9900000000         1.5500000000        -0.4297155342
        2.9950000000         1.5500000000        -0.4246203070
        3.0000000000         1.5500000000        -0.4450012156
        3.0050000000         1.5500000000        -0.4513702495
        3.0100000000         1.5500000000        -0.4424536020
        3.0150000000         1.5500000000        -0.4348107613
        3.0200000000         1.5500000000        -0.4488226359
        3.0250000000         1.5500000000        -0.4386321817
        3.0300000000         1.5500000000        -0.4526440563
        3.0350000000         1.5500000000        -0.4386321817
        3.0400000000         1.5500000000        -0.4360845681
        3.0450000000         1.5500000000        -0.4551916699
        3.0500000000         1.5500000000        -0.4475488292
        3.0550000000         1.5500000000        -0.4386321817
        3.0600000000         1.5500000000        -0.4373583749
        3.0650000000         1.5500000000        -0.4475488292
        3.0700000000         1.5500000000        -0.4564654767
        3.0750000000         1.5500000000        -0.4386321817
        3.0800000000         1.5500000000        -0.4399059885
        3.0850000000         1.5500000000        -0.4399059885
        3.0900000000         1.5500000000        -0.4679297377
        3.0950000000         1.5500000000        -0.4373583749
        3.1000000000         1.5500000000        -0.4297155342
        3.1050000000         1.5500000000        -0.4526440563
        3.1100000000         1.5500000000        -0.4399059885
        3.1150000000         1.5500000000        -0.4335369545
        3.1200000000         1.5500000000        -0.4386321817
        3.1250000000         1.5500000000        -0.4322631478
        3.1300000000         1.5500000000        -0.4411797952
        3.1350000000         1.5500000000        -0.4488226359
        3.1400000000         1.5500000000        -0.4360845681
        3.1450000000         1.5500000000        -0.4297155342
        3.1500000000         1.5500000000        -0.4462750224
        3.1550000000         1.5500000000        -0.4399059885
        3.1600000000         1.5500000000        -0.4424536020
        3.1650000000         1.5500000000        -0.4360845681
        3.1700000000         1.5500000000        -0.4450012156
        3.1750000000         1.5500000000        -0.4360845681
        3.1800000000         1.5500000000        -0.4450012156
        3.1850000000         1.5500000000        -0.4488226359
        3.1900000000         1.5500000000        -0.4424536020
        3.1950000000         1.5500000000        -0.4348107613
        3.2000000000         1.5500000000        -0.4462750224
        3.2050000000         1.5500000000        -0.4360845681
        3.2100000000         1.5500000000        -0.4373583749
        3.2150000000         1.5500000000        -0.4399059885
        3.2200000000         1.5500000000        -0.4348107613
        3.2250000000         1.5500000000        -0.4450012156
        3.2300000000         1.5500000000        -0.4386321817
        3.2350000000         1.5500000000        -0.4386321817
        3.2400000000         1.5500000000        -0.4450012156
        3.2450000000         1.5500000000        -0.4399059885
        3.2500000000         1.5500000000        -0.4424536020
        3.2550000000         1.5500000000        -0.4424536020
        3.2600000000         1.5500000000        -0.4424536020
        3.2650000000         1.5500000000        -0.4411797952
        3.2700000000         1.5500000000        -0.4424536020
        3.2750000000         1.5500000000        -0.4450012156
        3.2800000000         1.5500000000        -0.4348107613
        3.2850000000         1.5500000000        -0.4450012156
        3.2900000000         1.5500000000        -0.4309893410
        3.2950000000         1.5500000000        -0.4539178631
        3.3000000000         1.5500000000        -0.4488226359
        3.3050000000         1.5500000000        -0.4322631478
        3.3100000000         1.5500000000        -0.4411797952
        3.3150000000         1.5500000000        -0.4399059885
        3.3200000000         1.5500000000        -0.4411797952
        3.3250000000         1.5500000000        -0.4322631478
        3.3300000000         1.5500000000        -0.4411797952
        3.3350000000         1.5500000000        -0.4386321817
        3.3400000000         1.5500000000        -0.4335369545
        3.3450000000         1.5500000000        -0.4424536020
        3.3500000000         1.5500000000        -0.4437274088
        3.3550000000         1.5500000000        -0.4335369545
        3.3600000000         1.5500000000        -0.4437274088
        3.3650000000         1.5500000000        -0.4373583749
        3.3700000000         1.5500000000        -0.4360845681
        3.3750000000         1.5500000000        -0.4360845681
        3.3800000000         1.5500000000        -0.4411797952
        3.3850000000         1.5500000000        -0.4386321817
        3.3900000000         1.5500000000        -0.4424536020
        3.3950000000         1.5500000000        -0.4450012156
        3.4000000000         1.5500000000        -0.4322631478
        3.4050000000         1.5500000000        -0.4373583749
        3.4100000000         1.5500000000        -0.4500964427
        3.4150000000         1.5500000000        -0.4195250799
        3.4200000000         1.5500000000        -0.4373583749
        3.4250000000         1.5500000000        -0.4335369545
        3.4300000000         1.5500000000        -0.4475488292
        3.4350000000         1.5500000000        -0.4322631478
        3.4400000000         1.5500000000        -0.4322631478
        3.4450000000         1.5500000000        -0.4258941138
        3.4500000000         1.5500000000        -0.4297155342
        3.4550000000         1.5500000000        -0.4373583749
        3.4600000000         1.5500000000        -0.4271679206
        3.4650000000         1.5500000000        -0.4322631478
        3.4700000000         1.5500000000        -0.4475488292
        3.4750000000         1.5500000000        -0.4271679206
        3.4800000000         1.5500000000        -0.4666559309
        3.4850000000         1.5500000000        -0.4246203070
        3.4900000000         1.5500000000        -0.4373583749
        3.4950000000         1.5500000000        -0.4348107613
        3.5000000000         1.5500000000        -0.4348107613
        3.5050000000         1.5500000000        -0.4271679206
        3.5100000000         1.5500000000        -0.4386321817
        3.5150000000         1.5500000000        -0.4513702495
        3.5200000000         1.5500000000        -0.4386321817
        3.5250000000         1.5500000000        -0.4411797952
        3.5300000000         1.5500000000        -0.4424536020
        3.5350000000         1.5500000000        -0.4233465003
        3.5400000000         1.5500000000        -0.4450012156
        3.5450000000         1.5500000000        -0.4488226359
        3.5500000000         1.5500000000        -0.4348107613
        3.5550000000         1.5500000000        -0.4386321817
        3.5600000000         1.5500000000        -0.4590130902
        3.5650000000         1.5500000000        -0.4437274088
        3.5700000000         1.5500000000        -0.4233465003
        3.5750000000         1.5500000000        -0.4386321817
        3.5800000000         1.5500000000        -0.4450012156
        3.5850000000         1.5500000000        -0.4373583749
        3.5900000000         1.5500000000        -0.4526440563
        3.5950000000         1.5500000000        -0.4360845681
        3.6000000000         1.5500000000        -0.4411797952
        3.6050000000         1.5500000000        -0.4539178631
        3.6100000000         1.5500000000        -0.4399059885
        3.6150000000         1.5500000000        -0.4386321817
        3.6200000000         1.5500000000        -0.4437274088
        3.6250000000         1.5500000000        -0.4437274088
        3.6300000000         1.5500000000        -0.4437274088
        3.6350000000         1.5500000000        -0.4526440563
        3.6400000000         1.5500000000        -0.4373583749
        3.6450000000         1.5500000000        -0.4450012156
        3.6500000000         1.5500000000        -0.4602868970
        3.6550000000         1.5500000000        -0.4526440563
        3.6600000000         1.5500000000        -0.4411797952
        3.6650000000         1.5500000000        -0.4526440563
        3.6700000000         1.5500000000        -0.4450012156
        3.6750000000         1.5500000000        -0.4437274088
        3.6800000000         1.5500000000        -0.4373583749
        3.6850000000         1.5500000000        -0.4564654767
        3.6900000000         1.5500000000        -0.4424536020
        3.6950000000         1.5500000000        -0.4348107613
        3.7000000000         1.5500000000        -0.4437274088
        3.7050000000         1.5500000000        -0.4475488292
        3.7100000000         1.5500000000        -0.4399059885
        3.7150000000         1.5500000000        -0.4424536020
        3.7200000000         1.5500000000        -0.4450012156
        3.7250000000         1.5500000000        -0.4335369545
        3.7300000000         1.5500000000        -0.4450012156
        3.7350000000         1.5500000000        -0.4475488292
        3.7400000000         1.5500000000        -0.4437274088
        3.7450000000         1.5500000000        -0.4437274088
        3.7500000000         1.5500000000        -0.4373583749
        3.7550000000         1.5500000000        -0.4399059885
        3.7600000000         1.5500000000        -0.4539178631
        3.7650000000         1.5500000000        -0.4628345106
        3.7700000000         1.5500000000        -0.4322631478
        3.7750000000         1.5500000000        -0.4526440563
        3.7800000000         1.5500000000        -0.4360845681
        3.7850000000         1.5500000000        -0.4526440563
        3.7900000000         1.5500000000        -0.4399059885
        3.7950000000         1.5500000000        -0.4450012156
        3.8000000000         1.5500000000        -0.4399059885
        3.8050000000         1.5500000000        -0.4399059885
        3.8100000000         1.5500000000        -0.4551916699
        3.8150000000         1.5500000000        -0.4462750224
        3.8200000000         1.5500000000        -0.4411797952
        3.8250000000         1.5500000000        -0.4488226359
        3.8300000000         1.5500000000        -0.4373583749
        3.8350000000         1.5500000000        -0.4462750224
        3.8400000000         1.5500000000        -0.4526440563
        3.8450000000         1.5500000000        -0.4399059885
        3.8500000000         1.5500000000        -0.4513702495
        3.8550000000         1.5500000000        -0.4424536020
        3.8600000000         1.5500000000        -0.4437274088
        3.8650000000         1.5500000000        -0.4437274088
        3.8700000000         1.5500000000        -0.4437274088
        3.8750000000         1.5500000000        -0.4755725784
        3.8800000000         1.5500000000        -0.4399059885
        3.8850000000         1.5500000000        -0.4399059885
        3.8900000000         1.5500000000        -0.4539178631
        3.8950000000         1.5500000000        -0.4399059885
        3.9000000000         1.5500000000        -0.4513702495
        3.9050000000         1.5500000000        -0.4348107613
        3.9100000000         1.5500000000        -0.4488226359
        3.9150000000         1.5500000000        -0.4513702495
        3.9200000000         1.5500000000        -0.4386321817
        3.9250000000         1.5500000000        -0.4462750224
        3.9300000000         1.5500000000        -0.4373583749
        3.9350000000         1.5500000000        -0.4462750224
        3.9400000000         1.5500000000        -0.4539178631
        3.9450000000         1.5500000000        -0.4386321817
        3.9500000000         1.5500000000        -0.4271679206
        3.9550000000         1.5500000000        -0.4704773513
        3.9600000000         1.5500000000        -0.4360845681
        3.9650000000         1.5500000000        -0.4373583749
        3.9700000000         1.5500000000        -0.4411797952
        3.9750000000         1.5500000000        -0.4411797952
        3.9800000000         1.5500000000        -0.4462750224
        3.9850000000         1.5500000000        -0.4399059885
        3.9900000000         1.5500000000        -0.4284417274
        3.9950000000         1.5500000000        -0.4309893410
        4.0000000000         1.5500000000        -0.4309893410
        4.0050000000         1.5500000000        -0.4424536020
        4.0100000000         1.5500000000        -0.4220726935
        4.0150000000         1.5500000000        -0.4322631478
        4.0200000000         1.5500000000        -0.4386321817
        4.0250000000         1.5500000000        -0.4195250799
        4.0300000000         1.5500000000        -0.4475488292
        4.0350000000         1.5500000000        -0.4169774663
        4.0400000000         1.5500000000        -0.4258941138
        4.0450000000         1.5500000000        -0.4297155342
        4.0500000000         1.5500000000        -0.4258941138
        4.0550000000         1.5500000000        -0.4475488292
        4.0600000000         1.5500000000        -0.4195250799
        4.0650000000         1.5500000000        -0.4322631478
        4.0700000000         1.5500000000        -0.4424536020
        4.0750000000         1.5500000000        -0.4233465003
        4.0800000000         1.5500000000        -0.4335369545
        4.0850000000         1.5500000000        -0.4411797952
        4.0900000000         1.5500000000        -0.4220726935
        4.0950000000         1.5500000000        -0.4360845681
        4.1000000000         1.5500000000        -0.4437274088
        4.1050000000         1.5500000000        -0.4195250799
        4.1100000000         1.5500000000        -0.4348107613
        4.1150000000         1.5500000000        -0.4348107613
        4.1200000000         1.5500000000        -0.4411797952
        4.1250000000         1.5500000000        -0.4373583749
        4.1300000000         1.5500000000        -0.4373583749
        4.1350000000         1.5500000000        -0.4297155342
        4.1400000000         1.5500000000        -0.4475488292
        4.1450000000         1.5500000000        -0.4348107613
        4.1500000000         1.5500000000        -0.4284417274
        4.1550000000         1.5500000000        -0.4577392834
        4.1600000000         1.5500000000        -0.4309893410
        4.1650000000         1.5500000000        -0.4411797952
        4.1700000000         1.5500000000        -0.4322631478
        4.1750000000         1.5500000000        -0.4309893410
        4.1800000000         1.5500000000        -0.4475488292
        4.1850000000         1.5500000000        -0.4488226359
        4.1900000000         1.5500000000        -0.4450012156
        4.1950000000         1.5500000000        -0.4348107613
        4.2000000000         1.5500000000        -0.4399059885
        4.2050000000         1.5500000000        -0.4475488292
        4.2100000000         1.5500000000        -0.4386321817
        4.2150000000         1.5500000000        -0.4450012156
        4.2200000000         1.5500000000        -0.4373583749
        4.2250000000         1.5500000000        -0.4424536020
        4.2300000000         1.5500000000        -0.4551916699
        4.2350000000         1.5500000000        -0.4271679206
        4.2400000000         1.5500000000        -0.4437274088
        4.2450000000         1.5500000000        -0.4450012156
        4.2500000000         1.5500000000        -0.4437274088
        4.2550000000         1.5500000000        -0.4284417274
        4.2600000000         1.5500000000        -0.4360845681
        4.2650000000         1.5500000000        -0.4450012156
        4.2700000000         1.5500000000        -0.4399059885
        4.2750000000         1.5500000000        -0.4462750224
        4.2800000000         1.5500000000        -0.4322631478
        4.2850000000         1.5500000000        -0.4475488292
        4.2900000000         1.5500000000        -0.4284417274
        4.2950000000         1.5500000000        -0.4437274088
        4.3000000000         1.5500000000        -0.4373583749
        4.3050000000         1.5500000000        -0.4258941138
        4.3100000000         1.5500000000        -0.4437274088
        4.3150000000         1.5500000000        -0.4462750224
        4.3200000000         1.5500000000        -0.4335369545
        4.3250000000         1.5500000000        -0.4411797952
        4.3300000000         1.5500000000        -0.4411797952
        4.3350000000         1.5500000000        -0.4411797952
        4.3400000000         1.5500000000        -0.4488226359
        4.3450000000         1.5500000000        -0.4373583749
        4.3500000000         1.5500000000        -0.4360845681
        4.3550000000         1.5500000000        -0.4462750224
        4.3600000000         1.5500000000        -0.4322631478
        4.3650000000         1.5500000000        -0.4513702495
        4.3700000000         1.5500000000        -0.4348107613
        4.3750000000         1.5500000000        -0.4399059885
        4.3800000000         1.5500000000        -0.4424536020
        4.3850000000         1.5500000000        -0.4399059885
        4.3900000000         1.5500000000        -0.4373583749
        4.3950000000         1.5500000000        -0.4424536020
        4.4000000000         1.5500000000        -0.4399059885
        4.4050000000         1.5500000000        -0.4475488292
        4.4100000000         1.5500000000        -0.4348107613
        4.4150000000         1.5500000000        -0.4335369545
        4.4200000000         1.5500000000        -0.4411797952
        4.4250000000         1.5500000000        -0.4373583749
        4.4300000000         1.5500000000        -0.4450012156
        4.4350000000         1.5500000000        -0.4335369545
        4.4400000000         1.5500000000        -0.4462750224
        4.4450000000         1.5500000000        -0.4411797952
        4.4500000000         1.5500000000        -0.4526440563
        4.4550000000         1.5500000000        -0.4399059885
        4.4600000000         1.5500000000        -0.4462750224
        4.4650000000         1.5500000000        -0.4411797952
        4.4700000000         1.5500000000        -0.4437274088
        4.4750000000         1.5500000000        -0.4437274088
        4.4800000000         1.5500000000        -0.4373583749
        4.4850000000         1.5500000000        -0.4297155342
        4.4900000000         1.5500000000        -0.4539178631
        4.4950000000         1.5500000000        -0.4424536020
        4.5000000000         1.5500000000        -0.4386321817
        4.5050000000         1.5500000000        -0.4437274088
        4.5100000000         1.5500000000        -0.4322631478
        4.5150000000         1.5500000000        -0.4411797952
        4.5200000000         1.5500000000        -0.4513702495
        4.5250000000         1.5500000000        -0.4335369545
        4.5300000000         1.5500000000        -0.4348107613
        4.5350000000         1.5500000000        -0.4437274088
        4.5400000000         1.5500000000        -0.4348107613
        4.5450000000         1.5500000000        -0.4500964427
        4.5500000000         1.5500000000        -0.4297155342
        4.5550000000         1.5500000000        -0.4258941138
        4.5600000000         1.5500000000        -0.4551916699
        4.5650000000         1.5500000000        -0.4258941138
        4.5700000000         1.5500000000        -0.4450012156
        4.5750000000         1.5500000000        -0.4195250799
        4.5800000000         1.5500000000        -0.4284417274
        4.5850000000         1.5500000000        -0.4564654767
        4.5900000000         1.5500000000        -0.4182512731
        4.5950000000         1.5500000000        -0.4411797952
        4.6000000000         1.5500000000        -0.4246203070
        4.6050000000         1.5500000000        -0.4220726935
        4.6100000000         1.5500000000        -0.4424536020
        4.6150000000         1.5500000000        -0.4335369545
        4.6200000000         1.5500000000        -0.4297155342
        4.6250000000         1.5500000000        -0.4322631478
        4.6300000000         1.5500000000        -0.4335369545
        4.6350000000         1.5500000000        -0.4322631478
        4.6400000000         1.5500000000        -0.4335369545
        4.6450000000         1.5500000000        -0.4373583749
        4.6500000000         1.5500000000        -0.4437274088
        4.6550000000         1.5500000000        -0.4450012156
        4.6600000000         1.5500000000        -0.4284417274
        4.6650000000         1.5500000000        -0.4450012156
        4.6700000000         1.5500000000        -0.4297155342
        4.6750000000         1.5500000000        -0.4411797952
        4.6800000000         1.5500000000        -0.4322631478
        4.6850000000         1.5500000000        -0.4348107613
        4.6900000000         1.5500000000        -0.4373583749
        4.6950000000         1.5500000000        -0.4437274088
        4.7000000000         1.5500000000        -0.4437274088
        4.7050000000         1.5500000000        -0.4411797952
        4.7100000000         1.5500000000        -0.4284417274
        4.7150000000         1.5500000000        -0.4348107613
        4.7200000000         1.5500000000        -0.4628345106
        4.7250000000         1.5500000000        -0.4284417274
        4.7300000000         1.5500000000        -0.4411797952
        4.7350000000         1.5500000000        -0.4462750224
        4.7400000000         1.5500000000        -0.4386321817
        4.7450000000         1.5500000000        -0.4462750224
        4.7500000000         1.5500000000        -0.4462750224
        4.7550000000         1.5500000000        -0.4360845681
        4.7600000000         1.5500000000        -0.4450012156
        4.7650000000         1.5500000000        -0.4475488292
        4.7700000000         1.5500000000        -0.4564654767
        4.7750000000         1.5500000000        -0.4335369545
        4.7800000000         1.5500000000        -0.4399059885
        4.7850000000         1.5500000000        -0.4526440563
        4.7900000000         1.5500000000        -0.4411797952
        4.7950000000         1.5500000000        -0.4437274088
        4.8000000000         1.5500000000        -0.4450012156
        4.8050000000         1.5500000000        -0.4348107613
        4.8100000000         1.5500000000        -0.4717511581
        4.8150000000         1.5500000000        -0.4297155342
        4.8200000000         1.5500000000        -0.4437274088
        4.8250000000         1.5500000000        -0.4411797952
        4.8300000000         1.5500000000        -0.4450012156
        4.8350000000         1.5500000000        -0.4284417274
        4.8400000000         1.5500000000        -0.4373583749
        4.8450000000         1.5500000000        -0.4424536020
        4.8500000000         1.5500000000        -0.4360845681
        4.8550000000         1.5500000000        -0.4348107613
        4.8600000000         1.5500000000        -0.4411797952
        4.8650000000         1.5500000000        -0.4373583749
        4.8700000000         1.5500000000        -0.4386321817
        4.8750000000         1.5500000000        -0.4462750224
        4.8800000000         1.5500000000        -0.4348107613
        4.8850000000         1.5500000000        -0.4322631478
        4.8900000000         1.5500000000        -0.4424536020
        4.8950000000         1.5500000000        -0.4360845681
        4.9000000000         1.5500000000        -0.4373583749
        4.9050000000         1.5500000000        -0.4399059885
        4.9100000000         1.5500000000        -0.4500964427
        4.9150000000         1.5500000000        -0.4360845681
        4.9200000000         1.5500000000        -0.4399059885
        4.9250000000         1.5500000000        -0.4450012156
        4.9300000000         1.5500000000        -0.4348107613
        4.9350000000         1.5500000000        -0.4386321817
        4.9400000000         1.5500000000        -0.4348107613
        4.9450000000         1.5500000000        -0.4500964427
        4.9500000000         1.5500000000        -0.4309893410
        4.9550000000         1.5500000000        -0.4348107613
        4.9600000000         1.5500000000        -0.4386321817
        4.9650000000         1.5500000000        -0.4360845681
        4.9700000000         1.5500000000        -0.4411797952
        4.9750000000         1.5500000000        -0.4399059885
        4.9800000000         1.5500000000        -0.4450012156
        4.9850000000         1.5500000000        -0.4526440563
        4.9900000000         1.5500000000        -0.4360845681
        4.9950000000         1.5500000000        -0.4437274088
        5.0000000000         1.5500000000        -0.4462750224
        5.0050000000         1.5500000000        -0.4360845681
        5.0100000000         1.5500000000        -0.4411797952
        5.0150000000         1.5500000000        -0.4399059885
        5.0200000000         1.5500000000        -0.4386321817
        5.0250000000         1.5500000000        -0.4488226359
        5.0300000000         1.5500000000        -0.4399059885
        5.0350000000         1.5500000000        -0.4462750224
        5.0400000000         1.5500000000        -0.4411797952
        5.0450000000         1.5500000000        -0.4373583749
        5.0500000000         1.5500000000        -0.4373583749
        5.0550000000         1.5500000000        -0.4386321817
        5.0600000000         1.5500000000        -0.4411797952
        5.0650000000         1.5500000000        -0.4348107613
        5.0700000000         1.5500000000        -0.4488226359
        5.0750000000         1.5500000000        -0.4437274088
        5.0800000000         1.5500000000        -0.4348107613
        5.0850000000         1.5500000000        -0.4437274088
        5.0900000000         1.5500000000        -0.4386321817
        5.0950000000         1.5500000000        -0.4335369545
        5.1000000000         1.5500000000        -0.4526440563
        5.1050000000         1.5500000000        -0.4424536020
        5.1100000000         1.5500000000        -0.4258941138
        5.1150000000         1.5500000000        -0.4475488292
        5.1200000000         1.5500000000        -0.4424536020
        5.1250000000         1.5500000000        -0.4424536020
        5.1300000000         1.5500000000        -0.4322631478
        5.1350000000         1.5500000000        -0.4399059885
        5.1400000000         1.5500000000        -0.4513702495
        5.1450000000         1.5500000000        -0.4233465003
        5.1500000000         1.5500000000        -0.4564654767
        5.1550000000         1.5500000000        -0.4246203070
        5.1600000000         1.5500000000        -0.4360845681
        5.1650000000         1.5500000000        -0.4602868970
        5.1700000000         1.5500000000        -0.4233465003
        5.1750000000         1.5500000000        -0.4526440563
        5.1800000000         1.5500000000        -0.4309893410
        5.1850000000         1.5500000000        -0.4258941138
        5.1900000000         1.5500000000        -0.4424536020
        5.1950000000         1.5500000000        -0.4437274088
        5.2000000000         1.5500000000        -0.4399059885
        5.2050000000         1.5500000000        -0.4297155342
        5.2100000000         1.5500000000        -0.4386321817
        5.2150000000         1.5500000000        -0.4411797952
        5.2200000000         1.5500000000        -0.4297155342
        5.2250000000         1.5500000000        -0.4220726935
        5.2300000000         1.5500000000        -0.4615607038
        5.2350000000         1.5500000000        -0.4309893410
        5.2400000000         1.5500000000        -0.4373583749
        5.2450000000         1.5500000000        -0.4462750224
        5.2500000000         1.5500000000        -0.4348107613
        5.2550000000         1.5500000000        -0.4411797952
        5.2600000000         1.5500000000        -0.4462750224
        5.2650000000         1.5500000000        -0.4360845681
        5.2700000000         1.5500000000        -0.4386321817
        5.2750000000         1.5500000000        -0.4513702495
        5.2800000000         1.5500000000        -0.4450012156
        5.2850000000         1.5500000000        -0.4399059885
        5.2900000000         1.5500000000        -0.4373583749
        5.2950000000         1.5500000000        -0.4322631478
        5.3000000000         1.5500000000        -0.4590130902
        5.3050000000         1.5500000000        -0.4297155342
        5.3100000000         1.5500000000        -0.4373583749
        5.3150000000         1.5500000000        -0.4424536020
        5.3200000000         1.5500000000        -0.4462750224
        5.3250000000         1.5500000000        -0.4488226359
        5.3300000000         1.5500000000        -0.4335369545
        5.3350000000         1.5500000000        -0.4348107613
        5.3400000000         1.5500000000        -0.4513702495
        5.3450000000         1.5500000000        -0.4348107613
        5.3500000000         1.5500000000        -0.4373583749
        5.3550000000         1.5500000000        -0.4360845681
        5.3600000000         1.5500000000        -0.4348107613
        5.3650000000         1.5500000000        -0.4526440563
        5.3700000000         1.5500000000        -0.4437274088
        5.3750000000         1.5500000000        -0.4386321817
        5.3800000000         1.5500000000        -0.4475488292
        5.3850000000         1.5500000000        -0.4411797952
        5.3900000000         1.5500000000        -0.4411797952
        5.3950000000         1.5500000000        -0.4399059885
        5.4000000000         1.5500000000        -0.4437274088
        5.4050000000         1.5500000000        -0.4564654767
        5.4100000000         1.5500000000        -0.4373583749
        5.4150000000         1.5500000000        -0.4360845681
        5.4200000000         1.5500000000        -0.4526440563
        5.4250000000         1.5500000000        -0.4475488292
        5.4300000000         1.5500000000        -0.4348107613
        5.4350000000         1.5500000000        -0.4475488292
        5.4400000000         1.5500000000        -0.4348107613
        5.4450000000         1.5500000000        -0.4526440563
        5.4500000000         1.5500000000        -0.4399059885
        5.4550000000         1.5500000000        -0.4411797952
        5.4600000000         1.5500000000        -0.4424536020
        5.4650000000         1.5500000000        -0.4373583749
        5.4700000000         1.5500000000        -0.4488226359
        5.4750000000         1.5500000000        -0.4462750224
        5.4800000000         1.5500000000        -0.4335369545
        5.4850000000         1.5500000000        -0.4539178631
        5.4900000000         1.5500000000        -0.4399059885
        5.4950000000         1.5500000000        -0.4462750224
        5.5000000000         1.5500000000        -0.4526440563
        5.5050000000         1.5500000000        -0.4373583749
        5.5100000000         1.5500000000        -0.4360845681
        5.5150000000         1.5500000000        -0.4615607038
        5.5200000000         1.5500000000        -0.4348107613
        5.5250000000         1.5500000000        -0.4437274088
        5.5300000000         1.5500000000        -0.4450012156
        5.5350000000         1.5500000000        -0.4411797952
        5.5400000000         1.5500000000        -0.4488226359
        5.5450000000         1.5500000000        -0.4475488292
        5.5500000000         1.5500000000        -0.4437274088
        5.5550000000         1.5500000000        -0.4475488292
        5.5600000000         1.5500000000        -0.4475488292
        5.5650000000         1.5500000000        -0.4450012156
        5.5700000000         1.5500000000        -0.4450012156
        5.5750000000         1.5500000000        -0.4577392834
        5.5800000000         1.5500000000        -0.4450012156
        5.5850000000         1.5500000000        -0.4424536020
        5.5900000000         1.5500000000        -0.4424536020
        5.5950000000         1.5500000000        -0.4424536020
        5.6000000000         1.5500000000        -0.4437274088
        5.6050000000         1.5500000000        -0.4424536020
        5.6100000000         1.5500000000        -0.4450012156
        5.6150000000         1.5500000000        -0.4513702495
        5.6200000000         1.5500000000        -0.4450012156
        5.6250000000         1.5500000000        -0.4335369545
        5.6300000000         1.5500000000        -0.4462750224
        5.6350000000         1.5500000000        -0.4488226359
        5.6400000000         1.5500000000        -0.4335369545
        5.6450000000         1.5500000000        -0.4526440563
        5.6500000000         1.5500000000        -0.4450012156
        5.6550000000         1.5500000000        -0.4386321817
        5.6600000000         1.5500000000        -0.4450012156
        5.6650000000         1.5500000000        -0.4462750224
        5.6700000000         1.5500000000        -0.4271679206
        5.6750000000         1.5500000000        -0.4539178631
        5.6800000000         1.5500000000        -0.4424536020
        5.6850000000         1.5500000000        -0.4258941138
        5.6900000000         1.5500000000        -0.4411797952
        5.6950000000         1.5500000000        -0.4475488292
        5.7000000000         1.5500000000        -0.4309893410
        5.7050000000         1.5500000000        -0.4437274088
        5.7100000000         1.5500000000        -0.4297155342
        5.7150000000         1.5500000000        -0.4360845681
        5.7200000000         1.5500000000        -0.4360845681
        5.7250000000         1.5500000000        -0.4500964427
        5.7300000000         1.5500000000        -0.4207988867
        5.7350000000         1.5500000000        -0.4386321817
        5.7400000000         1.5500000000        -0.4284417274
        5.7450000000         1.5500000000        -0.4450012156
        5.7500000000         1.5500000000        -0.4322631478
        5.7550000000         1.5500000000        -0.4348107613
        5.7600000000         1.5500000000        -0.4246203070
        5.7650000000         1.5500000000        -0.4309893410
        5.7700000000         1.5500000000        -0.4513702495
        5.7750000000         1.5500000000        -0.4246203070
        5.7800000000         1.5500000000        -0.4309893410
        5.7850000000         1.5500000000        -0.4462750224
        5.7900000000         1.5500000000        -0.4373583749
        5.7950000000         1.5500000000        -0.4386321817
        5.8000000000         1.5500000000        -0.4399059885
        5.8050000000         1.5500000000        -0.4399059885
        5.8100000000         1.5500000000        -0.4399059885
        5.8150000000         1.5500000000        -0.4411797952
        5.8200000000         1.5500000000        -0.4348107613
        5.8250000000         1.5500000000        -0.4488226359
        5.8300000000         1.5500000000        -0.4386321817
        5.8350000000         1.5500000000        -0.4335369545
        5.8400000000         1.5500000000        -0.4450012156
        5.8450000000         1.5500000000        -0.4399059885
        5.8500000000         1.5500000000        -0.4297155342
        5.8550000000         1.5500000000        -0.4424536020
        5.8600000000         1.5500000000        -0.4526440563
        5.8650000000         1.5500000000        -0.4322631478
        5.8700000000         1.5500000000        -0.4373583749
        5.8750000000         1.5500000000        -0.4615607038
        5.8800000000         1.5500000000        -0.4284417274
        5.8850000000         1.5500000000        -0.4386321817
        5.8900000000         1.5500000000        -0.4437274088
        5.8950000000         1.5500000000        -0.4513702495
        5.9000000000         1.5500000000        -0.4475488292
        5.9050000000         1.5500000000        -0.4373583749
        5.9100000000         1.5500000000        -0.4437274088
        5.9150000000         1.5500000000        -0.4513702495
        5.9200000000         1.5500000000        -0.4424536020
        5.9250000000         1.5500000000        -0.4602868970
        5.9300000000         1.5500000000        -0.4411797952
        5.9350000000         1.5500000000        -0.4411797952
        5.9400000000         1.5500000000        -0.4551916699
        5.9450000000         1.5500000000        -0.4424536020
        5.9500000000         1.5500000000        -0.4500964427
        5.9550000000         1.5500000000        -0.4488226359
        5.9600000000         1.5500000000        -0.4424536020
        5.9650000000         1.5500000000        -0.4590130902
        5.9700000000         1.5500000000        -0.4399059885
        5.9750000000         1.5500000000        -0.4450012156
        5.9800000000         1.5500000000        -0.4462750224
        5.9850000000         1.5500000000        -0.4590130902
        5.9900000000         1.5500000000        -0.4271679206
        5.9950000000         1.5500000000        -0.4500964427
        6.0000000000         1.5500000000        -0.4500964427
        6.0050000000         1.5500000000        -0.4335369545
        6.0100000000         1.5500000000        -0.4551916699
        6.0150000000         1.5500000000        -0.4399059885
        6.0200000000         1.5500000000        -0.4373583749
        6.0250000000         1.5500000000        -0.4462750224
        6.0300000000         1.5500000000        -0.4450012156
        6.0350000000         1.5500000000        -0.4360845681
        6.0400000000         1.5500000000        -0.4411797952
        0.0000000000         0.0000000000         0.0000000000
        0.0000000000         0.0000000000         0.0000000000
        0.0000000000         0.0000000000         0.0000000000
        0.0000000000         0.0000000000         0.0000000000
        0.0000000000         0.0000000000         0.0000000000
        0.0000000000         0.0000000000         0.0000000000
        0.0000000000         0.0000000000         0.0000000000
        0.0000000000         0.0000000000         0.0000000000
        0.0000000000         0.0000000000         0.0000000000
        0.0000000000         0.0000000000         0.0000000000
        0.0000000000         0.0000000000         0.0000000000
        0.0000000000         0.0000000000         0.0000000000
        0.0000000000         0.0000000000         0.0000000000
        0.0000000000         0.0000000000         0.0000000000
        0.0000000000         0.0000000000         0.0000000000
        0.0000000000         0.0000000000         0.0000000000
        0.0000000000         0.0000000000         0.0000000000
        0.0000000000         0.0000000000         0.0000000000
        0.0000000000         0.0000000000         0.0000000000
        0.0000000000         0.0000000000         0.0000000000
        0.0000000000         0.0000000000         0.0000000000
        0.0000000000         0.0000000000         0.0000000000
        0.0000000000         0.0000000000         0.0000000000
        0.0000000000         0.0000000000         0.0000000000
        0.0000000000         0.0000000000         0.0000000000
        0.0000000000         0.0000000000         0.0000000000
        0.0000000000         0.0000000000         0.0000000000
        0.0000000000         0.0000000000         0.0000000000
        0.0000000000         0.0000000000         0.0000000000
        0.0000000000         0.0000000000         0.0000000000
        0.0000000000         0.0000000000         0.0000000000
        0.0000000000         0.0000000000         0.0000000000
        0.0000000000         0.0000000000         0.0000000000
        0.0000000000         0.0000000000         0.0000000000
        0.0000000000         0.0000000000         0.0000000000
        0.0000000000         0.0000000000         0.0000000000
        0.0000000000         0.0000000000         0.0000000000
        0.0000000000         0.0000000000         0.0000000000
        0.0000000000         0.0000000000         0.0000000000
        0.0000000000         0.0000000000         0.0000000000
        0.0000000000         0.0000000000         0.0000000000
        0.0000000000         0.0000000000         0.0000000000
        0.0000000000         0.0000000000         0.0000000000
        0.0000000000         0.0000000000         0.0000000000
        0.0000000000         0.0000000000         0.0000000000
        0.0000000000         0.0000000000         0.0000000000
        0.0000000000         0.0000000000         0.0000000000
        0.0000000000         0.0000000000         0.0000000000
        0.0000000000         0.0000000000         0.0000000000
        0.0000000000         0.0000000000         0.0000000000
        0.0000000000         0.0000000000         0.0000000000
        0.0000000000         0.0000000000         0.0000000000
        0.0000000000         0.0000000000         0.0000000000
        0.0000000000         0.0000000000         0.0000000000
        0.0000000000         0.0000000000         0.0000000000
        0.0000000000         0.0000000000         0.0000000000
        0.0000000000         0.0000000000         0.0000000000
        0.0000000000         0.0000000000         0.0000000000
        0.0000000000         0.0000000000         0.0000000000
        0.0000000000         0.0000000000         0.0000000000
        0.0000000000         0.0000000000         0.0000000000
        0.0000000000         0.0000000000         0.0000000000
        0.0000000000         0.0000000000         0.0000000000
        0.0000000000         0.0000000000         0.0000000000
        0.0000000000         0.0000000000         0.0000000000
        0.0000000000         0.0000000000         0.0000000000
        0.0000000000         0.0000000000         0.0000000000
        0.0000000000         0.0000000000         0.0000000000
        0.0000000000         0.0000000000         0.0000000000
        0.0000000000         0.0000000000         0.0000000000
        0.0000000000         0.0000000000         0.0000000000
        0.0000000000         0.0000000000         0.0000000000
        0.0000000000         0.0000000000         0.0000000000
        0.0000000000         0.0000000000         0.0000000000
        0.0000000000         0.0000000000         0.0000000000
        0.0000000000         0.0000000000         0.0000000000
        0.0000000000         0.0000000000         0.0000000000
        0.0000000000         0.0000000000         0.0000000000
        0.0000000000         0.0000000000         0.0000000000
        0.0000000000         0.0000000000         0.0000000000
        0.0000000000         0.0000000000         0.0000000000
        0.0000000000         0.0000000000         0.0000000000
        0.0000000000         0.0000000000         0.0000000000
        0.0000000000         0.0000000000         0.0000000000
        0.0000000000         0.0000000000         0.0000000000
        0.0000000000         0.0000000000         0.0000000000
        0.0000000000         0.0000000000         0.0000000000
        0.0000000000         0.0000000000         0.0000000000
        0.0000000000         0.0000000000         0.0000000000
        0.0000000000         0.0000000000         0.0000000000
        0.0000000000         0.0000000000         0.0000000000
        0.0000000000         0.0000000000         0.0000000000
        0.0000000000         0.0000000000         0.0000000000
        0.0000000000         0.0000000000         0.0000000000
        0.0000000000         0.0000000000         0.0000000000
        0.0000000000         0.0000000000         0.0000000000
        0.0000000000         0.0000000000         0.0000000000
        0.0000000000         0.0000000000         0.0000000000
        0.0000000000         0.0000000000         0.0000000000
        0.0000000000         0.0000000000         0.0000000000
        0.0000000000         0.0000000000         0.0000000000
        0.0000000000         0.0000000000         0.0000000000
        0.0000000000         0.0000000000         0.0000000000
        0.0000000000         0.0000000000         0.0000000000
        0.0000000000         0.0000000000         0.0000000000
        0.0000000000         0.0000000000         0.0000000000
        0.0000000000         0.0000000000         0.0000000000
        0.0000000000         0.0000000000         0.0000000000
        0.0000000000         0.0000000000         0.0000000000
        0.0000000000         0.0000000000         0.0000000000
        0.0000000000         0.0000000000         0.0000000000
        0.0000000000         0.0000000000         0.0000000000
        0.0000000000         0.0000000000         0.0000000000
        0.0000000000         0.0000000000         0.0000000000
        0.0000000000         0.0000000000         0.0000000000
        0.0000000000         0.0000000000         0.0000000000
        0.0000000000         0.0000000000         0.0000000000
        0.0000000000         0.0000000000         0.0000000000
        0.0000000000         0.0000000000         0.0000000000
        0.0000000000         0.0000000000         0.0000000000
        0.0000000000         0.0000000000         0.0000000000
        0.0000000000         0.0000000000         0.0000000000
        0.0000000000         0.0000000000         0.0000000000
        0.0000000000         0.0000000000         0.0000000000
        0.0000000000         0.0000000000         0.0000000000
        0.0000000000         0.0000000000         0.0000000000
        0.0000000000         0.0000000000         0.0000000000
        0.0000000000         0.0000000000         0.0000000000
        0.0000000000         0.0000000000         0.0000000000
        0.0000000000         0.0000000000         0.0000000000
        0.0000000000         0.0000000000         0.0000000000
        0.0000000000         0.0000000000         0.0000000000
        0.0000000000         0.0000000000         0.0000000000
        0.0000000000         0.0000000000         0.0000000000
        0.0000000000         0.0000000000         0.0000000000
        0.0000000000         0.0000000000         0.0000000000
        0.0000000000         0.0000000000         0.0000000000
        0.0000000000         0.0000000000         0.0000000000
        0.0000000000         0.0000000000         0.0000000000
        0.0000000000         0.0000000000         0.0000000000
        0.0000000000         0.0000000000         0.0000000000
        0.0000000000         0.0000000000         0.0000000000
        0.0000000000         0.0000000000         0.0000000000
        0.0000000000         0.0000000000         0.0000000000
        0.0000000000         0.0000000000         0.0000000000
        0.0000000000         0.0000000000         0.0000000000
        0.0000000000         0.0000000000         0.0000000000
        0.0000000000         0.0000000000         0.0000000000
        0.0000000000         0.0000000000         0.0000000000
        0.0000000000         0.0000000000         0.0000000000
        0.0000000000         0.0000000000         0.0000000000
        0.0000000000         0.0000000000         0.0000000000
        0.0000000000         0.0000000000         0.0000000000
        0.0000000000         0.0000000000         0.0000000000
        0.0000000000         0.0000000000         0.0000000000
        0.0000000000         0.0000000000         0.0000000000
        0.0000000000         0.0000000000         0.0000000000
        0.0000000000         0.0000000000         0.0000000000
        0.0000000000         0.0000000000         0.0000000000
        0.0000000000         0.0000000000         0.0000000000
        0.0000000000         0.0000000000         0.0000000000
        0.0000000000         0.0000000000         0.0000000000
        0.0000000000         0.0000000000         0.0000000000
        0.0000000000         0.0000000000         0.0000000000
        0.0000000000         0.0000000000         0.0000000000
        0.0000000000         0.0000000000         0.0000000000
        0.0000000000         0.0000000000         0.0000000000
        0.0000000000         0.0000000000         0.0000000000
        0.0000000000         0.0000000000         0.0000000000
        0.0000000000         0.0000000000         0.0000000000
        0.0000000000         0.0000000000         0.0000000000
        0.0000000000         0.0000000000         0.0000000000
        0.0000000000         0.0000000000         0.0000000000
        0.0000000000         0.0000000000         0.0000000000
        0.0000000000         0.0000000000         0.0000000000
        0.0000000000         0.0000000000         0.0000000000
        0.0000000000         0.0000000000         0.0000000000
        0.0000000000         0.0000000000         0.0000000000
        0.0000000000         0.0000000000         0.0000000000
        0.0000000000         0.0000000000         0.0000000000
        0.0000000000         0.0000000000         0.0000000000
        0.0000000000         0.0000000000         0.0000000000
        0.0000000000         0.0000000000         0.0000000000
        0.0000000000         0.0000000000         0.0000000000
        0.0000000000         0.0000000000         0.0000000000
        0.0000000000         0.0000000000         0.0000000000
        0.0000000000         0.0000000000         0.0000000000
        0.0000000000         0.0000000000         0.0000000000
        0.0000000000         0.0000000000         0.0000000000
        0.0000000000         0.0000000000         0.0000000000
        0.0000000000         0.0000000000         0.0000000000
        0.0000000000         0.0000000000         0.0000000000
        0.0000000000         0.0000000000         0.0000000000
        0.0000000000         0.0000000000         0.0000000000
        0.0000000000         0.0000000000         0.0000000000
        0.0000000000         0.0000000000         0.0000000000
        0.0000000000         0.0000000000         0.0000000000
        0.0000000000         0.0000000000         0.0000000000
