        0.9950000000         1.9750000000        -0.1736803705
        1.0000000000         1.9750000000        -0.1660375298
        1.0050000000         1.9750000000        -0.1698589502
        1.0100000000         1.9750000000        -0.1647637230
        1.0150000000         1.9750000000        -0.1775017909
        1.0200000000         1.9750000000        -0.1902398587
        1.0250000000         1.9750000000        -0.1813232112
        1.0300000000         1.9750000000        -0.1673113366
        1.0350000000         1.9750000000        -0.1787755977
        1.0400000000         1.9750000000        -0.1583946891
        1.0450000000         1.9750000000        -0.1775017909
        1.0500000000         1.9750000000        -0.1698589502
        1.0550000000         1.9750000000        -0.1775017909
        1.0600000000         1.9750000000        -0.1685851434
        1.0650000000         1.9750000000        -0.1673113366
        1.0700000000         1.9750000000        -0.1800494045
        1.0750000000         1.9750000000        -0.1634899163
        1.0800000000         1.9750000000        -0.1813232112
        1.0850000000         1.9750000000        -0.1762279841
        1.0900000000         1.9750000000        -0.1775017909
        1.0950000000         1.9750000000        -0.1800494045
        1.1000000000         1.9750000000        -0.1711327570
        1.1050000000         1.9750000000        -0.1762279841
        1.1100000000         1.9750000000        -0.1838708248
        1.1150000000         1.9750000000        -0.1787755977
        1.1200000000         1.9750000000        -0.1711327570
        1.1250000000         1.9750000000        -0.1838708248
        1.1300000000         1.9750000000        -0.1864184384
        1.1350000000         1.9750000000        -0.1736803705
        1.1400000000         1.9750000000        -0.1724065637
        1.1450000000         1.9750000000        -0.2080731537
        1.1500000000         1.9750000000        -0.1736803705
        1.1550000000         1.9750000000        -0.1851446316
        1.1600000000         1.9750000000        -0.2106207673
        1.1650000000         1.9750000000        -0.1813232112
        1.1700000000         1.9750000000        -0.1762279841
        1.1750000000         1.9750000000        -0.1800494045
        1.1800000000         1.9750000000        -0.1851446316
        1.1850000000         1.9750000000        -0.1762279841
        1.1900000000         1.9750000000        -0.1787755977
        1.1950000000         1.9750000000        -0.1775017909
        1.2000000000         1.9750000000        -0.1864184384
        1.2050000000         1.9750000000        -0.1775017909
        1.2100000000         1.9750000000        -0.1800494045
        1.2150000000         1.9750000000        -0.1736803705
        1.2200000000         1.9750000000        -0.1800494045
        1.2250000000         1.9750000000        -0.1736803705
        1.2300000000         1.9750000000        -0.1940612791
        1.2350000000         1.9750000000        -0.1736803705
        1.2400000000         1.9750000000        -0.1851446316
        1.2450000000         1.9750000000        -0.1775017909
        1.2500000000         1.9750000000        -0.2017041198
        1.2550000000         1.9750000000        -0.1825970180
        1.2600000000         1.9750000000        -0.1915136655
        1.2650000000         1.9750000000        -0.1813232112
        1.2700000000         1.9750000000        -0.1851446316
        1.2750000000         1.9750000000        -0.1927874723
        1.2800000000         1.9750000000        -0.1825970180
        1.2850000000         1.9750000000        -0.1876922452
        1.2900000000         1.9750000000        -0.1838708248
        1.2950000000         1.9750000000        -0.1991565062
        1.3000000000         1.9750000000        -0.1825970180
        1.3050000000         1.9750000000        -0.1940612791
        1.3100000000         1.9750000000        -0.1851446316
        1.3150000000         1.9750000000        -0.1953350859
        1.3200000000         1.9750000000        -0.1851446316
        1.3250000000         1.9750000000        -0.1966088926
        1.3300000000         1.9750000000        -0.1800494045
        1.3350000000         1.9750000000        -0.1991565062
        1.3400000000         1.9750000000        -0.1813232112
        1.3450000000         1.9750000000        -0.1978826994
        1.3500000000         1.9750000000        -0.1940612791
        1.3550000000         1.9750000000        -0.2029779266
        1.3600000000         1.9750000000        -0.1876922452
        1.3650000000         1.9750000000        -0.2093469605
        1.3700000000         1.9750000000        -0.1966088926
        1.3750000000         1.9750000000        -0.1966088926
        1.3800000000         1.9750000000        -0.1864184384
        1.3850000000         1.9750000000        -0.2055255401
        1.3900000000         1.9750000000        -0.1864184384
        1.3950000000         1.9750000000        -0.2004303130
        1.4000000000         1.9750000000        -0.1889660519
        1.4050000000         1.9750000000        -0.2029779266
        1.4100000000         1.9750000000        -0.1927874723
        1.4150000000         1.9750000000        -0.2195374148
        1.4200000000         1.9750000000        -0.1902398587
        1.4250000000         1.9750000000        -0.2017041198
        1.4300000000         1.9750000000        -0.2233588351
        1.4350000000         1.9750000000        -0.1991565062
        1.4400000000         1.9750000000        -0.2017041198
        1.4450000000         1.9750000000        -0.2017041198
        1.4500000000         1.9750000000        -0.1902398587
        1.4550000000         1.9750000000        -0.2029779266
        1.4600000000         1.9750000000        -0.1940612791
        1.4650000000         1.9750000000        -0.1864184384
        1.4700000000         1.9750000000        -0.2017041198
        1.4750000000         1.9750000000        -0.1978826994
        1.4800000000         1.9750000000        -0.1978826994
        1.4850000000         1.9750000000        -0.1991565062
        1.4900000000         1.9750000000        -0.1940612791
        1.4950000000         1.9750000000        -0.1953350859
        1.5000000000         1.9750000000        -0.1978826994
        1.5050000000         1.9750000000        -0.1902398587
        1.5100000000         1.9750000000        -0.1864184384
        1.5150000000         1.9750000000        -0.1953350859
        1.5200000000         1.9750000000        -0.1851446316
        1.5250000000         1.9750000000        -0.2042517334
        1.5300000000         1.9750000000        -0.1966088926
        1.5350000000         1.9750000000        -0.1915136655
        1.5400000000         1.9750000000        -0.1902398587
        1.5450000000         1.9750000000        -0.1991565062
        1.5500000000         1.9750000000        -0.1953350859
        1.5550000000         1.9750000000        -0.1902398587
        1.5600000000         1.9750000000        -0.2055255401
        1.5650000000         1.9750000000        -0.2208112215
        1.5700000000         1.9750000000        -0.1915136655
        1.5750000000         1.9750000000        -0.1966088926
        1.5800000000         1.9750000000        -0.1966088926
        1.5850000000         1.9750000000        -0.1991565062
        1.5900000000         1.9750000000        -0.1991565062
        1.5950000000         1.9750000000        -0.1927874723
        1.6000000000         1.9750000000        -0.2004303130
        1.6050000000         1.9750000000        -0.1940612791
        1.6100000000         1.9750000000        -0.1966088926
        1.6150000000         1.9750000000        -0.1953350859
        1.6200000000         1.9750000000        -0.2106207673
        1.6250000000         1.9750000000        -0.1940612791
        1.6300000000         1.9750000000        -0.2004303130
        1.6350000000         1.9750000000        -0.1991565062
        1.6400000000         1.9750000000        -0.2055255401
        1.6450000000         1.9750000000        -0.1927874723
        1.6500000000         1.9750000000        -0.2067993469
        1.6550000000         1.9750000000        -0.1991565062
        1.6600000000         1.9750000000        -0.2118945741
        1.6650000000         1.9750000000        -0.1953350859
        1.6700000000         1.9750000000        -0.2106207673
        1.6750000000         1.9750000000        -0.2029779266
        1.6800000000         1.9750000000        -0.2055255401
        1.6850000000         1.9750000000        -0.1966088926
        1.6900000000         1.9750000000        -0.2131683808
        1.6950000000         1.9750000000        -0.1978826994
        1.7000000000         1.9750000000        -0.2093469605
        1.7050000000         1.9750000000        -0.2106207673
        1.7100000000         1.9750000000        -0.1991565062
        1.7150000000         1.9750000000        -0.2029779266
        1.7200000000         1.9750000000        -0.2042517334
        1.7250000000         1.9750000000        -0.2004303130
        1.7300000000         1.9750000000        -0.1953350859
        1.7350000000         1.9750000000        -0.2131683808
        1.7400000000         1.9750000000        -0.1915136655
        1.7450000000         1.9750000000        -0.2055255401
        1.7500000000         1.9750000000        -0.1915136655
        1.7550000000         1.9750000000        -0.2144421876
        1.7600000000         1.9750000000        -0.1915136655
        1.7650000000         1.9750000000        -0.2017041198
        1.7700000000         1.9750000000        -0.1953350859
        1.7750000000         1.9750000000        -0.2157159944
        1.7800000000         1.9750000000        -0.1966088926
        1.7850000000         1.9750000000        -0.1966088926
        1.7900000000         1.9750000000        -0.1978826994
        1.7950000000         1.9750000000        -0.1966088926
        1.8000000000         1.9750000000        -0.1940612791
        1.8050000000         1.9750000000        -0.1966088926
        1.8100000000         1.9750000000        -0.1966088926
        1.8150000000         1.9750000000        -0.1940612791
        1.8200000000         1.9750000000        -0.1991565062
        1.8250000000         1.9750000000        -0.1940612791
        1.8300000000         1.9750000000        -0.1978826994
        1.8350000000         1.9750000000        -0.1953350859
        1.8400000000         1.9750000000        -0.2004303130
        1.8450000000         1.9750000000        -0.2004303130
        1.8500000000         1.9750000000        -0.1966088926
        1.8550000000         1.9750000000        -0.1915136655
        1.8600000000         1.9750000000        -0.2042517334
        1.8650000000         1.9750000000        -0.1991565062
        1.8700000000         1.9750000000        -0.2017041198
        1.8750000000         1.9750000000        -0.2017041198
        1.8800000000         1.9750000000        -0.1978826994
        1.8850000000         1.9750000000        -0.1966088926
        1.8900000000         1.9750000000        -0.2144421876
        1.8950000000         1.9750000000        -0.1978826994
        1.9000000000         1.9750000000        -0.1940612791
        1.9050000000         1.9750000000        -0.2055255401
        1.9100000000         1.9750000000        -0.1902398587
        1.9150000000         1.9750000000        -0.1966088926
        1.9200000000         1.9750000000        -0.2017041198
        1.9250000000         1.9750000000        -0.1966088926
        1.9300000000         1.9750000000        -0.1966088926
        1.9350000000         1.9750000000        -0.2004303130
        1.9400000000         1.9750000000        -0.1876922452
        1.9450000000         1.9750000000        -0.2017041198
        1.9500000000         1.9750000000        -0.1953350859
        1.9550000000         1.9750000000        -0.2004303130
        1.9600000000         1.9750000000        -0.1966088926
        1.9650000000         1.9750000000        -0.2029779266
        1.9700000000         1.9750000000        -0.1927874723
        1.9750000000         1.9750000000        -0.2080731537
        1.9800000000         1.9750000000        -0.1902398587
        1.9850000000         1.9750000000        -0.1953350859
        1.9900000000         1.9750000000        -0.1966088926
        1.9950000000         1.9750000000        -0.1953350859
        2.0000000000         1.9750000000        -0.1889660519
        2.0050000000         1.9750000000        -0.1966088926
        2.0100000000         1.9750000000        -0.1991565062
        2.0150000000         1.9750000000        -0.1991565062
        2.0200000000         1.9750000000        -0.1851446316
        2.0250000000         1.9750000000        -0.1991565062
        2.0300000000         1.9750000000        -0.2004303130
        2.0350000000         1.9750000000        -0.2106207673
        2.0400000000         1.9750000000        -0.1953350859
        2.0450000000         1.9750000000        -0.1966088926
        2.0500000000         1.9750000000        -0.2042517334
        2.0550000000         1.9750000000        -0.1902398587
        2.0600000000         1.9750000000        -0.1851446316
        2.0650000000         1.9750000000        -0.2055255401
        2.0700000000         1.9750000000        -0.1966088926
        2.0750000000         1.9750000000        -0.1851446316
        2.0800000000         1.9750000000        -0.1915136655
        2.0850000000         1.9750000000        -0.1838708248
        2.0900000000         1.9750000000        -0.1927874723
        2.0950000000         1.9750000000        -0.1902398587
        2.1000000000         1.9750000000        -0.1966088926
        2.1050000000         1.9750000000        -0.1966088926
        2.1100000000         1.9750000000        -0.1876922452
        2.1150000000         1.9750000000        -0.1864184384
        2.1200000000         1.9750000000        -0.1978826994
        2.1250000000         1.9750000000        -0.1915136655
        2.1300000000         1.9750000000        -0.1800494045
        2.1350000000         1.9750000000        -0.1991565062
        2.1400000000         1.9750000000        -0.1915136655
        2.1450000000         1.9750000000        -0.1902398587
        2.1500000000         1.9750000000        -0.1889660519
        2.1550000000         1.9750000000        -0.1953350859
        2.1600000000         1.9750000000        -0.1940612791
        2.1650000000         1.9750000000        -0.1864184384
        2.1700000000         1.9750000000        -0.1902398587
        2.1750000000         1.9750000000        -0.1953350859
        2.1800000000         1.9750000000        -0.1864184384
        2.1850000000         1.9750000000        -0.1813232112
        2.1900000000         1.9750000000        -0.1940612791
        2.1950000000         1.9750000000        -0.1940612791
        2.2000000000         1.9750000000        -0.2042517334
        2.2050000000         1.9750000000        -0.1825970180
        2.2100000000         1.9750000000        -0.1851446316
        2.2150000000         1.9750000000        -0.1838708248
        2.2200000000         1.9750000000        -0.1800494045
        2.2250000000         1.9750000000        -0.1813232112
        2.2300000000         1.9750000000        -0.1851446316
        2.2350000000         1.9750000000        -0.1927874723
        2.2400000000         1.9750000000        -0.1736803705
        2.2450000000         1.9750000000        -0.1825970180
        2.2500000000         1.9750000000        -0.1787755977
        2.2550000000         1.9750000000        -0.1902398587
        2.2600000000         1.9750000000        -0.1749541773
        2.2650000000         1.9750000000        -0.1685851434
        2.2700000000         1.9750000000        -0.1813232112
        2.2750000000         1.9750000000        -0.1724065637
        2.2800000000         1.9750000000        -0.1749541773
        2.2850000000         1.9750000000        -0.1749541773
        2.2900000000         1.9750000000        -0.1749541773
        2.2950000000         1.9750000000        -0.1749541773
        2.3000000000         1.9750000000        -0.1711327570
        2.3050000000         1.9750000000        -0.1673113366
        2.3100000000         1.9750000000        -0.1736803705
        2.3150000000         1.9750000000        -0.1749541773
        2.3200000000         1.9750000000        -0.1724065637
        2.3250000000         1.9750000000        -0.1660375298
        2.3300000000         1.9750000000        -0.1698589502
        2.3350000000         1.9750000000        -0.1698589502
        2.3400000000         1.9750000000        -0.1749541773
        2.3450000000         1.9750000000        -0.1673113366
        2.3500000000         1.9750000000        -0.1647637230
        2.3550000000         1.9750000000        -0.1800494045
        2.3600000000         1.9750000000        -0.1647637230
        2.3650000000         1.9750000000        -0.1775017909
        2.3700000000         1.9750000000        -0.1596684959
        2.3750000000         1.9750000000        -0.1864184384
        2.3800000000         1.9750000000        -0.1685851434
        2.3850000000         1.9750000000        -0.1698589502
        2.3900000000         1.9750000000        -0.1787755977
        2.3950000000         1.9750000000        -0.1724065637
        2.4000000000         1.9750000000        -0.1724065637
        2.4050000000         1.9750000000        -0.1813232112
        2.4100000000         1.9750000000        -0.1749541773
        2.4150000000         1.9750000000        -0.1775017909
        2.4200000000         1.9750000000        -0.1711327570
        2.4250000000         1.9750000000        -0.1787755977
        2.4300000000         1.9750000000        -0.1775017909
        2.4350000000         1.9750000000        -0.1724065637
        2.4400000000         1.9750000000        -0.1825970180
        2.4450000000         1.9750000000        -0.1762279841
        2.4500000000         1.9750000000        -0.1711327570
        2.4550000000         1.9750000000        -0.1978826994
        2.4600000000         1.9750000000        -0.1762279841
        2.4650000000         1.9750000000        -0.1736803705
        2.4700000000         1.9750000000        -0.1813232112
        2.4750000000         1.9750000000        -0.1838708248
        2.4800000000         1.9750000000        -0.1685851434
        2.4850000000         1.9750000000        -0.1902398587
        2.4900000000         1.9750000000        -0.1749541773
        2.4950000000         1.9750000000        -0.1864184384
        2.5000000000         1.9750000000        -0.1673113366
        2.5050000000         1.9750000000        -0.1953350859
        2.5100000000         1.9750000000        -0.1711327570
        2.5150000000         1.9750000000        -0.1864184384
        2.5200000000         1.9750000000        -0.1698589502
        2.5250000000         1.9750000000        -0.1864184384
        2.5300000000         1.9750000000        -0.1787755977
        2.5350000000         1.9750000000        -0.1800494045
        2.5400000000         1.9750000000        -0.1787755977
        2.5450000000         1.9750000000        -0.1800494045
        2.5500000000         1.9750000000        -0.1800494045
        2.5550000000         1.9750000000        -0.1775017909
        2.5600000000         1.9750000000        -0.1927874723
        2.5650000000         1.9750000000        -0.1775017909
        2.5700000000         1.9750000000        -0.1825970180
        2.5750000000         1.9750000000        -0.1889660519
        2.5800000000         1.9750000000        -0.1825970180
        2.5850000000         1.9750000000        -0.1762279841
        2.5900000000         1.9750000000        -0.1902398587
        2.5950000000         1.9750000000        -0.1749541773
        2.6000000000         1.9750000000        -0.1953350859
        2.6050000000         1.9750000000        -0.1851446316
        2.6100000000         1.9750000000        -0.1889660519
        2.6150000000         1.9750000000        -0.1724065637
        2.6200000000         1.9750000000        -0.2017041198
        2.6250000000         1.9750000000        -0.1813232112
        2.6300000000         1.9750000000        -0.2144421876
        2.6350000000         1.9750000000        -0.1775017909
        2.6400000000         1.9750000000        -0.1902398587
        2.6450000000         1.9750000000        -0.1902398587
        2.6500000000         1.9750000000        -0.1800494045
        2.6550000000         1.9750000000        -0.1851446316
        2.6600000000         1.9750000000        -0.1813232112
        2.6650000000         1.9750000000        -0.1889660519
        2.6700000000         1.9750000000        -0.1800494045
        2.6750000000         1.9750000000        -0.1940612791
        2.6800000000         1.9750000000        -0.1838708248
        2.6850000000         1.9750000000        -0.2042517334
        2.6900000000         1.9750000000        -0.1813232112
        2.6950000000         1.9750000000        -0.1966088926
        2.7000000000         1.9750000000        -0.1915136655
        2.7050000000         1.9750000000        -0.1927874723
        2.7100000000         1.9750000000        -0.1851446316
        2.7150000000         1.9750000000        -0.2106207673
        2.7200000000         1.9750000000        -0.1800494045
        2.7250000000         1.9750000000        -0.1876922452
        2.7300000000         1.9750000000        -0.1838708248
        2.7350000000         1.9750000000        -0.1966088926
        2.7400000000         1.9750000000        -0.1889660519
        2.7450000000         1.9750000000        -0.1889660519
        2.7500000000         1.9750000000        -0.1800494045
        2.7550000000         1.9750000000        -0.2004303130
        2.7600000000         1.9750000000        -0.1864184384
        2.7650000000         1.9750000000        -0.1876922452
        2.7700000000         1.9750000000        -0.1902398587
        2.7750000000         1.9750000000        -0.2004303130
        2.7800000000         1.9750000000        -0.1851446316
        2.7850000000         1.9750000000        -0.2004303130
        2.7900000000         1.9750000000        -0.1864184384
        2.7950000000         1.9750000000        -0.1902398587
        2.8000000000         1.9750000000        -0.1800494045
        2.8050000000         1.9750000000        -0.2017041198
        2.8100000000         1.9750000000        -0.1851446316
        2.8150000000         1.9750000000        -0.2017041198
        2.8200000000         1.9750000000        -0.1864184384
        2.8250000000         1.9750000000        -0.1953350859
        2.8300000000         1.9750000000        -0.1927874723
        2.8350000000         1.9750000000        -0.1940612791
        2.8400000000         1.9750000000        -0.1927874723
        2.8450000000         1.9750000000        -0.1940612791
        2.8500000000         1.9750000000        -0.1889660519
        2.8550000000         1.9750000000        -0.1940612791
        2.8600000000         1.9750000000        -0.1876922452
        2.8650000000         1.9750000000        -0.2004303130
        2.8700000000         1.9750000000        -0.1825970180
        2.8750000000         1.9750000000        -0.1953350859
        2.8800000000         1.9750000000        -0.1991565062
        2.8850000000         1.9750000000        -0.1902398587
        2.8900000000         1.9750000000        -0.1800494045
        2.8950000000         1.9750000000        -0.2106207673
        2.9000000000         1.9750000000        -0.1787755977
        2.9050000000         1.9750000000        -0.1927874723
        2.9100000000         1.9750000000        -0.1889660519
        2.9150000000         1.9750000000        -0.1953350859
        2.9200000000         1.9750000000        -0.1953350859
        2.9250000000         1.9750000000        -0.1927874723
        2.9300000000         1.9750000000        -0.1876922452
        2.9350000000         1.9750000000        -0.1953350859
        2.9400000000         1.9750000000        -0.1889660519
        2.9450000000         1.9750000000        -0.1953350859
        2.9500000000         1.9750000000        -0.1991565062
        2.9550000000         1.9750000000        -0.2029779266
        2.9600000000         1.9750000000        -0.1851446316
        2.9650000000         1.9750000000        -0.1927874723
        2.9700000000         1.9750000000        -0.1953350859
        2.9750000000         1.9750000000        -0.2042517334
        2.9800000000         1.9750000000        -0.1876922452
        2.9850000000         1.9750000000        -0.2004303130
        2.9900000000         1.9750000000        -0.1927874723
        2.9950000000         1.9750000000        -0.1953350859
        3.0000000000         1.9750000000        -0.1978826994
        3.0050000000         1.9750000000        -0.1966088926
        3.0100000000         1.9750000000        -0.1940612791
        3.0150000000         1.9750000000        -0.1978826994
        3.0200000000         1.9750000000        -0.1889660519
        3.0250000000         1.9750000000        -0.2004303130
        3.0300000000         1.9750000000        -0.1953350859
        3.0350000000         1.9750000000        -0.2029779266
        3.0400000000         1.9750000000        -0.1927874723
        3.0450000000         1.9750000000        -0.2017041198
        3.0500000000         1.9750000000        -0.1902398587
        3.0550000000         1.9750000000        -0.2029779266
        3.0600000000         1.9750000000        -0.1991565062
        3.0650000000         1.9750000000        -0.1991565062
        3.0700000000         1.9750000000        -0.1902398587
        3.0750000000         1.9750000000        -0.1978826994
        3.0800000000         1.9750000000        -0.2017041198
        3.0850000000         1.9750000000        -0.1978826994
        3.0900000000         1.9750000000        -0.1851446316
        3.0950000000         1.9750000000        -0.2004303130
        3.1000000000         1.9750000000        -0.2042517334
        3.1050000000         1.9750000000        -0.1978826994
        3.1100000000         1.9750000000        -0.1915136655
        3.1150000000         1.9750000000        -0.2004303130
        3.1200000000         1.9750000000        -0.1902398587
        3.1250000000         1.9750000000        -0.1966088926
        3.1300000000         1.9750000000        -0.1940612791
        3.1350000000         1.9750000000        -0.1915136655
        3.1400000000         1.9750000000        -0.1940612791
        3.1450000000         1.9750000000        -0.1940612791
        3.1500000000         1.9750000000        -0.1953350859
        3.1550000000         1.9750000000        -0.1927874723
        3.1600000000         1.9750000000        -0.1991565062
        3.1650000000         1.9750000000        -0.2233588351
        3.1700000000         1.9750000000        -0.1966088926
        3.1750000000         1.9750000000        -0.1940612791
        3.1800000000         1.9750000000        -0.1927874723
        3.1850000000         1.9750000000        -0.2017041198
        3.1900000000         1.9750000000        -0.1991565062
        3.1950000000         1.9750000000        -0.1800494045
        3.2000000000         1.9750000000        -0.2029779266
        3.2050000000         1.9750000000        -0.1915136655
        3.2100000000         1.9750000000        -0.1940612791
        3.2150000000         1.9750000000        -0.1978826994
        3.2200000000         1.9750000000        -0.2042517334
        3.2250000000         1.9750000000        -0.1825970180
        3.2300000000         1.9750000000        -0.2004303130
        3.2350000000         1.9750000000        -0.1927874723
        3.2400000000         1.9750000000        -0.1940612791
        3.2450000000         1.9750000000        -0.1902398587
        3.2500000000         1.9750000000        -0.1991565062
        3.2550000000         1.9750000000        -0.1813232112
        3.2600000000         1.9750000000        -0.2017041198
        3.2650000000         1.9750000000        -0.1864184384
        3.2700000000         1.9750000000        -0.1953350859
        3.2750000000         1.9750000000        -0.1876922452
        3.2800000000         1.9750000000        -0.1902398587
        3.2850000000         1.9750000000        -0.1864184384
        3.2900000000         1.9750000000        -0.2118945741
        3.2950000000         1.9750000000        -0.1902398587
        3.3000000000         1.9750000000        -0.1966088926
        3.3050000000         1.9750000000        -0.1851446316
        3.3100000000         1.9750000000        -0.1940612791
        3.3150000000         1.9750000000        -0.1813232112
        3.3200000000         1.9750000000        -0.1940612791
        3.3250000000         1.9750000000        -0.1902398587
        3.3300000000         1.9750000000        -0.1876922452
        3.3350000000         1.9750000000        -0.1889660519
        3.3400000000         1.9750000000        -0.1966088926
        3.3450000000         1.9750000000        -0.1876922452
        3.3500000000         1.9750000000        -0.1902398587
        3.3550000000         1.9750000000        -0.1927874723
        3.3600000000         1.9750000000        -0.2017041198
        3.3650000000         1.9750000000        -0.1864184384
        3.3700000000         1.9750000000        -0.1940612791
        3.3750000000         1.9750000000        -0.1915136655
        3.3800000000         1.9750000000        -0.2055255401
        3.3850000000         1.9750000000        -0.1813232112
        3.3900000000         1.9750000000        -0.2067993469
        3.3950000000         1.9750000000        -0.1966088926
        3.4000000000         1.9750000000        -0.1927874723
        3.4050000000         1.9750000000        -0.1966088926
        3.4100000000         1.9750000000        -0.2004303130
        3.4150000000         1.9750000000        -0.1978826994
        3.4200000000         1.9750000000        -0.1940612791
        3.4250000000         1.9750000000        -0.1966088926
        3.4300000000         1.9750000000        -0.1953350859
        3.4350000000         1.9750000000        -0.2004303130
        3.4400000000         1.9750000000        -0.2004303130
        3.4450000000         1.9750000000        -0.1978826994
        3.4500000000         1.9750000000        -0.1991565062
        3.4550000000         1.9750000000        -0.1889660519
        3.4600000000         1.9750000000        -0.1876922452
        3.4650000000         1.9750000000        -0.2055255401
        3.4700000000         1.9750000000        -0.1876922452
        3.4750000000         1.9750000000        -0.1953350859
        3.4800000000         1.9750000000        -0.1953350859
        3.4850000000         1.9750000000        -0.2004303130
        3.4900000000         1.9750000000        -0.1851446316
        3.4950000000         1.9750000000        -0.2029779266
        3.5000000000         1.9750000000        -0.1851446316
        3.5050000000         1.9750000000        -0.2017041198
        3.5100000000         1.9750000000        -0.1800494045
        3.5150000000         1.9750000000        -0.1940612791
        3.5200000000         1.9750000000        -0.1838708248
        3.5250000000         1.9750000000        -0.1876922452
        3.5300000000         1.9750000000        -0.1736803705
        3.5350000000         1.9750000000        -0.1902398587
        3.5400000000         1.9750000000        -0.1813232112
        3.5450000000         1.9750000000        -0.1851446316
        3.5500000000         1.9750000000        -0.1749541773
        3.5550000000         1.9750000000        -0.1953350859
        3.5600000000         1.9750000000        -0.1813232112
        3.5650000000         1.9750000000        -0.1749541773
        3.5700000000         1.9750000000        -0.1838708248
        3.5750000000         1.9750000000        -0.1838708248
        3.5800000000         1.9750000000        -0.1787755977
        3.5850000000         1.9750000000        -0.1851446316
        3.5900000000         1.9750000000        -0.1800494045
        3.5950000000         1.9750000000        -0.1775017909
        3.6000000000         1.9750000000        -0.1838708248
        3.6050000000         1.9750000000        -0.1634899163
        3.6100000000         1.9750000000        -0.1724065637
        3.6150000000         1.9750000000        -0.1800494045
        3.6200000000         1.9750000000        -0.1762279841
        3.6250000000         1.9750000000        -0.1711327570
        3.6300000000         1.9750000000        -0.1698589502
        3.6350000000         1.9750000000        -0.1711327570
        3.6400000000         1.9750000000        -0.1800494045
        3.6450000000         1.9750000000        -0.1724065637
        3.6500000000         1.9750000000        -0.1634899163
        3.6550000000         1.9750000000        -0.1762279841
        3.6600000000         1.9750000000        -0.1724065637
        3.6650000000         1.9750000000        -0.1762279841
        3.6700000000         1.9750000000        -0.1609423027
        3.6750000000         1.9750000000        -0.1813232112
        3.6800000000         1.9750000000        -0.1685851434
        3.6850000000         1.9750000000        -0.1762279841
        3.6900000000         1.9750000000        -0.1685851434
        3.6950000000         1.9750000000        -0.1813232112
        3.7000000000         1.9750000000        -0.1762279841
        3.7050000000         1.9750000000        -0.1749541773
        3.7100000000         1.9750000000        -0.1736803705
        3.7150000000         1.9750000000        -0.1711327570
        3.7200000000         1.9750000000        -0.1800494045
        3.7250000000         1.9750000000        -0.1685851434
        3.7300000000         1.9750000000        -0.1838708248
        3.7350000000         1.9750000000        -0.1698589502
        3.7400000000         1.9750000000        -0.1876922452
        3.7450000000         1.9750000000        -0.1698589502
        3.7500000000         1.9750000000        -0.1813232112
        3.7550000000         1.9750000000        -0.1762279841
        3.7600000000         1.9750000000        -0.1838708248
        3.7650000000         1.9750000000        -0.1800494045
        3.7700000000         1.9750000000        -0.1876922452
        3.7750000000         1.9750000000        -0.1775017909
        3.7800000000         1.9750000000        -0.1927874723
        3.7850000000         1.9750000000        -0.1813232112
        3.7900000000         1.9750000000        -0.1775017909
        3.7950000000         1.9750000000        -0.2157159944
        3.8000000000         1.9750000000        -0.1787755977
        3.8050000000         1.9750000000        -0.1800494045
        3.8100000000         1.9750000000        -0.1800494045
        3.8150000000         1.9750000000        -0.1889660519
        3.8200000000         1.9750000000        -0.1660375298
        3.8250000000         1.9750000000        -0.1864184384
        3.8300000000         1.9750000000        -0.1749541773
        3.8350000000         1.9750000000        -0.1889660519
        3.8400000000         1.9750000000        -0.1698589502
        3.8450000000         1.9750000000        -0.1927874723
        3.8500000000         1.9750000000        -0.1838708248
        3.8550000000         1.9750000000        -0.1800494045
        3.8600000000         1.9750000000        -0.1736803705
        3.8650000000         1.9750000000        -0.1838708248
        3.8700000000         1.9750000000        -0.1775017909
        3.8750000000         1.9750000000        -0.1775017909
        3.8800000000         1.9750000000        -0.1851446316
        3.8850000000         1.9750000000        -0.1736803705
        3.8900000000         1.9750000000        -0.1876922452
        3.8950000000         1.9750000000        -0.1749541773
        3.9000000000         1.9750000000        -0.1825970180
        3.9050000000         1.9750000000        -0.1749541773
        3.9100000000         1.9750000000        -0.1889660519
        3.9150000000         1.9750000000        -0.1749541773
        3.9200000000         1.9750000000        -0.1902398587
        3.9250000000         1.9750000000        -0.1813232112
        3.9300000000         1.9750000000        -0.1851446316
        3.9350000000         1.9750000000        -0.1800494045
        3.9400000000         1.9750000000        -0.1902398587
        3.9450000000         1.9750000000        -0.1915136655
        3.9500000000         1.9750000000        -0.1864184384
        3.9550000000         1.9750000000        -0.1749541773
        3.9600000000         1.9750000000        -0.1864184384
        3.9650000000         1.9750000000        -0.1915136655
        3.9700000000         1.9750000000        -0.1838708248
        3.9750000000         1.9750000000        -0.1838708248
        3.9800000000         1.9750000000        -0.1864184384
        3.9850000000         1.9750000000        -0.1864184384
        3.9900000000         1.9750000000        -0.1902398587
        3.9950000000         1.9750000000        -0.1940612791
        4.0000000000         1.9750000000        -0.1825970180
        4.0050000000         1.9750000000        -0.1889660519
        4.0100000000         1.9750000000        -0.1889660519
        4.0150000000         1.9750000000        -0.1927874723
        4.0200000000         1.9750000000        -0.1902398587
        4.0250000000         1.9750000000        -0.1927874723
        4.0300000000         1.9750000000        -0.1800494045
        4.0350000000         1.9750000000        -0.2004303130
        4.0400000000         1.9750000000        -0.1876922452
        4.0450000000         1.9750000000        -0.1978826994
        4.0500000000         1.9750000000        -0.1749541773
        4.0550000000         1.9750000000        -0.2017041198
        4.0600000000         1.9750000000        -0.1889660519
        4.0650000000         1.9750000000        -0.1927874723
        4.0700000000         1.9750000000        -0.1940612791
        4.0750000000         1.9750000000        -0.2004303130
        4.0800000000         1.9750000000        -0.1966088926
        4.0850000000         1.9750000000        -0.2042517334
        4.0900000000         1.9750000000        -0.1927874723
        4.0950000000         1.9750000000        -0.2042517334
        4.1000000000         1.9750000000        -0.1940612791
        4.1050000000         1.9750000000        -0.2055255401
        4.1100000000         1.9750000000        -0.2004303130
        4.1150000000         1.9750000000        -0.2042517334
        4.1200000000         1.9750000000        -0.1966088926
        4.1250000000         1.9750000000        -0.2004303130
        4.1300000000         1.9750000000        -0.2093469605
        4.1350000000         1.9750000000        -0.1966088926
        4.1400000000         1.9750000000        -0.2017041198
        4.1450000000         1.9750000000        -0.1978826994
        4.1500000000         1.9750000000        -0.1953350859
        4.1550000000         1.9750000000        -0.2004303130
        4.1600000000         1.9750000000        -0.2029779266
        4.1650000000         1.9750000000        -0.2017041198
        4.1700000000         1.9750000000        -0.2017041198
        4.1750000000         1.9750000000        -0.1915136655
        4.1800000000         1.9750000000        -0.1953350859
        4.1850000000         1.9750000000        -0.2004303130
        4.1900000000         1.9750000000        -0.2118945741
        4.1950000000         1.9750000000        -0.1915136655
        4.2000000000         1.9750000000        -0.2080731537
        4.2050000000         1.9750000000        -0.2106207673
        4.2100000000         1.9750000000        -0.1915136655
        4.2150000000         1.9750000000        -0.2017041198
        4.2200000000         1.9750000000        -0.1902398587
        4.2250000000         1.9750000000        -0.1851446316
        4.2300000000         1.9750000000        -0.2067993469
        4.2350000000         1.9750000000        -0.1902398587
        4.2400000000         1.9750000000        -0.1915136655
        4.2450000000         1.9750000000        -0.1953350859
        4.2500000000         1.9750000000        -0.1978826994
        4.2550000000         1.9750000000        -0.1940612791
        4.2600000000         1.9750000000        -0.2080731537
        4.2650000000         1.9750000000        -0.1876922452
        4.2700000000         1.9750000000        -0.1966088926
        4.2750000000         1.9750000000        -0.1991565062
        4.2800000000         1.9750000000        -0.2004303130
        4.2850000000         1.9750000000        -0.1915136655
        4.2900000000         1.9750000000        -0.2080731537
        4.2950000000         1.9750000000        -0.1876922452
        4.3000000000         1.9750000000        -0.2004303130
        4.3050000000         1.9750000000        -0.2067993469
        4.3100000000         1.9750000000        -0.2067993469
        4.3150000000         1.9750000000        -0.1889660519
        4.3200000000         1.9750000000        -0.2118945741
        4.3250000000         1.9750000000        -0.1966088926
        4.3300000000         1.9750000000        -0.2042517334
        4.3350000000         1.9750000000        -0.2080731537
        4.3400000000         1.9750000000        -0.2080731537
        4.3450000000         1.9750000000        -0.1940612791
        4.3500000000         1.9750000000        -0.2118945741
        4.3550000000         1.9750000000        -0.2004303130
        4.3600000000         1.9750000000        -0.2080731537
        4.3650000000         1.9750000000        -0.2055255401
        4.3700000000         1.9750000000        -0.2042517334
        4.3750000000         1.9750000000        -0.2042517334
        4.3800000000         1.9750000000        -0.2055255401
        4.3850000000         1.9750000000        -0.2004303130
        4.3900000000         1.9750000000        -0.2042517334
        4.3950000000         1.9750000000        -0.2106207673
        4.4000000000         1.9750000000        -0.1978826994
        4.4050000000         1.9750000000        -0.2067993469
        4.4100000000         1.9750000000        -0.2042517334
        4.4150000000         1.9750000000        -0.2055255401
        4.4200000000         1.9750000000        -0.1876922452
        4.4250000000         1.9750000000        -0.2208112215
        4.4300000000         1.9750000000        -0.1953350859
        4.4350000000         1.9750000000        -0.2118945741
        4.4400000000         1.9750000000        -0.1953350859
        4.4450000000         1.9750000000        -0.2259064487
        4.4500000000         1.9750000000        -0.1978826994
        4.4550000000         1.9750000000        -0.2004303130
        4.4600000000         1.9750000000        -0.2029779266
        4.4650000000         1.9750000000        -0.1927874723
        4.4700000000         1.9750000000        -0.2042517334
        4.4750000000         1.9750000000        -0.2004303130
        4.4800000000         1.9750000000        -0.2004303130
        4.4850000000         1.9750000000        -0.1991565062
        4.4900000000         1.9750000000        -0.2055255401
        4.4950000000         1.9750000000        -0.1978826994
        4.5000000000         1.9750000000        -0.2029779266
        4.5050000000         1.9750000000        -0.1902398587
        4.5100000000         1.9750000000        -0.2029779266
        4.5150000000         1.9750000000        -0.2004303130
        4.5200000000         1.9750000000        -0.1940612791
        4.5250000000         1.9750000000        -0.1927874723
        4.5300000000         1.9750000000        -0.2017041198
        4.5350000000         1.9750000000        -0.1915136655
        4.5400000000         1.9750000000        -0.2004303130
        4.5450000000         1.9750000000        -0.2017041198
        4.5500000000         1.9750000000        -0.1940612791
        4.5550000000         1.9750000000        -0.1953350859
        4.5600000000         1.9750000000        -0.2029779266
        4.5650000000         1.9750000000        -0.1876922452
        4.5700000000         1.9750000000        -0.1940612791
        4.5750000000         1.9750000000        -0.2042517334
        4.5800000000         1.9750000000        -0.1889660519
        4.5850000000         1.9750000000        -0.1966088926
        4.5900000000         1.9750000000        -0.1927874723
        4.5950000000         1.9750000000        -0.1953350859
        4.6000000000         1.9750000000        -0.2029779266
        4.6050000000         1.9750000000        -0.1978826994
        4.6100000000         1.9750000000        -0.1876922452
        4.6150000000         1.9750000000        -0.1953350859
        4.6200000000         1.9750000000        -0.1902398587
        4.6250000000         1.9750000000        -0.1889660519
        4.6300000000         1.9750000000        -0.1940612791
        4.6350000000         1.9750000000        -0.2029779266
        4.6400000000         1.9750000000        -0.2144421876
        4.6450000000         1.9750000000        -0.1978826994
        4.6500000000         1.9750000000        -0.1978826994
        4.6550000000         1.9750000000        -0.1966088926
        4.6600000000         1.9750000000        -0.1940612791
        4.6650000000         1.9750000000        -0.2004303130
        4.6700000000         1.9750000000        -0.1953350859
        4.6750000000         1.9750000000        -0.1991565062
        4.6800000000         1.9750000000        -0.2055255401
        4.6850000000         1.9750000000        -0.2017041198
        4.6900000000         1.9750000000        -0.1915136655
        4.6950000000         1.9750000000        -0.2055255401
        4.7000000000         1.9750000000        -0.1902398587
        4.7050000000         1.9750000000        -0.2080731537
        4.7100000000         1.9750000000        -0.2195374148
        4.7150000000         1.9750000000        -0.2017041198
        4.7200000000         1.9750000000        -0.1966088926
        4.7250000000         1.9750000000        -0.1927874723
        4.7300000000         1.9750000000        -0.1953350859
        4.7350000000         1.9750000000        -0.2029779266
        4.7400000000         1.9750000000        -0.2004303130
        4.7450000000         1.9750000000        -0.1940612791
        4.7500000000         1.9750000000        -0.1927874723
        4.7550000000         1.9750000000        -0.2017041198
        4.7600000000         1.9750000000        -0.1889660519
        4.7650000000         1.9750000000        -0.2004303130
        4.7700000000         1.9750000000        -0.1927874723
        4.7750000000         1.9750000000        -0.1953350859
        4.7800000000         1.9750000000        -0.1927874723
        4.7850000000         1.9750000000        -0.1915136655
        4.7900000000         1.9750000000        -0.1978826994
        4.7950000000         1.9750000000        -0.1889660519
        4.8000000000         1.9750000000        -0.1902398587
        4.8050000000         1.9750000000        -0.1940612791
        4.8100000000         1.9750000000        -0.1915136655
        4.8150000000         1.9750000000        -0.1864184384
        4.8200000000         1.9750000000        -0.2029779266
        4.8250000000         1.9750000000        -0.1876922452
        4.8300000000         1.9750000000        -0.1966088926
        4.8350000000         1.9750000000        -0.1787755977
        4.8400000000         1.9750000000        -0.1915136655
        4.8450000000         1.9750000000        -0.1851446316
        4.8500000000         1.9750000000        -0.1927874723
        4.8550000000         1.9750000000        -0.1825970180
        4.8600000000         1.9750000000        -0.1915136655
        4.8650000000         1.9750000000        -0.1813232112
        4.8700000000         1.9750000000        -0.1825970180
        4.8750000000         1.9750000000        -0.1749541773
        4.8800000000         1.9750000000        -0.1902398587
        4.8850000000         1.9750000000        -0.1851446316
        4.8900000000         1.9750000000        -0.1749541773
        4.8950000000         1.9750000000        -0.1889660519
        4.9000000000         1.9750000000        -0.1851446316
        4.9050000000         1.9750000000        -0.1749541773
        4.9100000000         1.9750000000        -0.1762279841
        4.9150000000         1.9750000000        -0.1775017909
        4.9200000000         1.9750000000        -0.1787755977
        4.9250000000         1.9750000000        -0.1940612791
        4.9300000000         1.9750000000        -0.1724065637
        4.9350000000         1.9750000000        -0.1698589502
        4.9400000000         1.9750000000        -0.1749541773
        4.9450000000         1.9750000000        -0.1902398587
        4.9500000000         1.9750000000        -0.1724065637
        4.9550000000         1.9750000000        -0.1762279841
        4.9600000000         1.9750000000        -0.1800494045
        4.9650000000         1.9750000000        -0.1762279841
        4.9700000000         1.9750000000        -0.1698589502
        4.9750000000         1.9750000000        -0.1724065637
        4.9800000000         1.9750000000        -0.1800494045
        4.9850000000         1.9750000000        -0.1787755977
        4.9900000000         1.9750000000        -0.1775017909
        4.9950000000         1.9750000000        -0.1698589502
        5.0000000000         1.9750000000        -0.1851446316
        5.0050000000         1.9750000000        -0.1953350859
        5.0100000000         1.9750000000        -0.1838708248
        5.0150000000         1.9750000000        -0.1634899163
        5.0200000000         1.9750000000        -0.2131683808
        5.0250000000         1.9750000000        -0.1736803705
        5.0300000000         1.9750000000        -0.1851446316
        5.0350000000         1.9750000000        -0.1622161095
        5.0400000000         1.9750000000        -0.1851446316
        5.0450000000         1.9750000000        -0.1736803705
        5.0500000000         1.9750000000        -0.1775017909
        5.0550000000         1.9750000000        -0.1698589502
        5.0600000000         1.9750000000        -0.1724065637
        5.0650000000         1.9750000000        -0.1762279841
        5.0700000000         1.9750000000        -0.1762279841
        5.0750000000         1.9750000000        -0.1902398587
        5.0800000000         1.9750000000        -0.1813232112
        5.0850000000         1.9750000000        -0.1851446316
        5.0900000000         1.9750000000        -0.1800494045
        5.0950000000         1.9750000000        -0.1813232112
        5.1000000000         1.9750000000        -0.1876922452
        5.1050000000         1.9750000000        -0.1851446316
        5.1100000000         1.9750000000        -0.1749541773
        5.1150000000         1.9750000000        -0.1851446316
        5.1200000000         1.9750000000        -0.1851446316
        5.1250000000         1.9750000000        -0.1825970180
        5.1300000000         1.9750000000        -0.1787755977
        5.1350000000         1.9750000000        -0.1927874723
        5.1400000000         1.9750000000        -0.1889660519
        5.1450000000         1.9750000000        -0.1711327570
        5.1500000000         1.9750000000        -0.1978826994
        5.1550000000         1.9750000000        -0.1825970180
        5.1600000000         1.9750000000        -0.1876922452
        5.1650000000         1.9750000000        -0.1838708248
        5.1700000000         1.9750000000        -0.2004303130
        5.1750000000         1.9750000000        -0.1864184384
        5.1800000000         1.9750000000        -0.1800494045
        5.1850000000         1.9750000000        -0.1762279841
        5.1900000000         1.9750000000        -0.1864184384
        5.1950000000         1.9750000000        -0.1838708248
        5.2000000000         1.9750000000        -0.1915136655
        5.2050000000         1.9750000000        -0.1800494045
        5.2100000000         1.9750000000        -0.1851446316
        5.2150000000         1.9750000000        -0.1762279841
        5.2200000000         1.9750000000        -0.1940612791
        5.2250000000         1.9750000000        -0.1864184384
        5.2300000000         1.9750000000        -0.1864184384
        5.2350000000         1.9750000000        -0.1851446316
        5.2400000000         1.9750000000        -0.1940612791
        5.2450000000         1.9750000000        -0.1864184384
        5.2500000000         1.9750000000        -0.2004303130
        5.2550000000         1.9750000000        -0.1787755977
        5.2600000000         1.9750000000        -0.1927874723
        5.2650000000         1.9750000000        -0.1991565062
        5.2700000000         1.9750000000        -0.1851446316
        5.2750000000         1.9750000000        -0.1813232112
        5.2800000000         1.9750000000        -0.2042517334
        5.2850000000         1.9750000000        -0.1902398587
        5.2900000000         1.9750000000        -0.1915136655
        5.2950000000         1.9750000000        -0.1953350859
        5.3000000000         1.9750000000        -0.1902398587
        5.3050000000         1.9750000000        -0.1940612791
        5.3100000000         1.9750000000        -0.1978826994
        5.3150000000         1.9750000000        -0.1889660519
        5.3200000000         1.9750000000        -0.1927874723
        5.3250000000         1.9750000000        -0.1978826994
        5.3300000000         1.9750000000        -0.1927874723
        5.3350000000         1.9750000000        -0.1940612791
        5.3400000000         1.9750000000        -0.2055255401
        5.3450000000         1.9750000000        -0.1851446316
        5.3500000000         1.9750000000        -0.1978826994
        5.3550000000         1.9750000000        -0.1966088926
        5.3600000000         1.9750000000        -0.1966088926
        5.3650000000         1.9750000000        -0.1889660519
        5.3700000000         1.9750000000        -0.2106207673
        5.3750000000         1.9750000000        -0.1966088926
        5.3800000000         1.9750000000        -0.1902398587
        5.3850000000         1.9750000000        -0.1991565062
        5.3900000000         1.9750000000        -0.1966088926
        5.3950000000         1.9750000000        -0.1953350859
        5.4000000000         1.9750000000        -0.2131683808
        5.4050000000         1.9750000000        -0.1864184384
        5.4100000000         1.9750000000        -0.1953350859
        5.4150000000         1.9750000000        -0.1991565062
        5.4200000000         1.9750000000        -0.1953350859
        5.4250000000         1.9750000000        -0.1978826994
        5.4300000000         1.9750000000        -0.2055255401
        5.4350000000         1.9750000000        -0.1940612791
        5.4400000000         1.9750000000        -0.1966088926
        5.4450000000         1.9750000000        -0.2017041198
        5.4500000000         1.9750000000        -0.1927874723
        5.4550000000         1.9750000000        -0.1953350859
        5.4600000000         1.9750000000        -0.2004303130
        5.4650000000         1.9750000000        -0.1864184384
        5.4700000000         1.9750000000        -0.2004303130
        5.4750000000         1.9750000000        -0.1876922452
        5.4800000000         1.9750000000        -0.2029779266
        5.4850000000         1.9750000000        -0.1851446316
        5.4900000000         1.9750000000        -0.2080731537
        5.4950000000         1.9750000000        -0.1838708248
        5.5000000000         1.9750000000        -0.2017041198
        5.5050000000         1.9750000000        -0.1825970180
        5.5100000000         1.9750000000        -0.1927874723
        5.5150000000         1.9750000000        -0.1876922452
        5.5200000000         1.9750000000        -0.1940612791
        5.5250000000         1.9750000000        -0.1800494045
        5.5300000000         1.9750000000        -0.1978826994
        5.5350000000         1.9750000000        -0.2131683808
        5.5400000000         1.9750000000        -0.1902398587
        5.5450000000         1.9750000000        -0.1902398587
        5.5500000000         1.9750000000        -0.1953350859
        5.5550000000         1.9750000000        -0.1800494045
        5.5600000000         1.9750000000        -0.1991565062
        5.5650000000         1.9750000000        -0.1800494045
        5.5700000000         1.9750000000        -0.2055255401
        5.5750000000         1.9750000000        -0.1915136655
        5.5800000000         1.9750000000        -0.1915136655
        5.5850000000         1.9750000000        -0.1838708248
        5.5900000000         1.9750000000        -0.2004303130
        5.5950000000         1.9750000000        -0.1876922452
        5.6000000000         1.9750000000        -0.1927874723
        5.6050000000         1.9750000000        -0.1940612791
        5.6100000000         1.9750000000        -0.1953350859
        5.6150000000         1.9750000000        -0.1966088926
        5.6200000000         1.9750000000        -0.2017041198
        5.6250000000         1.9750000000        -0.1966088926
        5.6300000000         1.9750000000        -0.2271802555
        5.6350000000         1.9750000000        -0.1889660519
        5.6400000000         1.9750000000        -0.2042517334
        5.6450000000         1.9750000000        -0.2017041198
        5.6500000000         1.9750000000        -0.2067993469
        5.6550000000         1.9750000000        -0.1978826994
        5.6600000000         1.9750000000        -0.2029779266
        5.6650000000         1.9750000000        -0.2017041198
        5.6700000000         1.9750000000        -0.1991565062
        5.6750000000         1.9750000000        -0.1889660519
        5.6800000000         1.9750000000        -0.2080731537
        5.6850000000         1.9750000000        -0.1991565062
        5.6900000000         1.9750000000        -0.2055255401
        5.6950000000         1.9750000000        -0.2055255401
        5.7000000000         1.9750000000        -0.2004303130
        5.7050000000         1.9750000000        -0.2004303130
        5.7100000000         1.9750000000        -0.2080731537
        5.7150000000         1.9750000000        -0.2042517334
        5.7200000000         1.9750000000        -0.1953350859
        5.7250000000         1.9750000000        -0.2093469605
        5.7300000000         1.9750000000        -0.1953350859
        5.7350000000         1.9750000000        -0.2067993469
        5.7400000000         1.9750000000        -0.1902398587
        5.7450000000         1.9750000000        -0.2055255401
        5.7500000000         1.9750000000        -0.2042517334
        5.7550000000         1.9750000000        -0.2029779266
        5.7600000000         1.9750000000        -0.1902398587
        5.7650000000         1.9750000000        -0.2080731537
        5.7700000000         1.9750000000        -0.1991565062
        5.7750000000         1.9750000000        -0.1991565062
        5.7800000000         1.9750000000        -0.2029779266
        5.7850000000         1.9750000000        -0.2004303130
        5.7900000000         1.9750000000        -0.2017041198
        5.7950000000         1.9750000000        -0.1966088926
        5.8000000000         1.9750000000        -0.2259064487
        5.8050000000         1.9750000000        -0.2004303130
        5.8100000000         1.9750000000        -0.2017041198
        5.8150000000         1.9750000000        -0.1966088926
        5.8200000000         1.9750000000        -0.2017041198
        5.8250000000         1.9750000000        -0.1889660519
        5.8300000000         1.9750000000        -0.2067993469
        5.8350000000         1.9750000000        -0.1978826994
        5.8400000000         1.9750000000        -0.1978826994
        5.8450000000         1.9750000000        -0.1915136655
        5.8500000000         1.9750000000        -0.2042517334
        5.8550000000         1.9750000000        -0.1902398587
        5.8600000000         1.9750000000        -0.2080731537
        5.8650000000         1.9750000000        -0.1966088926
        5.8700000000         1.9750000000        -0.2004303130
        5.8750000000         1.9750000000        -0.1915136655
        5.8800000000         1.9750000000        -0.2131683808
        5.8850000000         1.9750000000        -0.1953350859
        5.8900000000         1.9750000000        -0.1940612791
        5.8950000000         1.9750000000        -0.2080731537
        5.9000000000         1.9750000000        -0.1966088926
        5.9050000000         1.9750000000        -0.1966088926
        5.9100000000         1.9750000000        -0.1953350859
        5.9150000000         1.9750000000        -0.1978826994
        5.9200000000         1.9750000000        -0.1966088926
        5.9250000000         1.9750000000        -0.1978826994
        5.9300000000         1.9750000000        -0.1927874723
        5.9350000000         1.9750000000        -0.2017041198
        5.9400000000         1.9750000000        -0.1889660519
        5.9450000000         1.9750000000        -0.2029779266
        5.9500000000         1.9750000000        -0.1902398587
        5.9550000000         1.9750000000        -0.1991565062
        5.9600000000         1.9750000000        -0.1876922452
        5.9650000000         1.9750000000        -0.2017041198
        5.9700000000         1.9750000000        -0.2004303130
        5.9750000000         1.9750000000        -0.1876922452
        5.9800000000         1.9750000000        -0.1978826994
        5.9850000000         1.9750000000        -0.1940612791
        5.9900000000         1.9750000000        -0.1902398587
        5.9950000000         1.9750000000        -0.2004303130
        6.0000000000         1.9750000000        -0.1902398587
        6.0050000000         1.9750000000        -0.1927874723
        6.0100000000         1.9750000000        -0.1889660519
        6.0150000000         1.9750000000        -0.1940612791
        6.0200000000         1.9750000000        -0.1940612791
        6.0250000000         1.9750000000        -0.2017041198
        6.0300000000         1.9750000000        -0.1864184384
        6.0350000000         1.9750000000        -0.1927874723
        6.0400000000         1.9750000000        -0.1902398587
        6.0450000000         1.9750000000        -0.1902398587
        6.0500000000         1.9750000000        -0.1889660519
        6.0550000000         1.9750000000        -0.1940612791
        6.0600000000         1.9750000000        -0.1966088926
        6.0650000000         1.9750000000        -0.1953350859
        6.0700000000         1.9750000000        -0.1940612791
        6.0750000000         1.9750000000        -0.1940612791
        6.0800000000         1.9750000000        -0.2106207673
        6.0850000000         1.9750000000        -0.2017041198
        6.0900000000         1.9750000000        -0.1966088926
        6.0950000000         1.9750000000        -0.1978826994
        6.1000000000         1.9750000000        -0.1953350859
        6.1050000000         1.9750000000        -0.1966088926
        6.1100000000         1.9750000000        -0.1940612791
        6.1150000000         1.9750000000        -0.1978826994
        6.1200000000         1.9750000000        -0.1889660519
        6.1250000000         1.9750000000        -0.2029779266
        6.1300000000         1.9750000000        -0.1978826994
        6.1350000000         1.9750000000        -0.1851446316
        6.1400000000         1.9750000000        -0.1902398587
        6.1450000000         1.9750000000        -0.1953350859
        6.1500000000         1.9750000000        -0.1953350859
        6.1550000000         1.9750000000        -0.1902398587
        6.1600000000         1.9750000000        -0.1927874723
        6.1650000000         1.9750000000        -0.1787755977
        6.1700000000         1.9750000000        -0.1966088926
        6.1750000000         1.9750000000        -0.1787755977
        6.1800000000         1.9750000000        -0.1927874723
        6.1850000000         1.9750000000        -0.1927874723
        6.1900000000         1.9750000000        -0.1851446316
        6.1950000000         1.9750000000        -0.1838708248
        6.2000000000         1.9750000000        -0.1940612791
        6.2050000000         1.9750000000        -0.1876922452
        6.2100000000         1.9750000000        -0.1775017909
        6.2150000000         1.9750000000        -0.1838708248
        6.2200000000         1.9750000000        -0.1851446316
        6.2250000000         1.9750000000        -0.1876922452
        6.2300000000         1.9750000000        -0.1800494045
        6.2350000000         1.9750000000        -0.1762279841
        6.2400000000         1.9750000000        -0.1800494045
        6.2450000000         1.9750000000        -0.1876922452
        6.2500000000         1.9750000000        -0.1685851434
        6.2550000000         1.9750000000        -0.1711327570
        6.2600000000         1.9750000000        -0.1775017909
        6.2650000000         1.9750000000        -0.1736803705
        6.2700000000         1.9750000000        -0.1711327570
        6.2750000000         1.9750000000        -0.1775017909
        6.2800000000         1.9750000000        -0.1825970180
        6.2850000000         1.9750000000        -0.1749541773
        6.2900000000         1.9750000000        -0.1634899163
        6.2950000000         1.9750000000        -0.1851446316
        6.3000000000         1.9750000000        -0.1749541773
        6.3050000000         1.9750000000        -0.1749541773
        6.3100000000         1.9750000000        -0.1762279841
        6.3150000000         1.9750000000        -0.1660375298
        6.3200000000         1.9750000000        -0.1813232112
        6.3250000000         1.9750000000        -0.1736803705
        6.3300000000         1.9750000000        -0.1724065637
        6.3350000000         1.9750000000        -0.1825970180
        6.3400000000         1.9750000000        -0.1736803705
        6.3450000000         1.9750000000        -0.1724065637
        6.3500000000         1.9750000000        -0.1724065637
        6.3550000000         1.9750000000        -0.1622161095
        6.3600000000         1.9750000000        -0.1762279841
        6.3650000000         1.9750000000        -0.1775017909
        6.3700000000         1.9750000000        -0.1698589502
        6.3750000000         1.9750000000        -0.1711327570
        6.3800000000         1.9750000000        -0.1698589502
        6.3850000000         1.9750000000        -0.1825970180
        6.3900000000         1.9750000000        -0.1673113366
        6.3950000000         1.9750000000        -0.1736803705
        6.4000000000         1.9750000000        -0.1775017909
        6.4050000000         1.9750000000        -0.1787755977
        6.4100000000         1.9750000000        -0.1800494045
        6.4150000000         1.9750000000        -0.1800494045
        6.4200000000         1.9750000000        -0.2042517334
        6.4250000000         1.9750000000        -0.1749541773
        6.4300000000         1.9750000000        -0.1838708248
        6.4350000000         1.9750000000        -0.1647637230
        6.4400000000         1.9750000000        -0.1838708248
        6.4450000000         1.9750000000        -0.1736803705
        6.4500000000         1.9750000000        -0.1736803705
        6.4550000000         1.9750000000        -0.1749541773
        6.4600000000         1.9750000000        -0.1851446316
        6.4650000000         1.9750000000        -0.1775017909
        0.0000000000         0.0000000000         0.0000000000
        0.0000000000         0.0000000000         0.0000000000
        0.0000000000         0.0000000000         0.0000000000
        0.0000000000         0.0000000000         0.0000000000
        0.0000000000         0.0000000000         0.0000000000
        0.0000000000         0.0000000000         0.0000000000
        0.0000000000         0.0000000000         0.0000000000
        0.0000000000         0.0000000000         0.0000000000
        0.0000000000         0.0000000000         0.0000000000
        0.0000000000         0.0000000000         0.0000000000
        0.0000000000         0.0000000000         0.0000000000
        0.0000000000         0.0000000000         0.0000000000
        0.0000000000         0.0000000000         0.0000000000
        0.0000000000         0.0000000000         0.0000000000
        0.0000000000         0.0000000000         0.0000000000
        0.0000000000         0.0000000000         0.0000000000
        0.0000000000         0.0000000000         0.0000000000
        0.0000000000         0.0000000000         0.0000000000
        0.0000000000         0.0000000000         0.0000000000
        0.0000000000         0.0000000000         0.0000000000
        0.0000000000         0.0000000000         0.0000000000
        0.0000000000         0.0000000000         0.0000000000
        0.0000000000         0.0000000000         0.0000000000
        0.0000000000         0.0000000000         0.0000000000
        0.0000000000         0.0000000000         0.0000000000
        0.0000000000         0.0000000000         0.0000000000
        0.0000000000         0.0000000000         0.0000000000
        0.0000000000         0.0000000000         0.0000000000
        0.0000000000         0.0000000000         0.0000000000
        0.0000000000         0.0000000000         0.0000000000
        0.0000000000         0.0000000000         0.0000000000
        0.0000000000         0.0000000000         0.0000000000
        0.0000000000         0.0000000000         0.0000000000
        0.0000000000         0.0000000000         0.0000000000
        0.0000000000         0.0000000000         0.0000000000
        0.0000000000         0.0000000000         0.0000000000
        0.0000000000         0.0000000000         0.0000000000
        0.0000000000         0.0000000000         0.0000000000
        0.0000000000         0.0000000000         0.0000000000
        0.0000000000         0.0000000000         0.0000000000
        0.0000000000         0.0000000000         0.0000000000
        0.0000000000         0.0000000000         0.0000000000
        0.0000000000         0.0000000000         0.0000000000
        0.0000000000         0.0000000000         0.0000000000
        0.0000000000         0.0000000000         0.0000000000
        0.0000000000         0.0000000000         0.0000000000
        0.0000000000         0.0000000000         0.0000000000
        0.0000000000         0.0000000000         0.0000000000
        0.0000000000         0.0000000000         0.0000000000
        0.0000000000         0.0000000000         0.0000000000
        0.0000000000         0.0000000000         0.0000000000
        0.0000000000         0.0000000000         0.0000000000
        0.0000000000         0.0000000000         0.0000000000
        0.0000000000         0.0000000000         0.0000000000
        0.0000000000         0.0000000000         0.0000000000
        0.0000000000         0.0000000000         0.0000000000
        0.0000000000         0.0000000000         0.0000000000
        0.0000000000         0.0000000000         0.0000000000
        0.0000000000         0.0000000000         0.0000000000
        0.0000000000         0.0000000000         0.0000000000
        0.0000000000         0.0000000000         0.0000000000
        0.0000000000         0.0000000000         0.0000000000
        0.0000000000         0.0000000000         0.0000000000
        0.0000000000         0.0000000000         0.0000000000
        0.0000000000         0.0000000000         0.0000000000
        0.0000000000         0.0000000000         0.0000000000
        0.0000000000         0.0000000000         0.0000000000
        0.0000000000         0.0000000000         0.0000000000
        0.0000000000         0.0000000000         0.0000000000
        0.0000000000         0.0000000000         0.0000000000
        0.0000000000         0.0000000000         0.0000000000
        0.0000000000         0.0000000000         0.0000000000
        0.0000000000         0.0000000000         0.0000000000
        0.0000000000         0.0000000000         0.0000000000
        0.0000000000         0.0000000000         0.0000000000
        0.0000000000         0.0000000000         0.0000000000
        0.0000000000         0.0000000000         0.0000000000
        0.0000000000         0.0000000000         0.0000000000
        0.0000000000         0.0000000000         0.0000000000
        0.0000000000         0.0000000000         0.0000000000
        0.0000000000         0.0000000000         0.0000000000
        0.0000000000         0.0000000000         0.0000000000
        0.0000000000         0.0000000000         0.0000000000
        0.0000000000         0.0000000000         0.0000000000
        0.0000000000         0.0000000000         0.0000000000
        0.0000000000         0.0000000000         0.0000000000
        0.0000000000         0.0000000000         0.0000000000
        0.0000000000         0.0000000000         0.0000000000
        0.0000000000         0.0000000000         0.0000000000
        0.0000000000         0.0000000000         0.0000000000
        0.0000000000         0.0000000000         0.0000000000
        0.0000000000         0.0000000000         0.0000000000
        0.0000000000         0.0000000000         0.0000000000
        0.0000000000         0.0000000000         0.0000000000
        0.0000000000         0.0000000000         0.0000000000
        0.0000000000         0.0000000000         0.0000000000
        0.0000000000         0.0000000000         0.0000000000
        0.0000000000         0.0000000000         0.0000000000
        0.0000000000         0.0000000000         0.0000000000
        0.0000000000         0.0000000000         0.0000000000
        0.0000000000         0.0000000000         0.0000000000
        0.0000000000         0.0000000000         0.0000000000
        0.0000000000         0.0000000000         0.0000000000
        0.0000000000         0.0000000000         0.0000000000
        0.0000000000         0.0000000000         0.0000000000
        0.0000000000         0.0000000000         0.0000000000
        0.0000000000         0.0000000000         0.0000000000
        0.0000000000         0.0000000000         0.0000000000
        0.0000000000         0.0000000000         0.0000000000
        0.0000000000         0.0000000000         0.0000000000
        0.0000000000         0.0000000000         0.0000000000
        0.0000000000         0.0000000000         0.0000000000
        0.0000000000         0.0000000000         0.0000000000
        0.0000000000         0.0000000000         0.0000000000
        0.0000000000         0.0000000000         0.0000000000
        0.0000000000         0.0000000000         0.0000000000
        0.0000000000         0.0000000000         0.0000000000
        0.0000000000         0.0000000000         0.0000000000
        0.0000000000         0.0000000000         0.0000000000
        0.0000000000         0.0000000000         0.0000000000
        0.0000000000         0.0000000000         0.0000000000
        0.0000000000         0.0000000000         0.0000000000
        0.0000000000         0.0000000000         0.0000000000
        0.0000000000         0.0000000000         0.0000000000
        0.0000000000         0.0000000000         0.0000000000
        0.0000000000         0.0000000000         0.0000000000
        0.0000000000         0.0000000000         0.0000000000
        0.0000000000         0.0000000000         0.0000000000
        0.0000000000         0.0000000000         0.0000000000
        0.0000000000         0.0000000000         0.0000000000
        0.0000000000         0.0000000000         0.0000000000
        0.0000000000         0.0000000000         0.0000000000
        0.0000000000         0.0000000000         0.0000000000
        0.0000000000         0.0000000000         0.0000000000
        0.0000000000         0.0000000000         0.0000000000
        0.0000000000         0.0000000000         0.0000000000
        0.0000000000         0.0000000000         0.0000000000
        0.0000000000         0.0000000000         0.0000000000
        0.0000000000         0.0000000000         0.0000000000
        0.0000000000         0.0000000000         0.0000000000
        0.0000000000         0.0000000000         0.0000000000
        0.0000000000         0.0000000000         0.0000000000
        0.0000000000         0.0000000000         0.0000000000
        0.0000000000         0.0000000000         0.0000000000
        0.0000000000         0.0000000000         0.0000000000
        0.0000000000         0.0000000000         0.0000000000
        0.0000000000         0.0000000000         0.0000000000
        0.0000000000         0.0000000000         0.0000000000
        0.0000000000         0.0000000000         0.0000000000
        0.0000000000         0.0000000000         0.0000000000
        0.0000000000         0.0000000000         0.0000000000
        0.0000000000         0.0000000000         0.0000000000
        0.0000000000         0.0000000000         0.0000000000
        0.0000000000         0.0000000000         0.0000000000
        0.0000000000         0.0000000000         0.0000000000
        0.0000000000         0.0000000000         0.0000000000
        0.0000000000         0.0000000000         0.0000000000
        0.0000000000         0.0000000000         0.0000000000
        0.0000000000         0.0000000000         0.0000000000
        0.0000000000         0.0000000000         0.0000000000
        0.0000000000         0.0000000000         0.0000000000
        0.0000000000         0.0000000000         0.0000000000
        0.0000000000         0.0000000000         0.0000000000
        0.0000000000         0.0000000000         0.0000000000
        0.0000000000         0.0000000000         0.0000000000
        0.0000000000         0.0000000000         0.0000000000
        0.0000000000         0.0000000000         0.0000000000
        0.0000000000         0.0000000000         0.0000000000
        0.0000000000         0.0000000000         0.0000000000
        0.0000000000         0.0000000000         0.0000000000
        0.0000000000         0.0000000000         0.0000000000
        0.0000000000         0.0000000000         0.0000000000
        0.0000000000         0.0000000000         0.0000000000
        0.0000000000         0.0000000000         0.0000000000
        0.0000000000         0.0000000000         0.0000000000
        0.0000000000         0.0000000000         0.0000000000
        0.0000000000         0.0000000000         0.0000000000
        0.0000000000         0.0000000000         0.0000000000
        0.0000000000         0.0000000000         0.0000000000
        0.0000000000         0.0000000000         0.0000000000
        0.0000000000         0.0000000000         0.0000000000
        0.0000000000         0.0000000000         0.0000000000
        0.0000000000         0.0000000000         0.0000000000
        0.0000000000         0.0000000000         0.0000000000
        0.0000000000         0.0000000000         0.0000000000
        0.0000000000         0.0000000000         0.0000000000
        0.0000000000         0.0000000000         0.0000000000
        0.0000000000         0.0000000000         0.0000000000
        0.0000000000         0.0000000000         0.0000000000
        0.0000000000         0.0000000000         0.0000000000
        0.0000000000         0.0000000000         0.0000000000
        0.0000000000         0.0000000000         0.0000000000
        0.0000000000         0.0000000000         0.0000000000
        0.0000000000         0.0000000000         0.0000000000
        0.0000000000         0.0000000000         0.0000000000
        0.0000000000         0.0000000000         0.0000000000
        0.0000000000         0.0000000000         0.0000000000
        0.0000000000         0.0000000000         0.0000000000
