        0.9950000000         2.1250000000        -0.0832400888
        1.0000000000         2.1250000000        -0.0908829295
        1.0050000000         2.1250000000        -0.0883353160
        1.0100000000         2.1250000000        -0.0883353160
        1.0150000000         2.1250000000        -0.0883353160
        1.0200000000         2.1250000000        -0.0883353160
        1.0250000000         2.1250000000        -0.0845138956
        1.0300000000         2.1250000000        -0.0870615092
        1.0350000000         2.1250000000        -0.0857877024
        1.0400000000         2.1250000000        -0.0908829295
        1.0450000000         2.1250000000        -0.0845138956
        1.0500000000         2.1250000000        -0.0883353160
        1.0550000000         2.1250000000        -0.0896091228
        1.0600000000         2.1250000000        -0.0896091228
        1.0650000000         2.1250000000        -0.0934305431
        1.0700000000         2.1250000000        -0.0832400888
        1.0750000000         2.1250000000        -0.0896091228
        1.0800000000         2.1250000000        -0.0908829295
        1.0850000000         2.1250000000        -0.0947043499
        1.0900000000         2.1250000000        -0.0857877024
        1.0950000000         2.1250000000        -0.0896091228
        1.1000000000         2.1250000000        -0.0845138956
        1.1050000000         2.1250000000        -0.0959781567
        1.1100000000         2.1250000000        -0.0832400888
        1.1150000000         2.1250000000        -0.0947043499
        1.1200000000         2.1250000000        -0.0870615092
        1.1250000000         2.1250000000        -0.0896091228
        1.1300000000         2.1250000000        -0.0908829295
        1.1350000000         2.1250000000        -0.0883353160
        1.1400000000         2.1250000000        -0.0934305431
        1.1450000000         2.1250000000        -0.0819662821
        1.1500000000         2.1250000000        -0.0896091228
        1.1550000000         2.1250000000        -0.0934305431
        1.1600000000         2.1250000000        -0.0870615092
        1.1650000000         2.1250000000        -0.0959781567
        1.1700000000         2.1250000000        -0.0870615092
        1.1750000000         2.1250000000        -0.0883353160
        1.1800000000         2.1250000000        -0.0921567363
        1.1850000000         2.1250000000        -0.0870615092
        1.1900000000         2.1250000000        -0.0985257703
        1.1950000000         2.1250000000        -0.0921567363
        1.2000000000         2.1250000000        -0.0921567363
        1.2050000000         2.1250000000        -0.0997995770
        1.2100000000         2.1250000000        -0.0947043499
        1.2150000000         2.1250000000        -0.0908829295
        1.2200000000         2.1250000000        -0.0972519635
        1.2250000000         2.1250000000        -0.0908829295
        1.2300000000         2.1250000000        -0.0972519635
        1.2350000000         2.1250000000        -0.0883353160
        1.2400000000         2.1250000000        -0.0972519635
        1.2450000000         2.1250000000        -0.0921567363
        1.2500000000         2.1250000000        -0.0896091228
        1.2550000000         2.1250000000        -0.0908829295
        1.2600000000         2.1250000000        -0.0883353160
        1.2650000000         2.1250000000        -0.0896091228
        1.2700000000         2.1250000000        -0.0832400888
        1.2750000000         2.1250000000        -0.0934305431
        1.2800000000         2.1250000000        -0.0832400888
        1.2850000000         2.1250000000        -0.0908829295
        1.2900000000         2.1250000000        -0.0883353160
        1.2950000000         2.1250000000        -0.0908829295
        1.3000000000         2.1250000000        -0.0934305431
        1.3050000000         2.1250000000        -0.0883353160
        1.3100000000         2.1250000000        -0.0934305431
        1.3150000000         2.1250000000        -0.0908829295
        1.3200000000         2.1250000000        -0.0883353160
        1.3250000000         2.1250000000        -0.0934305431
        1.3300000000         2.1250000000        -0.0896091228
        1.3350000000         2.1250000000        -0.0870615092
        1.3400000000         2.1250000000        -0.0883353160
        1.3450000000         2.1250000000        -0.0947043499
        1.3500000000         2.1250000000        -0.0896091228
        1.3550000000         2.1250000000        -0.0921567363
        1.3600000000         2.1250000000        -0.0857877024
        1.3650000000         2.1250000000        -0.0985257703
        1.3700000000         2.1250000000        -0.0934305431
        1.3750000000         2.1250000000        -0.0921567363
        1.3800000000         2.1250000000        -0.0896091228
        1.3850000000         2.1250000000        -0.0959781567
        1.3900000000         2.1250000000        -0.0845138956
        1.3950000000         2.1250000000        -0.0896091228
        1.4000000000         2.1250000000        -0.0857877024
        1.4050000000         2.1250000000        -0.0743234413
        1.4100000000         2.1250000000        -0.1010733838
        1.4150000000         2.1250000000        -0.0768710549
        1.4200000000         2.1250000000        -0.0870615092
        1.4250000000         2.1250000000        -0.0832400888
        1.4300000000         2.1250000000        -0.0883353160
        1.4350000000         2.1250000000        -0.0768710549
        1.4400000000         2.1250000000        -0.0845138956
        1.4450000000         2.1250000000        -0.0819662821
        1.4500000000         2.1250000000        -0.0819662821
        1.4550000000         2.1250000000        -0.0845138956
        1.4600000000         2.1250000000        -0.0832400888
        1.4650000000         2.1250000000        -0.0819662821
        1.4700000000         2.1250000000        -0.0794186685
        1.4750000000         2.1250000000        -0.0845138956
        1.4800000000         2.1250000000        -0.0921567363
        1.4850000000         2.1250000000        -0.0857877024
        1.4900000000         2.1250000000        -0.0959781567
        1.4950000000         2.1250000000        -0.0934305431
        1.5000000000         2.1250000000        -0.0832400888
        1.5050000000         2.1250000000        -0.0896091228
        1.5100000000         2.1250000000        -0.0934305431
        1.5150000000         2.1250000000        -0.1036209974
        1.5200000000         2.1250000000        -0.1023471906
        1.5250000000         2.1250000000        -0.0947043499
        1.5300000000         2.1250000000        -0.0934305431
        1.5350000000         2.1250000000        -0.1036209974
        1.5400000000         2.1250000000        -0.1023471906
        1.5450000000         2.1250000000        -0.0997995770
        1.5500000000         2.1250000000        -0.0947043499
        1.5550000000         2.1250000000        -0.0959781567
        1.5600000000         2.1250000000        -0.1010733838
        1.5650000000         2.1250000000        -0.1036209974
        1.5700000000         2.1250000000        -0.1036209974
        1.5750000000         2.1250000000        -0.0997995770
        1.5800000000         2.1250000000        -0.1036209974
        1.5850000000         2.1250000000        -0.1087162245
        1.5900000000         2.1250000000        -0.0959781567
        1.5950000000         2.1250000000        -0.1099900313
        1.6000000000         2.1250000000        -0.1010733838
        1.6050000000         2.1250000000        -0.0972519635
        1.6100000000         2.1250000000        -0.0934305431
        1.6150000000         2.1250000000        -0.1036209974
        1.6200000000         2.1250000000        -0.0972519635
        1.6250000000         2.1250000000        -0.0985257703
        1.6300000000         2.1250000000        -0.0985257703
        1.6350000000         2.1250000000        -0.0985257703
        1.6400000000         2.1250000000        -0.0997995770
        1.6450000000         2.1250000000        -0.1023471906
        1.6500000000         2.1250000000        -0.0997995770
        1.6550000000         2.1250000000        -0.1087162245
        1.6600000000         2.1250000000        -0.0997995770
        1.6650000000         2.1250000000        -0.1010733838
        1.6700000000         2.1250000000        -0.1036209974
        1.6750000000         2.1250000000        -0.1087162245
        1.6800000000         2.1250000000        -0.0934305431
        1.6850000000         2.1250000000        -0.1036209974
        1.6900000000         2.1250000000        -0.1163590652
        1.6950000000         2.1250000000        -0.1087162245
        1.7000000000         2.1250000000        -0.0985257703
        1.7050000000         2.1250000000        -0.1036209974
        1.7100000000         2.1250000000        -0.1099900313
        1.7150000000         2.1250000000        -0.1240019059
        1.7200000000         2.1250000000        -0.0997995770
        1.7250000000         2.1250000000        -0.1087162245
        1.7300000000         2.1250000000        -0.1112638381
        1.7350000000         2.1250000000        -0.1048948042
        1.7400000000         2.1250000000        -0.1023471906
        1.7450000000         2.1250000000        -0.0997995770
        1.7500000000         2.1250000000        -0.1112638381
        1.7550000000         2.1250000000        -0.1036209974
        1.7600000000         2.1250000000        -0.1074424177
        1.7650000000         2.1250000000        -0.1138114517
        1.7700000000         2.1250000000        -0.1036209974
        1.7750000000         2.1250000000        -0.1074424177
        1.7800000000         2.1250000000        -0.0997995770
        1.7850000000         2.1250000000        -0.1099900313
        1.7900000000         2.1250000000        -0.1061686110
        1.7950000000         2.1250000000        -0.1265495195
        1.8000000000         2.1250000000        -0.1099900313
        1.8050000000         2.1250000000        -0.1087162245
        1.8100000000         2.1250000000        -0.1138114517
        1.8150000000         2.1250000000        -0.1290971331
        1.8200000000         2.1250000000        -0.1150852584
        1.8250000000         2.1250000000        -0.1329185534
        1.8300000000         2.1250000000        -0.1112638381
        1.8350000000         2.1250000000        -0.1087162245
        1.8400000000         2.1250000000        -0.1087162245
        1.8450000000         2.1250000000        -0.1099900313
        1.8500000000         2.1250000000        -0.1112638381
        1.8550000000         2.1250000000        -0.1150852584
        1.8600000000         2.1250000000        -0.1087162245
        1.8650000000         2.1250000000        -0.1150852584
        1.8700000000         2.1250000000        -0.1176328720
        1.8750000000         2.1250000000        -0.1125376449
        1.8800000000         2.1250000000        -0.1112638381
        1.8850000000         2.1250000000        -0.1150852584
        1.8900000000         2.1250000000        -0.1112638381
        1.8950000000         2.1250000000        -0.1074424177
        1.9000000000         2.1250000000        -0.1087162245
        1.9050000000         2.1250000000        -0.1138114517
        1.9100000000         2.1250000000        -0.1048948042
        1.9150000000         2.1250000000        -0.1150852584
        1.9200000000         2.1250000000        -0.1163590652
        1.9250000000         2.1250000000        -0.1112638381
        1.9300000000         2.1250000000        -0.1061686110
        1.9350000000         2.1250000000        -0.1150852584
        1.9400000000         2.1250000000        -0.1087162245
        1.9450000000         2.1250000000        -0.1023471906
        1.9500000000         2.1250000000        -0.1163590652
        1.9550000000         2.1250000000        -0.1099900313
        1.9600000000         2.1250000000        -0.1087162245
        1.9650000000         2.1250000000        -0.1074424177
        1.9700000000         2.1250000000        -0.1112638381
        1.9750000000         2.1250000000        -0.1099900313
        1.9800000000         2.1250000000        -0.1074424177
        1.9850000000         2.1250000000        -0.1061686110
        1.9900000000         2.1250000000        -0.1176328720
        1.9950000000         2.1250000000        -0.1112638381
        2.0000000000         2.1250000000        -0.1125376449
        2.0050000000         2.1250000000        -0.1099900313
        2.0100000000         2.1250000000        -0.1125376449
        2.0150000000         2.1250000000        -0.1074424177
        2.0200000000         2.1250000000        -0.1176328720
        2.0250000000         2.1250000000        -0.1023471906
        2.0300000000         2.1250000000        -0.1125376449
        2.0350000000         2.1250000000        -0.1087162245
        2.0400000000         2.1250000000        -0.1150852584
        2.0450000000         2.1250000000        -0.1138114517
        2.0500000000         2.1250000000        -0.1125376449
        2.0550000000         2.1250000000        -0.1074424177
        2.0600000000         2.1250000000        -0.1201804856
        2.0650000000         2.1250000000        -0.1010733838
        2.0700000000         2.1250000000        -0.1265495195
        2.0750000000         2.1250000000        -0.1201804856
        2.0800000000         2.1250000000        -0.1099900313
        2.0850000000         2.1250000000        -0.1150852584
        2.0900000000         2.1250000000        -0.1201804856
        2.0950000000         2.1250000000        -0.1265495195
        2.1000000000         2.1250000000        -0.1150852584
        2.1050000000         2.1250000000        -0.1176328720
        2.1100000000         2.1250000000        -0.1163590652
        2.1150000000         2.1250000000        -0.1201804856
        2.1200000000         2.1250000000        -0.1189066788
        2.1250000000         2.1250000000        -0.1138114517
        2.1300000000         2.1250000000        -0.1240019059
        2.1350000000         2.1250000000        -0.1189066788
        2.1400000000         2.1250000000        -0.1240019059
        2.1450000000         2.1250000000        -0.1150852584
        2.1500000000         2.1250000000        -0.1265495195
        2.1550000000         2.1250000000        -0.1240019059
        2.1600000000         2.1250000000        -0.1240019059
        2.1650000000         2.1250000000        -0.1227280992
        2.1700000000         2.1250000000        -0.1290971331
        2.1750000000         2.1250000000        -0.1189066788
        2.1800000000         2.1250000000        -0.1240019059
        2.1850000000         2.1250000000        -0.1252757127
        2.1900000000         2.1250000000        -0.1265495195
        2.1950000000         2.1250000000        -0.1227280992
        2.2000000000         2.1250000000        -0.1392875874
        2.2050000000         2.1250000000        -0.1201804856
        2.2100000000         2.1250000000        -0.1176328720
        2.2150000000         2.1250000000        -0.1290971331
        2.2200000000         2.1250000000        -0.1252757127
        2.2250000000         2.1250000000        -0.1201804856
        2.2300000000         2.1250000000        -0.1240019059
        2.2350000000         2.1250000000        -0.1240019059
        2.2400000000         2.1250000000        -0.1214542924
        2.2450000000         2.1250000000        -0.1303709399
        2.2500000000         2.1250000000        -0.1341923602
        2.2550000000         2.1250000000        -0.1176328720
        2.2600000000         2.1250000000        -0.1367399738
        2.2650000000         2.1250000000        -0.1227280992
        2.2700000000         2.1250000000        -0.1290971331
        2.2750000000         2.1250000000        -0.1240019059
        2.2800000000         2.1250000000        -0.1354661670
        2.2850000000         2.1250000000        -0.1227280992
        2.2900000000         2.1250000000        -0.1278233263
        2.2950000000         2.1250000000        -0.1278233263
        2.3000000000         2.1250000000        -0.1265495195
        2.3050000000         2.1250000000        -0.1303709399
        2.3100000000         2.1250000000        -0.1214542924
        2.3150000000         2.1250000000        -0.1252757127
        2.3200000000         2.1250000000        -0.1189066788
        2.3250000000         2.1250000000        -0.1278233263
        2.3300000000         2.1250000000        -0.1201804856
        2.3350000000         2.1250000000        -0.1252757127
        2.3400000000         2.1250000000        -0.1201804856
        2.3450000000         2.1250000000        -0.1176328720
        2.3500000000         2.1250000000        -0.1176328720
        2.3550000000         2.1250000000        -0.1189066788
        2.3600000000         2.1250000000        -0.1189066788
        2.3650000000         2.1250000000        -0.1150852584
        2.3700000000         2.1250000000        -0.1265495195
        2.3750000000         2.1250000000        -0.1176328720
        2.3800000000         2.1250000000        -0.1138114517
        2.3850000000         2.1250000000        -0.1227280992
        2.3900000000         2.1250000000        -0.1112638381
        2.3950000000         2.1250000000        -0.1240019059
        2.4000000000         2.1250000000        -0.1214542924
        2.4050000000         2.1250000000        -0.1150852584
        2.4100000000         2.1250000000        -0.1099900313
        2.4150000000         2.1250000000        -0.1176328720
        2.4200000000         2.1250000000        -0.1227280992
        2.4250000000         2.1250000000        -0.1176328720
        2.4300000000         2.1250000000        -0.1201804856
        2.4350000000         2.1250000000        -0.1150852584
        2.4400000000         2.1250000000        -0.1214542924
        2.4450000000         2.1250000000        -0.1201804856
        2.4500000000         2.1250000000        -0.1201804856
        2.4550000000         2.1250000000        -0.1163590652
        2.4600000000         2.1250000000        -0.1163590652
        2.4650000000         2.1250000000        -0.1163590652
        2.4700000000         2.1250000000        -0.1163590652
        2.4750000000         2.1250000000        -0.1163590652
        2.4800000000         2.1250000000        -0.1150852584
        2.4850000000         2.1250000000        -0.1240019059
        2.4900000000         2.1250000000        -0.1176328720
        2.4950000000         2.1250000000        -0.1163590652
        2.5000000000         2.1250000000        -0.1163590652
        2.5050000000         2.1250000000        -0.1138114517
        2.5100000000         2.1250000000        -0.1214542924
        2.5150000000         2.1250000000        -0.1227280992
        2.5200000000         2.1250000000        -0.1163590652
        2.5250000000         2.1250000000        -0.1163590652
        2.5300000000         2.1250000000        -0.1201804856
        2.5350000000         2.1250000000        -0.1150852584
        2.5400000000         2.1250000000        -0.1201804856
        2.5450000000         2.1250000000        -0.1189066788
        2.5500000000         2.1250000000        -0.1138114517
        2.5550000000         2.1250000000        -0.1150852584
        2.5600000000         2.1250000000        -0.1201804856
        2.5650000000         2.1250000000        -0.1163590652
        2.5700000000         2.1250000000        -0.1163590652
        2.5750000000         2.1250000000        -0.1201804856
        2.5800000000         2.1250000000        -0.1201804856
        2.5850000000         2.1250000000        -0.1201804856
        2.5900000000         2.1250000000        -0.1252757127
        2.5950000000         2.1250000000        -0.1240019059
        2.6000000000         2.1250000000        -0.1227280992
        2.6050000000         2.1250000000        -0.1265495195
        2.6100000000         2.1250000000        -0.1227280992
        2.6150000000         2.1250000000        -0.1227280992
        2.6200000000         2.1250000000        -0.1189066788
        2.6250000000         2.1250000000        -0.1252757127
        2.6300000000         2.1250000000        -0.1163590652
        2.6350000000         2.1250000000        -0.1125376449
        2.6400000000         2.1250000000        -0.1189066788
        2.6450000000         2.1250000000        -0.1252757127
        2.6500000000         2.1250000000        -0.1087162245
        2.6550000000         2.1250000000        -0.1214542924
        2.6600000000         2.1250000000        -0.1138114517
        2.6650000000         2.1250000000        -0.1150852584
        2.6700000000         2.1250000000        -0.1163590652
        2.6750000000         2.1250000000        -0.1227280992
        2.6800000000         2.1250000000        -0.1099900313
        2.6850000000         2.1250000000        -0.1227280992
        2.6900000000         2.1250000000        -0.1138114517
        2.6950000000         2.1250000000        -0.1138114517
        2.7000000000         2.1250000000        -0.1201804856
        2.7050000000         2.1250000000        -0.1176328720
        2.7100000000         2.1250000000        -0.1176328720
        2.7150000000         2.1250000000        -0.1189066788
        2.7200000000         2.1250000000        -0.1176328720
        2.7250000000         2.1250000000        -0.1138114517
        2.7300000000         2.1250000000        -0.1099900313
        2.7350000000         2.1250000000        -0.1150852584
        2.7400000000         2.1250000000        -0.1163590652
        2.7450000000         2.1250000000        -0.1087162245
        2.7500000000         2.1250000000        -0.1099900313
        2.7550000000         2.1250000000        -0.1138114517
        2.7600000000         2.1250000000        -0.1163590652
        2.7650000000         2.1250000000        -0.1138114517
        2.7700000000         2.1250000000        -0.1048948042
        2.7750000000         2.1250000000        -0.1150852584
        2.7800000000         2.1250000000        -0.1099900313
        2.7850000000         2.1250000000        -0.1061686110
        2.7900000000         2.1250000000        -0.1087162245
        2.7950000000         2.1250000000        -0.1048948042
        2.8000000000         2.1250000000        -0.1138114517
        2.8050000000         2.1250000000        -0.1176328720
        2.8100000000         2.1250000000        -0.1125376449
        2.8150000000         2.1250000000        -0.1023471906
        2.8200000000         2.1250000000        -0.1138114517
        2.8250000000         2.1250000000        -0.1112638381
        2.8300000000         2.1250000000        -0.1125376449
        2.8350000000         2.1250000000        -0.1112638381
        2.8400000000         2.1250000000        -0.1048948042
        2.8450000000         2.1250000000        -0.1125376449
        2.8500000000         2.1250000000        -0.1023471906
        2.8550000000         2.1250000000        -0.1214542924
        2.8600000000         2.1250000000        -0.1061686110
        2.8650000000         2.1250000000        -0.1074424177
        2.8700000000         2.1250000000        -0.1099900313
        2.8750000000         2.1250000000        -0.1099900313
        2.8800000000         2.1250000000        -0.1112638381
        2.8850000000         2.1250000000        -0.1125376449
        2.8900000000         2.1250000000        -0.1074424177
        2.8950000000         2.1250000000        -0.1138114517
        2.9000000000         2.1250000000        -0.1023471906
        2.9050000000         2.1250000000        -0.1431090077
        2.9100000000         2.1250000000        -0.1087162245
        2.9150000000         2.1250000000        -0.1138114517
        2.9200000000         2.1250000000        -0.1138114517
        2.9250000000         2.1250000000        -0.1074424177
        2.9300000000         2.1250000000        -0.1099900313
        2.9350000000         2.1250000000        -0.1112638381
        2.9400000000         2.1250000000        -0.1112638381
        2.9450000000         2.1250000000        -0.0997995770
        2.9500000000         2.1250000000        -0.1125376449
        2.9550000000         2.1250000000        -0.1023471906
        2.9600000000         2.1250000000        -0.1176328720
        2.9650000000         2.1250000000        -0.1010733838
        2.9700000000         2.1250000000        -0.1125376449
        2.9750000000         2.1250000000        -0.1010733838
        2.9800000000         2.1250000000        -0.1074424177
        2.9850000000         2.1250000000        -0.1087162245
        2.9900000000         2.1250000000        -0.1061686110
        2.9950000000         2.1250000000        -0.1036209974
        3.0000000000         2.1250000000        -0.1061686110
        3.0050000000         2.1250000000        -0.0985257703
        3.0100000000         2.1250000000        -0.1074424177
        3.0150000000         2.1250000000        -0.1099900313
        3.0200000000         2.1250000000        -0.1023471906
        3.0250000000         2.1250000000        -0.1099900313
        3.0300000000         2.1250000000        -0.0985257703
        3.0350000000         2.1250000000        -0.0985257703
        3.0400000000         2.1250000000        -0.1023471906
        3.0450000000         2.1250000000        -0.0972519635
        3.0500000000         2.1250000000        -0.1023471906
        3.0550000000         2.1250000000        -0.0972519635
        3.0600000000         2.1250000000        -0.0997995770
        3.0650000000         2.1250000000        -0.0908829295
        3.0700000000         2.1250000000        -0.1087162245
        3.0750000000         2.1250000000        -0.0947043499
        3.0800000000         2.1250000000        -0.0985257703
        3.0850000000         2.1250000000        -0.1048948042
        3.0900000000         2.1250000000        -0.0972519635
        3.0950000000         2.1250000000        -0.1036209974
        3.1000000000         2.1250000000        -0.0947043499
        3.1050000000         2.1250000000        -0.1010733838
        3.1100000000         2.1250000000        -0.0947043499
        3.1150000000         2.1250000000        -0.0947043499
        3.1200000000         2.1250000000        -0.0934305431
        3.1250000000         2.1250000000        -0.0947043499
        3.1300000000         2.1250000000        -0.0870615092
        3.1350000000         2.1250000000        -0.0959781567
        3.1400000000         2.1250000000        -0.0883353160
        3.1450000000         2.1250000000        -0.0832400888
        3.1500000000         2.1250000000        -0.0845138956
        3.1550000000         2.1250000000        -0.0832400888
        3.1600000000         2.1250000000        -0.0806924753
        3.1650000000         2.1250000000        -0.0896091228
        3.1700000000         2.1250000000        -0.0819662821
        3.1750000000         2.1250000000        -0.0819662821
        3.1800000000         2.1250000000        -0.0845138956
        3.1850000000         2.1250000000        -0.0806924753
        3.1900000000         2.1250000000        -0.0908829295
        3.1950000000         2.1250000000        -0.0806924753
        3.2000000000         2.1250000000        -0.0870615092
        3.2050000000         2.1250000000        -0.0857877024
        3.2100000000         2.1250000000        -0.0870615092
        3.2150000000         2.1250000000        -0.0819662821
        3.2200000000         2.1250000000        -0.0934305431
        3.2250000000         2.1250000000        -0.0794186685
        3.2300000000         2.1250000000        -0.0845138956
        3.2350000000         2.1250000000        -0.0857877024
        3.2400000000         2.1250000000        -0.0794186685
        3.2450000000         2.1250000000        -0.0794186685
        3.2500000000         2.1250000000        -0.0819662821
        3.2550000000         2.1250000000        -0.0781448617
        3.2600000000         2.1250000000        -0.0794186685
        3.2650000000         2.1250000000        -0.0743234413
        3.2700000000         2.1250000000        -0.0679544074
        3.2750000000         2.1250000000        -0.0743234413
        3.2800000000         2.1250000000        -0.0705020210
        3.2850000000         2.1250000000        -0.0743234413
        3.2900000000         2.1250000000        -0.0679544074
        3.2950000000         2.1250000000        -0.0730496346
        3.3000000000         2.1250000000        -0.0641329871
        3.3050000000         2.1250000000        -0.0908829295
        3.3100000000         2.1250000000        -0.0692282142
        3.3150000000         2.1250000000        -0.0705020210
        3.3200000000         2.1250000000        -0.0819662821
        3.3250000000         2.1250000000        -0.0692282142
        3.3300000000         2.1250000000        -0.0717758278
        3.3350000000         2.1250000000        -0.0730496346
        3.3400000000         2.1250000000        -0.0743234413
        3.3450000000         2.1250000000        -0.0679544074
        3.3500000000         2.1250000000        -0.0717758278
        3.3550000000         2.1250000000        -0.0679544074
        3.3600000000         2.1250000000        -0.0743234413
        3.3650000000         2.1250000000        -0.0743234413
        3.3700000000         2.1250000000        -0.0743234413
        3.3750000000         2.1250000000        -0.0806924753
        3.3800000000         2.1250000000        -0.0794186685
        3.3850000000         2.1250000000        -0.0794186685
        3.3900000000         2.1250000000        -0.0845138956
        3.3950000000         2.1250000000        -0.0755972481
        3.4000000000         2.1250000000        -0.0819662821
        3.4050000000         2.1250000000        -0.0845138956
        3.4100000000         2.1250000000        -0.0781448617
        3.4150000000         2.1250000000        -0.0743234413
        3.4200000000         2.1250000000        -0.0781448617
        3.4250000000         2.1250000000        -0.0717758278
        3.4300000000         2.1250000000        -0.0705020210
        3.4350000000         2.1250000000        -0.0768710549
        3.4400000000         2.1250000000        -0.0743234413
        3.4450000000         2.1250000000        -0.0845138956
        3.4500000000         2.1250000000        -0.0717758278
        3.4550000000         2.1250000000        -0.0705020210
        3.4600000000         2.1250000000        -0.0755972481
        3.4650000000         2.1250000000        -0.0743234413
        3.4700000000         2.1250000000        -0.0794186685
        3.4750000000         2.1250000000        -0.0730496346
        3.4800000000         2.1250000000        -0.0857877024
        3.4850000000         2.1250000000        -0.0743234413
        3.4900000000         2.1250000000        -0.0857877024
        3.4950000000         2.1250000000        -0.0730496346
        3.5000000000         2.1250000000        -0.0806924753
        3.5050000000         2.1250000000        -0.0794186685
        3.5100000000         2.1250000000        -0.0832400888
        3.5150000000         2.1250000000        -0.0819662821
        3.5200000000         2.1250000000        -0.0845138956
        3.5250000000         2.1250000000        -0.0768710549
        3.5300000000         2.1250000000        -0.0845138956
        3.5350000000         2.1250000000        -0.0832400888
        3.5400000000         2.1250000000        -0.0806924753
        3.5450000000         2.1250000000        -0.0755972481
        3.5500000000         2.1250000000        -0.0794186685
        3.5550000000         2.1250000000        -0.0908829295
        3.5600000000         2.1250000000        -0.0845138956
        3.5650000000         2.1250000000        -0.0870615092
        3.5700000000         2.1250000000        -0.0806924753
        3.5750000000         2.1250000000        -0.0857877024
        3.5800000000         2.1250000000        -0.0870615092
        3.5850000000         2.1250000000        -0.0870615092
        3.5900000000         2.1250000000        -0.0883353160
        3.5950000000         2.1250000000        -0.0845138956
        3.6000000000         2.1250000000        -0.0845138956
        3.6050000000         2.1250000000        -0.0870615092
        3.6100000000         2.1250000000        -0.0768710549
        3.6150000000         2.1250000000        -0.1125376449
        3.6200000000         2.1250000000        -0.0857877024
        3.6250000000         2.1250000000        -0.0908829295
        3.6300000000         2.1250000000        -0.0870615092
        3.6350000000         2.1250000000        -0.0857877024
        3.6400000000         2.1250000000        -0.0934305431
        3.6450000000         2.1250000000        -0.0959781567
        3.6500000000         2.1250000000        -0.0857877024
        3.6550000000         2.1250000000        -0.0934305431
        3.6600000000         2.1250000000        -0.0845138956
        3.6650000000         2.1250000000        -0.0934305431
        3.6700000000         2.1250000000        -0.0896091228
        3.6750000000         2.1250000000        -0.0896091228
        3.6800000000         2.1250000000        -0.0870615092
        3.6850000000         2.1250000000        -0.0934305431
        3.6900000000         2.1250000000        -0.0883353160
        3.6950000000         2.1250000000        -0.0794186685
        3.7000000000         2.1250000000        -0.0832400888
        3.7050000000         2.1250000000        -0.0845138956
        3.7100000000         2.1250000000        -0.0857877024
        3.7150000000         2.1250000000        -0.0845138956
        3.7200000000         2.1250000000        -0.0832400888
        3.7250000000         2.1250000000        -0.0883353160
        3.7300000000         2.1250000000        -0.0883353160
        3.7350000000         2.1250000000        -0.0857877024
        3.7400000000         2.1250000000        -0.0921567363
        3.7450000000         2.1250000000        -0.0819662821
        3.7500000000         2.1250000000        -0.0883353160
        3.7550000000         2.1250000000        -0.0832400888
        3.7600000000         2.1250000000        -0.0908829295
        3.7650000000         2.1250000000        -0.0832400888
        3.7700000000         2.1250000000        -0.0934305431
        3.7750000000         2.1250000000        -0.0896091228
        3.7800000000         2.1250000000        -0.0934305431
        3.7850000000         2.1250000000        -0.0908829295
        3.7900000000         2.1250000000        -0.0921567363
        3.7950000000         2.1250000000        -0.0908829295
        3.8000000000         2.1250000000        -0.0959781567
        3.8050000000         2.1250000000        -0.0934305431
        3.8100000000         2.1250000000        -0.0972519635
        3.8150000000         2.1250000000        -0.0934305431
        3.8200000000         2.1250000000        -0.1074424177
        3.8250000000         2.1250000000        -0.0972519635
        3.8300000000         2.1250000000        -0.0972519635
        3.8350000000         2.1250000000        -0.0806924753
        3.8400000000         2.1250000000        -0.1023471906
        3.8450000000         2.1250000000        -0.0883353160
        3.8500000000         2.1250000000        -0.0947043499
        3.8550000000         2.1250000000        -0.0832400888
        3.8600000000         2.1250000000        -0.0806924753
        3.8650000000         2.1250000000        -0.0768710549
        3.8700000000         2.1250000000        -0.0857877024
        3.8750000000         2.1250000000        -0.0768710549
        3.8800000000         2.1250000000        -0.0845138956
        3.8850000000         2.1250000000        -0.0832400888
        3.8900000000         2.1250000000        -0.0794186685
        3.8950000000         2.1250000000        -0.0806924753
        3.9000000000         2.1250000000        -0.0819662821
        3.9050000000         2.1250000000        -0.0896091228
        3.9100000000         2.1250000000        -0.0819662821
        3.9150000000         2.1250000000        -0.0883353160
        3.9200000000         2.1250000000        -0.0934305431
        3.9250000000         2.1250000000        -0.0870615092
        3.9300000000         2.1250000000        -0.0921567363
        3.9350000000         2.1250000000        -0.0883353160
        3.9400000000         2.1250000000        -0.0896091228
        3.9450000000         2.1250000000        -0.0997995770
        3.9500000000         2.1250000000        -0.0896091228
        3.9550000000         2.1250000000        -0.0985257703
        3.9600000000         2.1250000000        -0.0896091228
        3.9650000000         2.1250000000        -0.0972519635
        3.9700000000         2.1250000000        -0.1125376449
        3.9750000000         2.1250000000        -0.0947043499
        3.9800000000         2.1250000000        -0.0845138956
        3.9850000000         2.1250000000        -0.1125376449
        3.9900000000         2.1250000000        -0.0896091228
        3.9950000000         2.1250000000        -0.1023471906
        4.0000000000         2.1250000000        -0.0921567363
        4.0050000000         2.1250000000        -0.1087162245
        4.0100000000         2.1250000000        -0.0947043499
        4.0150000000         2.1250000000        -0.0985257703
        4.0200000000         2.1250000000        -0.0972519635
        4.0250000000         2.1250000000        -0.1010733838
        4.0300000000         2.1250000000        -0.0896091228
        4.0350000000         2.1250000000        -0.0934305431
        4.0400000000         2.1250000000        -0.0997995770
        4.0450000000         2.1250000000        -0.0959781567
        4.0500000000         2.1250000000        -0.0883353160
        4.0550000000         2.1250000000        -0.0921567363
        4.0600000000         2.1250000000        -0.0972519635
        4.0650000000         2.1250000000        -0.0921567363
        4.0700000000         2.1250000000        -0.0934305431
        4.0750000000         2.1250000000        -0.0883353160
        4.0800000000         2.1250000000        -0.0883353160
        4.0850000000         2.1250000000        -0.0947043499
        4.0900000000         2.1250000000        -0.1061686110
        4.0950000000         2.1250000000        -0.0883353160
        4.1000000000         2.1250000000        -0.1023471906
        4.1050000000         2.1250000000        -0.1023471906
        4.1100000000         2.1250000000        -0.0997995770
        4.1150000000         2.1250000000        -0.0985257703
        4.1200000000         2.1250000000        -0.0985257703
        4.1250000000         2.1250000000        -0.0883353160
        4.1300000000         2.1250000000        -0.0934305431
        4.1350000000         2.1250000000        -0.0972519635
        4.1400000000         2.1250000000        -0.1074424177
        4.1450000000         2.1250000000        -0.1036209974
        4.1500000000         2.1250000000        -0.0959781567
        4.1550000000         2.1250000000        -0.0985257703
        4.1600000000         2.1250000000        -0.1036209974
        4.1650000000         2.1250000000        -0.0972519635
        4.1700000000         2.1250000000        -0.0959781567
        4.1750000000         2.1250000000        -0.0921567363
        4.1800000000         2.1250000000        -0.1036209974
        4.1850000000         2.1250000000        -0.1010733838
        4.1900000000         2.1250000000        -0.0947043499
        4.1950000000         2.1250000000        -0.0997995770
        4.2000000000         2.1250000000        -0.1023471906
        4.2050000000         2.1250000000        -0.1061686110
        4.2100000000         2.1250000000        -0.0985257703
        4.2150000000         2.1250000000        -0.1099900313
        4.2200000000         2.1250000000        -0.1061686110
        4.2250000000         2.1250000000        -0.1048948042
        4.2300000000         2.1250000000        -0.0947043499
        4.2350000000         2.1250000000        -0.1061686110
        4.2400000000         2.1250000000        -0.1036209974
        4.2450000000         2.1250000000        -0.1061686110
        4.2500000000         2.1250000000        -0.1278233263
        4.2550000000         2.1250000000        -0.1061686110
        4.2600000000         2.1250000000        -0.1048948042
        4.2650000000         2.1250000000        -0.1265495195
        4.2700000000         2.1250000000        -0.1010733838
        4.2750000000         2.1250000000        -0.1201804856
        4.2800000000         2.1250000000        -0.1010733838
        4.2850000000         2.1250000000        -0.1036209974
        4.2900000000         2.1250000000        -0.1099900313
        4.2950000000         2.1250000000        -0.1074424177
        4.3000000000         2.1250000000        -0.1061686110
        4.3050000000         2.1250000000        -0.1099900313
        4.3100000000         2.1250000000        -0.1048948042
        4.3150000000         2.1250000000        -0.1138114517
        4.3200000000         2.1250000000        -0.1125376449
        4.3250000000         2.1250000000        -0.1138114517
        4.3300000000         2.1250000000        -0.1150852584
        4.3350000000         2.1250000000        -0.1061686110
        4.3400000000         2.1250000000        -0.1074424177
        4.3450000000         2.1250000000        -0.1201804856
        4.3500000000         2.1250000000        -0.1061686110
        4.3550000000         2.1250000000        -0.1150852584
        4.3600000000         2.1250000000        -0.1163590652
        4.3650000000         2.1250000000        -0.1112638381
        4.3700000000         2.1250000000        -0.1099900313
        4.3750000000         2.1250000000        -0.1189066788
        4.3800000000         2.1250000000        -0.1061686110
        4.3850000000         2.1250000000        -0.1112638381
        4.3900000000         2.1250000000        -0.1048948042
        4.3950000000         2.1250000000        -0.1150852584
        4.4000000000         2.1250000000        -0.1074424177
        4.4050000000         2.1250000000        -0.1392875874
        4.4100000000         2.1250000000        -0.1074424177
        4.4150000000         2.1250000000        -0.1087162245
        4.4200000000         2.1250000000        -0.1099900313
        4.4250000000         2.1250000000        -0.1074424177
        4.4300000000         2.1250000000        -0.1125376449
        4.4350000000         2.1250000000        -0.1112638381
        4.4400000000         2.1250000000        -0.1036209974
        4.4450000000         2.1250000000        -0.1138114517
        4.4500000000         2.1250000000        -0.1112638381
        4.4550000000         2.1250000000        -0.1138114517
        4.4600000000         2.1250000000        -0.1087162245
        4.4650000000         2.1250000000        -0.1125376449
        4.4700000000         2.1250000000        -0.1074424177
        4.4750000000         2.1250000000        -0.1125376449
        4.4800000000         2.1250000000        -0.1099900313
        4.4850000000         2.1250000000        -0.1061686110
        4.4900000000         2.1250000000        -0.1138114517
        4.4950000000         2.1250000000        -0.1061686110
        4.5000000000         2.1250000000        -0.1431090077
        4.5050000000         2.1250000000        -0.1099900313
        4.5100000000         2.1250000000        -0.1061686110
        4.5150000000         2.1250000000        -0.1099900313
        4.5200000000         2.1250000000        -0.1087162245
        4.5250000000         2.1250000000        -0.1138114517
        4.5300000000         2.1250000000        -0.1138114517
        4.5350000000         2.1250000000        -0.1150852584
        4.5400000000         2.1250000000        -0.1061686110
        4.5450000000         2.1250000000        -0.1125376449
        4.5500000000         2.1250000000        -0.1150852584
        4.5550000000         2.1250000000        -0.1087162245
        4.5600000000         2.1250000000        -0.1150852584
        4.5650000000         2.1250000000        -0.1138114517
        4.5700000000         2.1250000000        -0.1125376449
        4.5750000000         2.1250000000        -0.1125376449
        4.5800000000         2.1250000000        -0.1201804856
        4.5850000000         2.1250000000        -0.1150852584
        4.5900000000         2.1250000000        -0.1138114517
        4.5950000000         2.1250000000        -0.1189066788
        4.6000000000         2.1250000000        -0.1163590652
        4.6050000000         2.1250000000        -0.1125376449
        4.6100000000         2.1250000000        -0.1176328720
        4.6150000000         2.1250000000        -0.1163590652
        4.6200000000         2.1250000000        -0.1392875874
        4.6250000000         2.1250000000        -0.1189066788
        4.6300000000         2.1250000000        -0.1240019059
        4.6350000000         2.1250000000        -0.1163590652
        4.6400000000         2.1250000000        -0.1240019059
        4.6450000000         2.1250000000        -0.1163590652
        4.6500000000         2.1250000000        -0.1252757127
        4.6550000000         2.1250000000        -0.1201804856
        4.6600000000         2.1250000000        -0.1252757127
        4.6650000000         2.1250000000        -0.1252757127
        4.6700000000         2.1250000000        -0.1214542924
        4.6750000000         2.1250000000        -0.1290971331
        4.6800000000         2.1250000000        -0.1278233263
        4.6850000000         2.1250000000        -0.1214542924
        4.6900000000         2.1250000000        -0.1214542924
        4.6950000000         2.1250000000        -0.1252757127
        4.7000000000         2.1250000000        -0.1303709399
        4.7050000000         2.1250000000        -0.1214542924
        4.7100000000         2.1250000000        -0.1290971331
        4.7150000000         2.1250000000        -0.1265495195
        4.7200000000         2.1250000000        -0.1278233263
        4.7250000000         2.1250000000        -0.1290971331
        4.7300000000         2.1250000000        -0.1227280992
        4.7350000000         2.1250000000        -0.1227280992
        4.7400000000         2.1250000000        -0.1316447466
        4.7450000000         2.1250000000        -0.1214542924
        4.7500000000         2.1250000000        -0.1214542924
        4.7550000000         2.1250000000        -0.1252757127
        4.7600000000         2.1250000000        -0.1329185534
        4.7650000000         2.1250000000        -0.1240019059
        4.7700000000         2.1250000000        -0.1265495195
        4.7750000000         2.1250000000        -0.1240019059
        4.7800000000         2.1250000000        -0.1214542924
        4.7850000000         2.1250000000        -0.1278233263
        4.7900000000         2.1250000000        -0.1189066788
        4.7950000000         2.1250000000        -0.1265495195
        4.8000000000         2.1250000000        -0.1303709399
        4.8050000000         2.1250000000        -0.1125376449
        4.8100000000         2.1250000000        -0.1214542924
        4.8150000000         2.1250000000        -0.1290971331
        4.8200000000         2.1250000000        -0.1138114517
        4.8250000000         2.1250000000        -0.1290971331
        4.8300000000         2.1250000000        -0.1214542924
        4.8350000000         2.1250000000        -0.1150852584
        4.8400000000         2.1250000000        -0.1138114517
        4.8450000000         2.1250000000        -0.1252757127
        4.8500000000         2.1250000000        -0.1201804856
        4.8550000000         2.1250000000        -0.1112638381
        4.8600000000         2.1250000000        -0.1240019059
        4.8650000000         2.1250000000        -0.1125376449
        4.8700000000         2.1250000000        -0.1087162245
        4.8750000000         2.1250000000        -0.1201804856
        4.8800000000         2.1250000000        -0.1150852584
        4.8850000000         2.1250000000        -0.1087162245
        4.8900000000         2.1250000000        -0.1201804856
        4.8950000000         2.1250000000        -0.1150852584
        4.9000000000         2.1250000000        -0.1176328720
        4.9050000000         2.1250000000        -0.1163590652
        4.9100000000         2.1250000000        -0.1176328720
        4.9150000000         2.1250000000        -0.1176328720
        4.9200000000         2.1250000000        -0.1163590652
        4.9250000000         2.1250000000        -0.1227280992
        4.9300000000         2.1250000000        -0.1125376449
        4.9350000000         2.1250000000        -0.1150852584
        4.9400000000         2.1250000000        -0.1201804856
        4.9450000000         2.1250000000        -0.1112638381
        4.9500000000         2.1250000000        -0.1214542924
        4.9550000000         2.1250000000        -0.1138114517
        4.9600000000         2.1250000000        -0.1227280992
        4.9650000000         2.1250000000        -0.1112638381
        4.9700000000         2.1250000000        -0.1138114517
        4.9750000000         2.1250000000        -0.1163590652
        4.9800000000         2.1250000000        -0.1176328720
        4.9850000000         2.1250000000        -0.1099900313
        4.9900000000         2.1250000000        -0.1227280992
        4.9950000000         2.1250000000        -0.1087162245
        5.0000000000         2.1250000000        -0.1176328720
        5.0050000000         2.1250000000        -0.1163590652
        5.0100000000         2.1250000000        -0.1163590652
        5.0150000000         2.1250000000        -0.1061686110
        5.0200000000         2.1250000000        -0.1176328720
        5.0250000000         2.1250000000        -0.1163590652
        5.0300000000         2.1250000000        -0.1532994620
        5.0350000000         2.1250000000        -0.1150852584
        5.0400000000         2.1250000000        -0.1099900313
        5.0450000000         2.1250000000        -0.1125376449
        5.0500000000         2.1250000000        -0.1163590652
        5.0550000000         2.1250000000        -0.1227280992
        5.0600000000         2.1250000000        -0.1418352009
        5.0650000000         2.1250000000        -0.1125376449
        5.0700000000         2.1250000000        -0.1150852584
        5.0750000000         2.1250000000        -0.1125376449
        5.0800000000         2.1250000000        -0.1138114517
        5.0850000000         2.1250000000        -0.1125376449
        5.0900000000         2.1250000000        -0.1138114517
        5.0950000000         2.1250000000        -0.1074424177
        5.1000000000         2.1250000000        -0.1176328720
        5.1050000000         2.1250000000        -0.1112638381
        5.1100000000         2.1250000000        -0.1163590652
        5.1150000000         2.1250000000        -0.1074424177
        5.1200000000         2.1250000000        -0.1099900313
        5.1250000000         2.1250000000        -0.1138114517
        5.1300000000         2.1250000000        -0.1099900313
        5.1350000000         2.1250000000        -0.1125376449
        5.1400000000         2.1250000000        -0.1099900313
        5.1450000000         2.1250000000        -0.1112638381
        5.1500000000         2.1250000000        -0.1112638381
        5.1550000000         2.1250000000        -0.1061686110
        5.1600000000         2.1250000000        -0.1087162245
        5.1650000000         2.1250000000        -0.1125376449
        5.1700000000         2.1250000000        -0.1087162245
        5.1750000000         2.1250000000        -0.1163590652
        5.1800000000         2.1250000000        -0.1061686110
        5.1850000000         2.1250000000        -0.1112638381
        5.1900000000         2.1250000000        -0.1099900313
        5.1950000000         2.1250000000        -0.1061686110
        5.2000000000         2.1250000000        -0.1087162245
        5.2050000000         2.1250000000        -0.1138114517
        5.2100000000         2.1250000000        -0.1087162245
        5.2150000000         2.1250000000        -0.1201804856
        5.2200000000         2.1250000000        -0.1036209974
        5.2250000000         2.1250000000        -0.1163590652
        5.2300000000         2.1250000000        -0.1125376449
        5.2350000000         2.1250000000        -0.1176328720
        5.2400000000         2.1250000000        -0.1138114517
        5.2450000000         2.1250000000        -0.1138114517
        5.2500000000         2.1250000000        -0.1099900313
        5.2550000000         2.1250000000        -0.1189066788
        5.2600000000         2.1250000000        -0.1176328720
        5.2650000000         2.1250000000        -0.1087162245
        5.2700000000         2.1250000000        -0.1150852584
        5.2750000000         2.1250000000        -0.1163590652
        5.2800000000         2.1250000000        -0.1125376449
        5.2850000000         2.1250000000        -0.1099900313
        5.2900000000         2.1250000000        -0.1189066788
        5.2950000000         2.1250000000        -0.1150852584
        5.3000000000         2.1250000000        -0.1214542924
        5.3050000000         2.1250000000        -0.1074424177
        5.3100000000         2.1250000000        -0.1061686110
        5.3150000000         2.1250000000        -0.1125376449
        5.3200000000         2.1250000000        -0.1138114517
        5.3250000000         2.1250000000        -0.1163590652
        5.3300000000         2.1250000000        -0.1138114517
        5.3350000000         2.1250000000        -0.1061686110
        5.3400000000         2.1250000000        -0.1176328720
        5.3450000000         2.1250000000        -0.1150852584
        5.3500000000         2.1250000000        -0.1163590652
        5.3550000000         2.1250000000        -0.1125376449
        5.3600000000         2.1250000000        -0.1163590652
        5.3650000000         2.1250000000        -0.1061686110
        5.3700000000         2.1250000000        -0.1240019059
        5.3750000000         2.1250000000        -0.1125376449
        5.3800000000         2.1250000000        -0.1150852584
        5.3850000000         2.1250000000        -0.1138114517
        5.3900000000         2.1250000000        -0.1201804856
        5.3950000000         2.1250000000        -0.1240019059
        5.4000000000         2.1250000000        -0.1201804856
        5.4050000000         2.1250000000        -0.1087162245
        5.4100000000         2.1250000000        -0.1138114517
        5.4150000000         2.1250000000        -0.1061686110
        5.4200000000         2.1250000000        -0.1176328720
        5.4250000000         2.1250000000        -0.1099900313
        5.4300000000         2.1250000000        -0.1418352009
        5.4350000000         2.1250000000        -0.1048948042
        5.4400000000         2.1250000000        -0.1087162245
        5.4450000000         2.1250000000        -0.1036209974
        5.4500000000         2.1250000000        -0.1061686110
        5.4550000000         2.1250000000        -0.1048948042
        5.4600000000         2.1250000000        -0.1036209974
        5.4650000000         2.1250000000        -0.1087162245
        5.4700000000         2.1250000000        -0.1023471906
        5.4750000000         2.1250000000        -0.1125376449
        5.4800000000         2.1250000000        -0.1074424177
        5.4850000000         2.1250000000        -0.1036209974
        5.4900000000         2.1250000000        -0.0934305431
        5.4950000000         2.1250000000        -0.1010733838
        5.5000000000         2.1250000000        -0.0947043499
        5.5050000000         2.1250000000        -0.1036209974
        5.5100000000         2.1250000000        -0.0997995770
        5.5150000000         2.1250000000        -0.0985257703
        5.5200000000         2.1250000000        -0.0959781567
        5.5250000000         2.1250000000        -0.0959781567
        5.5300000000         2.1250000000        -0.0985257703
        5.5350000000         2.1250000000        -0.0985257703
        5.5400000000         2.1250000000        -0.0947043499
        5.5450000000         2.1250000000        -0.0934305431
        5.5500000000         2.1250000000        -0.0934305431
        5.5550000000         2.1250000000        -0.0934305431
        5.5600000000         2.1250000000        -0.0947043499
        5.5650000000         2.1250000000        -0.0972519635
        5.5700000000         2.1250000000        -0.0908829295
        5.5750000000         2.1250000000        -0.0921567363
        5.5800000000         2.1250000000        -0.0934305431
        5.5850000000         2.1250000000        -0.0870615092
        5.5900000000         2.1250000000        -0.0883353160
        5.5950000000         2.1250000000        -0.0997995770
        5.6000000000         2.1250000000        -0.0883353160
        5.6050000000         2.1250000000        -0.0781448617
        5.6100000000         2.1250000000        -0.1125376449
        5.6150000000         2.1250000000        -0.0857877024
        5.6200000000         2.1250000000        -0.0768710549
        5.6250000000         2.1250000000        -0.0819662821
        5.6300000000         2.1250000000        -0.0755972481
        5.6350000000         2.1250000000        -0.0883353160
        5.6400000000         2.1250000000        -0.0717758278
        5.6450000000         2.1250000000        -0.0819662821
        5.6500000000         2.1250000000        -0.0743234413
        5.6550000000         2.1250000000        -0.0781448617
        5.6600000000         2.1250000000        -0.0845138956
        5.6650000000         2.1250000000        -0.0832400888
        5.6700000000         2.1250000000        -0.0781448617
        5.6750000000         2.1250000000        -0.0806924753
        5.6800000000         2.1250000000        -0.0806924753
        5.6850000000         2.1250000000        -0.0717758278
        5.6900000000         2.1250000000        -0.0947043499
        5.6950000000         2.1250000000        -0.0755972481
        5.7000000000         2.1250000000        -0.0755972481
        5.7050000000         2.1250000000        -0.0705020210
        5.7100000000         2.1250000000        -0.0781448617
        5.7150000000         2.1250000000        -0.0755972481
        5.7200000000         2.1250000000        -0.0870615092
        5.7250000000         2.1250000000        -0.0781448617
        5.7300000000         2.1250000000        -0.0743234413
        5.7350000000         2.1250000000        -0.0679544074
        5.7400000000         2.1250000000        -0.0755972481
        5.7450000000         2.1250000000        -0.0692282142
        5.7500000000         2.1250000000        -0.0692282142
        5.7550000000         2.1250000000        -0.0692282142
        5.7600000000         2.1250000000        -0.0705020210
        5.7650000000         2.1250000000        -0.0717758278
        5.7700000000         2.1250000000        -0.0628591803
        5.7750000000         2.1250000000        -0.0743234413
        5.7800000000         2.1250000000        -0.0590377599
        5.7850000000         2.1250000000        -0.0781448617
        5.7900000000         2.1250000000        -0.0666806006
        5.7950000000         2.1250000000        -0.0806924753
        5.8000000000         2.1250000000        -0.0654067939
        5.8050000000         2.1250000000        -0.0768710549
        5.8100000000         2.1250000000        -0.0743234413
        5.8150000000         2.1250000000        -0.0717758278
        5.8200000000         2.1250000000        -0.0679544074
        5.8250000000         2.1250000000        -0.0730496346
        5.8300000000         2.1250000000        -0.0755972481
        5.8350000000         2.1250000000        -0.0717758278
        5.8400000000         2.1250000000        -0.0730496346
        5.8450000000         2.1250000000        -0.0768710549
        5.8500000000         2.1250000000        -0.0819662821
        5.8550000000         2.1250000000        -0.0705020210
        5.8600000000         2.1250000000        -0.0921567363
        5.8650000000         2.1250000000        -0.0755972481
        5.8700000000         2.1250000000        -0.0819662821
        5.8750000000         2.1250000000        -0.0959781567
        5.8800000000         2.1250000000        -0.0781448617
        5.8850000000         2.1250000000        -0.0845138956
        5.8900000000         2.1250000000        -0.0705020210
        5.8950000000         2.1250000000        -0.0845138956
        5.9000000000         2.1250000000        -0.0743234413
        5.9050000000         2.1250000000        -0.0845138956
        5.9100000000         2.1250000000        -0.0806924753
        5.9150000000         2.1250000000        -0.0819662821
        5.9200000000         2.1250000000        -0.0768710549
        5.9250000000         2.1250000000        -0.0870615092
        5.9300000000         2.1250000000        -0.0717758278
        5.9350000000         2.1250000000        -0.0908829295
        5.9400000000         2.1250000000        -0.0832400888
        5.9450000000         2.1250000000        -0.0883353160
        5.9500000000         2.1250000000        -0.0755972481
        5.9550000000         2.1250000000        -0.0883353160
        5.9600000000         2.1250000000        -0.0883353160
        5.9650000000         2.1250000000        -0.0845138956
        5.9700000000         2.1250000000        -0.0832400888
        5.9750000000         2.1250000000        -0.0845138956
        5.9800000000         2.1250000000        -0.0870615092
        5.9850000000         2.1250000000        -0.0870615092
        5.9900000000         2.1250000000        -0.0883353160
        5.9950000000         2.1250000000        -0.0806924753
        6.0000000000         2.1250000000        -0.0845138956
        6.0050000000         2.1250000000        -0.0845138956
        6.0100000000         2.1250000000        -0.0832400888
        6.0150000000         2.1250000000        -0.0794186685
        6.0200000000         2.1250000000        -0.0947043499
        6.0250000000         2.1250000000        -0.0832400888
        6.0300000000         2.1250000000        -0.0947043499
        6.0350000000         2.1250000000        -0.0845138956
        6.0400000000         2.1250000000        -0.0845138956
        6.0450000000         2.1250000000        -0.0857877024
        6.0500000000         2.1250000000        -0.0883353160
        6.0550000000         2.1250000000        -0.0819662821
        6.0600000000         2.1250000000        -0.0908829295
        6.0650000000         2.1250000000        -0.0947043499
        6.0700000000         2.1250000000        -0.0870615092
        6.0750000000         2.1250000000        -0.0908829295
        6.0800000000         2.1250000000        -0.0845138956
        6.0850000000         2.1250000000        -0.0896091228
        6.0900000000         2.1250000000        -0.0934305431
        6.0950000000         2.1250000000        -0.0972519635
        6.1000000000         2.1250000000        -0.0934305431
        6.1050000000         2.1250000000        -0.0972519635
        6.1100000000         2.1250000000        -0.0972519635
        6.1150000000         2.1250000000        -0.0985257703
        6.1200000000         2.1250000000        -0.0959781567
        6.1250000000         2.1250000000        -0.0883353160
        6.1300000000         2.1250000000        -0.0997995770
        6.1350000000         2.1250000000        -0.0959781567
        6.1400000000         2.1250000000        -0.0985257703
        6.1450000000         2.1250000000        -0.0972519635
        6.1500000000         2.1250000000        -0.0921567363
        6.1550000000         2.1250000000        -0.0934305431
        6.1600000000         2.1250000000        -0.0934305431
        6.1650000000         2.1250000000        -0.0857877024
        6.1700000000         2.1250000000        -0.0896091228
        6.1750000000         2.1250000000        -0.0921567363
        6.1800000000         2.1250000000        -0.0883353160
        6.1850000000         2.1250000000        -0.0921567363
        6.1900000000         2.1250000000        -0.0908829295
        6.1950000000         2.1250000000        -0.0959781567
        6.2000000000         2.1250000000        -0.0921567363
        6.2050000000         2.1250000000        -0.0921567363
        6.2100000000         2.1250000000        -0.0934305431
        6.2150000000         2.1250000000        -0.1061686110
        6.2200000000         2.1250000000        -0.0870615092
        6.2250000000         2.1250000000        -0.0832400888
        6.2300000000         2.1250000000        -0.0972519635
        6.2350000000         2.1250000000        -0.0959781567
        6.2400000000         2.1250000000        -0.1201804856
        6.2450000000         2.1250000000        -0.0934305431
        6.2500000000         2.1250000000        -0.0997995770
        6.2550000000         2.1250000000        -0.0896091228
        6.2600000000         2.1250000000        -0.0934305431
        6.2650000000         2.1250000000        -0.0947043499
        6.2700000000         2.1250000000        -0.0934305431
        6.2750000000         2.1250000000        -0.0972519635
        6.2800000000         2.1250000000        -0.0947043499
        6.2850000000         2.1250000000        -0.0947043499
        6.2900000000         2.1250000000        -0.0870615092
        6.2950000000         2.1250000000        -0.0896091228
        6.3000000000         2.1250000000        -0.0819662821
        6.3050000000         2.1250000000        -0.0794186685
        6.3100000000         2.1250000000        -0.0845138956
        6.3150000000         2.1250000000        -0.0743234413
        6.3200000000         2.1250000000        -0.0832400888
        6.3250000000         2.1250000000        -0.0768710549
        6.3300000000         2.1250000000        -0.0959781567
        6.3350000000         2.1250000000        -0.0717758278
        6.3400000000         2.1250000000        -0.0794186685
        6.3450000000         2.1250000000        -0.0781448617
        6.3500000000         2.1250000000        -0.0794186685
        6.3550000000         2.1250000000        -0.0755972481
        6.3600000000         2.1250000000        -0.0806924753
        6.3650000000         2.1250000000        -0.0794186685
        6.3700000000         2.1250000000        -0.0794186685
        6.3750000000         2.1250000000        -0.0832400888
        6.3800000000         2.1250000000        -0.0845138956
        6.3850000000         2.1250000000        -0.0832400888
        6.3900000000         2.1250000000        -0.0832400888
        6.3950000000         2.1250000000        -0.0832400888
        6.4000000000         2.1250000000        -0.0845138956
        6.4050000000         2.1250000000        -0.0883353160
        6.4100000000         2.1250000000        -0.0896091228
        6.4150000000         2.1250000000        -0.0908829295
        6.4200000000         2.1250000000        -0.0870615092
        6.4250000000         2.1250000000        -0.0896091228
        6.4300000000         2.1250000000        -0.0934305431
        6.4350000000         2.1250000000        -0.0921567363
        6.4400000000         2.1250000000        -0.0870615092
        6.4450000000         2.1250000000        -0.0947043499
        6.4500000000         2.1250000000        -0.0997995770
        6.4550000000         2.1250000000        -0.0857877024
        6.4600000000         2.1250000000        -0.0997995770
        6.4650000000         2.1250000000        -0.0921567363
        6.4700000000         2.1250000000        -0.0959781567
        6.4750000000         2.1250000000        -0.0947043499
        6.4800000000         2.1250000000        -0.0908829295
        6.4850000000         2.1250000000        -0.0934305431
        6.4900000000         2.1250000000        -0.1074424177
        6.4950000000         2.1250000000        -0.0908829295
        6.5000000000         2.1250000000        -0.0921567363
        6.5050000000         2.1250000000        -0.1252757127
        6.5100000000         2.1250000000        -0.0997995770
        6.5150000000         2.1250000000        -0.0959781567
        6.5200000000         2.1250000000        -0.0921567363
        6.5250000000         2.1250000000        -0.0985257703
        6.5300000000         2.1250000000        -0.0921567363
        6.5350000000         2.1250000000        -0.0985257703
        6.5400000000         2.1250000000        -0.1023471906
        6.5450000000         2.1250000000        -0.0908829295
        6.5500000000         2.1250000000        -0.1023471906
        6.5550000000         2.1250000000        -0.0997995770
        6.5600000000         2.1250000000        -0.0896091228
        6.5650000000         2.1250000000        -0.1048948042
        6.5700000000         2.1250000000        -0.1061686110
        6.5750000000         2.1250000000        -0.0947043499
        6.5800000000         2.1250000000        -0.0959781567
        6.5850000000         2.1250000000        -0.0985257703
        6.5900000000         2.1250000000        -0.1036209974
        6.5950000000         2.1250000000        -0.0972519635
        6.6000000000         2.1250000000        -0.1023471906
        6.6050000000         2.1250000000        -0.1036209974
        6.6100000000         2.1250000000        -0.0959781567
        6.6150000000         2.1250000000        -0.1023471906
        0.0000000000         0.0000000000         0.0000000000
        0.0000000000         0.0000000000         0.0000000000
        0.0000000000         0.0000000000         0.0000000000
        0.0000000000         0.0000000000         0.0000000000
        0.0000000000         0.0000000000         0.0000000000
        0.0000000000         0.0000000000         0.0000000000
        0.0000000000         0.0000000000         0.0000000000
        0.0000000000         0.0000000000         0.0000000000
        0.0000000000         0.0000000000         0.0000000000
        0.0000000000         0.0000000000         0.0000000000
        0.0000000000         0.0000000000         0.0000000000
        0.0000000000         0.0000000000         0.0000000000
        0.0000000000         0.0000000000         0.0000000000
        0.0000000000         0.0000000000         0.0000000000
        0.0000000000         0.0000000000         0.0000000000
        0.0000000000         0.0000000000         0.0000000000
        0.0000000000         0.0000000000         0.0000000000
        0.0000000000         0.0000000000         0.0000000000
        0.0000000000         0.0000000000         0.0000000000
        0.0000000000         0.0000000000         0.0000000000
        0.0000000000         0.0000000000         0.0000000000
        0.0000000000         0.0000000000         0.0000000000
        0.0000000000         0.0000000000         0.0000000000
        0.0000000000         0.0000000000         0.0000000000
        0.0000000000         0.0000000000         0.0000000000
        0.0000000000         0.0000000000         0.0000000000
        0.0000000000         0.0000000000         0.0000000000
        0.0000000000         0.0000000000         0.0000000000
        0.0000000000         0.0000000000         0.0000000000
        0.0000000000         0.0000000000         0.0000000000
        0.0000000000         0.0000000000         0.0000000000
        0.0000000000         0.0000000000         0.0000000000
        0.0000000000         0.0000000000         0.0000000000
        0.0000000000         0.0000000000         0.0000000000
        0.0000000000         0.0000000000         0.0000000000
        0.0000000000         0.0000000000         0.0000000000
        0.0000000000         0.0000000000         0.0000000000
        0.0000000000         0.0000000000         0.0000000000
        0.0000000000         0.0000000000         0.0000000000
        0.0000000000         0.0000000000         0.0000000000
        0.0000000000         0.0000000000         0.0000000000
        0.0000000000         0.0000000000         0.0000000000
        0.0000000000         0.0000000000         0.0000000000
        0.0000000000         0.0000000000         0.0000000000
        0.0000000000         0.0000000000         0.0000000000
        0.0000000000         0.0000000000         0.0000000000
        0.0000000000         0.0000000000         0.0000000000
        0.0000000000         0.0000000000         0.0000000000
        0.0000000000         0.0000000000         0.0000000000
        0.0000000000         0.0000000000         0.0000000000
        0.0000000000         0.0000000000         0.0000000000
        0.0000000000         0.0000000000         0.0000000000
        0.0000000000         0.0000000000         0.0000000000
        0.0000000000         0.0000000000         0.0000000000
        0.0000000000         0.0000000000         0.0000000000
        0.0000000000         0.0000000000         0.0000000000
        0.0000000000         0.0000000000         0.0000000000
        0.0000000000         0.0000000000         0.0000000000
        0.0000000000         0.0000000000         0.0000000000
        0.0000000000         0.0000000000         0.0000000000
        0.0000000000         0.0000000000         0.0000000000
        0.0000000000         0.0000000000         0.0000000000
        0.0000000000         0.0000000000         0.0000000000
        0.0000000000         0.0000000000         0.0000000000
        0.0000000000         0.0000000000         0.0000000000
        0.0000000000         0.0000000000         0.0000000000
        0.0000000000         0.0000000000         0.0000000000
        0.0000000000         0.0000000000         0.0000000000
        0.0000000000         0.0000000000         0.0000000000
        0.0000000000         0.0000000000         0.0000000000
        0.0000000000         0.0000000000         0.0000000000
        0.0000000000         0.0000000000         0.0000000000
        0.0000000000         0.0000000000         0.0000000000
        0.0000000000         0.0000000000         0.0000000000
        0.0000000000         0.0000000000         0.0000000000
        0.0000000000         0.0000000000         0.0000000000
        0.0000000000         0.0000000000         0.0000000000
        0.0000000000         0.0000000000         0.0000000000
        0.0000000000         0.0000000000         0.0000000000
        0.0000000000         0.0000000000         0.0000000000
        0.0000000000         0.0000000000         0.0000000000
        0.0000000000         0.0000000000         0.0000000000
        0.0000000000         0.0000000000         0.0000000000
        0.0000000000         0.0000000000         0.0000000000
        0.0000000000         0.0000000000         0.0000000000
        0.0000000000         0.0000000000         0.0000000000
        0.0000000000         0.0000000000         0.0000000000
        0.0000000000         0.0000000000         0.0000000000
        0.0000000000         0.0000000000         0.0000000000
        0.0000000000         0.0000000000         0.0000000000
        0.0000000000         0.0000000000         0.0000000000
        0.0000000000         0.0000000000         0.0000000000
        0.0000000000         0.0000000000         0.0000000000
        0.0000000000         0.0000000000         0.0000000000
        0.0000000000         0.0000000000         0.0000000000
        0.0000000000         0.0000000000         0.0000000000
        0.0000000000         0.0000000000         0.0000000000
        0.0000000000         0.0000000000         0.0000000000
        0.0000000000         0.0000000000         0.0000000000
        0.0000000000         0.0000000000         0.0000000000
        0.0000000000         0.0000000000         0.0000000000
        0.0000000000         0.0000000000         0.0000000000
        0.0000000000         0.0000000000         0.0000000000
        0.0000000000         0.0000000000         0.0000000000
        0.0000000000         0.0000000000         0.0000000000
        0.0000000000         0.0000000000         0.0000000000
        0.0000000000         0.0000000000         0.0000000000
        0.0000000000         0.0000000000         0.0000000000
        0.0000000000         0.0000000000         0.0000000000
        0.0000000000         0.0000000000         0.0000000000
        0.0000000000         0.0000000000         0.0000000000
        0.0000000000         0.0000000000         0.0000000000
        0.0000000000         0.0000000000         0.0000000000
        0.0000000000         0.0000000000         0.0000000000
        0.0000000000         0.0000000000         0.0000000000
        0.0000000000         0.0000000000         0.0000000000
        0.0000000000         0.0000000000         0.0000000000
        0.0000000000         0.0000000000         0.0000000000
        0.0000000000         0.0000000000         0.0000000000
        0.0000000000         0.0000000000         0.0000000000
        0.0000000000         0.0000000000         0.0000000000
        0.0000000000         0.0000000000         0.0000000000
        0.0000000000         0.0000000000         0.0000000000
        0.0000000000         0.0000000000         0.0000000000
        0.0000000000         0.0000000000         0.0000000000
        0.0000000000         0.0000000000         0.0000000000
        0.0000000000         0.0000000000         0.0000000000
        0.0000000000         0.0000000000         0.0000000000
        0.0000000000         0.0000000000         0.0000000000
        0.0000000000         0.0000000000         0.0000000000
        0.0000000000         0.0000000000         0.0000000000
        0.0000000000         0.0000000000         0.0000000000
        0.0000000000         0.0000000000         0.0000000000
        0.0000000000         0.0000000000         0.0000000000
        0.0000000000         0.0000000000         0.0000000000
        0.0000000000         0.0000000000         0.0000000000
        0.0000000000         0.0000000000         0.0000000000
        0.0000000000         0.0000000000         0.0000000000
        0.0000000000         0.0000000000         0.0000000000
        0.0000000000         0.0000000000         0.0000000000
        0.0000000000         0.0000000000         0.0000000000
        0.0000000000         0.0000000000         0.0000000000
        0.0000000000         0.0000000000         0.0000000000
        0.0000000000         0.0000000000         0.0000000000
        0.0000000000         0.0000000000         0.0000000000
        0.0000000000         0.0000000000         0.0000000000
        0.0000000000         0.0000000000         0.0000000000
        0.0000000000         0.0000000000         0.0000000000
        0.0000000000         0.0000000000         0.0000000000
        0.0000000000         0.0000000000         0.0000000000
        0.0000000000         0.0000000000         0.0000000000
        0.0000000000         0.0000000000         0.0000000000
        0.0000000000         0.0000000000         0.0000000000
        0.0000000000         0.0000000000         0.0000000000
        0.0000000000         0.0000000000         0.0000000000
        0.0000000000         0.0000000000         0.0000000000
        0.0000000000         0.0000000000         0.0000000000
        0.0000000000         0.0000000000         0.0000000000
        0.0000000000         0.0000000000         0.0000000000
        0.0000000000         0.0000000000         0.0000000000
        0.0000000000         0.0000000000         0.0000000000
        0.0000000000         0.0000000000         0.0000000000
        0.0000000000         0.0000000000         0.0000000000
        0.0000000000         0.0000000000         0.0000000000
        0.0000000000         0.0000000000         0.0000000000
        0.0000000000         0.0000000000         0.0000000000
        0.0000000000         0.0000000000         0.0000000000
        0.0000000000         0.0000000000         0.0000000000
        0.0000000000         0.0000000000         0.0000000000
        0.0000000000         0.0000000000         0.0000000000
        0.0000000000         0.0000000000         0.0000000000
        0.0000000000         0.0000000000         0.0000000000
        0.0000000000         0.0000000000         0.0000000000
        0.0000000000         0.0000000000         0.0000000000
        0.0000000000         0.0000000000         0.0000000000
        0.0000000000         0.0000000000         0.0000000000
        0.0000000000         0.0000000000         0.0000000000
        0.0000000000         0.0000000000         0.0000000000
        0.0000000000         0.0000000000         0.0000000000
        0.0000000000         0.0000000000         0.0000000000
        0.0000000000         0.0000000000         0.0000000000
        0.0000000000         0.0000000000         0.0000000000
        0.0000000000         0.0000000000         0.0000000000
        0.0000000000         0.0000000000         0.0000000000
        0.0000000000         0.0000000000         0.0000000000
        0.0000000000         0.0000000000         0.0000000000
        0.0000000000         0.0000000000         0.0000000000
        0.0000000000         0.0000000000         0.0000000000
        0.0000000000         0.0000000000         0.0000000000
        0.0000000000         0.0000000000         0.0000000000
        0.0000000000         0.0000000000         0.0000000000
        0.0000000000         0.0000000000         0.0000000000
        0.0000000000         0.0000000000         0.0000000000
        0.0000000000         0.0000000000         0.0000000000
        0.0000000000         0.0000000000         0.0000000000
        0.0000000000         0.0000000000         0.0000000000
        0.0000000000         0.0000000000         0.0000000000
        0.0000000000         0.0000000000         0.0000000000
