        0.9950000000         3.5000000000         0.3957112621
        1.0000000000         3.5000000000         0.4339254656
        1.0050000000         3.5000000000         0.4262826249
        1.0100000000         3.5000000000         0.4046279096
        1.0150000000         3.5000000000         0.4313778520
        1.0200000000         3.5000000000         0.4262826249
        1.0250000000         3.5000000000         0.4084493299
        1.0300000000         3.5000000000         0.4301040453
        1.0350000000         3.5000000000         0.4250088181
        1.0400000000         3.5000000000         0.4122707503
        1.0450000000         3.5000000000         0.4262826249
        1.0500000000         3.5000000000         0.4377468860
        1.0550000000         3.5000000000         0.4160921706
        1.0600000000         3.5000000000         0.4186397842
        1.0650000000         3.5000000000         0.4186397842
        1.0700000000         3.5000000000         0.4237350113
        1.0750000000         3.5000000000         0.4148183638
        1.0800000000         3.5000000000         0.4186397842
        1.0850000000         3.5000000000         0.4224612045
        1.0900000000         3.5000000000         0.4122707503
        1.0950000000         3.5000000000         0.4237350113
        1.1000000000         3.5000000000         0.4173659774
        1.1050000000         3.5000000000         0.4160921706
        1.1100000000         3.5000000000         0.4301040453
        1.1150000000         3.5000000000         0.4097231367
        1.1200000000         3.5000000000         0.4211873978
        1.1250000000         3.5000000000         0.4186397842
        1.1300000000         3.5000000000         0.4097231367
        1.1350000000         3.5000000000         0.3918898417
        1.1400000000         3.5000000000         0.4160921706
        1.1450000000         3.5000000000         0.4097231367
        1.1500000000         3.5000000000         0.4262826249
        1.1550000000         3.5000000000         0.4173659774
        1.1600000000         3.5000000000         0.4097231367
        1.1650000000         3.5000000000         0.4186397842
        1.1700000000         3.5000000000         0.4250088181
        1.1750000000         3.5000000000         0.4122707503
        1.1800000000         3.5000000000         0.4275564317
        1.1850000000         3.5000000000         0.4135445571
        1.1900000000         3.5000000000         0.3995326824
        1.1950000000         3.5000000000         0.4211873978
        1.2000000000         3.5000000000         0.4148183638
        1.2050000000         3.5000000000         0.4160921706
        1.2100000000         3.5000000000         0.4237350113
        1.2150000000         3.5000000000         0.4071755231
        1.2200000000         3.5000000000         0.4109969435
        1.2250000000         3.5000000000         0.4211873978
        1.2300000000         3.5000000000         0.4148183638
        1.2350000000         3.5000000000         0.4122707503
        1.2400000000         3.5000000000         0.4364730792
        1.2450000000         3.5000000000         0.4122707503
        1.2500000000         3.5000000000         0.4033541028
        1.2550000000         3.5000000000         0.4262826249
        1.2600000000         3.5000000000         0.4148183638
        1.2650000000         3.5000000000         0.4097231367
        1.2700000000         3.5000000000         0.4071755231
        1.2750000000         3.5000000000         0.3855208078
        1.2800000000         3.5000000000         0.4109969435
        1.2850000000         3.5000000000         0.4135445571
        1.2900000000         3.5000000000         0.4237350113
        1.2950000000         3.5000000000         0.4211873978
        1.3000000000         3.5000000000         0.4084493299
        1.3050000000         3.5000000000         0.4237350113
        1.3100000000         3.5000000000         0.4046279096
        1.3150000000         3.5000000000         0.4211873978
        1.3200000000         3.5000000000         0.4211873978
        1.3250000000         3.5000000000         0.3982588756
        1.3300000000         3.5000000000         0.4211873978
        1.3350000000         3.5000000000         0.4173659774
        1.3400000000         3.5000000000         0.4135445571
        1.3450000000         3.5000000000         0.4186397842
        1.3500000000         3.5000000000         0.4160921706
        1.3550000000         3.5000000000         0.4135445571
        1.3600000000         3.5000000000         0.4211873978
        1.3650000000         3.5000000000         0.4211873978
        1.3700000000         3.5000000000         0.4288302385
        1.3750000000         3.5000000000         0.4148183638
        1.3800000000         3.5000000000         0.4148183638
        1.3850000000         3.5000000000         0.4160921706
        1.3900000000         3.5000000000         0.4186397842
        1.3950000000         3.5000000000         0.4237350113
        1.4000000000         3.5000000000         0.4186397842
        1.4050000000         3.5000000000         0.4186397842
        1.4100000000         3.5000000000         0.4186397842
        1.4150000000         3.5000000000         0.4313778520
        1.4200000000         3.5000000000         0.4173659774
        1.4250000000         3.5000000000         0.4250088181
        1.4300000000         3.5000000000         0.4237350113
        1.4350000000         3.5000000000         0.4160921706
        1.4400000000         3.5000000000         0.4173659774
        1.4450000000         3.5000000000         0.4250088181
        1.4500000000         3.5000000000         0.4199135910
        1.4550000000         3.5000000000         0.4250088181
        1.4600000000         3.5000000000         0.4250088181
        1.4650000000         3.5000000000         0.4262826249
        1.4700000000         3.5000000000         0.4199135910
        1.4750000000         3.5000000000         0.4211873978
        1.4800000000         3.5000000000         0.4364730792
        1.4850000000         3.5000000000         0.4377468860
        1.4900000000         3.5000000000         0.4250088181
        1.4950000000         3.5000000000         0.4262826249
        1.5000000000         3.5000000000         0.4390206927
        1.5050000000         3.5000000000         0.4186397842
        1.5100000000         3.5000000000         0.4288302385
        1.5150000000         3.5000000000         0.4339254656
        1.5200000000         3.5000000000         0.4211873978
        1.5250000000         3.5000000000         0.4199135910
        1.5300000000         3.5000000000         0.3969850689
        1.5350000000         3.5000000000         0.4313778520
        1.5400000000         3.5000000000         0.4250088181
        1.5450000000         3.5000000000         0.4275564317
        1.5500000000         3.5000000000         0.4326516588
        1.5550000000         3.5000000000         0.4301040453
        1.5600000000         3.5000000000         0.4339254656
        1.5650000000         3.5000000000         0.4402944995
        1.5700000000         3.5000000000         0.4160921706
        1.5750000000         3.5000000000         0.4262826249
        1.5800000000         3.5000000000         0.4237350113
        1.5850000000         3.5000000000         0.4237350113
        1.5900000000         3.5000000000         0.4160921706
        1.5950000000         3.5000000000         0.4364730792
        1.6000000000         3.5000000000         0.4326516588
        1.6050000000         3.5000000000         0.4377468860
        1.6100000000         3.5000000000         0.4262826249
        1.6150000000         3.5000000000         0.4415683063
        1.6200000000         3.5000000000         0.4288302385
        1.6250000000         3.5000000000         0.4313778520
        1.6300000000         3.5000000000         0.4415683063
        1.6350000000         3.5000000000         0.4211873978
        1.6400000000         3.5000000000         0.4250088181
        1.6450000000         3.5000000000         0.4390206927
        1.6500000000         3.5000000000         0.4097231367
        1.6550000000         3.5000000000         0.4186397842
        1.6600000000         3.5000000000         0.4237350113
        1.6650000000         3.5000000000         0.4173659774
        1.6700000000         3.5000000000         0.4339254656
        1.6750000000         3.5000000000         0.4224612045
        1.6800000000         3.5000000000         0.4250088181
        1.6850000000         3.5000000000         0.4351992724
        1.6900000000         3.5000000000         0.4224612045
        1.6950000000         3.5000000000         0.4313778520
        1.7000000000         3.5000000000         0.4237350113
        1.7050000000         3.5000000000         0.4173659774
        1.7100000000         3.5000000000         0.4224612045
        1.7150000000         3.5000000000         0.4186397842
        1.7200000000         3.5000000000         0.4301040453
        1.7250000000         3.5000000000         0.4173659774
        1.7300000000         3.5000000000         0.4301040453
        1.7350000000         3.5000000000         0.4288302385
        1.7400000000         3.5000000000         0.4122707503
        1.7450000000         3.5000000000         0.4339254656
        1.7500000000         3.5000000000         0.4275564317
        1.7550000000         3.5000000000         0.4135445571
        1.7600000000         3.5000000000         0.4186397842
        1.7650000000         3.5000000000         0.4262826249
        1.7700000000         3.5000000000         0.4173659774
        1.7750000000         3.5000000000         0.4288302385
        1.7800000000         3.5000000000         0.4199135910
        1.7850000000         3.5000000000         0.4097231367
        1.7900000000         3.5000000000         0.4237350113
        1.7950000000         3.5000000000         0.4275564317
        1.8000000000         3.5000000000         0.4160921706
        1.8050000000         3.5000000000         0.4275564317
        1.8100000000         3.5000000000         0.4237350113
        1.8150000000         3.5000000000         0.4135445571
        1.8200000000         3.5000000000         0.4224612045
        1.8250000000         3.5000000000         0.4160921706
        1.8300000000         3.5000000000         0.4097231367
        1.8350000000         3.5000000000         0.4224612045
        1.8400000000         3.5000000000         0.4135445571
        1.8450000000         3.5000000000         0.4109969435
        1.8500000000         3.5000000000         0.4364730792
        1.8550000000         3.5000000000         0.4148183638
        1.8600000000         3.5000000000         0.4059017163
        1.8650000000         3.5000000000         0.4237350113
        1.8700000000         3.5000000000         0.4250088181
        1.8750000000         3.5000000000         0.4122707503
        1.8800000000         3.5000000000         0.4148183638
        1.8850000000         3.5000000000         0.4084493299
        1.8900000000         3.5000000000         0.4122707503
        1.8950000000         3.5000000000         0.4173659774
        1.9000000000         3.5000000000         0.4199135910
        1.9050000000         3.5000000000         0.4211873978
        1.9100000000         3.5000000000         0.4160921706
        1.9150000000         3.5000000000         0.4160921706
        1.9200000000         3.5000000000         0.4046279096
        1.9250000000         3.5000000000         0.4186397842
        1.9300000000         3.5000000000         0.4109969435
        1.9350000000         3.5000000000         0.4046279096
        1.9400000000         3.5000000000         0.4237350113
        1.9450000000         3.5000000000         0.4020802960
        1.9500000000         3.5000000000         0.4148183638
        1.9550000000         3.5000000000         0.4250088181
        1.9600000000         3.5000000000         0.4160921706
        1.9650000000         3.5000000000         0.4122707503
        1.9700000000         3.5000000000         0.4211873978
        1.9750000000         3.5000000000         0.4250088181
        1.9800000000         3.5000000000         0.4173659774
        1.9850000000         3.5000000000         0.4301040453
        1.9900000000         3.5000000000         0.4237350113
        1.9950000000         3.5000000000         0.4186397842
        2.0000000000         3.5000000000         0.4211873978
        2.0050000000         3.5000000000         0.4250088181
        2.0100000000         3.5000000000         0.4288302385
        2.0150000000         3.5000000000         0.4173659774
        2.0200000000         3.5000000000         0.4288302385
        2.0250000000         3.5000000000         0.4301040453
        2.0300000000         3.5000000000         0.4262826249
        2.0350000000         3.5000000000         0.4301040453
        2.0400000000         3.5000000000         0.4301040453
        2.0450000000         3.5000000000         0.4199135910
        2.0500000000         3.5000000000         0.4275564317
        2.0550000000         3.5000000000         0.4199135910
        2.0600000000         3.5000000000         0.4301040453
        2.0650000000         3.5000000000         0.4275564317
        2.0700000000         3.5000000000         0.4313778520
        2.0750000000         3.5000000000         0.4351992724
        2.0800000000         3.5000000000         0.4250088181
        2.0850000000         3.5000000000         0.4313778520
        2.0900000000         3.5000000000         0.4160921706
        2.0950000000         3.5000000000         0.4390206927
        2.1000000000         3.5000000000         0.4339254656
        2.1050000000         3.5000000000         0.4313778520
        2.1100000000         3.5000000000         0.4237350113
        2.1150000000         3.5000000000         0.4275564317
        2.1200000000         3.5000000000         0.4364730792
        2.1250000000         3.5000000000         0.4211873978
        2.1300000000         3.5000000000         0.4351992724
        2.1350000000         3.5000000000         0.4275564317
        2.1400000000         3.5000000000         0.4250088181
        2.1450000000         3.5000000000         0.4377468860
        2.1500000000         3.5000000000         0.4301040453
        2.1550000000         3.5000000000         0.4339254656
        2.1600000000         3.5000000000         0.4351992724
        2.1650000000         3.5000000000         0.4390206927
        2.1700000000         3.5000000000         0.4402944995
        2.1750000000         3.5000000000         0.4237350113
        2.1800000000         3.5000000000         0.4250088181
        2.1850000000         3.5000000000         0.4415683063
        2.1900000000         3.5000000000         0.4262826249
        2.1950000000         3.5000000000         0.4390206927
        2.2000000000         3.5000000000         0.4250088181
        2.2050000000         3.5000000000         0.4275564317
        2.2100000000         3.5000000000         0.4364730792
        2.2150000000         3.5000000000         0.4199135910
        2.2200000000         3.5000000000         0.4492111470
        2.2250000000         3.5000000000         0.4364730792
        2.2300000000         3.5000000000         0.4250088181
        2.2350000000         3.5000000000         0.4415683063
        2.2400000000         3.5000000000         0.4313778520
        2.2450000000         3.5000000000         0.4313778520
        2.2500000000         3.5000000000         0.4453897267
        2.2550000000         3.5000000000         0.4288302385
        2.2600000000         3.5000000000         0.4250088181
        2.2650000000         3.5000000000         0.4160921706
        2.2700000000         3.5000000000         0.4313778520
        2.2750000000         3.5000000000         0.4326516588
        2.2800000000         3.5000000000         0.4237350113
        2.2850000000         3.5000000000         0.4275564317
        2.2900000000         3.5000000000         0.4262826249
        2.2950000000         3.5000000000         0.4211873978
        2.3000000000         3.5000000000         0.4326516588
        2.3050000000         3.5000000000         0.4326516588
        2.3100000000         3.5000000000         0.4313778520
        2.3150000000         3.5000000000         0.4275564317
        2.3200000000         3.5000000000         0.4237350113
        2.3250000000         3.5000000000         0.4262826249
        2.3300000000         3.5000000000         0.4224612045
        2.3350000000         3.5000000000         0.4288302385
        2.3400000000         3.5000000000         0.4071755231
        2.3450000000         3.5000000000         0.4135445571
        2.3500000000         3.5000000000         0.4326516588
        2.3550000000         3.5000000000         0.4059017163
        2.3600000000         3.5000000000         0.4199135910
        2.3650000000         3.5000000000         0.4250088181
        2.3700000000         3.5000000000         0.4046279096
        2.3750000000         3.5000000000         0.4237350113
        2.3800000000         3.5000000000         0.4211873978
        2.3850000000         3.5000000000         0.4262826249
        2.3900000000         3.5000000000         0.4262826249
        2.3950000000         3.5000000000         0.4199135910
        2.4000000000         3.5000000000         0.4301040453
        2.4050000000         3.5000000000         0.4135445571
        2.4100000000         3.5000000000         0.4326516588
        2.4150000000         3.5000000000         0.4224612045
        2.4200000000         3.5000000000         0.4237350113
        2.4250000000         3.5000000000         0.4275564317
        2.4300000000         3.5000000000         0.4199135910
        2.4350000000         3.5000000000         0.4199135910
        2.4400000000         3.5000000000         0.4313778520
        2.4450000000         3.5000000000         0.4160921706
        2.4500000000         3.5000000000         0.4135445571
        2.4550000000         3.5000000000         0.4351992724
        2.4600000000         3.5000000000         0.4199135910
        2.4650000000         3.5000000000         0.4109969435
        2.4700000000         3.5000000000         0.4199135910
        2.4750000000         3.5000000000         0.4313778520
        2.4800000000         3.5000000000         0.4046279096
        2.4850000000         3.5000000000         0.4097231367
        2.4900000000         3.5000000000         0.4224612045
        2.4950000000         3.5000000000         0.4186397842
        2.5000000000         3.5000000000         0.4224612045
        2.5050000000         3.5000000000         0.4199135910
        2.5100000000         3.5000000000         0.4288302385
        2.5150000000         3.5000000000         0.4173659774
        2.5200000000         3.5000000000         0.4211873978
        2.5250000000         3.5000000000         0.4109969435
        2.5300000000         3.5000000000         0.4237350113
        2.5350000000         3.5000000000         0.4237350113
        2.5400000000         3.5000000000         0.4148183638
        2.5450000000         3.5000000000         0.4262826249
        2.5500000000         3.5000000000         0.4211873978
        2.5550000000         3.5000000000         0.4224612045
        2.5600000000         3.5000000000         0.4275564317
        2.5650000000         3.5000000000         0.4250088181
        2.5700000000         3.5000000000         0.4288302385
        2.5750000000         3.5000000000         0.4364730792
        2.5800000000         3.5000000000         0.4186397842
        2.5850000000         3.5000000000         0.4275564317
        2.5900000000         3.5000000000         0.4275564317
        2.5950000000         3.5000000000         0.4237350113
        2.6000000000         3.5000000000         0.4237350113
        2.6050000000         3.5000000000         0.4275564317
        2.6100000000         3.5000000000         0.4160921706
        2.6150000000         3.5000000000         0.4237350113
        2.6200000000         3.5000000000         0.4033541028
        2.6250000000         3.5000000000         0.4262826249
        2.6300000000         3.5000000000         0.4275564317
        2.6350000000         3.5000000000         0.4262826249
        2.6400000000         3.5000000000         0.4224612045
        2.6450000000         3.5000000000         0.4237350113
        2.6500000000         3.5000000000         0.4250088181
        2.6550000000         3.5000000000         0.4199135910
        2.6600000000         3.5000000000         0.4288302385
        2.6650000000         3.5000000000         0.4199135910
        2.6700000000         3.5000000000         0.4237350113
        2.6750000000         3.5000000000         0.4262826249
        2.6800000000         3.5000000000         0.4288302385
        2.6850000000         3.5000000000         0.4160921706
        2.6900000000         3.5000000000         0.4301040453
        2.6950000000         3.5000000000         0.4262826249
        2.7000000000         3.5000000000         0.4301040453
        2.7050000000         3.5000000000         0.4224612045
        2.7100000000         3.5000000000         0.4262826249
        2.7150000000         3.5000000000         0.4339254656
        2.7200000000         3.5000000000         0.4211873978
        2.7250000000         3.5000000000         0.4313778520
        2.7300000000         3.5000000000         0.4364730792
        2.7350000000         3.5000000000         0.4250088181
        2.7400000000         3.5000000000         0.4237350113
        2.7450000000         3.5000000000         0.4097231367
        2.7500000000         3.5000000000         0.4326516588
        2.7550000000         3.5000000000         0.4339254656
        2.7600000000         3.5000000000         0.4402944995
        2.7650000000         3.5000000000         0.4351992724
        2.7700000000         3.5000000000         0.4122707503
        2.7750000000         3.5000000000         0.4466635334
        2.7800000000         3.5000000000         0.4339254656
        2.7850000000         3.5000000000         0.4122707503
        2.7900000000         3.5000000000         0.4415683063
        2.7950000000         3.5000000000         0.4339254656
        2.8000000000         3.5000000000         0.4199135910
        2.8050000000         3.5000000000         0.4224612045
        2.8100000000         3.5000000000         0.4275564317
        2.8150000000         3.5000000000         0.4301040453
        2.8200000000         3.5000000000         0.4275564317
        2.8250000000         3.5000000000         0.4364730792
        2.8300000000         3.5000000000         0.4339254656
        2.8350000000         3.5000000000         0.4199135910
        2.8400000000         3.5000000000         0.4364730792
        2.8450000000         3.5000000000         0.4275564317
        2.8500000000         3.5000000000         0.4237350113
        2.8550000000         3.5000000000         0.4250088181
        2.8600000000         3.5000000000         0.4313778520
        2.8650000000         3.5000000000         0.4262826249
        2.8700000000         3.5000000000         0.4250088181
        2.8750000000         3.5000000000         0.4402944995
        2.8800000000         3.5000000000         0.4288302385
        2.8850000000         3.5000000000         0.4262826249
        2.8900000000         3.5000000000         0.4186397842
        2.8950000000         3.5000000000         0.4250088181
        2.9000000000         3.5000000000         0.4262826249
        2.9050000000         3.5000000000         0.4211873978
        2.9100000000         3.5000000000         0.4441159199
        2.9150000000         3.5000000000         0.4262826249
        2.9200000000         3.5000000000         0.4250088181
        2.9250000000         3.5000000000         0.4351992724
        2.9300000000         3.5000000000         0.4262826249
        2.9350000000         3.5000000000         0.4237350113
        2.9400000000         3.5000000000         0.4313778520
        2.9450000000         3.5000000000         0.4262826249
        2.9500000000         3.5000000000         0.4262826249
        2.9550000000         3.5000000000         0.4262826249
        2.9600000000         3.5000000000         0.4275564317
        2.9650000000         3.5000000000         0.4250088181
        2.9700000000         3.5000000000         0.4262826249
        2.9750000000         3.5000000000         0.4173659774
        2.9800000000         3.5000000000         0.4326516588
        2.9850000000         3.5000000000         0.4211873978
        2.9900000000         3.5000000000         0.4301040453
        2.9950000000         3.5000000000         0.4275564317
        3.0000000000         3.5000000000         0.4262826249
        3.0050000000         3.5000000000         0.4301040453
        3.0100000000         3.5000000000         0.4224612045
        3.0150000000         3.5000000000         0.4224612045
        3.0200000000         3.5000000000         0.4262826249
        3.0250000000         3.5000000000         0.4199135910
        3.0300000000         3.5000000000         0.4186397842
        3.0350000000         3.5000000000         0.4071755231
        3.0400000000         3.5000000000         0.4148183638
        3.0450000000         3.5000000000         0.3918898417
        3.0500000000         3.5000000000         0.4148183638
        3.0550000000         3.5000000000         0.4237350113
        3.0600000000         3.5000000000         0.4250088181
        3.0650000000         3.5000000000         0.4402944995
        3.0700000000         3.5000000000         0.4033541028
        3.0750000000         3.5000000000         0.4135445571
        3.0800000000         3.5000000000         0.4173659774
        3.0850000000         3.5000000000         0.4224612045
        3.0900000000         3.5000000000         0.4135445571
        3.0950000000         3.5000000000         0.4071755231
        3.1000000000         3.5000000000         0.4122707503
        3.1050000000         3.5000000000         0.4262826249
        3.1100000000         3.5000000000         0.4199135910
        3.1150000000         3.5000000000         0.4186397842
        3.1200000000         3.5000000000         0.4262826249
        3.1250000000         3.5000000000         0.4148183638
        3.1300000000         3.5000000000         0.4135445571
        3.1350000000         3.5000000000         0.4262826249
        3.1400000000         3.5000000000         0.4262826249
        3.1450000000         3.5000000000         0.4160921706
        3.1500000000         3.5000000000         0.4186397842
        3.1550000000         3.5000000000         0.4122707503
        3.1600000000         3.5000000000         0.4097231367
        3.1650000000         3.5000000000         0.4211873978
        3.1700000000         3.5000000000         0.4262826249
        3.1750000000         3.5000000000         0.4211873978
        3.1800000000         3.5000000000         0.4250088181
        3.1850000000         3.5000000000         0.4224612045
        3.1900000000         3.5000000000         0.4199135910
        3.1950000000         3.5000000000         0.4288302385
        3.2000000000         3.5000000000         0.4084493299
        3.2050000000         3.5000000000         0.4351992724
        3.2100000000         3.5000000000         0.4109969435
        3.2150000000         3.5000000000         0.4288302385
        3.2200000000         3.5000000000         0.4262826249
        3.2250000000         3.5000000000         0.4122707503
        3.2300000000         3.5000000000         0.4148183638
        3.2350000000         3.5000000000         0.4275564317
        3.2400000000         3.5000000000         0.4351992724
        3.2450000000         3.5000000000         0.4148183638
        3.2500000000         3.5000000000         0.4250088181
        3.2550000000         3.5000000000         0.4288302385
        3.2600000000         3.5000000000         0.4199135910
        3.2650000000         3.5000000000         0.4313778520
        3.2700000000         3.5000000000         0.4262826249
        3.2750000000         3.5000000000         0.4160921706
        3.2800000000         3.5000000000         0.4326516588
        3.2850000000         3.5000000000         0.4199135910
        3.2900000000         3.5000000000         0.4313778520
        3.2950000000         3.5000000000         0.4237350113
        3.3000000000         3.5000000000         0.4390206927
        3.3050000000         3.5000000000         0.4339254656
        3.3100000000         3.5000000000         0.4199135910
        3.3150000000         3.5000000000         0.4262826249
        3.3200000000         3.5000000000         0.4250088181
        3.3250000000         3.5000000000         0.4313778520
        3.3300000000         3.5000000000         0.4351992724
        3.3350000000         3.5000000000         0.4262826249
        3.3400000000         3.5000000000         0.4135445571
        3.3450000000         3.5000000000         0.4390206927
        3.3500000000         3.5000000000         0.4173659774
        3.3550000000         3.5000000000         0.4466635334
        3.3600000000         3.5000000000         0.4250088181
        3.3650000000         3.5000000000         0.4453897267
        3.3700000000         3.5000000000         0.4313778520
        3.3750000000         3.5000000000         0.4301040453
        3.3800000000         3.5000000000         0.4339254656
        3.3850000000         3.5000000000         0.4466635334
        3.3900000000         3.5000000000         0.4046279096
        3.3950000000         3.5000000000         0.4364730792
        3.4000000000         3.5000000000         0.4224612045
        3.4050000000         3.5000000000         0.4301040453
        3.4100000000         3.5000000000         0.4288302385
        3.4150000000         3.5000000000         0.4351992724
        3.4200000000         3.5000000000         0.4301040453
        3.4250000000         3.5000000000         0.4377468860
        3.4300000000         3.5000000000         0.4250088181
        3.4350000000         3.5000000000         0.4148183638
        3.4400000000         3.5000000000         0.4313778520
        3.4450000000         3.5000000000         0.4262826249
        3.4500000000         3.5000000000         0.4364730792
        3.4550000000         3.5000000000         0.4301040453
        3.4600000000         3.5000000000         0.4211873978
        3.4650000000         3.5000000000         0.4390206927
        3.4700000000         3.5000000000         0.4250088181
        3.4750000000         3.5000000000         0.4237350113
        3.4800000000         3.5000000000         0.4301040453
        3.4850000000         3.5000000000         0.4339254656
        3.4900000000         3.5000000000         0.4351992724
        3.4950000000         3.5000000000         0.4250088181
        3.5000000000         3.5000000000         0.4377468860
        3.5050000000         3.5000000000         0.4275564317
        3.5100000000         3.5000000000         0.4262826249
        3.5150000000         3.5000000000         0.4390206927
        3.5200000000         3.5000000000         0.4224612045
        3.5250000000         3.5000000000         0.4262826249
        3.5300000000         3.5000000000         0.4390206927
        3.5350000000         3.5000000000         0.4288302385
        3.5400000000         3.5000000000         0.4301040453
        3.5450000000         3.5000000000         0.4288302385
        3.5500000000         3.5000000000         0.4288302385
        3.5550000000         3.5000000000         0.4301040453
        3.5600000000         3.5000000000         0.3995326824
        3.5650000000         3.5000000000         0.4250088181
        3.5700000000         3.5000000000         0.4313778520
        3.5750000000         3.5000000000         0.4250088181
        3.5800000000         3.5000000000         0.4250088181
        3.5850000000         3.5000000000         0.4250088181
        3.5900000000         3.5000000000         0.4199135910
        3.5950000000         3.5000000000         0.4237350113
        3.6000000000         3.5000000000         0.4262826249
        3.6050000000         3.5000000000         0.4250088181
        3.6100000000         3.5000000000         0.4313778520
        3.6150000000         3.5000000000         0.4211873978
        3.6200000000         3.5000000000         0.4211873978
        3.6250000000         3.5000000000         0.4160921706
        3.6300000000         3.5000000000         0.4135445571
        3.6350000000         3.5000000000         0.4160921706
        3.6400000000         3.5000000000         0.4211873978
        3.6450000000         3.5000000000         0.4275564317
        3.6500000000         3.5000000000         0.4109969435
        3.6550000000         3.5000000000         0.4301040453
        3.6600000000         3.5000000000         0.4199135910
        3.6650000000         3.5000000000         0.4237350113
        3.6700000000         3.5000000000         0.4364730792
        3.6750000000         3.5000000000         0.4033541028
        3.6800000000         3.5000000000         0.4186397842
        3.6850000000         3.5000000000         0.4199135910
        3.6900000000         3.5000000000         0.4224612045
        3.6950000000         3.5000000000         0.4109969435
        3.7000000000         3.5000000000         0.4020802960
        3.7050000000         3.5000000000         0.4199135910
        3.7100000000         3.5000000000         0.4135445571
        3.7150000000         3.5000000000         0.4199135910
        3.7200000000         3.5000000000         0.4224612045
        3.7250000000         3.5000000000         0.4301040453
        3.7300000000         3.5000000000         0.4109969435
        3.7350000000         3.5000000000         0.4199135910
        3.7400000000         3.5000000000         0.4199135910
        3.7450000000         3.5000000000         0.4199135910
        3.7500000000         3.5000000000         0.4211873978
        3.7550000000         3.5000000000         0.4109969435
        3.7600000000         3.5000000000         0.4148183638
        3.7650000000         3.5000000000         0.4250088181
        3.7700000000         3.5000000000         0.4224612045
        3.7750000000         3.5000000000         0.4288302385
        3.7800000000         3.5000000000         0.4160921706
        3.7850000000         3.5000000000         0.4351992724
        3.7900000000         3.5000000000         0.4288302385
        3.7950000000         3.5000000000         0.4275564317
        3.8000000000         3.5000000000         0.4339254656
        3.8050000000         3.5000000000         0.4288302385
        3.8100000000         3.5000000000         0.4275564317
        3.8150000000         3.5000000000         0.4262826249
        3.8200000000         3.5000000000         0.4288302385
        3.8250000000         3.5000000000         0.4351992724
        3.8300000000         3.5000000000         0.4262826249
        3.8350000000         3.5000000000         0.4275564317
        3.8400000000         3.5000000000         0.4288302385
        3.8450000000         3.5000000000         0.4288302385
        3.8500000000         3.5000000000         0.4199135910
        3.8550000000         3.5000000000         0.4402944995
        3.8600000000         3.5000000000         0.4224612045
        3.8650000000         3.5000000000         0.4109969435
        3.8700000000         3.5000000000         0.4415683063
        3.8750000000         3.5000000000         0.4160921706
        3.8800000000         3.5000000000         0.4224612045
        3.8850000000         3.5000000000         0.4428421131
        3.8900000000         3.5000000000         0.4186397842
        3.8950000000         3.5000000000         0.4275564317
        3.9000000000         3.5000000000         0.4288302385
        3.9050000000         3.5000000000         0.4288302385
        3.9100000000         3.5000000000         0.4466635334
        3.9150000000         3.5000000000         0.4262826249
        3.9200000000         3.5000000000         0.4326516588
        3.9250000000         3.5000000000         0.4390206927
        3.9300000000         3.5000000000         0.4262826249
        3.9350000000         3.5000000000         0.4415683063
        3.9400000000         3.5000000000         0.4402944995
        3.9450000000         3.5000000000         0.4351992724
        3.9500000000         3.5000000000         0.4288302385
        3.9550000000         3.5000000000         0.4364730792
        3.9600000000         3.5000000000         0.4543063742
        3.9650000000         3.5000000000         0.4313778520
        3.9700000000         3.5000000000         0.4377468860
        3.9750000000         3.5000000000         0.4390206927
        3.9800000000         3.5000000000         0.4415683063
        3.9850000000         3.5000000000         0.4504849538
        3.9900000000         3.5000000000         0.4479373402
        3.9950000000         3.5000000000         0.4250088181
        4.0000000000         3.5000000000         0.4390206927
        4.0050000000         3.5000000000         0.4377468860
        4.0100000000         3.5000000000         0.4402944995
        4.0150000000         3.5000000000         0.4339254656
        4.0200000000         3.5000000000         0.4428421131
        4.0250000000         3.5000000000         0.4313778520
        4.0300000000         3.5000000000         0.4199135910
        4.0350000000         3.5000000000         0.4415683063
        4.0400000000         3.5000000000         0.4351992724
        4.0450000000         3.5000000000         0.4313778520
        4.0500000000         3.5000000000         0.4326516588
        4.0550000000         3.5000000000         0.4377468860
        4.0600000000         3.5000000000         0.4313778520
        4.0650000000         3.5000000000         0.4351992724
        4.0700000000         3.5000000000         0.4326516588
        4.0750000000         3.5000000000         0.4020802960
        4.0800000000         3.5000000000         0.4326516588
        4.0850000000         3.5000000000         0.4415683063
        4.0900000000         3.5000000000         0.4326516588
        4.0950000000         3.5000000000         0.4224612045
        4.1000000000         3.5000000000         0.4390206927
        4.1050000000         3.5000000000         0.4377468860
        4.1100000000         3.5000000000         0.4313778520
        4.1150000000         3.5000000000         0.4390206927
        4.1200000000         3.5000000000         0.4351992724
        4.1250000000         3.5000000000         0.4262826249
        4.1300000000         3.5000000000         0.4326516588
        4.1350000000         3.5000000000         0.4288302385
        4.1400000000         3.5000000000         0.4301040453
        4.1450000000         3.5000000000         0.4313778520
        4.1500000000         3.5000000000         0.4250088181
        4.1550000000         3.5000000000         0.4211873978
        4.1600000000         3.5000000000         0.4250088181
        4.1650000000         3.5000000000         0.4288302385
        4.1700000000         3.5000000000         0.4339254656
        4.1750000000         3.5000000000         0.4237350113
        4.1800000000         3.5000000000         0.4262826249
        4.1850000000         3.5000000000         0.4275564317
        4.1900000000         3.5000000000         0.4275564317
        4.1950000000         3.5000000000         0.4262826249
        4.2000000000         3.5000000000         0.4339254656
        4.2050000000         3.5000000000         0.4301040453
        4.2100000000         3.5000000000         0.4364730792
        4.2150000000         3.5000000000         0.4211873978
        4.2200000000         3.5000000000         0.4237350113
        4.2250000000         3.5000000000         0.4250088181
        4.2300000000         3.5000000000         0.4326516588
        4.2350000000         3.5000000000         0.4262826249
        4.2400000000         3.5000000000         0.4262826249
        4.2450000000         3.5000000000         0.4224612045
        4.2500000000         3.5000000000         0.4250088181
        4.2550000000         3.5000000000         0.4301040453
        4.2600000000         3.5000000000         0.4211873978
        4.2650000000         3.5000000000         0.4237350113
        4.2700000000         3.5000000000         0.4415683063
        4.2750000000         3.5000000000         0.4109969435
        4.2800000000         3.5000000000         0.4250088181
        4.2850000000         3.5000000000         0.4275564317
        4.2900000000         3.5000000000         0.4262826249
        4.2950000000         3.5000000000         0.4135445571
        4.3000000000         3.5000000000         0.4211873978
        4.3050000000         3.5000000000         0.4250088181
        4.3100000000         3.5000000000         0.4237350113
        4.3150000000         3.5000000000         0.4275564317
        4.3200000000         3.5000000000         0.4237350113
        4.3250000000         3.5000000000         0.4301040453
        4.3300000000         3.5000000000         0.4326516588
        4.3350000000         3.5000000000         0.4275564317
        4.3400000000         3.5000000000         0.4250088181
        4.3450000000         3.5000000000         0.4351992724
        4.3500000000         3.5000000000         0.4224612045
        4.3550000000         3.5000000000         0.4262826249
        4.3600000000         3.5000000000         0.4364730792
        4.3650000000         3.5000000000         0.4199135910
        4.3700000000         3.5000000000         0.4262826249
        4.3750000000         3.5000000000         0.4288302385
        4.3800000000         3.5000000000         0.4199135910
        4.3850000000         3.5000000000         0.4313778520
        4.3900000000         3.5000000000         0.4377468860
        4.3950000000         3.5000000000         0.4186397842
        4.4000000000         3.5000000000         0.4301040453
        4.4050000000         3.5000000000         0.4262826249
        4.4100000000         3.5000000000         0.4224612045
        4.4150000000         3.5000000000         0.4275564317
        4.4200000000         3.5000000000         0.4109969435
        4.4250000000         3.5000000000         0.4364730792
        4.4300000000         3.5000000000         0.4135445571
        4.4350000000         3.5000000000         0.4211873978
        4.4400000000         3.5000000000         0.4326516588
        4.4450000000         3.5000000000         0.4211873978
        4.4500000000         3.5000000000         0.4211873978
        4.4550000000         3.5000000000         0.4326516588
        4.4600000000         3.5000000000         0.4275564317
        4.4650000000         3.5000000000         0.4224612045
        4.4700000000         3.5000000000         0.4351992724
        4.4750000000         3.5000000000         0.4339254656
        4.4800000000         3.5000000000         0.4186397842
        4.4850000000         3.5000000000         0.4339254656
        4.4900000000         3.5000000000         0.4301040453
        4.4950000000         3.5000000000         0.4288302385
        4.5000000000         3.5000000000         0.4250088181
        4.5050000000         3.5000000000         0.4441159199
        4.5100000000         3.5000000000         0.4364730792
        4.5150000000         3.5000000000         0.4301040453
        4.5200000000         3.5000000000         0.4364730792
        4.5250000000         3.5000000000         0.4351992724
        4.5300000000         3.5000000000         0.4237350113
        4.5350000000         3.5000000000         0.4517587606
        4.5400000000         3.5000000000         0.4351992724
        4.5450000000         3.5000000000         0.4326516588
        4.5500000000         3.5000000000         0.4364730792
        4.5550000000         3.5000000000         0.4390206927
        4.5600000000         3.5000000000         0.4428421131
        4.5650000000         3.5000000000         0.4301040453
        4.5700000000         3.5000000000         0.4364730792
        4.5750000000         3.5000000000         0.4301040453
        4.5800000000         3.5000000000         0.4428421131
        4.5850000000         3.5000000000         0.4415683063
        4.5900000000         3.5000000000         0.4351992724
        4.5950000000         3.5000000000         0.4301040453
        4.6000000000         3.5000000000         0.4402944995
        4.6050000000         3.5000000000         0.4364730792
        4.6100000000         3.5000000000         0.4517587606
        4.6150000000         3.5000000000         0.4339254656
        4.6200000000         3.5000000000         0.4313778520
        4.6250000000         3.5000000000         0.4160921706
        4.6300000000         3.5000000000         0.4275564317
        4.6350000000         3.5000000000         0.4377468860
        4.6400000000         3.5000000000         0.4351992724
        4.6450000000         3.5000000000         0.4262826249
        4.6500000000         3.5000000000         0.4492111470
        4.6550000000         3.5000000000         0.4211873978
        4.6600000000         3.5000000000         0.4313778520
        4.6650000000         3.5000000000         0.4415683063
        4.6700000000         3.5000000000         0.4313778520
        4.6750000000         3.5000000000         0.4364730792
        4.6800000000         3.5000000000         0.4262826249
        4.6850000000         3.5000000000         0.4301040453
        4.6900000000         3.5000000000         0.4364730792
        4.6950000000         3.5000000000         0.4288302385
        4.7000000000         3.5000000000         0.4301040453
        4.7050000000         3.5000000000         0.4415683063
        4.7100000000         3.5000000000         0.4288302385
        4.7150000000         3.5000000000         0.4313778520
        4.7200000000         3.5000000000         0.4402944995
        4.7250000000         3.5000000000         0.4250088181
        4.7300000000         3.5000000000         0.4339254656
        4.7350000000         3.5000000000         0.4339254656
        4.7400000000         3.5000000000         0.4301040453
        4.7450000000         3.5000000000         0.4313778520
        4.7500000000         3.5000000000         0.4326516588
        4.7550000000         3.5000000000         0.4326516588
        4.7600000000         3.5000000000         0.4301040453
        4.7650000000         3.5000000000         0.4301040453
        4.7700000000         3.5000000000         0.4377468860
        4.7750000000         3.5000000000         0.4148183638
        4.7800000000         3.5000000000         0.4262826249
        4.7850000000         3.5000000000         0.4351992724
        4.7900000000         3.5000000000         0.4211873978
        4.7950000000         3.5000000000         0.4326516588
        4.8000000000         3.5000000000         0.4288302385
        4.8050000000         3.5000000000         0.4301040453
        4.8100000000         3.5000000000         0.4224612045
        4.8150000000         3.5000000000         0.4224612045
        4.8200000000         3.5000000000         0.4173659774
        4.8250000000         3.5000000000         0.4313778520
        4.8300000000         3.5000000000         0.4250088181
        4.8350000000         3.5000000000         0.4135445571
        4.8400000000         3.5000000000         0.4301040453
        4.8450000000         3.5000000000         0.4224612045
        4.8500000000         3.5000000000         0.4313778520
        4.8550000000         3.5000000000         0.4262826249
        4.8600000000         3.5000000000         0.4237350113
        4.8650000000         3.5000000000         0.4211873978
        4.8700000000         3.5000000000         0.4351992724
        4.8750000000         3.5000000000         0.4186397842
        4.8800000000         3.5000000000         0.4186397842
        4.8850000000         3.5000000000         0.4275564317
        4.8900000000         3.5000000000         0.4046279096
        4.8950000000         3.5000000000         0.4084493299
        4.9000000000         3.5000000000         0.4173659774
        4.9050000000         3.5000000000         0.3957112621
        4.9100000000         3.5000000000         0.4211873978
        4.9150000000         3.5000000000         0.4313778520
        4.9200000000         3.5000000000         0.4237350113
        4.9250000000         3.5000000000         0.4288302385
        4.9300000000         3.5000000000         0.4224612045
        4.9350000000         3.5000000000         0.4275564317
        4.9400000000         3.5000000000         0.4224612045
        4.9450000000         3.5000000000         0.4313778520
        4.9500000000         3.5000000000         0.4237350113
        4.9550000000         3.5000000000         0.4122707503
        4.9600000000         3.5000000000         0.4339254656
        4.9650000000         3.5000000000         0.4250088181
        4.9700000000         3.5000000000         0.4199135910
        4.9750000000         3.5000000000         0.4441159199
        4.9800000000         3.5000000000         0.4148183638
        4.9850000000         3.5000000000         0.4008064892
        4.9900000000         3.5000000000         0.4377468860
        4.9950000000         3.5000000000         0.4148183638
        5.0000000000         3.5000000000         0.4275564317
        5.0050000000         3.5000000000         0.4313778520
        5.0100000000         3.5000000000         0.4211873978
        5.0150000000         3.5000000000         0.4211873978
        5.0200000000         3.5000000000         0.4313778520
        5.0250000000         3.5000000000         0.4275564317
        5.0300000000         3.5000000000         0.4237350113
        5.0350000000         3.5000000000         0.4301040453
        5.0400000000         3.5000000000         0.4275564317
        5.0450000000         3.5000000000         0.4326516588
        5.0500000000         3.5000000000         0.4313778520
        5.0550000000         3.5000000000         0.4326516588
        5.0600000000         3.5000000000         0.4326516588
        5.0650000000         3.5000000000         0.4262826249
        5.0700000000         3.5000000000         0.4364730792
        5.0750000000         3.5000000000         0.4313778520
        5.0800000000         3.5000000000         0.4402944995
        5.0850000000         3.5000000000         0.4326516588
        5.0900000000         3.5000000000         0.4199135910
        5.0950000000         3.5000000000         0.4313778520
        5.1000000000         3.5000000000         0.4351992724
        5.1050000000         3.5000000000         0.4466635334
        5.1100000000         3.5000000000         0.4135445571
        5.1150000000         3.5000000000         0.4275564317
        5.1200000000         3.5000000000         0.4301040453
        5.1250000000         3.5000000000         0.4466635334
        5.1300000000         3.5000000000         0.4339254656
        5.1350000000         3.5000000000         0.4517587606
        5.1400000000         3.5000000000         0.4364730792
        5.1450000000         3.5000000000         0.4364730792
        5.1500000000         3.5000000000         0.4390206927
        5.1550000000         3.5000000000         0.4390206927
        5.1600000000         3.5000000000         0.4415683063
        5.1650000000         3.5000000000         0.4351992724
        5.1700000000         3.5000000000         0.4351992724
        5.1750000000         3.5000000000         0.4466635334
        5.1800000000         3.5000000000         0.4364730792
        5.1850000000         3.5000000000         0.4415683063
        5.1900000000         3.5000000000         0.4466635334
        5.1950000000         3.5000000000         0.4262826249
        5.2000000000         3.5000000000         0.4415683063
        5.2050000000         3.5000000000         0.4428421131
        5.2100000000         3.5000000000         0.4466635334
        5.2150000000         3.5000000000         0.4301040453
        5.2200000000         3.5000000000         0.4364730792
        5.2250000000         3.5000000000         0.4390206927
        5.2300000000         3.5000000000         0.4275564317
        5.2350000000         3.5000000000         0.4492111470
        5.2400000000         3.5000000000         0.4364730792
        5.2450000000         3.5000000000         0.4275564317
        5.2500000000         3.5000000000         0.4504849538
        5.2550000000         3.5000000000         0.4339254656
        5.2600000000         3.5000000000         0.4211873978
        5.2650000000         3.5000000000         0.4530325674
        5.2700000000         3.5000000000         0.4326516588
        5.2750000000         3.5000000000         0.4186397842
        5.2800000000         3.5000000000         0.4377468860
        5.2850000000         3.5000000000         0.4326516588
        5.2900000000         3.5000000000         0.4351992724
        5.2950000000         3.5000000000         0.4288302385
        5.3000000000         3.5000000000         0.4313778520
        5.3050000000         3.5000000000         0.4364730792
        5.3100000000         3.5000000000         0.4326516588
        5.3150000000         3.5000000000         0.4364730792
        5.3200000000         3.5000000000         0.4275564317
        5.3250000000         3.5000000000         0.4288302385
        5.3300000000         3.5000000000         0.4390206927
        5.3350000000         3.5000000000         0.4288302385
        5.3400000000         3.5000000000         0.4415683063
        5.3450000000         3.5000000000         0.4250088181
        5.3500000000         3.5000000000         0.4326516588
        5.3550000000         3.5000000000         0.4377468860
        5.3600000000         3.5000000000         0.4262826249
        5.3650000000         3.5000000000         0.4351992724
        5.3700000000         3.5000000000         0.4199135910
        5.3750000000         3.5000000000         0.4237350113
        5.3800000000         3.5000000000         0.4313778520
        5.3850000000         3.5000000000         0.4186397842
        5.3900000000         3.5000000000         0.4326516588
        5.3950000000         3.5000000000         0.4250088181
        5.4000000000         3.5000000000         0.4301040453
        5.4050000000         3.5000000000         0.4275564317
        5.4100000000         3.5000000000         0.4339254656
        5.4150000000         3.5000000000         0.4237350113
        5.4200000000         3.5000000000         0.4008064892
        5.4250000000         3.5000000000         0.4250088181
        5.4300000000         3.5000000000         0.4148183638
        5.4350000000         3.5000000000         0.4313778520
        5.4400000000         3.5000000000         0.4313778520
        5.4450000000         3.5000000000         0.4262826249
        5.4500000000         3.5000000000         0.4301040453
        5.4550000000         3.5000000000         0.4313778520
        5.4600000000         3.5000000000         0.4173659774
        5.4650000000         3.5000000000         0.4250088181
        5.4700000000         3.5000000000         0.4428421131
        5.4750000000         3.5000000000         0.4059017163
        5.4800000000         3.5000000000         0.4211873978
        5.4850000000         3.5000000000         0.4199135910
        5.4900000000         3.5000000000         0.4224612045
        5.4950000000         3.5000000000         0.4148183638
        5.5000000000         3.5000000000         0.4211873978
        5.5050000000         3.5000000000         0.4301040453
        5.5100000000         3.5000000000         0.4186397842
        5.5150000000         3.5000000000         0.4275564317
        5.5200000000         3.5000000000         0.4173659774
        5.5250000000         3.5000000000         0.4288302385
        5.5300000000         3.5000000000         0.4211873978
        5.5350000000         3.5000000000         0.4301040453
        5.5400000000         3.5000000000         0.4186397842
        5.5450000000         3.5000000000         0.4313778520
        5.5500000000         3.5000000000         0.4250088181
        5.5550000000         3.5000000000         0.4148183638
        5.5600000000         3.5000000000         0.4262826249
        5.5650000000         3.5000000000         0.4186397842
        5.5700000000         3.5000000000         0.4275564317
        5.5750000000         3.5000000000         0.4313778520
        5.5800000000         3.5000000000         0.4135445571
        5.5850000000         3.5000000000         0.4301040453
        5.5900000000         3.5000000000         0.4250088181
        5.5950000000         3.5000000000         0.4313778520
        5.6000000000         3.5000000000         0.4288302385
        5.6050000000         3.5000000000         0.4186397842
        5.6100000000         3.5000000000         0.4301040453
        5.6150000000         3.5000000000         0.4186397842
        5.6200000000         3.5000000000         0.4211873978
        5.6250000000         3.5000000000         0.4301040453
        5.6300000000         3.5000000000         0.4186397842
        5.6350000000         3.5000000000         0.4211873978
        5.6400000000         3.5000000000         0.4275564317
        5.6450000000         3.5000000000         0.4313778520
        5.6500000000         3.5000000000         0.4173659774
        5.6550000000         3.5000000000         0.4351992724
        5.6600000000         3.5000000000         0.4275564317
        5.6650000000         3.5000000000         0.4186397842
        5.6700000000         3.5000000000         0.4301040453
        5.6750000000         3.5000000000         0.4402944995
        5.6800000000         3.5000000000         0.4199135910
        5.6850000000         3.5000000000         0.4160921706
        5.6900000000         3.5000000000         0.4250088181
        5.6950000000         3.5000000000         0.4224612045
        5.7000000000         3.5000000000         0.3957112621
        5.7050000000         3.5000000000         0.4402944995
        5.7100000000         3.5000000000         0.4301040453
        5.7150000000         3.5000000000         0.4160921706
        5.7200000000         3.5000000000         0.4250088181
        5.7250000000         3.5000000000         0.4351992724
        5.7300000000         3.5000000000         0.4059017163
        5.7350000000         3.5000000000         0.4313778520
        5.7400000000         3.5000000000         0.4326516588
        5.7450000000         3.5000000000         0.3893422282
        5.7500000000         3.5000000000         0.4326516588
        5.7550000000         3.5000000000         0.4301040453
        5.7600000000         3.5000000000         0.4441159199
        5.7650000000         3.5000000000         0.4250088181
        5.7700000000         3.5000000000         0.4339254656
        5.7750000000         3.5000000000         0.4301040453
        5.7800000000         3.5000000000         0.4364730792
        5.7850000000         3.5000000000         0.4364730792
        5.7900000000         3.5000000000         0.4364730792
        5.7950000000         3.5000000000         0.4275564317
        5.8000000000         3.5000000000         0.4313778520
        5.8050000000         3.5000000000         0.4441159199
        5.8100000000         3.5000000000         0.4313778520
        5.8150000000         3.5000000000         0.4313778520
        5.8200000000         3.5000000000         0.4250088181
        5.8250000000         3.5000000000         0.4224612045
        5.8300000000         3.5000000000         0.4250088181
        5.8350000000         3.5000000000         0.4288302385
        5.8400000000         3.5000000000         0.4326516588
        5.8450000000         3.5000000000         0.4301040453
        5.8500000000         3.5000000000         0.4148183638
        5.8550000000         3.5000000000         0.4377468860
        5.8600000000         3.5000000000         0.4275564317
        5.8650000000         3.5000000000         0.4250088181
        5.8700000000         3.5000000000         0.4364730792
        5.8750000000         3.5000000000         0.4237350113
        5.8800000000         3.5000000000         0.4250088181
        5.8850000000         3.5000000000         0.4351992724
        5.8900000000         3.5000000000         0.4262826249
        5.8950000000         3.5000000000         0.4377468860
        5.9000000000         3.5000000000         0.4160921706
        5.9050000000         3.5000000000         0.4262826249
        5.9100000000         3.5000000000         0.4339254656
        5.9150000000         3.5000000000         0.4211873978
        5.9200000000         3.5000000000         0.4351992724
        5.9250000000         3.5000000000         0.4301040453
        5.9300000000         3.5000000000         0.4211873978
        5.9350000000         3.5000000000         0.4313778520
        5.9400000000         3.5000000000         0.4109969435
        5.9450000000         3.5000000000         0.4237350113
        5.9500000000         3.5000000000         0.4211873978
        5.9550000000         3.5000000000         0.4301040453
        5.9600000000         3.5000000000         0.4186397842
        5.9650000000         3.5000000000         0.3906160349
        5.9700000000         3.5000000000         0.4301040453
        5.9750000000         3.5000000000         0.4237350113
        5.9800000000         3.5000000000         0.4237350113
        5.9850000000         3.5000000000         0.4275564317
        5.9900000000         3.5000000000         0.4237350113
        5.9950000000         3.5000000000         0.4250088181
        6.0000000000         3.4750000000         0.4237350113
        6.0050000000         3.4750000000         0.4173659774
        6.0100000000         3.4750000000         0.4109969435
        6.0150000000         3.4750000000         0.4148183638
        6.0200000000         3.4750000000         0.4071755231
        6.0250000000         3.4500000000         0.4211873978
        6.0300000000         3.4500000000         0.4313778520
        6.0350000000         3.4500000000         0.4135445571
        6.0400000000         3.4500000000         0.4186397842
        6.0450000000         3.4500000000         0.4173659774
        6.0500000000         3.4250000000         0.3957112621
        6.0550000000         3.4250000000         0.4084493299
        6.0600000000         3.4250000000         0.3982588756
        6.0650000000         3.4250000000         0.3944374553
        6.0700000000         3.4250000000         0.4046279096
        6.0750000000         3.4000000000         0.3906160349
        6.0800000000         3.4000000000         0.3867946146
        6.0850000000         3.4000000000         0.3855208078
        6.0900000000         3.4000000000         0.3893422282
        6.0950000000         3.4000000000         0.3995326824
        6.1000000000         3.3750000000         0.3804255807
        6.1050000000         3.3750000000         0.3727827400
        6.1100000000         3.3750000000         0.3727827400
        6.1150000000         3.3750000000         0.3791517739
        6.1200000000         3.3750000000         0.3676875128
        6.1250000000         3.3500000000         0.3422113771
        6.1300000000         3.3500000000         0.3447589907
        6.1350000000         3.3500000000         0.3409375703
        6.1400000000         3.3500000000         0.3447589907
        6.1450000000         3.3500000000         0.3434851839
        6.1500000000         3.3250000000         0.3256518889
        6.1550000000         3.3250000000         0.3256518889
        6.1600000000         3.3250000000         0.3243780822
        6.1650000000         3.3250000000         0.3243780822
        6.1700000000         3.3250000000         0.3256518889
        6.1750000000         3.3000000000         0.3141876279
        6.1800000000         3.3000000000         0.2989019465
        6.1850000000         3.3000000000         0.3141876279
        6.1900000000         3.3000000000         0.2989019465
        6.1950000000         3.3000000000         0.3192828550
        6.2000000000         3.2750000000         0.3243780822
        6.2050000000         3.2750000000         0.3027233668
        6.2100000000         3.2750000000         0.3078185940
        6.2150000000         3.2750000000         0.3116400143
        6.2200000000         3.2750000000         0.2963543329
        6.2250000000         3.2500000000         0.2759734243
        6.2300000000         3.2500000000         0.2848900718
        6.2350000000         3.2500000000         0.2874376854
        6.2400000000         3.2500000000         0.2734258108
        6.2450000000         3.2500000000         0.2912591058
        6.2500000000         3.2250000000         0.2657829701
        6.2550000000         3.2250000000         0.2568663226
        6.2600000000         3.2250000000         0.2657829701
        6.2650000000         3.2250000000         0.2606877429
        6.2700000000         3.2250000000         0.2645091633
        6.2750000000         3.2000000000         0.2657829701
        6.2800000000         3.2000000000         0.2696043904
        6.2850000000         3.2000000000         0.2772472311
        6.2900000000         3.2000000000         0.2708781972
        6.2950000000         3.2000000000         0.2772472311
        6.3000000000         3.1750000000         0.2632353565
        6.3050000000         3.1750000000         0.2645091633
        6.3100000000         3.1750000000         0.2581401294
        6.3150000000         3.1750000000         0.2657829701
        6.3200000000         3.1750000000         0.2543187090
        6.3250000000         3.1500000000         0.2428544480
        6.3300000000         3.1500000000         0.2364854140
        6.3350000000         3.1500000000         0.2454020615
        6.3400000000         3.1500000000         0.2428544480
        6.3450000000         3.1500000000         0.2377592208
        6.3500000000         3.1250000000         0.2211997326
        6.3550000000         3.1250000000         0.2148306987
        6.3600000000         3.1250000000         0.2275687665
        6.3650000000         3.1250000000         0.2071878580
        6.3700000000         3.1250000000         0.2237473462
        6.3750000000         3.1000000000         0.2071878580
        6.3800000000         3.1000000000         0.2110092783
        6.3850000000         3.1000000000         0.2071878580
        6.3900000000         3.1000000000         0.2071878580
        6.3950000000         3.1000000000         0.2008188241
        6.4000000000         3.0750000000         0.1893545630
        6.4050000000         3.0750000000         0.1919021766
        6.4100000000         3.0750000000         0.1855331427
        6.4150000000         3.0750000000         0.1893545630
        6.4200000000         3.0750000000         0.1931759834
        6.4250000000         3.0500000000         0.1600570070
        6.4300000000         3.0500000000         0.1524141663
        6.4350000000         3.0500000000         0.1651522341
        6.4400000000         3.0500000000         0.1587832002
        6.4450000000         3.0500000000         0.1638784273
        6.4500000000         3.0250000000         0.1702474612
        6.4550000000         3.0250000000         0.1320332577
        6.4600000000         3.0250000000         0.1562355866
        6.4650000000         3.0250000000         0.1638784273
        6.4700000000         3.0250000000         0.1282118374
        6.4750000000         3.0000000000         0.1358546781
        6.4800000000         3.0000000000         0.1460451323
        6.4850000000         3.0000000000         0.1345808713
        6.4900000000         3.0000000000         0.1498665527
        6.4950000000         3.0000000000         0.1358546781
        6.5000000000         2.9750000000         0.1269380306
        6.5050000000         2.9750000000         0.1256642238
        6.5100000000         2.9750000000         0.1269380306
        6.5150000000         2.9750000000         0.1333070645
        6.5200000000         2.9750000000         0.1231166102
        6.5250000000         2.9500000000         0.1116523492
        6.5300000000         2.9500000000         0.1078309288
        6.5350000000         2.9500000000         0.1116523492
        6.5400000000         2.9500000000         0.1231166102
        6.5450000000         2.9500000000         0.1103785424
        6.5500000000         2.9250000000         0.0963666678
        6.5550000000         2.9250000000         0.0989142813
        6.5600000000         2.9250000000         0.0963666678
        6.5650000000         2.9250000000         0.1001880881
        6.5700000000         2.9250000000         0.1001880881
        6.5750000000         2.9000000000         0.0887238270
        6.5800000000         2.9000000000         0.0861762135
        6.5850000000         2.9000000000         0.0912714406
        6.5900000000         2.9000000000         0.0899976338
        6.5950000000         2.9000000000         0.0798071796
        6.6000000000         2.8750000000         0.0670691117
        6.6050000000         2.8750000000         0.0619738846
        6.6100000000         2.8750000000         0.0594262710
        6.6150000000         2.8750000000         0.0581524642
        6.6200000000         2.8750000000         0.0581524642
        6.6250000000         2.8500000000         0.0657953049
        6.6300000000         2.8500000000         0.0645214981
        6.6350000000         2.8500000000         0.0632476914
        6.6400000000         2.8500000000         0.0645214981
        6.6450000000         2.8500000000         0.0594262710
        6.6500000000         2.8250000000         0.0403191692
        6.6550000000         2.8250000000         0.0428667828
        6.6600000000         2.8250000000         0.0364977489
        6.6650000000         2.8250000000         0.0352239421
        6.6700000000         2.8250000000         0.0454143964
        6.6750000000         2.8000000000         0.0021049657
        6.6800000000         2.8000000000         0.0097478064
        6.6850000000         2.8000000000         0.0059263861
        6.6900000000         2.8000000000         0.0059263861
        6.6950000000         2.8000000000         0.0059263861
        6.7000000000         2.7750000000         0.0046525793
        6.7050000000         2.7750000000         0.0046525793
        6.7100000000         2.7750000000         0.0046525793
        6.7150000000         2.7750000000         0.0021049657
        6.7200000000         2.7750000000         0.0072001928
        6.7250000000         2.7500000000         0.0084739996
        6.7300000000         2.7500000000         0.0046525793
        6.7350000000         2.7500000000         0.0072001928
        6.7400000000         2.7500000000        -0.0080854886
        6.7450000000         2.7500000000         0.0084739996
        6.7500000000         2.7250000000         0.0084739996
        6.7550000000         2.7250000000         0.0059263861
        6.7600000000         2.7250000000         0.0008311589
        6.7650000000         2.7250000000         0.0072001928
        6.7700000000         2.7250000000        -0.0246449768
        6.7750000000         2.7000000000         0.0021049657
        6.7800000000         2.7000000000         0.0033787725
        6.7850000000         2.7000000000         0.0059263861
        6.7900000000         2.7000000000         0.0021049657
        6.7950000000         2.7000000000         0.0072001928
        6.8000000000         2.6750000000         0.0072001928
        6.8050000000         2.6750000000         0.0008311589
        6.8100000000         2.6750000000         0.0021049657
        6.8150000000         2.6750000000         0.0072001928
        6.8200000000         2.6750000000        -0.0093592953
        6.8250000000         2.6500000000         0.0046525793
        6.8300000000         2.6500000000         0.0021049657
        6.8350000000         2.6500000000         0.0021049657
        6.8400000000         2.6500000000         0.0072001928
        6.8450000000         2.6500000000         0.0008311589
        6.8500000000         2.6250000000         0.0072001928
        6.8550000000         2.6250000000         0.0046525793
        6.8600000000         2.6250000000         0.0084739996
        6.8650000000         2.6250000000         0.0059263861
        6.8700000000         2.6250000000         0.0059263861
        6.8750000000         2.6000000000         0.0046525793
        6.8800000000         2.6000000000         0.0084739996
        6.8850000000         2.6000000000         0.0059263861
        6.8900000000         2.6000000000         0.0046525793
        6.8950000000         2.6000000000         0.0084739996
        6.9000000000         2.5750000000         0.0033787725
        6.9050000000         2.5750000000         0.0072001928
        6.9100000000         2.5750000000         0.0072001928
        6.9150000000         2.5750000000         0.0046525793
        6.9200000000         2.5750000000         0.0046525793
        6.9250000000         2.5500000000         0.0072001928
        6.9300000000         2.5500000000         0.0021049657
        6.9350000000         2.5500000000         0.0046525793
        6.9400000000         2.5500000000         0.0033787725
        6.9450000000         2.5500000000         0.0021049657
        6.9500000000         2.5250000000         0.0008311589
        6.9550000000         2.5250000000         0.0046525793
        6.9600000000         2.5250000000         0.0046525793
        6.9650000000         2.5250000000         0.0046525793
        6.9700000000         2.5250000000         0.0021049657
        6.9750000000         2.5000000000         0.0046525793
        6.9800000000         2.5000000000        -0.0068116818
        6.9850000000         2.5000000000         0.0072001928
