        0.9950000000         4.5000000000         0.7511033549
        1.0000000000         4.5000000000         0.7460081278
        1.0050000000         4.5000000000         0.7523771617
        1.0100000000         4.5000000000         0.7434605142
        1.0150000000         4.5000000000         0.7460081278
        1.0200000000         4.5000000000         0.7460081278
        1.0250000000         4.5000000000         0.7421867074
        1.0300000000         4.5000000000         0.7498295481
        1.0350000000         4.5000000000         0.7345438667
        1.0400000000         4.5000000000         0.7307224464
        1.0450000000         4.5000000000         0.7511033549
        1.0500000000         4.5000000000         0.7421867074
        1.0550000000         4.5000000000         0.7370914803
        1.0600000000         4.5000000000         0.7370914803
        1.0650000000         4.5000000000         0.7447343210
        1.0700000000         4.5000000000         0.7472819346
        1.0750000000         4.5000000000         0.7472819346
        1.0800000000         4.5000000000         0.7498295481
        1.0850000000         4.5000000000         0.7574723888
        1.0900000000         4.5000000000         0.7498295481
        1.0950000000         4.5000000000         0.7498295481
        1.1000000000         4.5000000000         0.7421867074
        1.1050000000         4.5000000000         0.7396390938
        1.1100000000         4.5000000000         0.7638414228
        1.1150000000         4.5000000000         0.7345438667
        1.1200000000         4.5000000000         0.7472819346
        1.1250000000         4.5000000000         0.7434605142
        1.1300000000         4.5000000000         0.7472819346
        1.1350000000         4.5000000000         0.7370914803
        1.1400000000         4.5000000000         0.7625676160
        1.1450000000         4.5000000000         0.7396390938
        1.1500000000         4.5000000000         0.7396390938
        1.1550000000         4.5000000000         0.7523771617
        1.1600000000         4.5000000000         0.7447343210
        1.1650000000         4.5000000000         0.7396390938
        1.1700000000         4.5000000000         0.7523771617
        1.1750000000         4.5000000000         0.7472819346
        1.1800000000         4.5000000000         0.7434605142
        1.1850000000         4.5000000000         0.7574723888
        1.1900000000         4.5000000000         0.7472819346
        1.1950000000         4.5000000000         0.7511033549
        1.2000000000         4.5000000000         0.7549247753
        1.2050000000         4.5000000000         0.7447343210
        1.2100000000         4.5000000000         0.7396390938
        1.2150000000         4.5000000000         0.7612938092
        1.2200000000         4.5000000000         0.7485557413
        1.2250000000         4.5000000000         0.7460081278
        1.2300000000         4.5000000000         0.7549247753
        1.2350000000         4.5000000000         0.7460081278
        1.2400000000         4.5000000000         0.7434605142
        1.2450000000         4.5000000000         0.7383652871
        1.2500000000         4.5000000000         0.7561985820
        1.2550000000         4.5000000000         0.7358176735
        1.2600000000         4.5000000000         0.7409129006
        1.2650000000         4.5000000000         0.7421867074
        1.2700000000         4.5000000000         0.7472819346
        1.2750000000         4.5000000000         0.7434605142
        1.2800000000         4.5000000000         0.7460081278
        1.2850000000         4.5000000000         0.7485557413
        1.2900000000         4.5000000000         0.7536509685
        1.2950000000         4.5000000000         0.7587461956
        1.3000000000         4.5000000000         0.7434605142
        1.3050000000         4.5000000000         0.7574723888
        1.3100000000         4.5000000000         0.7345438667
        1.3150000000         4.5000000000         0.7498295481
        1.3200000000         4.5000000000         0.7460081278
        1.3250000000         4.5000000000         0.7396390938
        1.3300000000         4.5000000000         0.7460081278
        1.3350000000         4.5000000000         0.7434605142
        1.3400000000         4.5000000000         0.7536509685
        1.3450000000         4.5000000000         0.7447343210
        1.3500000000         4.5000000000         0.7460081278
        1.3550000000         4.5000000000         0.7345438667
        1.3600000000         4.5000000000         0.7561985820
        1.3650000000         4.5000000000         0.7358176735
        1.3700000000         4.5000000000         0.7460081278
        1.3750000000         4.5000000000         0.7574723888
        1.3800000000         4.5000000000         0.7383652871
        1.3850000000         4.5000000000         0.7421867074
        1.3900000000         4.5000000000         0.7536509685
        1.3950000000         4.5000000000         0.7523771617
        1.4000000000         4.5000000000         0.7421867074
        1.4050000000         4.5000000000         0.7536509685
        1.4100000000         4.5000000000         0.7561985820
        1.4150000000         4.5000000000         0.7472819346
        1.4200000000         4.5000000000         0.7498295481
        1.4250000000         4.5000000000         0.7587461956
        1.4300000000         4.5000000000         0.7472819346
        1.4350000000         4.5000000000         0.7409129006
        1.4400000000         4.5000000000         0.7409129006
        1.4450000000         4.5000000000         0.7409129006
        1.4500000000         4.5000000000         0.7485557413
        1.4550000000         4.5000000000         0.7383652871
        1.4600000000         4.5000000000         0.7383652871
        1.4650000000         4.5000000000         0.7511033549
        1.4700000000         4.5000000000         0.7383652871
        1.4750000000         4.5000000000         0.7434605142
        1.4800000000         4.5000000000         0.7600200024
        1.4850000000         4.5000000000         0.7345438667
        1.4900000000         4.5000000000         0.7396390938
        1.4950000000         4.5000000000         0.7472819346
        1.5000000000         4.5000000000         0.7472819346
        1.5050000000         4.5000000000         0.7421867074
        1.5100000000         4.5000000000         0.7536509685
        1.5150000000         4.5000000000         0.7574723888
        1.5200000000         4.5000000000         0.7447343210
        1.5250000000         4.5000000000         0.7523771617
        1.5300000000         4.5000000000         0.7485557413
        1.5350000000         4.5000000000         0.7485557413
        1.5400000000         4.5000000000         0.7523771617
        1.5450000000         4.5000000000         0.7472819346
        1.5500000000         4.5000000000         0.7383652871
        1.5550000000         4.5000000000         0.7447343210
        1.5600000000         4.5000000000         0.7472819346
        1.5650000000         4.5000000000         0.7549247753
        1.5700000000         4.5000000000         0.7434605142
        1.5750000000         4.5000000000         0.7485557413
        1.5800000000         4.5000000000         0.7485557413
        1.5850000000         4.5000000000         0.7460081278
        1.5900000000         4.5000000000         0.7587461956
        1.5950000000         4.5000000000         0.7498295481
        1.6000000000         4.5000000000         0.7421867074
        1.6050000000         4.5000000000         0.7472819346
        1.6100000000         4.5000000000         0.7460081278
        1.6150000000         4.5000000000         0.7549247753
        1.6200000000         4.5000000000         0.7447343210
        1.6250000000         4.5000000000         0.7587461956
        1.6300000000         4.5000000000         0.7511033549
        1.6350000000         4.5000000000         0.7511033549
        1.6400000000         4.5000000000         0.7511033549
        1.6450000000         4.5000000000         0.7472819346
        1.6500000000         4.5000000000         0.7536509685
        1.6550000000         4.5000000000         0.7485557413
        1.6600000000         4.5000000000         0.7358176735
        1.6650000000         4.5000000000         0.7485557413
        1.6700000000         4.5000000000         0.7332700599
        1.6750000000         4.5000000000         0.7447343210
        1.6800000000         4.5000000000         0.7523771617
        1.6850000000         4.5000000000         0.7485557413
        1.6900000000         4.5000000000         0.7574723888
        1.6950000000         4.5000000000         0.7434605142
        1.7000000000         4.5000000000         0.7638414228
        1.7050000000         4.5000000000         0.7447343210
        1.7100000000         4.5000000000         0.7396390938
        1.7150000000         4.5000000000         0.7600200024
        1.7200000000         4.5000000000         0.7396390938
        1.7250000000         4.5000000000         0.7409129006
        1.7300000000         4.5000000000         0.7523771617
        1.7350000000         4.5000000000         0.7536509685
        1.7400000000         4.5000000000         0.7421867074
        1.7450000000         4.5000000000         0.7498295481
        1.7500000000         4.5000000000         0.7523771617
        1.7550000000         4.5000000000         0.7498295481
        1.7600000000         4.5000000000         0.7574723888
        1.7650000000         4.5000000000         0.7612938092
        1.7700000000         4.5000000000         0.7523771617
        1.7750000000         4.5000000000         0.7511033549
        1.7800000000         4.5000000000         0.7511033549
        1.7850000000         4.5000000000         0.7460081278
        1.7900000000         4.5000000000         0.7472819346
        1.7950000000         4.5000000000         0.7523771617
        1.8000000000         4.5000000000         0.7434605142
        1.8050000000         4.5000000000         0.7561985820
        1.8100000000         4.5000000000         0.7396390938
        1.8150000000         4.5000000000         0.7536509685
        1.8200000000         4.5000000000         0.7511033549
        1.8250000000         4.5000000000         0.7485557413
        1.8300000000         4.5000000000         0.7421867074
        1.8350000000         4.5000000000         0.7511033549
        1.8400000000         4.5000000000         0.7498295481
        1.8450000000         4.5000000000         0.7409129006
        1.8500000000         4.5000000000         0.7561985820
        1.8550000000         4.5000000000         0.7511033549
        1.8600000000         4.5000000000         0.7460081278
        1.8650000000         4.5000000000         0.7587461956
        1.8700000000         4.5000000000         0.7561985820
        1.8750000000         4.5000000000         0.7498295481
        1.8800000000         4.5000000000         0.7523771617
        1.8850000000         4.5000000000         0.7511033549
        1.8900000000         4.5000000000         0.7536509685
        1.8950000000         4.5000000000         0.7383652871
        1.9000000000         4.5000000000         0.7485557413
        1.9050000000         4.5000000000         0.7574723888
        1.9100000000         4.5000000000         0.7447343210
        1.9150000000         4.5000000000         0.7472819346
        1.9200000000         4.5000000000         0.7587461956
        1.9250000000         4.5000000000         0.7472819346
        1.9300000000         4.5000000000         0.7421867074
        1.9350000000         4.5000000000         0.7612938092
        1.9400000000         4.5000000000         0.7421867074
        1.9450000000         4.5000000000         0.7485557413
        1.9500000000         4.5000000000         0.7485557413
        1.9550000000         4.5000000000         0.7523771617
        1.9600000000         4.5000000000         0.7485557413
        1.9650000000         4.5000000000         0.7460081278
        1.9700000000         4.5000000000         0.7498295481
        1.9750000000         4.5000000000         0.7472819346
        1.9800000000         4.5000000000         0.7549247753
        1.9850000000         4.5000000000         0.7345438667
        1.9900000000         4.5000000000         0.7574723888
        1.9950000000         4.5000000000         0.7332700599
        2.0000000000         4.5000000000         0.7421867074
        2.0050000000         4.5000000000         0.7383652871
        2.0100000000         4.5000000000         0.7460081278
        2.0150000000         4.5000000000         0.7332700599
        2.0200000000         4.5000000000         0.7434605142
        2.0250000000         4.5000000000         0.7561985820
        2.0300000000         4.5000000000         0.7460081278
        2.0350000000         4.5000000000         0.7498295481
        2.0400000000         4.5000000000         0.7549247753
        2.0450000000         4.5000000000         0.7421867074
        2.0500000000         4.5000000000         0.7434605142
        2.0550000000         4.5000000000         0.7549247753
        2.0600000000         4.5000000000         0.7409129006
        2.0650000000         4.5000000000         0.7396390938
        2.0700000000         4.5000000000         0.7587461956
        2.0750000000         4.5000000000         0.7447343210
        2.0800000000         4.5000000000         0.7472819346
        2.0850000000         4.5000000000         0.7523771617
        2.0900000000         4.5000000000         0.7523771617
        2.0950000000         4.5000000000         0.7434605142
        2.1000000000         4.5000000000         0.7549247753
        2.1050000000         4.5000000000         0.7587461956
        2.1100000000         4.5000000000         0.7498295481
        2.1150000000         4.5000000000         0.7409129006
        2.1200000000         4.5000000000         0.7523771617
        2.1250000000         4.5000000000         0.7396390938
        2.1300000000         4.5000000000         0.7409129006
        2.1350000000         4.5000000000         0.7702104567
        2.1400000000         4.5000000000         0.7370914803
        2.1450000000         4.5000000000         0.7523771617
        2.1500000000         4.5000000000         0.7434605142
        2.1550000000         4.5000000000         0.7574723888
        2.1600000000         4.5000000000         0.7472819346
        2.1650000000         4.5000000000         0.7574723888
        2.1700000000         4.5000000000         0.7523771617
        2.1750000000         4.5000000000         0.7421867074
        2.1800000000         4.5000000000         0.7460081278
        2.1850000000         4.5000000000         0.7396390938
        2.1900000000         4.5000000000         0.7536509685
        2.1950000000         4.5000000000         0.7625676160
        2.2000000000         4.5000000000         0.7345438667
        2.2050000000         4.5000000000         0.7434605142
        2.2100000000         4.5000000000         0.7574723888
        2.2150000000         4.5000000000         0.7549247753
        2.2200000000         4.5000000000         0.7498295481
        2.2250000000         4.5000000000         0.7447343210
        2.2300000000         4.5000000000         0.7447343210
        2.2350000000         4.5000000000         0.7396390938
        2.2400000000         4.5000000000         0.7625676160
        2.2450000000         4.5000000000         0.7587461956
        2.2500000000         4.5000000000         0.7498295481
        2.2550000000         4.5000000000         0.7434605142
        2.2600000000         4.5000000000         0.7574723888
        2.2650000000         4.5000000000         0.7511033549
        2.2700000000         4.5000000000         0.7345438667
        2.2750000000         4.5000000000         0.7676628431
        2.2800000000         4.5000000000         0.7409129006
        2.2850000000         4.5000000000         0.7472819346
        2.2900000000         4.5000000000         0.7421867074
        2.2950000000         4.5000000000         0.7561985820
        2.3000000000         4.5000000000         0.7523771617
        2.3050000000         4.5000000000         0.7511033549
        2.3100000000         4.5000000000         0.7498295481
        2.3150000000         4.5000000000         0.7511033549
        2.3200000000         4.5000000000         0.7511033549
        2.3250000000         4.5000000000         0.7332700599
        2.3300000000         4.5000000000         0.7472819346
        2.3350000000         4.5000000000         0.7421867074
        2.3400000000         4.5000000000         0.7421867074
        2.3450000000         4.5000000000         0.7345438667
        2.3500000000         4.5000000000         0.7447343210
        2.3550000000         4.5000000000         0.7383652871
        2.3600000000         4.5000000000         0.7460081278
        2.3650000000         4.5000000000         0.7523771617
        2.3700000000         4.5000000000         0.7383652871
        2.3750000000         4.5000000000         0.7434605142
        2.3800000000         4.5000000000         0.7421867074
        2.3850000000         4.5000000000         0.7574723888
        2.3900000000         4.5000000000         0.7332700599
        2.3950000000         4.5000000000         0.7498295481
        2.4000000000         4.5000000000         0.7523771617
        2.4050000000         4.5000000000         0.7485557413
        2.4100000000         4.5000000000         0.7485557413
        2.4150000000         4.5000000000         0.7523771617
        2.4200000000         4.5000000000         0.7511033549
        2.4250000000         4.5000000000         0.7421867074
        2.4300000000         4.5000000000         0.7472819346
        2.4350000000         4.5000000000         0.7511033549
        2.4400000000         4.5000000000         0.7472819346
        2.4450000000         4.5000000000         0.7447343210
        2.4500000000         4.5000000000         0.7421867074
        2.4550000000         4.5000000000         0.7434605142
        2.4600000000         4.5000000000         0.7587461956
        2.4650000000         4.5000000000         0.7434605142
        2.4700000000         4.5000000000         0.7472819346
        2.4750000000         4.5000000000         0.7574723888
        2.4800000000         4.5000000000         0.7447343210
        2.4850000000         4.5000000000         0.7472819346
        2.4900000000         4.5000000000         0.7549247753
        2.4950000000         4.5000000000         0.7523771617
        2.5000000000         4.5000000000         0.7396390938
        2.5050000000         4.5000000000         0.7511033549
        2.5100000000         4.5000000000         0.7561985820
        2.5150000000         4.5000000000         0.7409129006
        2.5200000000         4.5000000000         0.7447343210
        2.5250000000         4.5000000000         0.7511033549
        2.5300000000         4.5000000000         0.7434605142
        2.5350000000         4.5000000000         0.7612938092
        2.5400000000         4.5000000000         0.7536509685
        2.5450000000         4.5000000000         0.7472819346
        2.5500000000         4.5000000000         0.7472819346
        2.5550000000         4.5000000000         0.7358176735
        2.5600000000         4.5000000000         0.7485557413
        2.5650000000         4.5000000000         0.7485557413
        2.5700000000         4.5000000000         0.7460081278
        2.5750000000         4.5000000000         0.7396390938
        2.5800000000         4.5000000000         0.7549247753
        2.5850000000         4.5000000000         0.7600200024
        2.5900000000         4.5000000000         0.7523771617
        2.5950000000         4.5000000000         0.7460081278
        2.6000000000         4.5000000000         0.7574723888
        2.6050000000         4.5000000000         0.7536509685
        2.6100000000         4.5000000000         0.7485557413
        2.6150000000         4.5000000000         0.7549247753
        2.6200000000         4.5000000000         0.7485557413
        2.6250000000         4.5000000000         0.7485557413
        2.6300000000         4.5000000000         0.7421867074
        2.6350000000         4.5000000000         0.7536509685
        2.6400000000         4.5000000000         0.7549247753
        2.6450000000         4.5000000000         0.7370914803
        2.6500000000         4.5000000000         0.7498295481
        2.6550000000         4.5000000000         0.7460081278
        2.6600000000         4.5000000000         0.7434605142
        2.6650000000         4.5000000000         0.7396390938
        2.6700000000         4.5000000000         0.7421867074
        2.6750000000         4.5000000000         0.7460081278
        2.6800000000         4.5000000000         0.7421867074
        2.6850000000         4.5000000000         0.7485557413
        2.6900000000         4.5000000000         0.7396390938
        2.6950000000         4.5000000000         0.7460081278
        2.7000000000         4.5000000000         0.7561985820
        2.7050000000         4.5000000000         0.7421867074
        2.7100000000         4.5000000000         0.7549247753
        2.7150000000         4.5000000000         0.7485557413
        2.7200000000         4.5000000000         0.7345438667
        2.7250000000         4.5000000000         0.7561985820
        2.7300000000         4.5000000000         0.7358176735
        2.7350000000         4.5000000000         0.7409129006
        2.7400000000         4.5000000000         0.7498295481
        2.7450000000         4.5000000000         0.7421867074
        2.7500000000         4.5000000000         0.7370914803
        2.7550000000         4.5000000000         0.7523771617
        2.7600000000         4.5000000000         0.7485557413
        2.7650000000         4.5000000000         0.7396390938
        2.7700000000         4.5000000000         0.7434605142
        2.7750000000         4.5000000000         0.7536509685
        2.7800000000         4.5000000000         0.7523771617
        2.7850000000         4.5000000000         0.7498295481
        2.7900000000         4.5000000000         0.7523771617
        2.7950000000         4.5000000000         0.7434605142
        2.8000000000         4.5000000000         0.7498295481
        2.8050000000         4.5000000000         0.7434605142
        2.8100000000         4.5000000000         0.7511033549
        2.8150000000         4.5000000000         0.7498295481
        2.8200000000         4.5000000000         0.7472819346
        2.8250000000         4.5000000000         0.7460081278
        2.8300000000         4.5000000000         0.7536509685
        2.8350000000         4.5000000000         0.7460081278
        2.8400000000         4.5000000000         0.7396390938
        2.8450000000         4.5000000000         0.7472819346
        2.8500000000         4.5000000000         0.7511033549
        2.8550000000         4.5000000000         0.7370914803
        2.8600000000         4.5000000000         0.7561985820
        2.8650000000         4.5000000000         0.7447343210
        2.8700000000         4.5000000000         0.7332700599
        2.8750000000         4.5000000000         0.7421867074
        2.8800000000         4.5000000000         0.7549247753
        2.8850000000         4.5000000000         0.7498295481
        2.8900000000         4.5000000000         0.7460081278
        2.8950000000         4.5000000000         0.7511033549
        2.9000000000         4.5000000000         0.7511033549
        2.9050000000         4.5000000000         0.7523771617
        2.9100000000         4.5000000000         0.7485557413
        2.9150000000         4.5000000000         0.7485557413
        2.9200000000         4.5000000000         0.7434605142
        2.9250000000         4.5000000000         0.7625676160
        2.9300000000         4.5000000000         0.7523771617
        2.9350000000         4.5000000000         0.7536509685
        2.9400000000         4.5000000000         0.7600200024
        2.9450000000         4.5000000000         0.7472819346
        2.9500000000         4.5000000000         0.7447343210
        2.9550000000         4.5000000000         0.7549247753
        2.9600000000         4.5000000000         0.7472819346
        2.9650000000         4.5000000000         0.7370914803
        2.9700000000         4.5000000000         0.7447343210
        2.9750000000         4.5000000000         0.7447343210
        2.9800000000         4.5000000000         0.7536509685
        2.9850000000         4.5000000000         0.7345438667
        2.9900000000         4.5000000000         0.7651152295
        2.9950000000         4.5000000000         0.7421867074
        3.0000000000         4.5000000000         0.7536509685
        3.0050000000         4.5000000000         0.7574723888
        3.0100000000         4.5000000000         0.7383652871
        3.0150000000         4.5000000000         0.7587461956
        3.0200000000         4.5000000000         0.7307224464
        3.0250000000         4.5000000000         0.7536509685
        3.0300000000         4.5000000000         0.7396390938
        3.0350000000         4.5000000000         0.7434605142
        3.0400000000         4.5000000000         0.7447343210
        3.0450000000         4.5000000000         0.7434605142
        3.0500000000         4.5000000000         0.7472819346
        3.0550000000         4.5000000000         0.7485557413
        3.0600000000         4.5000000000         0.7536509685
        3.0650000000         4.5000000000         0.7409129006
        3.0700000000         4.5000000000         0.7536509685
        3.0750000000         4.5000000000         0.7396390938
        3.0800000000         4.5000000000         0.7536509685
        3.0850000000         4.5000000000         0.7485557413
        3.0900000000         4.5000000000         0.7358176735
        3.0950000000         4.5000000000         0.7498295481
        3.1000000000         4.5000000000         0.7472819346
        3.1050000000         4.5000000000         0.7409129006
        3.1100000000         4.5000000000         0.7421867074
        3.1150000000         4.5000000000         0.7574723888
        3.1200000000         4.5000000000         0.7294486396
        3.1250000000         4.5000000000         0.7511033549
        3.1300000000         4.5000000000         0.7523771617
        3.1350000000         4.5000000000         0.7498295481
        3.1400000000         4.5000000000         0.7434605142
        3.1450000000         4.5000000000         0.7536509685
        3.1500000000         4.5000000000         0.7472819346
        3.1550000000         4.5000000000         0.7472819346
        3.1600000000         4.5000000000         0.7574723888
        3.1650000000         4.5000000000         0.7345438667
        3.1700000000         4.5000000000         0.7574723888
        3.1750000000         4.5000000000         0.7498295481
        3.1800000000         4.5000000000         0.7460081278
        3.1850000000         4.5000000000         0.7511033549
        3.1900000000         4.5000000000         0.7472819346
        3.1950000000         4.5000000000         0.7409129006
        3.2000000000         4.5000000000         0.7472819346
        3.2050000000         4.5000000000         0.7498295481
        3.2100000000         4.5000000000         0.7409129006
        3.2150000000         4.5000000000         0.7383652871
        3.2200000000         4.5000000000         0.7574723888
        3.2250000000         4.5000000000         0.7434605142
        3.2300000000         4.5000000000         0.7498295481
        3.2350000000         4.5000000000         0.7472819346
        3.2400000000         4.5000000000         0.7523771617
        3.2450000000         4.5000000000         0.7587461956
        3.2500000000         4.5000000000         0.7561985820
        3.2550000000         4.5000000000         0.7561985820
        3.2600000000         4.5000000000         0.7523771617
        3.2650000000         4.5000000000         0.7536509685
        3.2700000000         4.5000000000         0.7485557413
        3.2750000000         4.5000000000         0.7587461956
        3.2800000000         4.5000000000         0.7561985820
        3.2850000000         4.5000000000         0.7511033549
        3.2900000000         4.5000000000         0.7561985820
        3.2950000000         4.5000000000         0.7383652871
        3.3000000000         4.5000000000         0.7625676160
        3.3050000000         4.5000000000         0.7460081278
        3.3100000000         4.5000000000         0.7319962531
        3.3150000000         4.5000000000         0.7485557413
        3.3200000000         4.5000000000         0.7523771617
        3.3250000000         4.5000000000         0.7472819346
        3.3300000000         4.5000000000         0.7574723888
        3.3350000000         4.5000000000         0.7485557413
        3.3400000000         4.5000000000         0.7587461956
        3.3450000000         4.5000000000         0.7574723888
        3.3500000000         4.5000000000         0.7447343210
        3.3550000000         4.5000000000         0.7549247753
        3.3600000000         4.5000000000         0.7332700599
        3.3650000000         4.5000000000         0.7549247753
        3.3700000000         4.5000000000         0.7396390938
        3.3750000000         4.5000000000         0.7472819346
        3.3800000000         4.5000000000         0.7472819346
        3.3850000000         4.5000000000         0.7345438667
        3.3900000000         4.5000000000         0.7447343210
        3.3950000000         4.5000000000         0.7523771617
        3.4000000000         4.5000000000         0.7460081278
        3.4050000000         4.5000000000         0.7472819346
        3.4100000000         4.5000000000         0.7549247753
        3.4150000000         4.5000000000         0.7460081278
        3.4200000000         4.5000000000         0.7460081278
        3.4250000000         4.5000000000         0.7574723888
        3.4300000000         4.5000000000         0.7511033549
        3.4350000000         4.5000000000         0.7498295481
        3.4400000000         4.5000000000         0.7536509685
        3.4450000000         4.5000000000         0.7434605142
        3.4500000000         4.5000000000         0.7511033549
        3.4550000000         4.5000000000         0.7472819346
        3.4600000000         4.5000000000         0.7447343210
        3.4650000000         4.5000000000         0.7485557413
        3.4700000000         4.5000000000         0.7498295481
        3.4750000000         4.5000000000         0.7549247753
        3.4800000000         4.5000000000         0.7549247753
        3.4850000000         4.5000000000         0.7587461956
        3.4900000000         4.5000000000         0.7485557413
        3.4950000000         4.5000000000         0.7638414228
        3.5000000000         4.5000000000         0.7714842635
        3.5050000000         4.5000000000         0.7447343210
        3.5100000000         4.5000000000         0.7574723888
        3.5150000000         4.5000000000         0.7536509685
        3.5200000000         4.5000000000         0.7472819346
        3.5250000000         4.5000000000         0.7447343210
        3.5300000000         4.5000000000         0.7523771617
        3.5350000000         4.5000000000         0.7434605142
        3.5400000000         4.5000000000         0.7536509685
        3.5450000000         4.5000000000         0.7511033549
        3.5500000000         4.5000000000         0.7434605142
        3.5550000000         4.5000000000         0.7523771617
        3.5600000000         4.5000000000         0.7561985820
        3.5650000000         4.5000000000         0.7485557413
        3.5700000000         4.5000000000         0.7460081278
        3.5750000000         4.5000000000         0.7511033549
        3.5800000000         4.5000000000         0.7498295481
        3.5850000000         4.5000000000         0.7460081278
        3.5900000000         4.5000000000         0.7472819346
        3.5950000000         4.5000000000         0.7523771617
        3.6000000000         4.5000000000         0.7485557413
        3.6050000000         4.5000000000         0.7574723888
        3.6100000000         4.5000000000         0.7561985820
        3.6150000000         4.5000000000         0.7574723888
        3.6200000000         4.5000000000         0.7511033549
        3.6250000000         4.5000000000         0.7498295481
        3.6300000000         4.5000000000         0.7549247753
        3.6350000000         4.5000000000         0.7345438667
        3.6400000000         4.5000000000         0.7498295481
        3.6450000000         4.5000000000         0.7434605142
        3.6500000000         4.5000000000         0.7370914803
        3.6550000000         4.5000000000         0.7396390938
        3.6600000000         4.5000000000         0.7536509685
        3.6650000000         4.5000000000         0.7485557413
        3.6700000000         4.5000000000         0.7460081278
        3.6750000000         4.5000000000         0.7587461956
        3.6800000000         4.5000000000         0.7574723888
        3.6850000000         4.5000000000         0.7549247753
        3.6900000000         4.5000000000         0.7421867074
        3.6950000000         4.5000000000         0.7485557413
        3.7000000000         4.5000000000         0.7511033549
        3.7050000000         4.5000000000         0.7447343210
        3.7100000000         4.5000000000         0.7460081278
        3.7150000000         4.5000000000         0.7421867074
        3.7200000000         4.5000000000         0.7370914803
        3.7250000000         4.5000000000         0.7498295481
        3.7300000000         4.5000000000         0.7511033549
        3.7350000000         4.5000000000         0.7574723888
        3.7400000000         4.5000000000         0.7536509685
        3.7450000000         4.5000000000         0.7421867074
        3.7500000000         4.5000000000         0.7612938092
        3.7550000000         4.5000000000         0.7421867074
        3.7600000000         4.5000000000         0.7396390938
        3.7650000000         4.5000000000         0.7536509685
        3.7700000000         4.5000000000         0.7434605142
        3.7750000000         4.5000000000         0.7332700599
        3.7800000000         4.5000000000         0.7460081278
        3.7850000000         4.5000000000         0.7460081278
        3.7900000000         4.5000000000         0.7472819346
        3.7950000000         4.5000000000         0.7511033549
        3.8000000000         4.5000000000         0.7549247753
        3.8050000000         4.5000000000         0.7523771617
        3.8100000000         4.5000000000         0.7549247753
        3.8150000000         4.5000000000         0.7472819346
        3.8200000000         4.5000000000         0.7549247753
        3.8250000000         4.5000000000         0.7625676160
        3.8300000000         4.5000000000         0.7498295481
        3.8350000000         4.5000000000         0.7409129006
        3.8400000000         4.5000000000         0.7523771617
        3.8450000000         4.5000000000         0.7421867074
        3.8500000000         4.5000000000         0.7307224464
        3.8550000000         4.5000000000         0.7511033549
        3.8600000000         4.5000000000         0.7472819346
        3.8650000000         4.5000000000         0.7511033549
        3.8700000000         4.5000000000         0.7549247753
        3.8750000000         4.5000000000         0.7345438667
        3.8800000000         4.5000000000         0.7561985820
        3.8850000000         4.5000000000         0.7536509685
        3.8900000000         4.5000000000         0.7383652871
        3.8950000000         4.5000000000         0.7574723888
        3.9000000000         4.5000000000         0.7625676160
        3.9050000000         4.5000000000         0.7472819346
        3.9100000000         4.5000000000         0.7472819346
        3.9150000000         4.5000000000         0.7523771617
        3.9200000000         4.5000000000         0.7523771617
        3.9250000000         4.5000000000         0.7523771617
        3.9300000000         4.5000000000         0.7561985820
        3.9350000000         4.5000000000         0.7574723888
        3.9400000000         4.5000000000         0.7434605142
        3.9450000000         4.5000000000         0.7511033549
        3.9500000000         4.5000000000         0.7587461956
        3.9550000000         4.5000000000         0.7600200024
        3.9600000000         4.5000000000         0.7434605142
        3.9650000000         4.5000000000         0.7587461956
        3.9700000000         4.5000000000         0.7574723888
        3.9750000000         4.5000000000         0.7434605142
        3.9800000000         4.5000000000         0.7625676160
        3.9850000000         4.5000000000         0.7536509685
        3.9900000000         4.5000000000         0.7409129006
        3.9950000000         4.5000000000         0.7472819346
        4.0000000000         4.5000000000         0.7600200024
        4.0050000000         4.5000000000         0.7574723888
        4.0100000000         4.5000000000         0.7421867074
        4.0150000000         4.5000000000         0.7574723888
        4.0200000000         4.5000000000         0.7460081278
        4.0250000000         4.5000000000         0.7485557413
        4.0300000000         4.5000000000         0.7447343210
        4.0350000000         4.5000000000         0.7511033549
        4.0400000000         4.5000000000         0.7625676160
        4.0450000000         4.5000000000         0.7460081278
        4.0500000000         4.5000000000         0.7485557413
        4.0550000000         4.5000000000         0.7421867074
        4.0600000000         4.5000000000         0.7447343210
        4.0650000000         4.5000000000         0.7511033549
        4.0700000000         4.5000000000         0.7498295481
        4.0750000000         4.5000000000         0.7587461956
        4.0800000000         4.5000000000         0.7472819346
        4.0850000000         4.5000000000         0.7396390938
        4.0900000000         4.5000000000         0.7676628431
        4.0950000000         4.5000000000         0.7421867074
        4.1000000000         4.5000000000         0.7447343210
        4.1050000000         4.5000000000         0.7638414228
        4.1100000000         4.5000000000         0.7434605142
        4.1150000000         4.5000000000         0.7409129006
        4.1200000000         4.5000000000         0.7625676160
        4.1250000000         4.5000000000         0.7561985820
        4.1300000000         4.5000000000         0.7574723888
        4.1350000000         4.5000000000         0.7511033549
        4.1400000000         4.5000000000         0.7561985820
        4.1450000000         4.5000000000         0.7587461956
        4.1500000000         4.5000000000         0.7536509685
        4.1550000000         4.5000000000         0.7434605142
        4.1600000000         4.5000000000         0.7511033549
        4.1650000000         4.5000000000         0.7561985820
        4.1700000000         4.5000000000         0.7498295481
        4.1750000000         4.5000000000         0.7396390938
        4.1800000000         4.5000000000         0.7472819346
        4.1850000000         4.5000000000         0.7511033549
        4.1900000000         4.5000000000         0.7396390938
        4.1950000000         4.5000000000         0.7663890363
        4.2000000000         4.5000000000         0.7523771617
        4.2050000000         4.5000000000         0.7498295481
        4.2100000000         4.5000000000         0.7511033549
        4.2150000000         4.5000000000         0.7523771617
        4.2200000000         4.5000000000         0.7600200024
        4.2250000000         4.5000000000         0.7472819346
        4.2300000000         4.5000000000         0.7536509685
        4.2350000000         4.5000000000         0.7472819346
        4.2400000000         4.5000000000         0.7625676160
        4.2450000000         4.5000000000         0.7523771617
        4.2500000000         4.5000000000         0.7587461956
        4.2550000000         4.5000000000         0.7651152295
        4.2600000000         4.5000000000         0.7549247753
        4.2650000000         4.5000000000         0.7472819346
        4.2700000000         4.5000000000         0.7587461956
        4.2750000000         4.5000000000         0.7523771617
        4.2800000000         4.5000000000         0.7319962531
        4.2850000000         4.5000000000         0.7511033549
        4.2900000000         4.5000000000         0.7612938092
        4.2950000000         4.5000000000         0.7561985820
        4.3000000000         4.5000000000         0.7523771617
        4.3050000000         4.5000000000         0.7574723888
        4.3100000000         4.5000000000         0.7638414228
        4.3150000000         4.5000000000         0.7460081278
        4.3200000000         4.5000000000         0.7625676160
        4.3250000000         4.5000000000         0.7638414228
        4.3300000000         4.5000000000         0.7421867074
        4.3350000000         4.5000000000         0.7523771617
        4.3400000000         4.5000000000         0.7574723888
        4.3450000000         4.5000000000         0.7625676160
        4.3500000000         4.5000000000         0.7536509685
        4.3550000000         4.5000000000         0.7511033549
        4.3600000000         4.5000000000         0.7574723888
        4.3650000000         4.5000000000         0.7574723888
        4.3700000000         4.5000000000         0.7460081278
        4.3750000000         4.5000000000         0.7485557413
        4.3800000000         4.5000000000         0.7511033549
        4.3850000000         4.5000000000         0.7460081278
        4.3900000000         4.5000000000         0.7536509685
        4.3950000000         4.5000000000         0.7358176735
        4.4000000000         4.5000000000         0.7561985820
        4.4050000000         4.5000000000         0.7511033549
        4.4100000000         4.5000000000         0.7600200024
        4.4150000000         4.5000000000         0.7587461956
        4.4200000000         4.5000000000         0.7561985820
        4.4250000000         4.5000000000         0.7472819346
        4.4300000000         4.5000000000         0.7523771617
        4.4350000000         4.5000000000         0.7370914803
        4.4400000000         4.5000000000         0.7511033549
        4.4450000000         4.5000000000         0.7587461956
        4.4500000000         4.5000000000         0.7370914803
        4.4550000000         4.5000000000         0.7396390938
        4.4600000000         4.5000000000         0.7523771617
        4.4650000000         4.5000000000         0.7485557413
        4.4700000000         4.5000000000         0.7498295481
        4.4750000000         4.5000000000         0.7409129006
        4.4800000000         4.5000000000         0.7600200024
        4.4850000000         4.5000000000         0.7574723888
        4.4900000000         4.5000000000         0.7587461956
        4.4950000000         4.5000000000         0.7600200024
        4.5000000000         4.5000000000         0.7421867074
        4.5050000000         4.5000000000         0.7523771617
        4.5100000000         4.5000000000         0.7511033549
        4.5150000000         4.5000000000         0.7472819346
        4.5200000000         4.5000000000         0.7625676160
        4.5250000000         4.5000000000         0.7434605142
        4.5300000000         4.5000000000         0.7396390938
        4.5350000000         4.5000000000         0.7651152295
        4.5400000000         4.5000000000         0.7498295481
        4.5450000000         4.5000000000         0.7358176735
        4.5500000000         4.5000000000         0.7587461956
        4.5550000000         4.5000000000         0.7498295481
        4.5600000000         4.5000000000         0.7536509685
        4.5650000000         4.5000000000         0.7574723888
        4.5700000000         4.5000000000         0.7498295481
        4.5750000000         4.5000000000         0.7485557413
        4.5800000000         4.5000000000         0.7625676160
        4.5850000000         4.5000000000         0.7587461956
        4.5900000000         4.5000000000         0.7561985820
        4.5950000000         4.5000000000         0.7549247753
        4.6000000000         4.5000000000         0.7447343210
        4.6050000000         4.5000000000         0.7523771617
        4.6100000000         4.5000000000         0.7549247753
        4.6150000000         4.5000000000         0.7421867074
        4.6200000000         4.5000000000         0.7523771617
        4.6250000000         4.5000000000         0.7511033549
        4.6300000000         4.5000000000         0.7460081278
        4.6350000000         4.5000000000         0.7612938092
        4.6400000000         4.5000000000         0.7625676160
        4.6450000000         4.5000000000         0.7523771617
        4.6500000000         4.5000000000         0.7612938092
        4.6550000000         4.5000000000         0.7485557413
        4.6600000000         4.5000000000         0.7612938092
        4.6650000000         4.5000000000         0.7472819346
        4.6700000000         4.5000000000         0.7485557413
        4.6750000000         4.5000000000         0.7472819346
        4.6800000000         4.5000000000         0.7472819346
        4.6850000000         4.5000000000         0.7574723888
        4.6900000000         4.5000000000         0.7447343210
        4.6950000000         4.5000000000         0.7511033549
        4.7000000000         4.5000000000         0.7600200024
        4.7050000000         4.5000000000         0.7536509685
        4.7100000000         4.5000000000         0.7472819346
        4.7150000000         4.5000000000         0.7549247753
        4.7200000000         4.5000000000         0.7498295481
        4.7250000000         4.5000000000         0.7587461956
        4.7300000000         4.5000000000         0.7370914803
        4.7350000000         4.5000000000         0.7523771617
        4.7400000000         4.5000000000         0.7460081278
        4.7450000000         4.5000000000         0.7472819346
        4.7500000000         4.5000000000         0.7523771617
        4.7550000000         4.5000000000         0.7434605142
        4.7600000000         4.5000000000         0.7676628431
        4.7650000000         4.5000000000         0.7549247753
        4.7700000000         4.5000000000         0.7651152295
        4.7750000000         4.5000000000         0.7498295481
        4.7800000000         4.5000000000         0.7447343210
        4.7850000000         4.5000000000         0.7625676160
        4.7900000000         4.5000000000         0.7409129006
        4.7950000000         4.5000000000         0.7409129006
        4.8000000000         4.5000000000         0.7587461956
        4.8050000000         4.5000000000         0.7434605142
        4.8100000000         4.5000000000         0.7485557413
        4.8150000000         4.5000000000         0.7511033549
        4.8200000000         4.5000000000         0.7523771617
        4.8250000000         4.5000000000         0.7549247753
        4.8300000000         4.5000000000         0.7587461956
        4.8350000000         4.5000000000         0.7638414228
        4.8400000000         4.5000000000         0.7625676160
        4.8450000000         4.5000000000         0.7561985820
        4.8500000000         4.5000000000         0.7511033549
        4.8550000000         4.5000000000         0.7511033549
        4.8600000000         4.5000000000         0.7561985820
        4.8650000000         4.5000000000         0.7523771617
        4.8700000000         4.5000000000         0.7485557413
        4.8750000000         4.5000000000         0.7574723888
        4.8800000000         4.5000000000         0.7447343210
        4.8850000000         4.5000000000         0.7511033549
        4.8900000000         4.5000000000         0.7587461956
        4.8950000000         4.5000000000         0.7498295481
        4.9000000000         4.5000000000         0.7536509685
        4.9050000000         4.5000000000         0.7574723888
        4.9100000000         4.5000000000         0.7511033549
        4.9150000000         4.5000000000         0.7421867074
        4.9200000000         4.5000000000         0.7600200024
        4.9250000000         4.5000000000         0.7561985820
        4.9300000000         4.5000000000         0.7447343210
        4.9350000000         4.5000000000         0.7549247753
        4.9400000000         4.5000000000         0.7561985820
        4.9450000000         4.5000000000         0.7523771617
        4.9500000000         4.5000000000         0.7549247753
        4.9550000000         4.5000000000         0.7600200024
        4.9600000000         4.5000000000         0.7485557413
        4.9650000000         4.5000000000         0.7600200024
        4.9700000000         4.5000000000         0.7625676160
        4.9750000000         4.5000000000         0.7612938092
        4.9800000000         4.5000000000         0.7523771617
        4.9850000000         4.5000000000         0.7600200024
        4.9900000000         4.5000000000         0.7625676160
        4.9950000000         4.5000000000         0.7523771617
        5.0000000000         4.4750000000         0.7396390938
        5.0050000000         4.4750000000         0.7561985820
        5.0100000000         4.4750000000         0.7472819346
        5.0150000000         4.4750000000         0.7396390938
        5.0200000000         4.4750000000         0.7511033549
        5.0250000000         4.4500000000         0.7498295481
        5.0300000000         4.4500000000         0.7561985820
        5.0350000000         4.4500000000         0.7625676160
        5.0400000000         4.4500000000         0.7460081278
        5.0450000000         4.4500000000         0.7612938092
        5.0500000000         4.4250000000         0.8581031248
        5.0550000000         4.4250000000         0.8542817044
        5.0600000000         4.4250000000         0.8581031248
        5.0650000000         4.4250000000         0.8606507384
        5.0700000000         4.4250000000         0.8606507384
        5.0750000000         4.4000000000         0.8415436366
        5.0800000000         4.4000000000         0.8657459655
        5.0850000000         4.4000000000         0.8593769316
        5.0900000000         4.4000000000         0.8530078977
        5.0950000000         4.4000000000         0.8593769316
        5.1000000000         4.3750000000         0.8504602841
        5.1050000000         4.3750000000         0.8644721587
        5.1100000000         4.3750000000         0.8581031248
        5.1150000000         4.3750000000         0.8682935791
        5.1200000000         4.3750000000         0.8479126705
        5.1250000000         4.3500000000         0.8670197723
        5.1300000000         4.3500000000         0.8644721587
        5.1350000000         4.3500000000         0.8555555112
        5.1400000000         4.3500000000         0.8682935791
        5.1450000000         4.3500000000         0.8555555112
        5.1500000000         4.3250000000         0.7269010260
        5.1550000000         4.3250000000         0.7128891514
        5.1600000000         4.3250000000         0.7218057989
        5.1650000000         4.3250000000         0.7256272192
        5.1700000000         4.3250000000         0.7128891514
        5.1750000000         4.3000000000         0.7154367649
        5.1800000000         4.3000000000         0.7205319921
        5.1850000000         4.3000000000         0.7218057989
        5.1900000000         4.3000000000         0.7103415378
        5.1950000000         4.3000000000         0.7154367649
        5.2000000000         4.2750000000         0.7065201175
        5.2050000000         4.2750000000         0.7128891514
        5.2100000000         4.2750000000         0.7154367649
        5.2150000000         4.2750000000         0.7039725039
        5.2200000000         4.2750000000         0.7065201175
        5.2250000000         4.2500000000         0.7014248903
        5.2300000000         4.2500000000         0.7039725039
        5.2350000000         4.2500000000         0.7090677310
        5.2400000000         4.2500000000         0.6899606293
        5.2450000000         4.2500000000         0.7026986971
        5.2500000000         4.2250000000         0.8581031248
        5.2550000000         4.2250000000         0.8581031248
        5.2600000000         4.2250000000         0.8555555112
        5.2650000000         4.2250000000         0.8746626130
        5.2700000000         4.2250000000         0.8631983519
        5.2750000000         4.2000000000         0.8504602841
        5.2800000000         4.2000000000         0.8708411926
        5.2850000000         4.2000000000         0.8593769316
        5.2900000000         4.2000000000         0.8619245451
        5.2950000000         4.2000000000         0.8568293180
        5.3000000000         4.1750000000         0.8644721587
        5.3050000000         4.1750000000         0.8479126705
        5.3100000000         4.1750000000         0.8479126705
        5.3150000000         4.1750000000         0.8670197723
        5.3200000000         4.1750000000         0.8530078977
        5.3250000000         4.1500000000         0.8568293180
        5.3300000000         4.1500000000         0.8568293180
        5.3350000000         4.1500000000         0.8695673859
        5.3400000000         4.1500000000         0.8670197723
        5.3450000000         4.1500000000         0.8555555112
        5.3500000000         4.1250000000         0.6644844936
        5.3550000000         4.1250000000         0.6593892664
        5.3600000000         4.1250000000         0.6734011411
        5.3650000000         4.1250000000         0.6657583004
        5.3700000000         4.1250000000         0.6619368800
        5.3750000000         4.1000000000         0.6632106868
        5.3800000000         4.1000000000         0.6555678461
        5.3850000000         4.1000000000         0.6568416529
        5.3900000000         4.1000000000         0.6530202325
        5.3950000000         4.1000000000         0.6606630732
        5.4000000000         4.0750000000         0.6657583004
        5.4050000000         4.0750000000         0.6632106868
        5.4100000000         4.0750000000         0.6759487546
        5.4150000000         4.0750000000         0.6517464257
        5.4200000000         4.0750000000         0.6619368800
        5.4250000000         4.0500000000         0.6377345511
        5.4300000000         4.0500000000         0.6530202325
        5.4350000000         4.0500000000         0.6453773918
        5.4400000000         4.0500000000         0.6453773918
        5.4450000000         4.0500000000         0.6466511986
        5.4500000000         4.0250000000         0.6351869375
        5.4550000000         4.0250000000         0.6581154597
        5.4600000000         4.0250000000         0.6402821647
        5.4650000000         4.0250000000         0.6453773918
        5.4700000000         4.0250000000         0.6542940393
        5.4750000000         4.0000000000         0.6364607443
        5.4800000000         4.0000000000         0.6491988122
        5.4850000000         4.0000000000         0.6377345511
        5.4900000000         4.0000000000         0.6402821647
        5.4950000000         4.0000000000         0.6441035850
        5.5000000000         3.9750000000         0.6300917104
        5.5050000000         3.9750000000         0.6249964833
        5.5100000000         3.9750000000         0.6339131307
        5.5150000000         3.9750000000         0.6339131307
        5.5200000000         3.9750000000         0.6224488697
        5.5250000000         3.9500000000         0.6211750629
        5.5300000000         3.9500000000         0.6211750629
        5.5350000000         3.9500000000         0.6288179036
        5.5400000000         3.9500000000         0.6122584154
        5.5450000000         3.9500000000         0.6199012561
        5.5500000000         3.9250000000         0.6135322222
        5.5550000000         3.9250000000         0.6046155747
        5.5600000000         3.9250000000         0.6020679611
        5.5650000000         3.9250000000         0.5982465408
        5.5700000000         3.9250000000         0.6084369951
        5.5750000000         3.9000000000         0.6007941544
        5.5800000000         3.9000000000         0.6097108018
        5.5850000000         3.9000000000         0.6058893815
        5.5900000000         3.9000000000         0.5791394390
        5.5950000000         3.9000000000         0.6020679611
        5.6000000000         3.8750000000         0.5995203476
        5.6050000000         3.8750000000         0.5956989272
        5.6100000000         3.8750000000         0.5842346662
        5.6150000000         3.8750000000         0.5944251204
        5.6200000000         3.8750000000         0.5867822797
        5.6250000000         3.8500000000         0.5829608594
        5.6300000000         3.8500000000         0.5880560865
        5.6350000000         3.8500000000         0.5791394390
        5.6400000000         3.8500000000         0.5931513136
        5.6450000000         3.8500000000         0.5880560865
        5.6500000000         3.8250000000         0.5740442119
        5.6550000000         3.8250000000         0.5880560865
        5.6600000000         3.8250000000         0.5791394390
        5.6650000000         3.8250000000         0.5867822797
        5.6700000000         3.8250000000         0.5867822797
        5.6750000000         3.8000000000         0.5842346662
        5.6800000000         3.8000000000         0.5753180187
        5.6850000000         3.8000000000         0.5702227915
        5.6900000000         3.8000000000         0.5855084729
        5.6950000000         3.8000000000         0.5791394390
        5.7000000000         3.7750000000         0.5613061440
        5.7050000000         3.7750000000         0.5523894965
        5.7100000000         3.7750000000         0.5498418830
        5.7150000000         3.7750000000         0.5460204626
        5.7200000000         3.7750000000         0.5485680762
        5.7250000000         3.7500000000         0.5485680762
        5.7300000000         3.7500000000         0.5472942694
        5.7350000000         3.7500000000         0.5371038151
        5.7400000000         3.7500000000         0.5472942694
        5.7450000000         3.7500000000         0.5511156898
        5.7500000000         3.7250000000         0.5281871676
        5.7550000000         3.7250000000         0.5421990423
        5.7600000000         3.7250000000         0.5383776219
        5.7650000000         3.7250000000         0.5218181337
        5.7700000000         3.7250000000         0.5371038151
        5.7750000000         3.7000000000         0.5345562016
        5.7800000000         3.7000000000         0.5256395541
        5.7850000000         3.7000000000         0.5434728491
        5.7900000000         3.7000000000         0.5167229066
        5.7950000000         3.7000000000         0.5536633033
        5.8000000000         3.6750000000         0.5205443269
        5.8050000000         3.6750000000         0.5141752930
        5.8100000000         3.6750000000         0.5179967134
        5.8150000000         3.6750000000         0.5192705202
        5.8200000000         3.6750000000         0.5179967134
        5.8250000000         3.6500000000         0.5243657473
        5.8300000000         3.6500000000         0.5307347812
        5.8350000000         3.6500000000         0.5154490998
        5.8400000000         3.6500000000         0.5256395541
        5.8450000000         3.6500000000         0.5192705202
        5.8500000000         3.6250000000         0.4950681913
        5.8550000000         3.6250000000         0.5014372252
        5.8600000000         3.6250000000         0.4963419980
        5.8650000000         3.6250000000         0.5116276795
        5.8700000000         3.6250000000         0.5065324523
        5.8750000000         3.6000000000         0.4874253505
        5.8800000000         3.6000000000         0.4925205777
        5.8850000000         3.6000000000         0.4950681913
        5.8900000000         3.6000000000         0.4759610895
        5.8950000000         3.6000000000         0.4810563166
        5.9000000000         3.5750000000         0.4708658624
        5.9050000000         3.5750000000         0.4912467709
        5.9100000000         3.5750000000         0.4759610895
        5.9150000000         3.5750000000         0.4734134759
        5.9200000000         3.5750000000         0.4810563166
        5.9250000000         3.5500000000         0.4695920556
        5.9300000000         3.5500000000         0.4721396691
        5.9350000000         3.5500000000         0.4543063742
        5.9400000000         3.5500000000         0.4746872827
        5.9450000000         3.5500000000         0.4568539877
        5.9500000000         3.5250000000         0.4466635334
        5.9550000000         3.5250000000         0.4301040453
        5.9600000000         3.5250000000         0.4428421131
        5.9650000000         3.5250000000         0.4402944995
        5.9700000000         3.5250000000         0.4453897267
        5.9750000000         3.5000000000         0.4237350113
        5.9800000000         3.5000000000         0.4237350113
        5.9850000000         3.5000000000         0.4275564317
