        0.9950000000         4.8750000000         0.8682935791
        1.0000000000         4.8750000000         0.8568293180
        1.0050000000         4.8750000000         0.8644721587
        1.0100000000         4.8750000000         0.8491864773
        1.0150000000         4.8750000000         0.8606507384
        1.0200000000         4.8750000000         0.8491864773
        1.0250000000         4.8750000000         0.8606507384
        1.0300000000         4.8750000000         0.8555555112
        1.0350000000         4.8750000000         0.8708411926
        1.0400000000         4.8750000000         0.8530078977
        1.0450000000         4.8750000000         0.8606507384
        1.0500000000         4.8750000000         0.8530078977
        1.0550000000         4.8750000000         0.8708411926
        1.0600000000         4.8750000000         0.8504602841
        1.0650000000         4.8750000000         0.8581031248
        1.0700000000         4.8750000000         0.8695673859
        1.0750000000         4.8750000000         0.8657459655
        1.0800000000         4.8750000000         0.8542817044
        1.0850000000         4.8750000000         0.8504602841
        1.0900000000         4.8750000000         0.8784840333
        1.0950000000         4.8750000000         0.8440912502
        1.1000000000         4.8750000000         0.8517340909
        1.1050000000         4.8750000000         0.8568293180
        1.1100000000         4.8750000000         0.8466388637
        1.1150000000         4.8750000000         0.8568293180
        1.1200000000         4.8750000000         0.8631983519
        1.1250000000         4.8750000000         0.8542817044
        1.1300000000         4.8750000000         0.8530078977
        1.1350000000         4.8750000000         0.8682935791
        1.1400000000         4.8750000000         0.8606507384
        1.1450000000         4.8750000000         0.8479126705
        1.1500000000         4.8750000000         0.8479126705
        1.1550000000         4.8750000000         0.8657459655
        1.1600000000         4.8750000000         0.8491864773
        1.1650000000         4.8750000000         0.8593769316
        1.1700000000         4.8750000000         0.8581031248
        1.1750000000         4.8750000000         0.8530078977
        1.1800000000         4.8750000000         0.8530078977
        1.1850000000         4.8750000000         0.8440912502
        1.1900000000         4.8750000000         0.8517340909
        1.1950000000         4.8750000000         0.8568293180
        1.2000000000         4.8750000000         0.8491864773
        1.2050000000         4.8750000000         0.8542817044
        1.2100000000         4.8750000000         0.8504602841
        1.2150000000         4.8750000000         0.8440912502
        1.2200000000         4.8750000000         0.8555555112
        1.2250000000         4.8750000000         0.8581031248
        1.2300000000         4.8750000000         0.8542817044
        1.2350000000         4.8750000000         0.8555555112
        1.2400000000         4.8750000000         0.8530078977
        1.2450000000         4.8750000000         0.8504602841
        1.2500000000         4.8750000000         0.8555555112
        1.2550000000         4.8750000000         0.8568293180
        1.2600000000         4.8750000000         0.8530078977
        1.2650000000         4.8750000000         0.8491864773
        1.2700000000         4.8750000000         0.8542817044
        1.2750000000         4.8750000000         0.8491864773
        1.2800000000         4.8750000000         0.8568293180
        1.2850000000         4.8750000000         0.8581031248
        1.2900000000         4.8750000000         0.8644721587
        1.2950000000         4.8750000000         0.8530078977
        1.3000000000         4.8750000000         0.8491864773
        1.3050000000         4.8750000000         0.8504602841
        1.3100000000         4.8750000000         0.8631983519
        1.3150000000         4.8750000000         0.8568293180
        1.3200000000         4.8750000000         0.8504602841
        1.3250000000         4.8750000000         0.8479126705
        1.3300000000         4.8750000000         0.8644721587
        1.3350000000         4.8750000000         0.8581031248
        1.3400000000         4.8750000000         0.8581031248
        1.3450000000         4.8750000000         0.8517340909
        1.3500000000         4.8750000000         0.8581031248
        1.3550000000         4.8750000000         0.8530078977
        1.3600000000         4.8750000000         0.8530078977
        1.3650000000         4.8750000000         0.8682935791
        1.3700000000         4.8750000000         0.8593769316
        1.3750000000         4.8750000000         0.8568293180
        1.3800000000         4.8750000000         0.8581031248
        1.3850000000         4.8750000000         0.8619245451
        1.3900000000         4.8750000000         0.8530078977
        1.3950000000         4.8750000000         0.8530078977
        1.4000000000         4.8750000000         0.8581031248
        1.4050000000         4.8750000000         0.8542817044
        1.4100000000         4.8750000000         0.8491864773
        1.4150000000         4.8750000000         0.8517340909
        1.4200000000         4.8750000000         0.8555555112
        1.4250000000         4.8750000000         0.8593769316
        1.4300000000         4.8750000000         0.8555555112
        1.4350000000         4.8750000000         0.8606507384
        1.4400000000         4.8750000000         0.8708411926
        1.4450000000         4.8750000000         0.8542817044
        1.4500000000         4.8750000000         0.8479126705
        1.4550000000         4.8750000000         0.8619245451
        1.4600000000         4.8750000000         0.8555555112
        1.4650000000         4.8750000000         0.8542817044
        1.4700000000         4.8750000000         0.8593769316
        1.4750000000         4.8750000000         0.8428174434
        1.4800000000         4.8750000000         0.8517340909
        1.4850000000         4.8750000000         0.8593769316
        1.4900000000         4.8750000000         0.8517340909
        1.4950000000         4.8750000000         0.8491864773
        1.5000000000         4.8750000000         0.8568293180
        1.5050000000         4.8750000000         0.8491864773
        1.5100000000         4.8750000000         0.8542817044
        1.5150000000         4.8750000000         0.8504602841
        1.5200000000         4.8750000000         0.8619245451
        1.5250000000         4.8750000000         0.8542817044
        1.5300000000         4.8750000000         0.8530078977
        1.5350000000         4.8750000000         0.8568293180
        1.5400000000         4.8750000000         0.8581031248
        1.5450000000         4.8750000000         0.8491864773
        1.5500000000         4.8750000000         0.8657459655
        1.5550000000         4.8750000000         0.8530078977
        1.5600000000         4.8750000000         0.8479126705
        1.5650000000         4.8750000000         0.8631983519
        1.5700000000         4.8750000000         0.8568293180
        1.5750000000         4.8750000000         0.8517340909
        1.5800000000         4.8750000000         0.8644721587
        1.5850000000         4.8750000000         0.8453650570
        1.5900000000         4.8750000000         0.8530078977
        1.5950000000         4.8750000000         0.8593769316
        1.6000000000         4.8750000000         0.8568293180
        1.6050000000         4.8750000000         0.8491864773
        1.6100000000         4.8750000000         0.8631983519
        1.6150000000         4.8750000000         0.8491864773
        1.6200000000         4.8750000000         0.8491864773
        1.6250000000         4.8750000000         0.8593769316
        1.6300000000         4.8750000000         0.8708411926
        1.6350000000         4.8750000000         0.8415436366
        1.6400000000         4.8750000000         0.8555555112
        1.6450000000         4.8750000000         0.8530078977
        1.6500000000         4.8750000000         0.8542817044
        1.6550000000         4.8750000000         0.8491864773
        1.6600000000         4.8750000000         0.8606507384
        1.6650000000         4.8750000000         0.8517340909
        1.6700000000         4.8750000000         0.8631983519
        1.6750000000         4.8750000000         0.8568293180
        1.6800000000         4.8750000000         0.8530078977
        1.6850000000         4.8750000000         0.8657459655
        1.6900000000         4.8750000000         0.8542817044
        1.6950000000         4.8750000000         0.8555555112
        1.7000000000         4.8750000000         0.8619245451
        1.7050000000         4.8750000000         0.8593769316
        1.7100000000         4.8750000000         0.8517340909
        1.7150000000         4.8750000000         0.8466388637
        1.7200000000         4.8750000000         0.8606507384
        1.7250000000         4.8750000000         0.8593769316
        1.7300000000         4.8750000000         0.8504602841
        1.7350000000         4.8750000000         0.8479126705
        1.7400000000         4.8750000000         0.8619245451
        1.7450000000         4.8750000000         0.8453650570
        1.7500000000         4.8750000000         0.8644721587
        1.7550000000         4.8750000000         0.8581031248
        1.7600000000         4.8750000000         0.8479126705
        1.7650000000         4.8750000000         0.8721149994
        1.7700000000         4.8750000000         0.8504602841
        1.7750000000         4.8750000000         0.8504602841
        1.7800000000         4.8750000000         0.8530078977
        1.7850000000         4.8750000000         0.8644721587
        1.7900000000         4.8750000000         0.8504602841
        1.7950000000         4.8750000000         0.8479126705
        1.8000000000         4.8750000000         0.8568293180
        1.8050000000         4.8750000000         0.8466388637
        1.8100000000         4.8750000000         0.8555555112
        1.8150000000         4.8750000000         0.8555555112
        1.8200000000         4.8750000000         0.8619245451
        1.8250000000         4.8750000000         0.8530078977
        1.8300000000         4.8750000000         0.8606507384
        1.8350000000         4.8750000000         0.8593769316
        1.8400000000         4.8750000000         0.8479126705
        1.8450000000         4.8750000000         0.8530078977
        1.8500000000         4.8750000000         0.8581031248
        1.8550000000         4.8750000000         0.8491864773
        1.8600000000         4.8750000000         0.8517340909
        1.8650000000         4.8750000000         0.8530078977
        1.8700000000         4.8750000000         0.8530078977
        1.8750000000         4.8750000000         0.8555555112
        1.8800000000         4.8750000000         0.8466388637
        1.8850000000         4.8750000000         0.8479126705
        1.8900000000         4.8750000000         0.8733888062
        1.8950000000         4.8750000000         0.8581031248
        1.9000000000         4.8750000000         0.8517340909
        1.9050000000         4.8750000000         0.8568293180
        1.9100000000         4.8750000000         0.8682935791
        1.9150000000         4.8750000000         0.8466388637
        1.9200000000         4.8750000000         0.8491864773
        1.9250000000         4.8750000000         0.8517340909
        1.9300000000         4.8750000000         0.8504602841
        1.9350000000         4.8750000000         0.8606507384
        1.9400000000         4.8750000000         0.8568293180
        1.9450000000         4.8750000000         0.8479126705
        1.9500000000         4.8750000000         0.8517340909
        1.9550000000         4.8750000000         0.8631983519
        1.9600000000         4.8750000000         0.8555555112
        1.9650000000         4.8750000000         0.8670197723
        1.9700000000         4.8750000000         0.8708411926
        1.9750000000         4.8750000000         0.8631983519
        1.9800000000         4.8750000000         0.8555555112
        1.9850000000         4.8750000000         0.8746626130
        1.9900000000         4.8750000000         0.8491864773
        1.9950000000         4.8750000000         0.8530078977
        2.0000000000         4.8750000000         0.8606507384
        2.0050000000         4.8750000000         0.8619245451
        2.0100000000         4.8750000000         0.8479126705
        2.0150000000         4.8750000000         0.8555555112
        2.0200000000         4.8750000000         0.8581031248
        2.0250000000         4.8750000000         0.8504602841
        2.0300000000         4.8750000000         0.8619245451
        2.0350000000         4.8750000000         0.8593769316
        2.0400000000         4.8750000000         0.8517340909
        2.0450000000         4.8750000000         0.8517340909
        2.0500000000         4.8750000000         0.8606507384
        2.0550000000         4.8750000000         0.8542817044
        2.0600000000         4.8750000000         0.8555555112
        2.0650000000         4.8750000000         0.8542817044
        2.0700000000         4.8750000000         0.8555555112
        2.0750000000         4.8750000000         0.8555555112
        2.0800000000         4.8750000000         0.8593769316
        2.0850000000         4.8750000000         0.8542817044
        2.0900000000         4.8750000000         0.8619245451
        2.0950000000         4.8750000000         0.8517340909
        2.1000000000         4.8750000000         0.8555555112
        2.1050000000         4.8750000000         0.8555555112
        2.1100000000         4.8750000000         0.8466388637
        2.1150000000         4.8750000000         0.8542817044
        2.1200000000         4.8750000000         0.8593769316
        2.1250000000         4.8750000000         0.8491864773
        2.1300000000         4.8750000000         0.8555555112
        2.1350000000         4.8750000000         0.8568293180
        2.1400000000         4.8750000000         0.8504602841
        2.1450000000         4.8750000000         0.8555555112
        2.1500000000         4.8750000000         0.8555555112
        2.1550000000         4.8750000000         0.8542817044
        2.1600000000         4.8750000000         0.8530078977
        2.1650000000         4.8750000000         0.8542817044
        2.1700000000         4.8750000000         0.8593769316
        2.1750000000         4.8750000000         0.8631983519
        2.1800000000         4.8750000000         0.8555555112
        2.1850000000         4.8750000000         0.8644721587
        2.1900000000         4.8750000000         0.8555555112
        2.1950000000         4.8750000000         0.8606507384
        2.2000000000         4.8750000000         0.8568293180
        2.2050000000         4.8750000000         0.8593769316
        2.2100000000         4.8750000000         0.8555555112
        2.2150000000         4.8750000000         0.8517340909
        2.2200000000         4.8750000000         0.8581031248
        2.2250000000         4.8750000000         0.8555555112
        2.2300000000         4.8750000000         0.8530078977
        2.2350000000         4.8750000000         0.8657459655
        2.2400000000         4.8750000000         0.8517340909
        2.2450000000         4.8750000000         0.8619245451
        2.2500000000         4.8750000000         0.8657459655
        2.2550000000         4.8750000000         0.8517340909
        2.2600000000         4.8750000000         0.8746626130
        2.2650000000         4.8750000000         0.8746626130
        2.2700000000         4.8750000000         0.8581031248
        2.2750000000         4.8750000000         0.8581031248
        2.2800000000         4.8750000000         0.8759364198
        2.2850000000         4.8750000000         0.8542817044
        2.2900000000         4.8750000000         0.8517340909
        2.2950000000         4.8750000000         0.8670197723
        2.3000000000         4.8750000000         0.8517340909
        2.3050000000         4.8750000000         0.8606507384
        2.3100000000         4.8750000000         0.8542817044
        2.3150000000         4.8750000000         0.8619245451
        2.3200000000         4.8750000000         0.8593769316
        2.3250000000         4.8750000000         0.8555555112
        2.3300000000         4.8750000000         0.8593769316
        2.3350000000         4.8750000000         0.8619245451
        2.3400000000         4.8750000000         0.8479126705
        2.3450000000         4.8750000000         0.8593769316
        2.3500000000         4.8750000000         0.8631983519
        2.3550000000         4.8750000000         0.8517340909
        2.3600000000         4.8750000000         0.8631983519
        2.3650000000         4.8750000000         0.8555555112
        2.3700000000         4.8750000000         0.8555555112
        2.3750000000         4.8750000000         0.8517340909
        2.3800000000         4.8750000000         0.8555555112
        2.3850000000         4.8750000000         0.8555555112
        2.3900000000         4.8750000000         0.8555555112
        2.3950000000         4.8750000000         0.8504602841
        2.4000000000         4.8750000000         0.8542817044
        2.4050000000         4.8750000000         0.8581031248
        2.4100000000         4.8750000000         0.8377222162
        2.4150000000         4.8750000000         0.8593769316
        2.4200000000         4.8750000000         0.8631983519
        2.4250000000         4.8750000000         0.8517340909
        2.4300000000         4.8750000000         0.8517340909
        2.4350000000         4.8750000000         0.8644721587
        2.4400000000         4.8750000000         0.8517340909
        2.4450000000         4.8750000000         0.8530078977
        2.4500000000         4.8750000000         0.8670197723
        2.4550000000         4.8750000000         0.8568293180
        2.4600000000         4.8750000000         0.8542817044
        2.4650000000         4.8750000000         0.8657459655
        2.4700000000         4.8750000000         0.8491864773
        2.4750000000         4.8750000000         0.8440912502
        2.4800000000         4.8750000000         0.8644721587
        2.4850000000         4.8750000000         0.8606507384
        2.4900000000         4.8750000000         0.8530078977
        2.4950000000         4.8750000000         0.8555555112
        2.5000000000         4.8750000000         0.8581031248
        2.5050000000         4.8750000000         0.8542817044
        2.5100000000         4.8750000000         0.8453650570
        2.5150000000         4.8750000000         0.8530078977
        2.5200000000         4.8750000000         0.8542817044
        2.5250000000         4.8750000000         0.8682935791
        2.5300000000         4.8750000000         0.8479126705
        2.5350000000         4.8750000000         0.8568293180
        2.5400000000         4.8750000000         0.8631983519
        2.5450000000         4.8750000000         0.8593769316
        2.5500000000         4.8750000000         0.8504602841
        2.5550000000         4.8750000000         0.8631983519
        2.5600000000         4.8750000000         0.8746626130
        2.5650000000         4.8750000000         0.8657459655
        2.5700000000         4.8750000000         0.8581031248
        2.5750000000         4.8750000000         0.8568293180
        2.5800000000         4.8750000000         0.8631983519
        2.5850000000         4.8750000000         0.8542817044
        2.5900000000         4.8750000000         0.8568293180
        2.5950000000         4.8750000000         0.8517340909
        2.6000000000         4.8750000000         0.8555555112
        2.6050000000         4.8750000000         0.8491864773
        2.6100000000         4.8750000000         0.8606507384
        2.6150000000         4.8750000000         0.8581031248
        2.6200000000         4.8750000000         0.8631983519
        2.6250000000         4.8750000000         0.8568293180
        2.6300000000         4.8750000000         0.8657459655
        2.6350000000         4.8750000000         0.8542817044
        2.6400000000         4.8750000000         0.8542817044
        2.6450000000         4.8750000000         0.8695673859
        2.6500000000         4.8750000000         0.8593769316
        2.6550000000         4.8750000000         0.8555555112
        2.6600000000         4.8750000000         0.8606507384
        2.6650000000         4.8750000000         0.8530078977
        2.6700000000         4.8750000000         0.8631983519
        2.6750000000         4.8750000000         0.8530078977
        2.6800000000         4.8750000000         0.8542817044
        2.6850000000         4.8750000000         0.8555555112
        2.6900000000         4.8750000000         0.8466388637
        2.6950000000         4.8750000000         0.8491864773
        2.7000000000         4.8750000000         0.8530078977
        2.7050000000         4.8750000000         0.8504602841
        2.7100000000         4.8750000000         0.8555555112
        2.7150000000         4.8750000000         0.8670197723
        2.7200000000         4.8750000000         0.8491864773
        2.7250000000         4.8750000000         0.8568293180
        2.7300000000         4.8750000000         0.8631983519
        2.7350000000         4.8750000000         0.8504602841
        2.7400000000         4.8750000000         0.8491864773
        2.7450000000         4.8750000000         0.8721149994
        2.7500000000         4.8750000000         0.8453650570
        2.7550000000         4.8750000000         0.8530078977
        2.7600000000         4.8750000000         0.8644721587
        2.7650000000         4.8750000000         0.8581031248
        2.7700000000         4.8750000000         0.8581031248
        2.7750000000         4.8750000000         0.8619245451
        2.7800000000         4.8750000000         0.8581031248
        2.7850000000         4.8750000000         0.8542817044
        2.7900000000         4.8750000000         0.8542817044
        2.7950000000         4.8750000000         0.8479126705
        2.8000000000         4.8750000000         0.8606507384
        2.8050000000         4.8750000000         0.8657459655
        2.8100000000         4.8750000000         0.8402698298
        2.8150000000         4.8750000000         0.8581031248
        2.8200000000         4.8750000000         0.8644721587
        2.8250000000         4.8750000000         0.8530078977
        2.8300000000         4.8750000000         0.8606507384
        2.8350000000         4.8750000000         0.8542817044
        2.8400000000         4.8750000000         0.8631983519
        2.8450000000         4.8750000000         0.8606507384
        2.8500000000         4.8750000000         0.8581031248
        2.8550000000         4.8750000000         0.8733888062
        2.8600000000         4.8750000000         0.8670197723
        2.8650000000         4.8750000000         0.8619245451
        2.8700000000         4.8750000000         0.8593769316
        2.8750000000         4.8750000000         0.8644721587
        2.8800000000         4.8750000000         0.8530078977
        2.8850000000         4.8750000000         0.8530078977
        2.8900000000         4.8750000000         0.8606507384
        2.8950000000         4.8750000000         0.8606507384
        2.9000000000         4.8750000000         0.8530078977
        2.9050000000         4.8750000000         0.8593769316
        2.9100000000         4.8750000000         0.8593769316
        2.9150000000         4.8750000000         0.8581031248
        2.9200000000         4.8750000000         0.8644721587
        2.9250000000         4.8750000000         0.8657459655
        2.9300000000         4.8750000000         0.8619245451
        2.9350000000         4.8750000000         0.8581031248
        2.9400000000         4.8750000000         0.8619245451
        2.9450000000         4.8750000000         0.8593769316
        2.9500000000         4.8750000000         0.8593769316
        2.9550000000         4.8750000000         0.8670197723
        2.9600000000         4.8750000000         0.8542817044
        2.9650000000         4.8750000000         0.8542817044
        2.9700000000         4.8750000000         0.8479126705
        2.9750000000         4.8750000000         0.8619245451
        2.9800000000         4.8750000000         0.8402698298
        2.9850000000         4.8750000000         0.8542817044
        2.9900000000         4.8750000000         0.8581031248
        2.9950000000         4.8750000000         0.8593769316
        3.0000000000         4.8750000000         0.8479126705
        3.0050000000         4.8750000000         0.8530078977
        3.0100000000         4.8750000000         0.8542817044
        3.0150000000         4.8750000000         0.8542817044
        3.0200000000         4.8750000000         0.8581031248
        3.0250000000         4.8750000000         0.8593769316
        3.0300000000         4.8750000000         0.8581031248
        3.0350000000         4.8750000000         0.8593769316
        3.0400000000         4.8750000000         0.8619245451
        3.0450000000         4.8750000000         0.8504602841
        3.0500000000         4.8750000000         0.8593769316
        3.0550000000         4.8750000000         0.8657459655
        3.0600000000         4.8750000000         0.8504602841
        3.0650000000         4.8750000000         0.8530078977
        3.0700000000         4.8750000000         0.8644721587
        3.0750000000         4.8750000000         0.8415436366
        3.0800000000         4.8750000000         0.8670197723
        3.0850000000         4.8750000000         0.8530078977
        3.0900000000         4.8750000000         0.8530078977
        3.0950000000         4.8750000000         0.8606507384
        3.1000000000         4.8750000000         0.8682935791
        3.1050000000         4.8750000000         0.8530078977
        3.1100000000         4.8750000000         0.8453650570
        3.1150000000         4.8750000000         0.8568293180
        3.1200000000         4.8750000000         0.8657459655
        3.1250000000         4.8750000000         0.8631983519
        3.1300000000         4.8750000000         0.8644721587
        3.1350000000         4.8750000000         0.8542817044
        3.1400000000         4.8750000000         0.8581031248
        3.1450000000         4.8750000000         0.8568293180
        3.1500000000         4.8750000000         0.8581031248
        3.1550000000         4.8750000000         0.8759364198
        3.1600000000         4.8750000000         0.8644721587
        3.1650000000         4.8750000000         0.8593769316
        3.1700000000         4.8750000000         0.8555555112
        3.1750000000         4.8750000000         0.8695673859
        3.1800000000         4.8750000000         0.8504602841
        3.1850000000         4.8750000000         0.8606507384
        3.1900000000         4.8750000000         0.8657459655
        3.1950000000         4.8750000000         0.8542817044
        3.2000000000         4.8750000000         0.8593769316
        3.2050000000         4.8750000000         0.8695673859
        3.2100000000         4.8750000000         0.8593769316
        3.2150000000         4.8750000000         0.8631983519
        3.2200000000         4.8750000000         0.8708411926
        3.2250000000         4.8750000000         0.8644721587
        3.2300000000         4.8750000000         0.8479126705
        3.2350000000         4.8750000000         0.8555555112
        3.2400000000         4.8750000000         0.8644721587
        3.2450000000         4.8750000000         0.8466388637
        3.2500000000         4.8750000000         0.8619245451
        3.2550000000         4.8750000000         0.8657459655
        3.2600000000         4.8750000000         0.8491864773
        3.2650000000         4.8750000000         0.8504602841
        3.2700000000         4.8750000000         0.8631983519
        3.2750000000         4.8750000000         0.8491864773
        3.2800000000         4.8750000000         0.8517340909
        3.2850000000         4.8750000000         0.8644721587
        3.2900000000         4.8750000000         0.8530078977
        3.2950000000         4.8750000000         0.8479126705
        3.3000000000         4.8750000000         0.8606507384
        3.3050000000         4.8750000000         0.8555555112
        3.3100000000         4.8750000000         0.8568293180
        3.3150000000         4.8750000000         0.8619245451
        3.3200000000         4.8750000000         0.8631983519
        3.3250000000         4.8750000000         0.8440912502
        3.3300000000         4.8750000000         0.8657459655
        3.3350000000         4.8750000000         0.8619245451
        3.3400000000         4.8750000000         0.8491864773
        3.3450000000         4.8750000000         0.8568293180
        3.3500000000         4.8750000000         0.8670197723
        3.3550000000         4.8750000000         0.8504602841
        3.3600000000         4.8750000000         0.8517340909
        3.3650000000         4.8750000000         0.8721149994
        3.3700000000         4.8750000000         0.8415436366
        3.3750000000         4.8750000000         0.8670197723
        3.3800000000         4.8750000000         0.8555555112
        3.3850000000         4.8750000000         0.8504602841
        3.3900000000         4.8750000000         0.8593769316
        3.3950000000         4.8750000000         0.8682935791
        3.4000000000         4.8750000000         0.8542817044
        3.4050000000         4.8750000000         0.8593769316
        3.4100000000         4.8750000000         0.8568293180
        3.4150000000         4.8750000000         0.8657459655
        3.4200000000         4.8750000000         0.8491864773
        3.4250000000         4.8750000000         0.8657459655
        3.4300000000         4.8750000000         0.8530078977
        3.4350000000         4.8750000000         0.8644721587
        3.4400000000         4.8750000000         0.8542817044
        3.4450000000         4.8750000000         0.8555555112
        3.4500000000         4.8750000000         0.8759364198
        3.4550000000         4.8750000000         0.8657459655
        3.4600000000         4.8750000000         0.8568293180
        3.4650000000         4.8750000000         0.8555555112
        3.4700000000         4.8750000000         0.8721149994
        3.4750000000         4.8750000000         0.8517340909
        3.4800000000         4.8750000000         0.8542817044
        3.4850000000         4.8750000000         0.8555555112
        3.4900000000         4.8750000000         0.8695673859
        3.4950000000         4.8750000000         0.8491864773
        3.5000000000         4.8750000000         0.8606507384
        3.5050000000         4.8750000000         0.8670197723
        3.5100000000         4.8750000000         0.8568293180
        3.5150000000         4.8750000000         0.8644721587
        3.5200000000         4.8750000000         0.8670197723
        3.5250000000         4.8750000000         0.8530078977
        3.5300000000         4.8750000000         0.8517340909
        3.5350000000         4.8750000000         0.8695673859
        3.5400000000         4.8750000000         0.8530078977
        3.5450000000         4.8750000000         0.8542817044
        3.5500000000         4.8750000000         0.8644721587
        3.5550000000         4.8750000000         0.8466388637
        3.5600000000         4.8750000000         0.8555555112
        3.5650000000         4.8750000000         0.8581031248
        3.5700000000         4.8750000000         0.8479126705
        3.5750000000         4.8750000000         0.8593769316
        3.5800000000         4.8750000000         0.8530078977
        3.5850000000         4.8750000000         0.8530078977
        3.5900000000         4.8750000000         0.8517340909
        3.5950000000         4.8750000000         0.8644721587
        3.6000000000         4.8750000000         0.8479126705
        3.6050000000         4.8750000000         0.8581031248
        3.6100000000         4.8750000000         0.8593769316
        3.6150000000         4.8750000000         0.8466388637
        3.6200000000         4.8750000000         0.8581031248
        3.6250000000         4.8750000000         0.8657459655
        3.6300000000         4.8750000000         0.8542817044
        3.6350000000         4.8750000000         0.8542817044
        3.6400000000         4.8750000000         0.8555555112
        3.6450000000         4.8750000000         0.8530078977
        3.6500000000         4.8750000000         0.8581031248
        3.6550000000         4.8750000000         0.8644721587
        3.6600000000         4.8750000000         0.8530078977
        3.6650000000         4.8750000000         0.8555555112
        3.6700000000         4.8750000000         0.8619245451
        3.6750000000         4.8750000000         0.8606507384
        3.6800000000         4.8750000000         0.8542817044
        3.6850000000         4.8750000000         0.8581031248
        3.6900000000         4.8750000000         0.8682935791
        3.6950000000         4.8750000000         0.8682935791
        3.7000000000         4.8750000000         0.8453650570
        3.7050000000         4.8750000000         0.8517340909
        3.7100000000         4.8750000000         0.8631983519
        3.7150000000         4.8750000000         0.8619245451
        3.7200000000         4.8750000000         0.8581031248
        3.7250000000         4.8750000000         0.8542817044
        3.7300000000         4.8750000000         0.8542817044
        3.7350000000         4.8750000000         0.8555555112
        3.7400000000         4.8750000000         0.8606507384
        3.7450000000         4.8750000000         0.8657459655
        3.7500000000         4.8750000000         0.8784840333
        3.7550000000         4.8750000000         0.8644721587
        3.7600000000         4.8750000000         0.8606507384
        3.7650000000         4.8750000000         0.8644721587
        3.7700000000         4.8750000000         0.8631983519
        3.7750000000         4.8750000000         0.8657459655
        3.7800000000         4.8750000000         0.8542817044
        3.7850000000         4.8750000000         0.8606507384
        3.7900000000         4.8750000000         0.8581031248
        3.7950000000         4.8750000000         0.8555555112
        3.8000000000         4.8750000000         0.8619245451
        3.8050000000         4.8750000000         0.8619245451
        3.8100000000         4.8750000000         0.8631983519
        3.8150000000         4.8750000000         0.8670197723
        3.8200000000         4.8750000000         0.8581031248
        3.8250000000         4.8750000000         0.8581031248
        3.8300000000         4.8750000000         0.8542817044
        3.8350000000         4.8750000000         0.8593769316
        3.8400000000         4.8750000000         0.8530078977
        3.8450000000         4.8750000000         0.8606507384
        3.8500000000         4.8750000000         0.8517340909
        3.8550000000         4.8750000000         0.8619245451
        3.8600000000         4.8750000000         0.8670197723
        3.8650000000         4.8750000000         0.8517340909
        3.8700000000         4.8750000000         0.8631983519
        3.8750000000         4.8750000000         0.8593769316
        3.8800000000         4.8750000000         0.8479126705
        3.8850000000         4.8750000000         0.8644721587
        3.8900000000         4.8750000000         0.8593769316
        3.8950000000         4.8750000000         0.8479126705
        3.9000000000         4.8750000000         0.8555555112
        3.9050000000         4.8750000000         0.8695673859
        3.9100000000         4.8750000000         0.8466388637
        3.9150000000         4.8750000000         0.8530078977
        3.9200000000         4.8750000000         0.8759364198
        3.9250000000         4.8750000000         0.8517340909
        3.9300000000         4.8750000000         0.8504602841
        3.9350000000         4.8750000000         0.8555555112
        3.9400000000         4.8750000000         0.8530078977
        3.9450000000         4.8750000000         0.8593769316
        3.9500000000         4.8750000000         0.8644721587
        3.9550000000         4.8750000000         0.8581031248
        3.9600000000         4.8750000000         0.8593769316
        3.9650000000         4.8750000000         0.8593769316
        3.9700000000         4.8750000000         0.8619245451
        3.9750000000         4.8750000000         0.8555555112
        3.9800000000         4.8750000000         0.8619245451
        3.9850000000         4.8750000000         0.8555555112
        3.9900000000         4.8750000000         0.8682935791
        3.9950000000         4.8750000000         0.8606507384
        4.0000000000         4.8750000000         0.8440912502
        4.0050000000         4.8750000000         0.8619245451
        4.0100000000         4.8750000000         0.8619245451
        4.0150000000         4.8750000000         0.8517340909
        4.0200000000         4.8750000000         0.8644721587
        4.0250000000         4.8750000000         0.8530078977
        4.0300000000         4.8750000000         0.8593769316
        4.0350000000         4.8750000000         0.8581031248
        4.0400000000         4.8750000000         0.8619245451
        4.0450000000         4.8750000000         0.8746626130
        4.0500000000         4.8750000000         0.8733888062
        4.0550000000         4.8750000000         0.8644721587
        4.0600000000         4.8750000000         0.8568293180
        4.0650000000         4.8750000000         0.8657459655
        4.0700000000         4.8750000000         0.8593769316
        4.0750000000         4.8750000000         0.8631983519
        4.0800000000         4.8750000000         0.8581031248
        4.0850000000         4.8750000000         0.8581031248
        4.0900000000         4.8750000000         0.8581031248
        4.0950000000         4.8750000000         0.8555555112
        4.1000000000         4.8750000000         0.8657459655
        4.1050000000         4.8750000000         0.8644721587
        4.1100000000         4.8750000000         0.8555555112
        4.1150000000         4.8750000000         0.8606507384
        4.1200000000         4.8750000000         0.8593769316
        4.1250000000         4.8750000000         0.8466388637
        4.1300000000         4.8750000000         0.8619245451
        4.1350000000         4.8750000000         0.8581031248
        4.1400000000         4.8750000000         0.8568293180
        4.1450000000         4.8750000000         0.8631983519
        4.1500000000         4.8750000000         0.8670197723
        4.1550000000         4.8750000000         0.8542817044
        4.1600000000         4.8750000000         0.8581031248
        4.1650000000         4.8750000000         0.8619245451
        4.1700000000         4.8750000000         0.8530078977
        4.1750000000         4.8750000000         0.8351746027
        4.1800000000         4.8750000000         0.8644721587
        4.1850000000         4.8750000000         0.8581031248
        4.1900000000         4.8750000000         0.8288055688
        4.1950000000         4.8750000000         0.8517340909
        4.2000000000         4.8750000000         0.8644721587
        4.2050000000         4.8750000000         0.8440912502
        4.2100000000         4.8750000000         0.8619245451
        4.2150000000         4.8750000000         0.8644721587
        4.2200000000         4.8750000000         0.8453650570
        4.2250000000         4.8750000000         0.8542817044
        4.2300000000         4.8750000000         0.8593769316
        4.2350000000         4.8750000000         0.8568293180
        4.2400000000         4.8750000000         0.8555555112
        4.2450000000         4.8750000000         0.8708411926
        4.2500000000         4.8750000000         0.8517340909
        4.2550000000         4.8750000000         0.8631983519
        4.2600000000         4.8750000000         0.8619245451
        4.2650000000         4.8750000000         0.8657459655
        4.2700000000         4.8750000000         0.8542817044
        4.2750000000         4.8750000000         0.8542817044
        4.2800000000         4.8750000000         0.8593769316
        4.2850000000         4.8750000000         0.8657459655
        4.2900000000         4.8750000000         0.8695673859
        4.2950000000         4.8750000000         0.8479126705
        4.3000000000         4.8750000000         0.8491864773
        4.3050000000         4.8750000000         0.8631983519
        4.3100000000         4.8750000000         0.8542817044
        4.3150000000         4.8750000000         0.8593769316
        4.3200000000         4.8750000000         0.8593769316
        4.3250000000         4.8750000000         0.8530078977
        4.3300000000         4.8750000000         0.8606507384
        4.3350000000         4.8750000000         0.8568293180
        4.3400000000         4.8750000000         0.8644721587
        4.3450000000         4.8750000000         0.8746626130
        4.3500000000         4.8750000000         0.8695673859
        4.3550000000         4.8750000000         0.8695673859
        4.3600000000         4.8750000000         0.8606507384
        4.3650000000         4.8750000000         0.8555555112
        4.3700000000         4.8750000000         0.8542817044
        4.3750000000         4.8750000000         0.8631983519
        4.3800000000         4.8750000000         0.8593769316
        4.3850000000         4.8750000000         0.8568293180
        4.3900000000         4.8750000000         0.8466388637
        4.3950000000         4.8750000000         0.8657459655
        4.4000000000         4.8750000000         0.8581031248
        4.4050000000         4.8750000000         0.8542817044
        4.4100000000         4.8750000000         0.8682935791
        4.4150000000         4.8750000000         0.8721149994
        4.4200000000         4.8750000000         0.8466388637
        4.4250000000         4.8750000000         0.8581031248
        4.4300000000         4.8750000000         0.8631983519
        4.4350000000         4.8750000000         0.8466388637
        4.4400000000         4.8750000000         0.8733888062
        4.4450000000         4.8750000000         0.8581031248
        4.4500000000         4.8750000000         0.8440912502
        4.4550000000         4.8750000000         0.8530078977
        4.4600000000         4.8750000000         0.8606507384
        4.4650000000         4.8750000000         0.8517340909
        4.4700000000         4.8750000000         0.8491864773
        4.4750000000         4.8750000000         0.8644721587
        4.4800000000         4.8750000000         0.8517340909
        4.4850000000         4.8750000000         0.8530078977
        4.4900000000         4.8750000000         0.8530078977
        4.4950000000         4.8750000000         0.8568293180
        4.5000000000         4.8750000000         0.8568293180
        4.5050000000         4.8750000000         0.8631983519
        4.5100000000         4.8750000000         0.8593769316
        4.5150000000         4.8750000000         0.8568293180
        4.5200000000         4.8750000000         0.8568293180
        4.5250000000         4.8750000000         0.8593769316
        4.5300000000         4.8750000000         0.8581031248
        4.5350000000         4.8750000000         0.8644721587
        4.5400000000         4.8750000000         0.8657459655
        4.5450000000         4.8750000000         0.8644721587
        4.5500000000         4.8750000000         0.8517340909
        4.5550000000         4.8750000000         0.8517340909
        4.5600000000         4.8750000000         0.8619245451
        4.5650000000         4.8750000000         0.8670197723
        4.5700000000         4.8750000000         0.8568293180
        4.5750000000         4.8750000000         0.8542817044
        4.5800000000         4.8750000000         0.8644721587
        4.5850000000         4.8750000000         0.8657459655
        4.5900000000         4.8750000000         0.8530078977
        4.5950000000         4.8750000000         0.8568293180
        4.6000000000         4.8750000000         0.8517340909
        4.6050000000         4.8750000000         0.8644721587
        4.6100000000         4.8750000000         0.8555555112
        4.6150000000         4.8750000000         0.8644721587
        4.6200000000         4.8500000000         0.8581031248
        4.6250000000         4.8500000000         0.8555555112
        4.6300000000         4.8500000000         0.8568293180
        4.6350000000         4.8500000000         0.8542817044
        4.6400000000         4.8500000000         0.8606507384
        4.6450000000         4.8250000000         0.8606507384
        4.6500000000         4.8250000000         0.8568293180
        4.6550000000         4.8250000000         0.8453650570
        4.6600000000         4.8250000000         0.8606507384
        4.6650000000         4.8250000000         0.8542817044
        4.6700000000         4.8000000000         0.8644721587
        4.6750000000         4.8000000000         0.8581031248
        4.6800000000         4.8000000000         0.8606507384
        4.6850000000         4.8000000000         0.8670197723
        4.6900000000         4.8000000000         0.8695673859
        4.6950000000         4.7750000000         0.8581031248
        4.7000000000         4.7750000000         0.8517340909
        4.7050000000         4.7750000000         0.8619245451
        4.7100000000         4.7750000000         0.8555555112
        4.7150000000         4.7750000000         0.8619245451
        4.7200000000         4.7500000000         0.8619245451
        4.7250000000         4.7500000000         0.8670197723
        4.7300000000         4.7500000000         0.8682935791
        4.7350000000         4.7500000000         0.8530078977
        4.7400000000         4.7500000000         0.8606507384
        4.7450000000         4.7500000000         0.8733888062
        4.7500000000         4.7250000000         0.7816747177
        4.7550000000         4.7250000000         0.7982342059
        4.7600000000         4.7250000000         0.7854961381
        4.7650000000         4.7250000000         0.7854961381
        4.7700000000         4.7250000000         0.7944127856
        4.7750000000         4.7000000000         0.7880437517
        4.7800000000         4.7000000000         0.7931389788
        4.7850000000         4.7000000000         0.7905913652
        4.7900000000         4.7000000000         0.7842223313
        4.7950000000         4.7000000000         0.7867699449
        4.8000000000         4.6750000000         0.8670197723
        4.8050000000         4.6750000000         0.8504602841
        4.8100000000         4.6750000000         0.8555555112
        4.8150000000         4.6750000000         0.8644721587
        4.8200000000         4.6750000000         0.8466388637
        4.8250000000         4.6500000000         0.8644721587
        4.8300000000         4.6500000000         0.8453650570
        4.8350000000         4.6500000000         0.8479126705
        4.8400000000         4.6500000000         0.8530078977
        4.8450000000         4.6500000000         0.8542817044
        4.8500000000         4.6250000000         0.8555555112
        4.8550000000         4.6250000000         0.8619245451
        4.8600000000         4.6250000000         0.8619245451
        4.8650000000         4.6250000000         0.8530078977
        4.8700000000         4.6250000000         0.8568293180
        4.8750000000         4.6000000000         0.8606507384
        4.8800000000         4.6000000000         0.8530078977
        4.8850000000         4.6000000000         0.8504602841
        4.8900000000         4.6000000000         0.8491864773
        4.8950000000         4.6000000000         0.8491864773
        4.9000000000         4.5750000000         0.8644721587
        4.9050000000         4.5750000000         0.8606507384
        4.9100000000         4.5750000000         0.8491864773
        4.9150000000         4.5750000000         0.8657459655
        4.9200000000         4.5750000000         0.8670197723
        4.9250000000         4.5500000000         0.8644721587
        4.9300000000         4.5500000000         0.8555555112
        4.9350000000         4.5500000000         0.8657459655
        4.9400000000         4.5500000000         0.8568293180
        4.9450000000         4.5500000000         0.8606507384
        4.9500000000         4.5250000000         0.7600200024
        4.9550000000         4.5250000000         0.7421867074
        4.9600000000         4.5250000000         0.7485557413
        4.9650000000         4.5250000000         0.7447343210
        4.9700000000         4.5250000000         0.7600200024
        4.9750000000         4.5000000000         0.7612938092
        4.9800000000         4.5000000000         0.7523771617
        4.9850000000         4.5000000000         0.7600200024
        4.9900000000         4.5000000000         0.7625676160
        4.9950000000         4.5000000000         0.7523771617
        5.0000000000         4.4750000000         0.7396390938
        5.0050000000         4.4750000000         0.7561985820
        5.0100000000         4.4750000000         0.7472819346
        5.0150000000         4.4750000000         0.7396390938
        5.0200000000         4.4750000000         0.7511033549
        5.0250000000         4.4500000000         0.7498295481
        5.0300000000         4.4500000000         0.7561985820
        5.0350000000         4.4500000000         0.7625676160
        5.0400000000         4.4500000000         0.7460081278
        5.0450000000         4.4500000000         0.7612938092
        5.0500000000         4.4250000000         0.8581031248
        5.0550000000         4.4250000000         0.8542817044
        5.0600000000         4.4250000000         0.8581031248
        5.0650000000         4.4250000000         0.8606507384
        5.0700000000         4.4250000000         0.8606507384
        5.0750000000         4.4000000000         0.8415436366
        5.0800000000         4.4000000000         0.8657459655
        5.0850000000         4.4000000000         0.8593769316
        5.0900000000         4.4000000000         0.8530078977
        5.0950000000         4.4000000000         0.8593769316
        5.1000000000         4.3750000000         0.8504602841
        5.1050000000         4.3750000000         0.8644721587
        5.1100000000         4.3750000000         0.8581031248
        5.1150000000         4.3750000000         0.8682935791
        5.1200000000         4.3750000000         0.8479126705
        5.1250000000         4.3500000000         0.8670197723
        5.1300000000         4.3500000000         0.8644721587
        5.1350000000         4.3500000000         0.8555555112
        5.1400000000         4.3500000000         0.8682935791
        5.1450000000         4.3500000000         0.8555555112
        5.1500000000         4.3250000000         0.7269010260
        5.1550000000         4.3250000000         0.7128891514
        5.1600000000         4.3250000000         0.7218057989
        5.1650000000         4.3250000000         0.7256272192
        5.1700000000         4.3250000000         0.7128891514
        5.1750000000         4.3000000000         0.7154367649
        5.1800000000         4.3000000000         0.7205319921
        5.1850000000         4.3000000000         0.7218057989
        5.1900000000         4.3000000000         0.7103415378
        5.1950000000         4.3000000000         0.7154367649
        5.2000000000         4.2750000000         0.7065201175
        5.2050000000         4.2750000000         0.7128891514
        5.2100000000         4.2750000000         0.7154367649
        5.2150000000         4.2750000000         0.7039725039
        5.2200000000         4.2750000000         0.7065201175
        5.2250000000         4.2500000000         0.7014248903
        5.2300000000         4.2500000000         0.7039725039
        5.2350000000         4.2500000000         0.7090677310
        5.2400000000         4.2500000000         0.6899606293
        5.2450000000         4.2500000000         0.7026986971
        5.2500000000         4.2250000000         0.8581031248
        5.2550000000         4.2250000000         0.8581031248
        5.2600000000         4.2250000000         0.8555555112
        5.2650000000         4.2250000000         0.8746626130
        5.2700000000         4.2250000000         0.8631983519
        5.2750000000         4.2000000000         0.8504602841
        5.2800000000         4.2000000000         0.8708411926
        5.2850000000         4.2000000000         0.8593769316
        5.2900000000         4.2000000000         0.8619245451
        5.2950000000         4.2000000000         0.8568293180
        5.3000000000         4.1750000000         0.8644721587
        5.3050000000         4.1750000000         0.8479126705
        5.3100000000         4.1750000000         0.8479126705
        5.3150000000         4.1750000000         0.8670197723
        5.3200000000         4.1750000000         0.8530078977
        5.3250000000         4.1500000000         0.8568293180
        5.3300000000         4.1500000000         0.8568293180
        5.3350000000         4.1500000000         0.8695673859
        5.3400000000         4.1500000000         0.8670197723
        5.3450000000         4.1500000000         0.8555555112
        5.3500000000         4.1250000000         0.6644844936
        5.3550000000         4.1250000000         0.6593892664
        5.3600000000         4.1250000000         0.6734011411
        5.3650000000         4.1250000000         0.6657583004
        5.3700000000         4.1250000000         0.6619368800
        5.3750000000         4.1000000000         0.6632106868
        5.3800000000         4.1000000000         0.6555678461
        5.3850000000         4.1000000000         0.6568416529
        5.3900000000         4.1000000000         0.6530202325
        5.3950000000         4.1000000000         0.6606630732
        5.4000000000         4.0750000000         0.6657583004
        5.4050000000         4.0750000000         0.6632106868
        5.4100000000         4.0750000000         0.6759487546
        5.4150000000         4.0750000000         0.6517464257
        5.4200000000         4.0750000000         0.6619368800
        5.4250000000         4.0500000000         0.6377345511
        5.4300000000         4.0500000000         0.6530202325
        5.4350000000         4.0500000000         0.6453773918
        5.4400000000         4.0500000000         0.6453773918
        5.4450000000         4.0500000000         0.6466511986
        5.4500000000         4.0250000000         0.6351869375
        5.4550000000         4.0250000000         0.6581154597
        5.4600000000         4.0250000000         0.6402821647
        5.4650000000         4.0250000000         0.6453773918
        5.4700000000         4.0250000000         0.6542940393
        5.4750000000         4.0000000000         0.6364607443
        5.4800000000         4.0000000000         0.6491988122
        5.4850000000         4.0000000000         0.6377345511
        5.4900000000         4.0000000000         0.6402821647
        5.4950000000         4.0000000000         0.6441035850
        5.5000000000         3.9750000000         0.6300917104
        5.5050000000         3.9750000000         0.6249964833
        5.5100000000         3.9750000000         0.6339131307
        5.5150000000         3.9750000000         0.6339131307
        5.5200000000         3.9750000000         0.6224488697
        5.5250000000         3.9500000000         0.6211750629
        5.5300000000         3.9500000000         0.6211750629
        5.5350000000         3.9500000000         0.6288179036
        5.5400000000         3.9500000000         0.6122584154
        5.5450000000         3.9500000000         0.6199012561
        5.5500000000         3.9250000000         0.6135322222
        5.5550000000         3.9250000000         0.6046155747
        5.5600000000         3.9250000000         0.6020679611
        5.5650000000         3.9250000000         0.5982465408
        5.5700000000         3.9250000000         0.6084369951
        5.5750000000         3.9000000000         0.6007941544
        5.5800000000         3.9000000000         0.6097108018
        5.5850000000         3.9000000000         0.6058893815
        5.5900000000         3.9000000000         0.5791394390
        5.5950000000         3.9000000000         0.6020679611
        5.6000000000         3.8750000000         0.5995203476
        5.6050000000         3.8750000000         0.5956989272
